end1 7227761930 0 0
end2 of spfa 7227761930 30053
142 20 11
11 354 86
86 170 0
end1 7012604104 217215929282290 30053
end2 of spfa 7012604104 3774
142 202 102
102 514 37
37 72 0
end1 6474991517 243681497170786 33827
end2 of spfa 6474991517 28229
142 78 40
40 538 133
133 264 0
end1 5865635622 426464032704179 62056
end2 of spfa 5865635622 423
142 188 95
95 766 110
110 218 0
end1 5750002776 428945196572285 62479
end2 of spfa 5750002776 27062
142 108 55
55 634 110
110 218 0
end1 5682758873 584551771696397 89541
end2 of spfa 5682758873 16076
142 202 102
102 490 33
33 64 0
end1 5522582772 675907803338745 105617
end2 of spfa 5522582772 21615
142 184 93
93 758 110
110 218 0
end1 5438450367 795278429955525 127232
end2 of spfa 5438450367 15228
142 266 134
134 644 57
57 112 0
end1 5396114196 878095152144201 142460
end2 of spfa 5396114196 27018
142 242 122
122 794 101
101 200 0
end1 5222204232 1023887365491729 169478
end2 of spfa 5222204232 7266
142 20 11
11 350 23
23 44 0
end1 5055662088 1061831901441441 176744
end2 of spfa 5055662088 19394
142 38 20
20 410 131
131 260 0
end1 4971272532 1159881411976113 196138
end2 of spfa 4971272532 21905
142 118 60
60 652 63
63 124 0
end1 4639297640 1268777136789573 218043
end2 of spfa 4639297640 54740
142 56 29
29 430 26
26 50 0
end1 4429026876 1522732289603173 272783
end2 of spfa 4429026876 57305
142 78 40
40 534 81
81 160 0
end1 3926445534 1776537674732353 330088
end2 of spfa 3926445534 3756
142 28 15
15 378 101
101 200 0
end1 3693470541 1791285404158057 333844
end2 of spfa 3693470541 30240
142 22 12
12 360 13
13 24 0
end1 3345863636 1902975953317897 364084
end2 of spfa 3345863636 27595
142 118 60
60 344 10
10 18 0
end1 3033895684 1995305060353317 391679
end2 of spfa 3033895684 22108
142 118 60
60 654 135
135 268 0
end1 2966418772 2062378426135189 413787
end2 of spfa 2966418772 34235
142 172 87
87 746 131
131 260 0
end1 2889793368 2163933772794609 448022
end2 of spfa 2889793368 50093
142 262 132
132 796 101
101 200 0
end1 2857118488 2308692191977833 498115
end2 of spfa 2857118488 5178
142 240 121
121 426 24
24 46 0
end1 2705294962 2323486351508697 503293
end2 of spfa 2705294962 3756
142 262 132
132 796 101
101 379 15
15 380 118
118 234 0
end1 1896469740 2333647439385969 507049
end2 of spfa 1896469740 40009
142 202 102
102 624 53
53 104 0
end1 1738268424 2409523297213629 547058
end2 of spfa 1738268424 6521
142 172 87
87 744 98
98 194 0
end1 1580422095 2420858545606533 553579
end2 of spfa 1580422095 62011
142 84 43
43 568 120
120 238 0
end1 1579360000 2518862100139578 615590
end2 of spfa 1579360000 39364
142 4 3
3 300 99
99 196 0
end1 1415981273 2581032027179578 654954
end2 of spfa 1415981273 33799
142 214 108
108 642 57
57 112 0
end1 1406073888 2628890778225705 688753
end2 of spfa 1406073888 70355
142 148 75
75 424 24
24 46 0
end1 1173066900 2727815106615945 759108
end2 of spfa 1173066900 16903
142 254 128
128 418 22
22 42 0
end1 1171773872 2747643456426645 776011
end2 of spfa 1171773872 35144
142 54 28
28 456 118
118 234 0
end1 887427688 2788824277384213 811155
end2 of spfa 887427688 5767
142 212 107
107 812 118
118 234 0
end1 304306362 2793942072860909 816922
end2 of spfa 304306362 20574
142 220 111
111 780 97
97 192 0
end1 118279320 2800202871952697 837496
end2 of spfa 118279320 29011
142 106 54
54 596 47
47 92 0
end1 67629477 2803634273305217 866507
end2 of spfa 67629477 27641
142 144 73
73 700 74
74 146 0
end1 61394289 2805503619678974 894148
end2 of spfa 61394289 67212
142 14 8
8 326 74
74 146 0
end1 44379384 2809630052631242 961360
end2 of spfa 44379384 15009
142 162 82
82 334 9
9 16 0
end1 -6214374 2810296142805698 976369
end2 of spfa -6214374 76812
142 126 64
64 428 25
25 48 0
end1 -7924032 2809818804310010 1053181
end2 of spfa -7924032 45912
142 90 46
46 592 91
91 180 0
end1 -20335596 2809454996152826 1099093
end2 of spfa -20335596 22671
142 158 80
80 724 115
115 228 0
end1 -31100544 2808993967855910 1121764
end2 of spfa -31100544 2898
142 90 46
46 540 41
41 80 0
end1 -34370568 2808903838479398 1124662
end2 of spfa -34370568 11857
142 174 88
88 502 36
36 70 0
end1 -36058752 2808496306654622 1136519
end2 of spfa -36058752 12589
142 90 46
46 590 78
78 154 0
end1 -80976126 2808042363025694 1149108
end2 of spfa -80976126 54455
142 10 6
6 316 126
126 250 0
end1 -97583230 2803632808084364 1203563
end2 of spfa -97583230 1292
142 2 2
2 292 114
114 226 0
end1 -113272573 2803506730551204 1204855
end2 of spfa -113272573 63944
142 88 45
45 580 51
51 100 0
end1 -122346198 2796263629143292 1268799
end2 of spfa -122346198 40270
142 158 80
80 286 1
1 0 0
end1 -130420940 2791336747749832 1309069
end2 of spfa -130420940 23605
142 116 59
59 638 56
56 110 0
end1 -131064126 2788258161461132 1332674
end2 of spfa -131064126 22671
142 116 59
59 648 115
115 725 80
80 286 1
1 0 0
end1 -158680186 2785286806660586 1355345
end2 of spfa -158680186 2306
142 212 107
107 760 94
94 186 0
end1 -197659628 2784920890151670 1357651
end2 of spfa -197659628 21784
142 116 59
59 650 123
123 244 0
end1 -214287668 2780615072815318 1379435
end2 of spfa -214287668 23605
142 2 2
2 290 56
56 639 59
59 650 123
123 244 0
end1 -221294682 2775556812412178 1403040
end2 of spfa -221294682 22258
142 256 129
129 832 126
126 250 0
end1 -239314629 2770631235380222 1425298
end2 of spfa -239314629 6027
142 214 108
108 690 70
70 138 0
end1 -253342512 2769188886111239 1431325
end2 of spfa -253342512 16016
142 60 31
31 472 35
35 68 0
end1 -274602582 2765131352439047 1447341
end2 of spfa -274602582 23046
142 236 119
119 782 97
97 192 0
end1 -288477250 2758802861334275 1470387
end2 of spfa -288477250 46341
142 2 2
2 288 19
19 36 0
end1 -309280910 2745434537092025 1516728
end2 of spfa -309280910 18203
142 208 105
105 806 115
115 649 59
59 650 123
123 244 0
end1 -313306950 2739804696687295 1534931
end2 of spfa -313306950 50823
142 6 4
4 304 124
124 246 0
end1 -331836036 2723881497567445 1585754
end2 of spfa -331836036 28023
142 256 129
129 832 126
126 317 6
6 312 53
53 104 0
end1 -351145392 2714582456330617 1613777
end2 of spfa -351145392 58834
142 270 136
136 834 127
127 252 0
end1 -364210126 2693923168337689 1672611
end2 of spfa -364210126 25993
142 258 130
130 762 94
94 186 0
end1 -367478032 2684456254532571 1698604
end2 of spfa -367478032 4468
142 208 105
105 806 115
115 649 59
59 400 19
19 36 0
end1 -377888625 2682814362685595 1703072
end2 of spfa -377888625 78574
142 12 7
7 320 62
62 122 0
end1 -413692750 2653122141864845 1781646
end2 of spfa -413692750 5055
142 12 7
7 322 141
141 280 0
end1 -420866792 2651030925013595 1786701
end2 of spfa -420866792 53246
142 74 38
38 518 94
94 186 0
end1 -434483841 2628621451806763 1839947
end2 of spfa -434483841 68581
142 134 68
68 680 70
70 138 0
end1 -482679757 2598824115507142 1908528
end2 of spfa -482679757 20338
142 132 67
67 676 91
91 593 46
46 590 78
78 154 0
end1 -588405177 2589007374609276 1928866
end2 of spfa -588405177 80933
142 82 42
42 558 117
117 232 0
end1 -609290046 2541385978419135 2009799
end2 of spfa -609290046 18245
142 208 105
105 804 106
106 210 0
end1 -644934668 2530269481529865 2028044
end2 of spfa -644934668 26432
142 256 129
129 832 126
126 317 6
6 314 100
100 198 0
end1 -698037636 2513222568385289 2054476
end2 of spfa -698037636 5035
142 248 125
125 786 99
99 196 0
end1 -730448472 2509707948888029 2059511
end2 of spfa -730448472 3477
142 270 136
136 822 117
117 232 0
end1 -768170541 2507168179550885 2062988
end2 of spfa -768170541 10033
142 270 136
136 822 117
117 559 42
42 556 115
115 807 105
105 804 106
106 210 0
end1 -804185243 2499461124513032 2073021
end2 of spfa -804185243 6027
142 134 68
68 680 70
70 691 108
108 738 85
85 168 0
end1 -825604442 2494614300053471 2079048
end2 of spfa -825604442 9804
142 120 61
61 658 85
85 168 0
end1 -846893726 2486520074104103 2088852
end2 of spfa -846893726 9463
142 84 43
43 562 58
58 114 0
end1 -859022610 2478505918774965 2098315
end2 of spfa -859022610 56646
142 248 125
125 310 5
5 8 0
end1 -859217695 2429845724008905 2154961
end2 of spfa -859217695 26742
142 40 21
21 412 51
51 100 0
end1 -1046523142 2406868524409215 2181703
end2 of spfa -1046523142 13454
142 40 21
21 412 51
51 581 45
45 584 66
66 130 0
end1 -1079731822 2392788602056747 2195157
end2 of spfa -1079731822 4725
142 40 21
21 412 51
51 581 45
45 586 99
99 787 125
125 310 5
5 8 0
end1 -1104478882 2387686869197797 2199882
end2 of spfa -1104478882 1445
142 74 38
38 518 94
94 761 107
107 726 81
81 160 0
end1 -1134965858 2386090897213307 2201327
end2 of spfa -1134965858 69757
142 94 48
48 606 116
116 230 0
end1 -1143421856 2306919083856801 2271084
end2 of spfa -1143421856 10826
142 276 139
139 826 120
120 569 43
43 562 58
58 114 0
end1 -1192273732 2294540398843745 2281910
end2 of spfa -1192273732 3268
142 132 67
67 678 117
117 559 42
42 556 115
115 807 105
105 804 106
106 210 0
end1 -1224502884 2290644048287569 2285178
end2 of spfa -1224502884 6919
142 86 44
44 576 76
76 150 0
end1 -1232790576 2282171712833173 2292097
end2 of spfa -1232790576 159
142 74 38
38 518 94
94 761 107
107 598 47
47 92 0
end1 -1252291896 2281975699131589 2292256
end2 of spfa -1252291896 702
142 74 38
38 518 94
94 761 107
107 598 47
47 597 54
54 492 34
34 66 0
end1 -1275051392 2281096590220597 2292958
end2 of spfa -1275051392 28023
142 254 128
128 628 53
53 313 6
6 314 100
100 198 0
end1 -1294592148 2245365825062581 2320981
end2 of spfa -1294592148 9370
142 152 77
77 710 115
115 807 105
105 804 106
106 210 0
end1 -1308705519 2233235496635821 2330351
end2 of spfa -1308705519 17081
142 58 30
30 444 27
27 52 0
end1 -1312404540 2210881497665782 2347432
end2 of spfa -1312404540 1292
142 190 96
96 776 114
114 293 2
2 288 19
19 36 0
end1 -1397459534 2209185871000102 2348724
end2 of spfa -1397459534 3268
142 152 77
77 710 115
115 557 42
42 558 117
117 679 67
67 674 84
84 166 0
end1 -1407278587 2204618973242990 2351992
end2 of spfa -1407278587 22955
142 272 137
137 740 85
85 168 0
end1 -1417124437 2172314893278405 2374947
end2 of spfa -1417124437 20338
142 164 83
83 734 91
91 677 67
67 674 84
84 166 0
end1 -1422560986 2143493416478699 2395285
end2 of spfa -1422560986 16531
142 134 68
68 682 89
89 176 0
end1 -1427847587 2119977060819133 2411816
end2 of spfa -1427847587 20537
142 40 21
21 412 51
51 581 45
45 588 140
140 278 0
end1 -1451197300 2090653354924914 2432353
end2 of spfa -1451197300 14622
142 6 4
4 302 89
89 176 0
end1 -1481923314 2069433948004314 2446975
end2 of spfa -1481923314 10033
142 152 77
77 710 115
115 557 42
42 552 103
103 204 0
end1 -1528786537 2054565811394952 2457008
end2 of spfa -1528786537 35130
142 272 137
137 830 124
124 305 4
4 302 89
89 176 0
end1 -1550692044 2000859540350142 2492138
end2 of spfa -1550692044 50141
142 174 88
88 448 27
27 52 0
end1 -1559154635 1923106290571938 2542279
end2 of spfa -1559154635 55918
142 156 79
79 722 127
127 835 136
136 822 117
117 559 42
42 552 103
103 204 0
end1 -1564244429 1835921481692008 2598197
end2 of spfa -1564244429 2916
142 32 17
17 390 127
127 835 136
136 822 117
117 559 42
42 552 103
103 204 0
end1 -1564329246 1831360144937044 2601113
end2 of spfa -1564329246 30199
142 254 128
128 836 135
135 268 0
end1 -1588885391 1784118966037090 2631312
end2 of spfa -1588885391 25228
142 76 39
39 524 51
51 581 45
45 588 140
140 278 0
end1 -1611039210 1744034565392942 2656540
end2 of spfa -1611039210 4566
142 62 32
32 482 106
106 210 0
end1 -1641220845 1736678560360082 2661106
end2 of spfa -1641220845 12473
142 62 32
32 484 135
135 268 0
end1 -1642709784 1716207612760397 2673579
end2 of spfa -1642709784 57962
142 164 83
83 730 84
84 166 0
end1 -1660789107 1620992868260189 2731541
end2 of spfa -1660789107 3195
142 190 96
96 774 106
106 483 32
32 484 135
135 268 0
end1 -1747821438 1615686647063324 2734736
end2 of spfa -1747821438 24236
142 190 96
96 774 106
106 805 105
105 800 103
103 204 0
end1 -1749281772 1573326446691956 2758972
end2 of spfa -1749281772 13526
142 256 129
129 838 138
138 274 0
end1 -1782860906 1549665661443884 2772498
end2 of spfa -1782860906 16680
142 190 96
96 774 106
106 805 105
105 800 103
103 553 42
42 548 56
56 291 2
2 288 19
19 36 0
end1 -1853219102 1519927541531804 2789178
end2 of spfa -1853219102 6181
142 32 17
17 390 127
127 723 79
79 718 91
91 735 83
83 730 84
84 166 0
end1 -1900727392 1508472794262342 2795359
end2 of spfa -1900727392 15693
142 56 29
29 464 124
124 305 4
4 302 89
89 176 0
end1 -1923166759 1478644679299686 2811052
end2 of spfa -1923166759 7036
142 184 93
93 688 70
70 681 68
68 682 89
89 176 0
end1 -1972722350 1465113277983362 2818088
end2 of spfa -1972722350 1480
142 32 17
17 390 127
127 723 79
79 718 91
91 735 83
83 730 84
84 675 67
67 678 117
117 559 42
42 548 56
56 291 2
2 288 19
19 36 0
end1 -1991973465 1462193648905362 2819568
end2 of spfa -1991973465 13454
142 22 12
12 362 66
66 585 45
45 588 140
140 278 0
end1 -2043631463 1435393637907252 2833022
end2 of spfa -2043631463 4217
142 56 29
29 464 124
124 831 137
137 740 85
85 739 108
108 420 23
23 44 0
end1 -2066070830 1426775644027781 2837239
end2 of spfa -2066070830 1810
142 184 93
93 688 70
70 681 68
68 682 89
89 303 4
4 304 124
124 831 137
137 740 85
85 739 108
108 420 23
23 44 0
end1 -2258035911 1423036055825481 2839049
end2 of spfa -2258035911 12677
142 32 17
17 390 127
127 723 79
79 718 91
91 735 83
83 730 84
84 675 67
67 678 117
117 823 136
136 818 112
112 222 0
end1 -2264653413 1394410934581734 2851726
end2 of spfa -2264653413 10268
142 190 96
96 772 103
103 553 42
42 558 117
117 823 136
136 818 112
112 222 0
end1 -2264709224 1371157473337050 2861994
end2 of spfa -2264709224 423
142 184 93
93 758 110
110 767 95
95 768 116
116 230 0
end1 -2412646626 1370199501335298 2862417
end2 of spfa -2412646626 9680
142 184 93
93 688 70
70 681 68
68 682 89
89 303 4
4 304 124
124 831 137
137 422 23
23 44 0
end1 -2514418407 1346845081995618 2872097
end2 of spfa -2514418407 26710
142 190 96
96 772 103
103 553 42
42 550 69
69 136 0
end1 -2515506000 1279684966344648 2898807
end2 of spfa -2515506000 3004
142 262 132
132 496 34
34 66 0
end1 -2531316692 1272128386320648 2901811
end2 of spfa -2531316692 3883
142 172 87
87 746 131
131 411 20
20 404 35
35 68 0
end1 -2571364224 1262299283605612 2905694
end2 of spfa -2571364224 14401
142 190 96
96 614 49
49 96 0
end1 -2639560131 1225269067415788 2920095
end2 of spfa -2639560131 12971
142 22 12
12 282 1
1 0 0
end1 -2680812303 1191031332956587 2933066
end2 of spfa -2680812303 15668
142 216 109
109 626 53
53 629 128
128 836 135
135 485 32
32 482 106
106 775 96
96 614 49
49 96 0
end1 -2740490484 1149028365793183 2948734
end2 of spfa -2740490484 6466
142 216 109
109 626 53
53 629 128
128 788 100
100 198 0
end1 -2843366989 1131308354323639 2955200
end2 of spfa -2843366989 4269
142 32 17
17 390 127
127 723 79
79 720 117
117 559 42
42 552 103
103 773 96
96 614 49
49 96 0
end1 -2935527360 1119170020647598 2959469
end2 of spfa -2935527360 7025
142 74 38
38 520 101
101 797 132
132 496 34
34 66 0
end1 -2978633291 1098547940943598 2966494
end2 of spfa -2978633291 3399
142 98 50
50 616 66
66 363 12
12 282 1
1 0 0
end1 -3102215206 1088423566387489 2969893
end2 of spfa -3102215206 3529
142 14 8
8 328 94
94 519 38
38 520 101
101 797 132
132 496 34
34 66 0
end1 -3140937211 1077475848925515 2973422
end2 of spfa -3140937211 6743
142 174 88
88 706 74
74 327 8
8 328 94
94 519 38
38 520 101
101 797 132
132 496 34
34 66 0
end1 -3243826241 1056296509311742 2980165
end2 of spfa -3243826241 14157
142 32 17
17 390 127
127 723 79
79 720 117
117 679 67
67 674 84
84 731 83
83 692 71
71 140 0
end1 -3357015112 1010373661217905 2994322
end2 of spfa -3357015112 16585
142 32 17
17 390 127
127 723 79
79 720 117
117 559 42
42 552 103
103 773 96
96 774 106
106 483 32
32 480 104
104 206 0
end1 -3378219242 954697565585385 3010907
end2 of spfa -3378219242 64143
142 182 92
92 736 84
84 731 83
83 692 71
71 140 0
end1 -3385661167 738008448745779 3075050
end2 of spfa -3385661167 454
142 32 17
17 390 127
127 723 79
79 720 117
117 823 136
136 640 56
56 549 42
42 552 103
103 773 96
96 774 106
106 483 32
32 480 104
104 206 0
end1 -3790465017 736471358575961 3075504
end2 of spfa -3790465017 40009
142 216 109
109 626 53
53 625 102
102 798 126
126 833 129
129 838 138
138 274 0
end1 -3844837588 584818643710808 3115513
end2 of spfa -3844837588 5889
142 216 109
109 626 53
53 629 128
128 788 100
100 315 6
6 316 126
126 833 129
129 838 138
138 274 0
end1 -4069804200 562176395155076 3121402
end2 of spfa -4069804200 49506
142 34 18
18 394 23
23 44 0
end1 -4321069717 360696668429876 3170908
end2 of spfa -4321069717 5168
142 276 139
139 802 104
104 206 0
end1 -4417957523 338365380132420 3176076
end2 of spfa -4417957523 14227
142 98 50
50 620 135
135 837 128
128 788 100
100 315 6
6 316 126
126 833 129
129 838 138
138 274 0
end1 -4533837285 275511098452699 3190303
end2 of spfa -4533837285 6644
142 26 14
14 372 140
140 278 0
end1 -4571268145 245388283531159 3196947
end2 of spfa -4571268145 6488
142 216 109
109 698 72
72 142 0
end1 -5144388080 215729895806399 3203435
end2 of spfa -5144388080 6164
142 98 50
50 620 135
135 837 128
128 628 53
53 627 109
109 698 72
72 142 0
end1 -5245283074 184019887681279 3209599
end2 of spfa -5245283074 115
142 32 17
17 390 127
127 723 79
79 716 90
90 178 0
end1 -5268127456 183416680127769 3209714
end2 of spfa -5268127456 11113
142 32 17
17 386 90
90 178 0
end1 -5274262705 124871979709241 3220827
end2 of spfa -5274262705 3031
142 182 92
92 756 117
117 721 79
79 716 90
90 178 0
end1 -6272865985 108885689450386 3223858
end2 of spfa -6272865985 15511
142 182 92
92 756 117
117 721 79
79 718 91
91 593 46
46 594 131
131 411 20
20 404 35
35 68 0
end1 -6583752435 11587265157051 3239369
end2 of spfa -6583752435 1445
142 182 92
92 756 117
117 721 79
79 716 90
90 387 17
17 392 133
133 539 40
40 534 81
81 727 107
107 598 47
47 597 54
54 492 34
34 66 0
end1 -7148833245 2073742888476 3240814
end2 of spfa -7148833245 290
142 182 92
92 756 117
117 721 79
79 718 91
91 593 46
46 594 131
131 747 87
87 694 71
71 140 0
end1 -7148833245 581247426 3241104
3241104
