TAK
22
177
13
3
149
16
50
64
53
11
1
15
119
26
222
99
76
55
9
298
10
12
46
78
33
67
49
109
96
85
58
89
94
91
87
19
238
86
97
79
239
84
31
59
17
38
167
185
75
108
104
47
126
249
107
41
114
289
125
261
52
132
69
200
82
170
116
292
106
152
124
36
48
118
127
92
234
112
267
139
73
144
153
60
255
224
24
148
25
34
230
150
43
8
21
27
72
160
142
18
134
299
162
154
57
101
128
172
61
283
141
62
56
169
175
138
173
245
45
70
206
6
253
181
156
151
183
122
178
35
193
241
39
7
203
54
121
123
28
176
77
146
166
179
204
207
196
161
83
194
223
272
189
197
286
174
219
201
187
155
180
242
44
215
186
147
23
211
198
29
129
90
209
212
98
276
218
157
237
214
246
216
88
240
264
248
296
273
159
158
37
243
80
190
254
277
271
110
103
182
66
225
102
297
269
280
93
247
188
226
202
293
130
192
95
266
213
136
268
140
168
143
164
287
217
133
295
263
4
120
274
63
100
51
221
288
135
275
42
235
257
32
265
279
105
65
30
208
250
40
258
131
259
111
251
5
2
252
184
191
205
284
231
232
68
262
290
294
278
117
113
137
228
300
145
165
281
71
74
291
210
115
171
282
195
163
236
256
229
220
285
199
227
81
270
260
233
14
20
244
