TAK
178
14
18
9
21
7
29
36
187
40
68
44
50
42
2
52
81
15
5
228
62
23
248
49
56
38
117
67
65
45
77
112
28
41
197
4
84
51
22
60
93
102
54
109
96
119
95
34
231
69
66
123
115
149
253
219
128
99
247
20
159
57
78
55
92
88
87
240
46
16
106
213
64
120
13
83
201
160
199
97
90
121
19
73
107
43
11
125
167
132
27
53
114
138
30
71
127
191
58
108
94
142
39
24
209
147
243
37
148
130
110
133
17
79
173
217
141
252
61
131
238
188
207
122
10
155
59
72
25
103
139
195
80
237
241
32
111
215
101
144
190
229
137
212
47
162
174
140
104
220
249
129
74
194
143
151
166
181
165
82
161
85
145
116
189
63
221
227
35
86
176
192
250
203
164
134
70
211
208
169
196
172
48
156
251
258
152
136
75
170
206
193
259
244
126
186
8
175
118
255
232
256
254
171
234
200
26
124
204
236
153
246
157
150
113
100
239
202
89
214
98
154
179
223
242
105
91
233
210
177
198
180
224
76
168
230
6
158
260
163
183
31
12
235
205
218
226
182
3
135
257
222
225
216
245
1
185
33
146
184
