908020038
277594097
39485149
4322874
25242467
61439655
189487779
59518770
31105284
42735520
5869188
6903053
152843578
89649
38078978
88093967
27589121
819892372
189058986
50351372
35933609
103113719
44802548
5315550
0
358392517
84582796
36982718
400222644
773842867
45588526
945531
14088383
20828281
55695949
459184709
125211
169248
191854946
103113719
5317080
91124784
249749294
38007455
22081215
36864206
512189714
14262643
77887429
438200581
11489642
206887396
44960588
340808
409840080
106470305
54120146
338357387
990936912
24174618
52429246
7704615
195452424
588926006
188594590
114225062
7966947
124894068
189697405
16650
400238604
0
69157956
114225062
464585813
25613407
15787582
20121806
0
94316529
24799444
283489816
53897582
0
14670677
892784871
69399411
640163083
409185983
5813953
36111000
32980459
342944
56387910
64242093
53208682
10672098
246746924
120570996
249749294
16805500
14280484
54792745
5014796
130340885
154262833
88069480
39151346
22682981
463251441
64099718
46116972
41053129
477455907
63847349
86676676
9045798
217834441
0
131581646
358294717
387530153
439693744
53476795
39667932
1361570
169939
55992
55603906
8321377
111202185
713084138
0
796041679
117684566
10293361
27012086
66055944
127194935
124283702
80737090
27428387
532411
74069176
572698566
8158174
884492534
531264476
8897196
45365962
759642254
0
479838791
23438876
32751154
703939056
358294717
96845284
38611253
91303808
5190155
14088155
464650985
306394408
186038442
168507241
44610
0
8101048
23884548
0
221988
10330773
23944177
25465031
0
113176373
0
169733174
154262833
422257
292787880
89689196
467264609
130340885
293013372
357776475
167855450
63009845
101296106
0
700510828
273246718
55992
31039088
68466610
742211597
3721062
183141047
131561026
527491907
40692118
955949081
62213628
0
0
38526023
20383153
286895686
184089910
49945875
573994084
265367865
919781924
29737183
18014143
257997594
45972084
0
24799444
5988136
23304
65496157
0
283489816
31622074
28919003
7440950
44976
23165203
39653486
33477228
55158778
243414166
56732772
0
113411834
0
629043949
547960031
124348572
1668421
616833122
0
463608623
254099715
28399264
445167750
340620686
37367553
150093941
400222644
0
52912661
186045809
29362697
260429
1727723
111674473
52536692
0
206031
49136906
156284113
94161615
348821
32296059
32411267
33177300
225726577
35930090
4174357
525816008
108522736
0
15937621
43437074
188737693
129218158
0
144343291
29284972
43300078
3721062
0
16810278
44627999
231839054
10659835
61038671
2062121
851934843
852683667
196885944
90207954
3570078
27579389
130386
5209119
98206214
366810125
41949892
46563
103113719
18556444
0
16365465
834124162
46701346
0
63009845
126950430
587223910
399081621
368445076
0
14319343
50027420
132914246
745004488
31503724
1727723
273819042
36336484
125552531
742211597
897590458
31779042
0
28964332
223013310
84436565
16911363
44802548
27589121
43985901
421513095
108926371
0
104873263
16822129
137198087
90454695
125417876
415273267
26577851
226514639
87761823
7151518
5149849
0
230727060
112787744
87750971
47769096
29905368
373116412
233393563
819892372
63595665
42324254
100969828
427928248
363293544
372810505
19455803
864473753
1053290
436142618
124348572
690911366
899054210
225247220
44857859
102256585
0
5315550
37427846
15990129
211496757
28590296
7525114
8991612
84436565
52536692
415023820
0
200779863
40755196
24863429
18556444
55299655
245900059
49438042
104873263
52155993
0
97878365
10650926
33457604
7039214
177202578
108522736
436142618
42091468
39436246
17564009
36657995
156284113
20706648
802229847
189058986
115471859
22943646
51494940
818854183
27022979
0
53675018
9430722
9137175
213322972
52705088
851825035
238073632
21118188
26048780
815593606
445195574
33907738
35270152
58086909
56966581
23907083
100422636
1053290
53476795
0
44994829
305431140
13929483
0
369085697
447678005
35934900
54444006
40032232
149619
8262650
15021287
496960402
5994884
85612805
89838
12685155
76949135
215137
265405
124348572
339143
0
10905
0
0
0
189452999
54792745
295620454
39794208
449688
238979815
30727628
0
185758910
0
0
0
194909247
15787582
416244416
18009137
0
861365995
11680728
12991839
5819580
0
0
82309486
106002127
49945875
9430722
62612109
34702975
33907738
1207430
65760576
5517919
85861757
683035476
0
25042856
184751500
64649798
31779042
8897196
96769911
31039088
41488054
42592658
52536692
72570693
7318785
745010
200472380
243414166
162201616
46396203
17993432
342944
538293219
25390843
32089452
88717783
0
685627067
54098816
203526047
16810278
4322874
5703416
116720687
112980215
42091468
243414166
357774937
0
49001174
109667707
50192338
20855547
89694550
649545904
78697916
22571699
54444006
61619387
106002127
888990574
70914900
420717250
0
5007234
8709204
682147937
964492618
0
321994063
20706648
20998639
85803815
74069176
234119255
50636356
0
32850994
130271000
435195449
6268389
0
197830059
128893134
131581646
99540769
42769382
0
6646246
265367865
5258166
240889353
94020489
26988192
27474898
52453769
62113796
30744289
62234081
22557386
12494217
685627067
75835791
118643271
652761
5440517
95197563
37321150
309697517
500025113
127852938
8906986
185377275
35288732
613891
83585925
28920896
0
549108047
119683490
127381117
40480553
82336255
17575948
53208682
46116972
49668866
53170994
65570159
42975218
0
0
93279593
44037
35933609
207043166
569553573
124145147
115449360
180338693
43878635
157542
24240929
186407141
1104670
588926006
50165274
92101709
5884294
6124447
651725264
32231500
74751096
1206949
93732865
5315550
0
102824737
111889392
542388341
513012159
446040560
24500587
729397919
893125302
0
424528135
56240630
145314599
440697761
306486213
32751154
0
302861601
10255521
30002403
315678641
62544119
231760433
10650926
510495453
770064980
216774719
27060073
409840080
167942070
748058
28964332
10924655
24463493
512189714
185377275
98214090
0
96023615
280741289
39246538
777427114
32944000
109319368
812491432
8842307
6564974
22760918
79104098
821532839
92101709
30420942
19906244
10708830
39246538
114065741
488121648
510495453
6689216
27428387
84297635
77277033
86600156
315678641
488413551
28920896
697779
77250683
8155191
32089452
884492534
0
79177327
36222563
763354179
48425350
67692377
497994021
7811888
11997062
959038873
32944000
32624355
8666388
533774487
22018108
17575948
62213628
7030825
126994166
51004099
37154800
61069441
421513095
493315665
333337427
28339412
7286326
238979815
83577085
4179110
0
92250938
95930846
0
19678367
135065138
145706580
116871566
0
531264476
139860822
49945875
46009697
617627977
80209983
30406494
142768139
453988738
0
6614668
121481025
445776716
16810278
20859565
25327545
34460326
95930846
796779140
343560009
46550486
551912116
7839458
174688540
31699682
35391477
19715461
82802925
205742770
0
0
387530153
83577085
0
113176373
9215805
872477259
65496157
803293625
927805202
45210120
262372806
0
113411834
105241425
185896847
5166148
24240929
20716999
90454695
0
21718537
35287955
47814166
1207430
148653510
27801953
409840080
56240630
93739585
6566674
798490304
87290970
15589935
195549320
32208860
27118063
405881512
392214758
139614445
194996500
37664646
55992
509665856
101538805
41053129
306094128
111455565
821532839
167855450
183512
9325262
54444006
479648344
301393483
39667932
897590458
28919003
143618833
993517216
61439655
25500314
267954992
41890588
1822753
115623113
5495708
30727628
85616160
6861229
10844424
0
173957293
697967918
831528622
155733775
238129919
67931960
0
374605579
388122481
60788
427636260
12856371
61038671
0
18713923
7440950
46623418
721740907
5965338
15787582
0
39667932
252769304
240255982
93732865
74217025
32089452
96023615
405816
651725264
40469554
62583860
0
581641751
430023328
43903659
60620320
0
66480510
101696990
321994063
50058540
37122414
303928503
44802548
27428387
32650160
9555622
118844539
21009299
12117104
73948
89257862
149619
5166148
173351770
49165997
53897582
51538791
144343291
577607262
960992163
25189820
10947134
106365387
126950430
90207954
798490304
18014143
31178174
39566787
9325262
82538523
34089386
292787880
70574052
219111050
39919033
154262833
24463493
0
21618786
325465132
1057923
666747378
18014143
674975758
230072193
175984085
28919003
343560009
0
47184
22194666
0
334565921
35934900
321528709
286121209
91482085
46954667
392781148
539856495
54243658
0
62544119
174688540
75255811
84567
83525698
28525286
8262650
32939609
12036783
71626455
84315
812491432
145660202
36018274
165011483
52363316
4372694
649611776
196484733
957174044
6271975
226678757
30582850
92736149
48942083
919916309
100957885
340808
6170646
280741289
12991839
231760433
41580
17911907
0
356723708
14174033
194909247
129218158
