0
3073
3073
9918
9918
5830
19080
18527
37109
36234
32146
46195
53295
65981
48600
65039
80875
79734
87442
102035
89538
89808
89808
73652
124135
132413
134326
116565
122095
126148
136581
146427
124629
157341
155476
167556
145371
150346
169878
142732
161493
162943
197681
193095
193787
202625
200204
200188
186735
196816
203117
152532
206938
223472
212816
233877
218252
223067
218471
245301
202877
219395
175197
213160
242063
267516
240147
274094
293915
261275
309351
282470
272433
255701
311229
336215
347697
288223
357776
326135
323507
314225
334077
341543
396321
356428
408061
408722
419606
363523
397313
429471
438196
416927
425373
455643
451686
364477
471214
469566
405360
408290
450850
472390
474252
437578
515445
521054
499178
448203
524829
455998
416000
498830
510320
465204
544718
496021
553810
555047
593978
561490
594579
570193
600368
556401
618601
619286
582804
630911
643884
614772
644777
575511
580899
635138
601177
577279
598679
652689
656882
616864
668592
677612
586653
616693
668469
618007
609594
656840
625089
595562
727742
672145
638799
651615
626295
654460
696156
673146
761243
766505
744087
772818
672631
725963
751556
736577
708710
659738
710814
689424
801529
703121
780563
819956
688194
732328
827274
807270
739222
733431
724294
757975
835143
863788
722843
835790
807978
854148
765482
861877
767883
815245
784258
856703
781214
804757
889682
790506
889998
781111
896752
883644
895058
794028
795205
882871
789503
881542
900725
860655
883102
943874
846282
952346
921517
814293
852171
958902
1026216
1032654
1006739
931051
1038383
972306
1017377
934368
961013
1009613
1001454
885793
974095
1008591
1081603
1056234
911728
966068
1095760
987044
952320
943994
1015539
1038954
1125085
1090368
1081988
1049599
969259
998599
1094445
1107848
1092701
1145851
1058668
1129440
1159058
1064575
1061610
1031310
1200323
1035714
1176689
1136320
1016189
1121677
1164155
1052593
1192667
1128692
1101676
1109695
1146172
1211724
1239173
1107833
1115388
1206528
1217079
1052106
1081415
1048980
1077853
1085951
1199950
1095754
1288226
1108996
1273457
1151401
1088956
1275871
1272415
1155342
1154283
1260757
1118713
1305045
1322392
1292749
1274101
1347143
1252285
1295584
1182343
1186485
1324945
1330378
1198266
1163884
1185201
1315396
1252188
1328013
1366653
1302836
1384078
1356173
1325148
1254118
1375544
1281377
1363112
1336935
1324225
1373019
1380115
1418623
1284057
1326613
1340356
1387343
1303393
1444992
1439831
1395340
1441163
1420019
1396370
1434816
1376597
1444618
1512284
1381050
1510465
1432981
1302958
1495473
1349598
1497874
1522621
1495806
1343052
1544583
1324923
1501407
1561549
1322397
1367818
1503331
1430344
1573752
1352022
1359847
1571786
1567861
1517538
1555219
1534265
1527700
1546749
1513348
1455918
1464579
1443533
1621298
1563003
1535915
1444499
1640624
1570151
1539536
1625783
1493085
1693027
1686161
1515609
1649327
1648722
1468026
1678352
1713849
1610092
1544960
1727121
1719493
1719083
1636232
1628412
1749085
1589946
1581329
1682105
1620498
1594240
1747610
1654892
1603894
1514971
1766201
1563483
1776962
1564985
1761913
1659323
1692678
1828084
1602671
1784356
1815154
1614828
1831073
1577401
1821437
1750915
1845353
1844733
1620928
1788714
1825374
1639424
1858174
1647241
1844475
1890500
1804124
1813923
1736746
1826624
1696587
1633004
1827422
1798798
1789901
1859221
1696784
1883440
1923133
1925875
1760649
1646392
1718472
1848108
1718023
1942135
1700992
1885704
1713998
1920523
1946521
1833921
1896541
1951760
1746527
1999696
1998431
1996062
1783767
1993966
1869935
2010695
1872186
1895663
1938604
1964295
1831909
1772342
1863743
2069158
2009780
2062786
2037739
2014955
1996561
1813195
1852150
1812190
1981421
1921734
2079069
2027050
1950684
1969289
2109319
2125621
2154293
2022184
2058850
2137434
2013189
2038432
2033960
2142685
2094102
2188104
1932859
2132085
1927731
2112833
2170984
2205858
2080971
2218528
2169244
2160919
1966127
2195156
2201959
2069507
2130774
2219948
1922674
2090935
2018809
2033056
1878563
2173737
2211044
2218363
2263680
2253105
2250004
2040596
2211043
2306530
2304981
2067204
2190293
2286740
2213514
2204298
2324495
2306572
2340885
2243641
2170725
2297300
2363857
2319840
2343268
2275037
2128999
2264185
2353605
2364184
2399792
2398993
2393407
2322719
2233082
2383360
2381707
2418250
2316432
2303906
2320809
2219310
2345855
2428616
2173266
2330355
2189024
2325315
2459725
2463083
2263473
2434067
2124428
2442168
2458205
2399493
2451944
2437939
2489756
2412196
2406241
2324895
2497619
2406492
2480594
2197119
2364577
2180364
2293242
2520816
2251412
2497902
2160754
2223325
2283713
2493691
2550412
2317848
2407695
2561517
2571395
2544752
2242282
2362740
2213207
2340167
2601338
2410084
2398681
2525307
2615292
2624515
2622292
2430825
2574669
2667320
2651731
2655736
2615974
2663381
2568390
2620082
2581605
2705732
2560274
2459882
2339674
2676849
2510638
2477000
2697216
2578167
2597260
2425536
2403943
2386438
2736069
2732112
2632113
2517881
2618575
2761962
2669714
2754087
2750660
2776671
2426008
2426643
2772127
2701168
2676754
2778210
2586812
2743535
2683274
2637269
2453850
2479039
2699409
2490136
2686306
2857318
2586834
2857166
2550191
2708708
2824924
2639873
2869678
2538407
2813362
2853457
2558614
2569954
2734493
2504126
2573223
2895724
2925536
2793725
2945311
2888970
2710659
2967024
2782381
2614305
2931775
2965668
2755055
2691962
2546406
2980216
2724733
2884376
2637362
2599629
2831701
2993388
2984311
3010770
3004592
2865772
2608877
3047530
3053934
3012707
2649722
2678936
2707136
3029428
2627919
3051336
2983256
3045482
3052662
3047835
3072022
3096314
3093309
2841679
2703102
3023383
2967414
3128642
3134280
3053009
3018148
3042601
2944173
3170124
3034404
3114555
3179573
3085120
2734735
2787062
3178923
3047067
3214270
2842377
2832653
3188017
3141359
3040191
3210178
3185456
3121371
2720705
3147773
2951828
3216563
3194837
3084470
3273352
3159744
2842575
3126292
3229199
2823123
3280962
2882916
3290373
3307938
3273230
3036457
3189090
3042976
3206189
3097078
3260638
2907068
3328284
2940026
2940262
2897462
3335909
3350200
3333161
2865525
3340868
3244509
3338406
3173738
3275077
3304635
3040595
3388931
2824283
3376765
2877593
2955149
3346100
3309836
3166415
3386647
3389681
3378631
3410914
2940788
3407812
3180183
3083588
3402240
3260847
3450726
3458163
3100354
3432792
3429570
3462616
2897428
3458577
3339392
3055876
3484449
3379921
3166972
3099010
3451757
3017117
3329124
3521386
3413683
3431685
3407172
3458156
3369036
3533909
3276533
3226642
3567093
3297475
3574458
3548514
3150355
3207416
3149312
3585540
3611168
3328962
3596781
3127768
3617790
3479436
3401066
3248892
3619098
3124131
3659779
3658868
3608202
3153334
3094654
3659695
3402673
3413991
3629648
3586477
3516615
3425323
3684703
3337888
3511238
3348796
3713084
3270013
3685143
3245615
3208961
3701780
3337426
3766467
3248641
3268585
3751192
3665537
3725075
3220101
3568401
3710834
3790324
3755466
3799794
3791813
3767941
3808511
3829744
3837029
3505850
3569587
3291092
3840515
3425355
3399177
3834904
3853710
3342641
3302981
3738285
3331843
3255810
3673184
3337979
3780057
3685335
3796046
3425342
3923040
3382359
3546280
3383121
3420355
3824125
3545662
3901147
3871452
3925558
3441461
3830723
3855679
3967467
3887438
3625285
3942241
3696986
3625620
3557896
3411337
3983317
3918064
3698728
3466357
3969269
3428837
3980257
3902080
4012958
4014560
3637927
3916389
3923590
3567979
4043806
3877154
3973953
4008016
4026283
3987875
4019768
3964974
3741666
3674345
4046211
4082014
3838330
3963016
4074414
4008834
3621222
3883511
3734922
3698627
3512780
4069992
3550295
3805846
4118423
3636720
4110023
3628656
3882270
3551973
4113852
4099287
4081561
4120747
3586302
4119861
3682238
4012536
4180428
4177002
4043741
4062816
3900582
4195211
3971268
3914583
4191307
3982066
4089599
4226878
3958309
3576685
4179751
