bfs 0 0
bfs 24 1
bfs 23 1
bfs 22 1
bfs 21 1
bfs 20 1
bfs 19 1
bfs 18 1
bfs 17 1
bfs 16 1
bfs 15 1
bfs 14 1
bfs 13 1
bfs 12 1
bfs 11 1
bfs 10 1
bfs 9 1
bfs 8 1
bfs 7 1
bfs 6 1
bfs 5 1
bfs 4 1
bfs 3 1
bfs 2 1
bfs 1 1
bfs 41 2
bfs 38 2
bfs 37 2
bfs 34 2
bfs 29 2
bfs 26 2
bfs 48 2
bfs 46 2
bfs 43 2
bfs 39 2
bfs 33 2
bfs 32 2
bfs 27 2
bfs 44 2
bfs 36 2
bfs 30 2
bfs 25 2
bfs 40 2
bfs 35 2
bfs 31 2
bfs 28 2
bfs 42 2
bfs 52 2
bfs 49 2
bfs 47 2
bfs 45 2
bfs 55 2
bfs 53 2
bfs 51 2
bfs 50 2
bfs 70 3
bfs 0 0
bfs 7 1
bfs 6 1
bfs 2 1
bfs 29 2
bfs 28 2
bfs 27 2
bfs 18 3
bfs 19 3
bfs 9 3
bfs 25 4
bfs 30 4
bfs 70 5
bfs 55 6
bfs 52 6
bfs 50 6
bfs 49 6
bfs 48 6
bfs 47 6
bfs 46 6
bfs 45 6
bfs 44 6
bfs 43 6
bfs 42 6
bfs 41 6
bfs 40 6
bfs 39 6
bfs 37 6
bfs 35 6
bfs 34 6
bfs 32 6
bfs 26 6
bfs 12 7
bfs 16 7
bfs 5 7
bfs 3 7
bfs 23 7
bfs 14 7
bfs 22 7
bfs 13 7
bfs 21 7
bfs 15 7
bfs 17 7
bfs 24 7
bfs 8 7
bfs 20 7
bfs 1 7
bfs 4 7
bfs 10 7
bfs 11 7
bfs 53 8
bfs 51 8
bfs 36 8
bfs 31 8
bfs 38 8
bfs 33 8
bfs 0 0
bfs 7 1
bfs 6 1
bfs 2 1
bfs 29 2
bfs 28 2
bfs 27 2
bfs 18 3
bfs 19 3
bfs 9 3
bfs 25 4
bfs 30 4
2 6 7 9 18 19 
1 3 4 5 6 
12
