3
9
51
49
65
20
65
11
4
7
4
3
21
2
12
5
10
4
38
5
6
20
3
1
2
20
16
2
6
7
12
12
9
4
12
2
12
6
12
8
5
11
12
5
4
13
5
9
5
2
13
2
6
13
3
5
2
2
14
3
5
7
12
4
3
7
15
4
14
3
9
13
12
3
2
4
5
5
2
10
13
1
3
8
9
4
4
13
13
14
14
4
13
10
13
13
5
7
2
3
2
3
12
7
1
6
13
5
4
4
9
5
4
2
4
14
4
10
7
3
8
5
3
6
4
5
15
4
12
5
8
7
2
12
12
12
6
4
3
2
4
2
3
5
13
14
5
14
2
3
5
4
6
11
3
2
9
5
8
5
5
14
7
4
1
4
1
7
2
13
9
4
6
2
4
4
8
6
3
4
4
2
16
6
6
6
3
8
3
4
6
12
4
8
5
4
4
2
13
5
4
2
3
9
10
10
2
10
11
3
3
1
11
7
4
13
3
2
6
5
11
5
4
2
2
5
9
3
3
4
10
2
5
7
4
8
5
6
5
4
6
5
5
8
14
2
11
3
3
5
7
3
2
6
5
3
6
11
4
5
11
5
3
4
1
3
1
5
5
5
1
4
12
3
6
6
2
2
13
9
5
8
10
4
2
5
14
6
7
5
5
2
4
2
4
3
2
5
12
4
6
3
2
2
11
9
4
12
5
4
8
1
10
12
6
5
12
2
3
12
3
10
5
2
13
7
6
5
5
4
9
4
8
5
5
6
1
5
4
2
7
7
3
7
4
14
7
10
6
2
13
3
8
4
2
4
4
3
3
6
8
4
5
6
4
4
6
14
5
4
8
5
11
4
5
6
9
5
3
10
5
11
4
4
5
7
10
11
3
5
5
3
5
1
11
6
12
1
2
3
11
4
4
5
14
6
2
3
8
3
4
12
2
2
5
4
5
4
2
4
5
3
2
1
2
8
2
4
1
2
3
3
4
6
5
14
5
5
3
3
7
4
4
4
13
2
6
4
5
5
4
1
13
13
8
5
5
8
2
5
16
3
4
3
3
1
3
4
3
3
3
3
6
2
5
1
13
3
3
3
7
14
5
5
4
6
4
13
6
5
4
6
6
8
3
9
3
4
15
5
4
2
3
4
10
10
4
4
3
4
11
3
5
2
6
2
4
4
6
2
11
12
5
4
3
2
3
2
2
3
14
12
13
13
5
4
6
12
12
3
4
1
1
5
2
4
3
11
5
2
11
1
12
5
6
2
5
4
12
1
13
10
3
3
5
2
4
2
2
4
10
3
5
4
6
5
3
2
4
5
4
4
5
3
5
4
5
4
13
13
3
2
13
5
13
13
15
3
3
3
13
5
4
2
13
2
8
2
4
3
4
4
3
3
2
4
2
2
3
4
2
2
13
2
14
4
5
9
1
4
5
4
2
7
3
16
2
3
3
2
13
4
2
3
15
2
4
