122525
341386
45578
262073
191762
405594
74332
289375
153892
47767
347011
61341
233991
270334
51981
245109
297675
116448
234016
449411
8548
248595
143335
45141
125630
18823
231838
187834
39167
213651
298742
341012
103074
160222
125212
240873
445503
148417
138991
71117
23788
217637
159619
94789
234841
312519
89285
153540
200494
114596
64574
141635
94374
49774
20952
7824
154925
327840
111952
158245
303279
9770
227269
105031
134188
18119
51360
403960
210
75822
284461
350081
78148
223768
118271
229478
235370
349205
474840
280065
199341
364612
20724
363370
90382
154870
376699
79219
235822
27176
59161
24153
51730
363051
162517
191865
243111
264898
128478
366347
113669
79680
318397
175060
318625
264580
91367
15414
264281
421646
220394
156487
57256
35343
62235
190492
35254
351125
196887
40182
51508
245225
370114
257219
42427
415218
36666
333766
68821
159800
120579
40112
191997
14864
253427
226310
165392
28360
169371
241138
59531
138704
473595
371874
11911
115527
96762
79640
46200
16157
67020
205787
194422
162813
351827
280963
332873
173021
89599
18919
7267
305090
198267
221896
64093
81749
17527
4115
102577
143542
369520
262668
352978
224433
133226
62135
194990
315072
404763
11532
364428
294849
288499
129006
144769
143321
172653
46072
76539
114520
51275
242656
478534
338274
383669
215910
104315
252331
109152
135245
149699
266644
281452
191560
104745
11916
446701
37326
401137
19721
344139
142278
274395
64358
294035
204456
168653
140722
230261
374493
177451
87862
167971
46105
226326
201644
97751
125965
184471
235975
399369
175647
293923
73177
3260
327436
85526
279092
251359
121043
150320
281409
74859
11925
26951
296957
39009
187704
130920
202676
437016
143809
483342
13562
88417
16099
31074
83128
201268
378710
42684
309975
371267
201787
50338
140735
103161
200420
321442
21440
223534
64840
157794
64780
193423
160118
367738
54493
130869
230467
460387
137643
184717
181143
124129
102093
98937
145734
309260
404597
310458
53173
339121
235670
79642
314334
441665
16496
61709
112461
15139
118987
199651
33928
106094
60518
73667
277805
288927
4339
388071
114470
134358
164375
154122
230328
133633
4321
86857
260692
106132
155832
99760
48419
217509
118381
15116
359001
257226
398499
4284
33211
179027
100111
153256
8668
162752
382665
70143
31755
307302
199242
242185
318122
75078
358931
44295
284585
191436
78427
161483
33653
183159
23305
67907
83105
16780
217961
22618
4258
335617
30175
46204
278969
61807
334592
114789
23649
323707
71532
146664
192639
91299
4329
313997
103567
77861
169660
130716
113871
302449
263374
181093
253187
75613
265372
130776
248134
82203
386675
153187
46121
35304
41828
122635
87371
353605
274505
109929
8694
23028
161424
212605
269117
45271
28207
43417
314885
183655
240982
89434
94840
73530
149192
91364
459308
4003
192831
165996
34423
335588
360806
330276
159175
321930
84411
15069
57497
166225
78872
188100
15765
177795
52683
79633
309765
267265
249042
11099
115696
76938
15919
312436
443625
119428
123607
52201
153407
99439
23263
427711
179347
262052
114890
296360
260924
412269
297380
58129
194078
156633
366105
373550
59849
55018
34335
101038
10310
16047
72728
128290
196040
146438
308275
172516
185141
326512
277538
178655
125156
55051
120299
80242
437274
47139
30655
73384
460612
39631
418274
18762
39186
74480
62845
38044
84187
395201
293960
209226
98309
37630
156766
14543
285655
281786
268634
77408
18269
98543
736
297117
59087
149996
10400
15176
209787
248648
125733
181991
318548
176371
410238
2683
12088
141001
108799
177303
120252
225447
136705
14960
283531
12241
268016
124404
43232
444092
7386
116772
349698
257537
104703
450282
6673
174381
442324
82925
12425
192502
148436
414113
187869
99422
162442
176393
9026
256989
217398
220771
219411
66056
111270
116346
52695
278967
52098
174411
377298
110415
408167
46438
27289
360910
200580
34307
14569
273180
357157
246218
219432
188232
295123
180466
337959
176556
39472
276166
96947
280788
61458
25651
244224
153250
68728
45684
88982
41174
31047
4981
7392
86254
273341
369786
279612
462695
78750
99474
267361
115543
268444
165167
97255
186058
304429
247110
214165
7218
372238
287724
175527
237581
6394
151676
367867
341712
59014
93620
147665
271410
362214
84653
41332
5593
408705
372891
101282
48583
94391
235139
356222
102709
90712
239328
281737
260561
23044
332296
341938
143771
188129
54471
101284
8592
123481
91780
139111
161097
118729
86121
165319
193920
186101
203248
132442
85523
61590
56991
294715
10385
237153
13017
251617
170461
56510
148860
51091
99090
172566
89465
360785
249341
174044
224619
95966
275634
206249
43278
109270
214504
18539
42634
124647
8696
69268
241687
405917
204398
710
226526
16139
393298
11232
14051
104360
245215
288364
227461
257345
119271
263852
236457
31531
7735
126663
335
356210
66759
241645
75530
282919
171079
227479
271070
215791
224628
19224
127373
147534
155345
190514
201251
16433
48696
89313
34818
58956
49910
19240
91689
131635
64366
308914
54127
292268
166352
193068
163215
59093
122703
262166
194561
409032
321134
170834
200985
211962
118678
418308
55747
330012
86869
88787
192175
381040
288009
280155
36441
409573
5945
322664
275759
134420
260638
48770
206545
432388
44743
326442
179776
148791
57960
225006
125490
19021
120637
261801
367215
82207
224463
3804
233891
172146
229610
318425
351765
20866
139812
31368
66749
23264
100348
370880
230177
147804
36524
148967
89207
81659
20837
75543
160078
137037
129395
197234
145761
237399
424192
34958
335648
188450
127410
198770
236911
17273
142894
8281
59234
327079
119497
251274
237976
464953
42424
266730
152591
187081
48935
261270
13016
343576
312428
311272
15918
296972
10097
207769
229521
12057
471362
8491
114060
9001
146202
18098
156476
81560
279568
229681
46803
100513
6301
161974
385200
149908
260820
48632
6257
128735
241395
295682
200582
94609
182845
66980
48163
22018
195873
307503
155151
163449
225884
287956
147281
161447
227362
362669
206670
243870
37739
424998
47918
195380
126572
172248
301932
18012
211792
364870
69958
101155
205087
368609
41674
336033
230237
343605
152880
100789
280757
42175
81196
107354
134605
13749
147718
410270
34030
15813
65930
199356
263332
110276
92096
88258
228987
90413
54696
10902
135724
110268
82316
108037
39688
64705
57527
152662
6507
222885
266290
225421
213037
310333
108312
27632
111247
21536
88609
73344
9495
113294
124717
205856
199149
51822
145842
30450
60645
225715
85619
11721
27612
181363
46961
13141
144608
31594
277706
77847
171468
259362
6883
126992
116642
378801
82795
366268
446854
247571
272220
135730
43748
141497
136629
26575
166578
121185
409004
79668
70545
132895
271347
2836
354669
331111
38345
125441
382232
31012
149629
66613
22605
40838
38384
49362
145999
212798
132377
164761
101658
159415
159922
279903
424618
300660
407503
104628
130900
270395
29468
51978
20915
65784
325591
96164
2114
142417
450185
208702
303231
316226
216283
96808
65856
254402
185394
14892
479594
337179
51132
76960
271599
237732
328869
79490
197119
241548
350110
362649
332879
17486
105529
197361
307441
277713
12012
28805
62195
205549
409368
322526
201107
409953
98687
60275
358761
8485
30805
328570
238342
262195
58851
367206
66824
85630
95943
69227
160962
14544
282153
25257
42125
138885
53969
261701
173891
205119
63162
89983
137094
113861
214112
263261
228213
82055
368710
254231
204748
239899
259604
116023
63315
6429
72289
150059
242750
77139
271507
115838
157378
194634
169642
359118
263589
32557
9257
126894
113719
144647
221837
222240
174875
337156
21193
344395
32323
362248
128995
20960
298243
217592
353367
38401
117025
124416
87216
9170
64307
13825
225532
42051
263956
296723
229836
156766
88011
28740
119875
131224
139341
102695
118741
67319
149005
100481
73638
77972
306936
341007
45199
233189
190731
12647
238257
216761
244343
84648
277393
263118
18004
270848
77741
333369
198464
255004
323893
93535
74238
130476
77915
407226
15907
145741
286947
133148
226977
276171
480324
352455
115820
135326
150526
277304
144459
221899
223489
47601
152520
352309
148853
163732
44562
412272
72842
119261
193467
189234
54777
68376
395514
20902
479036
379791
48357
23467
287942
222902
393359
73869
187435
300821
311404
52308
182814
265853
41439
15576
204157
259702
34522
71184
89967
78888
33046
214028
348208
490064
81920
397413
3560
389325
238979
47911
96374
370832
409711
308205
194432
24793
140693
138027
60132
202134
168376
172131
68808
19706
63106
370561
80412
382682
122607
33044
448543
161835
284439
28138
142204
90626
8693
399965
346232
9081
13816
87950
69612
131488
276503
115506
122391
45175
47526
52958
263606
135802
10513
101038
204536
274804
49931
224494
13465
406884
45852
276936
173589
28808
358392
91690
181754
80539
111508
32217
164604
67564
300320
119626
89653
51014
318344
428734
265017
173211
174108
39477
176640
80651
210314
24893
166188
249976
81739
200859
4656
216204
205950
170876
417826
65100
244047
215584
89317
420055
259565
202685
51810
323372
235671
268678
269050
83792
342013
289732
102506
89876
212363
162960
188042
18252
180872
273213
97777
260137
87902
91018
80694
175176
312764
51050
331185
154459
247756
335198
4781
20087
190766
75418
18939
172025
83011
15000
7443
64941
54875
2103
149734
311726
65796
408082
163317
16584
140475
338971
317642
181864
337320
179393
73179
173157
55373
169718
431704
359903
290662
137736
108659
52309
453288
42635
8729
252204
258063
2511
416810
412524
11592
9633
368231
289020
106009
303005
143973
242590
107372
268012
422727
217846
183592
275240
216147
286874
45982
179119
296420
57268
257515
22172
266225
85444
79159
252663
170922
91999
18404
16977
240
43397
87951
18003
11830
12480
193395
201177
4192
242384
278514
5968
125117
31277
295672
93830
87092
207546
189564
453807
236515
13335
160122
35479
307855
83666
457379
93306
481208
446375
293578
250115
66762
68412
220711
28180
54365
166469
5859
56740
262590
109793
5385
184578
396116
26044
291564
31265
218427
40512
284287
37957
36931
127244
80914
353548
307029
117617
327084
143485
347714
62829
87773
323079
283312
15184
276909
394776
314712
26098
52968
358440
214786
234556
114552
79930
275606
231336
18736
241553
414577
212232
323709
18174
14759
199845
219884
215800
461356
127489
377236
115818
43823
164644
150988
193266
261645
228184
4010
79811
29888
260549
130233
43142
43187
222646
161450
151556
424301
39051
13301
70624
75046
225982
28116
82495
92974
258055
253995
1826
363343
322316
125567
106584
100725
241024
111927
242721
78386
108944
190401
168801
216407
111805
42098
227861
317313
339072
43732
142259
158360
73815
123296
224317
326282
154485
307771
176816
19915
74714
160616
193623
233943
36176
196692
136064
309774
287491
70640
446201
237049
202215
101745
219232
57129
201591
90689
120672
288923
132772
317671
14370
30127
376483
8776
124026
70627
198685
157834
244975
116583
79337
173142
407498
94501
53808
94866
9045
7427
8839
42256
117093
215331
124920
136391
357916
110100
99306
41398
7339
254916
59547
111779
194458
371094
393003
148496
208676
146852
225192
80717
368552
39699
61811
47877
45702
43687
28726
89987
239616
72327
229120
22194
94583
363130
35775
105359
185126
9814
165135
228178
392335
80413
165450
175617
251128
355040
28730
158802
95325
8458
16232
233744
233396
46623
186894
200416
130873
56050
336904
266523
82767
440086
200409
66701
105365
319170
265052
327094
102147
88677
82606
454603
247625
375882
64671
195943
335386
349685
118712
99721
150855
228005
164182
390135
2987
295860
1873
268252
365305
78245
428658
72637
102748
151971
253738
291568
53710
17044
90824
151396
236995
4362
167128
1070
91180
8550
87801
71862
271067
92546
414007
90813
182231
24079
9860
83400
351224
122732
177424
166054
372347
116004
128365
208202
28465
148275
53145
437336
379591
78396
205875
296475
32029
117284
183100
240246
297273
74370
69807
41263
168614
301784
251080
133024
125392
3486
65791
214864
417185
24131
272029
16873
373691
238595
114011
327987
432665
246832
368512
141938
151839
225047
92626
147985
146776
103199
224795
142107
104580
76465
115379
36353
53957
82888
226137
78954
50700
74256
164
303446
296092
294255
48237
164553
190360
130513
327919
133735
459679
288704
162348
54878
88020
13354
268051
31623
141768
45722
10924
67342
249054
171437
178210
303124
16202
296489
213904
196908
105607
137963
129419
248820
297499
214452
1716
363634
179991
135788
118890
60071
39891
2295
68923
381551
399778
314998
231155
6811
361366
181106
17831
83894
204494
44855
333233
11379
355961
50012
409855
101608
20013
19300
151714
274174
149980
202799
164151
53232
153735
317484
10611
65190
38729
108707
339994
379682
101976
53814
30979
291039
76176
85540
211757
45197
237508
161230
296351
449776
87844
333405
68498
240408
137463
53897
121364
317784
66356
44226
234466
65716
22482
157926
4535
39932
110825
124093
120445
241117
175556
274036
331560
73189
51761
411778
227769
232895
57631
43488
102829
154
98868
245459
163982
233327
7391
140243
281394
2800
168112
36275
44647
301817
182562
149642
320521
366546
148714
3096
62284
222979
188602
143947
530
187060
151198
131413
105193
15367
66749
29278
163693
46795
125433
16971
138853
165353
102534
94972
86387
37853
101288
601
8996
274043
353902
70671
210105
139843
143213
76777
62128
462106
249249
39763
238728
178594
239349
41037
53441
348258
103787
106299
338463
170473
143592
51474
57613
195006
111409
205663
222287
19803
83816
7796
21905
381319
239084
205802
137449
158327
263704
64763
25447
292883
36364
248086
48715
361641
110941
36253
229849
104296
69644
35640
57438
122989
319182
310335
344536
256841
204563
442696
97620
216486
156247
294982
64862
36010
359091
474520
306498
324082
11566
138308
81578
259708
57044
403098
18129
160754
278370
190181
210134
317640
48338
40332
158267
357656
198444
57873
160076
242324
285393
12011
165332
42683
431039
48776
360750
194849
7111
61369
208018
39245
318727
65203
54734
213922
54135
214955
343158
68721
239590
54481
100588
133255
106717
21936
137656
248766
123329
190395
65269
159364
145285
360691
115103
108926
281392
227805
2759
129717
30960
14820
120544
365848
120850
184426
10252
969
2677
172219
111020
46786
50351
205949
103323
15821
101668
209
23437
329590
108645
328038
220652
333641
132038
250855
373396
16976
106952
37076
29721
32649
299379
304596
224169
71933
125934
153018
391470
103097
132030
350898
287086
184079
457906
422984
238127
42908
41138
478906
289801
233845
48408
111264
62462
156795
145117
66469
26397
207438
155760
151708
252384
348936
276618
226213
215136
47866
122580
95270
304510
104466
104906
143396
343279
113403
420160
51985
206461
42569
206718
43081
181794
435851
330353
72236
319469
215994
1814
166884
114062
136208
83965
237653
70142
79156
17104
45554
234058
37830
10808
375482
182481
305954
138336
6552
73061
385001
406738
84543
46269
277331
363930
435562
89699
396132
168320
183109
317235
316109
249974
129547
41182
321749
11301
324117
185745
105543
431775
69616
360802
31057
2203
175768
237112
81749
164761
59128
19056
65070
222210
165376
33153
181724
344778
51034
65454
137440
342825
217115
92769
247483
50460
44133
71861
181074
44229
137942
133164
71034
439379
196397
85398
249857
362435
14366
107836
176042
221859
195759
477610
401488
165469
220050
132844
237992
77063
150104
131271
406465
29846
129750
13634
16528
192455
413993
16113
45108
268300
270277
430947
244902
19077
273475
209057
417566
200412
230966
117757
189307
114035
114098
77251
126308
24865
77881
72415
20111
415311
143097
390066
154334
12749
32139
2124
49750
206270
266177
308570
217627
115043
169021
120531
51729
57074
139648
294776
194303
441443
163875
162696
51544
95078
96525
49099
188723
374016
255761
57944
133572
160451
49588
65624
35189
374895
86865
220848
70577
162831
138102
56511
65805
3035
45833
114316
135059
15233
352310
51656
152221
198138
163275
304356
146379
269518
293482
146103
253039
199445
94202
48454
65549
214569
447877
267960
98768
38241
110484
115521
169610
100637
113896
104633
259259
104183
355028
125435
194381
70537
131467
31035
211116
53897
214685
399196
279175
115398
245412
45042
4463
161647
97751
252774
120849
29299
70293
14313
305004
308703
458679
73740
138861
366935
153326
277577
194763
90981
243889
53230
105890
213243
373136
366040
32148
209185
41241
78950
19341
408525
283014
56791
232489
215281
106107
316823
172330
382587
184011
332468
237730
9826
369164
217777
139672
46934
135377
240704
23031
48634
21533
421413
384827
264332
99881
243687
12130
124131
426479
199655
213131
12511
358306
166829
197780
171302
240887
145003
147396
230608
69804
270009
74408
85628
65043
259483
48765
145591
85495
231564
367569
299267
362868
244848
109213
125774
255177
241576
4970
59468
229176
180535
331154
26069
191602
32336
9204
106167
419156
403015
407630
66229
124503
288030
210332
80726
62961
206509
187976
78135
209316
114804
133883
334599
242493
49571
151017
333372
177643
129353
211245
219143
18723
272350
17037
8335
169207
7495
117100
107485
44291
164850
78992
365036
215035
62243
46803
219266
62159
277548
23728
100041
212468
236434
235005
115709
260998
16139
560
32150
83425
41060
137963
139846
12686
13115
385808
22088
264219
388725
55701
235353
100230
23709
212218
109330
89032
104520
92235
60924
158452
242259
146664
216417
83418
219336
260122
132305
70296
135407
282736
241301
166524
46856
242640
17429
269293
78087
465899
201214
123701
289061
478291
91164
118683
135017
237085
321338
19784
369039
181856
67629
183196
233634
132731
683
118164
212799
349083
35517
182136
422568
34591
22817
72613
40679
149162
159861
3218
123448
389
40714
91363
157794
319330
374932
124403
103477
191894
74209
141503
53588
286675
46132
25234
439848
74290
202164
156574
72084
563
107794
200008
392024
72833
282343
3773
136351
307958
17329
86098
85925
42211
239651
98780
365677
133781
7647
375747
86374
63425
466647
339472
92552
95869
167217
80232
5738
255664
3380
156525
248835
172749
104931
43913
282699
116539
245398
272935
9246
118473
31353
58861
110865
233827
140251
96636
318164
296129
93719
62244
156204
298770
311429
49136
59275
141927
377323
207571
368417
85485
15299
58272
4816
309495
328202
189066
326145
155216
17919
180050
132406
13360
9430
32080
217571
152933
30604
80926
56825
2964
126548
142803
220264
167577
133649
75554
148631
67416
52382
155959
157830
42698
336128
82362
93505
29382
123736
32055
66420
238900
96658
125553
52921
190570
245938
91236
322322
38428
361033
170430
430948
236433
295095
178737
287234
286900
815
486789
322592
391299
30668
82869
37908
10602
48707
62866
422391
316031
53296
84117
163747
111156
382497
81004
32458
17202
308082
202341
204002
174100
299415
21809
20434
65932
91253
264405
197793
259200
126068
80219
197649
13100
121705
211970
301001
307387
315386
128575
134795
422922
250316
316362
317693
67681
1744
341774
14038
158930
109283
334280
137790
226077
63960
320815
234587
211288
93510
434833
88235
179782
273342
99268
170659
134190
27247
276812
222974
33995
97654
16040
84713
12376
156372
3120
17430
82482
154742
185313
166875
292540
58665
188890
143499
258798
164482
175507
27542
367140
221881
134933
291416
314154
48901
333681
489
37583
3724
174959
940
384014
175507
92909
119432
227562
81714
58055
390736
66480
345514
28469
225872
12738
216529
289900
235894
25252
251153
92652
149966
317767
122727
212738
138112
317244
100167
12631
42380
25508
120623
154985
99050
292779
92971
359380
172059
132115
69971
10759
107418
238165
415118
331444
16233
202368
83595
104191
113756
11410
112964
304207
70858
315986
284703
319170
203475
214826
110496
408452
99538
14075
323399
55187
138391
311162
103748
204559
229359
157232
71635
15606
54449
256116
257952
43723
378357
272685
145732
431090
8097
301750
273055
178004
245438
227355
353641
188581
130488
98927
14000
92403
105855
236339
88304
58605
44474
277443
80609
273664
150325
153712
299433
33039
98414
221254
93108
244267
22416
95607
72367
6112
7378
245944
100844
269600
49323
53667
3917
30562
216175
46758
37390
142122
31101
292629
384456
181650
111891
3231
32946
99771
33640
35120
71174
59737
230501
307075
202744
237539
314647
118554
59605
15883
291257
304435
23504
431625
433887
69114
72856
175498
301919
85270
128190
158410
18100
58527
251482
476181
287342
99999
314381
70449
105963
153018
130403
371602
421371
306580
46486
439382
366716
263822
402707
291386
233002
196009
133306
4868
165750
94154
66644
33847
122049
37068
453666
162609
337578
147536
199799
117871
276970
346010
116344
253640
412862
36392
222523
433099
123894
196624
15809
105521
252263
73541
242489
12415
21188
56098
250857
207343
163453
446243
58124
57546
45813
85464
211231
257124
95321
129952
245252
201836
346304
217177
337732
130871
317721
198130
278026
234629
110510
381777
89796
19241
12803
203379
358279
235317
144715
30959
98054
198899
145452
55933
204807
59218
99232
358683
8963
45248
82449
114099
119431
228163
60295
369278
368599
107999
118087
362811
100065
33186
130338
335921
70926
119963
111969
30461
327173
332572
45225
79377
40184
33704
285427
235089
243936
101471
429778
236244
66118
146698
16303
76734
128454
87923
154600
443532
395776
139458
233345
434807
144394
248726
116431
307068
98194
55815
222283
244734
406684
228315
227347
420118
116297
283621
66163
94640
181556
51381
78749
417610
486675
220585
254871
117202
45667
111842
88733
129621
308555
58754
53851
32344
261857
109608
117337
17171
17726
70577
25175
279952
399865
162722
112170
175516
223305
309388
20798
55441
138063
171166
54872
413920
136465
6398
291046
65927
343545
398027
15751
206343
114997
171509
123762
65376
253410
50065
25016
12731
173849
92604
85476
88532
48094
415890
174018
82823
101677
17962
48293
178732
281458
206241
260615
30928
142083
201845
65072
82937
13575
208712
187517
209890
286927
54206
59276
22841
72459
314743
319174
351939
264520
132131
225981
308855
434915
135985
137083
49650
77397
18986
47328
39765
51465
76754
34327
82619
463863
72751
338892
226158
23387
258693
246483
139806
416127
16533
197369
37570
148123
146180
121013
146505
40596
212761
195289
153818
326849
160222
230087
276410
203505
57097
110463
399695
145349
9655
52672
279841
239043
124422
387253
202546
151477
173321
440586
179656
328767
284836
101925
444512
458775
217920
267920
140652
247226
230740
95326
177633
208714
451751
258716
349466
281099
73201
370520
193334
209231
130885
367825
318996
178494
5744
316246
173116
161922
238052
69048
63109
361494
6558
161945
96834
45499
256371
178953
52160
115042
3873
208712
159131
160414
40264
81896
36918
5121
431091
47658
64054
94811
24106
16591
216536
265059
156968
172086
118374
249766
412341
132949
24448
138378
283373
40074
78725
283947
287249
3769
148832
333320
341063
3503
173899
178919
112390
312110
91515
173234
88607
284065
178283
258371
94268
112869
46532
196303
146869
25973
51289
209004
488859
214769
41467
214972
63529
33874
24640
109831
26240
98040
255894
159134
134195
343187
51323
338277
175905
152679
32134
32548
99924
72330
308213
52560
267519
399549
203292
108976
95933
189936
116344
331309
49600
312686
94407
186151
78181
319552
151840
66587
40170
41153
410402
13722
7926
55663
33733
386613
204712
44106
58558
54518
60688
179686
217381
69265
343573
142835
235898
59531
125257
65190
135028
175431
283413
66493
55994
89045
131434
306342
303681
148691
248839
299309
90
108187
97539
82119
166247
345722
106625
341333
52670
66008
178031
66022
282891
1420
78772
246347
22682
413293
440026
274750
93535
171707
169672
171985
74042
22836
2910
215866
434637
59234
856
131353
275933
197812
397997
286747
97765
341966
93518
367899
96240
92482
115895
158404
232356
151508
154602
208655
113711
86608
84849
7250
165752
357979
304973
100015
103827
47885
128011
82502
276350
101369
330657
151936
253338
249544
52672
94925
202830
184427
16198
224817
33912
59378
40381
2277
52199
252366
297237
201632
180769
156760
262180
195458
387655
152087
160317
54269
247962
81476
104609
24658
7952
288380
401706
315195
264752
165482
266475
125856
174400
88293
46242
404435
331890
190792
165887
354404
106095
158996
304643
21088
41394
237919
126972
75417
307000
113905
67729
38995
314286
113076
167025
1265
117616
98569
184258
298655
118174
348081
71567
328825
226443
189536
327631
206003
294267
306363
7767
229428
209650
295163
226605
316349
195635
278861
982
255483
211218
217859
70744
16797
24354
81613
147685
94633
357799
220221
3096
86027
197033
251994
254418
40934
51485
312308
321966
333132
73357
16495
283206
147487
62794
90596
231380
223853
317967
427764
333703
357270
183620
83797
55461
93395
95264
70262
2182
61554
416284
91614
310075
14183
283678
223304
17820
60787
402238
212510
463102
51241
2709
83355
80285
88995
348973
67703
401181
13286
271572
174676
112572
252529
5604
73661
125402
186846
56764
311718
85251
282333
204265
371582
89665
228374
118748
50222
11063
96490
423720
108593
60408
118697
350371
233490
57079
54697
175310
114494
106591
116050
190150
250976
7439
3704
221227
276401
151334
21566
96957
142335
11348
302007
169309
33598
90545
8399
286988
12230
35247
158006
307522
7757
63908
123093
47659
38130
113334
231426
85713
38973
5787
91876
64565
99937
111020
114043
33981
145298
342907
98363
173230
330968
87035
209363
197181
251172
437623
9284
56667
291373
104604
453429
237144
63725
133056
102523
148438
407707
318391
6800
106637
180840
274982
2683
214950
39154
106042
203012
86596
122040
227747
240478
187471
275107
113371
433562
349274
84145
210055
207913
184449
18708
257260
153601
277598
370578
244213
14237
395291
213592
185021
165061
76281
235979
88170
321108
80002
298191
224104
29384
173751
180459
256289
252530
100892
203186
44791
7688
22527
138154
201827
273080
44166
129476
65847
26858
86068
351220
324427
66315
100006
26217
228944
284467
59545
125093
159486
36365
196975
32832
436395
82842
212648
95505
219505
115138
111792
383791
241250
161643
233228
354811
198839
140626
309412
274681
52090
30549
159194
235813
100200
133337
25339
201773
82787
41806
279724
294034
226713
321340
28731
317984
89906
57145
184794
160936
446493
199979
105311
70907
92489
167163
201696
254370
192337
94733
118478
296232
79978
120291
121597
49008
225461
63985
317134
113805
282291
31952
122958
266209
120385
106769
178744
43422
51467
290348
146210
159662
43000
107789
442527
101458
201841
54627
77684
77212
42715
164663
4422
146300
118738
185447
102835
338206
122749
18870
54530
87552
6578
318740
235406
451368
195004
130384
12696
89128
110739
250531
151047
358475
280313
140910
196261
10022
229392
35240
393791
270841
136244
135411
44141
72515
247913
16150
118535
241638
61445
120937
327651
117527
276602
414178
36152
251617
37105
166329
48954
277338
300998
278075
35999
241516
2833
156392
175820
168275
159346
52476
281954
321168
72421
65004
177625
141503
26464
46641
177018
53666
249994
244029
156419
206651
312825
334447
16449
344763
199529
149030
313780
37925
167810
95520
95275
120851
361345
23775
297214
12
137093
6763
195794
59351
132561
237799
32919
57597
47687
147074
230615
197332
125886
52315
130619
154742
2025
72320
207179
151136
4163
96395
110095
283118
50896
23998
195638
87502
62411
33365
300188
348896
107908
74250
61629
366633
397038
254050
138860
44431
282885
101192
318369
207820
91291
346321
402528
225183
97042
175737
145600
150588
116430
137978
154130
92706
121049
32499
313141
357886
85485
205988
165647
43425
34300
76645
196174
80177
315649
222504
260934
16924
342732
54237
276353
434144
181287
131607
43567
14212
115847
41264
29690
30104
164133
277645
261584
11249
59142
234756
163850
51737
134345
81671
107033
25097
379805
41370
109193
172019
7342
156607
287696
75898
65728
119168
319909
80598
238197
43855
145134
212922
365402
119529
95915
57659
79900
307129
418028
352828
145547
282008
91940
226040
86284
81992
328284
24350
432132
24861
51351
105624
63777
105413
312665
375272
17351
66518
295739
408508
51320
287472
288037
54850
47987
32073
278983
93757
72417
165694
11944
314948
38689
189963
167789
51715
446821
172892
221932
403602
113437
94718
140807
194708
255731
286753
24770
22730
298094
162954
6888
286307
297305
245577
303843
74520
62062
8925
156525
187183
173039
210901
279586
38378
116104
121885
195943
377235
63367
35328
389518
28850
48043
306288
18058
136560
147677
173766
123617
16325
14841
112279
111298
223501
104992
353369
377759
240224
66662
166719
438173
341070
56241
73955
197260
18692
215189
175205
220063
101047
54152
233916
275653
315489
282279
126421
15522
291229
26934
115371
7513
295133
62453
1675
270317
351469
295951
318465
7798
132528
372654
306355
241650
172396
361200
56050
447198
180544
201028
231090
151451
163263
16257
81570
234325
302834
50274
7165
35264
33727
389204
405816
427446
157111
322487
136557
50019
58710
264857
439376
170163
316511
184776
49660
67206
107434
46660
181321
330873
294285
230055
57992
42617
134967
449319
234993
205175
320911
394949
76507
252653
444602
29870
119867
184631
46648
157524
38449
323077
55461
218334
4621
397210
160563
139308
32097
116404
34245
104301
12050
4089
246764
141631
370279
92419
468651
255777
468921
22703
109245
285802
382387
247740
74709
21347
242237
367871
19629
73995
44533
102029
221004
9013
102510
193170
51712
457371
238960
22471
2538
208687
103000
17306
310216
110904
362719
229728
265652
105445
154943
93733
417976
427543
394381
40895
313035
2094
56762
133192
162302
30316
358987
28360
63804
153546
102186
333655
14585
110337
30878
260854
8950
138185
334847
85126
223557
79877
54902
47781
182734
131312
83652
207255
11423
142167
254675
14984
173559
140934
449699
63963
151601
62121
105565
26183
186779
326812
197287
106293
473590
373726
29496
18993
166262
285546
251304
25247
431527
54661
65407
358299
305535
91502
227731
173447
112189
116149
172875
379884
68081
406824
299448
422003
179054
117509
10220
363198
235849
77372
267662
203339
5391
43948
419403
254535
280148
244938
141448
49739
84013
124463
286689
139742
11608
84827
281344
23771
290452
285144
129476
277335
157885
347960
127136
254129
92910
116922
277784
12879
133032
28688
224677
66809
181824
422687
106041
124209
113121
231042
196171
92519
28199
250775
170069
185372
195504
14515
133470
238082
368931
95092
414972
34471
94722
340936
54613
2454
231323
75500
57255
221028
77312
288752
247589
37214
124734
351108
315159
184869
114772
106100
238614
287275
46199
59035
65860
112477
6842
265647
89634
312601
73687
228876
85794
211784
4790
103104
191205
41869
171617
108078
104988
52327
212094
31432
229336
226762
14246
216130
119111
96275
278981
268042
50928
293457
222430
313517
281741
15047
362897
253897
20123
42172
16217
60756
447653
172118
162747
134264
21282
140606
8535
122084
49933
96339
223616
180599
17722
311964
75977
138853
79329
283236
262468
174121
109208
138345
244976
22570
60324
127095
355074
160088
84309
143954
100219
332146
96815
31043
301797
85993
210716
300261
291696
96050
59838
140299
331390
42815
49049
182957
2235
102210
99796
101045
30613
112402
31593
129996
160237
198992
86460
16626
280344
190342
55740
199278
30547
53270
178504
49782
307766
82564
130000
329890
133819
80965
128752
336059
51065
242572
83719
48526
245940
116876
294686
66340
220348
362712
169172
428500
354352
85085
285621
137067
324051
25640
198872
164710
136950
39348
94670
75368
65807
388196
188982
165653
292383
373567
33141
452779
57546
253500
61592
120788
31613
48436
155838
284770
443380
101765
253833
28879
462932
164221
38702
303757
17198
192949
165104
238990
101414
107998
356128
296350
24116
133204
26310
68769
9245
238020
203896
152810
421400
20823
200838
58468
125795
25954
6880
125194
295481
285146
112862
316698
266838
93473
216853
235930
177476
426329
221479
38488
54783
354837
96402
161323
116307
286257
111271
184002
49591
15947
78607
142619
271194
54359
177745
291595
172296
59944
45601
124309
202227
166281
185733
8758
242023
53328
255796
139249
222643
18654
243000
98591
344606
75095
48620
110142
160434
151837
15365
234131
240518
45516
83091
144855
292302
394989
47381
40128
88870
111226
16107
423546
176
42857
60237
190058
245003
393101
259107
49388
183718
234127
29455
81069
6956
235878
4587
7691
301825
2444
219072
55871
32
118292
217851
199743
238724
365824
73620
81723
178728
233795
251347
366020
440609
247822
118085
81532
30076
210153
8264
191108
74142
170292
101510
215517
31445
160316
287540
75704
342433
268550
35474
270825
180788
134218
126628
159525
143204
298267
449540
434646
282674
130801
57441
40289
135777
401725
193616
163970
235841
131738
285045
43982
184638
18676
359055
52704
93638
51286
17704
117757
136345
21643
19179
293388
5158
19440
57231
8029
153749
61205
367663
350121
288071
156777
149458
37846
120415
79017
306180
231505
239609
131888
80382
65484
342096
67512
238265
51105
13092
70498
47666
219705
73042
374024
93795
207445
215428
36437
145799
270034
182561
24204
65548
87992
451111
179285
142606
247311
262906
20784
127748
84593
6784
288793
271346
81135
357319
266772
4515
310114
196877
80476
170034
5889
54287
87938
128735
188842
53288
262957
59199
185964
93135
231516
3238
94941
298902
209572
183169
375334
290499
284563
25175
194558
3977
141874
100031
195109
160337
7552
73361
98123
86129
126099
142161
354563
15284
103209
68410
457737
454
53531
148011
27389
130562
193748
46206
241584
379194
66145
194123
20923
136187
197616
172224
258269
152777
5396
38009
215606
226210
63184
149207
332955
306260
79491
23563
376809
14290
79394
174706
219742
151028
32268
225056
325140
54618
115636
159725
149399
18515
105651
110114
8945
255754
211021
100312
212800
250061
42888
49559
333893
192106
153469
37666
121518
141760
292084
403589
476732
214162
301568
11125
125054
257626
115779
403775
322667
195535
141797
72633
45757
11780
22567
444957
39545
78960
37110
112217
120052
100459
88735
179044
219186
194015
167834
277546
223119
74780
142503
48002
51514
242621
2161
41423
132793
160492
269801
234331
249617
309784
49211
1932
144577
33833
34237
223464
114105
133109
364005
247851
335621
205781
22694
55010
229598
77054
235095
413616
65995
670
201651
76129
134614
416387
173035
15493
77055
363212
42887
134302
54564
27570
180648
198314
7948
356214
117634
178560
94116
80750
17141
67667
61890
167514
168167
297631
185530
318432
264770
64278
211447
93354
412486
396285
241726
324830
144738
221495
89343
396213
328817
104851
254201
100393
280937
102260
106199
167838
73995
140981
1400
147642
123072
87947
133045
19624
258547
113004
30939
28503
128041
271631
337224
156252
151217
343261
255288
16047
355843
99331
261431
24374
202289
38894
66077
176549
199246
216562
341493
32562
13979
251638
123169
45333
152845
134883
314580
338856
45219
34962
75196
19852
478554
52669
302639
320660
95656
228580
268185
157725
99236
248554
192765
47962
12520
250635
28441
40306
14830
37894
165915
371605
129375
148450
236344
176896
295773
31072
487364
412650
290174
179952
214111
96726
181484
246123
101860
178910
172853
123725
160960
111330
6355
260517
40093
137040
26198
384706
152333
319909
103988
24529
153976
60902
361051
198273
59827
355929
278895
167993
216059
173579
8088
385169
289327
9802
266093
48704
195076
121938
42415
210962
16453
431932
253455
48873
42306
207344
84782
224953
58124
327092
474626
171053
39075
311062
205877
22514
5223
107174
148047
123394
66273
327673
72740
38166
134240
50615
418547
363002
78961
86017
101603
81359
30939
590
55538
278262
191803
286218
163445
284689
212823
385744
107015
102969
372815
40671
178107
220100
238875
142069
174133
176255
81420
130457
301549
55895
108741
139442
147095
367959
144653
243568
81443
150623
2734
127856
296833
312395
144380
410047
236592
39753
65948
34638
159037
49213
114433
280136
239185
171951
176585
105486
165836
392777
38766
36954
175832
285479
11014
33849
35877
86217
155615
254708
89259
395372
35775
213637
116559
111076
42871
8711
69323
40316
423620
410980
63171
96913
29618
39255
379699
17953
46404
249841
263560
27662
119576
180003
359797
249992
8273
98181
65919
295901
97535
376759
304086
363003
91661
14800
21344
84774
213800
22253
99423
45033
2841
18972
141977
98036
210622
19646
196408
78458
422264
81335
77947
101062
226631
308738
255055
346706
356220
4841
316956
256778
158683
216008
86053
294381
108398
176333
5801
275795
17483
436003
73854
104510
63764
194637
62458
27041
70566
268179
34948
176170
300193
242824
121474
337224
57991
68416
57111
102445
225331
308581
338676
23354
130254
73325
58185
323121
138445
95622
299529
226289
109081
110005
2773
116637
337415
280573
227418
351304
218736
5191
200815
199472
184551
189772
277073
3007
315512
124773
344696
299388
15249
3085
171979
57112
280033
38620
6602
299165
123350
7322
79039
68768
62457
127903
130676
779
218186
477610
23195
130904
208731
245841
186346
272377
161164
391353
62452
147965
81969
100609
437201
43793
76532
95752
43245
120492
158258
166290
56244
132697
54037
67991
181493
243617
215417
135417
324459
133522
68645
185726
417035
84336
427645
200762
4197
134996
9693
73792
41092
230657
6001
277862
93488
31645
63622
213012
449337
319961
25177
125969
115112
62994
131080
247087
62473
291532
271968
320678
103576
321924
213552
223384
435253
333835
219533
148609
214307
137446
97369
222909
299757
194438
18187
14765
263653
138824
45267
100708
86937
133380
335409
187968
89641
100958
45382
193897
174655
60642
230479
22856
15072
40278
117071
77629
41788
194853
13824
317097
290585
211854
259847
10317
265840
27818
130932
37917
104460
19909
222390
255582
119907
35179
219276
37464
20345
286702
61221
128557
33000
109480
200908
182315
186169
427724
154295
18104
14802
9053
227432
82682
167600
248875
310867
129019
194116
120736
387315
81959
201115
49183
91839
12080
120232
291947
305197
67989
198208
130330
23438
286254
152534
76448
251083
185202
48921
170307
426397
139139
366643
365123
299089
107014
285501
63591
86655
32458
5384
90902
325562
406832
152782
122548
336753
117075
34525
31341
129206
194381
245457
191947
380634
119014
32589
143907
208922
195026
2681
107643
80436
99142
248551
166878
279815
230844
104013
181380
14850
6413
313944
395691
25799
245513
322618
158159
54416
66618
206306
22498
74587
256984
225507
178914
236218
53640
301861
233573
109656
345222
435586
203149
123080
214776
372358
183989
190717
268192
97793
197373
4887
370364
394731
58768
116961
124424
192804
2120
357420
10435
418074
328724
19647
152503
23892
219643
37129
97344
272574
37033
112261
205099
10724
363072
346480
26063
335311
243763
64181
207385
112902
114786
244460
170851
30921
276599
141551
17970
248902
124041
57719
365941
214489
197695
261356
99181
51777
114719
358395
78639
83046
243002
113887
23104
17045
21458
62406
211775
24620
171703
68225
84747
303352
15147
300100
185467
102940
223024
140463
393643
222551
195107
6609
113211
226663
291039
1728
130023
218931
357545
32634
128449
98013
483487
182859
97745
298980
183732
454184
171757
375662
103497
73001
75523
15156
5142
312808
444406
53761
125208
198854
55370
442360
31277
252329
36187
125313
422
31493
15946
63531
309329
280138
185474
409414
236443
393359
146437
138998
74171
45379
205065
396296
44686
9656
48864
102044
61850
96527
117184
94982
117176
223673
158819
203187
158161
77853
64761
180664
110576
258267
10604
210166
136910
23693
164702
55265
56038
346161
246067
237885
310693
232709
260439
230584
320231
21902
171289
173428
124849
58931
200721
246077
373404
331072
107263
186640
27216
202760
40882
369573
164072
217830
14485
87684
33350
157810
94201
221280
274444
295003
77780
171569
246964
72938
85994
99507
54687
219866
69458
211959
121144
51325
35173
59357
115160
334015
126223
265750
139144
46922
60772
330860
12806
153801
350193
178
1951
270324
95723
316551
245148
267848
254214
106779
167852
115857
355161
26217
161095
342369
320219
44067
364149
200715
160826
450080
130213
29818
302872
283780
365982
159307
54441
246104
261882
419266
267131
208922
295570
72182
238561
434091
270028
121482
227051
238234
71878
99496
330952
72660
453707
40733
77977
54312
253235
142032
97922
32131
281691
263484
418732
99089
431162
106789
326274
92584
148759
156882
255888
238724
212901
94798
118463
55364
333074
175485
377069
166758
55490
87375
206106
42025
116283
110997
439151
363861
27161
10618
298455
156010
163848
112555
272848
407759
480298
94391
27106
72799
48442
172063
295063
49484
12754
50059
138737
413012
253545
254356
373605
88508
188311
337042
309760
20271
78221
166084
379457
174827
57929
269692
52304
138710
151136
170274
216926
8523
65679
16433
270943
219236
93462
105729
326152
198581
405678
103055
186849
43103
49837
50776
276269
157339
1793
88798
156567
110611
139953
151213
388659
163017
220949
82053
385039
169900
318446
228471
107855
223506
151268
178435
397879
220190
328819
36975
141183
45422
147251
249988
236038
361113
108595
302568
182331
32488
280593
50511
14447
307028
37905
131696
278621
193212
85088
255167
44076
36805
215948
114503
178054
125975
379655
246937
198089
27199
219770
118268
209974
109435
400657
399384
164796
286986
68520
291917
221809
77003
137842
8491
87674
104908
324464
372764
217738
81186
413357
202878
13444
3312
397579
125700
75802
89725
304288
179320
29706
10745
12183
267303
243883
338564
115262
78586
13615
258345
20859
22966
220369
41128
263319
205030
127436
42192
87997
464518
184910
129825
18493
321118
34387
260723
109473
11516
175618
111248
18626
299351
75922
201095
268307
240243
20575
242731
144613
231390
287649
391645
8576
49225
256979
121994
117338
347536
59114
159933
361437
327784
70849
147044
209402
16430
159893
70961
220507
19283
37164
368111
180071
86527
214237
36772
261672
106842
188502
19441
121882
183823
22381
98433
337904
88368
30967
184256
242472
84565
145882
54730
169455
27824
32228
101651
236014
111563
375366
87422
13493
124595
122227
125659
77924
51440
176360
259932
134244
332220
379983
360029
26849
180616
80856
352320
93359
196498
93852
278063
396809
399849
117584
152349
15615
276741
123070
245347
59925
414255
230219
4959
120579
268623
186488
333172
120958
127483
181438
181962
25519
375205
225589
12924
4599
186061
190382
134429
145594
378759
37873
207703
15336
2611
194477
27606
210128
137047
274729
279195
48348
171241
390966
215053
71522
155248
280696
164406
442043
328968
220876
117094
48224
48389
129199
43685
135222
184438
30469
136099
321732
47953
392941
32639
142600
327255
32578
64793
60947
295769
451546
132650
97568
331791
145036
254964
345667
272374
22614
162357
31022
212094
33751
253037
54903
13436
101983
250415
261286
151201
200416
98945
358605
114232
332130
123080
69522
263263
140462
158355
298537
202961
278897
5864
335884
339847
237212
569
195641
60558
431525
19014
84915
150664
28634
208320
274660
148976
271188
241163
175154
324533
93546
23195
255938
75983
92723
342976
79830
72604
227318
181060
7933
19539
339043
96303
18436
148215
30142
304075
288575
123433
37435
147834
66686
231405
100636
263200
11758
163995
48974
48006
130400
104665
19693
431504
148705
357129
210319
185317
240824
300128
210817
185704
46200
18428
123659
138373
63613
272944
80584
87227
83837
56343
5525
51431
133677
50837
190930
314516
172279
170456
238307
280890
232697
233353
354983
116527
225007
73555
211095
70493
12567
250541
190468
211998
340315
67393
231259
71316
311454
79857
31740
111681
123979
164412
77400
212915
105443
419593
176711
145458
233724
133870
290862
192072
183975
64017
48233
39330
178716
23979
83306
188576
24775
265180
30712
230882
349938
74621
355497
118887
231326
45772
145148
180106
105309
162446
180486
244098
339438
265896
105635
8880
190032
200237
213808
30418
381247
69418
11119
147639
117122
94938
11251
427267
98062
404550
198691
114634
110046
126690
45679
98339
261102
112504
382909
38843
6658
168318
296078
50498
301613
312676
81405
309764
285943
182380
47693
23030
325786
58932
20287
205250
173311
121206
265317
314237
77386
344772
228049
317510
165215
302089
113444
327676
118662
375169
151988
193475
419026
18407
77427
144141
194974
68395
91778
89233
121619
23265
46915
74490
112464
148420
6539
42078
195715
74829
55827
208043
12494
150985
256950
148821
40862
335981
309851
277972
40098
187301
250343
382890
203785
120500
276886
326105
79197
372057
45220
257884
258107
91468
365329
324060
188073
104811
271561
19800
37371
146670
243283
194736
89407
346003
260317
178045
15778
147354
5345
1232
354386
304461
15082
99543
247516
333143
32906
244915
310902
322427
103393
297553
400578
254909
25670
174577
306443
198761
145020
312470
408210
98167
4427
194601
426043
361255
250890
227086
357513
481209
322061
285737
109065
149193
10689
134448
22523
158361
196772
231974
230328
206474
244824
32206
162996
307044
90867
179091
287719
103611
192631
300939
270426
145720
105070
255138
108229
314913
218946
246358
84060
33400
313000
321619
52356
180534
21203
118695
13719
179263
145965
160502
16301
370732
129844
181022
393802
20110
376995
252176
42040
439221
244656
228773
37291
224720
214230
286790
412869
71290
87954
8988
88135
82674
296247
248506
275270
118611
298090
239467
201556
283476
382263
220744
4066
202892
73104
311802
60769
218884
129769
31984
81241
16169
60035
276493
215319
337594
122879
263120
92048
100431
287370
32023
268068
182909
28036
44533
132637
254442
11289
234329
140085
405533
123268
9054
360000
364295
115266
245732
271594
21122
19924
378649
390628
264985
19936
138604
41419
340636
96946
102757
242359
209423
136841
61067
380346
50293
42723
9723
131043
7339
309463
221531
290630
90158
413533
427800
185511
131268
376133
53397
166671
7204
89555
179298
97045
134563
20485
57777
209986
49437
162538
193072
177760
296260
177243
250627
159107
94680
30019
96165
318484
26265
232903
21905
368351
182797
119498
223541
191598
131186
62998
146932
38514
315051
76707
359853
200948
142533
390774
231614
225936
84531
53598
189105
60164
21352
166675
34911
253444
319591
170483
365592
175295
264370
353669
144709
208453
53615
216292
44171
190097
323395
35358
151851
53284
238001
121498
447185
112878
304899
458170
143446
300898
7