99973751
-1045196154
-91517973
-276812153
18073880
-247561724
-820267938
-64838463
99879128
69977193
-69805926
-69806681
-359144568
34437981
-98235625
98743967
-820348182
99879925
99879925
-529279903
-1831002627
-775640049
-3162683394
-452538204
-771476946
-3041844234
74835001
-3388196801
-1350006171
-202311166
-93890318
13890117
-335203321
981751397
781439717
106947893
13893295
-93891828
-4791673
-49393926
74835082
13888865
13891895
-15313522
-313069170
13892724
-4794426
64439148
-4792143
23618867
-81262550
64439148
102111358
1059941237
-570735092
182108692
847454720
163823579
8646173
941517691
13894854
13892863
170343862
180009778
209822877
52024413
319344893
-278967110
-85040581
-12383156
101097184
-4791377
-85692287
-88233632
551670810
184688420
-81141857
77299042
2267092754
8887210204
16734353
3206729941
11901056
8097917468
85630668
21407245
1365085187
21405611
25305172
-89955157
1428500757
6633369132
7718485
5888146742
12577230
4376541327
1907395011
4034009052
12576725
4591682562
12577875
11903723
12579761
1889445424
4313379431
12578746
937297130
4192382227
50800109
57723479
1404930130
-47691306
4347326920
-89953296
5439914249
585794825
3366073850
42968124
1680706612
4465088277
33810428
46184251
10919350
11905439
3461991879
809502680
769057904
36967117
748785477
12578238
4213966426
12578140
2732718856
2262525270
2053132781
1222092938
42968325
1126954586
2973891866
11904592
4462287335
20239028
4998202570
603284618
416146740
2837432553
3467428217
36969461
31049119
2686855213
3630860580
2007114424
42967043
2095943593
2795566166
774709333
17477476
1418864426
12579030
15126817
3734487328
11903247
15125735
17476637
2089797413
24385307
1332228439
26778982
3923520782
1638400215
3552567144
16734716
2475695395
11904309
30146822
11904309
11904309
2064891516
20241126
30147576
-30358512
1608612509
17476334
11904309
676944689
30148211
2564650832
832562731
-67033913
920903477
3742868963
1574585310
3025904259
12578496
7718225
1244140279
20240637
811817909
30147904
10918579
3126674648
800131873
20239639
17478978
30148586
21517346
7719620
79994561
-942539181
-309284429
-239166187
207660235
439925014
79994354
79943193
760528113
-279187647
255001965
-1429376
79943193
79727512
79616125
-73553881
243219669
979393800
-79986881
-48417170
185649802
-222477561
753640759
-55167819
-817032828
79889542
584135740
-21829219
-31572728
-429678822
-79807555
79994039
-13415017
-27636492
-14496438
9078620
-16991473
-109861762
-25846459
-810768833
372019747
-25846755
-502616489
9079394
-647798019
-55739275
-986225593
-1107144679
397850265
1144837773
-11872650
-157330522
9079394
-16989236
-19088684
24169972
18515447
12867210
58244767
-137992570
-1424090926
39762208
-19820831
-23878394
24882944
42941566
30916526
79825674
-8239447
44712527
-25542984
-729316270
-7506893
83788495
50375335
9080351
-7937736
9921651
18517686
-560655193
-19086086
-57106895
9082779
4202982
4243283
18519071
32466873
-7507139
-42303074
33830954
48369381
18518782
-19086182
-19086182
36601260
-202149820
-5062373
9082614
36499571
79559099
9082614
-8238254
-83806528
9083766
-15625391
1683060
3875853
9081873
-88735405
-19083501
-8239359
