15345761
20158479
-676
7108634
82939
78547
20569103
100384
98316
33325213
15257165
3799
98633
75190
75190
74762
14202398
25740
75530
75102
87427
7412
88225
2825353
8789
4500
1642500
23473752
22634095
3873689
2967807
2306453
641698
10245064
1685236
8753676
98316
16064
13036405
45392
100219
45392
3675626
4257636
59558
59558
9113
60229
9129335
7024528
46214
60229
3188766
17646
13542315
9082516
19163001
37450794
98316
15867428
4155637
46584
1250397
37470675
60798
9672
18930
5162847
36127645
45940
1367565
4769
65690
4769
46331
9885170
8283060
17160
61374
4737
4096969
44731075
20110079
16880134
11060
7833396
5817636
36703
100161
49302
14161567
68931
27765431
35279672
98047
30422180
22104821
71921
15361351
48602
41356530
56917
21872884
6230178
71809
47445
68253
25589397
1371642
23128689
13633
14018561
23601776
1223478
5396188
36614526
18948526
63683
1610348
30604303
28971998
35994
32526173
10966078
37419575
25447335
28410818
18653455
49686
81149
3036463
33754
34161
4719937
3402
2542
74618
63464
65214
1730241
56375
38046545
29749163
95406
63284
44432048
1489
43404202
63284
1489
19031
25337005
5831328
63384
63384
6398562
3059601
93986
94485
93369
63342
20468
93725
62641
4669577
20863208
18906
77186
77186
37356
4530
29348821
40573
5136
20663333
17321100
81248
18885063
30416
6093769
77413
20367
1580700
5148288
15841765
24521339
16992
11769227
10013
16183
37625
5310507
6557
69517
84415
31436705
7198
28484198
45644048
39174
53760
50519833
28687260
15986039
24458888
96928
17005
97866
19192002
7486661
3294498
99680
6252
17005
100738
96635
41343423
6682
41557
5345825
37433738
1759844
27080659
16220
34261497
20891067
43305
6637122
402701
39018313
61748
58230
100654
62301
27119273
32065715
12709146
1705260
1746955
58579
58579
13792469
-203
79315
56348
-203
5136478
56348
15195594
8944594
1575570
56348
7387866
79315
54330
5255
7786367
88444
459360
77782
89874
1248754
17634601
55828
9558793
68827
3493
97244
759122
50272
75616
1029598
4628
2082532
1972328
51057
21787830
3775
904752
9891611
44655
5601280
43760
24615135
2381922
1438000
23413198
71124867
56077
55707
1037232
14588905
54806
35807
100248
1922840
100248
18884202
16566
39119679
2151848
37943674
32217408
