-25220302
-1116271162
121825548
-710084380
-62602767
-686293481
82934898
82936132
-123619660
84812955
-151146695
95497344
-81017969
-325781101
-62601924
-2210267472
-364120161
-335126741
50860152
-80592474
-2278826
-891184570
-2252460576
-277113442
-702087054
37955583
-46831412
-1637870917
22276469
-1861822550
37956303
13947925
-47578953
-487414990
-968314281
-292185476
-61701679
-898803741
-328839320
-484595637
-769983305
-1355044904
56455649
-613366502
-241076717
22278122
-457097036
22277542
22273320
-38372529
-479398820
-33337834
-786652960
-390446798
-33332270
22277306
14768104
-111513121
87912225
-257762224
74477559
-27947633
-131337732
-799972484
22279733
-302710432
-561949353
35388852
-33335940
-392679853
-27948038
-685991618
-30719909
22272297
-333619025
22277072
-30719993
56454694
22273642
-97232970
-1318314194
79550029
-1442357196
-923972833
1698906148
-2232076770
632713868
79931342
488438322
62174644
-79996314
-1075876032
748939930
1091286749
119451290
-2018878399
62175670
-589963307
-1144225376
-1194602144
-1830148996
-82804329
-648411742
62175269
771437852
-972460055
-79995328
62175745
-59385595
79925340
62176251
-1702723752
-79935110
836033719
-24524772
1655856970
898006236
2443458710
79538502
62175910
563111170
-76230608
971985006
51612892
602770606
41497406
51612892
-222739683
-24522933
-8795334
305141309
-24521891
1328589610
74828676
2238940331
372392374
542642530
-587772378
62595346
-57644330
936949032
1627550917
553722721
-8792381
2083234311
1779341222
548933249
63988598
1700086604
63988598
625898779
1727059409
1058274385
-79902461
436984221
-869100740
183567166
918520815
-417633719
1242537688
343381631
-1159508598
1327818220
1259975954
-24520972
728462993
1017557196
402759809
-46154329
331600115
1475367471
41494890
-8794877
250355213
1274983359
41493696
-429637526
1159715423
-483376482
-911838492
-1121229407
799063648
1164198507
1560486063
149145449
-778426883
431493196
51968505
916473026
939227170
1522564473
724881242
776039965
686599712
1898063016
-327018185
41455229
1870445270
-512847559
341186311
555162273
-452465849
496840867
20447779
142675718
29114156
-46153097
716198704
4146973346
1118348149
5740476814
5037800746
236015895
5110039607
4358146
97744379
1171578596
1322627901
792776039
834201853
3667239583
5581422448
2258999403
4432926825
207216507
601662941
2118285718
1118376845
95897282
98798741
1307720017
31554696
4357056166
3475830858
98557716
5797943
587679789
242509955
24211831
2455563779
14681956
1287244992
204821596
583860448
33789462
827884949
16207764
18220535
11394014
38844608
93616262
291528560
778635441
86970020
885979208
7079978
667056067
99075734
247954777
18245241
4688186773
473726976
67320577
97249570
770488305
298481463
630814002
176045985
964542699
75202484
291109956
11097442
18219603
918099825
666961740
193282872
13551583
13551583
42474167
182209836
108417400
94865225
4356585
5269023688
67760875
13553760
4356827
1823121022
13553760
98035784
270212716
7081525
168011764
8000120
97247643
13553859
188762920
2382473617
298110557
325254702
13554089
424010979
392006810
13553102
237824845
333867258
120009290
4354613
32008640
13551883
290626538
512404556
924655934
4355212
72042133
2376448005
13552546
8002110
7080573
5796216
43447945
296124616
13554613
5796216
