gao 4
get pfac 2 2
add 1 6
gao 8
get pfac 2 3
add 2 6
gao 9
get pfac 3 2
add 3 7
gao 12
get pfac 2 2
add 4 6
get pfac 3 1
add 4 8
gao 18
get pfac 2 1
get pfac 3 2
add 5 7
add 5 8
6 4
7 9
8 6
getval 1 0
finish tarjan 3 4 0
finish tarjan 7 4 1
finish tarjan 5 3 1
finish tarjan 8 3 2
finish tarjan 4 2 2
finish tarjan 2 4 0
finish tarjan 6 1 3
finish tarjan 1 0 4
2
gao 20
get pfac 2 2
add 1 6
get pfac 5 1
add 1 7
gao 36
get pfac 2 2
add 2 6
get pfac 3 2
add 2 8
add 2 9
gao 45
get pfac 3 2
add 3 8
get pfac 5 1
add 3 10
gao 84
get pfac 2 2
add 4 6
get pfac 3 1
get pfac 7 1
add 4 9
add 4 11
add 4 12
gao 231
get pfac 3 1
get pfac 7 1
get pfac 11 1
add 5 12
add 5 13
add 5 14
6 4
7 10
8 9
9 6
10 15
11 14
12 21
13 33
14 77
getval 1 0
finish tarjan 7 5 0
finish tarjan 14 5 0
finish tarjan 13 5 0
finish tarjan 5 4 0
finish tarjan 12 4 1
finish tarjan 11 5 0
finish tarjan 10 5 0
finish tarjan 3 4 0
finish tarjan 8 4 1
finish tarjan 2 3 1
finish tarjan 9 5 2
finish tarjan 4 3 2
finish tarjan 6 1 4
finish tarjan 1 0 4
3
gao 100
get pfac 2 2
add 1 8
get pfac 5 2
add 1 9
add 1 10
gao 200
get pfac 2 3
add 2 8
get pfac 5 2
add 2 9
add 2 10
gao 300
get pfac 2 2
add 3 8
get pfac 3 1
get pfac 5 2
add 3 9
add 3 11
add 3 10
add 3 12
gao 400
get pfac 2 4
add 4 8
get pfac 5 2
add 4 9
add 4 10
gao 500
get pfac 2 2
add 5 8
get pfac 5 3
add 5 9
add 5 10
gao 600
get pfac 2 3
add 6 8
get pfac 3 1
get pfac 5 2
add 6 9
add 6 11
add 6 10
add 6 12
gao 700
get pfac 2 2
add 7 8
get pfac 5 2
add 7 9
get pfac 7 1
add 7 10
add 7 13
add 7 14
8 4
9 25
10 10
11 6
12 15
13 14
14 35
getval 1 0
finish tarjan 14 7 0
finish tarjan 13 7 0
finish tarjan 11 7 0
finish tarjan 5 6 0
finish tarjan 4 6 0
finish tarjan 2 6 0
finish tarjan 8 7 1
finish tarjan 3 6 3
finish tarjan 12 7 4
finish tarjan 6 6 4
finish tarjan 9 7 5
finish tarjan 7 6 5
finish tarjan 10 7 6
finish tarjan 1 0 6
6
gao 4
get pfac 2 2
add 1 6
gao 8
get pfac 2 3
add 2 6
gao 9
get pfac 3 2
add 3 7
gao 12
get pfac 2 2
add 4 6
get pfac 3 1
add 4 8
gao 18
get pfac 2 1
get pfac 3 2
add 5 7
add 5 8
6 4
7 9
8 6
getval 1 0
finish tarjan 3 4 0
finish tarjan 7 4 1
finish tarjan 5 3 1
finish tarjan 8 3 2
finish tarjan 4 2 2
finish tarjan 2 4 0
finish tarjan 6 1 3
finish tarjan 1 0 4
2
gao 20
get pfac 2 2
add 1 6
get pfac 5 1
add 1 7
gao 36
get pfac 2 2
add 2 6
get pfac 3 2
add 2 8
add 2 9
gao 45
get pfac 3 2
add 3 8
get pfac 5 1
add 3 10
gao 84
get pfac 2 2
add 4 6
get pfac 3 1
get pfac 7 1
add 4 9
add 4 11
add 4 12
gao 231
get pfac 3 1
get pfac 7 1
get pfac 11 1
add 5 12
add 5 13
add 5 14
6 4
7 10
8 9
9 6
10 15
11 14
12 21
13 33
14 77
getval 1 0
finish tarjan 7 5 0
finish tarjan 14 5 0
finish tarjan 13 5 0
finish tarjan 5 4 0
finish tarjan 12 4 1
finish tarjan 11 5 0
finish tarjan 10 5 0
finish tarjan 3 4 0
finish tarjan 8 4 1
finish tarjan 2 3 1
finish tarjan 9 5 2
finish tarjan 4 3 2
finish tarjan 6 1 4
finish tarjan 1 0 4
3
gao 100
get pfac 2 2
add 1 8
get pfac 5 2
add 1 9
add 1 10
gao 200
get pfac 2 3
add 2 8
get pfac 5 2
add 2 9
add 2 10
gao 300
get pfac 2 2
add 3 8
get pfac 3 1
get pfac 5 2
add 3 9
add 3 11
add 3 10
add 3 12
gao 400
get pfac 2 4
add 4 8
get pfac 5 2
add 4 9
add 4 10
gao 500
get pfac 2 2
add 5 8
get pfac 5 3
add 5 9
add 5 10
gao 600
get pfac 2 3
add 6 8
get pfac 3 1
get pfac 5 2
add 6 9
add 6 11
add 6 10
add 6 12
gao 700
get pfac 2 2
add 7 8
get pfac 5 2
add 7 9
get pfac 7 1
add 7 10
add 7 13
add 7 14
8 4
9 25
10 10
11 6
12 15
13 14
14 35
getval 1 0
finish tarjan 14 7 0
finish tarjan 13 7 0
finish tarjan 11 7 0
finish tarjan 5 6 0
finish tarjan 4 6 0
finish tarjan 2 6 0
finish tarjan 8 7 1
finish tarjan 3 6 3
finish tarjan 12 7 4
finish tarjan 6 6 4
finish tarjan 9 7 5
finish tarjan 7 6 5
finish tarjan 10 7 6
finish tarjan 1 0 6
6
gao 4
get pfac 2 2
add 1 6
gao 8
get pfac 2 3
add 2 6
gao 9
get pfac 3 2
add 3 7
gao 12
get pfac 2 2
add 4 6
get pfac 3 1
add 4 8
gao 18
get pfac 2 1
get pfac 3 2
add 5 7
add 5 8
6 4
7 9
8 6
getval 1 0
finish tarjan 3 4 0
finish tarjan 7 4 1
finish tarjan 5 3 1
finish tarjan 8 3 2
finish tarjan 4 2 2
finish tarjan 2 4 0
finish tarjan 6 1 3
finish tarjan 1 0 4
2
gao 20
get pfac 2 2
add 1 6
get pfac 5 1
add 1 7
gao 36
get pfac 2 2
add 2 6
get pfac 3 2
add 2 8
add 2 9
gao 45
get pfac 3 2
add 3 8
get pfac 5 1
add 3 10
gao 84
get pfac 2 2
add 4 6
get pfac 3 1
get pfac 7 1
add 4 9
add 4 11
add 4 12
gao 231
get pfac 3 1
get pfac 7 1
get pfac 11 1
add 5 12
add 5 13
add 5 14
6 4
7 10
8 9
9 6
10 15
11 14
12 21
13 33
14 77
getval 1 0
finish tarjan 7 5 0
finish tarjan 14 5 0
finish tarjan 13 5 0
finish tarjan 5 4 0
finish tarjan 12 4 1
finish tarjan 11 5 0
finish tarjan 10 5 0
finish tarjan 3 4 0
finish tarjan 8 4 1
finish tarjan 2 3 1
finish tarjan 9 5 2
finish tarjan 4 3 2
finish tarjan 6 1 4
finish tarjan 1 0 4
3
gao 100
get pfac 2 2
add 1 8
get pfac 5 2
add 1 9
add 1 10
gao 200
get pfac 2 3
add 2 8
get pfac 5 2
add 2 9
add 2 10
gao 300
get pfac 2 2
add 3 8
get pfac 3 1
get pfac 5 2
add 3 9
add 3 11
add 3 10
add 3 12
gao 400
get pfac 2 4
add 4 8
get pfac 5 2
add 4 9
add 4 10
gao 500
get pfac 2 2
add 5 8
get pfac 5 3
add 5 9
add 5 10
gao 600
get pfac 2 3
add 6 8
get pfac 3 1
get pfac 5 2
add 6 9
add 6 11
add 6 10
add 6 12
gao 700
get pfac 2 2
add 7 8
get pfac 5 2
add 7 9
get pfac 7 1
add 7 10
add 7 13
add 7 14
8 4
9 25
10 10
11 6
12 15
13 14
14 35
getval 1 0
finish tarjan 14 7 0
finish tarjan 13 7 0
finish tarjan 11 7 0
finish tarjan 5 6 0
finish tarjan 4 6 0
finish tarjan 2 6 0
finish tarjan 8 7 1
finish tarjan 3 6 3
finish tarjan 12 7 4
finish tarjan 6 6 4
finish tarjan 9 7 5
finish tarjan 7 6 5
finish tarjan 10 7 6
finish tarjan 1 0 6
6
