141093584
69507094
214578056
258711438
1216228
64709524
351989174
267461142
262921288
77792805
346983751
253257181
518845587
245641286
330449962
142808842
102114893
55642276
267438888
241871398
296889750
43152956
519751150
108697678
94892644
41779248
463330468
102981607
349737420
216574111
479513442
223866752
405036025
371404356
397784878
96410419
82270408
66139262
357748495
414353787
45320188
131401733
151930805
282002938
170731785
151112142
319869520
483107590
179871328
116913728
214660412
141231423
454918992
225274669
18546480
163363770
42192293
106514262
94694660
214675215
280979121
405582637
257443520
265585925
93958882
441064654
322512270
529133921
23130859
195012226
21282968
100538555
65640795
253475009
109317058
413168444
239828070
478827816
389318246
474405281
214681287
465937746
248614559
196009677
22295981
44362587
505301988
90454964
64358433
41489613
163169103
1073044
79181107
241722692
509101052
118791598
98742197
475240714
323398715
186644092
445742928
66486578
427783038
335765684
202419547
405863174
54508509
507115222
515702081
370775906
497106308
177520407
495196396
64345591
180884931
163207612
216188053
200563835
484037378
64364324
406029977
452992039
322530466
14410879
291805861
160911810
435002672
93702677
280979121
438969624
139683596
171453936
412854854
295860121
504743134
366968916
14210819
238245891
413338069
531433817
490220295
308603271
450717850
511272048
200299221
133530725
21963678
24360479
7922196
208835493
360924540
325443707
333423588
48648629
210480583
286626578
496410265
277213021
407227250
180212937
379208645
267932096
125205057
90413538
98923024
189170912
486962055
99786648
188441784
68550571
21972199
493452560
27041751
138755083
147006644
324010978
70997438
24724506
168159764
519595086
178339524
294273745
160121086
57311262
381597849
338866635
295841093
108767710
295815997
59823869
200476712
311611979
329430719
45005069
81171569
260045002
245324753
327547572
93468314
146615560
144792318
389000747
204305613
332326857
257245808
144310067
456927905
334803832
108638869
465431374
293592779
77857169
146462407
525069363
419821590
9103523
238028339
369650467
430712651
132123994
494263657
479645534
413571481
326688773
16314670
121657433
25823875
530293933
20194364
248550165
50711049
436216927
513621728
273458576
236088886
296412267
297970287
264766088
525743020
191713641
385012133
494030168
286928550
392144081
527015111
94885985
248675552
358196283
73428796
357563515
449036478
390168136
374169916
150353350
459443121
67701250
510259157
265834824
323162866
529835171
374030878
140548358
488201901
272735341
139694331
442749494
381736760
118791598
474653803
62593381
484667665
533947686
317646075
138303090
326113543
471090608
69366588
347992122
501354816
311641592
35171499
296722544
82524024
394313854
536448968
78650835
85618733
80825494
122429385
342523868
409618657
253623103
180330802
4435002
106048222
389589133
298466153
79369666
291743643
392180561
443242280
431821059
483830946
223522860
439993610
443491837
140661327
422680438
171423416
98745478
473082598
388112765
99786648
99158624
160121086
415688850
220155596
11215292
51105628
62153053
295205376
438701723
348432884
455640196
313438200
296584417
168159764
68960696
68439531
246515462
338773287
487585927
76081061
428842602
100922591
333475268
138104593
450388732
445510244
169839647
359937036
503289224
418197574
438818610
447508156
28644748
64364324
71244660
114935528
531433817
90454964
343493354
5372553
68439531
252875781
512608607
147179642
78641817
390168136
223057040
397314643
312079868
111316776
290388600
76891194
120404579
169975908
432105736
145032004
84668296
466510830
45005069
71764334
256389347
20222204
290814454
349026518
263474247
326588453
532475458
505318656
524492572
295205265
484426360
198197988
306864151
52340314
193078767
409180467
381941988
211189167
275932614
491380664
150347065
427852916
490365297
462251861
304692906
186366466
205093075
148846155
465465903
199672495
317147724
456833339
489623286
194839810
233955963
282926041
400019503
326089017
476773596
7800019
171154138
305824722
487540815
10793417
151621689
81722664
227097258
276386403
476314369
516981063
66680229
126115108
385455445
434346684
382450565
414692294
374089377
138341737
275161166
272911488
342954900
333563500
318984890
364042155
449764624
321999894
5448029
511013592
492744642
347015455
241083890
336736053
181762017
184929602
484290630
457609179
341827726
6859312
516974193
179126119
439722444
450634963
531975873
288808297
139529099
110305052
287954022
399502799
226695465
242399658
108619125
82400869
267438888
128087316
26278542
505168704
210431251
481623097
234654599
121657433
326498001
349960015
157419993
435309421
336736053
195911345
46102482
409752474
217455475
6980477
80407923
407642395
278276171
28477024
104964340
135438671
117927368
220509311
501042588
506066885
223866752
243224465
260236167
369250612
61740705
293655538
474816561
525916618
240669377
479410001
193306244
370149780
19990075
161697269
503047560
396325941
215669477
63738982
146077555
165320074
402757696
401736990
221681087
244249307
465720652
121080876
284764226
68576916
480529273
379240261
120948027
418197574
463875173
305386933
289833225
213728351
352914554
387606365
48520364
285908791
420345582
269881132
252171795
479709222
437263781
283902510
368824555
289724519
206070057
487786584
331052023
389820521
228107545
143708509
213372816
396790367
506859287
167281289
278695442
531687369
326688773
396508951
31868615
174026978
431912979
359169192
450814129
64709524
132792649
123697940
335168159
451005502
419778039
188950380
205169235
535118349
373045054
27026313
47285863
505147938
270950141
150845892
360648737
475899339
241871398
108307334
347552976
37085572
526155560
396790367
78033310
26238978
205414027
339408895
250852203
416061471
336087587
123556800
172934553
125205057
278835307
145331424
185699918
477267310
486427551
491380664
31282487
247873255
90078090
128633520
463971383
32699062
49450062
504422547
285405467
334193032
505066284
300026132
432801859
141341873
101692018
9432039
104895007
186001243
445891816
24928685
261747196
135775543
196627729
509803885
38882861
495654241
322373466
490703521
338400382
469435256
413262873
98235880
336671103
475793572
181272831
241722692
183190042
26469573
74816841
423684590
376864543
218843656
227329477
186001243
48921188
480103832
58696859
384497487
312534170
501990032
267433369
314244374
534480165
453797433
305545257
107546087
405302114
223866752
191637001
326641392
519350059
42434187
449761348
298361758
313504717
300881052
137659536
155706761
194959728
129222677
109439595
525422975
17821421
243526133
385571095
167623249
393639079
298250043
180573351
428798474
449009867
94892644
95830738
121285750
67193977
522214355
142425815
78530395
307677058
25184713
378096595
188258125
95546857
435862679
1189555
171321249
317112754
471792991
155706761
327474001
367753258
299169760
108276934
130088064
375840876
264049194
463460087
214675215
244412035
117908208
195753685
19990075
93658050
223522860
148846155
161711119
381004331
135058745
536000724
54778204
532186970
514627609
168469116
340048110
529064399
291212930
377371491
73134307
57589368
30591937
65352311
189004633
130216327
374089377
31472109
124808900
424013371
137928364
444613725
415515098
192026929
407778541
158760263
251699969
307539632
317257918
494467822
35874416
192626459
204305613
283644392
109863711
439115370
421097942
278276171
211419015
425749366
521109378
338075379
113614073
71244660
297194055
264766873
21329751
397443716
132356521
180620791
126289581
313549738
419164690
511755765
415665979
485748625
481373378
121142101
84666451
249348463
25392092
412419872
488878747
9432039
5162503
25256588
125382042
430414426
214681287
366722697
212196566
168426743
439975681
258524788
112665439
55361360
225953722
261522992
1993927
125505731
518611243
407732711
217037574
509803885
329914269
474232115
46291782
119557855
283967935
332121289
57446988
268201137
72970054
267282547
82122462
221678211
429392457
63338524
323921105
137408105
412409561
515526606
453194953
179887267
264126564
444810717
155655610
48520364
390168136
311331375
358118077
84666451
434346684
497040168
145370943
41850786
284325017
125754117
397476067
122799731
214062807
528426191
272911488
181719334
506859287
532302522
308807135
422585409
176921408
513920587
386511158
423151452
278803183
187076087
429542823
64494824
281496800
141341873
390203969
486400914
83215796
41003172
89242064
125276893
280246372
372566042
77015903
188435199
464334251
42239625
326704982
432015338
105582898
461336349
358506583
177231423
492744642
263500499
90720870
195377798
254905052
420916574
110291680
87148200
301589497
272629169
160103639
291636045
26853612
12649926
82017843
414448903
196393461
455779822
13443177
228107545
225854600
340822692
136178526
413440958
435002672
187418798
165076261
473077954
267487831
64530799
210407538
108040912
495196396
56694383
80107325
443391057
121142101
397920500
238428230
81411660
247110681
421530254
360269190
410671539
270817622
219703690
402599264
451092118
410671539
116043665
224550328
279403783
168426743
89900724
16700197
397907008
21485702
528975802
451375740
127980696
121965034
289351334
150912855
59214724
251447405
471254839
224901929
268488915
413783474
298334519
460626945
308358936
451597471
292332967
205781201
277358099
323162866
333563500
532475458
188832799
142808842
95757783
516346014
435189468
245957541
45705669
67502684
203047281
444018038
460626945
252550829
488483589
454551658
525896817
6856981
184929602
219703690
427903320
124288760
252373938
206487712
451065392
113837318
95935269
457826336
464278652
216391605
490386091
315051001
474167009
165835044
82015391
352880854
471430919
463784953
80407923
491209679
441944863
429658465
283470175
102988476
296010318
465681980
134466721
532475458
346382371
189623879
170148449
