147377407
183982951
53848534
209705960
238645213
473271188
423509136
311249294
298138224
233272790
490712017
512103788
229266327
526236914
290259680
156715888
328675365
295165961
378074515
62414647
487905656
331002888
367687427
420597396
455791131
389323493
175615730
336446347
326626004
521404623
267244909
124640664
161066319
394512179
358538296
283555790
33042672
75972341
387867775
380197844
112710075
148636639
230800293
54179887
272920845
155869929
116676857
326072330
522470643
13496750
500644658
167115607
467706414
53918746
480308704
116776061
52205396
291660021
513277110
247554250
327110676
382625911
483780598
143576221
63094427
271486876
265420770
800735
59777848
247848666
14452903
80557438
211767487
14452903
13998168
491041655
222815685
175465974
242443644
133540956
380777208
419895892
415773420
363335921
92955831
299698418
288329958
532491250
326205152
149635375
529014046
181218330
354686160
399391478
97854928
32370807
467199226
37758328
456149437
395867865
37060423
412480008
136824430
493947501
134067936
34304968
51085899
521318376
156715888
452891086
264232661
20273747
232916327
506881931
247131690
220056993
117752819
18497432
534070601
136833340
416222865
414116772
22959082
478038873
210671480
320952466
203759840
518813149
143317363
78504978
401648846
189434575
425916807
51808196
89366324
293626049
144184225
316805623
134043093
387821642
469215190
451628149
90297692
373418156
134587254
261957588
116676857
128831248
488778560
166404723
84055274
527626671
522054024
240804158
195652842
492970913
66492503
477493111
207920434
399936784
9602627
519931220
344735948
323917747
526070523
437906766
358914815
384071309
236734559
491041655
306126047
516971809
359875924
232839269
518036235
373435622
481107164
295710744
473030434
437770890
271592388
501066918
64951022
410810215
38199116
353099509
60206937
58827417
42187515
69845131
534688422
426518061
29955239
353744805
395498242
378222770
65371314
333628618
446928762
61161340
157941007
230496904
57459983
37237051
416425341
477929751
229469978
465872112
122904034
56337460
436163972
364588711
473313178
11726532
426590541
260286037
326205152
117536962
39213350
333757725
395276116
130345123
492166993
53279743
304027275
253633423
143029131
348652891
391726529
33946030
295246118
273913742
463867376
81093533
298689
434789331
301753850
13496750
475964601
478457629
227869848
385976389
401540489
127587078
205631123
148090365
455176885
127352040
441485618
248478836
507787676
356261812
143576221
507022580
438564849
485298457
133755248
366527038
486305995
186527443
12259721
426769354
291177495
495346960
173777197
447052070
34011229
419261915
427806295
113668689
419345901
292246680
353363529
467333449
248548512
450466685
401849413
191124962
347072611
427477850
125572249
333589702
528418008
514519002
227207798
164820157
484702738
505265184
72297944
410105956
402629710
97154214
475555366
488824334
92501219
12632740
234212265
179725423
248502448
448873318
201366818
454528524
393635877
75007267
346981106
200658973
69845131
134470074
64215714
303226841
339914460
517119709
204009739
450213559
5813634
421686065
483772092
403311332
461150979
115158100
200023056
83631675
27676098
455259623
356878366
23898794
141964662
206442093
148995450
362546866
90553739
113372222
228535982
373835896
473354376
137826562
462064291
536492112
437529
242867553
337114795
240540579
124362187
51416812
430352944
293330938
340690452
491724925
255943442
507022580
383057882
478182259
388564510
525624789
506355649
190469269
442544701
393319472
26766669
379484402
221799111
207917731
526968600
388381252
451693719
203815838
420494500
234750040
166576025
47177685
353998822
414667006
16077084
432916443
66637486
89834745
64951022
238197161
9399295
372467524
240937560
18112895
492160006
138580928
376528923
16813494
234918657
400988970
473313178
208769258
157239520
216023315
121995870
2007119
364588711
484551685
216089795
478037292
350417906
489373844
67164405
426841397
109288297
71062934
103180404
212295872
106090696
276805769
430782865
14709126
884807
27579825
169457734
143058563
459807348
484394047
299066779
143029131
395418980
174849307
351207188
234708714
447001551
64764315
435568567
2573307
370862732
7718200
337863709
262491957
324900170
113268719
357332111
274477551
109288297
474296762
377390764
65505705
220328818
444388505
292823920
243910893
472935530
196983309
211558727
43751729
457291181
217887814
257488475
227850885
388286966
172706472
58045326
315230574
49162099
521679689
301120892
215679739
305584239
70068212
368614840
17959330
328263407
272672843
110252920
41813382
534582513
222327212
277321198
517119709
280170550
292964494
206508063
424158593
58077559
211030953
491897651
366425090
58827417
108480493
499650431
476723291
227207798
469062615
518129284
61575495
247554250
388366547
392976479
27658160
357691465
385736836
214400382
169803604
236722088
86784167
180333927
423236211
329655037
86241723
163788349
473088370
464681679
513924055
30162775
98455733
483772092
173453393
462639508
367125638
262491957
297796090
204797395
267285823
464850877
45029438
469988968
483189357
325737120
357653031
321180434
322647501
256833991
249746657
227078454
54383509
56564137
67298029
241406477
169145904
486041761
404182320
331584309
111154874
26619107
340356590
380992554
36846745
293616537
360490791
53991274
451628149
36703723
213279103
494176570
220000152
377911698
132590705
471659680
20478641
429796322
283288099
52205396
389880777
477279237
329211732
50778385
274130115
88034471
327341864
465872112
429384182
206771865
217059545
93271541
176978670
439588943
127671083
387727185
301806811
220831788
257488475
499143711
156242616
295685190
414667006
16077084
273383294
437838206
63094427
286828112
432599028
223844396
361099772
222883535
232780933
14950102
512235435
104863112
45570568
18156758
309893896
213984824
113268719
95985949
232571677
3333737
185579037
210537455
354461179
59407889
145181171
279018520
506547127
333220575
15382544
197588984
463215208
130599581
223555588
57998663
133540956
237624432
351372505
36036975
511505339
75955806
472925903
57954605
344979909
199514337
274712218
393058373
398190953
108152913
120005938
67396061
155632294
476652038
121048346
414937541
67500593
167115607
377166246
9399295
337020518
309225139
151816632
139522097
51366089
5182017
241890506
188588189
342255217
216566314
975345
41569745
11637274
452161293
225024882
394582293
275263142
458589884
399962360
482613283
345312227
433938623
283555790
302608248
73914227
483636007
176531006
485909981
83631675
198814333
140316344
115510195
9281380
399412139
451811679
289080679
209210667
94160489
230752154
524209563
64379726
32158542
160826616
95820492
271814172
150347746
210062691
232355658
505882938
374219886
75360224
83514855
126861054
307454961
188609331
280129103
515856752
452210509
431916068
338759222
2299762
29515258
82980433
202062967
443460092
391864822
436205597
312266885
386855986
408777477
221646864
457983183
228535982
91324260
154527970
368690152
86757530
323003254
419170208
351039956
289080679
493445381
484453460
288451547
519931220
164950035
149641604
460337276
406565771
132845772
15698355
195609080
382158520
200820880
265365092
45576003
85983094
355960955
168147074
141765950
311406819
411091873
519053667
376329784
183788824
3286100
52242424
129095117
129211974
267652180
439588943
431098789
98517182
420851018
244361165
195062125
18384614
77231136
302247308
126861054
358010638
432574903
277685479
102668138
277238076
235445949
94309854
93081551
163398000
528536463
366819244
34056930
32755644
513585524
266746947
208967586
468883984
212757703
521594334
280222260
256289839
60186931
201199696
147402534
40745760
463147623
206621277
243695848
57872035
62025008
396204696
150990506
396204696
211948875
36950333
187461883
108934579
238379802
53918746
503749095
229394696
370229493
330426458
165716994
430089623
184370142
341201604
530468897
270448767
417609728
489311762
245350433
56701160
505783183
505882938
349588344
373659584
257043197
222815685
517351391
95383994
130014102
21982326
508930706
155211503
7118268
169809209
385493835
302608248
388417853
298969804
410621503
116779559
220802988
84888944
478565750
437764936
4435034
450213559
293693749
119255434
509553112
420188566
187847417
536196937
272654047
136833340
309432413
261534836
11719441
410810215
137013703
30069646
163788349
81480897
430765752
129224162
522960374
7926351
430256701
74694233
406435123
432413069
505939378
452867347
477318490
8686254
251982491
179926675
513797382
291177495
119437036
27629824
145746710
86428716
141755135
169532147
384574642
346635087
375750077
466289770
7750434
311048442
300473394
80977519
236848795
385309818
354102125
536388001
106306456
444173001
254408450
79529496
293711386
240333606
362204598
102949635
517351391
45424144
257425844
318886480
45769988
464850877
353700416
478337014
64467575
22650468
46928063
129211974
436491628
248720950
91536374
285161867
81078787
246030317
226069923
385736836
366846610
8318473
215399635
286843235
66213211
455741833
36703723
514440794
339746435
515389636
112503544
187212441
253417785
355621464
259569266
276551536
5595939
339682902
238446817
11391062
494983984
463147623
418260301
296805969
196337375
329872062
358538296
385309818
331002888
303405430
309355516
4521814
189560598
275496570
434552515
20494357
267244909
263137710
382375121
163788349
473313178
109330844
280099541
255108445
496684395
121995870
292215144
223896738
520890932
474479332
180155249
500697670
10573481
285718981
360214816
248326446
9487325
437838206
411106348
40040354
414906331
128106787
309214768
397332245
62276756
347072611
3515047
366466371
330977717
9398500
94882610
214400382
427228071
352800803
462213403
278013512
93554870
429567602
284146155
488967643
320493664
379145347
311249294
346334786
507146082
181118353
478366165
417660452
