75010650
11634468
238814385
443267198
392869455
128570515
447486739
472019127
134931025
418486354
334814
82662885
191175199
255317050
298902346
307598411
119355484
452172516
224495118
336122271
132414110
167765190
14780169
445081611
262787125
336706200
150223877
401460924
278279794
211745181
28810961
62110816
474739361
495221573
88103181
420940136
413633421
431938161
307333300
321861166
441137731
29882138
374170339
94882890
285878433
518470495
303307527
128043968
430484373
234930021
502804697
92627348
349812186
450598966
501980032
106983964
436197542
260172732
42328194
390414789
132010801
265279194
282745891
501933630
165245593
524394517
86269657
202244544
105682376
4220249
58341168
244862849
126999694
372513558
488711295
156908483
80028606
119025075
12085813
368372025
284981261
353174244
191079619
187993310
348045812
416634994
137260368
312610627
490480270
434868832
254866222
436019179
335845378
56940357
45953256
39956672
154071048
304185697
321503170
515346689
301069569
391354225
176243328
496314129
271791289
290530806
176501171
273661023
465478262
492916440
42117729
240230019
431563640
465185460
316317079
432442615
97707182
126104351
342364589
267311878
126494548
295961604
118378101
268382023
133746509
97644008
294249413
56405039
387945964
369828737
190775439
391028154
409409825
443716985
219544711
131368204
132220045
162640946
235216271
225483111
224417773
321991392
471342854
56405039
515150081
313093505
406107108
133969487
1190122
215259957
243451825
162076612
43725567
453671685
404583410
389032930
319497470
278276146
92030806
527388258
300466927
135009957
387262368
476142580
192742164
290445399
220086439
387034653
188010323
328876253
369046657
191891014
105385863
361352248
120546158
468852679
269987055
514914710
255812615
173668413
52027490
496058896
425226746
241542324
141143258
55799070
409350783
185355744
522107341
321991392
413633421
87977126
200953473
101284953
339632001
377055923
273726527
322027401
225745440
44313647
411840274
528736234
458647782
120272492
205433476
419757020
516087324
64923849
421650925
13903619
1164294
222301571
225535755
319868659
308464771
397633410
130151939
429570944
221433290
266818783
253866326
416506340
486025087
283342963
309903761
356547600
83592045
4710603
20065400
198727127
164728740
403553175
360346736
311280472
407692816
229001146
464030519
60666078
340807651
285437641
187429955
343805753
297261246
497528806
31062623
486480583
27435763
387262368
48855334
334314541
378906824
161367712
159202687
81281964
54077420
114052123
483074104
193700102
86071079
70260632
182875499
80182627
197001444
247287794
506989683
474130422
253120612
328052386
159979630
5232020
33638834
187811351
108889224
217949007
283408835
15521793
459782486
282870534
200730755
215889843
439783577
83618951
491451101
366348857
172235982
201738742
349393027
166142049
122446117
462981585
237962009
202841518
34230486
101405713
24681228
301485216
529064996
202754627
501714438
327738345
148867539
49456777
141622559
397450547
347006510
267146570
203692990
265720565
233789462
203375322
159840782
45345425
89067992
298902346
300242005
483354049
462397356
207723606
264016248
65903368
69413255
20306192
156742165
296331980
299029986
366825437
307569800
398596103
466017128
431621249
416506340
33743292
9775310
47080713
32573116
81217243
182385204
12029792
119347741
301081839
308170267
34028451
180805793
153822564
433835595
518606483
489243620
128665876
161196460
233446300
265368798
468843521
340818626
424600154
116952836
470723335
335130196
309060778
96474343
303289013
105166997
293202353
448581387
371492888
8675159
332717764
157042034
367686831
203375322
137516539
171284631
277449218
89067992
335619659
524884494
195040250
89125777
17993755
127619338
164275749
366524266
47657774
287667720
215164666
467792868
81217243
137151722
437354594
266818783
445183656
282353680
156564833
199997155
111891195
41662656
450598966
198498941
420553938
154917304
216690002
77479770
57548251
188970987
291078232
500106456
534746930
313908756
495641480
200076028
520745867
95475853
41310606
55649257
344916225
488711295
449143407
464030519
127210171
465591025
389396509
452008883
271716380
41310606
166617746
14091696
264186441
457281171
455092514
153353022
280687296
167755433
383015349
402067348
520962790
264983872
445010526
209605923
57813451
426817517
384827553
343805753
462889128
14593468
232679709
393902429
379146880
319321612
437505694
498376521
330201874
35357005
415943702
276339820
289323236
425627949
418911651
375018376
333339183
394121064
506750060
77274676
193758289
337259908
489305804
441450013
375518276
489594020
186022339
406454730
460349665
231898827
164826664
117405313
333356357
505330780
423079987
189647894
490127640
334066731
79970931
48015024
155932261
49973327
511737202
469243655
260457724
235635901
378697208
209877438
203847991
28116685
60917636
311563721
492690042
319636690
437682481
99711456
181835059
68793058
408416453
137637646
401604763
322000189
341866614
316317079
233076402
198266496
388760417
70591062
470723335
120272492
270075538
480326162
120546158
476631666
235021090
181181183
140156088
480913417
316816234
108926389
188760947
535764236
418911651
274045291
90680551
20585182
336336703
247068829
149040867
193871152
78356370
74689198
91641958
106556303
316678646
514811971
488247153
243451825
425521507
255759070
422420332
57217579
512528299
425016932
103867816
358277135
415983487
95233573
120161262
128940598
60666078
63798037
491516343
527629509
57015635
374500682
96504563
348835106
287251852
438247921
374695085
157024469
421094269
193076648
479167672
411359787
402201359
135146499
354515636
96749905
531579024
199394224
486098777
92959026
488711295
116204476
443104897
127619338
114170355
197799077
281926588
316682416
423663182
487112296
468754501
149774839
2210321
264822061
3570460
28184452
130061140
381707280
221375741
497726724
436582923
411101126
358751737
480333430
487610655
4106839
442427093
141943493
451805102
345117251
491632642
85080980
89482990
90610205
324906413
489466193
51152628
228374039
299601908
241420590
325000730
290445399
148681589
222354971
182064489
135480990
217602695
461498211
103582194
63956609
148867539
266728788
109941756
419075228
154161481
425627949
343325182
3066700
533965331
195364026
322951885
184659762
92773819
330265821
416079383
492680624
284978065
388029550
295057277
498890254
98648604
214546256
37895585
44920547
338864948
528175827
267306624
203014692
257573579
398580877
318907334
135932875
393117961
452403481
500851928
326311135
25016085
468933901
133998151
179189286
52181082
175604082
62121704
168204358
389861146
9312763
32893808
56405039
375810592
502741181
211745181
380981168
116137692
320759883
79507494
269217371
205226657
4576192
55264622
270282608
63381668
496851081
449193547
218583069
390782026
135146499
391825200
28404209
160163338
378795514
87896703
229848842
469049749
451210656
529598367
104858035
59807076
257573579
50920250
83603129
383620937
20802696
138903703
510394883
508682939
337926282
384432918
250528324
214835391
411101126
319205336
251361856
70577457
26048643
218065671
218021670
503144875
309903761
405584068
382319279
51629997
190128756
322422304
277449218
122416824
404583410
108124226
30698589
177320349
154917304
88208378
326648757
193871152
69717683
335598949
19623024
447309757
4142108
352106648
58026096
515732072
412234618
206093968
255418766
101716061
10102368
2210321
447875265
252213401
31712602
16078060
383430629
330990533
531158809
400069090
79507494
44983251
350775817
101458387
234192967
231898827
521092880
260850968
350401361
94415399
514520144
431938161
99177097
95047604
189154109
89540464
306042701
340602077
535655323
190187595
97931033
506750060
456178197
485014735
399565442
193076648
485427392
236203939
156726843
84471689
38910075
150478952
34443209
369452733
273144205
436672280
237872768
64580122
391250884
316732807
247279992
192993372
136093558
535204940
299759960
452123298
385826953
441450013
143721391
350780931
161015891
468853878
363315941
24458168
203168896
493872911
479357493
57758118
109690910
241990946
326311135
162238926
126316577
467036856
351561094
516842562
60846242
96229913
270517234
307436524
424632360
29882138
504622540
452123298
368999118
322422304
395746867
403089636
530705200
86801324
260415127
188010323
242721061
176184131
230829737
141615878
408695540
105682376
350623544
292634352
281113215
330990533
412090988
457287256
150058876
536050878
319360236
15845963
201024026
77274676
38334459
365096478
352417993
139055313
243198846
382575895
433307405
161142227
218038720
174422196
19423807
431373905
485535352
191100435
258734230
399184320
207294396
464950562
212042791
240980660
133047766
33982281
301834645
433300838
147554623
468424892
474640222
173315606
460596498
383572563
193581823
407301276
518435553
133335061
3709149
42446256
122339224
192231010
79004978
376216799
82809986
353258785
524015753
276573145
375930261
227781006
367621498
471869096
387945964
190083514
72661387
202244544
17009574
393695940
412617245
382575895
128665876
359214442
284315331
54439740
207847311
386870752
18340059
10247438
434643554
403544369
337319557
68007897
227906337
51373346
464395232
5272857
30980764
152482084
470335725
187993310
226521207
101395036
531430910
426059040
204457135
471332282
9175113
159763262
354823089
15052627
423659082
154247469
452172516
406789020
253120612
372543081
93440185
422441559
492416814
319205336
322261847
45881885
25016085
398100465
111026336
110824969
456680542
140156088
202179067
117646320
6928474
198305809
151199889
360686750
373681808
435137267
237142738
424302717
249099923
98638396
378107336
198670951
402446753
403089636
518470495
360307363
243242027
68090171
98340753
190689308
60167421
430209712
271179274
301834645
14848890
474780950
125191199
82880223
199121953
24414466
254866222
249528663
346496796
48855334
