44086026
37302620
279233379
223457685
47711075
250471926
411621065
140758771
370200644
330037693
48358924
217551062
489577468
268297784
104439069
314018287
220696676
164450723
300126266
207590105
342296809
532553212
270287566
61185350
99995378
208505690
252951887
518563721
489802683
502983892
270951357
453646222
77091198
93346662
324199287
288785752
368688621
456191796
124342621
20108458
359088859
347396769
210408267
252605432
490348903
249147140
15115284
292850879
484227207
93493547
316428199
235817829
228359810
291462194
526645620
277339820
186415796
234377773
454673019
259307244
306488918
360979775
70950800
295179049
4013827
371895823
92538598
321233527
329976626
506852404
417541552
429745016
451379139
338580790
178605995
436215825
306283583
437701989
95074099
406542434
139703561
284937193
186298654
440899914
222975832
346207228
260043759
155010178
13817182
331492418
301614236
218181961
242188166
493330935
95074099
114263656
37762214
444290115
141006262
524998732
93249733
431661438
171905297
350921504
52516064
245695547
487939185
477897079
351751327
96730749
13280676
214955282
285648390
130706441
304228678
289106994
219995656
196492694
147880929
229179549
487515692
411814663
329175186
120511587
89813734
224279895
120479648
6167407
147665114
23627509
195803066
221974434
437153619
59387957
85580736
163367194
306488918
1044740
86229449
79417638
424061629
253438301
148069041
18694084
17061472
426809251
83501675
398715076
52801623
338744568
354024952
14556247
48204350
49595396
192564723
487547081
445328309
326311489
47441431
228061614
89021763
160476140
501795662
160935747
357906903
254704937
141231557
520512897
311581723
14066782
507763185
45073770
194591141
356765600
253313868
160478378
302775206
513729014
423867085
387335342
27923238
221724739
50124365
172868736
494437142
198043939
333609540
394796254
711896
397857065
222975832
397132043
411179438
231943227
37644765
252571500
200176098
33570034
179427524
116363380
496658389
100593078
116363380
334864060
142942330
442571407
424703088
47042441
167419190
373967036
95821710
320769749
431661438
524895374
189482963
158324918
436064436
59747035
398702635
142010331
471535355
276809228
235673625
197459458
217363482
514802392
360387016
343292174
2690536
472788911
530465338
199254162
28836722
283889484
324068135
364488285
183583382
385073903
79334579
380517421
18153793
529132466
251792851
178924176
360952723
154281128
402102790
472306636
361199137
118745963
62799030
201568985
259838764
328323253
223076456
46963234
401779892
148301331
148454320
471719673
348725548
359193312
521868955
472583876
447495062
356005516
453424915
464466028
126262829
487515692
230175182
203806171
483840630
178401028
74327711
83300745
227331843
257994630
523448155
10273349
330204160
310686028
481312269
457799119
419118838
22864632
273431494
250420911
341225403
455109712
185308087
475745875
297853707
299775546
456211682
57766746
291354401
374759650
17970114
477334504
387212975
505546393
37762214
327018811
469939614
278426586
509208440
300813898
441437307
482042960
293882178
308506241
522278778
33638035
520426429
75576795
182143139
422530653
86342801
270664556
4283275
335219343
97193046
461461659
349324615
468272161
361033513
95490541
142442279
377322194
524858394
461577277
286995988
414858319
286203735
499991644
420405385
234427718
257994630
25257778
495812463
258182598
402178059
417732980
194862783
63814703
136442954
500920432
376199202
189077030
184545117
502846988
383203236
408324736
225829723
106816661
361033513
460456164
1028825
328773801
429190686
308506241
427526775
319487406
329962466
99042198
454301007
535992247
165597509
338422974
359182719
380517421
268801957
53694724
101085806
359107661
67026841
98778851
235333544
203162844
422398313
289194819
470604287
416369227
75710078
534688132
381948165
175624230
63811401
109836049
497748978
350396894
276627732
263665226
238783732
248771749
218927897
522348736
138515278
237699402
489856549
386174786
231429369
261901008
428346239
228844930
39064023
61484296
308699725
445924891
262961815
137926026
311581723
435805486
96111131
371562380
39387815
218783055
513139078
345588292
76886511
337438880
500581430
455118445
294376741
465288806
352849616
497680907
169823804
156542634
515602502
322148810
473337805
216995640
86606419
331815231
489272351
393270875
144760742
60566827
171505638
494531746
265346803
308475058
525018145
315503271
459324179
170772373
99033285
44425415
188169229
101334701
115627356
118995966
474444654
363943431
263073093
152558980
389160090
200693859
281936264
426387670
526772655
459570018
202110083
298587537
491832687
525304968
16868775
215162366
42044064
264313424
477102240
102910041
111066341
499991644
419965582
221724739
521252161
287736571
57374147
467003910
41111719
437153619
317874524
491518449
513506923
405364622
64224275
488363993
242263436
129246284
89469729
53987560
246650108
164450723
207059788
19396650
368711354
437095482
215430206
389255496
248195481
64433307
189780819
325368434
9849684
75036048
522291562
232720562
206315722
54457049
322805350
429837427
29393327
312779034
173364159
127516928
435373088
200703095
210990111
161386990
86167834
269629089
321233527
25173600
296610115
317593834
530867781
235745393
267152243
357729522
174085630
431919739
281377443
403297324
409486568
239708784
223913023
152473141
467383530
272846449
83556443
508524784
170114489
517259933
356427257
198204911
30171160
80132325
489916516
210937362
309737822
124093146
379477238
116289594
270475094
457811567
243697580
466805108
76933608
330356014
441642097
116289594
481159271
239288007
142879556
163798791
350921504
13789426
464608727
532100183
368573692
336055807
215568449
457347483
338501403
214406764
102704305
271753993
29568016
370726394
252571500
383829290
325205766
115232355
76937801
79009860
142101008
496414702
128896182
434805954
116363380
397716847
362497756
423562149
122510988
429265498
222570588
252921847
483700488
292761753
240989262
4650950
230835080
175498663
506404035
265964618
504571363
453424915
117727896
89927302
102875984
108750809
313439992
200663674
410606973
496269944
444402062
92148477
505392557
185308087
422405934
92148477
451381134
250297665
508582622
113953340
496675819
520681280
412589496
12103144
210937362
415183111
308654550
304213937
201480593
63363537
256352983
295778497
278632005
220543551
47726898
367989192
457582605
303856522
63477236
66239413
335366216
2225307
183079925
390911665
408183330
465440211
47134287
535714074
500822928
384931979
238265352
301664324
215005460
320444855
45073770
418573253
227245203
347113350
40814473
60665400
308203124
248356028
7550394
128555458
29805112
72211928
184766801
74313154
125759363
236357308
77707463
305177467
288344536
221974434
145176997
44806429
118576530
498808334
13124657
452360696
31545352
300346586
48845482
88016401
521623475
484502658
336501466
14295044
292496002
184102940
48358924
496705168
168695155
266129197
236767446
419568938
532989608
347616791
419174126
93590239
524383985
417793255
63296858
225597602
200693859
458296433
433982390
421923457
395120837
2529093
201644579
364227803
523525362
224700681
518563721
474751283
359649408
105885809
197459458
83849508
155233415
413091827
326541479
115231337
273180840
267913790
12118126
454507416
224592056
12224638
188665819
197729227
399767714
233806498
60069640
344486157
428934019
426387670
380600279
217551062
188665819
291088627
309007219
525309459
339101243
121924258
194759568
271466196
350302199
403735948
454086749
202501571
7947087
520364056
470944198
338178099
514802392
117223986
433829925
270602182
331032341
165773353
294121207
33346307
158324918
267913005
330490994
26150606
109836049
513093899
361313458
19838849
262740192
160116503
289241817
372985648
249167859
63869102
500194157
377571541
530766199
114263656
242658648
492250622
16952545
142064629
227543757
182143139
532404827
106664078
44435717
275058694
172222820
9608639
330460152
113145037
93493547
484502658
136031149
210362636
243393633
88534350
118158836
296417696
237699402
131050998
68266178
100157599
327429183
245630709
196192234
66510231
403058143
192629288
132377514
295047050
202501571
253510352
425970228
530155923
126696082
156542634
19921766
472306636
271588732
523448155
203499968
256462447
8952324
137804866
493565120
128903872
134647687
528856509
399186798
461217957
388048092
228359810
168790620
36623577
128903872
280209837
217686680
59747035
207019779
445782231
525720562
430241479
274805399
456715913
493489129
521252161
211289796
430178908
405816695
386287820
309633707
509247346
226864280
370200644
71698016
467531701
296300438
54642378
411998934
109552353
335534535
104298762
320070036
499290566
447738624
536528321
329976626
347443014
268182395
520842873
316182667
475442696
404094906
124186441
519064332
372861042
121315915
188016508
172781983
6006336
83997863
180042597
93493547
7403074
84452985
507186430
146785631
30417648
145440168
536691080
303641271
145053979
520364056
320070036
471348015
267913790
508500170
524768314
213287230
534224132
81137071
118423872
502138974
270350455
317830071
342174931
239757132
273165723
464314682
248771749
485395866
257122513
133810084
96204153
137200739
496318935
43291075
299517996
429745016
47068991
82924456
42105223
394830544
520289792
434291911
174828917
151606694
426316336
270795470
391405093
181977211
360997838
313439992
412961811
324199287
69938031
241786428
215426960
35575831
7648211
297390596
59247945
13709791
381281723
520321428
479729325
230881447
380320146
286488929
232358217
316928973
432340532
296610115
254603696
307617347
104552025
365385526
381949302
234503206
13517401
254054746
80582203
86446946
513727056
512989856
120389253
8952324
432994004
393622544
203240420
116040999
463284158
184545117
209083358
304133546
495062528
350921504
286156759
144760742
45136402
372985648
162303468
340235703
201562031
400520263
58206386
