444964
276742
433517
276742
110590
859408
248953
16344
107490
16344
63546
210096
237485
1083508
16344
146347
64324
60288
63546
146347
444964
4567123
145569
63546
126934
210096
63546
145569
245807
1992598
433517
17122
52856
694002
16344
16344
64324
433517
52856
60288
492969
60288
126934
146347
13723210
263289
334374
3692769
538689
1273474
82023
237485
63546
166152
610243
223421
526870
134879
9563246
110590
16344
134879
16344
126934
443073
638810
248953
506951
52856
425591
682754
1403587
625515
239765
60288
117180
134879
954517
60288
117180
237485
223421
3615911
16344
107490
489002
425591
60288
16344
544265
16344
63546
672753
672753
276742
16344
2070649
17122
342371
64324
489002
107490
16344
134879
347437
320686
239765
16344
276742
192951
742466
16344
263289
107490
223421
506951
110590
16344
63546
64324
1153803
489002
276742
146347
276742
52856
16344
771193
1861314
1632426
254607
765949
16344
1189168
428737
3343508
1571381
16344
1618747
146347
146347
64324
17122
5593578
17122
248953
1221500
3513305
166152
5701623
60288
358905
1511573
110590
107490
1189168
878747
358905
17122
363690
16465968
433517
112831
16344
60288
16344
320686
1365508
107490
103879
7922061
2668294
145569
210096
398460
320686
248175
129225
682754
954517
107490
3271874
82023
998461
248175
52856
5835429
506951
146347
82023
210096
60288
107490
2076341
82023
210096
17122
638810
51023
210096
60288
16344
166152
110590
16344
134879
320686
475847
478384
63546
1185724
13078656
682754
185902
146347
838310
489002
166152
8340175
808915
676124
3483491
676124
239765
64324
1292997
237485
1684796
5221880
16344
63546
16344
859408
389573
134879
358905
166152
475847
263289
192951
166152
107490
16344
47202
878747
52856
954517
248175
3631502
364559
52856
16344
965582
444964
16344
16344
16344
588974
63546
771460
1162561
64324
52856
16344
82023
797797
506951
1115489
506951
63546
389573
2070649
52856
16344
16344
16344
63546
706031
263289
16344
742893
358765
134879
1295273
357143
538689
1449647
244831
263289
2714319
166152
1133064
1569285
320686
361006
60288
878747
16344
398460
60288
110590
334374
372735
16344
7722946
60288
23472038
145569
166152
64324
16344
433517
550895
52856
145569
134879
682754
60288
126934
16344
276742
237485
237485
2354691
815404
1189168
489002
129225
859408
166152
82023
998461
444964
10802446
443073
4501015
340799
694002
60288
1409310
496340
16344
2354691
1153803
107490
237485
63546
17122
1349838
320686
1162561
146347
244831
1643261
358905
107490
63546
1264049
107490
17122
17122
129225
112831
954517
16344
63546
706654
276742
51023
16344
166152
63546
17122
506951
638810
63546
63546
16344
7126168
883532
134879
1273474
276742
52856
361006
16344
610243
16344
185902
433517
389573
357143
2208021
550895
357143
210096
742466
13438609
544265
949806
60288
506951
237485
655631
16344
16344
166152
16344
145569
276742
60288
638810
692468
231831
23592272
276742
334374
134879
126934
210096
126934
17122
60288
63546
16344
16344
22244508
998461
107490
320686
166152
146347
134879
52856
342371
6862534
853483
134879
52856
771193
1575280
60288
301809
52856
112831
550895
1321564
1185724
2751198
771460
231831
288508
134879
1569285
248953
210096
949806
63546
60288
107490
771460
52856
1326603
1632426
276742
60288
897808
588974
16344
166152
63546
237485
52856
210096
728263
52856
210096
52856
64324
17122
118950
17122
783310
16344
398460
4501015
237485
129225
610243
248953
998461
52856
433517
63546
237485
347437
263289
334374
475847
237485
210096
60288
52856
276742
16344
433517
2751198
107490
52856
853483
2676284
17122
134879
16344
52856
364481
210096
52856
16344
3082229
231831
60288
16344
82023
17122
237485
166152
347437
2503056
237485
146347
1236095
4211754
1264049
210096
1896088
1292997
1266565
347437
538689
231831
63546
471596
47202
512684
112831
425591
107490
60288
63546
60288
107490
1676759
1030458
126934
16344
64324
17122
16344
1141780
63546
2276780
1141780
433517
60288
237485
16344
771193
52856
60288
64324
9597790
63546
334374
63546
60288
878747
237485
64324
248953
146347
347437
815404
248953
16344
51023
51023
63546
1295273
1377120
1511573
210096
550895
1036928
52856
2310510
2485691
2354691
17122
248175
237485
1571381
1684796
145569
118950
16344
263289
60288
16344
107490
60288
16344
1070795
52856
1216324
13078656
16344
17122
7792218
13112256
103879
2528728
7115129
1162561
146347
742466
16344
3214088
506951
320686
245807
3271874
210096
16344
276742
47202
52856
0
550895
60288
223421
475847
63546
1773226
107490
27490255
64324
492969
1408658
64324
1419675
16344
380034
1568590
166152
998461
16344
550895
237485
145569
347437
107490
538689
126934
16344
145569
2676284
2485691
16344
146347
63546
82023
60288
110590
231831
248953
63546
192951
358905
389573
347437
949806
475847
237485
107490
3505506
361006
320686
347437
2318949
263289
538689
145569
1436204
1910793
248175
248953
223421
411761
16344
103879
562342
16344
797797
146347
276742
107490
64324
112831
638810
1189168
357143
1034151
1349838
52856
16344
192951
425591
16344
223421
276742
276742
146347
166152
248175
117180
389573
52856
742466
63546
358905
63546
389573
17122
544265
16344
16344
134879
237485
3177742
334374
538689
562342
1115489
60288
60288
17122
146347
538689
276742
4574115
1295273
506951
682754
134879
231831
146347
134879
10772191
320686
63546
146347
506951
22839418
1141780
166152
4449527
63546
63546
16344
276742
1187470
878747
112831
320686
444964
107490
4817411
506951
60288
372735
489002
60288
134879
357143
134879
60288
16344
134879
496340
52856
239765
2133148
16344
107490
134879
1618747
166152
4567123
107490
428737
210096
1571381
166152
16344
134879
526870
145569
2076341
134879
16344
107490
166152
1719890
475847
1033267
347437
239765
998461
1141780
63546
16344
210096
5034219
16344
52856
16344
16344
263289
489002
2528728
103879
682754
998461
16344
1187470
60288
459749
878747
51023
863387
223421
210096
129225
63546
16344
146347
1349838
443073
117180
239765
63546
16465968
2279470
63546
1569285
2076341
9597790
638810
231831
638810
7211774
112831
17122
146347
16344
47202
229540
63546
1153803
16344
1468886
64324
63546
52856
146347
42963734
248953
166152
63546
797797
878747
655631
17122
166152
16344
17122
16344
63546
16344
276742
146347
17122
4678051
239765
16344
60288
210096
506951
506951
52856
655631
134879
134879
60288
16344
506951
815404
10080597
1632426
107490
52856
1662691
1861314
2318949
655631
223421
443073
433517
16344
16344
638810
16344
361006
166152
16344
2070649
17122
276742
110590
69978
853483
16344
1571381
263289
134879
1420024
340799
1162561
16344
2575116
853483
2676284
965582
60288
16344
471596
146347
237485
248175
60288
223421
63546
320686
60288
2485691
2512431
682754
146347
107490
883532
706031
166152
60288
64324
166152
358905
239765
1641629
16344
107490
3271874
538689
231831
1575280
107490
60288
107490
771460
192951
2279470
82023
358905
63546
60288
433517
1381427
16344
16344
126934
672753
112831
16344
17122
64324
64324
60288
425591
60288
210096
