20.2642
20.0733
14.2611
16.2119
16.2119
8.3515
20.0733
16.2119
20.2642
20.0733
3.9736
1.5149
24.0050
16.2119
12.7721
16.2119
6.4166
20.2642
16.2119
16.6092
16.2119
20.2642
7.9577
24.0050
24.9118
20.2642
16.2119
24.0050
24.0050
20.2642
20.2642
20.0733
30.0146
26.0398
20.2642
20.2642
16.2119
16.2119
20.2642
20.2642
14.2611
7.9577
16.2119
16.2119
19.2256
11.1383
30.0146
12.9369
12.8340
24.9118
7.9526
20.2642
16.2119
24.0050
20.2642
20.2642
20.0733
15.1488
15.3244
5.3713
11.6471
20.2642
21.2479
16.2119
11.3179
20.2642
20.2642
16.2119
20.2642
20.2642
16.2119
14.2611
16.2119
20.0733
16.2119
12.6307
19.2256
16.2119
13.6853
12.5804
16.2119
0.6111
20.0733
20.0733
20.2642
20.9205
20.2642
16.2119
8.3515
20.0733
20.0733
16.2119
15.3244
11.1383
16.2119
20.2642
20.0733
12.8760
15.1488
12.9369
