875268642
262793583
578449911
894420830
53279324
527836107
799313653
476567965
609944916
942636790
936444064
97849843
443827324
587636082
311180129
311180129
578449911
188817615
771227678
97849843
548691886
987324357
609944916
302036384
568870491
97849843
807235231
807235231
178388353
504240491
894420830
145356405
410021957
807235231
445137811
833781594
685992282
894420830
311180129
60683958
953720641
655275435
623556522
949529253
736547714
181968253
610857015
894420830
505383922
416120299
548691886
440681532
761618608
705801593
548691886
262793583
346109387
921365337
931999336
905227517
416120299
888802204
894420830
104484981
361588424
321844557
705801593
262676582
736547714
25999544
361588424
521754389
200560835
361588424
705801593
875268642
674250876
200560835
932715830
31956056
352190085
705801593
40461448
40461448
894420830
741769307
311180129
188817615
302036384
931999336
674055296
439188980
736547714
953720641
81808327
836028189
255579882
736547714
381949447
439188980
302036384
504240491
418942871
894420830
87490696
529640402
15500391
440681532
921365337
75817909
505383922
97849843
705801593
373478251
361588424
526518977
81808327
391230788
188817615
578449911
318504914
685992282
736547714
255579882
894420830
741769307
104484981
987324357
311180129
573088690
47342830
255579882
440681532
