1 86160
1 0
1 70999
1 10904
1 319745
1 923942
1 487863
1 251840
1 366314
1 0
1 0
1 0
1 25037
1 0
1 353061
1 259379
1 0
1 2039776
1 1464033
1 0
1 1423509
1 0
1 0
1 10608
1 0
1 0
1 0
1 0
1 0
1 0
1 1926775
1 0
1 0
1 516652
1 0
1 0
1 546017
1 0
1 244443
1 0
1 0
1 0
1 0
1 0
1 4397890
1 0
1 700685
1 1961010
1 1007451
1 3296228
1 3215802
1 1828405
1 0
1 0
1 906634
1 1447579
1 0
1 0
1 0
1 0
1 0
1 2216884
1 0
1 1481973
1 5726243
1 0
1 135069
1 0
1 0
1 3595182
1 0
1 2496641
1 0
1 2977789
1 7098011
1 4446439
1 1287975
1 0
1 4972968
1 4583702
1 0
1 1133429
1 7273395
1 0
1 0
1 6202325
1 1179423
1 0
1 0
1 0
1 0
1 0
1 1611523
1 0
1 4444672
1 2240104
1 476350
1 0
1 0
1 0
1 520816
1 8984684
1 0
1 0
1 5182910
1 0
1 5640097
1 0
1 2439492
1 0
1 0
1 0
1 0
1 0
1 3487754
1 0
1 0
1 5929138
1 4477445
1 1123128
1 7983966
1 1375052
1 0
1 0
1 0
1 0
1 1004900
1 4737004
1 0
1 467621
1 3589473
1 7004222
1 0
1 0
1 5743167
1 0
1 15132132
1 1733880
1 7214200
1 0
1 13851934
1 583772
1 9042648
1 1252694
1 1846635
1 0
1 0
1 4164675
1 0
1 11160848
1 0
1 173190
1 0
1 0
1 0
1 0
1 7574149
1 0
1 0
1 3417124
1 14772768
1 0
1 7034446
1 0
1 0
1 0
1 13605406
1 9380606
1 13664208
1 9312810
1 7832489
1 0
1 662951
1 0
1 4943490
1 12940563
1 0
1 1284494
1 0
1 10685307
1 15365143
1 0
1 0
1 0
1 4086323
1 17511841
1 0
1 0
1 230713
1 0
1 0
1 6044419
1 0
1 0
1 719766
1 6037061
1 7148921
1 7623607
1 2655046
1 2546610
1 1676358
1 63562
1 0
1 0
1 682536
1 0
1 0
1 16709943
1 5565725
1 0
1 0
1 0
1 0
1 0
1 0
1 9584311
1 5678488
1 0
1 0
1 0
1 3631946
1 0
1 998946
1 4050456
1 6777216
1 0
1 4665962
1 2632893
1 3065104
1 0
1 0
1 0
1 4858998
1 0
1 0
1 3206897
1 1711504
1 8927742
1 0
1 593114
1 0
1 0
1 3902244
1 7365525
1 0
1 11002543
1 4271154
1 4329283
1 24635238
1 3440765
1 9657457
1 3726525
1 5151176
1 0
1 11079205
1 745852
1 25347568
1 22926289
1 0
1 0
1 0
1 0
1 9099978
1 6438558
1 0
1 9495787
1 0
1 0
1 1212330
1 1249037
1 4731691
1 11400473
1 0
1 17849566
1 0
1 0
1 29941806
1 333713
1 0
1 25566801
1 16370925
1 21272452
1 0
1 0
1 0
1 21351385
1 0
1 0
1 21906022
1 0
1 5605737
1 21934656
1 706389
1 1322637
1 6541706
1 0
1 927206
1 19463279
1 6039882
1 0
1 0
1 0
1 24070341
1 10008359
1 0
1 14800451
1 0
1 0
1 0
1 0
1 0
1 33388351
1 0
1 14487736
1 4791642
1 0
1 0
1 0
1 7698285
1 0
1 23145469
1 2241771
1 3962317
1 3771083
1 0
1 6316899
1 0
1 0
1 0
1 0
1 0
1 24336907
1 19842781
1 14000459
1 18340442
1 0
1 0
1 12486382
1 0
1 0
1 0
1 5752428
1 2275993
1 18524492
1 17300158
1 0
1 2723506
1 0
1 0
1 0
1 0
1 0
1 0
1 0
1 0
1 0
1 23391808
1 6082006
1 4316609
1 25807463
1 1840759
1 12185402
1 0
1 0
1 11274578
1 0
1 37037873
1 0
1 0
1 0
1 0
1 0
1 0
1 0
1 15449597
1 0
1 10542539
1 36653553
1 0
1 0
1 2175800
1 0
1 0
1 0
1 0
1 4340209
1 0
1 36721177
1 0
1 0
1 34922827
1 0
1 16729361
1 0
1 39613928
1 19804054
1 0
1 0
1 0
1 0
1 9969773
1 0
1 0
1 11022667
1 0
1 0
1 21105809
1 0
1 0
1 0
1 6276656
1 1293221
1 11617403
1 23808050
1 4874209
1 0
1 0
1 0
1 13430110
1 19792687
1 0
1 0
1 0
1 0
1 1826230
1 45106003
1 8540604
1 0
1 0
1 0
1 4390217
1 10423318
1 0
1 21294720
1 0
1 26260917
1 30835228
1 833735
1 0
1 7327572
1 0
1 0
1 0
1 0
1 0
1 40126322
1 0
1 0
1 0
1 0
1 0
1 28439
1 0
1 28938239
1 0
1 0
1 0
1 1429068
1 11620194
1 0
1 26120936
1 29350669
1 0
1 15276140
1 2147767
1 0
1 5781489
1 0
1 0
1 29728986
1 0
1 0
1 0
1 0
1 15366970
1 0
1 10058745
1 0
1 0
1 0
1 0
1 45736959
1 33942545
1 46047502
1 4843261
1 32690262
1 0
1 0
1 0
1 28980040
1 45090515
1 0
1 0
1 4006659
1 15257833
1 4916509
1 9692901
1 8758363
1 11609077
1 11413339
1 0
1 0
1 0
1 0
1 0
1 27172479
1 0
1 7297421
1 0
1 1541518
1 8563589
1 0
1 0
1 49135563
1 0
1 0
1 0
1 0
1 0
1 53181779
1 31307397
1 0
1 21437443
1 0
1 0
1 0
1 0
1 46618801
1 0
1 0
1 1060594
1 40528130
1 27409775
1 0
1 41099552
1 0
1 0
1 0
1 27544600
1 0
1 38099875
1 0
1 0
1 0
1 28519514
1 0
1 0
1 14601638
1 0
1 24570095
1 5958416
1 57690579
1 27699761
1 0
1 0
1 24777143
1 51277383
1 0
1 53857488
1 11541539
1 0
1 7146203
1 0
1 0
1 0
1 0
1 43458613
1 11826138
1 0
1 10458068
1 18152237
1 13638959
1 0
1 0
1 11257510
1 3857547
1 44594352
1 0
1 0
1 0
1 7309799
1 25164665
1 40225211
1 36728940
1 52219905
1 56944850
1 46260279
1 0
1 2134828
1 8848069
1 4985165
1 13110929
1 0
1 32397841
1 7584976
1 0
1 44409245
1 9513055
1 16106600
1 0
1 0
1 0
1 34414465
1 6068244
1 0
1 0
1 56548443
1 41413670
1 0
1 0
1 0
1 3199575
1 9665418
1 0
1 0
1 0
1 0
1 0
1 0
1 40140867
1 24299462
1 4399210
1 28597119
1 52685234
1 40522924
1 0
1 11608590
1 0
1 0
1 0
1 30275452
1 0
1 0
1 16871631
1 63075283
1 0
1 0
1 35277425
1 57433269
1 2573783
1 0
1 23016528
1 0
1 0
1 23469546
1 0
1 0
1 0
1 13303053
1 20874816
1 0
1 66696385
1 6582392
1 0
1 0
1 0
1 28432307
1 57511867
1 0
1 0
1 30894436
1 69859228
1 0
1 0
1 0
1 19678358
1 32922307
1 0
1 59088279
1 0
1 63987697
1 25735277
1 0
1 0
1 0
1 0
1 42338718
1 0
1 2912571
1 57320907
1 446523
1 16380017
1 44026032
1 0
1 0
1 37551887
1 0
1 0
1 29392958
1 47913813
1 52477489
1 0
1 0
1 61106771
1 0
1 0
1 0
1 37598369
1 0
1 19565208
1 27151345
1 8638731
1 0
1 59775053
1 37403848
1 0
1 0
1 69744772
1 29948674
1 0
1 0
1 0
1 0
1 50004
1 44000727
1 0
1 66000829
1 0
1 0
1 5949525
1 0
1 33942068
1 0
1 0
1 73166820
1 5598700
1 21048802
1 9822431
1 0
1 0
1 43279166
1 62348329
1 0
1 0
1 55559634
1 0
1 0
1 31960790
1 15969865
1 9181045
1 0
1 6716358
1 13187356
1 50110624
1 0
1 2903878
1 0
1 0
1 0
1 16329494
1 41111568
1 0
1 0
1 14291994
1 0
1 0
1 11463332
1 0
1 0
1 14337780
1 28713925
1 69629402
1 7654726
1 0
1 0
1 0
1 0
1 0
1 7575631
1 37697296
1 68195194
1 30084591
1 0
1 0
1 0
1 15831054
1 4898867
1 0
1 0
1 0
1 0
1 0
1 28699846
1 0
1 22079760
1 0
1 23696616
1 0
1 0
1 23610021
1 47137806
1 41841820
1 26419979
1 519374
1 78909327
1 0
1 21764859
1 0
1 0
1 41884134
1 4712931
1 25245974
1 0
1 144765
1 0
1 0
1 248198
1 0
1 12209335
1 9705734
1 53503394
1 0
1 0
1 48885112
1 0
1 82158071
1 0
1 11369146
1 21647493
1 84552767
1 70134281
1 0
1 0
1 71106902
1 0
1 0
1 0
1 0
1 24290616
1 1923778
1 0
1 65755589
1 0
1 7422066
1 0
1 16360659
1 10487130
1 0
1 83273187
1 0
1 1142695
1 11952977
1 0
1 69797906
1 0
1 0
1 0
1 75243058
1 0
1 0
1 0
1 0
1 18433644
1 8428390
1 0
1 9709742
1 59039109
1 76491505
1 54244415
1 0
1 478096
1 26233138
1 0
1 0
1 0
1 0
1 0
1 0
1 24873325
1 67027688
1 80132560
1 41551166
1 0
1 72503490
1 2854826
1 32464146
1 0
1 76747119
1 0
1 0
1 477007
1 22924296
1 0
1 0
1 0
1 1493638
1 0
1 0
1 80738086
1 64768310
1 0
1 0
1 42642329
1 79666767
1 0
1 0
1 33363387
1 2039372
1 29423068
1 9785636
1 9201511
1 0
1 0
1 0
1 0
1 15180342
1 0
1 0
1 88255029
1 0
1 16249646
1 0
1 0
1 0
1 12811708
1 55047749
1 0
1 0
1 0
1 0
1 30142191
1 47299556
1 23743689
1 81592440
1 76109048
1 0
1 21230797
1 40972570
1 0
1 44298938
1 0
1 0
919909 1588326
1 0
1 0
1 0
1 0
1 4448881
1 0
1 0
1 35167047
1 0
1 96586619
1 67447
1 33326094
1 0
1 26787561
1 54817556
1 46356919
1 92233269
1 0
1 39964580
1 0
1 0
1 0
1 1584499
1 1264743
1 0
1 15238226
1 17944651
1 0
1 1207607
1 0
1 71291423
1 0
1 48164662
1 3497890
1 0
1 91861012
1 97897863
1 0
1 0
1 0
1 9784634
1 0
1 0
1 0
1 56810474
1 33406588
1 44134403
1 45513118
1 35390902
1 50739667
1 11484317
1 0
1 0
1 0
1 79628084
1 40392876
1 96705341
1 0
1 0
1 0
1 42025995
1 0
1 4367926
1 0
1 0
1 35246509
1 4816544
1 31424712
1 0
1 12256822
1 0
1 0
1 56369072
1 62330806
1 4978711
1 0
1 0
1 0
1 81740460
1 55472402
1 96870738
1 0
1 0
1 8622635
1 79139986
1 0
1 52448494
1 20779703
1 0
1 0
1 2459426
1 0
1 75069976
1 0
1 87160804
1 0
1 0
1 33326922
1 46241243
1 0
1 0
1 0
1 41917556
1 19286594
1 0
1 0
1 87442331
1 105753267
1 0
1 4921858
1 79433255
1 49902260
1 2073973
1 7608384
1 81182506
1 15545004
1 0
1 75474713
1 27886522
1 0
1 89148201
1 0
1 0
1 92274015
1 0
1 69833210
1 23412845
1 0
1 50486087
1 297573
1 0
1 0
1 67718692
1 0
1 0
1 0
1 20897512
1 72096001
1 0
1 50397892
1 0
1 69240108
1 0
1 23707491
1 0
1 16222887
1 3633830
1 98065725
1 0
1 4902751
1 0
1 3183664
1 39621303
1 16892860
1 32477019
1 0
1 5350901
1 0
1 0
1 0
1 6536886
1 0
1 13186710
1 0
1 0
1 5747601
1 0
1 108787926
1 9225858
1 22301877
1 69961960
1 21786351
1 0
1 86989399
1 0
1 0
1 26022060
1 0
1 0
1 0
1 0
1 17123008
1 0
1 0
1 0
1 0
1 29714797
1 110316612
1 0
1 0
1 5133919
1 0
319929 75429983
1 0
1 0
1 0
1 0
1 22036421
1 13928838
1 0
1 0
1 4259456
1 0
1 31595844
1 52295595
1 39560987
1 63232565
1 0
1 2711705
1 0
663553 19228449
1 0
1 0
1 61692810
1 11257386
1 93317160
1 0
1 104008191
1 0
1 28400411
1 0
1 0
1 31339396
1 32619573
1 0
1 3992151
1 86005665
1 66216068
1 0
1 45674514
1 118665348
1 0
1 0
1 48768959
1 0
1 0
1 0
1 0
1 0
1 0
1 49383793
1 0
1 0
1 40560781
1 0
1 1773214
1 0
1 0
1 42328417
1 0
1 21199626
1 0
1 0
1 3704865
1 0
1 99559157
1 58008412
1 48502942
1 0
1 0
1 0
1 97137948
1 0
1 0
1 0
1 0
1 0
1 0
1 0
1 113431134
1 0
1 0
1 11665051
1 0
1 39292036
1 48677484
1 0
1 0
1 0
1 0
1 3783790
1 29606878
1 0
1 0
1 51968770
1 110935506
1 0
1 0
1 0
1 0
1 0
1 121771753
1 0
1 45589502
1 0
1 0
1 32480608
1 27403299
1 0
1 0
1 33388829
1 63754224
1 38512320
1 0
1 0
1 0
1 6376394
1 10656778
1 94739826
1 0
1 0
1 98975267
1 66508359
1 60607315
1 0
1 0
1 37096295
1 0
1 0
1 0
1 0
1 9197169
1 0
1 52422952
1 0
1 0
1 0
1 0
1 0
1 0
1 22044008
1 19211852
1 16827961
1 48616862
1 0
1 0
1 125885856
1 0
1 0
1 72949361
1 0
1 0
1 87900646
1 44274764
1 17691178
1 152270
1 95624823
1 0
1 0
1 0
1 0
1 68281301
1 23693244
1 0
1 0
1 3391360
1 0
1 0
1 21986362
1 108501736
1 97489167
1 70108541
1 0
1 51968700
1 0
1 51801911
1 52852418
1 13134662
1 14929665
1 83716635
1 129613283
1 587610
1 54767303
1 0
1 0
1 4720475
1 0
1 0
1 118842504
1 20127857
1 4929777
1 37619504
1 77989280
1 113569714
1 237977
1 37359
1 62035736
1 0
1 70999334
1 5985705
1 0
1 0
1 0
1 64073577
1 95081741
1 0
1 0
1 0
1 18234170
1 0
1 33915685
1 11786552
1 11177283
1 137118734
1 0
1 7644996
1 0
1 1853338
1 12633840
1 0
1 0
1 0
1 0
1 99470802
1 0
1 0
1 0
1 113102359
1 0
1 0
1 52856773
1 0
1 0
1 0
1 0
1 115106538
1 70743343
1 128023267
1 0
746337 24202815
1 0
1 87288854
1 0
1 58005762
1 137545887
1 0
1 0
1 87085962
1 0
1 14447311
1 0
1 83168008
1 102146199
1 0
1 29759013
1 0
1 0
1 0
1 0
1 74196612
1 38339662
1 96458451
276351 46467149
1 0
1 18002494
1 0
1 0
1 0
1 134997141
1 0
1 0
1 31882330
1 0
1 66985901
1 68258411
1 0
1 61272631
1 0
1 15791059
1 0
1 89638928
1 0
1 0
1 0
1 0
1 0
1 0
1 0
1 42622520
1 0
1 105999276
1 0
518641 42880195
1 0
1 45074900
1 49091544
1 9952941
1 31211363
1 16799146
1 0
1 4323268
1 124943927
1 0
1 0
1 89057290
1 0
1 132051780
1 0
1 0
1 0
1 0
1 128456180
1 0
1 6742032
1 0
1 125011442
1 0
1 0
1 109231459
1 132508352
1 147920704
1 100885074
1 0
1 142283510
1 93163882
1 0
1 0
1 0
1 129986109
1 24203207
1 12286303
1 10483273
1 118616497
1 0
1 72035662
1 0
1 500488
1 0
1 0
1 0
1 142261687
1 42313062
1 147255919
1 153168444
1 6471235
1 0
1 87933647
1 104328519
1 23111999
1 59941404
1 0
1 35098751
1 0
1 18820484
1 147822301
1 17322896
1 0
1 108442837
1 0
1 0
1 78761494
1 0
1 43270379
1 142392198
1 108613964
1 147029920
1 0
1 0
1 99425461
1 436615
1 0
1 115652148
1 0
1 0
1 0
1 0
1 0
1 0
1 73688811
1 0
1 0
1 0
1 0
1 100143314
1 134322537
1 113004330
1 92947118
1 88275677
1 0
1 1890830
1 156474149
1 0
1 39235304
1 0
1 9274731
1 0
1 0
1 23112182
1 0
1 36523711
1 0
1 144398195
1 0
1 14882042
1 0
1 0
1 0
1 51276917
1 1654256
1 0
1 70330653
1 103362629
1 95655359
1 48610302
1 12152656
1 0
1 32670413
1 0
1 0
1 0
1 62893699
1 0
1 110068061
1 0
1 0
1 0
1 0
1 12455173
1 58396370
1 0
1 162576789
1 0
1 2195737
1 0
1 0
1 10303015
1 0
1 79101898
1 23527317
1 119905458
1 0
1 24534816
1 0
1 0
1 0
1 0
1 0
1 15908859
1 0
1 69747788
1 0
1 14773273
1 0
1 86733348
1 0
1 22323544
1 4044814
1 0
1 0
1 62554162
1 0
1 0
1 0
1 0
1 0
1 0
1 126662919
1 88352628
1 24593636
1 0
1 3048747
1 0
1 0
1 53834755
1 140681736
1 0
1 158322846
1 0
1 0
1 15764630
1 0
1 0
1 0
1 0
1 0
1 167388860
1 31673659
1 0
1 0
1 0
1 0
1 146087228
1 0
1 83267553
1 150605758
1 0
1 0
1 88286113
1 0
1 0
1 0
1 0
1 0
1 0
1 0
1 0
1 0
1 16450960
1 0
1 0
1 4075000
1 96608466
1 3234615
1 0
1 0
1 88391282
1 61894351
1 43775133
1 3275498
1 42736535
1 0
1 172388527
1 0
1 0
1 0
1 6505790
1 0
1 0
1 0
1 0
1 0
1 0
1 0
1 111789552
1 38621661
1 0
1 94955046
1 0
1 0
1 32778980
1 19632585
1 20246702
1 131221030
1 0
1 0
1 0
1 9073769
1 0
1 79278444
1 0
1 0
1 70086797
1 29059877
1 64407702
1 0
1 172142834
1 82471684
1 5733
1 43849952
1 65085575
1 0
1 124618545
1 0
1 0
1 745940
1 37911095
1 0
1 0
1 0
1 0
1 16975913
1 73194008
1 0
1 8972645
1 16440447
1 134378964
1 81052220
1 4288050
1 0
1 0
1 56667338
1 113832280
1 53142051
1 91140410
1 0
1 90869032
1 119943358
1 29353889
1 50013838
1 89629735
1 88185319
1 85571580
1 164275994
1 65427375
1 0
1 0
1 133613535
1 0
1 0
1 0
1 0
1 0
1 65600660
1 141957596
1 153915283
1 25590185
1 0
1 0
1 69980600
1 0
1 0
1 0
1 19798512
1 50051551
1 140971227
1 15939665
1 133680977
1 19262648
1 71451169
1 0
1 4250628
1 129661344
1 11743558
1 0
1 127375838
1 4441574
1 0
1 72373036
1 77509758
1 9810270
1 93807424
1 121991322
1 0
1 59839393
1 62287121
1 20122076
1 3702750
1 1948108
1 6995616
1 0
1 38690332
1 0
1 0
1 0
1 32928896
1 0
1 0
1 0
1 0
1 78045074
1 170966505
1 0
1 0
1 117227238
1 0
1 46824377
1 28960894
1 58886689
1 0
1 125561849
1 176597233
1 111786687
1 84990702
1 185874
1 117321375
1 0
1 0
1 0
1 38867274
1 0
1 0
1 35415477
1 85725770
1 0
1 42820797
1 0
1 0
1 85653042
1 38583698
1 5512660
1 166082142
1 0
1 58823540
1 0
1 65873420
1 0
1 0
1 0
1 0
1 0
1 59711612
1 118277103
1 0
1 0
1 0
1 1378601
1 0
1 0
1 0
1 0
1 66674862
1 109336559
1 0
1 35674382
1 122356851
1 0
1 0
1 139595091
1 0
1 16520463
1 107388681
1 12332800
1 71175097
1 155444034
1 0
1 0
1 0
1 0
1 0
1 0
1 62376720
1 186664730
1 102971709
1 70555541
1 59597331
1 65539817
1 0
1 9764430
1 0
1 0
1 0
1 0
1 0
1 0
1 45112445
1 58784312
1 40696697
1 0
1 128722239
1 0
1 0
1 0
1 126179894
1 0
1 27544319
1 0
1 23936789
1 0
1 0
1 0
1 0
1 0
1 0
1 0
1 0
1 172106840
1 120455251
1 107786167
1 0
1 0
1 0
1 108261120
1 0
1 171936345
1 0
1 179072960
1 0
1 83518285
1 125593333
1 0
1 140431489
1 0
1 0
1 170546161
1 0
1 152605530
1 70492716
1 97446943
1 0
1 28721370
1 0
1 90673875
1 44381398
1 153601642
1 0
997224 875416
1 0
1 62640684
1 0
1 184010985
1 13152687
1 161159798
1 80133555
1 10996766
1 30950703
1 21235651
1 28540126
1 0
1 23999793
1 0
1 8647981
1 26470150
1 0
1 0
1 0
1 0
1 89960593
1 0
1 80744144
1 0
1 109773608
1 0
1 0
1 26207919
1 12755428
1 0
1 34176557
1 32074032
1 0
1 21250093
1 41506431
1 0
1 0
1 13021080
1 0
1 0
1 133585660
1 161579472
1 93580981
1 0
1 0
1 111545168
122201 177366190
1 68948300
1 0
1 0
1 5195514
1 0
1 0
1 0
1 16069830
1 32942879
1 57118081
1 0
1 0
1 123130450
1 0
1 31922669
1 0
1 0
1 0
1 0
1 0
1 36751673
1 89464606
1 8323630
1 0
1 0
1 0
1 33272488
1 46712394
1 14802728
1 31908214
1 0
1 0
1 111664138
1 0
1 5009967
1 11170446
1 169953565
1 13391720
1 0
1 0
1 155948666
1 2632607
1 0
1 105027212
1 0
1 0
1 191622061
91751 105758121
1 160056889
1 160572771
1 8757038
1 0
1 187942164
1 0
1 0
1 128727638
1 141163311
1 0
1 0
1 0
1 0
1 159373473
1 170157820
1 124097764
1 22793935
1 0
1 0
1 143996494
1 42660570
1 10281917
1 0
1 0
1 0
1 0
1 0
1 107667289
1 0
1 0
1 52773330
1 0
1 0
1 52017387
1 1653042
1 0
1 0
1 55835755
1 130920914
1 0
1 67688605
1 0
1 124496407
1 0
1 0
1 0
1 10881197
1 0
1 138320301
1 0
1 0
1 20090003
1 0
1 7747870
1 207558699
1 0
1 11047576
1 0
1 171070567
1 17487640
1 0
1 0
1 145077705
1 0
1 0
1 0
1 61516659
1 0
1 106151765
1 0
1 72839053
1 0
1 0
1 23417168
1 0
1 0
1 3643692
1 173849073
1 0
1 5585652
1 0
1 0
1 0
1 49376206
1 0
1 0
1 63669836
1 20499561
1 0
1 183404255
1 137640975
1 0
1 21466416
1 0
1 23715516
1 79621842
1 0
1 0
1 0
1 137557376
1 92895601
1 0
1 65181413
1 505767
1 0
1 0
1 0
1 96446751
1 98186283
1 20293081
243637 121355765
1 0
1 0
1 0
1 54853061
1 0
1 29054979
1 0
1 94796565
1 172378538
1 145653157
1 0
1 0
1 79838054
1 103337923
1 0
1 0
1 0
1 0
1 0
1 0
1 58504621
1 0
1 28457319
1 0
1 200893557
1 0
1 0
1 73780638
1 0
1 86514900
1 79624273
1 94777111
1 0
1 0
1 71687615
1 0
1 61545222
1 0
1 156263949
1 0
1 0
1 5760646
1 7895538
1 0
1 0
1 88963688
1 0
1 149190208
1 0
1 0
1 0
1 166433679
1 101818512
1 39156978
1 118267664
1 94538642
1 0
1 102800530
1 2251630
1 0
1 36296357
1 65586854
1 108741727
1 0
1 74508990
1 24941250
1 0
1 0
1 0
1 0
1 167455279
1 12869879
1 81797262
1 0
1 0
1 90029512
1 0
1 0
1 0
1 0
1 0
1 133828087
1 155240122
1 0
1 0
1 163299473
1 461110
1 10360746
1 0
1 13491962
1 0
1 18534528
1 37118
1 0
1 112907259
1 0
1 0
1 0
1 0
1 0
1 180372701
1 0
1 4016607
1 129287746
1 0
1 125096222
1 12342968
1 53387811
1 0
1 0
1 41701332
1 0
1 0
1 0
1 56377439
1 0
1 0
1 0
1 28086536
1 0
1 0
1 0
1 55088326
1 180997384
1 0
1 0
1 0
1 107975043
1 0
1 0
1 92916471
71873 118483397
1 0
1 0
1 131219999
1 82142603
1 0
1 0
1 0
1 0
1 139025139
1 0
1 190125713
1 0
1 0
1 0
1 0
1 0
1 0
1 0
1 0
1 67968026
1 34478720
1 74659484
1 17125507
1 0
1 197756854
1 5417731
1 3937948
1 0
1 4573829
1 0
1 138678011
1 0
1 107404496
1 0
1 88646484
1 181986241
1 0
1 12006246
1 0
1 0
1 40751812
1 114344185
701049 30383930
1 0
1 91353147
1 0
1 0
1 0
1 32274023
1 840973
1 11024649
1 170682357
1 0
1 194970613
1 0
1 8274083
1 14047517
1 0
1 0
1 0
1 212668887
1 82297558
1 0
1 0
1 45289257
1 0
1 0
1 0
1 48663952
1 191912298
1 0
1 0
1 0
1 200356385
1 0
1 147963196
1 120449668
1 22947378
1 0
1 153560260
1 180877605
1 212818304
1 177635479
1 199461297
1 149832730
1 0
1 13272180
1 0
1 0
1 160595073
1 0
1 0
1 36571589
1 24487352
1 108989581
1 191741493
1 210944857
1 0
1 42300391
1 2975977
1 0
1 0
1 0
1 0
1 67976460
1 53469813
1 11916738
1 38895602
1 0
1 17126717
1 87030696
1 65015304
1 179057464
1 29819464
1 0
1 0
1 57460913
1 0
1 0
1 54433972
1 221788411
1 0
1 20090965
1 231123467
1 0
1 104049554
1 69372025
1 162344077
1 0
1 89382862
1 94123279
1 177840141
1 0
1 0
1 158038235
1 0
1 67307067
1 228689570
1 0
1 25033166
1 0
1 0
1 0
1 161331328
1 174543369
1 0
1 4900759
1 158554610
1 0
1 1951901
1 0
1 67807030
1 0
1 66386315
1 177160517
1 158746021
1 0
1 0
1 0
1 0
1 0
1 5830526
1 215558486
1 146754274
1 181305490
1 193135923
1 0
1 0
1 0
1 0
709301 57198782
1 150583383
1 0
1 199440005
1 70130335
1 25441590
1 0
1 0
1 0
1 0
1 82524891
1 0
1 2097013
1 0
1 172788051
1 0
1 0
1 0
1 0
1 0
1 0
1 0
1 0
1 201701925
1 200484234
1 0
1 0
1 0
1 0
1 0
1 0
1 82121359
1 50266101
1 0
1 101771584
1 146610344
1 0
1 0
1 0
1 124908216
1 47512030
1 0
1 7241427
1 0
1 0
1 109437415
1 34802887
1 64163234
1 0
1 0
1 0
1 0
1 14186636
1 158519880
1 45863812
270062 183755089
1 11376592
1 131457693
1 0
1 7624844
1 0
1 0
1 196968493
1 107218809
1 108106482
1 7629738
1 15592300
1 96909708
1 0
1 0
1 23330881
1 65649644
1 0
1 0
1 0
1 0
1 59942646
1 0
1 1258331
1 0
1 0
1 121343835
1 23000710
1 168920832
1 16127197
1 0
1 188999529
1 85762293
1 1906941
1 0
1 204156978
1 26058042
1 0
1 0
1 0
1 78953207
1 212199818
1 205555195
1 108836019
1 0
1 0
1 0
1 132322285
1 0
1 1270569
1 0
1 0
1 43356731
1 0
1 64880678
1 0
1 0
1 0
1 160965442
1 46202684
1 189286705
1 196637374
1 523534
1 0
1 63574823
1 13147578
1 132808779
1 103686173
1 184471861
1 0
1 51111073
1 157042365
1 101895524
1 113728950
1 0
881808 22623304
1 440112
1 0
1 228381645
1 0
1 139267776
1 0
1 0
1 0
1 0
1 0
1 238003842
1 0
1 209512684
1 21822221
1 33482205
1 0
1 0
1 0
1 46231305
1 0
1 0
1 58290564
1 194778293
1 90741166
1 0
1 26221777
1 0
1 51026524
1 0
1 0
1 0
1 4957993
1 13290801
1 77691268
1 0
1 0
1 0
1 43836389
1 0
1 15050440
1 0
1 12191094
1 2701640
1 0
1 0
1 0
1 165169192
1 16368
1 0
1 107578464
1 0
1 20542058
1 0
1 98310732
1 0
1 182128966
1 0
1 0
1 0
1 28522924
1 225219210
1 0
1 133754
1 0
1 0
1 0
1 60846026
1 0
1 0
1 0
1 37221667
1 220461459
1 115536825
1 45282059
1 1084225
1 6764848
1 0
1 240079673
1 179126674
1 89175667
1 90370156
1 0
1 107430417
1 35043004
1 167050588
1 0
1 0
1 225492348
1 0
1 0
1 87939675
1 258606112
1 0
1 200683210
1 16786633
1 0
1 0
1 0
1 184056013
1 0
1 0
1 0
1 0
1 0
1 231561962
1 204849657
1 0
1 164161919
1 217869034
709301 24060141
1 75922628
1 824007
1 0
1 0
1 5722099
1 166784265
1 0
1 7768014
1 0
1 0
1 97030619
1 16030577
1 0
1 0
1 37815001
1 138147673
1 0
1 0
1 5128182
1 168981090
1 157104834
1 0
1 0
1 244957908
1 0
1 0
1 0
1 0
1 88237698
1 0
1 124282425
1 171540522
1 202541789
1 0
1 0
1 71845139
1 0
1 0
1 55278441
1 0
1 91141285
1 21387227
1 0
1 0
1 0
1 0
1 75064354
1 0
1 0
1 0
1 147446811
1 0
1 186072730
1 0
1 262428405
1 27883809
1 0
1 37433504
1 0
1 72508886
1 0
1 117043390
1 27909876
1 44852714
1 9867537
1 105155062
1 52560408
1 45356541
1 0
1 0
323515 134078399
1 160544551
1 227180349
1 0
1 0
1 45046319
1 4737666
1 0
1 14504775
1 119232718
1 0
1 103016438
1 0
1 209481774
1 177113373
1 0
1 57478928
1 9487846
1 26581127
1 101839
1 23073125
1 118659456
1 31791919
1 0
1 225426637
186730 48998080
1 0
1 194505025
1 0
1 0
1 0
1 0
1 234677487
1 0
1 27755975
1 2021700
1 22248843
914629 15849165
1 5266303
1 0
1 106433151
1 0
1 0
1 0
1 0
1 0
1 147149221
1 169343110
1 0
1 0
1 205760959
1 0
1 0
1 275661320
1 208636627
1 67393190
1 0
1 0
1 141027783
1 0
1 181683916
1 0
1 0
1 96344631
1 0
1 0
1 170164842
1 60027282
1 277355348
1 0
1 32425339
1 258227967
1 180761599
1 0
1 0
1 0
1 0
1 0
1 22953260
1 233209449
1 0
1 0
611893 52780989
1 29128361
1 0
1 0
1 140136962
1 0
1 0
1 0
1 0
1 193856726
1 0
1 0
1 0
1 77943359
1 0
1 65496291
1 75741739
1 257190143
1 168616154
1 148776763
1 97454075
1 148524640
1 0
1 17306160
1 0
1 61061059
1 0
1 0
1 111861337
1 256912283
1 35620220
1 0
1 0
1 0
1 1908305
1 0
1 0
1 1998011
1 0
1 0
1 90379125
1 41360436
1 0
1 0
1 70221034
1 0
1 30378678
1 0
1 17728884
1 0
1 0
1 165450594
1 182591452
1 0
1 0
1 152763175
1 0
1 0
1 0
1 116108266
1 106067765
1 0
1 90549294
1 0
1 0
1 271156778
1 0
1 0
1 0
1 105246904
1 0
1 17799004
1 66689823
1 268218410
1 0
1 0
1 0
1 0
1 0
1 52821189
1 0
1 0
1 0
1 55895242
1 0
1 0
1 211734859
1 0
1 250427997
1 0
1 218726679
1 236871498
1 172764763
1 0
1 0
1 0
1 0
1 0
1 24664615
1 0
1 0
1 0
1 74652476
1 0
1 221237976
1 111681356
1 91245287
1 0
1 0
1 0
1 0
1 0
1 243011218
1 0
1 0
1 236497955
1 0
1 0
1 0
1 0
1 40743258
1 78439969
1 38623218
1 73997947
1 293791030
1 0
1 0
1 0
1 57310926
1 0
1 0
1 61445910
1 95279331
1 5763728
1 93718149
1 77436165
1 233743604
1 0
1 0
1 155891047
1 20179512
1 0
1 0
1 0
1 77224859
1 0
1 0
1 0
1 92437175
463504 140402584
1 147251797
1 0
1 0
1 0
1 0
1 0
1 43384756
1 188835432
1 0
1 244189523
1 38915424
1 23716906
1 20541622
1 0
1 156637960
1 213462729
1 0
1 143640408
1 0
1 0
1 0
1 18681630
1 0
1 199548124
1 0
1 0
1 0
1 0
1 0
1 202972263
1 0
1 0
1 156178219
1 0
1 91319986
59003 189597788
1 0
1 0
1 0
1 12704998
1 0
1 0
1 0
1 128033585
1 191437583
1 140839372
1 99104405
1 0
1 147595620
1 225062061
1 66413121
1 0
1 0
1 45153194
1 0
1 0
74241 226220590
1 248261657
1 0
1 0
1 0
1 0
1 0
1 303039776
1 61229692
1 52558168
1 0
1 254056808
1 0
1 191085753
1 1756771
1 0
1 0
1 197197742
1 91031321
1 93416195
1 0
1 0
1 20610163
1 86973953
1 270617635
1 0
1 0
1 0
1 0
1 33764606
1 223053535
1 8748294
1 0
1 76345052
1 0
1 0
1 1898330
1 0
1 80558971
1 1682499
1 0
1 158411778
1 0
1 101679168
1 69000240
1 108437927
1 87324746
1 0
1 0
1 20628410
1 17211079
1 0
1 0
1 272800218
1 0
1 0
1 0
1 0
1 0
1 0
1 927081
1 301648238
1 246102531
1 281841786
1 0
1 0
1 0
1 0
1 0
1 0
1 0
1 0
1 218212777
1 0
1 90870064
1 0
740331 75256117
1 3408317
1 0
1 48244325
1 0
1 219383074
1 0
1 47247952
1 0
1 7348926
1 29741302
1 0
1 110970387
1 0
1 127792354
1 110928862
1 0
1 0
1 80850917
1 1117403
1 74779739
1 0
1 30703362
1 53561230
1 0
81711 213919660
1 0
1 191834569
1 0
1 0
1 0
1 0
1 0
1 0
1 204412695
1 113797823
1 0
1 41132292
1 0
1 0
1 122706630
1 0
1 0
1 0
1 131114233
1 0
1 98900494
1 0
1 211408589
1 0
1 25701866
1 0
1 0
1 0
1 94924086
1 0
1 0
1 0
1 0
1 0
1 0
1 0
1 209541620
1 0
1 120062400
832049 41757188
1 0
1 0
1 7463812
1 51315956
1 72224537
1 0
1 0
1 0
1 0
1 8973802
1 0
1 0
1 21194312
1 291940952
1 79194403
1 120233217
1 8937766
1 26512723
1 261693226
1 36552370
1 245855014
1 0
1 0
1 0
1 0
1 0
1 0
1 0
1 53549306
1 1017496
1 0
1 43893695
1 308706715
1 0
1 3907128
1 0
1 0
1 0
1 0
1 0
1 0
1 115422885
1 0
1 0
1 163734567
1 0
1 202921397
1 0
1 189831426
1 16381027
1 108435933
1 30892613
1 136811363
1 0
1 83703114
1 323580056
1 9552971
1 0
1 0
1 0
1 67128951
1 40467911
1 63118196
1 0
1 0
1 0
1 9204019
1 144708733
1 241020001
1 241139993
1 0
1 0
1 0
1 52686805
1 93682547
1 0
1 23630110
1 0
1 0
1 255414917
1 0
1 28132989
1 61043825
1 0
1 324653948
1 9689120
1 156733830
1 61585071
1 0
1 0
1 55967172
1 5185639
1 15566482
1 0
1 0
1 0
1 0
1 64576106
1 0
1 30640886
1 24397073
1 93822236
1 0
1 259730781
1 0
1 0
1 0
1 0
1 54246211
1 0
1 91082553
1 85265566
1 35999516
1 0
1 212501852
1 206983802
1 145850246
1 160909713
1 3425650
1 0
1 0
1 61159824
1 45785824
1 171990848
1 0
1 78402665
629611 57465105
1 0
1 293047070
1 0
1 121276517
1 0
1 0
1 140615798
1 234713263
1 0
1 0
1 0
1 0
1 77948209
1 0
1 0
1 0
1 0
1 129546784
1 234274639
1 129098281
1 8731312
1 274035515
1 0
1 50413336
1 0
1 0
1 66476925
1 0
1 134151029
1 19606544
1 29891365
1 0
1 95483138
1 0
1 77757416
1 0
1 201112564
1 141248385
1 55615506
1 0
1 14250075
1 0
1 0
1 12315685
1 0
1 67789447
1 57601895
1 0
1 0
1 0
1 328608
1 1883738
1 0
1 0
1 0
1 0
1 15344310
1 0
1 0
1 263375748
1 340714604
1 210912144
1 12080628
1 0
1 0
1 0
1 0
1 0
1 289749609
1 310909453
1 3491420
1 171363404
1 0
1 139034963
1 185011454
1 0
1 0
1 0
1 0
1 45378090
1 0
1 0
1 0
1 84600666
1 141873767
1 0
1 0
1 0
1 145315205
1 49746629
1 188032888
1 0
1 0
1 0
1 90967721
1 0
1 161621134
1 0
1 136064890
1 0
1 0
1 0
1 91215198
1 0
1 0
1 0
1 195041921
1 0
1 0
1 152676678
429061 162562218
1 0
1 137382695
1 0
1 173061896
1 37725919
1 3400171
1 205536990
1 0
1 0
1 117176371
1 0
1 0
1 0
1 213129859
1 0
1 111317868
1 0
1 313581721
1 0
1 0
1 90783360
1 38813807
1 103605021
1 173086754
1 159757473
1 0
1 0
1 65377751
1 114415589
1 0
1 0
1 178331365
1 192011424
1 21947130
1 0
1 37013046
1 15946136
1 45098624
1 2704940
1 175626608
1 12733821
1 58779519
1 0
1 0
1 104787598
1 0
1 0
1 0
1 0
90389 200718702
1 0
1 0
1 0
1 5923576
1 0
1 0
1 74025206
1 0
1 0
1 128360646
1 0
1 112582555
1 0
1 0
1 0
1 0
1 0
1 228376764
1 0
1 163606656
1 0
1 274630998
1 9870427
1 0
1 0
1 0
1 0
1 0
1 0
1 0
1 219117251
1 113181353
1 155717411
1 0
1 0
1 259585764
1 0
1 0
1 263861202
1 0
1 148432943
1 219752088
1 0
1 54274195
1 0
1 0
1 330672850
1 215109333
1 340152173
1 0
1 0
1 310896825
1 0
1 0
1 0
1 0
1 303742343
1 338911667
1 0
1 0
1 0
1 357688874
1 0
1 41500814
1 32590651
1 87915257
1 0
1 218622424
1 728869
1 0
1 162641916
1 0
1 141562266
1 0
383750 219557786
1 0
1 0
1 0
1 244395729
1 0
1 2532769
1 219355789
1 0
1 94690818
1 0
1 0
1 0
1 0
1 278607835
1 0
248132 70611352
1 324963728
1 316716645
1 0
1 53006107
1 0
1 88050852
1 40801897
1 0
1 0
1 0
1 0
1 0
1 123316479
1 0
1 187320594
1 35344995
1 246923742
1 0
1 305043770
1 0
1 124928671
1 55654337
1 65620366
1 0
1 123631653
1 228269745
1 0
1 335768184
1 301507544
1 24702554
1 0
1 0
1 60697676
1 109408902
1 151439428
1 0
1 13573871
1 127216554
1 0
1 0
1 151182414
1 2471721
1 0
1 0
1 173750550
1 0
1 0
1 0
1 310284466
1 0
1 0
1 254321914
1 312880163
1 12806922
1 0
1245 257152352
1 0
1 0
1 0
1 245921597
1 0
1 251406244
1 0
1 0
1 142687629
1 260943755
1 0
1 0
1 0
1 50443481
1 0
1 3247549
867809 41280011
1 94251466
1 52808250
1 123007112
1 0
1 81221377
1 0
1 0
1 86746247
1 0
1 138085818
515733 118439306
1 65747400
1 0
1 0
1 0
1 251152587
1 0
1 157175805
1 297280418
1 0
1 0
1 219040675
1 0
1 296956717
1 0
1 234871941
1 75611868
860868 35585033
1 200732574
1 0
1 299593759
1 0
1 197632446
1 0
1 0
1 0
1 0
1 0
1 86129716
1 56512239
1 0
1 289986499
1 120504475
1 0
1 57920668
1 0
1 0
1 360949231
1 372048597
1 194929350
1 9769818
1 0
1 0
1 301937205
1 0
1 0
1 99028896
1 33961803
1 0
1 0
1 350953943
1 0
1 205064345
1 74765376
1 308643011
1 246373876
1 0
1 0
318945 223195148
1 119364897
1 0
1 29498402
1 0
1 295666203
1 363156429
1 69678348
1 197470261
1 194883618
1 0
1 0
957940 14393404
1 261884763
1 0
1 292700156
1 0
1 0
1 151130364
1 0
1 41265
1 0
1 0
465073 173994621
1 0
1 0
1 189187760
1 8922419
1 197764623
1 0
1 0
1 0
1 344837998
1 154788221
1 0
1 0
1 0
1 60371138
1 0
1 0
1 326694539
1 0
1 0
1 0
1 0
1 152800842
1 66657887
1 129939555
1 148236708
1 86264815
1 204277210
1 83243079
1 0
1 13668402
1 2752813
1 0
1 126499890
1 0
1 7251775
1 141847537
1 92216552
1 102217804
1 0
1 0
1 263759074
1 0
1 21271753
1 232910595
1 0
1 0
1 31560167
1 89563470
1 0
1 0
1 0
1 33878191
1 29321236
1 0
1 0
1 0
1 320651814
1 361531600
1 49978440
131758 301576855
1 240550286
1 0
1 104264286
1 0
1 0
1 0
1 147310560
1 87313150
1 0
1 0
1 2204195
1 0
1 183771634
1 0
1 41525418
1 0
1 0
1 0
1 164842135
1 0
1 0
1 118641064
1 151392740
1 0
1 20993738
1 246561700
1 0
1 0
1 0
1 0
1 0
1 0
1 0
1 0
1 7641699
1 0
1 0
1 0
1 77690426
1 0
1 108523203
1 191838068
1 369100764
1 0
1 361933009
1 0
1 0
1 332022781
1 57377880
1 0
1 323519657
1 0
1 0
1 0
1 0
1 323028124
1 350643016
1 274299229
1 0
1 0
1 0
1 0
1 0
1 111675267
1 0
1 0
1 0
1 0
1 0
1 0
1 157690158
1 0
1 0
1 0
1 0
1 0
1 0
1 0
1 388630078
1 5037303
1 0
1 0
1 0
1 0
1 312227481
1 253217349
1 0
1 59177126
1 0
1 163377050
1 0
1 9027096
1 335926746
1 128585669
1 0
1 166396030
1 131701968
1 0
1 174740253
1 0
1 292154702
1 91330842
1 58668716
1 17790296
1 0
1 116008204
1 79369092
1 0
1 0
1 0
1 362606029
1 0
1 0
1 159203739
1 58396091
1 0
1 0
1 0
1 0
1 170510664
1 0
1 0
1 0
1 171445877
1 0
1 0
1 0
1 0
1 0
1 0
1 0
1 132277395
1 0
1 138061434
1 159403686
1 160590260
1 0
1 0
1 58357426
1 0
1 260851295
1 0
1 0
1 0
1 7324725
1 0
1 0
1 0
1 0
1 0
1 0
450945 142780457
1 132895746
1 381738661
1 172121766
1 0
1 0
1 0
1 0
1 315438548
1 0
1 20586416
1 0
1 61769807
1 0
1 205330099
1 209281120
1 168895120
1 40687625
1 0
1 0
1 0
1 384433425
1 0
1 0
1 0
1 96027384
1 233115829
1 120899219
1 0
1 0
1 0
1 51342420
1 201053703
1 0
1 86947801
1 87760677
1 0
1 0
1 0
1 0
1 0
1 0
1 0
1 116109880
1 0
1 253874321
1 0
1 109911616
1 0
1 0
1 0
1 49521011
1 0
1 0
1 63808364
1 0
1 148185156
1 0
1 0
1 224023758
1 0
1 0
1 51678351
1 0
1 0
1 0
1 37024837
1 0
1 44126780
1 0
1 383738368
1 0
1 0
1 232093623
1 64090024
1 0
1 76974503
1 199927919
1 392202241
1 4240680
1 0
1 0
1 296789396
1 254575218
1 0
1 138640949
1 76728601
1 0
1 341642920
1 0
1 0
1 350410804
1 359344322
1 0
1 0
1 203722494
1 0
1 0
1 49497379
1 68930312
1 0
1 0
1 4866149
1 0
1 0
1 0
1 0
1 0
1 0
1 75620737
1 75492232
1 0
1 62768729
1 0
1 0
1 130821054
1 0
1 0
1 291633638
1 0
1 0
1 131991832
1 43022891
1 0
1 142392833
1 0
1 0
1 29997900
1 0
1 267964440
1 0
1 8652893
1 0
1 0
1 0
1 0
1 0
1 58877687
1 0
1 0
1 0
1 87994357
1 86313382
1 101545911
1 0
1 293180034
1 0
1 0
1 0
1 136938914
1 0
1 0
1 0
1 0
1 0
1 393605335
1 87526474
1 85786661
1 0
1 327913206
1 213846101
1 366514029
1 389677655
1 0
1 149189541
1 115395087
1 0
1 63582504
1 138428095
1 6992477
1 0
1 0
1 226498854
1 362904070
1 369905600
1 174860706
1 245705373
1 102635799
1 0
1 0
1 0
1 79642797
1 75360584
1 100624647
1 252543521
1 0
1 218995477
1 1728458
1 0
1 0
1 0
1 0
1 301587791
1 281357785
1 338195043
1 142966088
1 234789103
1 79467034
1 350189610
1 213721345
1 0
1 0
1 352619821
1 20484603
1 1761853
1 0
1 85799647
1 70304670
1 0
1 147038100
1 186503924
1 0
1 0
1 233103158
1 0
1 0
1 0
1 0
1 0
1 145723825
1 0
1 203540882
1 0
1 53341252
1 0
1 0
1 202597865
1 0
1 0
1 278202868
1 0
1 0
1 110275939
1 103669538
1 314622924
1 0
1 0
1 106479528
1 6568892
1 0
1 334737437
1 79995847
1 396223750
1 164095025
1 0
1 0
1 193108387
43449 366195189
1 411654624
1 26394204
1 96966225
1 259121273
1 379097914
1 0
890625 35891112
1 197932151
1 0
1 0
1 0
1 0
1 0
1 0
1 0
1 53613682
1 141269507
1 0
1 350687420
1 157840276
1 0
1 0
1 147557987
1 0
1 0
1 0
1 0
1 224002179
1 60847507
1 0
1 355776908
1 43506318
1 0
294401 91604897
1 2607255
1 144297537
1 0
1 0
1 0
1 0
1 0
1 194516945
1 0
1 0
1 0
1 0
1 43898814
1 246940490
1 120882713
1 43446272
1 0
1 361163164
1 81726375
1 0
1 198144418
1 0
1 285536151
1 48286732
1 0
1 222321987
1 0
1 158007856
1 0
1 33392628
1 116781515
1 382973077
1 380029912
1 0
1 0
1 218466366
1 157850406
1 0
1 0
1 216286164
1 183358771
1 0
1 0
1 265639133
1 0
1 0
1 0
1 38972325
1 0
1 0
1 0
1 0
1 327979184
1 0
1 213976240
1 0
1 312828256
1 143936796
1 0
1 0
1 40639021
1 0
1 1832396
1 87728957
1 156851700
1 117837968
1 102312906
1 0
1 208293878
1 69666609
1 230566155
1 52410023
1 0
1 395585754
1 343304962
1 0
1 120589661
1 37960941
1 0
1 0
1 198852863
1 0
682191 127291571
1 20927680
1 4580432
1 0
1 0
1 0
1 0
1 298387605
1 87747152
1 0
1 83975186
1 50978748
1 0
1 3916181
1 32117848
1 430162917
1 0
1 0
1 0
1 0
1 0
171659 266136468
1 179246201
1 142175827
1 374714538
1 0
1 146149854
1 0
1 0
1 137466111
1 11522297
1 72900449
1 406480995
1 0
1 0
1 244895794
1 93122384
1 0
1 0
1 0
1 183817993
1 46695557
1 0
1 0
1 234896042
1 117787792
1 0
1 0
1 0
1 31883769
986569 3235994
1 0
1 0
1 0
1 0
1 0
1 24995386
1 288668667
1 0
1 2103492
1 0
1 0
1 87850447
1 0
1 46558176
1 0
1 369102451
1 29412294
1 243489456
1 54824166
1 86297844
1 278963911
1 0
1 691206
1 247493536
1 0
1 0
1 137019240
1 102504453
1 0
1 386744389
1 0
1 0
1 0
1 0
1 0
1 0
1 0
1 212043130
1 20197143
1 0
1 0
1 0
1 0
1 0
1 0
1 0
1 0
1 0
1 48444790
1 0
1 7551777
1 0
1 0
1 0
1 0
1 127624258
1 268225698
1 0
1 0
1 0
1 0
1 0
1 13950579
1 0
1 431647779
1 42052788
1 0
1 0
1 0
1 0
1 325303127
1 95467224
1 311019280
1 338880019
1 441393590
1 0
1 22141971
909001 37117675
1 203640679
1 0
1 0
1 0
1 0
1 286022729
1 0
1 73176438
1 0
1 0
1 0
1 0
1 0
1 299200580
1 0
1 61984530
1 280163571
1 0
1 383542906
1 97369955
1 0
1 0
1 130183
1 322390351
1 0
1 0
1 71579544
1 348699589
1 0
1 0
1 102674763
1 0
1 0
1 198792563
1 0
1 0
1 0
1 392241691
1 0
1 54265014
1 0
1 0
1 0
1 15505369
1 68272163
1 53988885
1 16079121
1 12723837
1 0
1 0
1 0
1 4379345
1 109718838
1 0
1 175808728
1 19924471
1 378640371
1 0
1 0
1 0
1 173799856
1 98870936
1 0
1 34624201
1 0
1 0
1 0
1 119467962
1 0
1 205514387
1 0
1 0
1 0
1 157214643
1 0
1 0
1 11364984
1 0
1 3343408
1 275992329
1 0
1 0
1 0
1 0
1 40527394
1 0
1 0
1 0
1 382879827
690393 101336821
1 0
1 0
1 0
1 0
1 87290084
1 369902846
1 0
1 48871043
1 304569900
1 2621277
1 49869908
1 322353280
1 0
1 445260465
1 0
1 0
1 433873599
1 23358375
1 87781380
1 0
1 20450677
1 0
1 0
1 48702566
1 0
1 0
1 0
1 0
1 0
547657 128701103
1 0
1 0
1 0
1 333243981
1 0
1 0
1 209246966
1 157592057
1 406101149
1 0
1 0
1 0
1 0
1 101230087
1 101030393
1 269535060
1 257915395
1 0
1 0
1 375099428
1 175891947
1 172820358
1 0
1 0
1 0
1 393236381
1 0
986241 6064497
1 0
1 17171502
1 454848704
1 445284038
1 101338662
1 0
1 99427592
1 0
1 0
1 0
1 0
1 0
1 0
1 21644408
1 68160729
1 76281659
907181 18761518
1 0
1 6350265
1 0
1 57126255
1 315152076
947029 18451033
1 256588055
1 48090872
1 396577417
1 0
1 117655965
1 75135594
1 431412866
1 0
1 187069808
1 0
1 247943725
1 144330747
1 50842678
1 192570396
1 0
1 84736781
1 227765785
1 39446829
1 210297598
1 0
1 0
1 0
1 188483071
1 222037089
1 0
1 97971873
1 353049819
1 0
1 18627449
1 32408542
1 0
1 60191527
1 151506865
1 0
1 0
1 142507219
1 0
1 0
1 73603658
1 234338128
1 195443103
1 450848386
1 0
1 194607060
1 0
1 44500535
1 0
1 49806914
1 0
217941 309812938
1 0
1 167840931
1 170071999
1 9323317
1 58126942
1 0
1 319690691
1 0
1 0
1 0
373047 164188516
1 8638156
1 0
1 0
1 0
1 0
1 85619747
1 309590116
1 23013998
1 0
1 262037105
1 0
1 8894394
1 22649636
1 299655290
1 314920013
1 0
1 73319028
1 0
1 0
1 10737395
1 0
1 340345905
1 176342662
1 0
1 66328
1 0
1 383835542
1 0
1 0
1 0
1 0
1 325568436
1 7302476
1 295199843
1 428065371
1 0
1 0
1 0
1 0
1 243511969
1 0
1 119631324
1 431207202
1 283530905
1 24882631
1 0
1 0
1 0
1 0
1 0
1 0
1 206719875
1 0
1 0
1 0
1 0
1 334939719
1 41577966
1 347656257
1 0
1 345276751
1 452180559
1 0
1 0
1 148562937
1 0
1 0
364949 254275221
1 0
1 0
1 0
1 1286866
1 0
1 134925126
1 0
1 0
1 94280961
1 162099776
1 152760303
1 254238210
1 0
1 0
1 97730229
1 255309903
1 250499047
1 223836605
1 335017792
1 0
1 0
1 0
1 407677238
1 312931749
1 0
1 0
1 327899893
1 270462333
1 0
1 0
1 0
1 0
1 145772337
1 0
1 0
1 279361130
1 0
1 0
1 0
1 235886212
1 53621047
1 0
1 0
1 323197635
1 0
1 0
1 0
1 130709660
1 0
1 6364422
1 251354473
1 0
734273 102888132
1 0
1 0
1 0
1 10848292
1 0
1 0
385204 187059162
1 0
480440 79846931
1 180637438
1 244023149
1 208977885
1 0
1 0
1 85996449
1 32817952
1 0
1 0
1 0
1 307952752
1 0
389579 127084161
1 69717287
1 0
505773 149689182
1 0
1 0
1 0
1 0
1 0
1 167366617
1 49003801
1 338665834
1 0
1 114892456
1 0
1 101697145
1 0
1 0
1 417686860
1 0
1 0
1 0
1 20793768
1 0
1 0
1 0
1 412539616
1 0
1 0
1 114584936
1 60799522
1 0
1 277795732
1 165699699
1 0
1 235201514
1 0
1 306097493
1 0
1 52088744
1 0
1 191531614
1 0
1 48608352
1 39276271
1 0
1 32139176
919021 35658023
1 0
1 0
1 0
1 314998632
1 0
1 0
1 0
1 3376145
1 28150562
1 0
1 458483551
1 0
1 262737730
1 55497336
1 30116947
1 0
1 0
1 0
1 23965896
1 0
1 0
1 0
1 270275325
1 19131043
1 184459910
1 0
1 408652017
1 0
1 0
1 411476637
1 0
1 139473312
1 295614941
1 0
1 0
1 0
1 0
1 0
1 0
1 13687489
1 114031799
1 0
1 0
1 380680708
1 0
1 0
1 0
1 163285863
1 0
1 64229726
1 0
1 0
1 0
1 296057272
1 0
1 135646874
1 0
1 0
1 346438484
1 162834387
1 47079777
1 31705736
1 118072468
1 8181776
1 299324020
1 0
1 26578136
1 0
1 349681736
1 44226894
1 12486194
1 0
1 241279747
1 35390872
1 94268324
1 0
1 0
1 0
1 179275556
1 0
1 0
1 0
1 0
1 76369864
1 162588397
1 375096228
1 303561
1 406950742
1 0
1 0
1 0
1 119948277
1 0
1 38056390
1 0
1 0
1 0
1 0
1 405952671
1 232048160
1 0
1 0
1 180404559
1 0
1 327731155
1 14504037
1 0
200839 107194958
1 349163991
1 402785548
1 20383685
1 0
1 8784753
1 0
1 505755
1 100952670
1 174359398
1 68310526
1 44153933
1 455766423
1 1798636
1 0
1 465013460
1 0
1 90708676
1 0
1 0
1 0
1 0
1 0
1 386283448
1 0
1 0
1 433093025
1 493009668
1 0
1 0
1 0
1 0
1 215029203
1 0
1 142415678
1 169603014
1 476215982
1 91268513
1 0
1 0
1 476683707
1 0
1 0
1 899642
1 0
1 0
1 0
1 0
1 140463228
1 0
1 0
1 349436969
1 31953051
1 0
1 0
1 378498975
1 112188428
1 0
1 170574503
1 0
1 147557134
1 197537251
1 0
1 0
1 0
1 0
1 1133302
1 30587004
1 276980584
1 0
1 0
1 23606796
1 340418540
1 0
1 69631562
1 97525567
1 0
1 104207850
1 24769652
1 0
1 0
1 0
1 0
1 0
1 0
1 0
1 19141933
1 74099564
1 0
1 293581865
1 257661395
1 5576612
1 42509257
1 0
1 298003984
1 95751666
1 147713894
1 0
1 49526540
1 276219797
1 490131116
1 0
1 109028049
1 130880279
1 0
1 29854312
1 0
1 0
1 0
1 332519791
1 474521936
1 0
1 0
1 152340633
1 0
1 0
1 48241686
