65297214
39285189
67589206
88476296
159895743
234310869
696774206
766608856
672919811
991939632
10898607
7527737
95687303
196057486
125053994
168145495
775030427
111654820
103136690
85509708
99961138
70066742
978278451
140299744
85376240
88949909
126348107
125049720
228686174
41931202
744981715
744725943
415003362
464144944
242990260
526515849
573019205
599282485
572976978
532192588
580778280
611177653
726310064
550554848
795539738
753689982
947054346
64565549
854842298
583132938
592190582
644922424
107490798
104995967
985930202
545000719
454462709
573344379
450080930
419972415
357489341
148332707
471911135
959553446
921832844
921694736
924894908
702751424
530677832
429781946
451240932
488400342
477652210
469913680
369853416
394115621
317757758
666585232
642483406
633007516
629347161
783504225
198761402
218910026
440255994
414260446
410523908
662421606
723332896
975261345
33813476
186222044
343313670
544658352
593769777
497936627
348012679
335712691
163448654
130100890
182616142
204615848
203610848
720358678
506150104
478812613
482512697
620116221
667749757
669279804
814963774
805675340
906709026
904833939
667551499
814389085
760376815
70414374
67427887
940739712
928126319
942570405
7711828
892563
982683070
810350087
927866992
416712824
214710099
392062431
400315146
227516654
216854890
244508104
421608815
605893641
265318384
160869051
521892298
507854686
513128118
666306341
606640203
650350418
122530532
140090811
159836735
75501785
796845148
167345942
138933207
93585703
88546052
223437160
255087388
228730408
333263572
582712579
596961693
662969830
739574226
52881251
987947878
121896872
392703124
433014578
394684680
425445142
412965421
147239997
14511046
55329034
932388763
41099749
100934750
93668308
258414107
263802202
243516268
275692321
268588744
333057117
180860321
156984073
715997748
702355326
604618038
487311298
456282288
643512330
700950679
608285439
610583941
670529182
732882857
891107338
881119070
896009522
877133783
963309621
729919827
766874473
766430255
834851613
794048825
835002529
549954760
551432683
439658699
653971381
670070758
549846702
546893426
561211795
604884495
879469927
44180869
98248983
279109619
66653155
37747845
38416519
295691256
245896112
239618193
158097397
359205619
619636128
748386196
882078960
646502438
622201232
775943968
590471344
822609390
154302387
155135147
204898737
66431637
28099691
157995283
263915335
933550730
932464090
900610838
984524721
219720394
169888925
933027048
992344468
9674800
51208059
335496505
348005590
613736982
784466464
506168896
771999138
130644315
956716838
906119512
825102122
254217652
994148919
997725397
843766083
21763175
401689891
553043027
329079312
438489652
436559012
440388791
397296893
946422604
320419115
572596723
830771134
116884827
110843179
118841767
68430414
58374053
878730496
708612636
671973580
19413587
115413804
311448378
442005001
417247891
410359799
381980087
374461603
501503215
647402183
882400680
938619662
950047334
530444112
295309741
359851312
395631810
245273151
513958770
556739169
590510975
513677703
193053839
362783297
526033889
542113797
488207163
508144069
69892694
110517956
113180588
102944076
651686604
575174621
801198005
331175761
234768491
328857401
371386901
375105285
464979494
405095135
365312630
372069732
319066752
251532627
140654079
227964274
231628464
358165696
163107720
875489937
915829299
883335905
857803915
721112315
715128957
682190370
454365202
597744702
331280280
363529128
330155019
303263926
333579784
320339666
334714792
609605694
967648116
640585409
683111715
675589393
595271213
309735303
190417215
41651635
864021361
744358517
731176357
905059355
966266791
517051697
521221885
414438428
414986838
665014880
649107468
726041707
770184141
745568454
978733663
983255375
917339723
887063485
358567402
298413230
348058676
303343672
445527306
420559365
189306573
264447871
286680749
295392861
45586388
8410168
990812847
645143271
693161329
720630261
755720999
882112200
374721067
231819634
203133137
215015508
145520395
238251522
240475175
512099214
558040064
557915543
523931173
659304619
522838255
419209649
190548311
874360539
992419188
559992309
203173719
244190961
185552058
765328589
794958941
767869783
559649825
140277665
52297873
75681331
31436108
77643837
887861824
887496892
487130082
587087723
596970539
547734941
625361351
531542611
542685839
554394366
607615994
587475797
549165295
475526892
746854477
802443119
145394622
107222136
83355998
895690804
906618610
694574714
703228609
751123239
547724365
556526451
557885875
554328519
423930096
446844812
546075272
642928338
891277808
932236006
5235663
886870778
984640509
976839849
994503545
627340649
128505839
274562995
347300376
19861144
958692565
150635107
176159697
184275223
23153175
60045993
273332999
255002535
297298365
415688765
357993537
353781127
330847099
345582565
370272540
414855148
362831049
514161573
706980503
413772057
361352785
340431903
10253911
807851998
891587444
894683722
649457730
958425791
184063173
24649445
19099046
26344742
33997973
909268121
947812015
917505038
802387762
391167278
507339450
411297022
415755041
158370279
547828703
487520935
333588259
448897460
311621858
428119472
415492936
416556922
466610306
525575480
524927586
784648690
462037282
674846888
829016266
104498009
148588700
16946332
17078826
49787068
59743756
57134190
79618957
839233546
904204515
903324997
37557606
903460853
887374053
604304105
27221534
55848766
54174696
84531989
952811202
124521231
107479840
107077558
858794267
865768917
178268126
48333207
157158821
135324563
158319021
81281113
964275985
987567137
892314789
918122893
118488815
127511129
101470021
289068077
116800719
973031264
964665862
880604792
987410926
798703896
429507273
429434112
264495514
242071719
215879910
432878302
499958293
624782299
265660923
361542754
373856272
303393504
380097041
444785082
443769854
834970508
760012440
637283393
606958843
575140728
610229875
699689799
673000891
779224429
779182689
785377779
774787299
654907634
869122598
886144011
969836993
445870315
454018549
398227752
346319096
195823862
116472900
33246472
14116490
993236559
323040886
387260507
836321064
848963284
794579716
44166390
88599214
197847764
198111912
385073962
333349476
329811638
345235630
545608184
287535615
338469660
275607098
532556736
570344640
620651936
578454382
402719604
514869164
534016753
530171511
524215439
492977625
670432655
664010135
633835727
788598860
915114163
221790146
225627650
230149412
186418892
111289346
142083492
155090640
119821984
367396882
6528716
737214256
681752508
825203788
820569920
794227785
675114188
611996427
546361201
560828623
945696999
987752055
801109377
894913317
944784555
755533403
907515348
913601023
768705923
874754441
533404886
996924236
697037614
598875028
399229618
340678638
602300810
754546554
915255335
977918849
39465631
190683221
972323646
966219334
44268849
128579755
574046347
645505316
832683481
701233892
731334360
619879642
114660845
710160080
988701732
883701725
759824934
776808800
94718845
646175065
740113651
768761630
790298567
675501397
847283317
838772483
838772483
823814413
926853749
938060078
943068380
614259226
516821810
575177426
247186214
353115202
440026504
438299517
385545879
376795571
369654758
320229007
260837614
218820621
172510971
205925702
232150768
170828844
97243594
184597943
54800850
904358177
39667362
3674007
221360127
310731402
100053805
186522617
312604278
173575386
133240112
179365151
183465336
152659156
186590774
929794683
850559550
962630071
936369555
922684581
962730413
986670665
990029196
801140637
875600611
665241981
884701673
832105285
817094505
74362363
120127483
60160701
36716199
898083099
914887853
901795174
4932075
14290232
985858239
955769517
916000673
729812775
691805841
713835911
718770185
785717443
758065806
757174128
678273736
497998400
493286632
499511274
487925496
461059177
40439821
270020829
201181499
209819373
179706882
921705919
909415227
955267062
65024613
901050574
64613785
41117377
95948403
50740474
318758914
613347252
632636066
724245680
714127279
718035461
716692927
399518441
417614682
514497344
4290678
5377259
40197068
132628657
352742786
532088348
517715828
589851651
753908445
782892399
555167707
555189993
486180285
474781511
269351567
215033277
963455335
372934131
381895254
357465995
502616626
312991496
613446710
516410320
547904810
680660913
669872023
644464707
651895162
583997116
591058465
502571599
313165707
285009799
463433363
417997177
50707817
715209231
729183454
661718878
517202339
292039561
139320254
893612489
898060265
697015293
346615492
294344580
301511836
224755492
433103839
362823253
233706406
199053184
35848488
39530430
865914283
820490025
945206677
256451509
360114437
245512451
332601069
295321353
28532387
945182124
806732166
777751008
650265244
644808936
667151362
718115446
713333594
528320934
584439982
626508826
568308579
820180475
913917217
180529696
135619150
966280273
991696009
903647106
901317863
891596975
896545198
899217884
249016731
249305711
151342007
155833356
390712024
210957243
249342557
240260059
316805490
225823692
911873476
851554330
845714993
754037459
848101290
659159986
669248517
102678314
830514987
958354031
975459804
75304877
85591967
193620719
143953903
169334583
180498386
242910268
309817928
227418968
256946814
469405534
588245752
990867935
89920519
926738242
790897372
860103154
114245951
34872619
981136102
344177537
650620271
676033471
710524497
594825855
398633867
213254511
89303973
304310715
302333173
197573027
149177925
214702203
153776513
218746999
220431003
232916595
232599419
240641717
238858575
454762254
73723006
622177797
606320003
605924355
730346169
40348590
30267152
37405409
866879106
229225117
235910725
77592085
10030139
194404647
196832766
189684028
367090951
378071793
796571815
573602393
304160502
227469390
983049502
977704726
980657688
134730319
205167667
327136787
303596706
403240566
668006837
793856409
719783787
771919417
776293227
405773435
166033659
162066513
165070701
351694093
436487363
433100583
439671399
482823631
484852483
587955047
390459589
381342235
346411689
341665047
273088237
461961661
357820361
371403099
333929053
301022953
302411717
384845985
473136685
579120951
67619649
82936942
253007989
297795923
341117471
341530335
308319974
181211544
218816940
75236600
186893608
123111186
108866670
226937451
218188310
220077470
252742584
128006771
393293554
489770423
538312031
980692478
134803456
51446282
51006151
67317992
950884259
955584181
749888952
747985518
734410781
514701261
511455430
520789407
499003188
740128291
724954275
673023731
750743500
814181432
601118418
521139352
901650041
907406341
988613976
18083959
54982155
32721811
35418073
955229654
792443495
617749891
644080933
567900750
309336506
22400982
926972089
991053023
72555798
796773612
686420477
606424085
698759626
772177893
771006357
793092633
776763798
803195737
946236081
9513061
48057189
130162718
227804573
173101345
150327973
166548613
185746281
296483904
670245902
618689302
487011321
429625740
36892788
943031970
128415187
150702613
749043960
553954469
582815826
806728904
600357998
560144522
724201374
700513202
323466640
191663358
51324426
266166871
161734222
140317454
223106598
331723224
296497928
307237380
287624798
289214700
266560313
259984527
378960870
448416644
839101407
638296590
717005930
792716346
611188256
238586736
276112684
536483968
351312462
329175022
328891221
345644463
421774042
917240258
906996239
968972586
286871883
286715132
350268872
392219272
395024712
389387478
333622918
298642282
80744404
4310140
943102802
840154568
172963924
154488390
130243086
122383486
964356173
949638617
961759592
145876560
163888190
579376105
461968765
489991905
507584418
364839577
176037019
53927201
212660905
212817548
83447720
182795689
209914049
307890713
238330942
262321566
518740708
520752965
244713499
195928966
143718200
216234822
189304687
276085181
272198899
460426179
495968281
508905255
178564473
746247997
767566079
740416441
616280593
686677431
648687801
375807641
455960283
399601683
226213709
252639123
650436432
886587860
82312401
73285179
826783744
4763915
47114139
67018957
53590102
720211741
709057569
624619977
553873475
589858373
532443423
510647247
368709244
442919687
503078579
643228609
856015212
629599952
525746560
496374352
506246692
524095821
331118251
407366831
491931887
515991923
918755325
984852343
848616088
678179022
735899844
744393784
956773266
990595968
676976872
655026164
689069218
471621756
646750596
725400472
701797810
765033924
762943314
770517664
878445619
25292542
221686282
219249528
255825496
22577770
773223261
784247301
537932730
781860080
775831560
627308278
746355901
744684308
818395339
850693941
841584863
997340213
917882974
187720329
264897257
113055613
118844176
123279529
402070181
398577613
427768538
493799426
665161064
617830722
639640366
517066460
493527118
499979602
370880415
378419611
395376477
721519107
861146819
749364543
777325257
788023239
925483976
75491073
200543667
217748757
445091310
347408392
237385600
586634722
510295017
513255085
521943325
865879891
814080119
743343889
730543199
748445123
686330981
687247709
656080131
115423387
104161637
194640665
420509124
992465053
929406107
906642227
835574869
861572657
255164
985389241
969763555
991353055
672513062
663103058
538762204
631886076
618322076
567322402
596031544
560255222
337879068
179926605
253743869
229535954
466348766
479325243
660158726
651827012
628561842
677966146
709510930
730214150
730626698
25733672
980549535
279974115
280701281
304505161
379093933
22055162
957110517
981101811
894301310
911942960
608039785
626588825
660126971
983275764
727816551
478116421
504012986
534928458
346025390
509172532
652696016
662927605
579180069
727100013
706564991
872777199
794312598
795598998
631911671
643804756
63714814
223279344
398090794
377243684
289912304
370819210
837187171
713413681
339934603
299591507
430777490
460067883
402034601
290910750
211681371
432127003
453690379
453631299
883452030
800455534
776577342
614241698
617187854
764577566
835267202
851942648
869415936
718066016
695598538
659626854
655010020
226478676
184851588
238085478
239165269
211477584
77156616
848230985
960680961
959729635
626933310
580694363
621989887
644389849
623211606
620147925
695650919
844768799
840331317
912602679
781172869
777908942
785488738
631269676
276688789
334129413
336694011
316010282
615950344
129335424
120668589
385707713
510313955
411104795
246510319
265487651
197955257
111400759
111851902
905178857
948430529
11304714
131920210
467036210
844492134
915664656
10372169
10357363
996009560
246162053
323806303
265054375
217601201
157039313
49918293
52503438
67316618
51314058
135464734
158025898
123094330
875650651
866789255
813052155
797077301
903640623
768859601
74712350
215752098
835083677
551384069
471287920
340382765
219636778
242098272
891157295
834963058
922638406
811095024
820965814
10623117
58419980
78535922
74308730
82580157
864362268
107054765
52308991
193908879
170191292
303396771
813287512
724121076
400336938
332094269
371042679
885881849
120320506
249540255
222932709
98180886
318462121
326490905
473643938
257748026
134104160
221411066
202702413
64124203
114193067
94691693
104301387
172312640
148783765
856584010
383243826
286903860
293302160
309469855
295814207
682563808
675917607
659651595
653268247
690081245
556759742
555230298
679255796
655759398
661008855
478712535
411983161
818204040
801038331
813961555
922887459
93129991
72521273
65675775
145142397
114293395
679440906
625830456
645480005
765935533
935623925
924128283
978118471
977944159
955667166
902333060
797276284
823797762
862838669
755972306
838215070
991974999
830654375
834834095
559817018
752101896
742711786
809112300
988472730
978732738
992324397
763970653
686813162
704284955
333709059
383156851
380370415
196786375
212228925
134931335
202921806
100973600
85541300
160448362
985118905
858821442
616669148
618873422
619466402
626074748
624852176
639100978
819754155
445536109
574353647
614012090
631718304
708922954
807741301
480382491
562359518
160679126
248850560
243426121
345360463
335348879
315032032
315755592
432938760
428548046
445123554
451233462
452354575
962025337
981075586
654962098
536922000
364592910
763862442
843059880
951730007
959886651
831601195
789720337
506989119
450655143
350781541
426932299
377236890
295045442
355283250
172670552
441015936
427115029
218032388
214050822
208340733
256261974
240611750
51381167
76222571
88464071
873978966
795040252
848383922
820803302
827461408
487326094
483123882
492804640
298685904
427195137
708332111
623115830
792162924
782764658
956633
48126706
58429747
121386929
25597475
5451395
931984285
162561565
773460354
752182522
172089411
238704234
261647352
862772841
583640717
501262091
939926635
953025900
4553367
94793440
142535499
164892704
170770962
42621404
25858209
933767864
311130763
352382979
569316371
904400376
104903957
134634907
902775094
249466944
388873406
380081950
172149670
510827372
571708330
482161388
186397178
189268890
887545161
290580366
366029514
42267686
171692646
170005718
453071335
288949055
268379638
262191211
942311172
827021843
855231406
761497932
870507281
824613699
13847058
335633464
602356356
912668976
115139006
167978210
173520295
50125616
437141588
21873392
277247670
154504994
143592658
182442988
248508244
293421343
362484769
259595129
164564349
902317402
105007249
470602941
594896790
619301285
449297314
409227016
447978071
413812928
406509775
439390381
572318063
542924315
541188449
958145031
106468598
375355952
387380215
269413737
236494494
239801206
253266432
303361316
315834478
337815024
922110997
912568269
822478092
813483394
35352033
39609454
969091943
837709211
716892861
773467805
595317418
140062910
19398660
958140644
967059874
298710405
237855309
152681346
187607960
327021380
369366269
184473885
184485887
153978159
173085889
418790051
319906132
336463168
249925966
281773500
226560448
194505493
236226634
181300015
304103825
717729837
898918619
756683283
928138066
329166910
520320384
655302566
760854060
739460625
651932843
658825195
534703957
750277447
757791739
648695739
666709014
691756537
708908133
554564925
562457359
135449706
170477894
163280340
983678619
548056243
345157165
340202207
279362408
275211732
174446859
398661835
409368005
705185045
635488669
652294515
773767225
841770391
888224149
15266674
480058970
460240530
837004699
864022229
838772138
851742538
830046101
896912951
978353722
974291853
971076277
198389316
304602478
66731842
80940520
84293546
178471880
85815592
125740528
215026985
14535155
4275574
30811110
928773466
166821245
172319701
177218333
181045453
48382139
70535405
42504677
985718438
957978774
965310734
928481272
703629580
573261325
704643994
690498320
759289248
855592595
709564755
679495553
614603319
591007965
585121417
798524476
775765278
835746408
982026138
972627843
73921599
451678979
480554146
363728134
402802804
414534190
155658664
23414655
782361176
720275134
511176166
702032365
701631097
696492109
661028051
666661237
696240492
423477732
660799802
656228755
816991643
835901344
53784222
13243474
1589989
23518934
14717415
864189786
689332934
703478516
887533156
121522365
151358675
356281465
359731747
471370849
797773010
832924575
453944831
375257485
339260082
211478219
152143205
38915189
647728444
921329382
894704984
894410568
964878292
132166503
113762885
87353273
52036577
82614869
43297881
154014005
550285978
551310927
543075193
567710669
843664484
782044116
318334136
374352310
854182289
458851741
430460753
435988367
115468347
61464139
362434385
130251131
64974827
13763443
2058680
18278457
976784590
990032970
898532521
73065145
274607125
755099680
763999655
876940209
575308487
132418082
118246772
934634345
68283034
278658756
260900600
210213044
147688960
52377578
80337072
46086374
62829401
27217821
687900100
703229870
573269845
613087653
700638617
681947053
661195822
616821095
509195117
398043965
396966675
425471143
403611753
386751005
592468285
631871326
600593033
685159099
403205885
248142999
244196231
285806087
281050366
486355844
979641099
943008901
994758799
323789559
353107460
382364923
276009103
197242949
150524325
151984427
289625788
309950514
443004582
437086726
463498466
535366644
394213245
321075986
129224630
125076368
109881138
247453614
426771106
477058988
427662898
446251170
415473544
396188384
360685750
782824434
982134560
993807986
999396316
61556190
171353882
189803594
894958422
863934720
784883872
752129752
742303752
21548644
93048642
108263650
116700602
756685907
201793951
207834627
221898799
231698697
455866533
417948489
472150785
697654543
701405205
670217268
638643594
856609600
819187314
749755158
731848298
159696141
76009847
883030256
996740332
148267487
253817071
320341029
297225873
233053167
172009125
190851963
311433561
441797919
355686681
390662561
473220196
595456871
557679293
456985179
438986446
402613402
383092474
582852682
791265290
777274598
781486808
753928842
700520382
402265002
987939300
371653829
943106138
766518230
730116212
626945814
667261260
956506794
901892198
2937703
942153388
711651342
705411376
446488426
496531916
424187158
429872566
274496766
481964326
583166628
675848186
753514138
490476036
352239583
539678227
722061483
526393424
603391856
673611587
479596901
524593647
696394769
924997576
566669844
592798068
907245123
932000096
593857556
583048199
581076103
544644589
532405857
555302942
248318770
248654587
996310230
174695383
175053887
171624741
119141987
283652476
353882056
423594506
363565314
397567991
214846090
370214462
535040224
612292132
504073411
569592163
533493579
651762460
638345620
80996447
52889915
952438632
944236744
892357522
222022709
216941367
871283836
880159006
430415911
43966685
669052848
701026028
716194070
734868660
698092732
789415538
674732552
659738428
768162317
146056303
83812897
151463674
174982027
736182628
9046128
420081295
348144447
413560647
459720316
455139462
462181072
277150112
267239936
108222106
75334445
67830746
46053223
102398459
164285510
54599042
216474156
250495005
208422894
217454606
223681684
220918574
308241234
334822612
157729524
159958196
59717110
152187226
59610373
96702321
409187784
367426931
179107591
283598062
244171916
165673760
192670130
459424332
327677242
727194343
703976753
434608907
431922701
444803346
435839648
583041666
534246788
591946371
599840395
627019472
693248664
790179989
103410064
897865113
704029588
731389156
652029878
630374318
668795384
661825744
403364460
449639266
501808752
495475024
350265486
407353898
453180929
430590898
570761199
586068883
576060299
899234615
481199515
847068416
824695022
766258718
827642120
423398815
737875067
474605209
372587079
172594069
928854998
116254253
783611470
412919240
360202403
449490885
428125788
408451408
362560756
42224089
860454494
914188596
850625810
827981882
832607420
966306710
967255642
916774133
900424337
846559303
891886365
970125036
170437823
172929301
187118447
293201360
438562991
483165552
488183446
521306976
495140806
517947518
571142668
362540446
444138584
348270928
364748120
143773458
112802194
103385212
108012781
329135575
107950781
231468080
135281936
410641676
560446878
565018007
319797361
197030311
52013195
121250787
25160752
60357996
918853401
928959731
920619234
909254447
169247408
177119856
165203328
77475772
76680106
14135856
896330300
910727772
90324010
55925992
814998009
704784250
640996277
607519639
482088354
428697400
390034935
395484305
631397969
719610024
875013374
833451406
538672697
795949735
69152762
977784384
97149679
915213791
915141947
875283397
960392490
977270640
907527278
850358904
810407716
77782751
108094503
949985958
588680474
546146416
572570775
625862697
558424254
539733025
572034833
585360083
627182341
636898509
943827097
772985891
755271464
736247891
454865550
490928296
815953817
759468231
759746449
764359782
814489431
812324781
469146111
492256697
285251479
234444546
223973444
292330330
20425352
852662899
879946907
219753742
230101456
224879614
210569322
314325294
187228503
236733894
342268793
400761026
377167619
364224349
88476433
440624682
437020740
538072145
518403045
721899187
794187337
565372885
391641999
345961382
189515132
174885983
243213231
363480509
385746601
339030690
335566656
359882006
570320142
550762300
423493358
495370692
379379975
597152728
538795241
465334539
738633571
779005029
712348773
636629733
643810434
735066079
227926430
227406710
803453213
588724993
631760861
739240429
696852933
322682646
322074122
281044042
507955593
267139367
321794817
320051221
835248810
752546241
781333803
404143217
369693737
716355684
747270936
797996913
689580093
950857035
943915669
976666047
931356207
877787569
733357223
321988890
999629371
942615859
941511425
700629323
615343613
607952911
608529671
984666896
30503568
41002956
32293042
6956078
999640847
638927959
719353256
680670872
686124212
470297397
975837037
826823837
847527715
893276586
808560878
737747317
247406991
262901924
217796629
273149615
275379801
276791885
333835605
322272307
414532301
402185687
407527905
427418181
904013991
888807835
480467143
639287479
564590211
567499262
549784182
209960354
213458021
143278606
157101496
227982728
220340484
250625570
981604352
990971230
2569523
56595789
779320364
763361193
865413401
865564785
413199096
733461224
703459757
744764507
757554564
19928079
689105684
570456435
572061109
513371249
534442228
764983218
535278564
511745732
667872866
425683840
330850464
156256804
109336582
785381759
769120239
567456843
639291472
632626955
604997809
5811804
965900003
944103684
843540246
821819232
842626660
380484016
372471667
268099067
956219
613630660
758694066
919190839
755878277
524407683
512500075
771836871
722120558
746715383
326337351
286818829
137079561
111679341
121751832
83178622
582873694
392335524
331819656
418389162
416999650
345219403
361287523
480916576
478722338
479178234
586347153
726833809
832467950
113982120
214179280
236543760
216489687
271284461
338796815
322789731
821092103
863514417
495375795
541641415
759426826
764477800
824337114
814764256
165734967
220425173
229217865
825488226
519381968
91911180
95253560
108238776
83364664
239151274
541167434
551029104
499241664
589926002
367423390
406509088
716478200
879363454
970846384
775553185
719256939
776317567
791070683
648821279
596381023
31861806
20477026
493811760
714467172
722419360
707020696
501290500
774757620
751016868
711374744
740249381
702953009
785131933
796580429
793714319
351232203
313830839
317668186
262005992
234103588
206565210
189977139
969616216
976303032
968515354
48707599
97148627
53221955
63427255
14636523
29430591
62697794
926775823
914486747
826237666
866697448
571445601
678682752
695371474
639504033
637155929
603847004
736674682
488677486
945754948
161135745
315865041
346195351
335186721
354217919
360870773
384661205
418836700
684874128
462927298
147012032
883771795
795810535
828678187
879673368
975183517
936452008
60170440
107032530
56846884
187631222
685094543
668712503
659703093
586010713
406843286
285102035
553466271
558698629
617351029
721230109
777597371
973616429
269396503
306773205
273912771
83589583
107373951
964003645
856756795
861553762
413215337
448310967
444100887
437345707
409795277
487192379
575941635
641338367
766524862
854576842
853572538
995174656
988594652
969839790
105566994
197841850
216493659
350269833
315000863
188074657
379730445
496467589
548507139
366542022
635428506
622090597
455827964
781736900
89002895
88853053
983178066
527768559
526779461
139777089
129547667
134564540
134698284
119971615
103383725
964892848
276254301
254186494
477686335
388229005
345503745
218294456
211795219
478182617
604737154
546944120
676942836
456076717
226023859
969818428
406540817
421815143
722167453
828074439
730538405
737885390
503386374
810096370
808903651
805545623
776586241
114827873
239785451
439169460
451909786
435147856
478017158
479526200
239574001
366977055
151383271
508021764
456850771
409318495
714476536
600867978
596665579
580627116
555730582
547286104
592933942
609661874
548532410
554072892
155916350
68361298
68004982
5747451
826166835
759075817
780532808
648266388
703851915
708215227
694183806
631404071
604260479
226725847
332915031
503950326
503234226
736455411
858057691
861779230
861676005
872853251
863748292
920884815
680154657
977424806
939494996
677598147
682121999
533907221
578635291
597870079
556203493
574603527
563221115
573481251
652096048
647622931
643417063
995408775
86173392
88802221
637694935
655812121
765900105
896514002
810515444
902633714
889728480
138171035
313466184
405487552
897119905
986606559
876629831
12092296
827135075
774417771
909874889
709157
833375924
841559212
881599296
867473682
900592459
997490505
80309674
66491192
975062947
978187149
977884618
170313677
889971824
941162930
934503734
966667396
23032367
57354189
10588785
925756872
932966273
671077197
669087325
760038842
585920527
414798971
393398127
330586799
458003324
774472638
699184700
650250881
560396285
581928857
209735382
305892522
504349335
466999714
464966342
364189407
386769949
497837891
497628717
998798879
20152032
84880174
999020206
814160531
410199803
404550695
324505951
316165275
417490438
376737862
373084302
173308092
72454950
999079623
144217010
115621772
150747666
193153773
180494729
16410857
468460445
337896741
723994281
529618192
547313293
483367614
635560580
790607597
545257885
671773311
760378147
777968973
771666820
752357430
947285886
954148000
906382939
630321606
620160412
610536952
636877164
755518615
702105391
588766849
546545352
889353012
922462074
5502943
578870902
723287720
690152604
651955704
778648431
704709381
620321637
766158547
678029456
837128247
931110892
953196752
951192542
971564886
996318936
978826644
918630336
335143700
276925019
238324909
412080395
328397801
384734997
282133343
325718216
454773522
429852480
168197262
159951000
996152743
161464316
943600886
2671868
882425694
874176090
910586130
841730244
545140264
640790017
704324291
713732169
750128814
766208890
961635817
950239322
957171648
909435654
365868945
575679619
713583138
469315990
594305909
583004537
583284587
565209885
566618663
485620101
446774796
456550556
281501974
306945784
102156737
160118737
79907294
69771468
339779658
497076100
598380949
648105630
715540640
959839221
64363739
41626843
962186405
912317653
22238780
50327195
680616781
606371360
858072509
886270717
808679671
499962726
532048516
852172231
579675515
585328449
716567209
37974956
129954160
162865543
131328854
136658469
334818839
810384547
898072471
889557003
891417937
742588339
733415657
799049544
934181648
906105506
843011086
6953373
967468444
2928544
705649889
834525382
882149928
993202096
479426881
456792895
391601541
320472265
292749116
284650464
829405376
827940760
809997230
809404688
97921669
86984006
918591221
980216864
853761136
960149008
838751170
793009216
731000695
808681349
776784219
667315723
384369392
364219566
160358914
52299768
49284627
988281434
964018484
808264539
668551661
703617637
548465905
549090823
541501134
417230506
549960291
543506885
706884420
778696652
951855071
799317717
710507381
527735276
634946925
606748841
508706471
800267067
40636083
258604234
56855381
11675491
941791350
24126977
131524859
94572708
953337925
11460646
953028594
950644497
975862963
833476845
892896029
971299881
979063075
819745289
765347769
769510639
756620491
763962156
670845800
687522812
622537439
630805697
697583659
740010677
745047722
566455796
636577568
289561094
460845431
460878121
410395971
415374425
371195931
363507369
550531113
515424171
794563665
866547684
754225832
462725519
311151493
511763133
506841007
413107511
380169729
576868617
699963971
484750855
739308666
851586062
877091128
651315462
865794393
823857627
614864653
596316964
596111722
463371886
472074012
593168688
556165518
323399569
248408159
124231915
144657861
125902441
84012319
841544935
628931373
453107283
713429709
641331749
625223317
598720781
346172731
291649076
263353300
278775050
292159572
424922228
590616784
748931715
685710465
820098357
981963087
57398469
843961720
841488636
870986922
884859398
56057352
110506829
61293071
973328318
837043058
99760754
166416120
381007806
407759590
404315098
662843957
420679941
358482345
244364263
435336553
336759677
309525885
290632355
139722157
216422023
158299286
230910208
245545395
75008828
207115672
124433975
190423137
12050243
19126697
18685348
135724945
119414607
935272713
71828424
204869932
249703854
304542094
429223531
381553373
985326110
994905465
21444638
24930844
9155187
240489602
362449653
355530724
328637695
330078905
392377183
188543415
100806658
139771372
57985470
103323453
134364877
125342215
92377829
726783614
715226638
18278247
385974500
489821046
749080108
737177842
560805226
556518398
535694520
443154750
488832420
686271568
861435422
949137114
740875855
704280623
704992049
620023495
433754913
410699643
699722986
518768294
528589945
581327015
675057375
68671372
190495364
233844982
140495459
766717824
794051444
671110708
735469564
782601174
801028626
800076267
784252855
650784254
684037930
688026832
742413785
716015873
490093042
307744710
235468649
233777031
486651260
593594341
423251905
594802699
583565319
727746373
886106251
967777807
133971809
135026085
357377621
382010651
74393957
995283737
904976309
943554297
893186684
607532160
576730173
451520655
468651963
50888765
35724533
975309608
319384997
483528594
594667351
699869144
738475600
573156764
528706834
784911052
665473284
583132562
255752076
324872695
315752541
323416119
308759873
137191606
464232722
358904574
390331454
469814286
893943064
803266586
713040786
791697190
808588568
712647710
678182219
830801547
759786991
876215408
878066014
855422044
735191336
712824275
606185557
564733998
985739431
24870218
66357090
140888110
230624828
134558878
112459380
165643194
504289711
170231406
359609936
453027888
117697194
187208788
137541450
511645710
620401882
627775771
873597847
241690
956910832
877920244
140452129
94748825
76932032
160640777
168798699
104161448
31848610
223167282
151781120
121469672
141980014
20884004
847278163
941002651
149328960
75112564
359093485
331850263
324790220
464355814
465092924
221005066
266745489
370439445
417031019
628556435
706586881
866684383
933945622
366785559
529093674
590317386
676951399
559462537
617321879
761766987
850255745
592104523
438393327
504285763
574619139
613553184
605513404
526203478
522802722
518789164
932958738
931262588
50824601
73833794
13445754
957769827
945746213
913189895
524704927
378109861
428761521
782644455
828894804
978405016
939734476
51244034
941769740
42823371
759254163
826416571
879332659
103560132
912210614
946131750
845663622
978184946
963009703
8133074
978978971
707849610
770238996
725264404
830936852
841746550
852184656
962650808
940972556
58754379
297770959
305491525
292860379
245170397
68217149
108646345
975425328
933149646
436205026
109208426
154744784
116053923
104739064
912744586
741144074
723091170
591067742
412553426
424905278
405721314
390243714
996837901
497985759
839900438
769892178
759972288
798952412
473660429
363007913
453799287
442239289
435934035
866678813
765605360
509505814
586622982
576449528
356099036
524324340
440607608
981332210
765331740
746902314
585765764
597013728
522586410
405099276
341009831
344565361
326479719
372901137
193448065
289304547
310783193
875397598
881395994
889460226
823376976
748296404
812157995
948690506
920249341
890885775
849486677
684559193
622098925
87950238
135582880
80192248
207320648
927198808
918962696
899786678
840427624
748370182
873713644
864933013
48878688
982146273
981218173
113792187
176152969
151571630
986325803
964220746
97848391
98568441
129854783
151958111
214312883
340337398
94416944
92802684
9005248
17330215
943143124
885290408
831522255
935798999
878457389
891778323
935511115
236364719
289934661
585602010
951271854
968877311
64516093
988848519
166780669
989619480
370700123
387720325
514655491
610589059
15976663
22968355
373320852
301016848
439681976
73589075
20789205
155394346
208068610
114722290
270030340
529237718
573220456
602890740
520733908
479075332
487355934
15322809
989943000
4818301
742191592
883334946
882252892
868101901
65202366
848890278
861509198
879266010
812511716
907529900
931924825
931124009
71537884
952771669
973629377
832092637
791409425
650653753
630274031
340722177
306108265
483748991
482041019
490584815
512738829
296312149
489559751
600988209
226066765
338052157
903337226
903464980
879336652
10807949
961288804
12507644
984202801
996684735
255715903
143022609
323872069
352158989
363814986
381963626
348489261
192053857
156048871
114556221
120940215
96847158
83511117
21596887
30917631
965752600
989402479
116705498
25133584
830845449
914589055
750906771
830916349
708670321
677413709
474625443
403578640
391052763
377624645
350200325
527999370
358305254
328926482
507111142
499467524
468330108
223261444
103020163
36360153
261302949
486126697
440566325
483039661
738375925
781928305
992809718
176291962
245662064
296430386
103977151
209041915
244883139
277316241
614120449
637293069
615919837
807190939
95768627
145313213
135302279
3195005
999211721
72981532
811284413
610532307
579859037
750942805
883423480
818259395
770488800
715368584
944431974
955634918
951680732
929048576
219862339
163080603
204196385
643655459
728096914
33017489
979265617
973591491
154067458
329644892
567455906
695826028
884017600
883548404
819183630
898285940
898313986
902597612
383493721
265721115
234528645
173502367
299638593
173183119
138213571
137507497
94474266
90580656
936275928
130786092
94021430
928648903
702814721
753565021
831163495
731159997
256735489
236479127
504907646
444943239
450761767
566636902
898645130
895603926
887142268
96461527
40778257
31965715
794292754
770535665
770572062
523757082
639624030
737380258
545490872
590496268
592004432
757397430
757497664
789857586
785927567
831420673
9601964
7646522
267371836
233779644
158633196
352258280
292353935
320352189
268463647
69091439
105298205
457833183
466788192
400720485
385103003
353580481
87343737
55164339
214375639
481741935
356684693
352674557
398392303
420026779
415934345
450588087
501037069
148131401
174229098
473438057
488300387
576514580
574758315
691415686
675987185
743754975
720462877
28603769
945819244
81008397
30957325
307631985
324898731
135795991
140333102
94977378
68675787
843666496
927600216
260062039
891591958
745833867
709280160
632145950
70661771
35321603
911943806
795575346
765556200
503463918
328049318
279997986
286918734
222768624
327336524
217184019
285308160
151010116
150869090
909735180
917915492
855659398
777497572
989127574
435314125
487042751
771764225
784386210
825899496
153313359
994635624
1467915
115626309
836262736
93070886
144001988
104929399
30628743
33859014
203193692
159745908
117911223
118350480
102518300
79530074
743358871
719078801
822359875
918873347
54472190
18164613
58613717
38121083
87830341
60461913
43902699
693524528
671201492
679219074
654927150
668247708
680167363
186495836
948134404
882157610
266040645
144535247
1582043
1377514
117629488
119646721
135405439
235727149
222086617
374139475
376315257
179299443
316558971
383729657
445171150
125122986
142077897
833016717
854738768
17738901
13082654
597528747
503340189
155648021
553844304
617500917
558549043
566728677
621549238
123826255
49912211
255475966
231098512
282379504
93693960
95607006
907592762
428920940
683397998
804136080
26033843
137258879
197855227
224489935
849540392
860263908
877815466
854698482
805577318
2328858
2223748
932498597
5264713
977649252
996240636
42558861
107733466
186911580
370431130
481077313
316672231
266908539
364239427
421117439
640125273
26158013
36983649
49951200
834752493
808482659
967078643
827577895
809225103
949147645
929730269
129259388
187771466
166086260
107841080
5438830
7804069
21643843
934104415
810597801
128718743
894069196
869303066
749746762
739119429
716329625
655429797
625197665
879024121
895252622
4887435
925284172
937320822
944814159
952886095
323709880
237429652
24796261
855572770
889506788
875610223
931719665
68306214
126299682
519535939
530747925
474195207
499359343
527498901
441297129
337718843
646902837
926510131
720267133
351828601
206328778
518378582
531303088
72987989
46626089
54675831
158979514
40841289
972013556
977923866
950632359
973106411
96189430
84413906
19691305
398537239
381695347
852808458
59722451
121366215
129644421
948748776
848985173
945670735
968317751
969836563
972241221
980302173
979284459
988225343
10299368
998877040
764213098
865775016
862677577
859655963
967063578
923369429
930907995
933786821
920383315
876198939
906561236
887256088
805369964
260803250
329568422
635072111
655623727
638725634
675912937
722523762
218991619
359800591
358359149
352793831
580670519
802034287
931650046
788336820
861636903
953780813
929908069
457797584
476665563
488641178
392770742
599556288
550203296
639423804
783102008
926742804
951731087
871589517
799128732
682152194
293908320
275338358
317087303
380044847
136718944
131249059
937564478
923793164
916643357
967211051
970581755
305961886
149439349
154570547
978361342
845644374
941277318
224749733
335798505
347343240
291907397
258596727
262291949
201768645
109894411
808041659
37116120
956295971
251127442
207050808
206141882
735683382
734718514
745215949
67019412
225268332
189331723
194041767
183790164
124003352
117934728
108563235
834716512
694695358
488700430
396107984
527711402
563711376
569752326
317390076
345396244
341219099
865157498
845552642
935269613
475880539
172938118
407063014
347115751
474497933
434558648
126298918
959123381
957833794
943921754
874225806
47337994
252278099
359504398
452848488
449730166
141764106
81900610
398827235
509650585
488365811
549517886
723055836
756707010
692750602
448012092
431129846
730430728
344185514
270145393
684979974
641696250
510095970
510505658
504377173
450568921
451949655
361417417
453793069
908144657
911536051
931154133
935370837
755382140
765154572
744940062
632472017
440316931
488391034
406565078
281043209
313665841
136150167
124075194
88294102
81636992
70707820
76167406
105723173
145805889
27394283
27323676
103347629
38069113
57896636
656277618
745901696
695874098
415967538
382868128
970328232
828888520
834153087
883578692
874271456
938254052
601216811
739032515
555747665
733919292
736783616
141829350
77641946
106368804
47487759
251953563
76654355
145896923
34417104
49259603
876778787
892386713
106270644
230337306
35033670
289785242
459706126
512370006
620259853
407622329
74190470
8493630
8189235
4743431
145295624
166318740
24620236
108635150
137684497
744687359
748968461
732474191
792719012
59264813
26950051
109885817
208064395
238778592
418827506
677041360
867689110
863835342
858344612
868262489
641432169
502671516
391720174
401777130
382417844
424974300
748214576
253768643
129014543
401715823
469688785
422636259
377991119
399393195
284208993
346794857
388460123
445553884
578084428
739450998
838996671
848024078
944304603
852734791
728686697
709816021
746757860
685966429
657216711
860675765
844349786
342488811
227027973
295842113
392435263
388918639
563183927
611092727
680172193
508123725
758389175
826226486
814779414
945314226
242233316
239116500
230445892
211445434
139458120
53388954
830888016
358978510
414655454
345090824
278047802
192299912
156712806
308529950
202343337
557036117
528448841
520353813
441710285
506629076
816583126
956777265
864046735
34560360
34438285
935662123
831098854
844470730
879357572
64701652
80993852
161983312
168192451
234059466
318584194
320461126
729353061
731351493
572209409
794183741
788608729
693313655
638181559
837229375
840362646
975206767
997542804
921688878
951327401
833394263
813647024
673797275
736224923
705880218
753351066
771870290
797425578
840719882
256236620
247121916
247890520
940525424
173348615
225358360
518306021
600323447
501995849
566126296
680939300
802288762
694488908
768643496
832881784
813124006
26732783
1668353
36979509
716374370
705358790
245066358
281816693
549863283
567652236
581468793
666822402
695097478
833921548
796702052
759915310
647998783
543276994
447555084
609584718
604044326
615018008
616458313
596575505
522374868
536062426
469164520
311253246
313228366
646090660
729647476
849024700
69587359
749144292
55599791
86269421
259804949
534771839
295428422
561201271
329032775
445455668
498849868
204352300
192935460
229316200
227655350
63029946
104320110
317396782
325611024
387334018
383620557
376989053
455412736
486278112
470133916
357577100
746404726
730889888
734737372
765500560
667704128
688737938
668398012
713828175
344603269
306429453
312283329
288817373
215303471
919464239
947685281
948120423
280682220
203834512
217479493
219446752
209196376
164806453
103740914
516978082
365695588
478488378
566621406
720866953
528586645
525321601
191459327
67879879
115056775
87775148
110962762
204903246
265582596
269993372
229890421
846885405
796588675
740953553
859459863
112471248
92805012
879271295
909328651
859455149
863946873
114458178
209609442
205835766
327272099
338981797
363311748
377717374
439106206
436732010
290110485
333573433
276555173
258820301
341694247
260410985
240910299
8383439
86829678
836493979
875239387
868288103
872620902
903133274
898282829
899327702
896143048
888582390
861652387
846311561
948143099
902419923
896742223
867102469
940814575
936390909
200641918
208058678
185362508
247750092
374287647
402044772
311835936
268944866
270633182
191393290
214444840
214988517
405589441
334300731
292554943
329140609
332418196
203592911
843425142
702818580
879474854
900372096
353763085
341034831
477988956
442498034
445144098
499778964
438772091
512098489
468944144
361006334
793792163
45483435
544898280
661154232
783568530
894539579
894603678
822060500
983696353
77668740
512807183
563906009
220379888
619454178
740133641
684191507
489589985
543985113
538816111
317642386
363517512
364570020
368857850
375519863
148639412
368418783
15493729
952766008
868054562
873623626
877538507
962758635
926661878
936118542
502353812
593854382
578257364
644736756
486778126
436321293
350043241
336922941
78928190
394993444
426724622
58097264
953087269
894392339
969359483
945562831
885222639
853753741
25289488
10303738
736995019
766207099
893232976
892966588
683185006
541520748
626551101
731016856
876147618
9463007
52636723
10472999
44517315
160838989
350393122
359980978
357668422
321415709
228169488
378086800
642072787
555586739
492005337
401298203
405773287
475942285
438093339
421229576
371445297
296841147
143448138
192871320
130513452
528621069
462708111
769964737
768916065
454837457
454322014
462988620
93579717
51900801
72012004
4865810
70564598
21108658
907662467
833710709
664148525
723200529
850455843
959130349
992184582
773570556
798179912
867569718
158832175
40280100
804596957
749634215
707228059
690974781
624205897
643633709
627483895
468913129
447055943
461572977
830017648
807985945
633072360
598680705
648687650
172486073
424221526
436217901
450218578
441449561
927262793
952574230
255977097
396456999
537593089
618816221
782070961
792397189
770682205
411183604
275001557
187197315
199009236
200486547
260900795
558326528
533544480
419480016
509210318
428535794
393323442
382478454
406002992
601952750
778925306
757392618
778318576
852733022
851407510
851113934
800178360
807736390
481988298
670972138
579773552
549289528
740652938
739453738
630298459
826395618
17372105
977043358
518050256
678101512
742018498
758210424
778307272
654972285
540874799
557222474
878397762
872929454
16319252
42686916
59325892
895285486
850069757
71566457
148696835
151575305
137300672
624511811
748595229
768966216
674792634
693654712
864953088
751454682
704326277
900201603
982677469
53055989
982019265
35438133
961544830
104869323
1909095
45973579
255145742
284676454
315727538
311105858
337172437
333456123
416213396
626162893
620697935
789824635
779324485
800405090
698666296
768498302
10202115
961440044
968280766
874018665
869687463
877925121
15964850
959669819
37602210
44665836
57860714
834539531
792686493
855018321
887356368
952381728
45389867
818399446
42620287
44514077
30298961
822109604
880969300
912392696
903971121
918752671
737619383
620465530
396180161
401213109
402992711
531769591
965582394
981859024
223791222
92996944
209314232
918250975
327393437
326896031
531304039
360928679
357932785
274479881
395625613
177434709
135294330
992849380
103959484
171103493
327576547
400601639
404893907
311543089
237660723
427601850
734884587
552851701
915483735
916736398
937066858
853362822
809213896
543555434
575592770
565570851
515111071
740182250
865331344
950075418
945702469
983344602
984356504
995680549
85316882
74959959
630277063
583752846
298271402
202094796
205120038
400861966
468485162
509108312
548516802
554799741
503686215
509166851
523701797
404721303
610712096
477797051
475216590
549453260
553696116
292344252
329387016
191077891
189438795
232245909
220536916
188782584
175110722
175419032
36114570
42981852
827066099
626478414
763591836
283582091
197216846
187310150
144398774
192281476
970154501
38119310
66406872
467694124
467607419
438968290
622016426
880036180
410800286
389266310
95835004
14180607
935281690
8521237
963371252
945787714
740498499
779837895
779594740
783894703
897862899
172326268
60120974
269514256
927705912
425176693
371641922
295784268
375655616
398091033
387861289
374719445
226256635
80307925
82995262
876554565
887336720
922966746
917739196
825200040
851916660
844829266
986092308
912785606
888225802
987032319
990783591
23371220
119943836
134253730
134522492
97083920
702332826
706583269
681694836
747421185
732163821
727000415
792343921
903215469
897935323
822029871
861653537
806454855
684422243
633945381
635328156
573669944
759332658
761926954
902249054
611416363
426405428
588969648
532465794
561353103
489518449
338165051
479412344
508616301
509244485
478170086
489316210
498105364
857088462
576542198
712430587
