344430177
296110081
354990885
551188929
684653588
539379341
538977617
531186915
535938097
879872649
721344709
675942491
701455081
711177337
735114721
22896012
28146990
967024665
992094463
21523525
859349601
955958496
982038538
910092193
855932447
1274876
979042831
246815752
137269768
189720116
640678724
492860070
450875342
432991774
538316910
296926895
333471087
580235675
275859818
355420739
416842365
467666961
341093337
315493631
264051959
760503080
915100940
878542765
59579722
64407512
934190034
944171098
956724081
910334044
809385902
791078312
816901120
863467627
861754826
801804070
859767802
855624008
581350150
474438316
446306958
472151508
611441651
510493037
551007649
486450120
491723350
408206754
457479202
415064516
412490308
516762596
651972998
684831578
72985771
46523296
181335395
180314898
226714634
232684750
798684907
801666935
818173313
739695013
557503643
758265613
842585323
829136748
362828164
117401140
145560366
95824054
31662959
98576126
90632369
975936062
246782440
332686664
480345030
512489597
823320937
755903203
738873242
608581538
575137731
594399353
375454513
616290161
616152741
596323735
291922519
253773485
256670814
201011250
238416388
204278078
189761626
188904431
933552584
535617222
509999843
471086472
530270191
464931131
330576425
85829330
98395977
667666923
616003581
673746292
725255742
717176258
835509896
993361046
45737985
114595704
565805466
375553526
255633566
290582738
298711196
341187694
320540639
359206628
220275308
225479032
240105159
224976908
364393086
119877101
841448847
651293995
699447219
705118245
705102057
624351855
927371297
992036405
180626434
156988083
209350234
362693302
262401998
188484741
282570269
504928183
485680972
984408134
132899377
146020239
136495240
774672209
40056190
30442730
1101050
838370673
891271348
840260779
831029693
37708948
23032005
251679681
476735864
305281795
209082019
675664003
530248935
609945427
549233636
323287488
327256871
8505294
875660807
888614667
914991050
421219441
89235920
95491008
99726008
12307564
21359871
163223640
149935118
301571744
227943382
35969033
76254007
64785019
242716427
503672927
498208299
459372338
377895400
376256687
55166335
151437715
205198360
271727440
516504128
244665223
123364987
953310134
291346691
310118101
474545641
472257259
52396852
144093182
925746493
13264238
16896106
916314383
97159296
117870640
130209500
190096498
46129302
718177376
780617915
770935112
765621482
314531010
352983072
324910483
313870935
365242109
316790179
326682459
456185247
661078363
922526477
546912541
806392012
59697524
960231743
965956916
934962440
979657900
28641643
859315697
863725339
860181964
291089787
397465014
119933884
74666236
503095223
974891533
904314754
58348803
163213913
324279913
68492481
109796167
136617269
898034274
616276612
544368716
463536320
515844878
536872427
501622339
89608367
969791390
741754552
660815982
807758633
211193933
976911782
261205984
385987844
387402694
424642089
479405897
690305473
697102092
567431714
536264755
633968351
634811627
698696749
801611977
706221337
589221178
593308757
611696587
725895011
425032566
356122118
233462968
197560370
384177512
423328536
84135482
64216278
774730814
717636442
639530419
646198572
622648809
621534193
117988816
276535098
340621954
187890959
278170363
278556691
817684189
724655577
715543896
816539950
865109486
900524942
976323880
349982935
463850173
358165837
195843353
194147091
233504763
346390670
379884440
884101276
880717436
603945831
908013151
910102649
902237785
106182451
110228492
5408900
98660902
152104574
150903226
253804816
123283651
448788403
826930068
825206990
884774416
452668704
330728150
357828992
223045803
270310075
998028288
971748722
892639471
838442885
891687477
717216123
804115549
871396975
967601501
938320145
48244816
357690964
470877858
541035808
599144285
234205915
368973164
478338028
734833964
754941664
631984038
751820780
565040712
564058391
15885476
16743275
86783211
59943487
10914859
12046708
105169282
880582968
954082530
977386274
4613895
283548667
858033268
853822672
847152300
16535962
42385984
939301521
567570673
635344499
301193191
251269809
266720357
385425744
397457156
183727316
221123686
644729597
278423556
170150305
230894673
252430621
252771430
641195867
527691492
534920160
811424848
750226387
717190805
723420991
729427345
730402357
413064327
387831209
407059775
507175001
546142519
659943581
395936757
431609289
251951749
305723491
289912367
347651222
997101585
976134848
871267056
293737995
882129002
882960354
850410718
685281801
664402745
758770935
842687559
596110394
713169121
774974019
781960939
62029724
148923775
229637731
336004571
407834559
456303003
264435979
154026557
130181624
163921666
260261390
234093044
259612486
253398410
361507354
383432310
298073294
309921408
255924080
191699484
147780518
710611100
694337458
753969893
756972153
388337942
700124564
765281733
873598299
970752303
980477749
189833220
370886279
389202985
390361981
373659411
326050539
750848273
630728699
571110391
568637333
621506596
600123278
604766290
642702371
608639041
742443295
746026619
879667281
812359364
760088980
741361618
744858632
684241292
770518684
809810282
393067364
98699922
86812106
30105446
167442311
973023774
935369956
854464302
119296329
885103587
785608395
960349725
226436406
113616107
145093319
112668647
546199189
769918449
817839985
851659675
281237101
376858438
384009920
377079346
545338308
414024222
305762368
444903918
443896769
656083329
491171961
246375568
299853392
255854966
263495666
961900451
5455338
982522505
219221118
86104216
742055055
669824639
691290193
710870997
762716764
782252188
790023425
696157567
722093426
838459212
766357986
822608502
580002060
86839075
273225795
220151407
135796593
414423590
385034647
270637454
111472675
283152486
263650064
179276748
169656646
218107060
779249397
762912285
646832233
915536283
819533607
815613662
787575953
856676755
924221761
923967878
104235349
985147919
937646317
885296581
993137941
860040189
859358113
841994557
755069765
752738327
563055926
646082016
626103416
579686616
575294739
494736581
742122357
594764794
549937790
554729170
489121492
466953712
494423754
585645378
569778762
568599689
590043389
633668768
474961807
500897501
334233553
409274853
663377483
568910523
544155705
484885005
502911019
402001671
380469097
479631556
477417068
366302114
418485105
471764963
598149807
684323915
950495033
963526849
898532213
851996996
853741322
812573724
719554494
777049390
708593284
699570244
713740938
732695807
726526745
808982333
895868403
56502456
280365354
131338255
165465641
186486312
326637938
170937431
165936799
173018422
174812408
193849608
341383879
542552639
819841771
512204027
442206843
442369487
436041759
408161565
545018760
457925824
467749592
178444800
147802537
146663842
104667921
106733876
935964348
970818764
33789959
51744413
818252286
813671272
798800511
911150891
91542780
135924300
117931219
169726109
230670724
165014634
130257610
344942861
320818617
293487015
430158207
429897213
421419201
336009419
321828449
988162012
981675536
388410065
903263515
823036893
910907261
211958100
318400475
387963054
441274598
463584608
523135100
837427412
826024507
855769863
198000145
236489965
133573207
853207005
893601670
767066294
864313569
818446447
706866922
801110760
849230390
728155107
720888925
698267695
733589627
744199481
661815005
671496660
681360310
737788844
705328938
535466962
575884532
680273716
653515926
447304954
436958424
985828617
55501640
4014222
868851602
685737714
677843375
665991440
688701438
674678365
674721933
782423451
755914301
748548599
782314733
774502246
819913350
724624046
824716206
830064950
686511684
722096596
757199423
789596447
647300702
676438150
636624752
668665118
930369030
996286987
876857357
857883503
871130639
835718453
777434320
831227593
833487499
836958455
475283613
487353595
505355556
529238574
506823480
536696112
465121178
441301579
651292430
738491998
559908964
539706168
576203375
619582932
537685674
854938465
338168670
474406682
582226304
547992352
582158082
567570527
833937142
716600038
624436612
781734187
679078521
649333665
717552320
748144764
492974921
406587297
401404265
458127539
363324805
358527153
526860481
667155176
523742372
346426442
323624735
858675480
18339070
141345958
840193088
989959450
11645639
9289146
750757871
839892293
801258197
693844377
658448756
792288147
800474833
614314964
884434892
995622194
997914325
222209098
202847108
264832186
478775020
674758740
579556619
672435053
716248247
615763079
448147897
461792871
908848493
846031185
161165040
95267636
2349796
87236066
119523904
926439031
857855393
858360381
954075917
912807965
524038734
648666649
626662809
617850674
600065402
602038064
854522450
920123981
794533663
701550500
727961380
739632026
748487288
150048909
552951506
266846540
277701440
284658052
29504985
38752107
796600846
788186176
451667022
431073283
367075752
243775367
344661999
787857445
98473670
859987009
426146411
446934835
424351725
515952283
535027968
56770153
349403703
887039983
55240846
61206154
82721014
890292109
402551276
448984898
935778552
987632614
8332913
798603376
724343747
785394767
706001759
769372667
770684337
766832455
993403939
731680337
447492623
334858039
451490608
444463826
493019638
465727342
450108360
409855974
282461716
187447736
115616670
89563192
148533642
33124488
103125600
273239883
226271425
176294911
218074301
323295277
386439867
925152589
590079934
479339170
480609448
421006008
409814598
411022748
387398782
406201741
374330969
603790663
554684295
476233281
425154127
2369311
881662004
936393476
946213646
949813587
949773715
880020207
784013138
856501027
752363706
615903084
605920260
785015238
797750210
309865332
357548669
220471137
199965449
211368535
112928269
81017383
342425997
414116959
441895714
385078994
358796325
904562401
904620001
894545397
885901713
784698167
894111868
858906324
856272082
643367256
137706530
56756866
966451899
39521842
99608553
414274969
683933682
216699698
200526168
169529606
800754322
310470970
345227204
342803607
679610738
688223004
699787354
691389074
906519016
907104988
910231860
850181755
805928433
789898473
952734049
382140115
431330679
308030081
298320189
433885968
434156982
313950802
242187626
447882596
436310050
241052088
236352722
992332064
918189144
907905895
897717003
865862955
812597215
816711369
856813366
990718121
340662496
577069104
836913614
829889944
844544672
849550090
937229510
965401031
913620835
940533903
643457349
561131650
702555376
601721649
578574815
493429664
719583456
937245662
919762266
497917781
452029409
414921983
151701443
313730355
526939717
539358057
180300082
446119817
495584751
564519589
635037145
658612799
624260871
486244943
482070481
432506225
957798501
958571761
808075295
5168180
848315522
834999674
800076276
959798644
944146801
915288637
827947167
904938739
31393663
981187888
898442937
976750509
142749043
393984049
913623217
905913233
631257184
644739648
505787196
299033742
192002822
12522413
60564075
50471809
960845510
959936060
801027056
614106710
849915093
866576603
853678832
725120252
658852560
663086026
824671266
536337306
678329748
624806027
646695960
364807164
523330928
368530544
519473414
668802117
801181389
669049004
603918116
746885236
615264345
782363853
547644305
542670253
553287782
576621864
580741202
786986320
942627792
983433694
982624570
977172718
987104336
983347716
27017074
150848198
749357488
727537374
26652983
997755775
26579488
799471085
730450653
880319280
593110941
633206220
563111706
457695866
562075676
127602720
147446030
450560567
403855004
548705962
542004756
370489774
394751170
291836723
308265831
378729089
665324809
607456721
245594827
262534570
347058356
397681232
894035336
423957295
433189259
360464667
324429343
293730579
288786466
269298862
761067132
826121246
847445368
842806642
607698518
729740692
749521578
790986954
762977281
682728115
678170949
814658039
871427271
38897228
1435193
286548841
131918465
135407791
359620557
401263582
236910392
945251590
944636508
47205351
961374036
104787993
983043226
313442529
149972773
264505275
83332114
80683882
119345208
125954396
8672326
944291851
814957783
834207723
145294017
841477212
811001482
850613878
823970015
896851301
841740032
835077100
553375082
540197836
553524510
528373690
784401014
876985730
935828416
930219248
674659062
651713938
650056227
921749545
970852371
20192935
982675094
787972756
762031200
679841263
669295175
670117521
388514340
242375710
240103615
587235406
612824514
500180574
553068739
559360786
748096692
316173914
372106044
374984042
394889646
307767865
409025294
311267376
450306745
839445799
864354573
959037365
943722403
905153949
815117535
678432111
801530187
868440183
845148440
694234542
281492102
381390368
448959364
412972657
633865809
647552143
614395278
976011340
20008863
27114251
937211110
891381989
919298773
749274114
754488308
774948660
755256856
985602136
85858519
934187965
917462561
920992087
10416748
997719846
166615501
872488950
987761391
143391028
954102621
874176930
922910236
972196870
10565820
70352697
64896557
539983861
872475080
805435204
818117984
804736886
4889370
5041328
889167337
902641345
751405717
109328300
448891805
471458039
189680793
378899163
588271953
661282639
435520345
503817597
483656301
244931767
257994115
214686353
414122840
412644868
390287605
233276843
375674913
255925417
157711518
133836624
326986877
295365034
254698385
306634459
392757904
332099734
314683880
17798798
418390634
596322932
569949224
116744572
166281911
84683797
129110952
45665542
466087410
437714190
441089658
87127018
318068872
271677202
257428385
208112212
210026720
240177544
157399800
975753887
959140888
953402248
966661597
118132578
276764108
302682030
320702887
753208765
873667128
799010236
780985402
678796330
644002856
821597082
172514475
372893077
386782183
419994689
418575575
429785707
814356618
936096226
934780004
934700706
960569452
690345816
803934994
839415042
740305282
761052764
767814364
849512992
854141226
860409917
528743588
368766414
573025246
753822824
735410674
963172424
940088166
962473274
984248401
981636317
905458347
893702587
98654869
713223055
716436031
733085510
848619444
943058175
882445943
868330781
865558573
84526213
86804855
31559119
785786778
705011058
649442841
699581293
687631837
117194074
93998253
102983763
185376505
231656937
314219401
117711410
801425728
859623932
652048762
611305934
546465077
571268257
458617062
471422268
462101612
520852975
394064649
343199885
350379978
334513933
276839423
346989085
397638965
413897479
418001135
381865989
260998141
130841317
51310341
781866097
821295702
905646588
608937813
549611209
492694853
203552935
376437909
929082777
837456396
32480811
354275217
601346265
638605375
648955702
610755722
615277561
444057807
472283337
503112501
261737159
184560789
209037611
201365085
116053416
87995156
183078460
158533764
342279374
355064640
535090132
572539020
569639685
606155772
21012005
23496150
683043794
752798698
735553628
563061824
534075204
424868756
660834868
809433672
798884034
38483399
923725970
860345142
874655668
720281650
835424604
148062300
122843932
110137631
431912349
234648083
132859887
970310231
156881455
907162546
954655860
812043236
816984672
764060548
895152306
872270296
831121248
624880819
710366849
832701282
879662802
11363047
121238233
911992102
955823766
27784240
924050261
878127070
469755581
182250511
203246669
382269415
807905721
824243759
625898673
658379591
644613131
658100983
819483150
913234317
882431453
880651355
876212075
849973314
743854414
671280386
678401202
634724390
741088648
846432864
793178198
816075457
823316331
686975799
464847369
453246386
266973236
380354528
364081606
324012849
312681683
341259737
238129505
603015589
514971383
623435089
299845962
399482516
386461248
473155235
409806615
309284225
311384353
708179349
792640175
779545759
808914402
808921274
813725370
819471954
738905172
748722497
733400879
730894110
654715293
625260525
540422523
431010871
433372094
803007643
812300321
67176732
77353046
914127089
512190847
502337953
642668970
554127372
547502990
566240458
614468218
658566400
528372565
767615665
874484835
823563451
945240850
943491704
725636132
633024697
498257387
655649327
265446007
273046735
150062477
401706851
373583717
461740027
594707507
543562735
721249491
928456077
849885919
843344295
395710677
240522963
189815071
644200415
694241265
265484490
945147807
956944063
950253565
928460225
828609113
830271711
704350868
556359674
309701912
416924208
257873125
250588671
222388414
214931678
212570820
304381466
226717688
424587527
385774272
383218848
204195772
213677885
861057030
664687611
711095414
794559635
782230737
16161242
102438974
967710434
976346378
977298380
926256844
911494100
913405574
941169340
862998138
829310028
530456303
872719334
799613144
866195948
784433160
801985836
784084621
846290270
854465960
663137706
666369191
410082001
369970063
508551939
22499798
973273533
818074953
871724676
153006612
145207102
113505574
204925164
132013098
181623927
189020842
114591010
164451740
272055628
267324570
916127704
831250702
412862071
405546464
406979482
154256846
58403078
20771096
49214340
129992212
139002654
243789178
459218245
975857631
86398528
119570700
979836880
952470504
701060356
511741218
436253275
422992791
434300139
300282736
336550508
359374736
486588942
494577515
138379128
556003152
544701304
519745422
533693492
622732629
713324787
637436873
632864297
462194972
517434634
746805702
692359062
730667278
102091547
128900552
296235762
296906376
414482030
559037514
334165909
306576389
315404381
281579091
264558841
381442334
466706148
113363563
166602735
134358020
116797118
486168250
827610708
827077353
842950634
791197808
620923846
358340822
436202908
472425586
384303567
371060243
374181279
258394579
382947343
280511893
315982137
970246519
911056938
62897611
40680471
100415113
124454499
30500656
12451944
11774580
960886593
919566261
353521998
334709460
992746725
48195610
119911500
229558420
310489146
259385976
19217560
144735398
145872430
175773704
172949232
144887719
572428325
539951513
528307524
209695268
211240913
216564194
254022658
107341976
150159498
153518362
845564526
764983218
786204809
509090453
513035955
508702811
251482831
150272078
71005772
241815439
151558418
154835388
176083460
70678068
196147170
186069432
502341772
150468382
178646704
356991216
371306212
434846186
267369288
272711650
165208443
91719542
268693817
273713395
897425318
194928098
80214972
90491792
270890324
532574450
694531054
613685816
626288697
545495294
571593300
903518706
860076608
667274931
403592567
485485719
631800666
772968754
754351907
885523931
9927754
993659913
263429302
103601874
104122880
122350178
114640970
77437850
813507919
390448277
379003095
603599129
563667239
490276835
451118227
477222745
48733844
533249015
605541003
642812091
683391072
822253074
635453134
45836760
549113979
560193793
625413333
735675083
765388843
834972174
835279166
864812842
6773611
691242640
652255208
505274024
417637032
360134970
305646000
423186958
375127604
170496205
468830321
529771681
544135380
633132986
666843750
619216024
592789826
555188670
527278746
460086026
445205674
525670102
669183594
663931000
606902486
686050150
543559506
533746988
157202690
454389955
451142837
887047211
883435975
879160001
376709080
371695379
467025332
465549629
464153253
452423711
344440747
279987637
300187577
299278239
212434301
350284269
601978769
686049176
678997516
640306860
477305746
846377690
652785344
532875354
279311876
473355186
548208505
380655827
378435253
280891360
348577644
809627441
720934078
859293552
857703398
847402876
807193598
720370430
803499450
871964286
570149754
579326448
557963692
496506252
637091480
589212160
661425124
428744588
435770978
340095132
221205621
30867346
969292111
21768401
93221193
735697442
686233386
687168185
715337167
717392471
749552301
975448342
32020638
830346490
793287618
848915039
918477868
852588012
878122760
126640303
202641331
77494533
964152334
809608880
922645528
776405675
728557531
803851271
749477425
431404797
429787181
635493184
628468579
711552341
469220725
266725072
74615336
78923295
115851153
161288997
222267641
231620907
196542963
191150453
136176156
789301269
496926257
619940766
930977676
847231584
849533660
820737508
126514002
117141502
98953712
133215732
133626423
786124804
805856300
371638195
490668767
502691077
687075723
693119345
658056771
659028819
668542333
166711862
175201338
168551660
94573463
59072971
60890089
77780146
8132367
12015432
32919752
39693603
34535729
692597338
693920078
827002980
904908132
54549761
999444977
36983940
176970999
164932143
204676385
923111284
909695508
897068200
864535033
654627405
765123481
765286831
736570801
730456335
724337813
744221031
725992605
725361962
705167362
758441810
758075798
754570276
794801520
773660276
825326752
870632528
992658972
971259254
745515538
395777808
396232740
288476190
279234472
111742825
216910403
678753758
660029897
638670579
528853917
491250541
380014169
136423053
92635885
169584273
93840725
130624287
295737411
298369411
516562218
540243128
662139784
639017078
381053576
793780608
184575563
168144945
406254561
81093701
845547318
722266336
753099994
84424932
964166575
893699903
785691687
588844689
797206629
844011679
695126531
954206905
968080884
7896201
987394116
825483488
888380097
827011124
768696216
933493444
931690281
985584210
10403332
893077811
933699711
633857847
661547135
857462710
881380440
939805956
873410980
176833406
198379484
320682904
289314740
55449382
190202364
57106072
53334636
19516581
880095158
756973667
802797841
918086246
118741438
52264637
5700522
10004049
962406468
943522640
14271979
703276715
624686990
619676418
644482534
503015376
443971774
444471318
419764445
371359041
322195913
125446656
208502975
352839133
303605985
409034600
687491013
912682207
113207494
98802097
136512789
77722095
56889566
832487840
792772128
798217255
853798490
930500392
59625199
228495481
186837507
125285595
114705671
13452331
980880074
984909626
935301426
934254616
26814347
690796998
696314196
786738084
796001734
40192489
912394934
968895180
596334389
610905537
346574711
147144801
110656157
335883201
263202403
279287888
139976823
170320781
626895142
515282516
553820003
560998833
636042637
685266015
78511127
162547711
221878977
369958363
274603462
1414627
91525733
900543612
835933224
798268098
817041358
661389242
480026048
489274678
452649942
589213678
922437626
892383498
817623866
890179780
902371682
905984512
988995447
976559081
10676964
949503229
927032185
941293138
931125828
926410304
806958128
366057324
370302493
306210341
499810393
51375430
77066192
74078930
739007677
752941059
774296026
824523594
193752942
172042726
216611592
126556615
940380436
953747424
941960303
388118409
244955032
227522010
57972712
57064914
97903176
87801565
187542096
558090361
235660542
221350692
265442894
267370142
665089330
908209570
953033826
78345495
146815527
146034576
337569546
333363476
325114712
322660766
91790022
484856418
179195353
72618903
13798715
61560499
435014340
435828120
459790674
490285330
546833306
527095279
586369782
864528944
944364442
916172860
562324164
608858651
570400265
559580721
387302541
629229879
476849082
394714842
612498850
659549720
599098708
662590051
595278101
517999971
564658185
646079461
240141963
176721996
186993410
243614627
290904467
296179478
202333864
339561575
333258259
400471291
464354539
619535393
645639895
642251036
655262510
675631815
630164085
507390389
429679963
463072223
434903069
297829073
326146605
909747551
683503146
793600888
800136977
532524633
662998945
67830195
179353049
204605865
217368295
220299249
732848862
755661950
970091046
996656854
60256648
36955313
44593679
55787813
51351333
996887780
56640763
83911519
75382695
208578835
83845607
157266483
50555983
26843571
50995555
52537023
106210756
994951731
920867847
932371479
873963502
875718311
17497136
502545689
438495671
432471779
418377769
436732419
512149599
509164133
213090739
249513901
359100469
231322897
209431005
229898455
184479025
205071579
202553021
138877727
422349863
439669553
396989550
77637497
81680391
136173023
205609489
79086411
73501839
737820736
822136081
798320151
632505399
628772073
248812991
311062637
613715718
622195516
652230791
630725877
642563091
844496296
901223835
714120549
88222545
285177643
515904698
488113032
509605290
711203927
123327377
143647629
280556272
356598434
321573324
345679620
345454782
297344028
668028886
668333686
727134628
737592510
758159548
756742792
681735854
21601229
984890286
747395388
772222966
578050686
578623964
520985997
535017438
521619832
556175190
735170342
431958290
444109166
296914878
19867603
984147105
984216370
1568261
41096573
918549936
879205980
852249604
832660768
999329552
30253025
143592039
143706066
176970210
156831724
233142348
255313666
349520568
260219516
492141911
526667183
214026498
155347465
215222189
199826509
251941693
272662499
41325374
156966504
185578993
662548043
698809891
673373544
386496551
874374554
47937467
423794244
540800664
542301549
517448040
604466820
478531212
491942638
370725358
385114008
299963900
300836183
446402045
336971811
482624023
433307236
382259016
478563206
715977164
858595156
865306140
843225877
790686016
753733398
776171020
722348869
609106307
648973337
622812714
646867116
726892320
701282320
843552424
280883144
317194742
347663050
225213970
341782038
285978707
283591442
442903251
716956601
549586135
627460838
731978342
936197885
108202989
98731349
153329649
163510084
189412393
979683938
190181856
152060914
142536242
284982792
278747224
190939549
93904715
84858471
86134507
967024611
982942711
978728971
124747156
475920681
510009215
343046051
461673663
480448632
499543489
469181687
454200953
435136057
369211421
381705323
375185027
448455391
473432758
539210678
515202351
374137566
255746882
188054942
264231170
263948726
255820062
295981294
354988448
287893422
551084974
11865030
973860020
17606550
18780031
51282263
28693184
24173635
49371912
84644946
88827230
371056818
437683833
447393440
272902906
58792702
44332856
927385888
76905243
12723509
8724045
964062258
917842396
984846478
192553151
394341029
539188246
479529274
603807956
588313468
380403478
81501271
276703868
369500537
233364460
468212437
406828684
412230102
294326352
100647984
78831037
531897
995272323
83571582
396518307
387537015
535842822
664572408
49660872
30792400
626710127
376742613
485533403
484369079
301344604
142099264
171279294
317071388
314404146
279707816
279480920
275349970
157532219
209440322
277348551
211585043
220446844
85905548
254818585
191118217
110747807
511780940
542897902
546696836
533122402
488983918
350847370
347234092
169235624
74354310
989864649
410899220
455211523
541064059
298470513
179125420
272458135
318261877
541526006
496576952
496139230
495888517
565392257
554750399
327743061
666251291
682922059
756881457
997664366
907961550
885288070
894211852
796738148
882216060
862928328
899124154
732166298
738647307
686840667
243741051
406921461
161419414
230730198
172786355
395677080
465687400
487394436
431205070
474052873
506169347
493812479
249614821
125583677
495100888
846704385
866360147
870539095
948594195
574320715
560224997
554333075
645741984
590519978
13294675
720995206
710470990
705047433
707766331
736461823
750622221
529187165
483000248
352975574
371391414
505799239
657126917
290324673
626680271
618509015
133365467
142620634
611280574
369278694
591385290
679046352
798948042
947469756
987729697
818498827
628418174
613927011
835142123
844922987
928706760
845760633
843206085
859856595
219452468
168377044
43361054
146491596
164988731
633802426
593764684
662844617
627516769
739040050
618096292
721232015
693062959
693685985
689195139
640208840
719815255
715836222
758923646
776713112
735325887
683393366
459329526
520305124
486198683
491576729
891709787
816445433
883765333
130011944
563585636
553502370
526799604
466402348
471157239
434368595
325643251
262301475
264829067
181557396
89085014
845154344
817499610
820082864
94439706
610462443
725487927
424356989
378055963
114025695
118351443
129709515
140888685
148313424
117840330
38443510
847431143
978323945
78018197
77640251
217981895
817895631
846444693
800016575
863109445
131252687
182820128
936586130
840030375
903741389
930032574
955299966
34642993
34402763
33676557
948483862
721149808
647777190
609741948
741363522
521694618
631361180
608133188
752516273
843513334
589410099
694154538
748355856
754766204
748001297
742853538
603423768
109032099
101875054
131543132
178952082
171364350
126704996
983356298
947297664
980847148
99544229
102458509
329341253
181278935
497664261
502053195
473110457
303986514
521889954
602644006
532826468
667536344
719005092
781074898
771306248
641751060
882707432
527937714
510722138
481299384
565213764
620959510
667503428
804421130
606545966
495611524
505848391
585616630
515122952
484434872
531719178
601198776
567974096
590808612
478105440
473339054
390385142
998619681
618326411
594284865
987037228
110267769
111635970
878782873
58056056
59614075
141370321
191282359
202131517
999363852
961852019
839100243
71505154
17070910
8295964
2429026
916134296
31778091
899415308
57967109
110069913
997785219
9796340
500641967
539962025
592211837
540755407
599713279
235928141
196631034
334696072
320364824
341337378
302648072
311330874
11391394
973302694
955929915
114684928
358116657
169152089
144529650
397749722
456760818
658018843
574278883
496911165
500026935
374725198
351054167
403999177
725087973
685729172
676564930
665426363
403776000
134110218
869236885
862290738
905765673
241050902
180494693
304583405
163883731
380617363
237689547
456694606
685994801
680372106
851894324
864714302
894274410
919442962
136746268
201794226
208267322
217177751
197022558
296227726
184443076
296221622
271294098
341962208
26645306
27117394
976202264
6719305
6424661
93226399
84270381
779757352
834053363
808819116
787260294
943036308
951232310
771248552
818174698
570320146
423057395
289410778
317912796
594822662
552945188
818385352
826578415
984247451
943977467
922569241
89225808
22357024
2626440
445427550
406478993
677426555
788775337
833661635
864068959
871901779
188011008
174796383
261139548
551568380
731765778
780640732
587828036
737740608
703981832
572977310
759808602
813474198
815912130
912277693
90461534
489295288
194811474
863683973
114241837
133252999
595411343
356906135
372555769
440905073
327226803
323262997
293901128
302938936
556373214
779388930
919058491
982835238
92188839
60510706
259999398
177578088
168955960
88915396
84726170
50302672
59782371
171794331
291020773
303444335
165718122
67408138
9340164
9876060
32042823
453790345
596145925
631690384
477151452
446658478
230120588
39221016
30855884
464304380
709476186
482132044
520656972
461891385
484912034
434270792
416338902
627287323
820083491
861327059
82041920
914492601
971643301
961028426
94119637
965121334
950154034
989677278
982313344
184994355
964836192
981454366
983890460
45618337
39750070
962699388
956151606
2788718
53755587
875990798
6252721
610885
877717228
911421348
911482285
181772782
133087938
136453422
927206773
821845093
755597084
863353762
676156740
506857218
513456938
482866316
243760052
134673363
487483432
341460736
406612400
87909906
82919572
849476405
790514825
865796394
954914495
868898834
995701518
154504773
143290805
114049438
52950826
21985250
341899306
364970580
538527334
532736460
540372049
574744953
564980289
693431787
699817935
714861653
555143115
513595907
466526210
766669369
716789173
696891469
606144585
690582111
890854058
548333614
550124086
676753162
284481992
288196712
231358746
242495305
994079272
970666147
627011090
835672094
92348676
834910493
812362264
774519116
14687492
394513790
279729124
425254804
362546826
388994398
108116343
25869673
828299476
699144004
699063406
667639178
858870016
995400688
57818723
56938153
57107646
57506236
107174117
192176779
188319259
187686569
164112603
170743960
12807950
11708411
899605642
838928520
875737726
912123849
939457462
884324243
921144801
940945013
6049256
8502652
226916858
917370287
947533149
586195730
626971354
549122672
544870440
541951947
617818285
710293367
258243667
269490005
54409487
793846621
861791914
787578018
880198336
874470436
887374130
514510270
612440163
581999669
449676539
554462735
574749493
599311823
588690593
595289421
490266763
473018436
468507008
496621308
375071003
495752364
620804273
481379327
458912528
476845759
381054314
274084252
718777842
794110976
187903385
310542407
626846249
602302408
773410656
929756812
689808523
805056976
782105185
999741615
914553917
22625635
56739181
987913467
71930150
41506597
536092078
737640695
592225505
633560772
708010580
396510242
869196829
866953493
717837039
536773889
543522979
538100174
538143065
621865247
447096631
252619541
378503135
360077816
330540573
329326261
276564277
751008996
651580208
596958778
387145448
132986945
173847804
134281498
273443780
253283024
436807825
516442447
626570321
588813509
591903595
34306633
140494057
126757567
227003489
271836175
451043661
481072870
424768972
172606888
566522232
717595365
660920921
742365787
745949939
918030385
75036035
75929655
233836897
189323429
904198371
126414768
347250438
377280686
551057924
420988874
543431692
551583466
502010100
465726977
33830340
697572729
254227583
307150457
264587581
306063029
296210989
219761463
167516737
707544829
765765598
753389237
917683032
317347273
170406838
147287912
525738617
775392499
773757488
324716219
384700954
409475832
290660612
265326846
55020170
42427064
111447318
308220624
279257196
173421146
208014480
177508947
217159839
357371652
73882646
173599744
177905874
356081002
573750326
642762590
768314718
607396020
592583624
612822626
632009857
556626255
443302889
250138559
283398411
291642433
247117678
469497782
558271121
557646090
609546729
835940833
28125796
335281773
80639005
82122331
54206241
946257338
915731411
93710679
253167641
253398750
221398524
460351119
405835415
521845169
537122203
300088982
206522900
180893266
168418541
900773158
587125
58377279
151914139
137329656
546493611
706578395
665008603
737113743
772343978
731299066
729420382
589802075
623245458
634875591
637264685
766962979
402619199
388979294
353319008
335280774
462192456
460255686
539645087
545091368
636304764
770423686
187917141
148375168
95114476
957500353
807108815
56921564
88232897
838972612
108850509
185602545
267702428
224196494
235376031
39669865
190357283
159746613
131962016
987183337
947098788
944748450
74797445
43211627
39386125
136418219
206403485
331239959
284636320
137166547
122667115
167522411
165782143
560453766
509080883
518316333
541911519
570220467
621247888
574496336
537415056
585900861
703453607
743349225
140371892
208569388
197502544
379914855
339136124
126532970
998833539
97360220
158961026
959101819
23405696
2746966
930058075
995727771
147613535
964897543
905649847
855127613
842859613
442080913
591946485
519507066
236621190
429983692
451731615
402935479
435283396
584942212
602046561
654686494
706391538
689390180
464656706
361923424
338517464
287070366
303031182
496573775
524122703
456650638
144355943
165099558
195699671
348533599
292942453
132187211
131745493
332660171
169700385
131646539
739601554
524906374
515986760
426261010
580866084
841496255
743049329
748664027
760561709
715443027
683371606
679920465
979008540
89287855
29588157
582319762
559149022
457724962
452272390
430927987
354646229
360561618
366278792
869698983
530232017
686787013
721062654
720779944
454963105
505709325
413915144
387696868
479355371
587430369
776473376
62403999
120302248
596058540
703558478
536934896
295894281
312662482
290103236
531389262
546997330
562739334
677392926
382894411
410034897
392880776
497774522
560766494
801054536
701671132
908561166
899951734
70217845
393375063
188189309
332719587
498789470
483291372
587634762
658295150
594659707
623876011
828425232
93172909
208961363
220553201
335848043
264116066
294974364
337368010
245756710
139903898
302498498
333081201
295185367
290632267
802212319
701151605
684259473
641567337
649454947
761252133
738617229
47322977
51658846
95985422
107037925
981850913
864474375
154490326
168502690
38211264
58571858
175509516
76415782
44874892
85706630
85012503
158577963
189792705
153430372
2896497
646521706
552356824
443095734
560729791
521745971
679187525
532323489
406666763
416766274
770308396
687464332
622464302
403278831
406258561
408319933
993815906
985825474
16427628
142735182
154791794
920684001
18602262
53875348
201034555
161034981
181466401
153619922
867626972
931813474
767203398
739945331
501734663
400544345
491689645
502152225
502458345
386721701
353311181
23603943
893522063
664113389
747847516
774418389
441971234
387822204
27932896
20846286
897997251
999339329
25258904
106764649
8587106
188565073
108948431
172991302
197372704
194571755
116307656
124993193
68997123
172061865
156850549
165641381
536089445
636482433
748111129
736583169
719206125
706391913
926193507
751266855
365620783
254864979
203245841
69774248
52592320
840740503
714081485
760180295
172366
46314528
944928102
652298044
481805894
458221270
356015583
163483531
288399229
328165455
280635805
259389667
249548293
186864469
66163484
68711094
83136443
917064082
937488496
413409950
564001554
674789556
659674281
698741888
833308902
853521142
607666984
608373160
694591508
137253084
913995240
934703608
947194603
98072678
279564358
277762300
700106525
471560931
464975356
352449930
443571652
364881845
355922931
357867429
376580837
568201965
615028025
756064856
13406029
180208573
79050005
77458141
105930553
274942711
306612083
284180957
132882379
153479895
291222745
175624140
173160472
26188870
945169193
925761637
928344056
151592422
208252178
126074950
135251273
374385735
398206565
447916110
301432484
401246425
380861059
490257816
422602298
373447080
386033816
546776219
594811041
313438262
316878471
364361267
383397865
392568727
441971809
413256759
534020028
569817360
479884081
478703950
474515746
487514486
509797988
395459770
398791153
139687277
694297451
711830325
887649595
875434361
586910483
472387661
480587599
515847142
510718460
506512948
643510556
661354832
718906940
756175176
725725038
716429358
698254330
66749423
74247045
407152963
428156185
35435499
192726811
326264377
325363519
296769884
329976547
297511380
294884078
297004256
262625425
589727519
609725122
630013966
717476966
540043275
527023462
527169006
653980256
666291118
643114464
648296273
588633281
496688841
671364659
655229571
577730252
537899920
412279088
331888510
761423852
779281660
704649524
557746508
539230104
622617376
635366490
793626268
798101913
781761593
521997767
492196957
558265775
504279205
482648403
827347859
860703799
17083916
924741351
964472733
960840001
173537081
19548111
21670698
998357517
908746237
783844167
799038455
890783488
852662724
373764097
447498104
247791054
56090108
83507304
77059132
38778168
38362221
979734872
844656205
819920296
826485047
781106935
849208445
143023492
927871573
188034570
227110618
84977808
866508343
14280612
211208413
210429919
183217267
194148804
315461713
303749463
345439159
263342655
265295327
485368912
551313740
567177586
641561328
676611359
703724571
660409391
668010012
520482342
520029712
571228126
771292058
761800076
840276086
862996382
867075376
943782212
871199198
813493310
991108137
270679759
546315613
512123165
493569175
522932008
481428280
109162084
354635692
255832571
247340849
173818145
181833723
108030066
108661464
32933122
122416800
163177756
146415362
572659805
588294380
423985971
399176087
396074755
406285647
417936629
720618363
770321725
772037337
927463355
525135105
873284124
219581273
115502852
957118505
63537074
183475280
665589726
967791654
3318957
103972922
504284299
611488272
801304134
736160192
928960414
890668562
23828555
985328680
872560144
98981952
136555784
41571608
45152170
222725930
165425352
796696859
447970063
251477821
307502554
142760862
853404237
652801233
727007651
728834984
812504204
727503992
740776113
660192183
667776557
637656139
273195250
309259178
141413462
115276804
167613278
181710990
181883471
573723737
670465451
712348857
505658787
418809435
401235693
334792769
426157904
407877129
398979782
427312100
475580231
442336810
417616012
398546136
376611365
639240211
538074855
13596844
828732847
122367967
340476730
346920030
278068960
288701204
236586549
232552818
478768393
347336109
450629654
509781664
453958990
439674024
959894006
919509098
918071447
870379289
849463897
951540386
715779954
899098739
716562459
673705201
692509086
445245084
447571634
433196724
426405606
868069686
800126708
807642105
778979821
796626409
593338101
574068285
256730838
162486016
257683010
254208269
395230239
527873789
557212491
716712305
983639685
893076679
79295664
353033096
413000544
364239246
261359070
215432174
620276884
284196747
94226831
80009383
674480586
492154481
359452773
381917077
391266685
505054271
612858065
388114322
413530190
396275204
387419862
644617776
224588822
156349200
278458692
209423557
262429007
351908109
813669563
816833671
510851791
520103267
570556029
624081113
907255757
746402148
559616426
646466532
623372436
662858091
668579175
767388772
800313338
771336408
495704586
643377874
691953696
947715202
944899621
910668991
137433030
570611976
653643244
674158988
662490627
490447489
525082976
626077968
806971093
510319041
528244953
501969217
503852525
111823711
108982531
106331869
181066447
171928550
156180022
155755585
38384605
8176285
870557449
870299456
216689150
442756976
448032296
1703136
962339701
963622737
54520930
182034832
777513630
776050486
510743076
556963652
473731596
461683139
522759559
514151535
537383987
475326159
379082275
312712353
301023559
341838471
315856305
512443671
520391394
430479164
348844242
450356868
456893094
510702750
819639524
804470790
709330624
632562336
665030354
546174826
666429204
782502776
738321408
730518044
766287678
843869680
848561412
954268632
13523373
991974575
127684726
324749932
330155891
647404566
730694478
732775532
775994380
817504372
845185449
757153619
857357430
904023690
899512988
306962365
229479393
227855161
565859275
688725870
608476720
676634770
677986342
757318798
272237380
254292444
890670538
114776455
925767873
461273909
585933707
569021734
322654494
900646235
42479024
38869594
792710416
785811786
47214667
60061926
327435020
301765040
765594517
544511449
416340917
429033415
594304307
821018671
787589779
83437398
9103574
137404313
138825277
741352602
754220951
820324824
847880436
37365440
81248169
994683994
916506886
256339249
291715702
312379990
230795601
201922731
170018571
173823185
191944387
195509116
638665141
561858504
481147469
224840063
140204641
179928560
180460879
318650161
522833410
476624274
734253772
754532223
472802536
941024176
877989818
848964961
660345135
690256559
649126614
646940892
785958438
692242566
820646129
813413911
798802110
73691689
905230706
960940310
691116598
107627034
842017242
862439754
701981812
972561756
18783969
65139042
86635584
921439393
898941335
47741604
31314146
999020671
913906657
805696647
698931239
362516189
423020877
433017200
818456597
814482347
346106635
329141713
104873038
33977732
33912844
991574613
237937683
88382909
394534404
385308179
386174429
468615183
518762839
542979614
662414062
654398802
140886330
137378730
92173732
266841104
474756926
645828947
508294650
225125904
154583270
192299189
503755935
425676181
684229319
752228951
870595785
866554631
751299351
697714617
718879021
647782733
807098109
732503363
960833111
806818098
871655118
778664671
779672799
745478241
323544011
240933622
409416302
243240361
196502327
154218113
237416381
240501595
287959176
987848237
749229384
853435394
837045606
48149550
78856412
921766547
924714688
809953831
829554995
824641531
804450561
795990280
951770552
907020228
241801544
144374232
999325128
915633909
415070630
380906154
504643880
450275904
493070945
472659267
548762943
708747215
650858233
707770029
726134441
810872803
670049609
731514491
750510201
314749393
195121292
156276172
26980094
88568096
67121358
140562468
157168160
92743512
13737016
868735459
115768347
119160532
505215116
539850858
993447653
76507282
61209935
56292415
645942142
488640728
491273418
444104134
772954492
42882417
176095771
169889539
104650652
761108628
707644058
336534809
394487633
334593184
404310864
440854500
737327330
930106584
108107677
929345112
776746698
865398262
887635071
719464210
756456294
992999772
996920165
46238614
382898823
583972847
594399773
614534837
748382439
570485044
638480968
614616206
936150494
937622832
933660558
730276773
703124053
681733510
362487858
534106851
849860274
925619616
867909071
56505862
124872666
123503250
269399420
371661862
274961100
263457096
171422020
179025644
171100352
104665002
899354213
370005916
289317890
236051298
279712578
15084284
117524718
145155936
451385054
478599954
378952566
428795568
454179178
484147030
365040382
282411002
310033534
578909446
938179260
751620265
768293529
298833843
283856079
296228713
131281139
959606876
916302258
900816930
754723114
925516654
976071743
973973759
948102067
923764351
935781008
945503232
963861098
56355785
960663766
920011750
222904611
222995769
222643761
313970191
312600925
299859386
297739554
294608293
278063446
432034054
673338722
590842733
759233447
723820093
823572361
755718881
876048721
957140146
957396458
797650981
766118309
857225811
902189829
899168969
907597161
906045373
376549289
419911255
661802239
591938499
540372051
511231609
618367549
667415290
717069117
902662684
902023070
914927496
65531394
864418727
920092413
922269341
917439565
893252213
902371821
38137242
46752237
100147447
128424847
148130459
972441864
972776568
986123433
900431111
613834435
494800160
485399054
520857014
511222800
562133299
237760257
131974946
257670167
275076877
316196869
314703009
314921012
143750672
22343016
37845362
856672282
997065840
890283719
904319773
90552560
982827687
988769720
961130172
893975466
728593490
818704068
826434324
836769007
853977162
909170094
977105726
989480260
153334936
347574862
349060318
278884898
320990285
331513048
255690974
210058782
284081664
222526760
281206224
215836257
221866092
187707231
187539689
267293745
826798365
375453582
658900868
734411118
632882053
565393387
617719089
725909327
738538781
717349904
819302452
812700338
800771284
705562978
628242174
801396318
935624920
907035602
993930570
21369711
45767021
36866097
166597447
328107709
179806783
8349371
53655339
107480875
220766371
798671639
798284623
793014873
17578897
8690267
423818652
642187950
856666049
621286682
137736148
208730081
72879196
980875369
971322028
148695573
136790063
50020458
56682754
23422512
203081699
204518597
695442692
714216048
613238820
816682862
864039716
790250012
183985735
76572975
238836086
595405752
723426931
70427400
76171762
66581542
204162754
184326941
928546250
922281384
925304046
815419898
532784773
494869723
493840741
66751419
962912579
902399542
899878056
107552107
53822114
101146143
866911635
788869054
837313422
837080354
694557436
588326885
510935467
581696602
582190700
806319033
811498631
766036502
579478878
582373862
649715638
470817400
560198106
556388658
239104297
55131005
129453299
39678915
42157967
459219047
57212587
774072229
882671372
63642621
22684427
910323088
508143330
494660863
229280371
230882265
233934467
654699267
760073151
731869279
938013875
937920711
982547703
915523522
834896612
837328491
815329026
834713125
75453646
95204208
428632077
509036621
506506751
625901191
856872275
52602413
907085742
699340483
599853772
631278838
738081216
717601291
861498784
926432606
928505136
873253504
989644302
819652347
848990451
617725445
518554543
355905589
274470134
902234340
880751258
784646795
295648371
234994194
235858176
103118266
93508061
455297837
411369177
504697963
449902483
333427737
406344097
463001366
404822333
779079544
779669260
779223770
830769422
804467939
271279348
243845072
5300126
2961880
49093484
852704671
908864727
888732927
900758233
206270149
539088115
548004469
635347053
680767937
713281103
459719199
772059566
64749031
66385903
70424736
343192258
343996130
551996601
548928183
976928179
97261340
157334107
122520410
223076354
158967090
947376343
948033668
946516886
414853692
244665238
250629814
254561586
223552703
231305180
471882766
251170200
245232332
592938590
609598517
422374677
399697588
552697336
555225016
238716590
165076208
431545331
685430653
689771511
683262917
695479067
652884147
517758194
501931684
485527495
407217239
60970797
54930319
93361161
109826429
271048905
195837112
88516692
917985639
913221987
920575837
165753220
254860841
931290146
962437290
333214334
537778131
504163873
540205472
434515215
421946055
593281485
879182547
749855341
811611269
764023267
855016659
872809744
922666570
989128839
970721528
973802659
921151309
558677147
528779889
533069675
472392440
537410986
513918357
422959444
453842000
501808944
303445893
292406737
422405113
31702962
888388215
988458721
961775307
122581776
49037922
55553806
826010135
918019287
570626036
543396164
600531107
128949174
468969508
435992184
441888002
437143668
482364910
515721395
531938403
700520233
836818829
749978562
622870290
651232693
441623277
327359517
859721778
608824116
621751329
686724213
559170211
562035092
567324674
586895759
584697845
580929651
881756483
843874510
756328277
649394329
249602020
232734310
506099145
723821947
696965080
689300112
666070790
651050845
593021959
707821173
786394050
788604996
691968317
666714179
763150143
755422499
867617783
879345853
142190644
551440221
185482057
81293285
276636340
628034606
907926480
728836706
906823791
960150843
130538070
157685284
101526518
7412120
162601680
331180216
972679180
628171691
689636628
541532029
300025843
857795052
979648354
957261010
946643636
944414358
898487881
898171419
652176627
671742097
628857525
671514179
