672657987
597766957
328209976
547216650
572393402
420342416
284839136
368547520
258536137
256077157
259257224
262225034
246770494
181696798
170577298
187838162
293402460
812110303
807287731
825457546
676556288
263008120
585135643
545469941
530677351
411610976
394327817
470958613
328142319
837084494
726536858
704069557
833765641
165156302
165942280
187483703
164161667
56067593
82804977
25864285
65428606
6450696
4153784
136117826
197958710
217994914
311580753
324276375
301502438
838200001
825758039
597411811
332892220
464111829
425446159
624174029
563239829
602707040
567943232
627340486
669097681
534529773
491314308
358037280
222338322
364526634
376127631
377784898
455191022
462560287
458785275
461394887
451335121
673344673
482383451
887399862
715242642
833835743
833847208
738584700
721121318
514665314
483782103
392526521
340919302
383642274
376392614
513234979
572470930
390255489
396305685
397790329
678447254
693275400
477928091
184379477
225549592
232855372
315717225
48907535
162510109
163505096
176894471
502948859
626256867
715074310
891688216
925315828
913966356
914200488
245263771
267316027
690186752
607118258
587955714
767279846
907892854
864822587
878003603
740906317
916382337
992900701
976655877
874597748
22068126
975137255
965250567
958343291
910337499
917750831
890611083
121229156
694329377
798021305
896467369
82899784
23929714
5087901
310357313
306965668
194129012
225360571
472716935
416458521
424689707
90949373
74136397
145582665
130205741
93266609
162854818
354629452
311476459
176944581
184325757
151401015
170328593
479304367
747292926
635842405
676530163
633200637
719605670
762637418
142282009
240111290
268481785
242385299
104407197
73919637
102010092
71575727
177487251
269932101
299620505
167949829
139089601
145201135
164552745
159232887
462552920
530053265
531155395
531263546
174212664
200252491
841521396
884163934
925100588
121571315
113314015
724686484
948952724
925750502
943383088
294777189
251487017
191786038
184363380
350554896
351556781
198054950
127079626
123590472
117871716
14032398
214144394
176309630
226429612
228867202
160449510
43786432
107379813
307452171
315547915
297547393
202583277
326261737
325899787
629319479
467227119
515445971
488406287
460416133
917196437
793932573
825230055
844999833
666958449
612683034
880366461
640593670
609133542
363215171
210921199
160338753
288135817
291156407
573366180
572979128
613764276
613060386
675208270
624368454
662904822
665180191
337587250
374453212
283630018
263513076
461305898
635846792
533463008
533805538
798321274
843238094
625049877
435169095
456288237
441071317
576999837
294016355
341506031
258269105
530836286
531541958
707630176
790497566
790665325
711267249
5894891
27926933
940217295
960428707
911842024
798422550
705739852
265164278
263741036
442455242
447356692
442826876
437144829
324978617
980201688
941492829
312128086
380993220
403511835
433185985
520594726
685555726
725778367
756152417
764282913
588407243
762258592
589946392
593117302
963095927
37150084
215899153
227814886
231284930
240725112
240091008
549956744
541542345
514907185
515289155
507225615
532512890
485088460
275256294
274589833
125269841
386875649
346152297
353561654
362047293
352369671
173045913
940657307
75315490
366485522
383371681
354496493
588923571
630197449
719369657
732368560
725623050
797125068
919157247
96609296
750399190
725286705
762010089
747322694
510152822
408967525
439118097
435121035
585038355
553053515
540650676
593804942
599138373
767435235
767088097
858526047
689630527
625280675
536182335
488407365
567657639
564815283
580981125
544768823
477488307
500526345
565464057
763889734
585499356
592010750
787798759
796870729
612042859
622412389
634434207
650182945
858115093
867634874
12677924
909173374
940328345
867353719
814336644
778994076
600940148
856152093
178754352
35985008
966778171
764919389
820226221
816671733
731237007
631449407
469609629
485639469
550755415
429317991
954763823
429341938
418715208
452143650
581940216
745746345
770375057
573002255
585161287
196865644
226036228
287707624
259178832
282813707
234287718
288747629
986968937
777295079
782830297
599985509
605350527
595855827
705072594
816559995
794844519
814882887
617130405
612040683
700194101
674706385
645900511
647278467
727092765
434611605
585810081
596602037
536769693
658861057
467194273
463505089
57944327
95607455
290303365
264930232
185412614
270902972
370411776
180369730
242760660
64713224
148478171
333627680
258179388
314797624
332187201
290921653
371767235
341720979
221912217
222165231
208539736
262459810
418641222
416164656
368016970
478454832
578295976
575253939
787353168
786577503
157061744
63211993
59089907
880585042
789542887
682614599
649058370
568244084
575193218
499654322
474785958
525737755
809987373
765002554
760250884
773909107
818923609
801262553
826189169
78557980
101589143
174934979
592131138
617548442
697757501
416898677
591039591
382168253
379624692
413050733
268631078
239116385
231845878
230354146
192298018
77548996
30465222
38368864
179026246
187505306
988715835
77414214
77825078
197213546
552361972
292901304
278176074
550293904
763199442
753861796
768839606
766947577
783064722
775969889
412477152
200104064
287420750
262344146
226749816
161805714
210493312
276564750
252405084
219776878
387464816
367683464
374339566
367703282
40502569
34499875
760550948
759103154
679158582
463782900
618258536
618832352
771491412
859151498
736828376
736726963
790952787
791063633
782111863
777857729
871263855
65423214
26412930
26725979
997196776
982397426
994079574
945008254
334735025
316784483
427551171
631988909
550703905
516365386
554532414
580853549
576011907
507854435
535580485
435162443
428973463
347604617
226667267
296224823
311304232
303631207
416693219
635328557
908995537
887029907
765073271
672381655
285921788
174316560
460807218
488150759
679507523
684352127
614463695
655099593
742957270
745089444
617281846
619634128
574248826
667891078
623191615
629530675
571371587
533499283
670536043
713151775
791844085
813009009
679894625
649259426
736964506
745451042
673451023
643768330
727901488
661136456
651443567
676013831
671969198
662528207
579219377
729744928
732892523
660443433
503944933
314724015
285813778
115124900
214767211
112493085
17094455
120993539
126753543
73397222
75515637
162710011
172498773
65783219
106533392
146285026
345346824
438313228
470941650
427789066
323112062
328254548
361470873
393578539
306452555
284581380
396839744
374280698
311094262
584757247
546512669
606405946
763772756
816535684
624361580
493188372
516902548
526007850
362601965
203421585
115993989
117376690
189699838
123849120
738605690
792824889
798378185
806055200
7862831
898096418
64309788
359436250
178641101
151712735
157047947
46917289
221153675
864363323
840905185
836418452
889805134
751604659
939242061
839968856
742734280
816561874
826219654
722095884
708014532
718289747
789787241
630413413
839933953
898134838
810414546
819273944
756574464
855439419
221932304
286692764
212186074
167632124
165453949
187069541
281018629
306641111
383626818
362945802
306362988
273215467
309879531
373842621
525271853
790501125
809078325
662599065
671055478
893880112
864176974
795921657
734515443
773814475
762515535
424418582
355093816
989872985
869794068
807089216
842394468
905109612
100583027
964341572
51366242
235632516
127962721
866454297
939433962
70973741
84023516
600763215
843423931
672419578
647135232
267183216
313012798
286119383
202179919
48708271
997400426
948411178
77930695
125497597
382316567
310287521
356106079
359255448
334125453
154725214
166448261
126095945
35517861
54206039
49411557
185159766
173476727
141336370
22774362
1466872
997384761
925375477
975361941
29694812
104831999
65135019
338409343
346340465
215915921
167516911
927636644
563351017
716366855
739324679
795116814
898101831
689121867
682649261
565214925
551365280
458274818
336272780
370699792
364003175
343504679
334259993
330412820
329893006
244764996
246406474
178931209
174277063
137059875
950443738
88061757
149982709
587572633
690648417
640494691
584546665
589040806
551521692
474743999
462932774
535174744
486072177
559401207
563928737
357789474
225485210
231239342
153382874
409853755
433836917
408941125
267788738
225666963
285996905
187383593
342996267
856483135
911530872
918835194
65376281
67038590
924448911
989297389
75095523
946836152
949483358
73155899
4320038
1706324
976562949
970065982
882714382
947527668
11294229
111578486
25901004
14675459
970654330
868334522
821720322
902146609
712399805
640805118
646811298
714134454
699076735
660313701
626728167
426640773
458850659
460141594
435933388
387247220
340530700
412914168
424658211
477703080
560931487
647989921
734562931
466006189
482244583
530019815
427777106
709792136
573835085
547384041
829103631
873315163
26647200
5919411
9432333
146609125
184334165
194637927
975675725
976719470
948207494
822021617
945707281
962890757
819209820
811598754
791761923
143229290
403776406
458868312
471937573
386717733
539027351
389834333
259873143
953170380
49762443
828810440
835023462
920323290
23793469
90443407
160982136
418950120
234890238
375965758
592018537
495671571
494335513
494856835
167794725
170168383
242907541
195017702
193938053
55696947
963385080
935664330
995381680
66494955
953312961
955740446
959418414
445172210
442779399
331727954
228610624
154507028
520477774
521761167
522416813
489450765
333053923
331537677
370161275
967969086
853395906
848308958
755512704
803209604
756463420
754551054
901890028
769024698
697682202
621943970
791096992
885935985
733989939
834892437
832236893
10893544
891440880
827981652
381597236
324667704
396120982
447275446
293506446
469035898
343994812
183280318
997294695
2127414
69945950
343486127
126987783
207407935
186482067
908611316
833064693
864952855
872215013
880737799
891897245
817603791
790097673
704488017
486703172
506184636
472294252
568839865
548126455
519741693
517901372
494352782
433717060
490112214
602566516
593354836
417318348
447794314
380148056
374158658
243694304
346550398
12677188
77057493
852254058
849390486
705978209
704402479
316709815
174745881
104723775
56861125
851200521
13384116
265221528
270627300
100732913
100111770
49194
47896982
981878701
978917837
233935768
7488114
937622547
946248741
892801559
919323017
813428781
765472418
765036118
566212832
436984598
430626710
524712578
580632857
579030233
663334013
613559055
667443079
755247417
736474280
786357156
991953290
146433583
986533409
112248662
188422442
256882278
339851739
278365067
11855812
834893210
792544767
823377909
797743663
468679843
452624085
439470845
439104065
456181803
403186037
160771352
170564180
884999135
876544102
985682671
199680542
191716727
850856026
775707690
799786716
829681908
958214261
996224449
762576646
759992658
733321656
805003141
589782805
553313459
363201561
462955832
433502868
377729704
238654498
234553072
232829724
170780342
926328083
918327957
684898257
850996987
870281969
930703509
919052769
933240706
116214023
104178487
292125011
203403737
143833217
34217181
34318851
975054132
17870475
65472833
24381264
17471248
932090193
911159262
939419602
973342992
722645246
720513546
721373094
615769230
648078304
591558834
464358600
461674544
417769272
406240532
356742406
85288348
252608676
213249974
590122664
595735758
977587401
258187516
100890202
54541247
38641163
107377421
93943427
776440281
950164182
52647126
109795352
871733661
905264951
733840017
540637677
809475919
823675240
798293225
805975
341359088
289260681
217624435
217074669
106507333
234764148
520701746
516193106
652522472
624331149
612763339
543476889
550559597
558298727
725775666
891487222
751455124
844841866
845380655
830080573
837943554
46306925
201296841
199579757
201681312
241125948
198297968
416431333
530549317
518773237
509313865
446777987
471159927
532357209
524333886
713743275
712808249
599894465
228513319
879400634
741036180
595394127
560512591
719728127
983845991
279672516
27835231
17187859
27915572
151124646
146646252
145192078
149981236
247024813
332853565
318158934
446966791
253464483
262944603
196826289
32040220
165272508
100783256
126982239
390836789
498293291
504383081
609790905
533636616
661039630
611552678
717947821
756067033
686694749
675186705
675399313
599640297
657899991
505056675
501360393
532952380
428543528
423547222
295563604
463169883
459856447
447806311
533130209
433520838
444099703
493518657
489429151
432682041
633220010
760966367
755332303
749911862
700952277
548559775
495059652
509445528
124967424
164200748
149208548
161329496
167321416
228701971
241830637
251075005
244798625
268764177
135533717
206327663
155340673
304761617
549563887
516361118
575589855
363206053
302823519
189038235
198913616
21126054
934486835
929547655
949355387
967328539
966031720
784970122
645382718
607702659
654181309
631662415
898920060
992699551
981134028
88325815
117822160
113825444
31101956
31793598
32038255
15766498
11611098
4210074
914135599
43144456
44290340
59127574
781452301
842068580
966616001
973509185
903853565
912716039
972227084
832755456
811979946
860115508
848080146
862286620
862548642
13087005
859330858
804650832
99630724
153751767
165440197
257382016
72205668
98679080
129806529
163920605
159583909
146698747
105097555
152251405
64158288
240295962
235660138
336853901
354112243
908327511
978168344
3689197
993974515
982966555
17094501
946148348
839292371
930341104
931361110
884679766
850714716
769478171
737402302
691271534
685794234
674810326
651381572
652405100
522890618
485554074
489652223
425969904
445142384
487181218
607371276
655622232
529922146
556805338
480418176
253784540
395553636
427040894
409699991
677698083
677875277
633145589
122665707
219030459
353802675
74096029
98049347
118328731
145792921
132504865
138617174
59949622
26090902
118281309
101506693
147607101
138089071
908927215
924285005
899777940
898357141
999986713
13911010
18462964
41527210
799256505
777387001
763625057
783507043
893448521
3122145
17369765
896066277
659001132
40623554
263291304
290770040
149206730
181830966
89263686
907056325
4462456
156232924
143940803
35497637
80874983
73763489
881271248
686473508
783345732
783085615
779627463
822747792
41294403
78535081
42235247
909753002
921076430
944479998
593055479
562469201
703711473
358986697
253296781
229399107
235823636
98058218
431106278
543646596
540642442
485569060
294874886
203308660
263979516
193962258
227066271
227667473
215682975
205330033
134587867
388537611
458517733
486908053
487815935
558281292
563854140
528553298
578064961
867365295
999544720
972002780
755549330
778491641
633449274
474023571
461248421
392782257
615902283
666895051
671062663
659927709
587488869
675247868
581522382
559007422
553989112
580917280
520940070
523311040
590473411
533466077
596459941
594004498
400261540
185852472
150036464
184891880
293978712
306920103
338917696
255226696
250674073
426634159
370449649
369445607
421265273
427020564
466554396
9224100
824212895
197676993
212926559
153315883
116126584
80960692
77949251
72073901
130918575
433376253
507813510
415544152
757797835
881896439
899112913
682439078
688728680
561374247
541380465
518357379
206328223
916908772
915066422
922252210
909198290
644074634
584656884
556085414
549868930
519462934
498945814
382935396
354543724
383606052
366507528
389248094
343491832
933157176
300799151
149110516
210765125
139524856
150262782
161581104
286757771
296909307
314459088
175747529
204126973
220502618
1541274
993437665
695251225
714656184
883742182
803677687
836487641
972864293
962646291
958121460
685880390
708515688
705829319
734016205
756464005
714099411
688176783
718802653
487727647
506607433
560341425
521106646
335066504
174648276
199374612
151451358
151534914
132960828
234166739
242949721
455224939
405925133
662189120
320990610
318861365
345298066
515455042
472832772
473263410
588225492
625361344
831464212
957974334
27779899
35565101
117784697
31177133
353608248
260405158
632763842
633502714
804124690
803609346
810157976
659235038
657738766
936625299
936458705
910192417
955464028
986185322
986185322
183695741
179278463
19217603
83134297
899101914
828764040
938041386
977651194
883754070
891600549
581680904
391594050
596969892
716078812
828766820
794316844
876698076
873057828
875325552
828533053
835650928
896629840
904065777
812572254
832569160
25527277
887002751
887265846
881101652
938775464
918605536
22628716
16433730
92011268
111823666
128297322
127788676
141883290
225325738
399216676
458489878
677670160
518600500
520961394
555916132
213953458
12532134
30306426
46720808
915340310
12750737
864079172
736518467
733015933
661822252
672311803
450810390
450625232
454303450
418195439
379518450
968618339
157635022
145839360
887357906
115072491
41115103
168200987
316389555
473643183
495056791
493746275
498688280
413803706
427553022
331941203
702115449
712938095
565757967
676491692
691946303
748841857
893509665
902106449
937607821
849188657
871123483
792012767
794013710
780924118
774477332
747266195
616855934
639218526
462051566
500239074
451515248
459989584
508214767
690425991
724355608
713124577
722692951
710984017
606981556
772582506
852264907
831757291
642325557
671642849
933761138
851881088
846499720
621561708
652313493
995668745
972851918
4419683
999551844
205953320
290843540
248335188
173109943
419259421
388627607
471474297
66706520
52260232
54325424
238716086
196525218
232413515
270842275
929999761
931085515
926804739
944991607
497125069
473977229
585997503
351841631
793509159
887244204
927749055
745264096
854580483
30983942
291090249
260325240
251026382
318490990
943355807
969351073
75660380
183159722
105705740
631934896
555454598
576394141
482927017
450418564
495924255
580362250
704179834
941409891
145906160
191239614
230070692
321555216
332810010
290806380
300087136
227446652
151718520
181206330
181036633
146640849
157514627
153029953
229278279
67977565
960285404
681145183
661724145
703502454
850804098
889877704
863795560
863655733
839183315
838783255
890067026
800484650
757207404
753692710
788804132
892632193
880816037
641266829
638792765
714991236
665083714
610695604
635721451
276051225
305774005
318941149
353821651
348956437
315064591
69047109
94217373
123772491
97227492
275116124
906409999
919067338
915674126
903739742
938996744
955368601
882373539
884798173
926559507
872652725
189996148
187417774
104647263
86298957
79588771
958684079
902475849
814908413
806638650
837419654
821988316
826145357
543418201
524218176
393117850
428868841
808589987
846000297
934569118
918671042
927104954
876623616
898299776
730953045
700874851
764729297
778962695
873653694
816205409
82971870
218038962
234294054
377768984
378343596
453863084
585671685
578978553
576518019
645955653
597336991
424392943
645673993
626202826
614991882
988639259
996489465
12165687
43848167
694729284
742636652
844758102
969365875
963597979
855353995
855767375
865330779
5533028
790132683
881038469
808591567
712658641
898319059
893976413
48151290
60593253
421258340
406491159
416147784
406191114
402543110
410440952
866383044
905077844
913858918
913642074
916751318
972122651
954864444
790015479
44506396
825814313
806499905
825192551
861065401
893707643
65850764
899431797
49081660
108570417
247473041
244777753
224646412
241124727
389024731
357131446
338469468
272855273
258560571
401669513
388041221
373888220
355315400
471137614
332044753
372789817
354296369
273317523
71249617
955972436
934189666
894796834
896856965
894842781
908266438
800760560
951759608
50772713
48448019
983400370
955073523
956244299
64363456
166784787
33190023
32726750
84370201
139972883
403193063
350866035
323981135
366556741
269899221
527112175
573885877
564603778
707361168
812607044
693018514
692116847
715418553
773863653
851238079
851047647
967684543
242210555
378726719
356525388
275156082
506576875
500432905
509443204
159177967
139528046
84277874
99082912
310525220
318155833
197249323
219276695
401817285
284391471
144830049
121784867
54766220
16988512
85715580
86918052
407510398
413797919
449317301
565728361
424130659
533320337
539737495
531514504
20921978
439750635
187502726
186878634
189367830
182031408
40460434
107549379
978474111
973568425
920209046
186669262
261827940
405792437
353391750
354105852
352191073
210808691
309534151
371504391
420712903
373564373
443951837
436249751
502526003
313159438
303214874
16461520
198719052
285707138
304066732
323055224
342195986
279561584
332145209
281920201
261419241
229397636
288250990
473612632
320073066
634089600
657426842
696656544
654897404
568539010
598223081
724651295
742234047
826682541
999524191
805039883
658694447
547043121
703866627
380137699
397116143
204024887
246898845
322595881
336912981
310478959
323916333
196710845
254197349
239185447
89927922
126954614
120234286
99071082
99238762
169364504
121503337
305317237
768726111
846818101
843781030
432886412
696116158
952882496
814423876
807979366
811622542
888165183
764061819
838591999
531814521
498019355
489991915
547070609
603367364
515215438
505209648
556645477
542076879
439758099
144079401
132495219
43713149
43357867
152896013
149532709
207872186
364904387
430753311
344180289
645514003
758630855
728158849
672587355
626687423
800250345
755133571
882594035
907415615
913183433
121032768
69096432
89056884
89283126
108537827
84948008
366252724
244147166
284049737
705642611
703942209
690383021
572479190
803616328
798602973
805040739
813228663
687012351
583756431
591587233
578896687
580251750
552329602
547111018
600209609
26932624
137092364
841815685
823052945
838864587
836299875
817803125
801473189
832465805
770830340
725333562
792890388
569497402
567626436
576655566
292551007
142765263
118018483
220319155
64251497
73554591
133535223
839534867
656142901
881446137
445591584
458305100
412965206
384388376
370201818
276121795
380174894
375391068
625736582
597307412
794411751
793575701
914517859
913307401
167512902
195765810
99286338
966552881
894753293
838499163
946212712
947248568
948613506
171164109
171346474
159272048
162278872
275945000
769313167
764195555
764286016
835613071
663799313
681488921
673303213
739023076
841741994
396018732
241212549
369513059
439560113
594352197
505745175
463529947
462169861
444632905
520392269
602739837
546993997
649542696
366669840
410631136
410866588
398458892
390026688
440484786
409303946
371354244
414638478
489186478
553410669
340114721
492367583
459871731
449564880
361926843
213955533
221090663
243802672
223519527
189970463
335540322
366530186
190173692
215500076
187546158
69881716
930712892
895125540
856602842
840893404
857889384
926325780
910496490
955107114
760799079
573423585
625353047
596449717
558982829
498518385
616256383
692197239
533909345
413889831
347468181
269151575
318006418
272380828
296472308
643532798
623044631
754240683
834160137
840536797
864214479
870249562
720379833
833632465
717685081
733338107
684598741
674819633
379319232
348880474
342472344
343856106
346501254
327513192
339109126
338287682
550866362
333627618
323887323
376898343
412198590
474538662
315013369
842437792
815861696
602589132
756928748
766954526
842415824
232489257
234333609
175843070
142453428
142622023
114733523
285395401
298666613
227221531
163167409
11917049
56091355
56802285
237608607
330368261
139014227
362787239
589978041
544327488
786369941
782874682
861719133
609101223
636916300
264492572
293086586
431184633
539106991
454257424
515694434
677501673
493465376
502536368
441984680
381316108
323821308
375077816
571138566
591959432
540248842
473264602
445002659
417141947
368548818
267799988
316692627
220925394
505660556
496876679
425512665
426369163
422946699
935034595
545279151
719112346
832869232
791110650
843528152
732416942
623483316
620510556
603467915
569443269
561851598
653001054
678461746
773610491
777155607
803115960
722467120
324628609
280791795
229739095
232925666
227259464
272292758
393822248
467571582
468217454
320229092
381512997
375108113
524897925
629452488
653697292
728358840
710527659
495421939
552544199
524804967
404565262
393481016
269394418
163509624
923896230
926028280
969679810
892668438
649946325
641341238
628679930
645160734
900546442
899221726
895571224
887671600
943554584
946370514
877890252
890180129
896486737
153165760
146578988
56735092
84643815
91693621
826708236
18152235
909180079
918648887
907951363
52451955
47071687
141829587
226782391
300524911
109730625
932321698
121247888
117993461
258790213
909109948
844838208
901244574
24113475
988050832
963894070
961786118
761061576
762000067
126576329
811011700
818569370
861508420
846995322
963042770
967642735
625817159
603571479
634428867
679675263
716560449
874052329
982256215
861146443
815331630
798357288
835000970
664356734
704323654
492731281
396517513
400366383
402701535
479448118
306471384
562693651
553945674
536272049
375743900
361468684
388152738
384869679
462980344
431737970
342126024
781658834
766660734
768347340
709725223
656850339
524291477
371909207
438175709
426992206
627031578
843871144
628101990
731901492
767831464
768381781
773274247
718832747
767298967
734119707
757292827
539504484
553449936
352621382
336344305
496298673
371449866
353715086
399745648
210590318
861905869
779138079
855089589
110034110
60239814
253272696
322994328
435719630
410568188
792131711
773697903
613186095
14562470
297867792
285957186
202351896
157976468
147598402
985121745
991030296
975959907
946575293
101810365
187750463
178231973
211492210
237790135
256763229
317459712
287329464
299426173
138608732
161217488
237714740
208914352
233634753
300643163
418305037
471188003
622722139
564027347
537669001
357474989
374863231
473088287
77180765
914486978
896056308
819290047
272983534
33810500
357896977
499845896
457118903
371013451
181309869
38752045
35949124
196769968
255504219
309276635
338436413
328324111
541378118
700555936
670437736
677481732
674702624
643238332
956825522
173437553
375164803
313158020
558467550
681930356
751857260
743246612
680370922
547600367
486278889
225687661
390691867
390935021
220881613
679985079
705125105
753953589
691344821
881791827
677539645
828214989
778768707
754272193
723631596
673918418
677481076
682264646
871825990
55724699
61337492
43829925
2264106
967128148
820122788
779733288
723997760
676794538
613179134
741199360
860853966
800629684
864380824
851619469
854345510
858463137
848826415
3063848
3241628
585700841
546589141
550424108
554558594
812529862
790624470
964351578
10143135
891314800
29533413
869633033
800101404
801115495
771733233
420694167
653104620
682184526
328151875
326108697
339001155
395553197
479384561
525290469
405901309
327618912
218864443
273875995
634827319
745824225
659700229
655254159
636126938
548925056
855974968
723431632
921693208
932685876
945093552
940866090
936661476
288359025
276132951
252247727
189782999
961069310
858981740
849471962
880982229
925820305
954962553
750627567
817225839
754490381
777281637
781273537
897200472
862486362
854425594
927307930
314087399
334868323
359645980
368151200
627635117
468641361
452398458
636548748
768890146
730819900
706206277
786875689
784370739
853932935
602022505
735102165
481120843
673747048
748479341
745351745
911524591
14592438
52000848
33231628
951589595
831245956
26250801
44169452
50709477
435205081
507252271
592343730
584825382
635336599
799250652
712764327
673612541
424452931
345567323
330639461
571070020
638413273
347754461
583423827
382211735
341030975
323625633
305400902
517615580
456022346
384176290
794823672
765437598
746721662
770705703
873362843
778248086
869425654
985937214
868546660
640215350
662045399
633333575
556633387
537270215
493068407
469715416
333737789
256639795
243953091
261296769
85161083
201279633
401937867
439045467
135679761
173138037
225034839
400790719
411342131
436874618
440662678
577242397
489224686
492633823
514771038
638678848
622794732
629700963
106629450
944506075
862787389
80664754
800288309
938183797
153743136
869766123
999688153
3435170
939060496
932375724
935413144
929045729
935257991
930091925
19760810
17552254
18949923
91733975
278342689
70081577
906776
8647796
36861160
894365585
888733837
888147887
929692700
911219723
903234151
729152877
905244199
780656058
677473563
771167375
30841457
26190585
130527151
202779952
207366060
264759082
333989206
389133734
161551492
43071742
193091038
143922742
283175452
293312761
344152229
608772993
637991271
513633603
198433227
151699551
119918981
67351100
84656529
75351437
199657123
239642531
239468627
394736599
402938989
412451680
421240631
303352661
605458716
467573698
766640551
831801501
820357141
874467775
915249028
146631043
40992465
28632924
108648731
967741224
992570194
832888479
845150279
859880229
65781374
4075316
976058058
215696190
222400720
265399222
138864874
147041572
133560217
248412683
873861902
836302099
989217445
975200072
11884949
15914908
19257382
883529672
59262233
161555667
110492971
72493477
69692099
913146674
153965129
979729318
938211212
82739749
94038917
188613011
281168387
583216900
589550224
567655228
613310100
743150932
289552377
105960373
49793285
74366117
59402167
30176217
997720280
3911529
120878645
190604411
365850518
445882900
325608502
136272330
486426924
451563313
483033402
523612482
507438251
543814618
525269812
479673324
786121186
810123808
831428106
858384406
666797857
118547996
999822166
985404616
445981429
425645857
438355441
588310303
597408327
652088926
588634634
815870218
815969825
792784964
900398936
904305448
971944266
999321278
81565279
499016118
894155387
832291569
103581290
70147312
106511671
152413016
232271888
248876156
248989398
221339406
197731726
355400108
367231686
236759367
206686051
223500395
205376363
314449766
43601448
758941267
658184577
645135326
642540980
658429912
690774295
835035823
473480713
543388672
555695045
515752589
501105250
501393127
499767781
531471325
652077013
694462537
528401139
488568865
414810249
550452566
523454253
665893527
526792508
309278356
368655705
378630151
376727582
510866490
533894176
680821370
619336124
631670138
644483058
724920761
788762677
793730803
800873505
138011333
157397055
163549596
715627912
650954317
815165067
901078475
3182609
920718125
933203773
931852897
41092470
41901158
67108254
79975524
23526824
206902532
228311270
220353335
203964321
182961905
169214593
167557835
807609946
778148666
782135926
63586287
753148634
840731206
742266820
743752935
820609436
951895020
965865664
975385279
892270858
945377760
75763311
978727850
905338930
905724472
919140700
254140464
237623440
245108966
231750732
340098747
358852093
330673779
338458946
473031180
484798518
751133866
391830315
309891383
293406753
389307963
403042239
393213547
320226014
183079234
49867098
938121474
868934695
688048629
777770930
768783814
806538032
809531582
933864926
918788042
914845010
897081466
918944933
822053800
589214860
271560906
84836182
88884692
35383386
38117921
855025644
121622851
213237639
192866455
159993771
187945822
173924708
263622896
808093314
808803704
804924221
566007353
723037193
717359535
609285643
655293467
711860381
870776534
36064979
89442637
841721943
11294332
986960639
257547618
174659082
307830183
315015023
936764629
59951446
312456872
327306950
415342718
594804562
673245756
660147555
662112243
605679210
817896978
843986720
845333112
866197736
204153249
231576807
238930107
177833855
272611658
724737450
953657658
937418582
655206080
418544580
643479216
751803634
719763976
779630576
953375845
251348
919633769
962260723
872627733
921107411
636951968
681510348
785405983
943374681
45967138
48634176
942111976
18689741
983708778
938720582
757939330
767899003
892678487
818109159
729282748
453584653
441875783
425988299
263018419
272508789
281012116
881646509
85866528
34634918
331233117
306647390
423604792
447711148
127460980
189909250
427232200
405927070
411077233
433562289
478641574
370565689
697838371
713586383
715641897
677659026
591358615
676384320
705341877
613260863
669373359
602392844
441809989
313178357
368914663
381011363
367192757
93575662
107457822
18687156
70010336
74272972
770953501
772147597
36815720
183271614
184509289
185535777
194897981
381583991
383513259
462314053
422967555
389316713
396793261
700202925
666657136
643990186
664472780
437455924
398393717
494563772
511844186
603367462
603519560
460535912
496243860
498859244
567707884
654425405
664789601
698675943
669239061
664386567
513520187
497589475
587033613
609180992
612077046
581857176
138428699
84328355
59475213
225810495
103787453
69090982
39781596
83872566
931586967
958656711
932173599
807298137
828405685
803409541
174750250
189290542
70909796
816661926
529821764
519322138
535744938
549839132
771356897
769491351
770302399
728208282
765707701
790878183
745459509
710851627
716254279
521358614
458050317
450381929
444276045
330138131
371763175
379113027
448072465
362856757
355472317
363615621
261274836
165035825
236979307
229972557
223740059
294380651
324314693
285579933
178896325
168542139
78875669
484530768
473517927
467415301
630175309
601019837
568170805
169390606
128947344
65273962
895139935
900980455
916594960
915373457
896741245
894077858
790053394
779565400
762079782
719338503
754144503
574059747
616027647
604264667
785262059
808347553
707713397
529543971
292242807
279014403
339799203
537850369
394474767
429965220
524538121
509859591
731513045
664924789
718081513
758340115
749935365
890021127
977403431
993512832
951028378
865270966
23266453
68057674
72788894
25585662
109535888
364969573
239490096
5248596
32904842
91031895
230777787
317260328
269218884
446449990
359804560
366921814
360045820
459563322
581973271
785138491
774354999
782355429
954925069
909211074
936500636
54505601
930537391
884771049
919789261
937113595
919000043
209743700
95650455
901938212
253520915
961021755
4460787
205353459
88839486
145483258
166167346
46847072
975485755
859537879
787469559
759673039
885307133
58404604
85712620
52723182
71584449
42875423
26994823
998327414
917749964
843416861
827657519
770222776
667260768
687349434
635078073
615856179
712070415
727889611
714019270
624241390
643209766
611316304
610772139
591914807
656595679
612641712
785908461
791791937
917967081
730164315
704148468
691884696
879439426
951713925
952038528
972432434
984748976
954168338
883653828
915789422
907416784
933971627
78120581
54580739
93276065
89781266
199710438
169854002
227184746
317560851
325310143
323561763
415968913
441223555
501548102
463581308
353327212
357521976
199364044
333065315
339279413
604213436
605230360
614460902
516350644
372392914
235490304
214381980
175579932
158855912
176124118
217017332
227290308
116991770
88017302
159287642
175076889
153782791
739789137
722690953
724632098
912208808
918409270
788316555
593766484
186844216
366686959
322321933
625580281
595859093
553930977
761839401
768280721
492954183
512696825
504394973
482266943
552124945
473053359
804484107
875325319
997261937
22601590
133191714
87520642
142941488
59564398
328732554
226018347
237668063
286185950
296309613
307366338
242816006
179981641
115512313
121376455
66044151
8809945
141402193
192207597
216855431
370156596
282854080
321432842
261374223
264577724
224383618
223179654
193933746
107428021
76578827
957470887
962016893
70026432
455360738
573878412
549993769
310975758
207616928
245697609
195915753
33578195
15623177
244959595
261673309
142619687
371428705
369644351
352301569
980570670
412290999
241561095
243112393
885843828
903390442
789380205
982059899
966504933
984359520
151105753
197537556
565464974
564957086
544398511
617875333
614885435
350476757
343203392
349438392
303392744
266599390
284768220
366722042
392603162
399733001
377830386
764202332
899708422
917529071
914245123
899155984
915896780
742078296
745030965
711338038
567678156
630639624
642293162
683109844
742238128
807783534
852742502
828641595
616432230
619214218
662456105
670678595
718387849
710199069
751492433
760160557
548841141
509273951
528386383
551512701
494226161
482968468
451546709
466239093
566768753
584380595
550122753
551427458
731190248
739042819
738095193
632669064
541556667
399770779
452549587
250353633
222200781
214690049
926629271
886015920
898795842
882740672
934193734
990736055
894905184
891533748
953520717
112629414
108533572
115609114
237764786
813417655
238977620
479965908
495491284
582069046
567854958
571191617
421625709
49332410
60165893
65372855
161904245
308633299
330022137
318067400
268237012
357677009
324627997
421359022
479804817
269960701
195659526
697956893
840722487
822795352
793720258
503460134
405212498
844996718
768255354
814007468
821184270
790938562
779678722
683669482
686882214
688530894
391280630
405470186
917526322
600797690
553180356
521702488
302671938
344787476
573173918
568128054
398513100
254201538
223577704
289073268
360577944
528872323
509598009
448548363
490118098
550112886
580981743
509875035
686891842
699251805
703739351
700990744
713446538
704597682
694305839
782614420
738702914
753815892
651750232
562420281
566745279
431652497
197465959
240520350
243274242
243171871
242704880
269808732
113799348
799335755
794084411
767984207
721769481
683361069
303534857
280282417
345481796
291370398
336658201
709116121
885450568
727184426
915307958
7725003
971121888
216630397
762768436
928021477
889748233
908647573
904504587
933598047
919186920
806683994
520368660
323033444
407486753
478197171
560835525
569898120
500118112
915690202
844874794
838204162
650606618
698725242
705797196
665913883
656371958
410919730
718947415
619908658
582771739
555999687
611266726
647296792
647382680
515824133
568070017
665895679
625531981
522621159
441008782
330177248
354385430
193316018
416347498
355848264
358598496
288590118
88757554
99462525
347131959
337911348
334448842
340414005
353501753
271146700
275542758
271571492
330688528
331057295
382540397
404819521
286375487
353735235
356946365
297017513
397993135
323119732
178063908
117642180
141422799
142863135
185796292
123085056
23844606
618156569
477201037
505409971
380704261
688882901
696717509
781477769
870601355
892019601
889192111
298955754
298056998
281795544
24968281
1162137
86936281
142059781
77573465
898837644
839536894
707496716
714375866
769738013
760659486
744212658
105228457
210648167
250476393
447155063
497816445
596959339
691388961
676145595
754766787
711005791
666872579
632367793
550445221
489803885
591549949
520189654
327527752
319340615
369236955
367086591
733753047
622844743
673142239
507247009
455558934
781151018
750181608
728886300
715488850
617278539
560616521
981667759
900733623
900747235
651178442
657731256
549493830
686438687
764155603
759274261
732300273
702127957
48892896
968837384
132582576
135911452
137190127
142071171
47701899
4836307
194094905
266440873
250014407
183461259
183869421
94061799
134598169
136197521
87687365
127343197
322683114
186094850
163497596
191987007
220575639
320838889
392162658
581825464
442615482
399512757
503743207
376249747
417969574
338342031
315466923
341651804
355799196
455077211
730029713
946449623
885132134
894763172
874227483
882365105
952993675
22049826
196975968
347187660
429344884
382532150
166624689
203654985
66051808
889280945
871185579
874801297
179346886
240010042
466172421
455315413
506982214
516404090
424426498
475980199
300773058
409545316
385457747
967975094
980890733
888887339
937029307
880436913
883616425
490508504
452479684
440075118
452884179
494946295
657493103
618683613
614774654
620731078
707251386
672721418
661065422
661371643
731918645
848388681
841889927
405833454
244115114
292310704
162426332
87354474
977914101
750844954
768038382
761286450
746883406
742879158
750186036
774331022
723445544
727400762
818384761
799303239
748158177
907186395
890131955
831979940
754308036
23963755
969747659
98890812
235568248
223245452
224167064
286034732
324647182
898455211
918420425
27528693
59672189
38878683
430427432
429493056
367459918
356982847
360062709
365619747
553486083
671631309
638080524
529325036
528168316
621298133
427971543
183110992
139165742
131671747
131070550
282602216
322889303
264803671
279226409
392050722
409730862
404646261
395651861
309736928
