573723342
546991979
556996520
577193282
567350705
562644095
564759102
765062630
778305740
807729405
706636087
732740477
742621389
753782637
694568959
676720143
845174549
875051625
883944781
903957779
915703101
884974876
800083033
823966011
855007043
845211049
765710466
704201018
458800292
455112572
450784308
500943228
488337372
489871962
551106510
569654456
568231844
549278330
470343653
575383209
534110556
534827858
606754280
584765962
576319378
512809442
514713744
635197334
638260455
616498145
573806271
612546128
621606828
620244504
620654315
492601949
449385120
392141788
391047285
550168672
581584884
581013691
596949731
652810489
752224228
659055291
514590467
673901637
609204197
553691431
616555477
641422125
632804409
541359605
540518561
848297818
793770616
782544490
790485644
796148352
719533622
653038181
726368682
685644912
645298282
616117818
577792114
580052096
601383278
584670698
572656700
566312347
551919487
325749829
323480479
324802609
217723579
211414912
345958628
228316770
227604914
206791376
162352573
152235158
140818034
99454012
101043055
215657759
232801670
227826816
228200994
231085998
210485766
139218378
89635186
94335682
71906619
167889206
183982450
227034541
239633044
264830173
252621993
252814325
250975727
534367980
530626348
500764996
489177322
411653848
364631035
399605282
411972717
523482536
485714118
466884752
473322564
619749309
643002903
631574469
480792599
460067975
435849749
435473669
461391414
507275952
536268715
555419837
627697809
639119556
639914290
642779606
536423428
529023660
527466928
518965615
621265161
616197493
612029287
766248245
740427875
776799631
818859536
826273847
839551827
846233703
873936711
886402793
827534688
664956474
682923359
932533125
951554511
926567540
945907858
769722156
738048960
784359210
924476447
947611675
812880187
743596089
755316193
785207279
582496371
491802567
490895923
494367547
542388633
553120167
554689733
645573265
624393331
641074239
734298165
682286673
672051847
633114791
634134461
709421851
731451020
761346382
783541832
777873604
762128408
765410122
711387366
679497322
824404442
786752126
788894734
814551230
841404182
788486366
754659268
763204340
703494759
703891987
768241180
771105784
689015672
654180164
662311560
687496608
684526785
612794480
611310493
626256049
627820704
549639946
581260605
573703422
569114786
602617748
590749015
291946053
310997957
223024949
148583347
55974083
176165501
168616591
151224551
211089967
211193336
214872530
182384376
137392956
97421894
70439026
53905112
32234700
22972274
982164813
16577900
139800118
178925429
150581332
142808754
115058048
998733234
85215713
152614001
166429537
181669873
189504150
235619771
218786263
246232320
108789330
115614106
103375853
106489833
241943921
235841553
226676593
193954195
196731794
248129935
241899085
203889251
209802655
178979405
161944645
140908471
141920592
140069590
111961354
76246334
70716736
984543005
977100401
962840261
962556703
913889585
882952925
913940395
876264583
885445921
884480715
975324476
998778870
987311600
959765140
959114582
916934845
925097233
772305677
787044001
794459713
838337889
840738605
856760896
731365054
723380347
685552328
607207096
562780323
532648489
586214998
703303746
714069968
668177846
619058132
564436708
545557992
627522574
547528115
373008449
381002889
380923175
375561179
375903121
360030369
345633139
271535661
274238602
269964684
410781302
414868472
481132400
462839432
462696158
570305604
563987900
624932856
571379878
511686625
602040391
526797248
520134120
497221986
524273127
530781835
550044885
550350534
493264422
521646046
415510694
610509406
598240506
583668496
583802265
666821357
548710559
635311771
614942983
593482543
570604712
589624844
584683478
598208344
591933208
582653886
595612459
595810101
584409857
565340249
519504251
512210511
459998502
467724342
520954014
519667976
529051513
503249002
501955040
384685512
389405183
378695263
325151531
331021969
360620963
323013401
354409081
345142377
325273391
354858875
243501611
242465337
217733347
264469696
218346336
225433554
228480857
234614704
403695286
395121448
393175738
400675748
389495012
400728152
420775618
417068510
313669370
310205342
594599004
554314060
564098294
564642900
538574017
357908969
300216528
229857114
229097644
190279644
197921353
29019468
143975624
132443906
82820842
77872729
54288817
11586171
82556439
992781653
761355352
739484624
809538588
807233574
769611820
822277507
848593736
791752873
772240952
722425894
743632368
856999396
872925620
867908342
888431842
890465872
849296372
827856658
829097076
834058166
751290468
726931027
748077117
780853536
775541784
773710616
808786320
562726476
500522154
491926985
445053368
473263388
580214121
576968007
611334388
598955486
606739768
592016914
539139661
523677621
526200403
603656780
624809008
561191944
487322338
464804164
327302202
322077832
173695144
202690697
202888924
198535356
118554373
171635101
110961325
95912176
142228752
146402443
142430347
154073249
97428601
63603265
124342661
57863075
37002755
39077560
71871411
912909569
806891855
805476277
829837903
787491761
797919845
693373354
689580134
708124418
704198323
719359273
691452938
701224193
828184907
789306394
885805669
880711759
882080103
896937646
938544310
931454782
920480584
917854572
769970951
757345011
768870061
810720573
734031162
714403888
777716738
795809827
798971833
789623973
786086502
630002436
637419583
599435812
546304266
578004108
385386132
383213422
412990147
430352432
430315306
422752147
491516627
681899747
672040226
659285712
811554464
811897808
737339232
736157435
703482553
704748899
728036111
751470523
747000046
746330119
579886897
588549207
567691085
609049831
588196270
505335434
514779560
510162732
430777006
245380040
208335474
173884523
150905667
144422937
288565737
318195131
320875179
391739543
361976851
281023589
173104831
151760031
958343260
971424326
84921765
392138155
397172969
469614749
425086515
405030687
408458588
400902437
399279321
372590971
361686673
390828714
378144588
331493583
308471361
365560965
332364353
331708744
353060748
405018038
391727474
360056824
341148027
202066109
186903089
261840267
406963001
366465788
352879122
290688924
285742538
295113898
295656460
324534184
320094164
342583094
286180494
8330042
8307446
64630576
339019414
247972868
230619362
219239808
201482096
223605450
218017533
128068289
79167494
118867193
147378165
115901933
206152019
238505409
223188705
218209189
240739329
257235109
247417627
234016125
221328301
297480377
329407967
486322091
463501245
351748757
281593156
256939322
249915506
268292084
280596504
235120102
323827089
403381891
376181525
365712271
574862250
591712490
728240288
687515742
594275838
600555804
602197758
616479210
624018586
553212714
530869142
552851531
520144905
545733114
472529210
464928532
464533427
449094990
572909764
567068476
421105847
427182359
378673223
399655135
413092441
415602473
441083386
456311644
377026476
437523940
444560215
498840520
507046199
501808143
498661131
557964621
527883526
528667186
510724258
568763983
611005460
515363235
488570009
431878524
510099527
545172399
578015001
420062825
481659973
477491464
435141817
504242255
515648073
508078307
522113275
548326275
458274295
443741601
449328365
585430663
647458168
697850508
728789352
785219896
681099406
665508890
727874339
821982900
882891319
880492571
857091835
983484830
955325792
23589437
50023923
47303123
59158372
147449986
154814982
142631431
245683658
459806066
444335386
504361418
692131076
658254540
749978040
679408463
659016262
684597293
686900023
661804289
670654797
603632803
591676333
520350505
496635211
499029336
497560639
692281792
696486035
784964009
820791081
764064791
764927023
825689351
922735727
922103894
912959574
895125320
881998292
973748868
920913366
950241864
922725274
928569018
928513296
43640836
54452575
34932575
976006792
999739273
877698375
789617919
794368142
756638819
753820883
798588141
843952797
832930055
856420119
908509007
843196442
821461604
698635578
722073641
715441898
730883534
728331155
705484679
687420927
748273413
763643111
758427013
687232261
590974649
527717840
537591114
552378754
617913974
620878322
726684697
840581864
729327520
774123912
910064476
904717042
962190594
933146952
928104962
935049896
960124615
946589390
886130552
917482394
894096548
925371340
945557190
910959891
912952691
902193337
957272703
11048494
21424913
20907911
480263
815244
978891937
10928493
958935702
946506198
946372154
915452640
914252917
921116893
987868231
935490658
900022089
896203455
891870079
902166902
894075960
904820674
955571457
950020965
908124491
906775751
905166511
931217783
965181900
959794182
18131948
48388883
11782869
916350861
912535245
967488961
16873752
19515652
38796307
99363745
106790243
91485729
146531519
337277710
311666574
335785846
329555998
344073753
577927809
672395403
670554781
594240461
615414779
628272205
678788724
669191470
670985368
640836290
712295526
708251905
699622952
827130526
782794554
680984010
641961858
662789776
634872471
596705901
588344969
529846651
373545323
379263387
466068273
453637701
453723255
420381764
422930778
402971668
318341403
409768642
438767880
441831276
433086160
330713176
320044610
314231245
345728141
359728409
100762731
119997043
126728475
34974681
60005091
72271434
90823860
826907938
640715852
685775321
692895585
653566005
861866251
758037139
774192933
816342566
884629006
888677727
851056195
828349565
809641679
699685637
706173931
690282280
536209649
610055607
672568407
667288541
727848059
727892755
821736717
918339293
817278861
803116138
835627428
837559934
832234787
725926900
730594690
733181194
729380469
718242945
714826481
746711663
798742023
757764995
779411839
938344087
8500232
987061347
181989193
184581759
79365453
25653907
98923467
137421926
118590788
134222826
304751654
322303900
358589596
360304510
358150332
317234196
294350405
269172936
228715416
263192918
260302965
262575609
231796563
207582113
272589469
283775515
250321132
262273248
262895634
264099163
247141749
412305001
299205146
278296342
159649752
159539450
375028925
370999218
391571601
391160217
407405166
408740864
526642808
540478953
554762096
600848728
601171907
632370474
603666692
637153947
650351351
631251692
666378754
636315026
660992001
682545293
589968924
498286560
668634311
619634395
574499801
468501512
469302620
471726520
459936406
529541832
668940908
743508828
696055954
650346044
596673910
616464920
660264042
660108381
683477083
778943299
786966235
755296763
702758065
791382931
781825720
982564592
995432117
919124197
942376959
952815223
950299844
905218326
938515828
879496256
915056629
483922
3865264
18824267
967602442
125018914
97964081
55999968
51545154
24363836
16707280
40114854
76532543
83547973
99372981
18416697
8512595
234367
8003491
933013576
916603954
68952808
81420674
2298590
92471382
98147299
991581064
101342723
30963259
955155203
951918780
935211148
966563442
25562739
985677463
21910624
998845837
990224227
975113708
891630984
946907962
966647676
5550095
72254017
40485169
40649417
64456006
62560716
55657273
199594739
186956699
211668348
219523051
177049810
169548932
161715264
164287192
122714548
116928996
94953236
104416676
117696508
110979396
211304624
277599479
305971549
374524809
193053761
203792857
167690614
148162596
969029093
966244579
958064451
954143536
93164820
28204884
54312770
83671437
4860047
985415499
976043615
999974323
94298088
80654622
870668827
759069685
680735664
693953754
903884822
878746735
739429641
750306092
749753491
764662792
620022159
610579660
500287270
432679974
446215434
445538383
404893024
457674080
387542320
391179800
512346300
591364404
647281800
647250864
660148314
607682310
636922836
574739122
575720994
565085650
623048457
643846634
917004600
907199168
934333946
922213212
942723212
18152501
30321925
74473244
149433968
94574268
93451008
82858047
77037491
82683642
95695212
1665968
2910997
31163366
972678614
944861310
940728690
859892233
904326207
930806829
794882355
922893533
909749117
919248497
918047597
831412125
886928403
888108631
738776218
732097128
688636552
920394410
922974501
986678873
12197480
12066584
29180466
74261759
23177545
10975370
63691910
55283236
927293103
846806702
831085274
875599093
872869517
906728992
46616235
31243451
55712827
54177211
2814398
967938686
964998652
916611187
918582386
914313276
938074918
970770226
876845006
898139458
957074973
934381483
933663492
879328206
938188492
933733670
99316358
156096549
182004979
172505249
237765623
369755273
323864955
330004711
386083941
404695528
417961078
447879936
366716386
370857414
333480490
390143843
364417433
366264417
392896974
474050406
485815264
407759819
420902165
479627407
429876065
412383773
437522818
496688704
518304048
521141046
563023952
564779084
348513476
386823454
358624607
445335037
453224535
451969335
464194552
482789596
476328556
464191633
463700601
462145937
378206483
382446745
374667829
364834539
342939043
179490994
200123767
160958735
111570629
66687755
100880155
104383073
75741105
74458305
138910155
176238095
211626187
210229619
181355914
135118094
97627238
16231156
54442038
32127547
139012564
146941958
22695084
59673552
104538427
106382163
106400842
96824568
106752034
119166037
130525799
125440699
131347066
28426806
54612188
83992400
115177102
295452222
367245696
274539414
349632348
298848742
262807791
318297418
293639983
224464957
229653493
344667213
533653833
534885795
546263522
364869474
385254780
486170453
406517106
383551360
337029320
327319038
259353311
240994254
273725392
224421094
127919644
83352518
798134286
872292717
899829937
912713129
878989488
856921453
855066097
852265991
814496320
806034774
903348273
945904240
944458810
988083421
945518301
953664081
98758729
119001141
102345991
259097699
196849029
194127956
230837754
223907896
283899581
445535783
428504528
401642954
528019508
493949886
462321764
523871304
523704257
536677917
754585898
767948703
828802773
778950657
872331281
890729978
859158438
885814016
953086854
958174666
956184426
5439382
21543936
46608618
27354130
97268491
28308955
919107426
911777620
913036416
880752574
861314684
149003706
139932444
152628214
121913181
132048403
136567047
222181695
67943773
54069883
959494885
907067817
982722148
55992490
41223082
26498070
27228864
37631252
985445383
981987664
971636504
37629838
26914299
950166721
816776908
805952329
822960506
824253042
628473602
624513352
616566402
607861922
575594708
576114450
553646510
712899452
724345080
731976836
715320530
716082212
571070488
585527440
644597978
645064664
579825326
582287298
567645058
540529528
583550338
487475326
523554278
617254558
680443520
707536923
705658095
781846084
812209052
769201412
708623280
728318632
771749931
733241705
789370954
892399636
894984838
896281468
900429564
830530840
787143389
795331539
814969635
753801843
715474159
603373209
569024047
572232383
494479841
525032610
527210659
506635848
468468959
396244649
412533775
606270971
625435702
603085962
755782884
764748303
700831151
620007555
433867197
471483757
380689933
386863863
311831965
358174723
303989272
269308498
283318718
202757752
207739438
258473794
266908430
258822754
163574982
240864884
56686288
86649844
241171659
213034929
194973373
169390549
167431631
167076967
226939266
231789180
250342528
234319592
204436742
173723163
179555339
184910439
341051211
370250614
449026292
495018732
523131727
522081822
559150248
548212504
458557964
458557964
320392536
357741519
300061749
73859584
99280256
50257828
959108847
913372807
890986241
903459149
902479761
873713151
887676107
846397695
841775089
836795219
786693414
773305452
769077472
785190542
764322198
728571382
674351346
654029408
616774354
607215369
630454829
735057957
783744513
820327745
807621297
859826239
849596757
884974397
13652026
76126524
75330056
170588057
310143989
197793553
224745113
253428679
255049104
199174847
306482947
233238177
238158713
155753755
156009988
146961578
125490083
179597717
252064147
243419951
263545291
251656050
160872820
136004346
154907286
126422861
983481974
971179852
975147990
951770250
966816639
965006038
996376394
58191549
57306736
79190942
196438406
211213880
207969042
191998742
147066118
170303510
163950641
156436115
106752223
140356881
142141287
233296043
223296345
221608374
958801905
932175895
847294749
809753476
823779578
841863978
851772524
14521491
928526644
107057384
114927298
182284264
364968765
336258423
296109003
369499831
276436679
315994044
321860958
269957036
291499994
420714594
375756701
370403859
345634023
408940481
433129440
436854402
361611428
337525656
191828090
190443946
177109220
171546644
201126786
144590528
145605905
109588760
151680764
182475556
163250321
146453416
104661698
134537732
162078858
94810518
184745976
219510994
159669742
154934750
152385616
120084512
96403400
88706570
84011378
250534024
266449792
67402886
78429556
67230759
28824190
951473085
951532566
882566020
999906470
955722296
44797203
12376579
831383250
726023836
729698342
717099441
664849846
570635923
573998815
577090536
548353506
546262444
907420772
904575528
901279412
914880382
807879022
860284634
853409310
885574524
918009050
887201520
899351902
825255116
840075352
832861656
909360515
894637845
841548365
770565499
778027667
791149675
791695392
797275930
742069202
783457676
831110031
836442237
830092106
870809914
841304877
826437008
786982198
832344580
951986106
962883406
914156930
864162860
637178195
621892929
641412980
648764614
722293404
729715140
730897008
739332012
740668028
658092016
721318984
741610238
658659447
641413341
660407405
677151601
691650813
651775385
615960017
615961838
604208488
596632640
654666070
672430090
683827165
590193633
600972785
788076447
787495427
818305949
859049235
860202775
793333855
795144003
775530769
819414704
920554120
960185450
945832885
939816895
929711880
883036384
883245463
999239465
7332008
78350303
70980026
49777168
67517104
995251027
133200534
126035478
230787328
280097692
380298770
268065984
267476766
236502178
294410098
239904300
190755128
140141504
225899573
211643489
255997057
255583976
126753400
125799588
124159082
36314020
894858509
994665475
6171480
56634268
146960452
136425076
27468129
994084470
860445651
858110467
756018247
857079945
853374244
689360160
740913416
706232742
704854420
620872776
558251750
549714038
629429646
654088472
755343542
752779036
705618319
566909337
580672623
564329923
439405674
349461908
367247848
451195177
418675153
443453473
366460654
428650696
382421704
394010396
354861752
315037964
310032255
293751069
326157383
325507845
439994259
440339084
404868275
168316519
232483428
429467552
427866998
411194620
283389483
216412991
217306567
247280017
188489302
266519859
265689921
38843332
51893833
821233683
890035300
17216689
12244125
893254700
982918402
967530824
966077082
854244308
795977114
801804518
766747320
775964129
727639530
699400274
683016968
651655848
619814336
705838099
578010896
741843776
673520958
738159877
797006549
996925956
941645192
83449390
142019850
126944028
951619980
929441464
215606581
291895056
268341914
311215504
246171492
263676028
330600211
328951647
328672011
289279345
193536441
218503529
133033104
144687926
144188112
179696790
219293762
150163946
155098800
244829818
165496522
165394572
188041375
293844287
287704321
377228237
418457685
478075827
458045444
437558304
429158758
357091904
109304043
138711017
30954297
997939791
221669498
211848010
154256812
155996678
164895858
159107891
169542623
178606785
174513579
98932755
17988782
992373087
991537307
978889208
971144496
921407029
953017273
980574561
718973309
678219414
718920707
470480899
484675905
419686214
499859516
560068794
561961439
554962845
549232877
583855590
583772207
733546353
775693321
781924805
735514883
742034040
751022346
685230129
684374815
710808737
664652722
664501930
578596553
596902453
643859867
767757595
758031271
750749085
771818501
832008555
698119555
696295040
685550116
706851634
710175352
701515920
705352651
