96198642
131450865
165248955
201293183
192280533
86882270
126226393
237484866
228490914
267251670
266527711
67018668
87486463
162840551
216463951
19332086
92192735
265285631
49214447
258190281
12089151
213317599
227950471
244907998
232751082
199841529
158392041
128020447
245365605
267729599
114811039
55306315
259758253
211542415
232636405
263159678
201248505
189053951
191883255
167194829
257682811
217569007
26345426
213317599
191883255
242083709
183383801
95970250
268435455
198309787
267819206
155177966
256864921
247410669
54235330
203611743
16768402
186791665
233097830
260824771
95970250
186791665
167772156
249347006
260567222
188081086
192822197
100301743
114202543
57331135
266303505
230924156
100394211
91089875
261735332
81896553
239063883
189053951
257208173
117157231
254079485
117078887
220167093
110522845
217439855
34915181
96198642
53204906
110522845
229527527
239246252
134066367
267226854
131450865
250281320
230391806
125726005
234821094
144432846
50308542
172322735
99304703
230672356
231930613
107524060
256621513
266260746
267332031
48233444
54235330
210501303
229527527
230036924
166844023
126226393
70163885
261732573
231865254
12089151
240516495
69969686
249557151
201326588
264467053
81461117
267251384
194367228
232387851
243266863
33476450
232390062
128809151
16144293
246407149
188627893
134156151
53466282
170901074
100009833
72310589
233273242
50297214
133674490
250764871
228523702
3472295
83742610
250866559
109828077
192966466
263575495
195033774
234611907
95402750
190312827
74443731
149870519
148503627
191559602
267476222
200227758
264087294
229539309
30117885
256882559
38992359
174388781
128842559
251601897
91621345
45531001
45531001
198704575
266260874
184210670
250608958
103153148
264821221
183823327
201326525
215305339
58448303
253817341
132610558
232738774
192855478
130019317
213510099
249126863
268334933
205133159
125130431
190824142
186456047
182419243
268227030
200129080
174388781
267779028
150060960
238204543
69327484
186600223
258799549
264082002
266493803
248380927
180138169
125823395
104595449
173244095
209448383
87028479
192897001
155954905
128809151
200926034
159342569
150931438
188349947
234741340
200926034
91527867
250403497
57431983
237648812
183438028
232390062
268234623
116957053
104595449
200926034
200044540
138198450
135441852
134212602
251336703
167370681
132967347
202832667
79798377
65142198
61783898
234356185
238285750
91958015
268166843
133627517
146354079
114717149
268031098
62181337
200886997
239832723
246959357
228958155
251600314
184332259
201060273
266272636
255193191
201320013
267251384
196538622
253620581
38992359
229527527
89813621
