1
2
5
14
42
132
430
1434
4877
16853
59001
208824
745979
2686167
9739691
35529776
130307310
480195871
778911984
613007631
657360844
223557326
922868393
993248720
952499660
379981268
129473772
412174319
478699077
796231438
577702709
333606742
326848917
812203947
39587572
861530705
823608262
401882936
656674446
768073059
234821436
876968326
644872405
349227486
996818415
166227790
454763626
251721140
929096939
323902204
128294369
633739817
940393486
913339891
14270288
914208697
951635510
462339415
500398840
663302759
316131014
398417525
574219924
441546637
56747257
1362246
937669415
95491868
243060664
865426089
737065365
549692885
875051126
902325146
957209378
819815214
690576667
291891038
50264137
914813784
173737583
750949530
63407239
919163130
120318169
493139856
752941248
290994181
381460171
65156273
192505782
571156179
257140571
428655959
725957347
541042097
943248104
753775708
71214520
282306236
250782035
122542469
196324574
976900507
166289052
833617811
885155765
853186850
221606659
101266952
786784670
11621295
825989971
696543017
648264183
921871121
129241109
416831896
145039524
158874085
139628312
385277465
313396540
486290156
380722150
510188246
919971379
660480654
907355999
822739487
776341313
562812139
507238417
32340970
182702259
688539390
656500734
638083701
154317305
761622368
941268509
219171637
853361293
150150061
753465480
313897041
586731861
133337022
778430649
977145361
236548432
289382368
573669438
848416144
809313448
879592124
803322077
310507205
682983613
307228384
99440608
747232151
841094635
703358561
736792300
955996317
688015102
367270719
689586533
99460407
660365388
643460621
778260960
854940589
7436148
77200445
666207064
148991300
661866733
130130146
85681092
872103884
548895399
116734534
555939427
845135334
714114534
135636954
930661190
48544706
503252088
594781426
596593362
534338874
359587410
223095680
841653453
778457958
642661462
547031111
960397278
582801759
498009648
744483473
699058574
544372550
247867128
820021272
643624690
247671266
799288411
993694522
514076080
529560954
679845422
438479557
400565516
257889029
561475947
240766564
961830601
599297008
574193707
931987278
466792465
786638706
182373011
641089364
632979774
698285387
629468776
445438818
396532329
256004294
161472445
502774241
64690321
400028897
114315798
585053390
475727815
722787229
159502909
892663625
355398334
145738737
309468936
461009503
224686372
119899443
33493049
588713994
338856559
991589240
954895509
291411570
232796097
895156239
828391024
568393778
121855216
511498238
170559776
563588600
215581217
24396731
768671393
529654156
312150614
839827199
267832681
645264134
674799189
292376185
825236681
905704621
379260283
824596264
697043216
789884967
816905261
127657147
422605947
77877825
721314004
831959864
316054547
221420250
129831351
216209662
380715703
314373983
382334127
449958093
738393514
709242701
942368394
679708858
375997308
281831292
174502568
133050980
111047424
640494928
639476187
226221991
395371512
932362499
655675105
489438241
777451024
149869597
517424845
488218040
829871715
129564104
166948698
689723306
981178056
234574184
991690119
693381967
434327859
495764723
443868095
240069649
298599047
195260010
969728395
254229142
156782158
921363471
531956530
976668301
894503275
728058802
881134627
568639566
270368401
846683972
106279385
135044941
973386449
526384339
463674457
297853063
71535383
24225006
638032413
54245186
419226321
124021207
318053293
63433548
476804066
396138083
31053162
496140590
26408972
508681973
38952841
486648180
14244721
840336865
272400040
84670921
815908932
246782094
655207521
96133183
62834082
333344046
922011034
173932261
917708349
114076584
240532039
761368910
502413082
573417082
699686491
190691630
412617762
279315296
920640607
359354003
322155807
903045635
212260858
184190415
878298385
143300314
792675661
620313421
906446819
402347387
772118657
454074280
447384454
838662170
956652553
728832217
776714685
837179315
360107905
268074216
282802054
852798207
291437058
95733901
380151024
37724676
153569962
302692456
498691869
341890191
180161935
326257457
642163297
939850425
708067225
836269630
611576584
335318838
543003215
486395663
482853909
693143153
916180068
104990757
492152211
884443329
846402302
902097469
729881933
676732776
276172966
139249713
212453022
312263621
439747663
196624236
259649962
366302757
90434955
778071407
754752854
347964351
701392692
59512809
101352001
277578707
826078140
559157351
722268484
48968879
982166019
410340702
810444880
660289075
96301456
222764410
964685902
262279091
735102058
899798909
724780845
961001428
176212108
475180355
515628175
94691564
514412492
987429309
517264794
325478768
550800733
73139988
287069875
425944982
416838533
982680619
31420220
165169003
533680005
727579852
947468225
664293348
885145729
423795651
931097604
95091216
84623936
206344528
845139625
711263761
674361808
863118094
926531013
324814069
234872218
743839819
655829867
542554741
59377697
127162870
797517227
55514047
354984717
531212669
550541805
904608167
299256431
55717953
35610218
141671345
172176823
16388816
166450191
616698393
815066593
660865278
253917230
951073298
231315090
283531869
662526589
741104796
997115303
149956930
423122159
20496726
58469525
631272838
202039121
938015984
507256050
295638273
676737467
782890962
800700392
781536325
70553454
520785223
434278298
231527512
895513955
993575205
263966299
411061338
402756802
18340811
801072422
796414291
450228109
282435706
741941956
717657680
222681559
541580257
35554515
823779391
122170513
665356545
400911228
379228002
828717844
544886337
694236300
861007112
585849044
107655689
968517237
923095927
265282937
697157658
187777088
128314274
973000733
738062631
482297625
374989429
282590807
175403290
776647330
838370907
295359312
911421322
224847978
209009547
238771015
889489522
505881441
990844827
307963958
393379199
174836814
330405579
566343089
774043759
245477477
870210883
852927578
635869992
405130050
138406619
795551772
474174357
558939479
23197923
408358144
357965850
240654595
866946439
534798556
555591551
466784605
495894774
900701215
18515863
423397421
178036487
944585961
426433875
597268004
345795030
322503253
935327064
160662887
625037153
101778207
301607212
596101131
520368613
941494844
967920465
661790525
370415856
121185940
715264638
638532397
261749222
400317900
91011123
838543106
637713333
402610672
416031456
166959237
784918855
883246843
400084329
784718043
80396236
779721166
195525183
682396263
629381961
161819569
525496681
557546568
508326382
452066933
236335293
488156129
97489005
236724551
192156122
252118544
962011945
689240488
763939438
261855985
125981261
542356821
791491114
639840040
51492207
276141527
450674978
752674407
794706166
188287034
869600708
276324450
936522415
584578663
895537156
220797064
624300557
126404497
490432782
672782170
328213547
616250564
599397063
439631865
170839933
327325758
654094121
803859325
507053230
216193752
871036288
151383297
778500027
131837214
187680947
991514533
843179812
269281541
288942006
881891766
363017502
738425560
853823497
81790779
875152577
381954111
361541928
483059515
206398551
628127067
763021996
452336428
917626905
424618118
552249604
878823473
520032500
656226421
199580248
280327112
97746518
747331699
85212278
938671904
866596078
268350216
91535455
107195695
525219730
390757795
382894753
329834684
537253394
313080810
845351308
814741794
976104289
975497724
575670579
117761055
3474143
716082564
14835334
67871762
465298707
288710904
133281799
445832078
660465398
777409723
542706447
892955594
69501104
276749193
827282087
676734562
79168362
53668501
990619114
161247549
129287357
88714250
196377352
887904052
522501107
917297210
443151925
539076635
736507658
676205056
818553582
283249718
684326902
82783692
211032994
883607798
896623278
958989292
570769964
562039692
558607
591269089
882036834
693047513
82697192
38182114
561867837
673337922
389343570
562443711
568167077
386267073
247430327
560830030
440088235
467834459
368216574
818401580
935390196
277246871
33512998
322343170
245517402
263724507
338171125
488408
215021059
563206633
698350413
106159680
660962559
378745344
930984800
899186386
721688011
72602004
218044324
501405203
196718290
349412994
238896338
615875383
655767343
501589676
283416621
64042781
450776182
951957674
674919287
445226799
675722178
123334242
642243948
495942367
928655140
588643911
239478662
132283033
593236983
699005554
822417400
413358224
962427367
454430527
726869068
218550782
782518527
596399906
132357782
58031918
199067521
213096556
611711565
811450729
646525064
193701224
330437089
384294846
616698046
232366823
328152538
172760801
282071775
591950280
589726697
480252359
825867631
118689187
352695936
186440215
663680615
183988579
809706327
322121118
351991523
301788147
626595899
931331867
958281084
816006252
522729166
625316444
880971791
147334323
635746632
434208634
858013001
708317497
903194985
781382442
869092281
985174232
427124905
409171828
527956414
562659326
164743998
107751495
420616100
197788420
165552543
39391641
804604351
978860867
65556709
546768192
757844732
378819802
641408850
360430628
942424306
681889958
751849939
502384798
600614389
167754634
664979032
988041091
104254096
325166689
979628220
564539088
743010169
937222239
994828202
818752446
400201089
117968957
710380441
715846951
799046883
199707810
745832403
847463341
776430393
104737736
730673197
589245717
263043122
866115044
395036951
95442641
652585659
901020596
960675398
423150058
461417582
42446050
631259320
238353514
391580199
867268373
261608471
141205664
903160850
269642017
516334265
775095306
272413095
135524840
852716657
933813097
256333031
193963213
625854621
512067339
915553978
186757974
85350567
244824085
354891903
386311141
138336673
200998552
5246330
88084160
32317115
645834538
517403360
852498059
980286909
648454674
795077673
209842222
803273353
522955028
602033859
