0
0
0
0
0
0
0
0
0
0
0
0
0
0
0
0
0
1
0
0
0
0
0
0
0
0
0
0
0
0
0
0
0
0
0
2
0
0
0
0
0
0
0
0
0
0
0
0
0
0
1
0
0
6
0
0
0
0
0
0
0
0
0
0
0
0
0
0
4
0
0
18
0
0
0
0
0
0
0
0
0
0
0
0
0
1
15
0
0
57
0
0
0
0
0
0
0
0
0
0
1
2
0
4
60
0
0
191
0
0
0
1
0
0
1
1
0
0
4
16
0
15
240
0
0
658
0
0
0
4
0
0
4
4
0
0
19
88
0
60
960
0
0
2321
0
0
0
15
0
0
15
19
5
0
90
450
0
240
3863
0
0
8350
4
0
0
64
4
0
61
90
60
2
408
2208
0
960
15602
0
0
30512
30
0
0
270
30
0
248
423
450
15
1830
10509
1
3862
63219
1
0
112937
169
0
4
1134
184
14
1005
2002
2865
84
8158
49023
4
15598
256950
19
0
422560
893
15
30
4781
1046
225
4105
9450
16729
435
36140
225401
16
63207
1047165
190
0
1595584
4513
173
168
20206
5657
2151
16877
44407
92311
2152
159357
1024996
68
256905
4277671
1374
0
6072652
22101
1354
916
85551
29724
16513
69724
207845
489557
10299
700098
4621324
342
1046990
17511027
8715
56
23271197
106007
9171
5189
362926
153068
112333
289389
968687
2521244
48232
3066367
20693859
2081
4276996
71817149
51279
889
89717191
500856
57129
30742
1542489
775888
706310
1206247
4495347
12693778
222424
13396070
92149819
13460
17508374
295033835
286508
8683
347734688
2339402
336966
187313
6566988
3883544
4199798
5047138
20774818
62769036
1014084
58395682
408449268
86350
71806713
215618611
1542278
69182
355960191
10829755
1912830
1149398
28002344
19235338
23950942
21190518
95627997
305867548
4584265
254074240
805147320
537418
294994505
9798794
8072794
491257
305077091
49778764
10550816
6993988
119580003
94419207
132221357
89243833
438529457
474196166
20591053
105373654
948251462
3229647
215486618
664396313
41341707
3234433
828863583
227488685
56901640
41847008
511345369
459828501
711158272
376897006
7410945
28252132
92042340
793745334
882656256
18781806
9485586
341196174
208038351
20182563
68101526
36428937
301345052
245361771
192893767
227260064
749399067
597477720
142503853
196242256
409962399
769355316
689628553
106123298
664741755
794673239
33737001
120964637
369870608
694220259
573722785
410744826
401020672
704049425
396798605
781916272
510725590
612246635
823110179
863315632
878109892
584968633
353475041
809854418
67211254
702524946
824874093
198891289
109789238
943409324
346569256
151467971
808136527
842372196
932724273
649927508
92212075
387856664
979837929
162107069
913635699
726997189
588146951
983016329
942725684
435268764
306777524
899904665
328571515
135584333
818901504
877218773
534450522
929470675
856082884
963150704
973794388
757367190
715142350
273546108
293981910
93411577
446309860
574022126
363795976
517722762
341004173
133482149
951360828
370820299
540740858
417424215
834342171
352375913
670521324
427778541
879585929
176216219
870210588
351477393
427138509
467594712
46626034
213766521
34030663
505444317
247531669
181473859
537721269
717470508
746784402
610606437
338587286
934405970
437778092
478508450
874523702
746268474
635103519
591615698
395698433
894357353
703153523
79167955
974282243
602334248
977683850
760042737
291030627
702178310
324613311
109563818
566597283
333899421
577738499
450248600
459385302
104156137
461752552
827993797
658736103
523150806
52216412
196698176
916999069
121699660
358946239
792137673
64826546
677476230
342064455
51729957
850441156
851756500
491020695
718408944
642095708
157720626
996237242
799662729
566269163
971793122
102479677
667688707
609247251
529747414
366112335
222614298
508073206
532266175
39312312
409236150
74572134
543651111
643629425
947356892
297930647
616299132
635105646
834840065
223796335
561801927
432342495
95273591
94060117
589036325
114336415
817360607
140363257
227924769
894486436
674431402
877760588
60444124
430966092
982860897
611504372
604721438
592670540
186396909
364497186
897277788
236494974
712507899
241238696
30445912
626772947
540556423
443272417
296793041
863120468
707831398
34564990
593718504
310729265
583697739
844693757
22384256
373234936
277663955
741577137
919963341
294838739
201265989
807191002
947081675
797435278
238215212
854889755
761012283
705007970
369143567
547776379
833644728
314034633
988470787
181359281
283348510
383224529
288799071
498080070
693438847
475737932
475645107
882293201
694494960
831067859
779488857
433494426
321147097
895263807
965385304
378110649
613753771
854876433
511815902
371595867
538988394
67302437
281982392
27916564
288555496
689460553
786898972
148254701
727099943
108863002
304055309
939716674
816540073
201505694
137702660
247168110
620920458
584849323
635852614
534142726
557122321
729924630
990053756
373549425
722092328
228823302
287768639
960736776
731835668
185672758
261509683
463696043
259653878
791047282
164480753
309316051
337600600
84291309
523950192
487014017
712331412
332931998
281545490
485289331
955899221
565481071
400406523
216155848
768670835
428982403
893331360
322299800
880915735
147761786
685649290
931917959
892849797
252635815
380452916
290704946
595580636
237097701
107901793
31477586
789164279
255494263
163635628
160201634
963497181
590777916
504704078
258290612
571508861
964982951
710708199
256972258
879494510
273757700
776757730
220505665
312663422
265887999
478640298
300457703
355800640
518810112
971740733
666310010
303305047
539431289
584826641
539065283
183768399
555696197
546422709
550653870
963858383
368522547
33654202
921411028
85757388
312615261
714698035
562405752
673886397
765831927
803412165
252996277
794782121
472613730
12820120
753359150
248707632
650239807
75865446
27639872
642696403
663031770
910626567
198263212
123501039
164895109
631247691
183095420
534755444
381131349
105643349
908028870
666125443
658295267
31809822
327312261
967273518
828863684
305392419
314218465
799723184
316698925
690787330
190704346
293260717
297180122
813174060
547966550
546913077
940665131
737052911
504610248
881823338
378663252
654068316
919571361
886479897
166701098
956829972
471845792
827017497
324241235
710396901
900721934
749467053
297672125
467692727
940048957
119998755
907592365
711616786
581441136
659331028
266024092
264019572
77582010
373695427
747682862
121763461
374431320
962818442
482926034
997962625
53350545
386713896
916941207
378519024
199316601
588881790
735624878
163390782
442020747
960578252
476566467
786097732
267858986
569605644
43321343
630943718
413137278
361046136
887390379
828281614
213673383
268301586
516954197
51522462
163710665
623999931
199189913
19680840
242914846
477816478
275495905
528794049
895849582
485709442
351865040
695990547
256384522
829644792
873529617
792980125
11500469
405906381
22470172
731784742
829990820
196098454
343686991
232414655
358009772
21245131
29786384
784258766
841050619
721145282
519847394
359408264
847939150
752480844
47165921
81028941
954155392
386414222
632797810
272089754
224524730
459218268
218019108
830125064
396218786
221118508
576173147
233051808
202930391
988162626
33064957
33706199
542518258
886681596
973168588
441383062
962625547
388925826
613765805
447400094
779512940
67523381
46646056
166082777
845249191
410654615
872024948
47729494
334860161
994887218
815945995
125159827
800718726
822079332
304603249
959835094
664918644
355222653
151628101
649968430
526018736
484330656
228612319
129445339
90659294
377312021
798465386
50554923
530592356
288775033
698284817
178829169
624191936
164795779
59340795
629036841
444713326
685133124
136037617
896595877
655115644
958921713
240936740
84660422
670646842
804436152
39609323
951279145
695800986
306222987
767801994
251171308
8555585
99983686
261927542
594921268
710203713
250306881
346706319
440082725
802835708
96739190
292319845
111551522
28564691
569295095
37416179
3872299
765698476
298985184
215619720
861387812
765331665
29626466
138021619
911172728
638791616
653862256
16077425
979697553
981401273
128507976
139528096
88109748
684025976
66414526
565658618
921812598
753696235
274933232
921890412
459839274
14597775
373575969
77351856
576096134
476206751
864814983
119588516
241878565
777940336
150551529
318995568
672723674
32013848
468336337
216310572
623865027
545785462
203874651
351491693
656667996
439522202
