1
3
10
36
137
543
2219
9285
39587
171369
751236
3328218
14878455
67030785
304036170
389003227
373578197
374063588
937555535
483054637
557918516
942153746
113549343
447989450
686835475
680927038
978720944
657353302
540562797
761775479
284831273
437427734
769879280
282542039
175679093
333705954
37098531
977489475
232638159
442698830
696888358
188851627
955784724
602716771
224676122
246663255
567731664
860848599
884363270
159539186
755888416
735034893
995520565
974267322
532434924
807314164
335336334
92193462
543675131
845238899
75594493
458333464
406791769
920334996
596394750
741534580
707923656
565332409
886850957
153479198
686767046
633530063
119238594
215684174
906061166
391831345
752476454
547886484
128467025
558708939
602565886
27617859
501813866
276075295
285513314
488455614
594383602
181645648
461542447
638651979
994450196
654918120
178921477
470323413
101878864
278257856
518649881
475377314
164256237
839008389
169916914
837550295
835457469
131479793
730465359
958203073
122006203
861710213
368187319
927941054
893891596
183748021
335074627
967926159
193492851
500300782
354217964
792539485
847714624
69792022
550434286
852350173
426514073
796636847
26674074
631467311
876786132
629876506
358987892
492219931
553054720
575093570
112604465
740368281
510237480
791552920
856507919
557718068
681223595
422552437
299157763
901384750
123132324
358642715
631052137
707602572
119783389
795489455
943886827
657506192
980774294
98485998
819897421
222013354
542914994
598817028
301867720
457484425
395865877
951504227
755727833
428975948
648592784
461654279
685068364
168846850
385032702
190487835
621578341
134066857
100022697
570944541
357400582
124538025
657510755
727747561
480650998
425226545
250084232
158269688
326286000
639624464
986376212
813856466
506646945
805134779
642793380
688324482
545332088
88692788
901066214
71064683
819138773
349900655
46821096
993264183
12035384
622905295
730262033
222991862
938163724
702462702
354672674
682126347
323775896
390256866
853905369
842109363
636904569
551934699
902110126
10500004
895672569
836783565
153736900
405730224
322426800
2496486
865887623
752765042
147691613
407935063
401369311
126792880
749904661
660282243
655755625
532903476
951821589
606660391
347382442
756079608
130768617
237599984
707559633
657321654
111296352
663571599
774150440
498590771
424852115
120496797
682340963
841768043
505384315
222188967
221428397
692061564
266465540
63374048
535113080
921497544
706537193
988082356
82331322
708343035
579988263
988162254
636340408
185701445
686775735
620998311
151150541
894467460
359907939
349827099
121579457
391096147
312672171
75474513
772270003
472321623
657011610
277929753
188643829
925964741
82718401
271534465
134667482
462432039
140193640
960702256
850995279
639623763
589832251
119856648
472476387
188387697
283810841
376766350
649392155
166194760
57357344
959064962
175301840
938001119
393685843
33033488
890107813
460771263
830582178
179663954
537159013
559228336
592030303
974746420
206306678
340774754
741404469
226163525
356613777
146115842
88946375
927411149
173901308
291206850
517585556
612251052
252506638
166992717
991110146
636673599
526273099
459485871
716622379
773100570
333776497
745660665
611930494
887534876
20565151
697701030
413917157
327120471
942608670
297121227
365623973
768876934
161903664
156022279
414670293
989719137
209437026
377653416
153951481
116541550
374793876
69723358
70050653
705475835
738767382
180560042
675375949
345185666
208595809
80388444
584145250
109555139
133407767
58620851
245949099
359184953
394859017
209774479
4724981
879810197
387337848
465733090
432046683
590430833
406294454
468076573
35617974
2558684
173503701
159458755
420595172
338935503
494038686
79177337
361912329
241379479
703570893
313208571
568492079
123960743
400155538
425298134
537601689
937861275
950941169
28135867
165410471
171388299
651426768
616098057
568286509
135526626
297755993
622446686
373789503
837002496
907185082
705646544
714034833
71652875
784564976
611375645
421837608
827849442
627090975
539622769
910259714
708109056
24299356
68502840
191707419
741827920
950035835
411410524
489327569
262547765
612054181
609388304
445876430
292626592
540623084
623237150
321904040
26273133
968240575
665563342
802306143
78483831
182766912
677331247
259560598
645786079
448314581
152549225
509117105
678001370
995046909
32945862
877027343
420242721
567393469
753291749
672657127
105603738
23835238
750150552
75512535
872400931
898907625
189107314
991973771
735232198
766906093
447885274
908971081
621765956
555669923
886748589
498893026
458968184
802488740
951026037
697650680
657586826
397824743
851906472
679931890
704346108
567523359
852291521
149092554
735864045
254917378
45755098
490009754
114938264
140920016
762215659
618981429
597652771
932335966
425174100
380916101
779062943
750211853
980554642
319733882
205650638
775047391
632951719
859220576
251955469
787318395
466721327
283960639
959630016
719425300
248265325
113745557
260945025
187045163
329369065
733233545
796123720
919978829
495153952
495845242
99694845
780288096
255307084
237804196
977819520
773957078
188686015
22342338
681795924
809951124
331756610
896166992
427401419
186201472
116104990
293507751
675782612
321589130
946813166
686455982
949588069
657928328
943730471
641641667
762881608
66166474
735714199
614594649
984581205
88309723
645887640
524619936
53078135
751075331
177033393
194151727
817556073
517827622
226155196
55678511
805350803
254518276
829739378
369473862
589625099
269678124
481634487
817255434
734989737
376349321
516203453
45498300
18255508
882911111
816080965
218857707
300965313
602178574
846198261
331485550
73386543
30661766
879023564
13811427
778673690
104440965
543159593
735823795
785340273
120406477
590589805
12281512
955773983
923795604
102639926
769527340
238288744
888457119
110826750
936544404
363160299
820225639
338417162
601552505
794242003
135647096
49774722
413085582
26848243
469423208
345346256
51619859
61662737
956870336
514109048
751621807
981996571
932880704
540083174
42973084
510267354
296892446
670749188
359148691
223139650
594599750
944703055
833111348
523452722
307899226
704074281
27769702
548341136
427483306
867471229
580270470
838462466
791500428
421167899
687825663
51728110
40856714
947671816
557751411
942870546
193144601
565585671
392764480
89356363
942250648
694094982
685528329
180712762
74333807
534647440
496325657
695689571
148257405
386140828
247028767
8573487
775891160
780607881
272875821
721405176
387905431
548354877
652533776
713393739
16441173
621292595
83035397
14763389
635391516
68146967
765887382
986175750
244341515
853412746
283058867
805442833
996658099
6619621
57876454
790107727
657505807
234039555
175355613
817137035
354079056
399302363
456641215
418747255
926650876
904136920
412552261
294341188
223151508
261963113
841802624
684440756
749881290
864996735
483342913
798709174
387555853
278939549
979259144
808364979
739245371
609645286
61920405
360655736
604681215
588791833
869287528
444046056
222278023
315232077
44455569
654632388
381986617
634590438
267819429
902582902
733350192
585760194
591777831
22164529
1018823
854435871
397764947
855357033
214813617
813514971
212365082
763477169
51717358
466852006
229373233
473145012
97016552
451931254
973650269
458764385
855212365
763721455
141344892
321834841
834331307
851352043
57492319
167053779
196689511
274779155
977691341
134945534
971869901
194962153
541412311
407869961
354737146
140341802
419187307
979012885
491640192
908676140
793318242
991272635
581013910
908523335
425824482
541533014
513644542
470054003
35698977
503945454
439114620
50698383
216658753
242780983
765597249
357205769
30490705
451166588
563336729
162779119
701384419
325939201
548412848
134358565
79537803
279095619
349936216
336216693
128167536
612973203
156559070
946004259
428793631
634769099
696920996
608415665
457498649
517061792
517629176
178417415
69629170
912333899
908335551
274074126
504450905
870177794
996390107
753474237
705985858
666336639
658105431
590607399
571447977
449847260
627385480
403098006
634822638
871599008
390887926
693002027
522453778
550357319
976994562
82748110
405033854
234506688
402566929
791770195
974038055
933505129
605827863
197631557
509233371
870159427
337559979
718975408
656646868
503211829
64324457
817339613
72521578
758064374
805854601
566091966
620464836
390040692
649686397
285849997
179629005
68336989
113026219
607413122
566003613
408508865
456755681
579057938
880579343
266439116
11723850
955602309
2434165
537328218
939706939
254425112
296097462
863594958
123387311
730296550
340759978
157960504
528303976
588428068
561914197
76390858
309323060
711685006
869855968
562629257
255361154
107653531
392015330
286193205
671966972
686481583
882818688
298799625
902171121
592035160
461541667
390408177
964957932
560659275
282982188
367296344
307066811
137021777
184347722
551595685
724298622
24480002
329158207
405044097
718223202
991327715
346778632
366940
835185355
256078618
206308056
210236711
720365266
571996636
238817408
584132584
362948797
426692643
48770145
139129494
911618219
173876891
242994301
507331302
298551380
611482247
94683191
798997943
834769046
338925516
981067080
588271500
589445180
945933986
135870319
916977529
634462114
321147480
392749502
105593729
422252738
877211072
576949189
445476914
457133669
610905594
765957184
32280888
331062871
287624862
140308699
913034174
498284115
255159135
719952675
231399699
829391370
812830385
568722095
321677613
444425501
919769235
826518609
628928992
186755016
465419902
868104350
589125723
232587844
141973114
475284640
394437114
83185215
464571956
564418270
177309860
162537015
433907709
75379280
364898575
528641812
486656444
144658132
212572155
231151863
955700294
932918723
180968980
983483182
62389215
508422622
531247886
408317112
952560994
429075429
165459785
877549878
824466883
429272274
750303252
498270770
259259961
