0
0
0
0
1
0
0
0
1
2
0
0
0
4
5
0
0
2
15
14
0
0
15
56
42
0
5
84
210
132
0
56
420
792
429
14
421
1980
3004
1430
210
2644
9009
11444
4904
1984
15030
40044
43773
17588
15045
80136
175062
168148
67810
100269
408633
755988
649860
288260
613456
2016480
3234499
2537036
1356776
3531191
9703953
13744197
10069966
6914982
19418294
45783430
58139494
40988753
36899400
103054154
212601980
245473785
172686018
200348214
531589308
974661171
39509843
758497096
88786996
682708977
429768088
416605794
487171226
847127925
268453273
945410614
947670423
673833929
966443786
550786783
312084842
450215935
334722870
461644042
