0
0
0
0
0
1
0
0
0
0
0
2
0
0
0
0
0
5
0
0
0
0
0
14
0
0
0
1
0
42
0
0
0
4
0
132
0
0
0
15
1
429
0
0
0
56
4
1431
0
0
0
210
15
4866
0
3
0
792
57
16811
0
20
0
3003
214
58842
0
103
4
11440
807
208222
0
491
30
43762
3059
743692
0
2247
168
167993
11650
2677452
0
10015
844
646834
44554
9706375
0
43850
3990
2497087
170993
35402048
20
189531
18186
9662155
658254
129816413
206
811247
80921
37462454
2540746
478305249
1473
3445961
354028
145512965
9829650
771617489
9003
14548061
1529703
566117873
38106992
584820656
50261
61110816
6546941
209181353
147999829
548300221
264498
255630449
27810468
618862341
575735680
799355672
1335425
67294621
117421320
667077444
246455502
283214056
6538863
435042810
493311636
644106869
763590509
627157791
31271110
384753236
67400785
250231482
231735777
231978462
146779331
29043327
618392354
484482251
840333060
331345013
678568468
767310220
824452302
982878572
817767971
784402444
103144734
592384697
515091084
731839474
951863567
654997187
18609101
430437533
259794091
227930359
865696933
567503176
756548562
90976803
435939423
652578391
145862941
882620937
772368473
639583998
549213563
441661489
472524892
349040017
958438154
65367332
19359703
122809351
189239658
176500870
382411902
989354046
364939815
189471685
848408349
275955533
198374696
979850123
652587354
135653952
139119810
41980888
752656107
388249530
594626334
592297053
314922704
802332493
455789646
923043880
484013778
127391072
845470952
901593285
378912276
87160860
133273379
154121701
227273277
789002229
279736564
447350682
246944036
895136623
521088889
752828103
19466584
418305139
99725449
153984533
553336279
986560785
941588293
442407725
343118002
561036143
757795278
165394272
56055613
280924214
866351416
663904596
468569950
961928429
632544717
761277951
571719948
535838630
704330492
383946951
400446376
53341171
795117930
420227368
893838087
783967857
318456108
335734033
824296904
358599784
954043932
561110553
682148217
520711744
700828637
984321199
995224608
390981775
408262946
594012784
984505381
558006196
865231496
791347319
161682761
386684054
306389994
556882175
403497957
434015999
488090915
410141695
771809744
913011412
864067277
182270180
152012010
750445652
220673875
319198685
888334658
915850818
27665657
543182676
77286308
43777534
79711876
763012913
920626754
788104667
808319330
802245758
78725435
454486139
266575228
681164604
601024891
328567611
301982219
627778838
238575461
438332642
781813400
288914563
265702356
531156915
243204500
597853798
995668541
108142444
684113636
723512466
34601681
677690927
30771163
896157221
601773465
515826658
480173239
979799423
921659591
444881794
785388952
220677547
927050522
677748150
275931487
43904196
565018983
613536834
749008609
436852637
618870594
498851249
750853594
347550427
135060196
36784747
644305725
207517479
123112999
648718880
25339516
774538188
339500471
440911572
562201273
255247778
478169184
666487744
870544061
296259534
148026915
611837834
643244409
977642517
348355231
790862408
830745583
787932509
702026586
467907605
906463486
194716511
634734606
243537270
888400619
172798961
573605680
136777875
36203716
500971594
987284592
97185117
365548664
30370422
318913732
91338273
138827646
321295513
776537720
92943489
40569636
452676813
658024046
944629512
315375008
649245209
360309541
362605599
93334970
453430026
117464092
353221901
343133138
120380048
823285656
567013603
30357073
363365341
26936715
34027365
801815376
360627684
789628799
858864262
190959002
260010816
890358977
763523947
717000055
462995405
387696079
513080571
623819600
601048623
768035781
563973970
899646837
979907690
107809934
565172239
924254782
663642044
550480074
711538537
487173112
997028685
742239443
385080269
941919386
215751366
447543586
603487421
929234123
409869534
85045940
453135942
531544073
147654390
628778034
39817704
653586831
365564247
119135730
567570853
503257408
148807610
771114700
50878666
254978095
823359815
238612644
170477530
366854291
577772833
853472275
612571356
58908196
712763157
478231214
778121300
362884568
543326749
250796574
386055967
648217362
419137529
868600286
718087777
244878195
655372380
514474363
57393200
923963660
38277608
492249642
485315946
753175053
159865975
769756004
241351581
229756486
301743453
687265440
584487792
504447336
429894224
654381021
820966347
529535720
580149033
23385483
531116417
218371656
987132757
995010609
780393797
786927315
422118588
544650777
606425412
205216073
630134244
629564698
581800007
399046551
166012895
211948341
461760303
577729735
91550528
986743370
186575725
592203623
294674207
405729913
829094724
960391468
320875289
960845576
540609538
484256083
121413008
129353776
145138245
331226422
51941682
950475953
889963548
531492394
932690315
961129124
443031537
727600626
925467358
969195767
931360363
885800337
357160583
856635416
733631078
300940330
771345149
832761873
480332948
925655126
813310028
601725559
56010329
129091265
932495388
535413207
263295982
119908106
22599359
450713657
365082183
941071608
323722488
129816886
506032369
744742902
761286075
314756518
372482588
103380341
643502883
604978838
42183578
560521086
545576604
923474571
702644163
363625311
821525457
127240587
868872799
948201538
980931929
40300211
893375787
989100127
418975083
861981716
170274384
237492362
81590372
877867188
544529709
623043182
327754287
825781934
619364353
973752516
591554891
877609208
683904846
372853073
277400030
794781924
873277682
405855467
908938556
426277375
792707744
546798002
948866613
463437385
247236188
925520917
167836032
546386403
949282592
318143844
406575356
705890122
173196034
856654576
672099057
834809726
392871044
695095947
619327523
469906345
268049061
613612
189350560
324066678
900052509
532149783
650128736
44525410
805862388
3994289
981283470
951511966
896611310
359113348
474351061
501639729
236230376
904780135
827621383
424600491
275543766
775113892
312995896
453356192
72426425
358973003
387503551
291893052
158370506
71291692
669165351
92796952
469507109
313695633
819825326
456567834
544175583
970434653
964014522
603421112
288230775
439653757
992199853
672391320
927065812
816832031
441555611
655237096
854581809
751403611
859827412
526819268
188882495
658910272
694309769
190365710
414149351
224709554
523486353
791825919
436808347
823439866
554626579
344085724
145894836
314479136
583586773
317279331
350590904
331336210
967754909
714184664
488774045
99036406
262219352
698340185
733483276
385372621
291529308
31354638
622040330
633096791
35940533
368072695
310566051
893043289
552676604
854772275
303367617
837925673
269154545
544467141
2175468
235931770
193548157
216850611
475503514
6130060
597927275
565432046
540699628
869033426
450945310
728752347
104017008
442512200
613484503
14655228
164973297
306375911
32341747
697815169
191524906
732154047
205662358
464206878
892952754
447486140
164394057
705057091
619049990
640681755
495299874
604071754
299095265
375386131
106584238
181811172
116762772
921628058
109527789
376154837
388712885
271306208
905029761
718662490
870678602
157706349
579136677
1374760
969141540
627324154
976203690
263914903
201312223
44909549
45489166
500272312
721861737
468523662
295055542
231650165
277251740
698386539
313378948
472731001
279979715
608514249
781847915
588919541
98353762
93611197
608684087
788632993
238352522
201451178
579323753
250453488
30214354
292537065
458798703
740970244
203872642
638585134
837418968
139069946
342406395
117893717
56703769
346268484
525635961
956618021
767776708
33821503
682608471
153155131
328395110
291158823
576970494
897461946
118337457
926210155
360272635
1177858
405952075
384742354
452505544
611636320
188523435
639576339
885867225
184322334
9800167
673079577
353778260
86100665
582456484
312939916
103935047
651036844
590418735
743635169
838851313
202996375
127677101
656082447
323481141
913923141
995008190
81672640
738888905
285053904
460758099
368320501
741437479
746000035
478717331
914001196
397511368
869663189
423499069
496580679
661650873
617042322
892574583
787630500
813375025
668967497
564318698
177031543
693210742
556668410
452941375
897107175
271613477
498282810
776200789
693574816
449827267
720714532
41177762
931783538
423784670
353004001
175069576
888287312
734046495
477851224
24294631
426305952
207177285
815613739
90907255
315296198
709578614
731250267
813822548
382228479
24839338
535982044
697112510
14723251
996176383
716478649
637858251
939311747
496680529
576326597
10872923
876986679
86549285
525354675
995207087
228093599
917945621
5336951
582316800
30550164
877947002
465632066
713737092
91989615
181167572
873902400
314944418
917645816
811621294
881268036
705750752
842828410
507894578
59397850
54808278
408863301
331186612
482060966
814427470
940643635
836576980
616346566
988516121
482325891
155409080
829619134
331532681
542985820
200166742
485608423
201180372
602220542
799089518
900882498
995257488
102148731
343129587
478195737
695365232
6585421
665659322
907349867
851493353
306724796
850238145
855554639
430444379
312783915
67166036
525884796
207494746
316146120
43005099
890706048
618072219
628045731
387815219
571184397
631682109
28600997
632048961
971458378
675847295
588535678
624797309
115036651
542367546
306132096
113036640
139708205
443572790
880040166
720517791
841576093
804139273
584710480
929758758
130688003
413376313
821204502
145980242
199503556
756793154
17805823
24643945
111094969
464721196
409397729
802143322
117474276
290227425
323664007
769567673
286044273
459158209
261094579
994861433
261991342
115630743
839160648
910146571
596433254
412892571
433685314
532667335
98364235
180755679
167617838
689313972
995762232
314609371
814621457
510714136
853081241
730773462
32918594
745626476
192080573
25499147
277708057
275739657
655929106
816191893
637145311
33592208
664167346
366329038
886534923
893404869
651606620
319285111
46571650
217753682
378659499
452456055
386709534
989205590
245698983
14406583
309910566
496489517
107125455
11074705
724990039
336315853
959970703
248564559
424609738
151002974
109497931
806569931
967047971
324399742
124151351
628565038
59273727
1627959
120160585
24112159
346486647
346413948
282043968
284068333
860997002
779153732
434790257
580902583
145510517
839775644
240316348
699333590
870505780
339517034
953694476
720167220
46506740
386668113
576657411
293558079
120950559
94633731
372958563
779024429
211440852
926646652
749609597
931312221
155045425
954906051
92667972
927325771
248730849
213718927
172646569
765871765
982492204
863637310
255071744
735092224
545756631
628094096
79674427
548028071
40240660
727683007
237915458
809038285
166932815
890561708
811004397
994829379
255774417
616227412
625948968
286678930
427906679
328211133
405792216
807666503
748383157
895174848
143612027
260710513
30004322
866872016
927149832
989518926
798154166
835200862
116641803
66403896
30946495
765375952
972218637
974679517
800538255
581773773
941668089
741289084
565140061
197703800
849583167
564312345
809058114
553529417
438061464
356321981
988174910
589873253
281100770
125366272
398465475
408663703
660476171
205942604
327748768
911430994
387578177
975723588
53232635
647559400
406886999
837199805
338309022
183731927
450222196
193605739
145140649
290063098
404804937
826383696
937694729
537970012
64916996
619464208
21792274
660136074
664692908
69451206
655411141
5249724
270445402
242863801
2133402
42915642
570222748
486838317
777190091
126886053
33839292
879958261
578706645
13610452
187997633
958407713
658856427
227119294
594587538
633004559
445339481
241037112
624249520
631847515
469517398
966918951
228380938
26872337
137997918
104164828
808241425
259428646
252961374
303247324
903198170
200697704
81300546
960289984
782628189
160826736
886885237
522847455
332352148
554618323
198239658
22220453
597977576
60575975
476460091
756373198
344760605
191768866
25071562
500630024
390404355
254237607
175166425
450107383
858269717
800851235
726266730
400979541
788390647
579724538
650962673
288298961
397227947
755327608
950528809
811483051
224746197
652399167
557176769
811040754
860231974
862697646
62134461
930806132
830243949
412084781
731998135
170074486
324882576
654616577
680179393
208477512
428562574
481161802
159501375
272548439
81712535
150309987
353882642
678490567
174553050
528521050
127569309
885557333
264909177
664172003
362540879
555275322
197812553
161410460
21211536
484385231
54620642
866059071
158327642
20956646
94410500
682830542
405409001
876887414
435696471
540993803
370268561
982335151
572094159
342038222
519658639
440869835
862948074
128344552
339585374
147019876
347410992
628077234
989867685
224842047
752504467
459085770
760152037
830140003
903868494
369235920
538101217
517937268
554300322
540169898
996196148
58845848
346840183
870042022
647671627
153565052
923070559
731143967
868123027
324328977
570024302
22360755
446782099
620917793
813446065
578601390
480107030
753305968
282193273
372022222
889328494
860362885
343741076
616244016
702678359
458808842
538280297
681356610
819413690
326951433
690997336
780062498
127297446
329912099
407532768
687236442
118560717
175427587
162577986
182449923
818546
419519509
617683816
499002059
341499758
150303926
480241718
71858621
22275317
407814332
214065274
910099349
306778656
531360694
175783346
49825100
730589503
964505084
335072824
231139755
389288568
535369136
215428065
588052004
214594122
851604753
995430230
464810945
477442512
103713174
663596419
336950524
88236565
343386337
283147762
609428110
487781826
785971174
403170590
257154104
851307711
337058462
795271256
94509434
465351918
699754374
839908862
859393163
322623742
170369943
222249120
932021027
122542522
665120813
254872852
695429048
781226187
493404510
919549066
749118593
530019235
833509895
404476743
778721789
39768392
178257735
238091830
584360383
780739334
911166422
843567098
771292279
15970107
14331475
453495182
246836110
654435783
103380431
688990376
343917444
594820563
533305870
321789029
482596932
968078591
416869238
106449729
311898065
614221598
397965414
102501907
589056044
815818818
482104683
714732749
107842377
738288662
395556380
741223245
948782067
758842076
617798674
6224042
902646683
812387835
235015266
285043228
228455510
825716301
600819546
95256808
272674653
374074871
502161746
638562742
150466773
743065756
477162639
564494246
300659858
261346923
199004870
202681125
343291916
462349541
287198529
782296030
575685659
902484945
837861202
72658594
857223806
545054916
963725213
708504463
240578116
534376092
651883813
938152080
714280066
460874165
269060999
171436503
863736494
433876913
56734507
373658727
171755087
577056669
490717533
477324958
733819198
125559775
547688178
98282566
611239027
432477410
329529372
733502188
350944836
906459687
385042539
348727307
360314028
674083763
132903269
78916378
267509744
87147794
974937837
768793285
404106158
754464604
122164013
808289875
474967502
270926715
988577468
541590151
828858513
269192037
551805705
452721885
74544841
208104962
132665392
273327394
507727013
54286758
360283400
859058089
734718709
895285214
145222711
470875264
96070760
839617426
796086792
712829481
643992483
597273410
391410895
926444770
631710429
547604117
849957439
996815667
931509053
19281455
640254508
706166223
871828627
195338742
594233284
159572485
986297720
976608992
6958586
371576003
927108943
132639098
338579996
125793362
525955924
485275074
8776525
242272386
374292975
147586917
211952842
197883391
36892302
99369201
232113942
638942195
301403398
536609766
315143819
567400792
814744431
966825256
514439522
229622474
259298715
648029056
128422059
692670447
816858401
880986167
759442041
974678564
311843223
67441878
901653738
714210798
381557111
1946038
355193219
695643487
109765688
616815108
364078923
165692677
867844368
831284873
571453938
98493287
862158745
40590379
977142586
879030867
467680544
240960878
281241470
727063945
279142619
41166942
562161571
271598843
991591789
275044943
908457586
455184843
754367506
993238583
174580086
672852071
402246086
809547724
173553343
541786793
624748772
750296256
802860242
157325276
881909775
370481606
166752498
416908986
848574412
943877868
361655366
899534068
295262468
339113439
290106128
269804988
706277529
245515613
247073062
650421148
725819401
435604099
521520527
185093279
536166290
237742118
502817876
51545473
145310876
979118020
958493032
16072404
375554038
141483818
785711511
883526650
889249110
907669937
53838560
326948036
583941513
994709263
874990047
782641575
734976305
570163256
928907938
982504758
37436427
643901869
43921888
411010313
929860267
142100269
734719577
573336437
542944375
854187597
171879446
648500288
575486753
248811038
815253185
948532356
918706742
379349816
214388300
747856707
849131517
770476589
398321915
347879607
559799867
344914730
306597267
522386073
642743569
618454820
724868067
443439014
754273865
324237523
410586768
87301607
754006471
269655010
137591340
822019618
470919451
782273569
391600264
584219147
344573974
538624699
440055748
89152251
866223689
288058832
214856735
222104051
144740386
392438512
758957824
72478812
242062679
317608469
91408635
23673588
189379294
451750256
823853308
667893850
51221760
551539195
262765687
235572682
249582518
154113722
550343643
491628226
781453368
437028031
949712148
253629222
883840892
465926752
527705524
495730458
323540546
595772454
572914439
297676063
600637739
787240613
661458584
459018001
113758559
969669088
913773960
346124156
587744482
323802767
141074126
133108144
236988326
980633544
888278091
747492699
502114359
851004428
110361654
393511978
831989246
784880918
49145281
848591458
181430446
210833807
865788255
287489393
460231761
266256519
318529593
971566173
670314795
528688903
749702707
195866455
898843357
800635563
953032580
127552537
509984367
750677720
752326969
314627278
127464720
943574064
235955298
486230157
586348569
502135734
571295428
990525033
299743054
17540516
447567239
411985512
582150282
688338170
578648649
729388828
241096213
352226209
251200001
343113654
875093111
834328173
115598684
418529882
526151266
64444396
685993450
340525487
858372915
48070567
646080726
854873101
703682466
720920642
45072016
383081041
762733749
798946604
845790475
747769861
415290098
186244445
887979899
743112801
49274921
989216585
129871315
235853657
432979853
313777994
677598987
662109299
258216045
603723563
434557830
639278149
953123805
789868091
959908543
833678644
326306204
736534686
897876003
229070876
948929022
710263561
965311745
447799958
847282958
855802577
408314047
231446596
483988605
808122972
526880924
82467574
290849045
741827594
592113080
298107510
84136273
895775002
154518388
314265625
248025844
632832796
641708600
655243420
373432256
412822505
565766053
239534100
77359324
791749314
327783246
20659632
853088474
6704984
363257745
671629143
492820988
695085255
397272196
914717861
501519687
751582403
809854830
431246993
164868084
263314855
443497470
788830152
57178194
552784062
458621098
812331554
151570405
677330640
195169391
494023733
61678808
612915231
497127130
609153027
149705551
786987400
428914639
486969223
741557550
499609763
901977127
292513592
715100196
28955002
348997574
874427172
330858853
302613543
614851389
604381878
237034598
273056766
832885827
168607956
807400929
406349009
98406060
404772960
946376865
848609252
27604997
362539322
537723059
427191735
748578654
766146792
512469841
398055913
221904528
402637160
172126572
313848578
780464574
365032437
475730
284761064
556367740
796344691
857882812
545181006
120829196
6997361
139457503
66023228
469145653
591589958
680493897
22931002
476524126
255921281
721058118
273350661
92502533
712600202
407924806
164399111
259573298
525702246
857662881
543116656
215190387
765296543
668624861
474962783
400869693
715355338
786614528
268806474
833990283
959944144
869305785
712005205
229128438
262975800
65646637
921190977
148208666
540339498
822513114
832049927
210820350
719326630
155807698
504536247
437599310
44436901
147165741
978324608
512983904
582837849
842699568
234581410
779323824
360511480
604813369
255657328
854561398
692403826
317169278
499449848
427270716
805499254
435258897
81665338
363079046
820536998
626460399
317594742
680678202
753825642
716712143
562961736
116076722
525105481
687302288
853333869
336116768
52668322
498413434
864249443
244361089
761999925
819241659
73915457
195229178
118046028
628209449
177707348
994542462
173181537
339455114
54133640
782146311
491554931
428894155
421251980
169232455
132117403
679198512
939682826
375441500
21767
804620
532840944
583876525
220328722
889555121
161930971
857908469
582402031
917905371
193879013
142715410
405634098
266596585
528954120
500789305
67815102
19118643
16694679
28375772
833266183
634925739
138397150
135464028
880691251
868339353
129911104
849928673
813708392
632465865
90212600
567937900
752312815
466188039
890390294
143822053
788583980
938773790
682575995
48435480
879754530
660751080
765683968
117980183
165891659
632811795
130286427
984305469
226842392
979762667
493928955
950933483
477609481
38355821
294712830
660909143
931416810
101038968
305724300
401681902
520989254
734373057
421835451
596911074
871713039
40024199
115295722
365840837
521967333
854339150
630553270
94395129
23620453
210895667
689463984
474829280
781955358
269817552
733539844
15950559
689488055
739192583
869644925
74776146
63089446
515496229
138334777
778769016
712425378
730176138
607369881
497569617
453535581
75497402
220053065
612828117
944426100
810842761
595887516
963126152
453049152
330618465
252366665
253906182
313144224
229719850
102012805
400586796
551698161
300005790
451396248
231007039
864104704
987018435
366978182
943882751
954183321
478975177
248350766
802015010
10559152
891914575
957780416
28476880
932439763
234223883
78374029
671320281
612470823
584714333
537666251
188809847
805755946
619699509
266963524
466141780
598943220
763161009
383945005
775434633
463308804
455983256
272451462
305186150
727190645
547388006
636145007
441378884
405420267
179823611
854297411
644079203
435832159
109258819
627617439
769369071
548621245
577601122
909905603
620305035
675828483
414925087
101870427
345404402
706974210
24579324
317617283
256341185
459641271
510329820
48772505
526304864
614489959
737562197
241026155
732258982
774424070
101216531
992845042
857215131
484559338
238780758
345673331
514062039
319979680
29054717
846338633
767301802
503032982
933979305
683687343
533504001
12152324
996032869
926475289
327653266
226232605
842990679
742722829
811055950
700394473
838799758
731583313
606428631
524611509
28946851
762731318
77726078
446770614
978866548
96703736
418350061
526142266
225001564
263265235
138386077
451866348
192623551
453035961
19849525
133109632
152922019
576481327
465910786
809559792
937685581
924533185
872317873
171402677
606109874
874399753
62465733
169881619
880308341
343050034
734443438
278148753
643528507
275382562
945195848
785699758
833629841
6106202
160178663
500180989
284555191
280260318
27752225
831505787
224722547
615975294
947429138
886730679
345079452
135327416
796355444
5887012
21461142
60672707
450395903
668822323
598665290
875017838
460973426
367933217
528462134
585728622
304096842
423656998
205240313
8356051
275994562
728235852
806804957
989123379
874404082
513722161
210259813
821881685
600380977
250832601
192164454
894490767
332079602
903838935
543773647
351340187
849890665
273009453
73511297
252821188
627329386
393629189
893587909
906460009
704079851
12730585
327752351
378802386
135851193
759911160
853277322
507691778
651678739
421787438
13484182
137145408
344122144
53445458
853626085
555376250
472185769
569184490
970653572
60126200
421809907
173387705
346058200
426588963
784111103
81373852
685849856
833584976
143799362
48186679
364732599
640824703
61796962
662183253
781443810
157642557
599383670
882519592
691838947
296209531
668810852
190984546
977113077
842180372
673113731
987331880
858876813
116207822
279520977
135820239
107055994
421525549
849362904
34173758
749492160
432963935
447114669
738778059
485869524
179708240
433026333
283045010
693883786
534868261
564971187
146153204
289318110
265309711
914591791
490918967
515551803
611214405
476016758
41821
419408944
61305404
467192159
877070602
39559892
422244827
402493486
531107424
487446810
997745630
328612286
472361782
953895702
144125228
389304237
444227047
23053213
239295614
523354250
588250934
554737270
976452474
22384467
885023108
386806253
669444552
939428883
750305607
25631811
832610228
633643493
82217994
115179855
48412219
981219234
252389620
311420379
843567295
4142052
607918691
493912806
852927740
760227787
344460957
624436211
923095221
515162981
307264693
557319211
468263647
199918437
60555746
222351085
339557326
54679434
821100919
798455023
418517212
794228059
768808786
850558334
675721492
9813127
135867368
760592070
584241558
264691574
727961094
619451434
719575728
372680691
141956010
68729656
557737351
994811654
273120506
873257128
980901715
324546088
883227069
920868469
939551981
747229981
454775125
330569568
659298204
566000150
704464013
24928585
723036628
638765892
842576023
187002865
467237232
275587653
496716399
735748685
12519793
685937127
394133223
575730381
200390126
468417994
110529604
329355388
746329429
969687561
918122565
576840800
859568380
733271133
632862834
879617782
295391602
30236401
237854102
216426894
43781851
333140160
650945527
501549157
355929462
132824462
11724931
100878716
954463690
276483267
189658264
540276168
132819988
113882174
835892677
889296330
521063160
858672452
328388072
812792701
490656
792554866
662944640
344238608
680187695
188651974
314909618
402394009
976029732
350988392
385495507
44530952
704106112
921273782
661791393
885668906
57651021
378736612
339007829
842114590
322950553
54566377
208142882
718699551
681121430
779055546
238502341
302895169
192769159
331062275
801689829
172183250
660314797
786129038
485599541
640875594
196814837
104832731
423184610
55690782
303023408
163967125
897061325
438797210
902401983
894438419
31375512
291341350
432028225
711419708
666471584
538717581
259287478
743350030
125830047
420118971
4321210
260791893
564799954
205814460
987356771
196429336
842392874
28708840
803311579
836613180
594007813
391749344
471014119
261859747
114654552
99726225
857817394
989057698
702099618
286208041
775925644
596297978
848224526
461653790
309350766
494419556
211980470
143265158
970368493
419467174
800142063
602942017
662593935
238877268
950651005
753465469
633899955
713341024
992064137
476461831
430345104
33778486
560772421
303802582
306183014
665405153
917539651
158329030
364808367
850163699
11083439
941966279
912278536
411321486
748071425
87556782
949857755
310389652
95206323
476217802
378027976
125217865
171749803
9330175
215034205
131257952
997906510
419186245
59420251
495961791
49875611
403481854
148167545
969606356
881612131
59909419
39617315
349900134
104078105
963113449
561483941
307389306
928597997
414027743
616207161
947113630
610531446
39673533
461468204
57775928
524338589
879021689
281142212
392139362
849176572
284932921
795354747
847749800
856868389
760833095
340335352
707185400
407113831
720741560
613443149
686597310
565837540
979234256
256907978
667376395
621652791
768512052
915458620
964252063
121054718
553002298
424567252
445174212
580786293
409699714
807918683
118322781
582845276
261174531
165764495
690849590
814950145
782769075
9961300
710092667
495409418
280500763
455356732
654138613
901522841
672372240
469375468
212404726
358370847
475354951
718040960
901803917
470561720
315622080
932695036
121519704
748853503
543677306
239393218
359021426
696225669
121922727
219945385
436427257
61779441
493347318
285544565
826525419
948316676
916444617
383150218
566142718
814012602
944334758
961048955
69843154
901375511
897836855
269381032
778523511
714438542
13373114
907213456
58255143
730334118
726388138
54848533
590092839
709940344
501850906
586994098
468191304
314653009
830529835
489867973
26195007
586351980
768301566
99580729
365399572
668545180
640817106
652279344
886910452
442238939
813662783
704614905
108784165
650752752
568131774
94025001
1068383
746998996
417680635
255492784
51696787
697581099
219852914
865342892
827445516
551708595
660910035
262605010
381323764
911362955
384598866
673746137
451965138
628646355
592698613
648522829
165722717
941960659
40212085
793001810
373995135
947620423
560314788
94640019
556107339
924217691
199202461
878890188
849463685
76549482
176863949
772831371
337556299
262165090
577020975
75301991
552008489
355413319
673207923
882070850
106694216
222618973
665651480
45431016
281783275
987813577
551394776
625162783
685384072
867147376
117515368
521271945
934629450
731530805
168984685
770376613
758913563
302532517
474699986
965839916
939025601
959592371
953246365
358754092
639149536
403061618
739040215
575896677
444158585
383647017
103183141
154036979
545627143
534345903
960399116
756946489
246773614
793083148
599496012
992837588
531825228
628341101
548368014
174873140
466637487
405900071
620495264
172499382
15861055
111789613
173741167
36830933
370277889
831538810
584039153
862492724
940521582
573920119
685640419
614234638
821848723
227674415
466260891
502325973
603913167
374424332
670054380
134866890
761830833
125662675
684171758
461061036
707720588
996680046
561491327
704567289
15715035
440363040
390072509
646339716
98706667
973665807
26505072
427130579
450009549
525302338
211175987
451853957
383748039
538512323
801624933
362924308
16177609
206597414
212190326
459549097
299106916
44302133
697019281
477665167
896446941
105043148
245846624
713327686
434313120
669735662
350626865
518006952
172688414
56103156
496634984
758182465
293349912
298091066
601520173
432668306
156879118
687487389
669893443
680207024
380456804
921715898
674018107
286179869
632461299
182446280
253616652
980312144
968090821
787254239
172092465
762357729
148501589
939731701
462786653
664650989
961897645
979147791
765962722
369209163
741145730
75322281
802829495
871896923
686978031
918283956
81103564
8119445
673658508
726771144
55418208
287200512
22165666
335223668
88163136
943538828
409010040
461752633
525343844
252869352
62278774
912008897
99820915
285166475
478461110
757427292
956731223
404648758
376746813
532547582
727206686
8855878
648123953
416769861
862420796
122084995
757927871
241613680
779025212
227927936
61137714
373196560
226214070
333638208
451526208
299661148
345640669
336172192
723558080
40265009
802686154
534058842
932447891
936384119
284791209
112875632
175858096
410073512
689184564
542299834
736087951
79611997
305015281
405588602
448195588
727493731
802194410
973277346
56841837
719363242
597844316
192800940
427099700
115181914
100115889
75149846
629398500
292508287
954501204
368220169
746318025
801014429
42299640
648180886
951355727
432961537
79901438
256317068
656047274
818278260
545975272
365682711
541776090
236109853
91328104
918907469
898077063
534825577
697202620
871155459
958968200
63834971
264081444
441470733
32353698
96730138
534547104
601044457
226045878
459107101
137803053
470182446
383401877
539090769
438746499
498942080
411201836
755683110
148470892
107385590
273950800
243462132
303612832
425814648
621183602
901853106
324705903
852693742
40659119
558665698
856526455
723511165
705684394
917879674
583839098
687719206
738079307
623021481
111751080
208816253
915992636
173990909
619613916
241016643
979030689
106683620
403634992
304863753
137846970
258749717
197152196
996192645
775802252
203695740
525890962
739206273
904143516
751809115
651512114
344444938
660351979
360665987
716753722
201961616
879072088
420343723
339965066
107591293
22002505
859658751
752809023
860077233
684629671
669497326
342457118
532909971
74902337
155128966
815262937
328608435
909365618
295215101
745086723
39013196
984269977
3768705
409403358
508536184
664004202
184455300
686471677
993750907
883049026
156651505
420924112
986497272
842530747
300973058
939847167
226506930
108902284
400011454
932461197
466889521
875808597
404739461
715030725
882246532
217298816
680796497
841461718
767334327
614696711
900937699
816478298
850795168
572504765
590025319
241426232
338163746
876365819
209636888
476715463
58711645
953380851
702589960
720157258
9557565
191750754
956352929
689943253
324714072
531489723
178392385
854038838
592060194
440930823
332633661
70490164
952377516
563649799
971079573
108125304
101453156
322722677
286678344
957389949
747478543
788189287
453358120
726018055
570086485
268396156
652828078
130625543
419013162
369496951
777366787
829369732
707024778
357977902
933135568
795768826
809759503
273770599
184837061
847756258
845014643
237829762
374909544
207200794
497059831
435166316
114675411
743472295
133860413
738683586
586884883
90780194
740029692
453625670
310973777
145634785
688848969
259971164
878049430
581459243
159516971
273432773
942805973
751445006
557502963
942944443
828212512
557466684
412415737
552720569
957480451
995970861
439758179
733538461
915350110
521452334
341587517
281439980
537408100
939623176
329378640
701146581
158508720
362696719
36882088
584641315
616492382
32557859
586456732
422968996
133275282
667881587
268782409
229894695
156024697
635465558
501457711
44900927
352809715
670442387
49877534
395533828
716918931
987547503
688438611
120978238
522151374
139736372
23181750
446840545
830621496
482137934
133259492
259378279
302855314
952957337
878953629
598684626
723101302
944642548
841424717
430636310
62290669
669816917
186138361
434220939
351062477
994195008
964493514
312905269
840639725
889697802
74885300
443866585
902769001
640410138
244967576
388867702
742820549
341646196
56085522
184313780
625106550
23556811
241446880
219047290
230626789
304834759
41375003
603473274
498041075
538759778
180003499
741676961
642944478
232064207
690697390
565764294
305651267
362363516
147952547
953455664
77593270
269450403
478694580
542037092
279588918
253686841
145752495
610580410
375821931
187728833
399039314
115260216
917188421
52486149
534286936
58407341
575183385
651387117
628088945
101110439
692836305
275984086
888492425
508570577
870038084
374801207
824276612
9392797
628325299
757669802
120214902
718919303
102087230
388659797
744968609
183580935
624342122
278338461
456791340
32530703
136253671
923971313
785050833
780561691
121618888
93608187
152552759
270222291
566121839
708053307
70662143
633578452
208503618
986077051
192811469
205104257
151015817
105509764
15528763
10672238
545749995
267926162
563980266
199674566
474016904
394192784
345487992
336145360
547311394
384156577
810573275
974346100
67989697
446716179
388849694
283393160
595654273
207885639
180135664
414877228
146469838
626895146
236038198
171738658
575696973
729814889
143806791
462627386
954644958
121378122
396160952
939188430
938605078
153257673
601288740
647050604
801101130
617568452
216677973
424370821
570858735
588981260
516730111
366082446
544231030
972714273
526815956
242171384
171355087
460658214
20392276
516477460
338984607
34437053
187157632
730717003
989002827
92730329
766938033
501423857
731594396
281749256
514882897
24396188
312398662
39637046
654228504
689912302
590743644
566817934
620938885
175363116
292049638
251460066
990846341
571266481
376666635
285681127
944660944
516428557
103938597
739382710
132088598
167272275
232754407
963519991
587219229
110428796
304234398
153512041
312407722
373990945
630887192
663638440
210627711
532896804
140151710
779678891
699722827
715538087
569642226
351942293
388327548
86958614
64775447
963042010
709921496
32002185
663475891
36774106
51428843
59960109
800435361
79047588
666201891
510520781
688019996
912031833
887734174
572715646
669195070
587532415
844074845
196737178
124628797
434979284
952385791
346555963
939618783
102193893
844412741
407402963
687450340
74152026
751427027
140706483
306288598
726479318
496312987
745047502
182303732
188637214
432618764
172751014
381646957
572488069
557369819
988757097
689737258
284126942
233957179
776527713
389529288
443069528
554362819
242988726
857825641
463591519
705079791
767309680
985380739
882415119
695114514
980888514
973741488
166571594
98837955
92206483
976474395
471770150
973635301
295670411
818985163
546326055
25494299
627938954
66480961
237917761
939917005
35240116
959084086
226657157
186186440
110741860
617012753
583294587
585993657
709064744
55283354
835708532
902512388
721917798
140244133
517894258
863299924
82661862
64246639
264645022
923084772
46474617
438068350
310349922
963848129
13191818
30688645
95798986
422351349
697609714
362941143
789410308
835687366
18822634
432013533
789394048
177057108
554116150
191990399
650182927
340545053
572932175
424014212
903158842
42643631
981684421
308973348
839120342
943009960
734059820
43192263
44077580
385181767
486234476
242223447
596444083
248883459
247019967
888217816
550840402
366178523
985953594
63191604
566127904
149476182
316457087
442249124
989789137
302889508
934162744
50332522
578806317
959639020
721045972
581383104
576285225
837658329
332091999
293544962
310922534
906852478
289401946
121508549
78209686
529815824
939528863
660660604
532395854
891284427
53223170
451031515
131151828
11029379
766411470
55890764
783203184
362697144
846541321
843566611
58362702
321775773
887006753
964627263
652805359
610690718
325115825
232105747
24017622
714474331
858565488
215995253
145539109
654594983
809052557
271990235
687660782
178100041
217382135
962724294
598039209
204321889
176254290
7218187
907706670
115892412
944180201
519315479
735812970
472593671
196295332
861680044
148103854
776997206
994512943
280764111
217939919
806876273
751506586
678727223
532191598
969564975
555066939
78239863
48148272
518874226
223887679
13169046
148719399
969887142
428295971
740230407
635949084
594216790
34529101
59740387
565082184
36403442
963997440
775705977
611632815
720657795
834723607
386394986
551747601
291223108
7716041
949725088
226270838
650572650
544817834
816249903
379823052
778009039
955167623
640458112
114021653
862734767
45513577
335801488
841749052
387265130
49725243
678292900
230779407
47608701
665737233
590311987
714486521
717633314
400101632
170612875
750615436
129129405
497780034
243125169
815406737
910679917
723628755
571274127
603086188
87145484
678708696
542104844
283508072
329397750
233787425
979493626
970092694
820606533
272872376
855077541
504703534
995903671
691686533
18748058
48548942
554168430
651449465
941967986
413624044
320994264
385812242
72929347
766449410
320251212
173794837
445351351
661762307
972285882
864536511
63553772
108774300
179864627
113041863
21046986
743367803
935789955
505366498
350191335
63295899
986775668
746705064
452449809
237449267
473381978
277368098
543938418
114023977
88773150
988143881
776692789
152872550
472869606
146405251
517381378
974749580
267981389
353693393
45454479
95925701
687579797
947984427
671180188
310121370
374158099
159552022
214947613
434681796
882568824
425352201
765992201
431360857
888207440
554525603
129737194
779174831
713350022
429636304
316000171
636728336
475840901
512743694
155677471
214064160
336016631
427713564
80511692
817749976
82951686
490574423
740595459
300042290
700645819
847599140
83638736
735540606
617434073
635764703
345322446
628200351
431873539
107605596
287168337
676404246
993181460
210747395
849889705
409877591
430305452
3775499
649379308
252530413
19470878
607952891
345740559
687531202
285209248
606934179
813050065
692592263
579353682
736883610
360015922
971931959
683453881
918386832
590009899
106752289
98266581
475736198
609607613
800839124
154030689
51449490
904857273
678570649
910507503
644270701
581528867
520062805
370830839
134630233
757199675
143899612
770868748
315538208
869441826
882212557
477852674
810006273
965442619
324874549
873313934
574656669
411228612
696877658
412632046
741995490
507194313
158656108
180138907
996911329
898994388
475905810
500628562
788777352
344701185
260260920
20072836
188101385
209111249
73280070
788430625
411997561
932331927
670837038
214335151
701302729
885169700
901750763
277171374
297187811
281963469
603346459
834256495
374349586
536884239
867138440
410053833
277162447
275552591
331932218
179457282
828934247
850436673
256508383
436568076
876514311
216930903
281379497
493467691
570323677
290842111
268030979
543097661
542524573
220235203
225389880
211227437
656240455
947015127
55533490
606380755
847924233
291347592
49145343
136375382
841704049
300018763
790094233
191091986
318396598
870469276
183777881
241456829
714542883
166112953
207337034
824775543
333970884
162392631
736243001
761669432
292141798
242448585
543527251
439778661
808087275
531423217
329118602
901557648
140142078
221441017
836203836
618208387
513660996
783189383
544504336
33792060
151171618
846544897
462051242
574798644
539502726
55511750
590993014
11948298
84397109
51227734
175124943
997394953
261155520
260571360
302559531
709652614
879806218
458875247
232677453
884024047
83850084
203567505
550885158
108958538
887984785
151833597
958995755
63598466
296785188
166686830
455190934
728519165
582253680
916762816
939556218
276244688
693066348
467932517
95495982
226053243
235078766
914645949
126775446
829234737
150303738
865532558
408958677
155949215
384006989
457079635
12744222
203706536
13325977
390986893
916116112
196766660
933530909
179898618
961173030
110602470
765144731
426592134
368570526
93834955
504910089
945718012
522123525
500925431
383955793
118461677
816401142
5069991
604565530
280883894
673192380
785910704
50326657
279171754
554534610
668112747
770341264
271980221
375873197
867225282
425960252
528870115
18698143
840320101
270836928
239289337
254299133
516346140
707777497
187470406
930782997
425283272
707532144
847843639
979848455
625552625
469661396
501105804
44277612
518429978
227703741
562032214
508756627
633268537
387903374
798899004
268660897
37773680
124093262
971829685
758435668
984809615
91149998
466627027
743869068
611264378
572361394
710705993
921792634
765181717
438613715
33016472
675477790
839700895
598209088
51376165
571366703
619269342
934353274
100553365
143154509
265306708
50219443
912069435
524650171
316362172
229572048
269638359
468025040
742180794
135927793
309906153
94587373
653138840
102125529
802680818
894565396
149480546
948647067
934675790
929848112
839320833
456453869
961494250
180625276
798457156
295119744
159451048
261055807
772353644
423931104
382811073
74078255
120548374
298170878
666658404
809298642
578424222
358343278
725259819
505250635
191935969
386760477
530775598
71524911
782840165
764685255
12502238
773495903
870297481
830648550
35898174
744584020
326855865
406626092
359517240
731349129
389731692
206035848
278160216
827067481
587340408
753425820
284722923
960189186
466303428
410373180
656871779
379106825
743041287
610461521
336829634
203216884
893603371
564994088
76439743
361103848
777776136
783549397
812146690
737119882
827584131
713779115
833171640
396312199
418712361
110735751
516171050
222080582
567103967
164829056
69923424
577353534
200877116
670797706
782298376
283645492
708641507
456089657
382396659
599630818
810901505
886856806
622850623
559245437
784168443
732653986
124943266
94528812
5097000
529524244
658101634
431063656
213898068
512500132
525448657
867423511
180249330
132726884
959499058
173654471
992955446
47051389
583279019
367898753
9542641
81303323
342171945
668833058
54814638
118625850
208380018
921436670
651443112
309875337
175251290
168900203
486237319
810581573
87581599
127456084
934549764
663802812
603445601
951782286
346686982
954193366
249990289
407944002
636274975
208547543
213618195
131476226
419555191
628338718
997134934
869779207
355189966
172273147
693403885
842423009
980536191
77381105
819178775
96978877
74367135
582332917
519543089
970809826
436065145
769769295
31848960
889191363
921532067
515387713
222863152
296284135
111836685
177032352
185435425
811861915
337693507
115799979
413492409
139294224
442928681
171679307
292197272
335901451
16327930
915956221
301747873
25624604
80041305
758584168
336561978
601703633
177598577
211589129
173556505
509088941
848177577
165170920
187217329
340754734
194609122
173734928
538019289
220240744
479199506
413233324
674629062
864449691
741140676
462612084
878591412
679543003
946098007
431234940
29858014
736416067
648422396
633359909
75588052
888348932
551176691
7574828
940211201
24906207
198669944
150919804
382779467
217812956
7090931
854185264
836093394
206983076
987495949
121950421
624948018
293514727
986914307
170461209
872504731
27684327
716104112
714992112
64858043
448725053
395680770
519065142
149469463
615526823
389867191
711175539
939778742
352079034
545565625
727172047
628667830
421609867
906519068
903646864
617121373
760067658
959650580
126191805
630638706
352267370
223268742
132534125
556539877
925952373
35115948
657792037
405372263
175478468
896458947
921311823
639663805
481028415
887499414
941722999
157170214
289530964
526498395
726435854
826202596
602988741
914837990
139633429
513228283
587000658
960122587
988651174
786924443
383511483
331353238
625571870
682216166
493469145
628765827
454544947
909429717
542008499
139535128
109876847
253648082
840876233
500822569
28022166
25593965
433665875
614413945
997156324
495325151
962174128
488429415
937633287
140774244
875647279
777945187
803724345
385076841
109313786
661849896
19995143
417033945
278695189
538286713
23811098
777093765
52214612
486127614
392500998
392755393
432695871
779394157
57864606
284786024
273877339
414906286
239471017
677108729
840026918
446971293
154177372
93999369
732786962
482401918
67300080
870838270
978393958
186282411
399691530
891804021
644341223
149422485
288215397
591081956
542983685
358852414
970265120
777328915
927087470
637258138
43274036
886379275
661525387
961959547
931961573
622825535
921767114
233165286
624336708
130023791
366447213
43457575
182469414
52056405
824350878
606349978
91611132
180866589
174868504
262597948
72840724
848459536
876161957
924327093
569578175
672705016
363559023
95954890
802232927
521956204
851298752
913699365
869480806
224229204
467937195
827015186
668473939
797960918
634944166
550619417
135024237
933884291
479949464
418848302
578407452
90263004
701979931
52525129
78789259
488083886
252051158
212607127
181816459
251721050
222136032
296111752
302574535
955345695
32206050
748370691
373958684
551552771
464402207
500912860
160990468
380039069
451064473
745965584
365901738
290682162
390450128
13084940
34826929
210093264
505578416
19798557
296006375
965753098
491302728
155105100
549257047
933691001
60967417
535846697
140021885
285654985
880638539
377109758
780482325
403807332
52418155
95463066
354382074
311379166
602730572
836957883
762685896
178536966
253141901
956609537
482408824
338701992
309328535
662770428
717000558
591686542
344984904
371528915
743737110
323717707
916419304
425224426
173491372
289402267
454971807
260176247
585350829
20540847
699776194
443958455
308700235
583678964
958242390
555995504
759803538
93204936
597365393
894986609
179961400
479865311
801715122
737844309
647559148
747373849
283092560
838725332
805559620
745256308
586320799
321296552
686261806
450190427
704923454
904161660
294633900
789330537
456330699
128732483
990987073
526020589
68286945
472059505
246702655
224709113
341268563
833685025
458806024
514049804
328060114
692693635
953937625
618477353
32889830
778276641
157835703
493041361
613270499
24312274
812953071
265500135
716861390
453920349
289438235
438658831
874237172
593730269
349535813
350100605
394331270
841510694
274825432
885253973
401587131
519064169
781570275
465559477
877811288
607769600
602474308
303700518
378442733
487124449
418065905
396859394
165147915
836051097
920305659
656478594
630771331
353805897
469399354
259170985
668339875
765769147
574125095
636403139
367312175
197393353
26155943
23912439
867030482
174884132
51209989
375198978
57833866
16091215
756920264
12792251
60634819
135027855
906317641
379159102
603168006
818870518
817134476
265603652
920032229
633905129
30612478
915014217
296367097
758205178
261671593
192208206
246396909
742124431
820976683
6280956
669262788
132196997
12226811
26681378
336810908
274971435
148991317
52706873
947687161
524978297
320532829
405186057
41010335
116854895
854264571
225110901
180413943
544025522
1409124
626339040
954892491
73609950
807691433
932194598
362148234
785190938
895460782
518330429
740656422
935964737
824766965
282452555
437342146
972906336
909290428
464347090
294610323
459619941
402533865
483186873
888887153
959573211
989385277
462807965
176529733
256012834
508014507
344363686
641470535
411695599
744193376
739616434
113666114
703847336
652265379
446102103
428626572
776103655
189725949
218940882
246470290
730131076
343966688
642046617
120347683
319166154
131532687
3904832
707348280
284296383
435510361
471760799
168384866
596847978
136163369
796622838
499837391
634452448
304977123
240812009
718085544
847141330
638706914
66496740
119977571
451610869
486514315
759150083
885044957
797241023
797550108
44011785
696126504
36468231
618421979
128058042
67733285
859169903
412860335
216424745
902499309
836057461
490838023
409786123
167908279
373183231
34894266
336379283
122540232
937119571
104967928
193514660
853182610
395536974
389556404
669073272
122275193
328815112
694094991
731278820
263846748
107576350
189756354
368840581
683594098
420369025
86582572
449596655
391898231
601178903
921038940
400669116
285718899
99483873
59573440
898872623
105677947
862298103
248745034
497294801
786046910
541091684
877273416
175630930
619460062
446871813
736363722
852358842
889943406
301100804
731232268
196367607
478414440
906842911
523090809
250904584
203166898
324417665
673566784
448391998
271451382
215518901
915616716
39350300
497869037
898864949
370891729
447755351
169875427
136875075
196075399
232834349
676164158
611132989
288507807
894148567
567851106
274055775
606317861
989650813
944140114
71397521
180499487
27349985
313387285
395955223
297806654
232184571
299101750
733960497
723572159
753615420
326942684
241526309
89547203
477253674
972084720
420095107
336165847
41106679
764648965
565071104
678890395
832162905
607093269
241603276
992074974
315335483
264109249
718273363
135027784
869837222
830661451
834819132
79448950
425080580
150440790
703988537
289704754
976833257
954704131
322978081
421487701
738155291
648562350
122191988
213860795
735004199
664137024
245213554
173868590
611294235
721627077
57862104
523855457
645909503
911656431
751150237
446027290
907345029
886623568
259309575
566406340
22901833
671445970
113023357
162754316
945629523
491786920
554236008
210886270
944382293
22710802
552298709
986692300
61514175
335912872
222419658
130982557
992330906
283302788
779166441
737839905
194216510
101318042
456200025
376575340
278350411
788545008
70057571
836182478
366243043
47537782
852727863
710058638
918816399
219287540
162958060
361546567
74307228
139143758
188646909
840668658
284153273
624283127
424866709
348532082
660571214
412958643
221299009
243582221
233142937
729649130
662798739
989481611
870141204
559699736
320219033
489344835
210847974
841944749
932796383
349246323
741102797
69013007
376175789
427718006
666275811
931277367
883352148
377265576
663884806
64895281
666663633
263400765
42914329
749025996
657033473
855319042
120667489
532904076
689920627
470967298
723050697
477599697
181333029
484203953
453117833
623046985
919119467
851868812
555920623
834295465
342675436
69704496
983171191
913923449
711264595
444904420
125390862
178950016
32809349
393494664
980551834
208430681
738379714
984359443
124691238
590334362
837060467
690184346
511553560
877514297
368585552
691700298
246748545
617146129
750338081
979422010
620249037
479219526
990923074
79892109
122718399
442938039
218919731
583923116
753215833
448751532
475511304
807379600
570120826
212133417
285209770
674949883
675322633
443244989
351156142
526132740
295234854
14971129
12851232
895284559
673688972
131070468
430008026
429725500
824030851
933344021
793459341
827727579
185274376
720417552
720838592
494802505
7798993
586308652
838472906
516632632
66679342
114970537
912899500
866903705
682507692
129177347
858544559
422440924
739820424
984555722
784204565
638453228
926322699
983778094
323582289
84110097
235515126
848179399
126963695
654882921
8759271
937186693
754067181
844117887
350623566
275184994
748214252
308982768
807842065
172060030
631415448
510436372
904072748
308703259
638755420
820865875
669075167
469677273
412473781
193078512
763347119
162832655
415642673
367974245
498994701
517918750
871613924
684097616
556920853
297458421
238170530
503305716
56932332
340312789
495650354
23755301
275553923
586687066
931741638
676016174
609959385
627149542
492733979
62916656
954759351
932849497
563852505
623855782
478946938
978865590
707951228
873030828
715950771
430687928
696421298
789279103
563072921
57519078
198846174
862884257
917310176
938454455
187143190
913466835
746961861
634301856
35319613
710918272
441552171
163872683
106326027
836712352
886335287
711240391
340600492
171378680
519430919
517661378
585707424
736416198
617493361
759955228
964857535
653723353
238449576
721171182
927293990
611020012
661362107
231478073
410351774
954039610
978025219
934834825
945275492
373462288
944282245
808553841
214781888
791173273
956038004
550589449
779732021
738806342
91657706
484684669
159221310
832341855
506108382
936919979
905374068
502459249
492773093
252489662
401241080
76371758
264364331
334268497
516882748
755632926
912240018
415902053
199794511
699080371
879839658
418138352
958053605
157971391
151540196
450175860
71054650
974521758
907235363
702001631
504262410
108148858
564820846
123971224
426986484
155326765
202502288
679843255
953782135
891230719
623026167
819537123
766693010
960986078
329589754
565992610
307798900
730476381
762661137
970268238
303136525
73478885
195444068
47198262
723719169
568905599
643265777
253539558
795139309
475771287
438974739
327187490
452329421
259498172
948503316
939512128
209026599
883546108
247012323
480558938
596413961
100575581
364975066
432016391
555814621
579533515
46034953
79380146
314283191
790292142
205013052
1262572
473131181
170919061
618458735
498108584
561796949
10407765
469058666
474297256
125762054
237191653
701521801
680664521
373377212
441244501
983638130
773359552
970643244
360647656
932852419
647246625
931149617
293945597
704195624
765096190
897843304
926243993
81877741
249238072
84152973
877818272
157162752
181984297
949150494
834718713
276275710
979978186
279815914
550682500
675542205
653013303
551905589
915911031
31243978
904516429
132214639
534064605
413798804
422640297
486998737
320999617
757764417
535916065
170937738
56432278
799509895
412180753
596141169
901510867
96511213
574808521
453404305
647886259
203507941
967931186
337023431
791155481
662817015
53494104
216531962
189531245
954275298
766528467
401097055
401257057
859816005
982591516
290376509
456785122
600861544
195383628
525432678
386036899
951655265
35350109
736953342
701047619
233628021
610720535
104081590
403826631
192059130
702602982
463669258
562347463
25262673
263739583
530135821
397037847
316890936
20152271
484174577
530857588
521408432
171533227
262718102
103288587
522867907
174028706
33426400
714422694
561847884
530662286
994518592
42408977
986552919
212674725
153322875
848082879
928950868
203220539
755595350
874665970
544242593
13251985
459406814
825397454
435787734
883604113
815610969
189560199
478423161
155928840
645137320
645448133
509493775
76137475
499419797
231482931
972454380
768264689
671159607
65532135
126957076
761129016
832721054
204230792
809848537
735600561
745097191
179651071
519501330
582653481
94838596
644567780
217470074
828955247
930667680
50079051
277122285
858185666
304583526
630453620
536062503
637578563
272562287
238497729
631903638
287819928
245872462
217412387
183030855
772540403
348491719
620365496
794132496
108314892
916922094
946714842
508773055
654338849
550811875
386730603
895298823
150388768
723772604
286683273
224691803
293742783
179701919
418744920
805200120
281933491
252415473
534812215
639599890
889037775
271492700
35871160
461656523
215722635
84408980
199088777
705012411
956204955
433752301
969333752
329912578
323590619
629086197
375832523
537764052
258471378
201929293
620700850
736515247
934606601
552705900
543720396
7809341
12094136
353187759
203041124
921840415
663391235
344606694
842263108
712146523
754001177
904852716
878323597
213783968
777469417
463653039
496815499
627939977
330990214
164996277
651020138
24368277
683344058
986148225
81401620
107429121
674669560
544865690
714160201
336951277
267159664
929960265
119405
454234425
792480440
209047502
306670459
91864197
333431474
81827910
815480986
699948219
963455016
842983135
420466450
515203688
280142127
194210534
949492474
824147509
156305647
196070226
571650781
911480319
570283429
794773800
695707559
865091179
165536630
415570370
308668234
415740047
622554483
543918677
524753644
923485411
126949727
693367943
877015814
779404697
542495249
652653210
137948247
993911683
278008740
610267560
788802208
971772648
814380612
333882449
169578926
386556536
309380390
93367469
295052677
327274173
456943962
775366410
261671925
152098425
463236392
519094137
87690818
333570070
306264439
893622059
956908648
105117625
546894268
926917887
685608752
105679939
207462517
837999711
650597849
147813384
958526092
450894250
997038065
691536755
70425001
269528576
799240251
541815049
985552346
777855709
543754910
47758669
17913037
770941696
930264755
104957200
322709976
514207778
443005750
231346976
880533106
420272383
152160425
822298063
455182629
546670285
525460602
799621230
327698455
428941849
24982336
715838345
89840510
238227891
221473264
484307093
695713205
639222813
862695155
826419459
612908450
669311795
153728719
549508229
75226578
573888445
366071838
159657491
481114201
194851997
395201565
470416531
879781386
260476074
175884191
297288796
910527603
957857946
28148563
744107355
321987948
524170564
551297000
239220588
533092864
73023127
579665678
16311900
49325648
87777324
406580230
487538609
804650305
813600086
579739690
665301483
821610001
760413130
809979004
747348594
416753933
325264429
956124534
855017203
531622096
265423551
924825949
562683651
660726981
179445931
427295624
217536911
456181298
994229236
306692880
320082169
444553446
380771433
313844699
175128550
293915727
47903687
661781917
589346722
145407046
505548795
409041570
708051512
903114768
123857562
150529359
642411095
372327682
14419696
108079802
922074127
983384512
28331797
773962716
982372783
682808497
470726387
462596247
233058183
726642344
388831623
303594606
145540024
16982098
13924059
95807777
907033699
789911610
260520552
887326110
468751538
751165153
497227076
836287602
927061921
362427783
258667345
86074834
552200517
955030215
531381489
646774877
743566950
494431503
388451825
300719233
695079675
128189259
742628099
979406527
186774674
980308100
176580329
462190412
357037732
468302793
835470716
922094327
311183249
695274353
547189089
36731934
749567446
536855714
640114375
610377175
429863450
792726012
429010811
481299288
790859132
880224623
949530551
804332755
793596941
707503036
460133810
112593747
200253404
679141805
957671596
84455839
841379193
16351378
664803730
714171515
382827770
506141135
343492484
189361505
907524535
611319773
452511321
976488388
856394593
107404515
281948965
547379850
587263652
392717099
722929052
200876738
583125056
722131537
891694994
103984862
697622100
350810267
563381304
408976195
646503342
234756976
199197362
877444739
928540225
876743929
507977588
218181517
42148216
948687223
226344332
575255887
239856223
440129856
82382153
528985038
51150881
81225274
654307857
272943444
405839688
942084166
551546912
334729591
817887316
112014411
274471984
426263802
852427237
523196828
349519551
496426638
871711882
720395256
917519833
550067676
812716474
918856222
177206355
216409879
965143266
909467285
76654840
361163524
970080468
758041849
210574601
692554894
114900172
600473257
941340478
524414978
568936718
884726529
481439850
70945345
596752607
147577183
455581089
862140906
11815672
932792195
433878951
855430076
54774291
475395487
140847773
645800045
704704267
499190468
32816355
286319210
113677853
396455186
389308077
549533877
241451494
966101355
621599681
310024344
200001283
647513079
956681943
689028465
526871577
153335424
321496943
394943046
296557450
938465867
648605475
951754012
689767588
537413349
535693836
935641774
489937437
585671407
931754778
989566538
789078776
370673473
179198295
336756044
333972917
682876436
129693244
992761217
366001349
218543742
687404123
465761458
766681059
335739626
334647186
806534697
374058985
929881686
920740342
641661610
9785221
528571270
981731623
403034466
63656028
671272474
703189423
314462067
445725054
915925348
924766309
532478027
550013243
59524897
964541024
704141448
387104793
885808703
157263132
353464796
632378534
481664057
371237020
370660441
104245244
35694848
479320288
364558282
9390640
518841960
645055840
939274081
961013864
510208005
537265134
726131502
683024983
272395234
693524536
24878597
208882971
464489549
348277634
457988495
27635200
341267824
319297613
835421155
750509336
160091055
610752092
22087996
384655508
155861055
884932916
279589993
451250430
777665662
187176446
151392260
971356776
595778892
268201695
486416288
591263121
176502054
646807308
160505112
820242399
114038872
146354913
607501863
436355706
34827539
355068525
597672614
42778066
281872230
185394625
166676095
189006514
255964244
927040490
781352343
578972052
293038350
824590399
885080616
161043089
757949036
893283654
919442408
723850891
847913744
964212734
632001334
848693806
320345612
846355817
148899864
857199084
39052749
350361205
419084747
209063845
246158971
699910842
714961865
832072548
53151073
66462969
357223941
393380753
549204361
70265273
127719484
863400056
552327629
239170034
140334316
445913265
792145687
30214998
528936527
830947447
781626926
568500977
947066247
429187275
330563403
645044480
229049437
191187901
643181643
429505159
89129827
360701647
303566906
530778532
910914338
204411372
801684937
506081959
139686318
500667609
906057954
929329010
308560501
169838974
903263076
917647320
640424095
947004213
945992880
519806578
619108532
90743959
803385831
979527017
140732063
434710862
306513744
423505888
581108693
77420549
992010722
672289800
292472904
709004673
251963352
72317842
888232660
504312617
54951880
122647577
383335016
800561465
380504639
282743222
458348883
803278422
161507963
71394626
969436775
259767538
21986437
642339001
828135256
591247181
644399183
825768805
567159302
879089930
378218191
189867010
756148176
738989646
62959445
817640818
481355941
671399441
622663404
398530635
352283228
719419250
145677635
711038429
99394798
934424509
792384345
105473161
688593822
172707253
138408145
912460244
603050764
19172332
89129165
735566873
553923786
841593755
758589216
288272421
166028198
941678846
600638926
838698738
815503686
903867961
291922683
587378835
753663860
895132081
224526550
436377762
587210374
283274419
252089320
572740812
53670778
816393503
169169225
151592588
631900657
162990523
49474957
958766447
855372738
609228021
76035447
252666569
717742448
494692534
193706458
429620559
879240275
841872625
724480031
770578678
447860375
22006584
622836544
527745847
252487674
833335115
795070494
308614730
750636558
757055843
676757917
449519557
646650267
567100887
365223334
86849073
474176726
868543912
420435613
810742187
357344381
469873743
638620641
74106850
788511418
277691884
397481763
976235230
510482145
314524236
937448389
562619545
176442254
217615381
239055397
593284076
108121057
578925302
207930263
415453814
472102497
663295302
815470302
419051610
452877925
379209614
243218370
462729967
443083796
691059985
292303940
238419071
923672737
597065018
312329262
475231743
257714554
227925776
425728857
411859036
458315084
300234314
846377079
679630815
563533933
185162771
837127843
556402767
880172787
827843289
247880036
441688460
775910746
636772009
548515671
491288219
224459752
220114619
456739557
389877228
57544268
205029924
284478835
4166442
671805627
853815076
867952788
909583191
41781686
527041744
556839467
321364362
566359653
713597823
44459983
781475977
533672010
615228528
606158053
618083768
390329691
794592066
136736800
547243966
56372345
446928214
411248317
180543732
187518256
260710592
524520666
322097838
313420717
353134623
680235965
108250467
65445657
850606290
413017379
132210898
610739499
273278993
382048319
570747934
253338539
434641094
287893215
547435892
852585947
288456146
62269328
582021613
633222967
376695105
672977991
755377589
464678206
197141979
295471308
743053951
77939294
824895575
409586109
892241273
918898996
143512521
830569269
699795597
133809733
723433059
769500740
36641523
360374594
426265409
31761142
261542244
476614532
544562084
593653534
384913554
309576598
817848689
708364898
571752090
76282419
893405475
963133105
761085438
158507577
707314439
49939406
173750949
512090878
24065588
783397015
134626646
625623848
805736289
589898919
585493733
641713900
628011152
752811647
31916428
981529276
217144319
667940047
858673188
139697144
102240422
442502581
772550260
852389369
855724359
845270078
33109098
257592536
375135903
812633867
494583898
646546169
386374598
653365153
927163707
454898372
4823095
687979180
14436870
162693992
945929791
667540605
458026039
80997069
788479260
863174112
584802224
353625038
440729399
549243288
767665088
92554755
227631100
349127590
781999181
704492414
70005707
866394987
238105991
257191547
312703593
759396109
106025829
771088373
683894901
622195142
966607680
9475785
565327563
727622702
550171347
80188403
850088142
590924626
433571298
93426250
718151615
766741407
562796799
477592955
924454200
987869857
438738776
94078312
740915747
47476839
229564012
697631217
425473083
382388028
802839760
19995325
61962429
921887221
21117101
228828095
954829965
339826104
81062076
912930101
707917108
13906893
755726530
615052099
848674479
522193453
976555436
675858553
909015912
215193907
514376123
184717864
310603258
198948447
45263748
996481557
9177873
986771475
246438583
274371664
629461476
963994185
274501603
954699770
817047120
687556279
929014265
209708367
366793681
505604614
286765071
361326118
249553867
43307423
266249402
74262172
533138634
100378190
955802543
310004250
655516708
135547581
62620349
71213215
618344048
230296660
842908114
203174327
262631232
874937885
221651357
658600828
716762009
154973629
305114824
35900538
340853945
258106090
804681727
531631148
798098381
24801851
488868165
7318806
88761726
305049246
541751840
521985701
528451128
974094418
640767917
81659350
479385328
520864302
131134571
666408028
767311453
188990069
932982995
27077158
56981748
49719906
575340045
277167065
586080699
895441971
809842364
271629049
811850724
933704361
429573381
433386925
695293889
864579263
698331612
436009527
164900068
502559473
844507988
896972748
181993124
386978670
602541304
823908038
642411557
994009273
684901187
730222842
314765886
508716051
757266404
445659579
751185162
70558459
262055605
364180641
966817987
218527342
390489092
311579784
337375451
787785942
719502577
97444309
345442662
195965396
739417392
872100411
982183376
988864811
231357145
943823777
554009995
48321811
655192956
358520746
511134262
447158269
953875864
278550417
356608459
76189948
940345038
378696309
578933631
685310444
122332672
980264543
512103517
835779376
587535438
339690903
943507819
931755210
952321969
805168309
368124747
914647841
124767487
311734976
597150554
300811852
351101174
571618251
687564032
694088549
578614060
389929485
506750606
507633956
419797267
279173877
51625501
99067966
935890959
835720033
684803913
833745639
324841922
241547031
148051236
332699408
513074335
414521108
99213985
590516629
270027162
500818948
558111168
5278769
684219579
965140018
391881860
838078601
166213428
231649213
250061788
342574353
824513072
611996076
716702559
457796137
950037320
928913092
595734118
208838098
3857313
775960167
726449469
545329931
76603528
387907703
445211521
801899663
247696023
364371775
514402990
62925182
203412392
683380384
594663065
394449539
341106179
907984857
587115392
870243528
706795418
846699213
32269707
797711691
150707316
311798851
283000918
563084760
703964459
335864880
450397158
408030214
87346664
268160117
775831590
473725179
623585813
886725651
939675128
794031422
702232261
317430021
932002649
61688352
83803911
246746767
290000148
347069531
652483626
286215110
113908256
573289601
738429575
586773970
678349663
609343363
644368235
679368044
71941898
709376729
748468543
744711233
828814293
363218778
126622299
776620950
888383344
890431379
296405328
373454506
420668467
533850406
893278123
334405680
105557901
852247729
50178247
204908203
785332693
217629223
85388
699489937
554310237
731453474
685445584
44917265
694164245
41229415
6021576
201468694
139240715
262803247
572824223
731881528
623647208
215094164
728840997
244678417
699148777
666627710
539091972
45180343
718945606
693434019
352037029
384096249
769307780
378609817
403615704
815989455
163048544
971587648
307049365
514271765
160126378
977687783
864743806
776401923
435017393
249746622
957825969
411405785
228509658
531484832
483224737
546687163
992192326
568272107
536225937
771752110
882529499
9139930
569514395
194541477
385734125
959304745
383011131
138850937
812277921
440440467
529086635
101423419
361318793
469515184
394506446
731004074
897125083
602538142
52794395
776435472
877100776
557878977
282883788
651196033
91181837
129236085
188606127
152701992
3200351
464250856
860681825
791933132
230774160
786637968
457567042
780000823
800044168
920090634
223600285
276349142
74836752
748914822
994619608
662048804
883131490
360085418
151076266
953200759
352036843
817327597
561829672
226491654
644189753
252398785
483289226
121908892
770015637
236701279
993776004
603222312
725887927
984947931
966936862
597182157
187901002
669413671
251505026
248094833
221005287
330934525
487009952
840130123
703219184
592059269
97527403
353636142
843305819
782257788
491886378
674636454
572208650
393979371
812959136
440287526
725775022
338003053
333788087
835666156
642983290
294388636
916174993
318776562
268882306
872224678
462799954
471026896
929458728
745212925
173158444
58487871
961738904
124002796
597882567
724350738
280995171
890412596
833755080
838871531
64343929
277603255
873684824
572106187
14550517
550435128
159992617
797531500
579727991
585074256
805435363
781875106
732697546
19708552
913051854
85805240
448701794
74734777
822812178
340484017
870114409
533007673
236039510
345833614
229724819
738108292
10933560
256313051
62153498
826139387
275203619
713605110
222623949
30847794
546591647
402292616
842078725
145786548
103954246
812053664
291224584
764085395
132937888
204591328
893136597
813905033
768010987
889907771
953248085
800647956
424232991
944737961
495818181
506278301
506072230
682144086
154287950
567632625
541873952
738065221
47449655
842312393
158605683
770501385
219921253
211317424
800563882
4704642
141626397
337849728
77852709
72030924
270607341
110876747
32501806
930972833
221367961
735820086
91790515
435392857
985317695
70778511
898462115
380852211
640002488
354146647
246861506
460139848
960338405
507205277
891111886
385826616
19414599
606209887
456296050
411663222
913265749
853970459
72255770
519054731
20824269
414466480
753628820
923569070
551283496
33044353
703990521
541877035
610020043
145174440
806453873
533590123
795398913
515088106
851793351
266765781
427113348
33839877
61136685
902039816
277613468
46185519
321144919
522666544
264651958
100796739
193490695
329846918
307048865
177095626
379909473
471943191
395438436
529419981
589559058
481323243
247807278
275346754
721367853
205800189
3106751
408511339
378826485
543602209
441441282
270980020
153397711
878179244
361654447
612080297
26543337
724607437
150418241
235135300
436402606
507666272
398652412
641901528
10561018
543756735
366890377
186703794
641685100
320520614
872521222
962968643
133987335
690103183
670991822
841152907
58016703
723628927
241424453
192026483
618560535
270097633
568969121
257881952
152185087
837762087
338102792
416698836
754492145
794935097
901369562
551252559
306934008
896833896
241917809
463239368
226931247
361570872
175798968
927102452
352316688
184209195
936724999
856610958
963511150
227748694
799749170
733916352
117211096
732766298
604261144
868825240
899880755
356166826
820472910
4653415
958611655
732056154
280230783
739993747
312374705
987036700
111850833
650918794
495808757
335610268
152167670
578932481
558704382
789903231
473289533
341198970
259154753
411271937
754152130
87849833
646588689
233387073
788651322
574985827
730348596
910874327
655796482
371236637
196244063
17831102
563210205
643358374
661906263
117093494
473563904
305418028
74714503
73994817
263563785
452150420
839574595
928623847
55777095
28004115
464077063
261212012
17937157
828984810
410535138
892688954
958803591
589728893
242553415
106847955
166973888
950766504
830318200
95530624
775908441
304703928
906646230
618228525
772195016
699479047
858379052
985230567
80719354
114789663
316290834
589036120
903605026
508771359
654431173
364161747
702278242
554663858
643778051
666342412
535672424
547639802
553568669
23954048
631753138
339659826
297445346
975360324
94292652
394965614
440225687
844342669
899772460
278214443
204494480
253787435
898568402
944139246
759533913
641908308
586202732
921272720
625525244
745443200
719290536
831624206
923346856
549446555
95170361
23037708
767917208
913820209
60876053
876715184
153509567
45359513
867629850
937373516
943567900
692343206
334700419
633486789
59613100
842518472
32606428
444343268
947805122
436797826
672794408
892364472
241483074
216787134
36718653
809235996
525622446
500654592
160195077
559811051
326491686
748041458
287683640
85333587
42934273
120789378
855871465
121621383
200702251
575750182
71732490
891865206
416136748
104681385
732664829
495630001
359085076
948266546
86428326
820674082
532946707
448045961
218943861
383282486
898927805
342211720
908915606
599456871
584151554
309062509
159881880
426707991
563093940
760307336
169558598
550573583
309038442
579877752
490438140
357694054
525096997
812781536
541665255
736808810
196417092
70465550
724525611
893645261
51669882
97506547
499685293
598644831
894349497
276348064
404147376
552591418
181006155
731278535
275335598
493679436
321035062
719548969
147167171
871054597
651766892
187394071
954500691
273150607
41453307
384351151
132984232
55787389
603601702
509778268
374379136
981393946
9460063
890257838
778944736
779966760
566248156
557439566
472945793
567614616
434559379
154567123
863131969
623733374
722106316
910391823
742063842
908529192
565419907
203500094
795845648
262198984
101053007
736470109
85602421
363478430
636883324
423022133
472392483
296062775
503207530
141668794
26684669
480066310
506412572
172048910
886121423
582827831
124826407
331325166
948181141
482693412
427559502
560654257
697822454
330541662
292658881
359994415
759351330
975560751
544024808
346015949
432875506
408656507
684232787
198889041
103418116
222509933
597065436
926612866
129791768
496549060
259949076
918839060
253531571
553372814
542630774
765352734
551343899
910871827
549886923
189825978
91648846
606806234
827462121
800825436
921085624
991420829
720098387
770616302
586399133
548338130
605721755
373357698
516660734
836379235
391649452
270082360
589489488
706543846
600507692
114961668
715757577
983089120
410246869
13433569
937169818
583505671
779883714
459111593
646164239
179879836
328935242
400311955
124553816
687884680
347857746
840842882
746192584
904245875
766461883
845970736
321579607
682905035
836753019
442733411
144010014
750367071
627154207
711902752
42146545
408135883
713780999
830797696
507861141
463822334
413622268
368956300
325708285
713237592
17673999
283639218
133284233
377009349
66622122
607529786
237927355
131517547
452945498
454566868
495917835
572089463
455212778
213882706
37488263
98767360
687968246
975205903
740735477
423860258
408994613
618140318
32316977
36091736
192246162
379371924
562706336
166432839
910057161
677463683
860293647
144529085
856464399
148390595
140220394
679953168
908358669
599025881
815502076
589123529
984629140
323845414
669597001
295244179
280782075
223306905
772976870
324719635
613545971
649288810
963793878
895030776
420454749
665032315
535526338
527308297
709970451
912785617
837564152
924773726
520848767
351130606
363749116
687219914
743558105
310333346
252232602
840435871
173672815
7721017
159600033
786333395
535544261
41212276
546941561
367813260
331757689
630019042
651378233
313112266
117105006
110505269
270060626
732860711
884734690
661756424
412427909
87724815
9677032
194032764
862985706
286292935
690473913
809500638
89294581
106647101
236023295
857752879
764330305
227996988
247567751
722229616
921414395
11279913
71682585
93933938
446316450
642364593
850277691
688104399
576816921
126440890
267865729
127336018
572589367
450241127
587618839
719712194
981880426
276806250
238788152
366948075
901237591
131872222
596756969
355719783
998148880
64200550
845122114
771274859
467515941
137104730
605681899
39595387
497054990
191893273
503830725
258328187
714885203
58798362
771227838
845404102
242530060
788064374
800349636
276835567
345114565
83570773
895542147
476302662
419110639
932476753
516955934
33125483
397859127
475422149
14792579
849729806
973316487
584849450
30589765
88675106
504447128
685331372
805648129
485651913
528327118
433954780
358182181
629398059
356609668
375721709
144425977
961436055
547606783
989293762
903486084
626531145
612800400
635429869
342224970
538574994
512715868
208817567
460949053
904654801
420895126
278069642
628894539
309357321
80566822
643722568
96300043
28699292
481905524
728934730
769540445
967579424
952238479
617960464
14883398
494010342
624010059
661459079
925009313
884395341
205899961
233891423
19369363
875838131
741704520
135538070
833702094
2049610
697812462
478992430
555668831
377813301
575540397
232484697
121149138
914536614
705484743
780456170
604272944
805734798
547952818
90478505
793389139
548667599
313120933
484791094
269632743
182027022
445951118
99477064
163491067
465243284
280376849
441604335
517394253
854850234
660430765
331442940
308012927
913218756
969681862
24988192
257022332
120086448
640946119
963322667
743679288
801328789
119119961
538404885
977764742
568402535
900421288
275412818
721712168
572868052
872007426
933042734
732892590
491278007
996297214
897776419
651680123
151489833
744417848
179497297
868727498
520952390
906493014
930423110
712975409
887226762
86990708
184361739
785277516
474625404
587468392
450676919
3491361
184871886
642999267
738674767
817634348
535539288
460799005
688155852
586225120
318685296
588544076
856763812
654021788
904120840
481577238
217795109
470997120
610282769
574814307
793320892
448452138
751793681
292614517
639307123
215166321
692752680
328208879
523377889
627178890
20061321
29424462
536455685
19336048
300661907
920664801
381061223
540995257
485760955
822825137
778610600
44601589
235229583
68344976
383326131
374640722
705190189
865619670
771662260
339888824
346552812
715358251
193202851
358501168
832633074
544241039
798359351
323565137
170216443
90708308
282073682
517049378
804480265
490155712
506223813
919994145
790247828
170111374
331765676
647561554
655470771
980466970
121012864
63001997
170811149
257705356
945179729
346107482
402790533
740200933
518150737
512499884
184940149
309754691
443186484
373301989
238358610
301585510
14490780
184526629
416986167
584565640
91630823
245054820
138230728
130948101
967820335
76303291
691125150
837937185
793860155
289044478
421096214
678434952
305294018
622377556
558768161
310548674
655139019
285189741
438471096
645823627
831413728
672041499
549481972
939938950
193919598
764960823
540983471
535921862
580211555
266554892
662299766
924442220
311019518
428101899
150211595
441541440
538961786
216849480
15564830
952853601
185085884
545463294
323991390
220746771
35635502
57723158
33696772
114443272
775608965
340431454
894759191
85350517
556344889
36116069
955570203
947142631
469937907
801657018
938344552
27320287
6667792
197900855
425805285
921633466
733260860
359420833
306573320
776191602
99594058
410722260
197022491
749309049
73730244
487471991
746362526
755545849
537602194
834106079
942716492
667462521
378432003
478978078
944775663
859650639
915683916
303574556
425044339
110168559
193858160
32832085
262155338
699858092
500873538
336699723
674322132
899071818
374556906
164864481
995523829
991373433
330978368
631294286
17268296
823176224
51504603
881820528
232380191
902508091
636018428
783694387
359773659
24321282
317551793
566236124
672542083
808767499
396112157
626144480
318252878
568771455
650107186
941479687
452291166
951878840
665465736
425877185
851553620
605607
985293975
822952745
253472214
130574966
77276146
469167010
897613696
185938044
741176933
684781753
404824459
177858127
667092336
803552960
696295074
994916887
417741456
137428463
845251056
983973522
385908812
815402464
916903142
652065312
812298004
38206822
658241074
288652465
404250755
186880674
755797072
470456734
477754237
87720220
913641017
25734979
81886574
185313177
93688958
162090692
856416909
160769392
852636722
559680162
164752857
918896684
987657006
918315678
893881606
443071378
760418913
559943954
1706793
464708833
239704886
277097976
934167743
889459029
716250078
320634530
986694373
605482558
434618654
337066150
376793881
721029319
535152390
105366521
632231071
430801795
119171172
110534972
196094895
87476671
600808029
346174412
516715544
340641075
548564968
161743448
764067104
618253242
956529828
917607982
49730046
178863575
903746128
290510291
774312456
175597848
616713472
815090492
468336779
300828806
735626229
815633323
277253991
594561443
248737611
716720833
689145438
229435546
769312254
322638191
66759723
673397418
538540016
990331021
204370664
634645844
902525269
570998632
187678408
556758154
290440245
193543888
263372453
98234778
347486671
2577397
933575180
195131123
256053667
824227598
186461203
891765055
114846312
824122522
780139824
505720558
387317053
793490567
462732709
378023726
433847239
145127189
445567167
784961215
663547084
293488278
807195923
473481680
153557425
67014069
967666793
474400567
779128467
258146991
51349250
836678651
55417384
938965207
187302833
511026406
33673773
580481210
338235054
652718067
167598647
395982676
772682816
448140866
796127049
742781319
207630710
26656913
380934746
305889777
142135039
139392154
87411749
987282831
502816322
874186265
633100764
437089094
280269404
470754176
280129022
46125728
358773317
479046685
573062959
331124449
103255308
270343463
265406171
547941114
457071733
678906477
565072447
454662278
206463805
202195194
470727502
99728199
482975521
453162748
653686996
900930042
838441875
558602391
761435473
908721139
779895382
12133806
222232095
250479570
428243339
722389843
359918522
527152102
502621594
465889981
124108772
652423760
889071774
308947605
54942932
380563497
576131722
291223316
551449169
23754383
875437371
736814828
280477693
385690637
37017325
30368950
332774340
52142467
310948668
620432326
353195607
943027107
218456699
133355297
331584986
493279808
723205327
945925417
453262537
288220986
867945135
610375723
153301626
423414208
788043830
618262705
935606586
288090365
137465913
641375910
588543866
760548172
171439518
727939883
353423151
947241924
820574896
95439826
324387927
903312033
394364772
95111358
396633912
211973339
179842306
930175948
824283126
939934654
637219879
532812571
256988451
248563773
783477303
280855178
93843909
312405410
716114395
269365383
777230238
281960385
373953121
277393976
902751537
567210240
752126791
640260559
402453814
748578881
769493503
600845575
290521370
174901665
678620285
714820794
777372310
775074846
132541403
965610007
977502337
977927258
292005241
918133617
629992312
409308449
195897343
558092019
882088865
673054776
624952965
967208027
560957976
228445932
59438849
543776908
820116524
318122590
83224758
730171637
923110510
379876463
329785933
776711246
187710597
43055831
571730896
27596215
344530741
187196468
121488261
880641443
572606621
516812302
977894924
724513507
459537264
108141315
694110283
393518027
406640962
280585122
608851009
405657237
853602381
434664753
488575501
296079430
579046953
279419172
52960343
724772802
647808263
822194215
467462938
512394414
302589600
829279728
45826023
374521872
802566370
35025462
320208176
427464422
43031799
268717886
538164652
670155537
474283834
675372832
239166886
549213382
975821518
872732369
638723597
786612168
451216443
75146799
404274758
274585043
226706345
475722232
535787270
869034670
615952205
708503078
635027431
536407335
568797519
976173543
798203638
508440142
134005049
413586580
556620257
967423440
868144437
724144509
690648555
949726129
808661180
988305522
941740927
885878057
187432291
995895505
551823745
805689963
575658089
687054908
936399030
390741688
257069124
242916451
379291947
76344219
274460460
237184176
184293258
930590058
187713099
45880465
435535935
515446944
994988885
958106009
436896879
525853318
342892421
9957462
332304131
793143806
723969561
983682665
632026459
947541083
24936379
693361764
783639491
921678758
706335685
19713897
589217103
805277436
921379606
90641967
157693436
803839695
930744454
278042026
476141334
247078799
7084754
139293811
648928986
929680513
670285689
560419579
702466938
884408639
534694370
166055555
935111494
761350675
738523904
454260
581294353
27085610
981078470
606075035
802744938
232290162
614258416
942137026
324364440
234257555
370647769
15568466
152071610
123847220
283351058
37716699
185370934
835031830
799178895
579297075
290850883
434757561
890767866
306111079
205997730
442013490
605799946
814445796
185569383
867617316
946236225
442040395
857656843
321642244
584919277
646667428
225034074
572957181
670867063
808263998
183581344
268611885
544340468
365529104
75072645
673245335
505056176
869452308
607776028
47605931
86088264
102981521
44797080
169808044
16246696
333954100
442887130
888177860
136623688
766512003
38708118
514423026
166788596
133562302
262942332
173980310
358529158
829304137
787946268
655510627
929356579
5256721
932272981
252062189
807569445
52294280
991288636
32182484
17402997
901733453
16112335
985227184
204858962
749267308
204217147
160193962
320320540
589845411
620286546
197873967
103493211
841624955
373298331
829588805
575040650
466611300
600324766
16471369
126175207
788346624
542754275
530501179
77444095
826329482
365201188
376486257
617318345
378142641
475435422
848595567
254935399
467574189
258928298
295223142
459702512
994711999
986716618
725170711
485774544
345783821
127982545
939138763
618463824
87960811
2221443
638860499
462384906
420814716
127512956
96153710
695587654
767328575
929765751
504652696
361412802
491484261
773365155
404462456
50611956
516811024
505731444
218087765
811720285
553888612
23711464
461406549
917062382
582552884
774019616
10679050
342838484
870188936
890850555
511532124
496726594
726220156
844056677
850793142
991786997
202297046
73672103
786930646
651222154
911944730
888439091
497845563
796584759
803389698
542961213
143739339
211863204
286902615
539757363
547720851
358035141
846909378
704025127
152219236
678863879
949224929
640118988
298133134
596057705
827307638
705375318
198858503
891127257
440776505
673307152
738329474
588890832
548478425
987926772
263821402
206447694
964593862
347448716
756000361
541124360
387157859
806497588
879464188
894506586
990466352
657585307
182429763
851755881
168506892
673910308
687541027
442052353
723592423
959378461
220924425
896836088
436292106
161071024
20301076
663640847
711904865
358587234
236771157
12115988
109760536
360830005
119127224
146062285
496032016
391432701
81128089
329717525
517718749
180528963
357523906
906652970
730295471
379044174
737910899
757984660
314246468
99610262
233544427
307396021
99172763
58151993
913540670
25170554
589503083
64114197
38800329
926662574
707267291
235380867
327784106
182253095
970346160
388282618
397107141
685535742
964934842
254187804
196942632
19347897
21152085
77233554
82377257
103041842
169280263
372471141
718939889
866375379
58766072
200279217
566316998
132744649
37349158
331041565
266177371
847316480
242837244
585422677
579287212
299185577
155359148
559401925
200892189
965109661
330185605
649292566
612892367
281320817
610375368
570222718
807114783
909430263
764676266
392613631
877917174
458838552
785781055
61495827
434792848
367379945
662790604
384153288
534686384
543279108
356621817
543162873
751125215
902518873
10174781
405380418
102195754
706791969
116256964
421453689
370819583
462148851
738933080
661281392
752001824
371560039
93468616
540461314
602205822
896896499
933889498
602680097
551107538
28167749
782909531
837849647
63281775
402145156
217321663
10853126
831292793
212660347
542264358
839820960
150460504
701353075
567743345
178183009
333376171
411032318
860222090
158840919
192450309
147520075
639544861
888948693
863902434
758939600
691395506
997975007
883072619
655762419
927565539
936899401
281808705
414934442
378242989
101859036
83062097
847314608
111253437
374500677
20855351
636366108
830854400
790211769
258329944
739919828
244316743
161610280
254281665
734769960
935113832
967598157
805025097
808018183
914965495
603333977
269980616
92471041
527624697
314621011
837896653
971515691
411011189
256789761
794948509
171511460
497525573
897723516
365433620
255473230
166360686
519725011
298747572
344330294
370769661
658517007
474483298
288152686
345308355
892596720
824470410
971310311
315349645
679559040
227457840
734889132
991080364
212799660
27990639
554127086
336560935
235872225
146524077
232628489
819954558
205150622
687870445
654337478
545423740
852900067
191647031
555324246
341664147
799549186
843458137
414736691
252933093
578397225
860558058
73838324
454295438
305006568
646956953
175153352
489744506
190079054
46946443
338696734
977005935
537599634
850817900
596581594
261213902
23265016
500484481
451165273
107642537
554415168
797563523
957336457
680617094
353876429
14620913
927319503
942727185
945993515
53446238
735096073
951221027
726647653
724632617
879724488
294112068
883955379
617976700
388412650
25435755
494341045
971634865
408651794
726777242
952951723
771035662
416908224
3259131
697180033
210212335
405159560
791898707
700380669
729652767
68425763
315600064
961293760
406971505
809712352
922293692
660046668
369229383
555644161
126989101
809748893
960201901
456928953
127990003
891078171
199168082
71030705
139727131
704378713
811031659
370852233
346341418
444584127
527784716
564271772
488924341
470249965
393044696
324948607
515074515
348194442
615638840
120039124
934098310
226616908
939273758
465997097
241887231
288141328
923824383
607748403
94303674
903148169
405653848
514005202
301766082
139281014
597077929
361738672
715870207
89175610
852923535
731074344
537477124
467651702
250804541
866298067
992608581
610681298
850284943
665222566
441217972
125992733
850609900
404758897
432467050
197037893
716257055
649752364
223491668
344073220
598365478
354358879
745191198
182284440
969593420
17597954
64406254
47948471
706835623
197680412
360016225
570984596
757327131
46052366
376963720
841130785
598883864
547084405
635477466
896157094
514546799
949038329
195939842
716281618
590503960
724028026
571035198
355447093
996987358
871056092
717439448
656049037
462975595
335132816
3574566
89279543
641785273
566921979
211626132
191409368
540907232
529434664
557757569
494537678
408979995
72764560
990134144
958482264
422211791
71641349
86361483
224514527
617622589
800314466
703642124
398251617
909521009
169064193
761233732
237301856
903861675
315733941
347581136
804987682
928508096
681875565
646037589
690318108
660147117
417288317
389575624
788248427
317198975
738054977
661284848
444527511
651542887
625468362
612809347
889497795
353824111
480923616
108146441
75435886
78438548
270492452
322697914
526839166
625385939
164182251
115113398
75263002
402975424
191845340
968510058
376042869
697473477
769744196
335887899
652223784
167366510
95269415
549256320
767789890
771157311
267926505
585709502
936092277
493283573
27788181
225542905
788413346
30910778
127223349
478708569
769097898
970777903
270407344
247298344
515173405
453701775
882342985
728456976
906808511
49761006
696349589
4779475
190889714
504402153
429971277
891948384
323735998
641218876
200261779
747679614
407955229
820538459
625071269
68532462
413833692
482212884
366133666
691612450
296540803
486889940
756658965
719166207
964902037
763467036
202626373
105419463
311895218
397254701
939351949
85375951
654292393
809468423
81535528
675612034
573863920
693282604
413247310
472837709
680232665
605603421
484695571
232568374
460887695
124612590
277415089
500978591
526700385
508563489
145896141
661261464
306785812
313394408
621074160
87893927
200126948
274060939
542146664
38427700
711457580
585088894
130520147
790280442
591401844
129156092
327076984
15081051
755486703
678821855
985586306
904448926
858868447
746055020
699374153
644444999
829587314
90541795
522834913
270589751
858045687
612307117
43779697
798259927
847423896
239223912
727713650
91994273
822101815
864355258
733994151
335352514
896370421
880918893
913720913
99755513
351983934
560351961
449831239
397227695
707047508
576403733
404425236
850546620
982775736
393758037
589178078
991962801
985958153
428320092
496961203
458730913
646825016
240792271
83389003
556933213
664581931
307266961
388776951
146274808
105262169
50896743
154031492
906201486
420576673
721476670
569876712
868302864
705283817
360639152
539272165
204536859
524484384
139086262
511209283
341193985
617198749
903942972
322194502
445029927
387457484
490484816
320030751
724688083
719098453
714333850
279672315
350262274
656340926
325281205
809910573
704767260
673190316
888307620
333466442
323340412
891518512
857899372
970304590
879176671
101134880
851132431
278850057
981840053
882422349
639513582
554914300
305041749
681760323
452003190
6041025
936722985
959062863
590032372
955940025
284976788
992145579
816105496
351182439
803641203
63943586
436294124
150954271
611974588
939731995
63206134
729760016
447224414
615897686
125946769
846549222
111567618
692206283
7076326
275240106
182059508
663456184
89479848
655916874
873009919
459820654
892587632
874285588
885512902
569857947
922803609
484059380
524055050
453677981
245976513
838460004
485847049
488926800
650796191
292523502
434469192
209849446
578056238
424643011
738619186
51618390
919681344
376379710
280298129
343550710
644073400
985340386
152374678
179967178
388847862
43099715
157853268
263135239
215694915
940797395
738910266
54574394
392338441
926508093
271113124
871163866
267745568
482017331
573938761
228387114
886517213
140691884
180534283
747303988
954711394
328927463
721399998
515032151
137551309
368113150
173755517
632670915
10958788
167525980
901648579
765394400
992629747
482511176
472507284
517859221
949664944
919621788
971359815
66452227
546654489
965877357
581246725
572051076
927327302
22136416
828253529
180318910
779693697
415711266
211809887
541879375
953448932
873684978
796263562
50589673
627202617
450963052
149982639
223489706
538911098
385500109
6630302
866509851
336097752
463347630
121787052
711713031
672256054
215449019
232495183
367858001
72241923
53541612
753196210
443187334
862608622
679709369
861517784
82151853
123123612
450745959
78231660
118271630
150042082
795835013
467727357
867297989
188812916
657302079
612680791
666949653
873371870
678590340
467073869
546554817
48063271
938974700
882447601
448157903
107099600
900498137
595160804
323128505
577872369
639496466
794501718
867770434
375555562
861330386
765264992
913740155
829737583
668397776
980076055
837707076
661741203
579323141
258996607
784911246
329471684
790792806
764119311
479723634
750013949
224863554
711863685
751251947
310409011
469273185
807757010
235203691
96154772
956601691
976984097
540357491
20758813
17593889
164697844
852897174
726506952
150337075
222835243
324785006
473678788
633465939
342020058
790835793
855020340
596059550
974443925
509390049
133933586
737221341
492351771
380043770
906861872
393689977
450810698
689349808
911076925
259526574
127388936
700049382
106532275
92413140
686677834
158314656
449382466
273779971
866783487
911150754
942700377
939940834
320665028
651302232
915082762
704431866
914733147
914695655
857528401
521826829
46199683
386599165
41078124
1111542
466698439
776100484
75193999
499515890
497458458
222061154
847998246
370352873
892247272
94432259
291756993
168110723
116846761
636393630
205559255
123959162
964341805
410554540
898726322
600840507
531467259
54329052
300737645
409196956
401193178
683994848
26715145
414702874
60179302
196398722
147435834
212050639
435254735
805025332
28007728
625905419
123876390
313481082
85834782
749255720
777313964
458454561
978611932
722373802
753133049
674188690
825741403
910925300
553692081
893012501
175457101
606947326
551049637
462178233
353644094
531833648
586896561
568292128
190818609
895264951
391036095
249868985
85651257
168901201
960148355
688688567
538004312
918832460
269198584
550460920
484477934
588097073
220336898
543121227
876782477
883691621
312681597
571590350
680383330
226518008
518941214
977176484
515712351
789389454
489444319
78303146
699274813
27548059
633415894
493374978
136676710
773254473
508272522
398343287
87365075
193280677
599033929
988452961
756328907
364266995
266061507
427724033
837708289
70121644
511866064
816296143
907712358
405315205
225194849
357405859
104221906
917604834
497239158
644281530
255925146
608084059
737187322
880443438
350786826
917087535
685245208
676881194
968966966
959162559
599718126
107743786
820654411
220126449
732997439
17368547
612920327
906621747
887082947
958983514
876683527
891287456
941378361
264650080
191028379
21761860
321935498
10812521
139628333
407467743
784063601
751898613
162954855
439888661
238123775
22619121
52661956
44730137
859836214
218824219
636016693
28535973
511546289
17004982
582257124
547102424
624945920
861291041
725192032
839306343
518700186
268066106
34145133
903982457
642463461
102857441
72323521
545292935
576333052
895690866
657501570
874813726
191396721
98165290
281616367
62554017
214993836
801284297
115425494
338985543
41187583
778693123
662969785
96899773
399362847
757753991
144943128
204455340
960595716
595112947
868690335
534547975
380752532
448169590
379187080
649360788
937324458
803224798
884560984
167074779
324106163
67546884
243260027
470267179
174044496
796116403
614290154
666516494
242146634
777479317
372555947
358862899
922348761
786155526
102359523
108169339
632149683
319412580
415529373
206189250
413544139
644379002
598278541
836108771
894280750
664917991
497814259
689737195
214911698
267595469
32961446
404227333
276334018
430758318
454343994
677991440
357041627
790805189
226317324
359625622
639860248
108263139
315025589
996493873
732999531
374293595
651800344
664986366
278067771
496194938
672296774
169692980
341583136
731149570
868369044
971533034
853486328
957343346
