1
3
10
36
137
543
2219
9285
39587
171369
751235
3328213
14878431
67030671
304035629
389000654
373565922
374004841
937273532
481697230
551368610
910478728
958312416
701222863
59457828
15667389
851972333
275200719
441733123
933122398
252086378
548721462
649821765
978595366
919065150
84631201
983222527
188186137
417226685
209663310
938867102
810054216
477456389
669104250
548955965
215582746
955153897
234809522
690925876
485727663
558641719
80347309
9160779
720040550
80887016
754626528
333914841
782858446
345158193
737077681
83752467
912935912
939858857
969542744
124259984
483636314
488745318
829857713
551331555
723274908
987458050
422278153
405856668
930092141
260913155
731337193
972103591
183543995
303483871
90471276
626948284
621491793
319768568
129372761
801743282
712014043
541721098
318427164
848048452
687503707
62204555
434813000
319437373
910967220
305403755
415379916
702694474
842496767
593661080
421548949
