35780
100538
59814
92045
36823
7286
-1
26926
23681
-1
34853
103012
77906
71155
72546
13819
38151
16899
36065
46850
25340
32978
-1
-1
-1
18875
-1
44846
13281
3040
60759
51863
72070
95143
43995
25429
13110
-1
104464
-1
71745
25139
32090
83799
90581
-1
12480
20022
41865
35015
54235
15731
37756
20942
70480
23853
87952
1261
29718
10396
73310
73932
-1
44527
4108
3919
46905
34144
80518
36172
13289
-1
-1
31943
30097
43480
-1
20441
6939
884
28817
25438
45400
-1
-1
84704
45869
18803
11652
94117
6859
7941
-1
10865
13903
17497
42506
40667
-1
20679
30978
35663
38748
25616
13233
43893
41884
64500
36252
-1
15711
13142
-1
2969
97414
16729
24866
27188
16279
-1
19888
17964
16248
22665
35260
20660
-1
-1
5756
10518
46891
-1
34481
48888
3211
29547
-1
51259
21886
64060
61759
-1
-1
54118
86148
21045
37025
68688
50758
37636
75453
6305
27589
33133
37432
38952
13108
59350
37432
35227
12352
73363
115437
78814
-1
80003
91273
87804
78567
-1
-1
75786
77914
78185
76190
126221
77914
98271
131163
30333
-1
46
74122
118244
102763
-1
73972
76381
73972
-1
124538
96951
90902
11182
108140
-1
-1
108251
100459
91526
77362
-1
2685
75787
-1
113821
113436
103897
-1
16851
77568
96796
76381
72373
74188
-1
-1
7290
75888
75201
107366
108071
85232
75246
75246

