423442
577666
589690
580641
575945
589616
589619
585856
587324
581832
587471
580550
660441
580537
603750
35747
604021
580274
-1
686230
581162
656315
9459
607600
653076
662918
582547
639108
600043
-1
597851
599208
584895
6446
587582
582380
597922
642672
585115
-1
629544
-1
585331
586221
616981
585903
585660
584940
-1
597939
585060
587446
-1
587455
595829
586134
595571
590402
646537
683837
-1
590159
660831
609714
648905
601793
588751
582265
585242
684734
801297
-1
589163
603008
586902
591373
586153
-1
698663
641301
667093
594042
676201
661766
592979
625047
43901
-1
669380
594910
596408
-1
653035
-1
-1
672047
-1
-1
586169
590328
586407
-1
618429
-1
581611
594221
580121
-1
582755
-1
649695
685322
46244
44351
580329
590248
589533
580297
-1
619
655751
578915
627353
660398
584700
590885
578079
579785
-1
-1
641943
602869
599544
96240
746141
75598
658136
583449
-1
600900
580541
-1
621843
574967
-1
664822
572802
575155
574706
587332
576533
575838
638588
-1
34339
572937
580613
579741
671896
663802
637973
575840
572818
606307
640562
575910
646325
573225
594987
570412
577105
579137
573783
605846
572023
566789
669871
568485
80476
573073
624047
579359
582336
590380
581447
607689
575317
585
682659
566049
645193
657623
629217
568787
573676
570751
675129
657434
574894
560536
660576
563602
560598
584838
613583
644023
662707
580879
574871
616673
568368
652813
562076
566156
571858
-1
-1
-1
679931
599856
640608
574551
574945
572621
39222
561724
667447
588689
604620
-1
576487
558241
561624
-1
636249
-1
591069
-1
-1
578948
-1
569756
652407
573991
562000
603375
566176
561788
-1
576814
565999
564996
578233
563981
642531
571636
576446
623018
633428
594149
-1
574932
43836
566327
18863
570896
679138
569158
564118
671139
644948
563680
656463
587715
649206
-1
-1
-1
566550
572082
661584
-1
659561
-1
679030
569832
648027
-1
581527
565450
564618
-1
661407
-1
560294
644456
562609
-1
582284
565966
565982
654796
647972
569153
-1
565961
558637
575489
-1
-1
641968
565873
570171
559799
575773
-1
641473
616831
722381
667142
630638
576934
-1
561132
571059
554174
653373
750291
-1
560593
28926
29320
561475
559383
-1
600193
556255
-1
640317
671149
563931
555707
-1
564471
605479
-1
-1
573555
554698
649511
5080
625473
555009
565554
638784
625799
-1
557015
630460
560730
560049
-1
573237
-1
561706
-1
559009
562182
553662
628278
555768
694112
-1
-1
556950
557046
-1
649209
555918
654784
649338
554306
629472
605903
594245
564587
-1
555700
555476
566968
-1
-1
625073
21424
616022
639332
-1
556942
556942
666120
561598
561783
566245
577523
-1
580014
560159
571308
570411
-1
566298
618693
555892
555418
577652
558733
-1
562376
-1
558479
636369
563001
559673
575153
556309
633557
644689
561797
559191
560680
601994
566002
-1
570963
561810
1076
-1
563248
641036
577801
560707
567926
560676
576316
-1
567506
571993
-1
569478
560486
561312
619629
656471
562394
565093
634408
567238
644675
563814
612576
561359
573073
565859
639935
566979
570496
618548
570982
571471
560352
-1
581984
572345
-1
677651
-1
564949
-1
631637
563392
-1
615075
593962
564127
565194
-1
-1
617469
558651
561332
555213
558709
-1
645304
560125
614254
564453
557891
671194
563463
561439
556481
647394
566142
624252
664927
650932
-1
618393
719844
582407
587577
562105
555462
564761
553735
-1
671327
553735
643135
569905
591747
560654
562913
664924
588548
558814
566985
559375
559058
570453
563473
642148
-1
571719
650547
562359
651636
-1
643537
89562
569062
-1
645611
445
582795
565119
-1
-1
673443
648287
555545
553714
553664
-1
553664
571903
553664
567840
563430
712096
566323
584334
558467
-1
568277
567296
556004
-1
554338
301
598747
49
601727
627663
602456
631077
606416
580380
-1
629598
577278
555999
575053
556368
622220
19957
554553
589786
-1
552174
-1
651775
645629
-1
618256
671176
584036
734870
557071
569623
-1
558129
-1
651856
574408
617923
562964
594281
636122
619662
-1
565558
-1
553022
561328
-1
557935
551090
555059
550594
-1
550728
643186
554118
553114
-1
-1
632237
566237
-1
558209
554037
623666
554124
-1
637037
598981
554160
606540
549644
646437
567292
-1
5209
564001
557113
552210
646672
589450
549001
701293
550420
550667
569459
555416
550039
631557
547511
-1
600902
609766
555717
-1
546321
563332
32818
621308
549385
543773
547297
557269
-1
-1
550862
11503
607345
643095
660657
548629
546393
564193
-1
-1
547365
544122
663281
551733
554772
-1
636858
33684
545045
-1
646694
548604
-1
552244
555885
637340
630786
-1
555199
86968
548080
573630
-1
-1
555420
643536
571655
551307
592304
555893
627723
562795
611821
-1
596617
558233
-1
-1
557397
645268
-1
649307
555891
-1
641948
23069
550707
574922
550372
553692
-1
547670
331
547024
546375
548026
546375
-1
-1
642228
-1
-1
565481
547837
540453
547465
565060
564380
629521
615024
539558
-1
539014
35633
552464
553293
614133
-1
632293
543183
-1
551907
552614
562560
539098
62416
621224
578725
627097
-1
651588
536994
537600
-1
644675
655604
538315
604278
547343
543505
540800
546189
-1
537007
617458
544283
61701
565694
613411
652669
605718
558351
545170
551918
685955
543258
548511
539615
-1
-1
-1
537058
542101
543411
535568
546305
562244
608991
537722
537722
609128
537213
535404
544522
542275
539671
566186
560336
-1
544072
543794
534205
545197
550497
541267
546135
544310
-1
542422
-1
646906
546041
539077
545875
547381
624477
544992
575903
538856
642005
-1
584567
605507
538404
544527
611444
536948
543352
651085
655510
536624
536363
-1
630811
548970
703688
-1
545832
593184
602178
611133
536363
539566
-1
536363
-1
539849
559294
547440
620807
557940
543636
543182
615646
561885
544795
547905
545933
-1
540098
547129
-1
611458
648081
549076
563100
608929
553185
540447
549241
545876
552956
631783
547660
627190
537338
557675
-1
-1
582618
618460
605503
540180
551155
-1
50473
535028
-1
-1
538100
-1
542289
535213
599919
545874
545546
-1
367
642506
534100
534445
541169
-1
-1
543209
537963
-1
-1
-1
-1
543893
-1
618123
632173
562020
689842
-1
541770
537814
599961
557553
638315
719809
603499
-1
585025
647500
576906
623580
541526
549723
538578
586782
-1
636066
633615
545471
18433
631772
-1
538502
582792
539321
541108
545086
548802
570360
540640
-1
540525
28118
541822
549426
621483
-1
549880
544163
-1
723873
554863
22624
551682
545592
38338
547081
553968
-1
609445
555219
622528
9377
555055
551449
581191
580054
630365
577301
-1
555585
554108
553783
569333
560649
558685
-1
640363
556382
582550
612995
557201
557703
560775
-1
580664
565404
555419
556067
561157
-1
657060
584975
556343
564715
-1
625073
550228
-1
552561
623053
549893
572954
632850
556724
619109
607279
556638
563489
643917
551138
557624
551235
577988
632418
553955
550274
677148
550218
19404
-1
-1
-1
584346
-1
562070
725284
557316
551873
571079
-1
75204
-1
-1
-1
-1
635969
-1
583785
-1
547015
609348
544118
593078
544563
622680
558519
554398
552083
553943
550598
645313
567028
551139
547902
547902
-1
547902
552731
623635
-1
549892
-1
549598
548471
570402
551361
558212
592023
615008
552043
549024
549572
-1
644259
558962
645042
564571
-1
-1
556934
558795
581034
-1
561123
562458
555120
563853
-1
-1
568062
619807
557038
-1
-1
575281
560630
613431
-1
23501
630743
571287
563053
557604
-1
560797
585691
619046
639803
562397
657669
-1
-1
570470
-1
37235
571372
-1
587259
564312
-1
573819
640214
570400
685818
63279
-1
561226
-1
-1
564822
597431
586790
591910
566367
636885
560504
571603
597542
688551
562952
575440
-1
562047
568845
559535
557776
557032
557162
634444
561015
561236
-1
-1
607816
563131
804
613611
43988
621296
642890
626105
559819
725754
571468
575552
565799
562369
562435
557080
564600
565792
621232
-1
664970
570401
557676
556291
-1
582969
597347
557034
570537
563535
560942
666655
664655
-1
628500
634618
624807
562836
575530
570208
663574
598658
565134
557812
563395
643616
579906
571785
-1
690215
-1
-1
561733
557812
-1
-1
566978
649484
602711
46017
565640
70431
-1
563755
580310
-1
570466
647160
579074
-1
620149
673372
573390
578472
-1
646551
661501
649097
-1
579702
575785
573984
-1
593310
594932
616704
55197
652855
576208
660723
-1
606040
633034
656194
56099
572918
644858
-1
589412
587136
607035
575398
571686
638514
630133
690865
-1
1151
719135
-1
-1
662405
664615
672877
668060
661274
697938
776017
798955
771452
800316
783107
770899
20247
766672
780917
780938
770404
771242
811917
788140
775969
772320
766597
767176
780611
786934
-1
770837
791842
771100
789608
774487
789012
-1
767062
-1
764741
774515
765909
-1
805907
-1
772268
764684
775382
766149
-1
764885
768265
770994
-1
861269
764345
805466
759984
-1
771783
770312
-1
94252
771997
-1
792888
-1
-1
786084
-1
880912
-1
786881
783787
826314
-1
782650
786519
791368
785617
807832
-1
803905
781714
880756
785282
793154
-1
791476
792429
795202
-1
27114
819188
793675
816757
830565
885199
813381
814386
-1
834163
816452
821384
834360
817794
878144
821993
831871
1512
823443
822866
936986
76063
819576
-1
817917
822461
818627
821109
821109
821243
823847
821694
-1
831783
-1
831204
-1
830375
842507
-1
853902
829595
828819
843847
833362
829816
836479
-1
841296
875056
828511
828511
-1
832973
848685
841626
963608
835399
881944
839815
857190
847884
887291
839933
840575
836714
874092
980300
-1
862092
856216
-1
858055
868212
858185
864094
865764
858458
860913
857568
869470
853991
862143
860433
853991
853991
984757
862342
-1
858628
856184
853991
860509
855684
864971
-1
-1
866694
859042
870093
-1
859931
882061
924325
-1
924325
930992
-1
-1
931692
-1
940104
927513
927893
927675
-1
932805
924510
948592
921730
930055
928477
930138
941614
925348
927389
-1
-1
640
926845
925348
-1
-1
926072
931168
-1
929715
-1
926033
-1
939084
926401
930882
936840
946965
934480
934574
2166
973207
-1
1058970
-1
976855
1058442
984055
984378
978528
-1
976381
979356
979381
979135
977384
974095
971809
981860
1050755
-1
974207
982814
68197
983588
-1
982442
982512
985420
974511
974511
983167
982421
992098
1000935
976636
1514
983064
982673
22663
980725
980725
984527
-1
984544
988219
983447
984673
-1
1066688
2775
-1
-1
1012415
46241
996587
998544
1070168
993895
997312
998303
1000159
1000302
993711
-1
-1
1046249
1015593
-1
1022328
-1
-1
1026257
1044564
1026297
1039337
1027091
1026790
1028375
1034249
1039275
-1
-1
1044556
1051895
1041741
1047210
1047770
1049854
-1
1049235
349
1052325
1045769
-1
1058378
1054777
1049798
1058304
1060329
-1
1050615
1053866
1050615
1059956
1057018
1055663
1062139
1061085
1058073
1053758
1058089
1080306
1053758
1056261
1057812
-1
1074539
1069122
-1
-1
-1
1064679
1068829
1062568
1085718
1085943
1084821
1086909
1088858
1095449
1099215
1091730
1093604
1094883
1176340
1098030
1096062
1094417
1101744
1105373
1137302
1102323
-1
-1
-1
1103036
1104738
1095896
1102346
1100755
-1
-1
1095896
1095896
1108865
-1
1093358
1098343
-1
1100627
1093358
-1
1107955
1107955
-1
1113092
-1
1132333
1113900
1121095
1118486
1131440
1117944
1119895
-1
1122409
1122242
1129387
1125306
1127931
-1
1125771
1124369
1135871
-1
1124369
1128974
1128022
-1
1133859
1128601
1211375
1141617
1128601
1128601
1128601
1134295
1128601
1134262
1202030
1134262
1128961
1136756
1145253
1218588
73335
1145538
1144439
1150505
1139010
1139010
1144704
1151965
1144266
-1
1143763
-1
1141570
1146373
-1
1148297
1170402
-1
1148297
1148297
1148297
1151328
1148463
1148417
1148297
1149196
1157986
1154564
1160422
1151865
-1
1148297
1151123
-1
1152844
1168109
1156889
1164089
1164089
1179484
-1
1165591
1166069
1171143
1166915
1166791
1168279
1171207
1166791
1165793
-1
-1
1177601
-1
1175144
-1
1203858
1179635
1182990
-1
-1
-1
1191222
1187469
1185981
1185326
1184848
1183401
1183401
-1
1185957
1178970
1194551
-1
1201013
-1
1193222
1192185
-1
1185362
1189258
1186683
1191767
1179230
-1
1183043
1183715
-1
1195330
-1
1220583
-1
1224927
1213051
1203305
-1
1225672
1202078
1208029
1209680
1211597
1206333
1212470
1204353
-1
-1
1213327
1204353
-1
-1
1204353
1204353
1210175
1205833
1205833
1205833
1228786
-1
1213623
-1
1210693
1205833
1207335
1217251
1209729
1207863
1209319
1223523
1204218
1204218
1212789
1204218
1236161
1208114
1204218
1206869
-1
1205227
1209266
-1
1209432
1209266
1209266
1211235
1213850
1226721
-1
1213435
1280745
1232672
3666
1217546
1217094
-1
-1
1219277
1224429
1213669
1213669
1225181
1245638
1215767
1234392
1217969
1214887
-1
1214887
-1
1226717
1214887
1230197
1214887
1226491
1236883
1216979
1219299
1222248
1209904
-1
4490
1210950
1208719
1211707
1215970
1279989
1210278
1214090
1214090
1214090
1217057
-1
-1
1227561
1229865
1232551
1237203
1229840
1227913
1230892
1227913
1232236
1232150
20518
1247620
1234442
-1
1230479
-1
1229652
1234275
1235112
-1
1246981
1239561
1243022
-1
1236173
-1
1228158
1235485
1226538
1230191
1272529
1229769
1235202
-1
1234412
1231480
1302838
-1
1233727
-1
1239286
1230061
1243500
1255207
-1
1278025
1242159
1248170
1247501
-1
1240387
1236677
1236677
1266563
1240289
1240677
1234860
1234860
-1
1236174
1241473
1238534
1239991
-1
-1
1241591
1245487
1264697
1242892
1247708
1254707
-1
1238851
-1
1253771
1242529
1269987
1260921
1238851
-1
1241669
1247575
1240172
1247475
1254519
1248109
1250326
1240767
1245397
-1
1262151
1262151
1293287
1272010
1266737
1266343
1297772
-1
1284225
1289251
-1
1276470
1276470
-1
1279345
1281075
1282165
1287755
1360818
1284004
1286871
1286871
1285912
-1
1318125
1297371
1288803
1288803
1294484
1306804
1292793
1292793
1296544
1292793
1292793
1327423
1298493
-1
1293878
1307049
1307049
-1
43591
71233
-1
1382420
1310216
1306616
1303288
-1
1307813
1316349
1303477
1305170
1303477
1303477
-1
1303676
1376037
1374753
-1
1301151
1299925
1304616
1304616
1304616
1305893
1311040
1321001
1317967
-1
-1
1320065
1317967
-1
1338036
1343911
1338750
-1
1342646
1343234
-1
1374263
1362847
1359116
1357951
1357951
1356121
1356121
1364446
1361702
1389865
1366531
1369624
1367960
-1
1367003
1367003
1437251
1370591
1370656
1367247
1370351
1366549
1369923
1366549
1399714
1442037
1368994
1378930
26755
1373454
1370186
1367368
-1
-1
1370229
1372442
1401651
-1
1376950
1372442
1380404
-1
1382784
1387835
1380663
-1
1455718
1460838
1454759
-1
1460738
1472630
1467698
1463894
1463894
1466636
1463894
1472388
1464561
1466754
1472316
1468565
1482599
1476301
-1
1466540
1480277
1470995
1474403
-1
1471184
1474217
1471184
-1
1488181
1485313
1483928
1487264
1485166
1486134
-1
-1
1495180
-1
1486394
1495716
-1
-1
1490092
1488945
1490916
-1
-1
-1
1491911
1493023
1498264
1491943
1488692
1491943
1488692
1486405
1487297
1487297
1487297
1489282
1493700
-1
-1
1503855
1503855
1503855
1506515
1518149
1522827
31405
1512782
-1
1522460
1522460
1522879
-1
1522768
-1

