19688406
1948848
7552860
2955148
32083
25215273
9439001
8243661
3785185
24864020
26058589
10969491
32962435
5494717
7038873
17262619
13199397
5127048
15068668
14869106
4070591
12454341
17009231
1797567
4564007
9964908
2410292
6485849
5358575
3549446
18838413
14345483
18949771
7361476
10892453
41067592
5370885
14672981
5500685
29364266
6600606
2694499
7080585
14711667
1796450
9679798
4657073
16572396
527247
16779470
5139969
895424
1322815
505524
34562331
30951564
8502120
43528434
3015666
12117846
11080920
17233524
30132378
4219441
10317987
37257199
22722065
13968723
1142714
5708137
5339594
2096547
846799
81364
17713049
31516656
20372776
5553671
36393780
7160627
5144371
203828
7178925
10358226
29259340
6026544
7383744
1075196
2533026
4700368
373512
41431984
4486359
984534
22655217
12787538
6784271
30320079
35051881
6605059
12582214
25645008
30919893
1442620
5392191
6514840
22160981
23208401
14236395
14063685
43082544
12827979
12184326
3514368
16755765
8543673
5157527
21368281
14928277
4176333
33332808
27258750
4083118
3850822
25967517
20691857
8826833
28247772
3669411
29678403
4446507
1183138
5632787
24526676
18382530
24053056
37174444
29563130
11061247
23853915
36454541
2209732
22437
33609414
631396
290202
7347894
5759157
40176702
5904615
8068022
19673948
6509202
13559723
31192647
14360
3748611
27172301
7520975
28053710
2431588
5897533
3301856
4251039
7256264
127001
22163190
2424010
3250040
3198274
5415676
10772968
9787286
418319
23197391
9080223
2618743
520019
9003764
10488310
24813509
2740469
18308876
14457753
1049254
6575162
24140733
13139098
1646250
2804364
23143148
6768762
8887990
23298123
526011
4586151
23372793
2884880
24946310
17883835
16741774
9755169
10420098
322004
161045
542738
4404890
1271481
16412658
1044893
6634286
8146294
14160599
787696
17746957
12433811
1163409
256851
25735586
19944472
19618237
5158409
11907913
1983928
8240801
11385261
4127236
21194242
347818
28025651
30166811
27092587
8754450
39607206
13758823
17275289
13894203
21927388
7741136
6046600
10558175
11558412
21411162
2417730
5698070
22864357
13975146
5037659
965111
16328432
1466391
30209184
22252245
648288
16291486
5081223
2913021
17509880
11393488
24097362
3920000
18513916
3006672
3035385
14040381
6595970
39719351
7471016
12876842
44272
1435066
146707
33423392
3556431
7188343
448549
13997367
2013208
8177520
17442483
19192854
7297791
12437483
4101197
18978681
12438571
10344185
21318805
2410965
1665899
15430446
19315643
21330579
36363678
17399626
14263185
23882301
8806402
14869188
26029788
1869893
15780951
14260374
3596336
97085
437491
6738198
169842
4421069
9155480
20130831
45403653
27669074
2897179
9448068
6610526
25461778
32816383
34729870
23222607
16770795
2437916
2704398
9808943
6492680
19632591
5553866
23474746
3255473
18359027
5013642
9939829
24184504
21574746
9683490
4915426
27875112
35358159
20284832
20285187
33130343
7343433
3026128
10059463
4987383
2496547
12215705
38265826
20848462
467725
1706024
28357525
4622305
3565236
22677005
13702117
23595859
16990674
6420401
3059880
1608645
24076699
17046205
9494240
7258142
4443583
1238747
32194432
14297
9401098
6191794
6255900
23407529
8330770
17338939
19855970
8156493
7738661
17378945
7220198
1898193
1916740
4282009
11937573
12474337
2826771
3292574
57022
17037539
14855786
11453257
36804581
4733975
22403378
1365962
11939524
4963512
1069552
17551140
13437229
3753923
2316723
8711034
13932151
6642112
24552293
12528762
41603625
18917716
318808
4571959
4352735
8031188
25174558
10566358
5609788
35774725
961503
6583040
35790563
31591963
6666145
23895545
23595306
8220624
1545490
6796843
13548900
28371361
24069365
41844222
3523100
6508550
2178635
11434795
7176877
763907
41045943
12516746
40684983
6012491
10909231
16126554
10513834
15549929
1084150
392286
227726
26240563
10392867
26964028
399123
18930904
131634
1790562
2672545
5787389
30917319
11878153
31539589
36070112
352740
25188596
4112601
16510827
3809723
4624627
8769752
9322741
585901
24124461
10094532
695858
1038355
5141263
10383775
812958
37308911
180935
343548
15106499
1889856
5065639
22916528
13251246
2045405
27936733
27785140
17099307
17542870
3295502
14726768
3948484
7621536
1531298
4118271
23844457
10168002
35396927
1186245
4216678
27803178
5808546
1203556
21244085
2542191
18078901
7723043
487288
2865292
35149380
18973323
15934937
8317493
5791433
2409573
16077937
11853497
7711134
7033974
34385499
10419278
21133459
23340924
7914788
7912425
30103675
22561285
9475651
19515138
10331024
15109295
271398
35456722
34319
262934
1677778
4026724
1379021
5507492
15764274
44345366
4176212
11305801
32612016
8250419
6210015
140692
3951358
23385896
5999800
32007132
2116247
9578183
2194122
3596015
7258520
541461
26182696
12840903
13039646
327229
27384169
8878218
32533145
21380796
9437726
11673977
18046239
26790821
1277256
2207301
4397855
829697
18311409
14410623
32790643
4022656
6668707
410327
23436905
34472901
2439395
27155223
4246366
1257244
322099
2399309
5289571
35401870
4149738
2454716
4045511
35337772
1077790
12805169
25622582
9420060
3739184
1166745
11593375
913361
9966763
20547200
11174250
20019013
6084110
2213443
1530630
43524544
25258979
21673561
12860
19096683
26770047
890676
3890390
3730890
2456540
5247264
16123645
159518
11068635
17805089
27158031
11874195
34959973
9056368
8745801
772951
16770021
3601975
13360770
20692061
15417451
3427975
13298297
5078806
26166922
4285383
5406654
35280311
11425970
23892875
4163940
5487761
14751943
310651
2754092
7020798
17071981
169076
3835597
31191391
34237457
42341349
2177774
603689
35184721
5608282
4877519
32889256
25629551
17287471
31511775
10489399
3910370
19489986
24429742
1934367
15854116
8839493
39493012
16323776
7458282
33510244
15508873
31925310
2598563
34316081
6263076
3133095
23064067
4611893
8835212
296237
2981444
1272931
10715092
15177506
10942807
6973496
8376618
11596368
37271
13750102
4850041
16617499
3087277
11580299
35479173
25068024
38042654
7386019
5653560
7810264
12472293
6614419
261556
129753
10930610
2689403
428390
4375624
5853052
4395249
4421386
28295034
12705343
5222084
3296642
6010746
8565052
2861560
3072754
947628
27423389
4618053
9029845
24926200
22078160
11621319
16207875
54431
156424
3475784
5150473
4573540
18192780
26930583
1563737
16602668
11632161
6395999
14507474
3674779
360501
21861468
9536863
11217624
1321552
7332658
27704751
11607170
21521335
20111756
15833644
23109551
14345541
1634608
217776
11209525
22930408
3798547
10670418
6644947
4167933
8583051
9997713
4375337
11645848
31910254
11737067
15985993
18625911
13096167
19101688
4655507
15713018
11152909
7623334
1288100
31179244
35973361
3182439
9867147
2783173
5922632
2728601
15472679
6815903
6988206
13582257
3736065
33521255
25763433
7133253
10103302
9992743
24432661
19108814
34611823
1766089
1489572
2024774
24068560
7519431
18121785
16490740
31803685
5614704
22829087
33437042
127044
3468210
7145312
10013046
18773185
7577672
22896712
14120884
4624701
21191614
875879
3900447
20353676
1776409
21807707
13614384
17324057
1889154
8842600
2676787
6222857
2133875
6977777
11083811
6670937
45483581
2176937
8043355
4497860
3372500
14757625
14829935
24169453
10219424
7816893
9145442
1827087
26086175
24904633
19618418
24394361
14123802
5896514
11898958
19241583
32787675
6475146
17645675
1504583
7417350
2021218
459035
21495680
408218
2438656
37208060
8615658
34607371
1742294
7283356
3737457
11403892
23955389
15418836
9058118
13739120
18839156
17061870
488580
7681964
10127571
3552114
5559450
1498619
17816563
10391134
1509682
15897685
1575982
8331239
26862056
12007813
528928
33030278
4977631
13584955
925680
28209446
3721871
6655685
1123015
22732664
4495808
2941924
3296320
21264914
19145382
4160966
10980379
8249460
4504655
8210799
1322024
18241788
3767156
19033497
19693504
15801537
5208430
26049578
11315861
7123859
3822889
8527711
27240
6642790
23900787
2979008
37105031
26619584
9732059
1046274
12980237
17526079
3163673
15350650
18812988
2775333
16318191
45367379
9598844
4511013
3363487
11216567
10587400
1086235
32927754
2340177
31659668
25263999
17692091
14470270
10845898
5537514
19154242
38416463
99904
18208568
25479625
6336072
5573824
6441227
2333555
16057648
8836082
3722326
6270563
25510864
1952658
12117328
8163852
4345477
520604
26428681
390152
4515933
4282368
3862622
466897
29395258
18888563
7265651
9941606
1243193
27122865
10833167
31797031
26439123
9416288
22157369
19785125
5161647
37462655
31295571
3252408
22325999
33599969
3163353
2966641
164665
16879078
8235388
5772807
868246
11243549
3870754
7742280
5328039
12216988
19919742
2279990
21008168
1548709
24658678
3429668
5021454
239925
2517424
6043645
23487250
1417509
12824801
9228013
24390407
18815253
23230746
7739072
564119
12034644
30169209
6516320
27957886
1834908
4241640
10855739
9711345
7574550
20253010
37088885
6441368
1692754
3915844
5903621
36948648
6097842
40102516
3346948
2035416
234139
13275338
13843091
26974927
17423740
12788592
1781792
5379295
5935716
135700
979842
2434556
29999710
5621131
33150345
10413385
5204776
2360119
9935201
1183469
5255570
16014647
16391491
43375
18196214
28225482
15526017
41814072
18051260
4553851
5976446
12771006
29584981
2889896
8638964
18768580
34552976
2613222
32877
21557739
5026882
155108
16230151
6370133
8142251
11849869
7108941
9682547
21356143
903678
20665794
2757186
3077244
2465871
4370022
25353068
15404774
36464551
10807558
3049428
653461
24918394
3752337
23183273
3844481
3770950
3867085
19488162
16177342
35179219
2058014
23522286
11894449
22316036
17881821
1108306
15245220
6570538
38978287
3712955
42935257
9551239
16666475
766728
3807662
10776866
3042060
16340051
319474
1097425
32585616
32809980
1433679
18705708
603182
10535097
6252757
15576894
32608956
17104541
12434139
5262136
933195
20945274
14146408
14125905
18283450
6306540
357275
15208482
3036860
32990017
728174
12734928
7317959
1316860
36374824
2272772
20007800
5359102
180441
10514648
4708525
10734847
919250
6109737
33939375
11458866
17343206
2232546
14517183
10684895
1590918
504241
35031482
1895464
4736259
2306416
12134096
1975884
538300
13798304
15270170
17961765
21476333
2174229
24575582
8966933
1030928
2011169
8351456
25306766
18469983
26375475
4927722
1020710
792807
8738
8554579
4394098
9363654
906843
128799
5777063
20198079
9783917
825393
19706074
22565871
29031256
4154638
2163630
11154595
2679013
40141175
426941
114604
26279882
27331574
15862294
4196944
12422763
2174750
11688496
4592368
13673385
27329222
596589
24413370
1740353
768401
9885556
23947954
655217
1444222
18620258
1372395
5924325
15473174
15314880
563536
14839259
18141408
2835103
12081245
16815599
187981
81979
27514072
8288952
1193701
30553525
2552849
6429631
8873723
11035393
3005225
20701236
4398538
14298034
21277795
5908412
489166
15145726
17472250
4187716
23936656
14134927
11885341
2603557
1817304
39381518
7385760
4477498
9250139
7700322
13796782
3744518
9977645
411958
3918636
7771809
27746503
10575645
16667636
3718750
4953511
34838290
18009797
2385703
32098032
8500328
927043
10165147
7309787
19377930
30347901
4023433
24432899
31692395
281765
171232
40971415
23249762
5423454
5851194
11013667
38247471
2360175
10038339
3586143
19070119
22114572
2713642
3510708
423125
1052126
10255271
7218790
6016487
7589197
15150134
41552721
9829583
20474585
3550390
566584
10531196
6298737
514667
194488
2110714
5433503
5793558
2635628
2389037
21720303
3076801
12312363
4454953
12601244
4092021
7242857
404249
29892181
84601
11707801
70391
8013621
5262106
2170368
1309033
25658006
932249
15529216
20261132
460718
1970102
7153832
9539655
2131060
5800213
1264175
9608380
1766397
8288494
20225523
17396816
22915791
12780764
4450647
4644106
2455467
13580310
63681
8364050
1801488
19992620
1656242
28407808
369079
4866942
25159981
11342901
15119935
17765635
13709600
20545246
9626425
21677814
13419678
2054138
11126319
30693313
411031
3876579
33550451
9628550
13337071
2622600
8969914
2342767
22836952
3093842
5384710
6696393
3415682
13694314
1213561
4287088
13307988
19635091
1722373
24202841
13280056
1714356
5696052
1933461
7849713
385943
22172363
19419279
34305581
5835677
21729574
5736695
4020355
2310453
2005448
474046
14485944
90414
3786458
8355760
10389080
36581500
23219136
9217879
1972372
4696556
17641580
5284258
28421625
8660928
6502906
11615407
11289593
24330699
4131453
10035733
2165886
10983212
6559483
1243902
24207765
17356252
6010731
1318542
34230560
3064778
23558828
13297284
15795318
11727841
28156903
1911123
10351259
19298189
44317013
8688534
1261415
3381642
7222381
7233636
35943930
11538645
14601617
13881639
12838944
125881
8602051
16262809
10594104
10636356
4047075
12505335
4944701
7678212
2580476
6395932
8540640
491836
32081464
10100535
3106833
14362930
661963
7132134
7764648
27521358
1709896
14713474
2967470
10038957
9196707
593371
9586881
13920929
14888806
13866382
42239389
1850378
17315639
25647873
38965660
143971
7958993
5210561
8559527
4775659
23113180
3458347
5422190
763817
21170873
2327804
6052079
7369081
23936800
17220887
393102
4307487
19320227
5637053
17804098
21196953
10993573
20473183
36151185
27979062
1107572
816592
3471683
9316983
7447894
1854653
9920546
9470094
28238658
33404359
976703
13821479
21385614
11410670
467986
9681549
3829909
11789363
7544905
6271758
4302
24455861
13787478
4893388
3237198
6049326
12742070
35716177
23328149
19524096
948773
22172783
1098318
9742190
16400203
26759111
10004614
20249960
28558944
39273542
20772151
1304838
10232549
40421
31748138
3947150
11883139
2286318
11428015
431798
6426027
5626751
23429505
16139376
29628470
2702241
2899374
4238627
25194386
412397
17759044
10669983
2306903
9093206
20457853
1221980
14809336
8341553
16977107
7682938
5729961
7842098
13120696
16939899
15259873
5223231
2902209
13190802
21152863
380747
10116354
13426829
1476384
16239081
22795458
22568444
4894321
12286454
1936819
24791097
4708014
1738022
1302756
4623315
17844937
23955769
25460306
9964155
8261212
24264601
33462846
7015089
1950824
11762861
854405
5162065
651747
24446927
9655329
7762366
1311077
256867
12735850
30733001
25313515
40491158
731396
8101992
5542750
8275943
11422868
1266116
160356
340297
29436440
6752033
1209264
12116285
10524053
18777418
561
6424565
26631766
9064008
16820806
10462416
24371380
8885046
10381137
5639091
6608440
19274968
10015820
23470693
32235538
21412262
3122664
2482296
9273164
7890667
502917
8037012
11553914
225780
22360171
2542637
2812251
19785369
8865488
257461
1548825
21519085
21487249
17075849
3544711
9175027
11502638
1720556
2786086
14673396
9951325
15415667
7468760
2562311
675975
4638683
389455
7397183
15099107
9461276
1221937
14319364
6278971
28822642
1249212
21547886
7510088
7847882
2291213
15003572
31539808
783296
15735224
950801
34750854
2176317
13842684
34413
5252802
8537388
34519900
2028080
28066519
20159987
13504668
22118985
18219929
31163684
10779521
17600609
16098553
24090924
1274852
6154575
5018436
62104
1281497
1114086
33534616
4024055
25609821
1796474
15575106
19433004
2047674
1609067
34083214
9215866
8405160
19451278
27288815
1262537
7522218
4672225
7635477
10018349
31666756
7972570
7539150
5021239
1285024
32486720
17104098
14972920
21392276
6088950
2956068
28165700
10837684
14707336
7722677
2372104
1159813
9981761
3873890
5468812
5146767
35903276
1948654
6460090
6203859
28860954
4071965
15922522
36114844
27256892
12208489
25022978
121202
20649992
10597252
17753763
8298748
5865042
17796219
21742457
7328477
25666452
197645
16691901
33121515
11495
5766538
4214405
1686017
5383273
2915669
19792545
822577
23879607
9453636
5949201
10822811
20981141
2786108
13213391
6407221
3623117
2880125
15163960
3632893
4954080
7419792
4680058
3146926
26837525
274212
7840939
12579535
27225481
17612300
14990540
10318721
7317071
8409397
12038946
1955784
15124191
1260246
27163780
753301
15900500
325109
1460377
10665161
1226745
4513
986909
435431
8037185
21178480
19354013
36619854
28240272
36308713
9427039
10079687
10131641
8695626
6268065
13828843
726022
15951347
21163462
5440494
15366440
16827018
16934927
3443766
8098105
29217375
2979963
13744988
6513904
22330406
24114303
10960129
8680256
28826776
19585378
18987897
5173281
7087896
15497
11695790
23937149
14891852
12108260
6062063
19467326
10923600
10841547
7059482
2800978
7180271
11455826
1665492
12080130
7245388
4938384
7976545
9569067
4901138
4249291
15046103
2022148
84592
1188302
7986424
3129
209899
4994245
2598026
427361
26938270
14874639
3104046
9537306
13531291
11382722
25221328
1131029
1893224
32121113
760887
3691105
4098222
1315820
26455673
33367185
33931869
18794362
15971715
1280253
4665719
940130
12259769
12481745
6488532
15533805
17686869
440441
5887126
16164487
3368702
6050846
223224
10956762
9511882
370212
23511953
21125901
15092500
6683344
11561246
60669
2943527
25799556
25541102
2282121
33192868
23928026
7691409
15620449
30902283
14016076
13560790
2386774
4287263
1629767
14041591
13168419
17513931
28894704
1798030
267666
357840
513540
32376588
3943154
10552620
29172431
7587648
718116
837797
11332954
23091973
1064277
24162356
5361295
13891299
38197560
3209927
1743333
3927899
26123676
8123071
24287898
85508
12866646
32471640
30508299
23964396
496884
14381982
27446519
8153317
22576136
7253542
24373736
20648626
18130088
1772126
1757512
3100291
1950847
6135557
25507026
5428910
4651713
25501757
3751431
20627753
174478
17291413
21313550
7200024
20471772
33089238
7597445
1973545
1141441
12553691
2557072
10521773
29198779
1682584
26168024
3494591
7800064
35559010
12203299
313437
5822993
7380481
8944446
5980660
29732977
4859388
16425954
31879529
6587256
16407278
1326619
39094207
5113727
11130904
13867538
14305334
4048456
410307
23874542
399445
13869505
41296962
1249877
5070030
21121942
8137908
32138849
4654613
29055887
10717231
14157970
576552
35100379
20435470
38521169
454784
7362093
14413212
738235
557484
8274022
1378172
10875511
2009938
30922991
35491928
18623300
14213702
2660752
2912075
4725034
661959
4667509
983932
24050812
26507904
1385393
615422
21941450
14443036
30216712
16003717
15766529
1265101
7342298
18872707
23881784
8037520
10213259
23223663
17014820
7711162
1001518
4806584
694522
5568595
8711192
19718598
14567973
9239967
21098320
118792
28553793
3767674
2707033
682233
5209009
13354181
6137849
15669194
15953583
22630523
30773
13631704
1829600
9485935
4275380
12971596
1620110
24405898
17208342
20862234
34887880
5258336
18630465
14942025
58418
16336745
31328602
9846558
18817152
29771950
27567871
7142680
2578205
11283735
17550479
21903059
7669401
11544883
28992622
28372701
22722370
20772083
135680
2602300
28134778
2608661
2631764
9553201
66120
6810803
13556293
4599344
7984890
19049830
7737881
1731756
20602255
612331
16561305
9977510
5643601
33647729
9136673
1207582
16763487
27196509
8239311
15554472
1271695
859770
6204646
4083129
17050864
2576683
11191394
2928371
4482597
120141
6182252
33655963
5668085
8717878
14745458
21956630
24858098
6234135
26208495
4127985
7608216
3528672
15624564
7642986
6509413
4473643
19594367
6346920
9235838
1185500
25802833
11131666
22069456
5501647
8213943
12443351
4307407
21161487
2182990
1948584
1325348
5121488
5214393
1438391
1221112
8180038
2768017
10640097
16481157
12016040
7402621
15157419
8721484
13635522
30827081
7232978
15062616
36186994
9231358
30394905
5783192
16217388
8715770
11054522
983769
27806825
1967975
1336866
21527547
30548609
1023982
19447324
3721943
7983442
2528306
8840978
12871360
16736416
5705095
34675600
1902479
17247370
20946436
12849009
4744240
3664457
29206385
26116453
15885988
35926209
9196323
18581703
3363662
13909769
4189791
14359081
5195523
17167579
37299445
2691205
35561359
12174243
450462
6699716
4369706
529409
19231516
3368368
9656410
19055178
2111929
7676327
6320624
21436856
4813029
25104108
27154271
34081970
28474645
10624439
30967041
20361032
3635138
7417221
482837
743983
11531940
2287392
2887591
19722477
5971709
14842964
18173191
3149776
27300716
13736214
16696224
17445774
8937118
15045677
7210683
28518539
1447299
3443020
2661348
8242176
2401374
5263760
11794249
11695608
13292532
6571467
2214697
35570522
18362464
7188472
657237
8966536
1280854
1789206
309458
22721899
21420704
12268774
2894823
312425
8146858
6102720
7415292
21125789
934123
21130300
15377119
6061061
16068951
9266826
28900217
22010711
18461813
7141413
21108535
12616292
6733989
4883857
11892790
8265396
15268241
26161085
1094249
20272086
4187496
29027795
7907238
241640
9714793
1602558
8809865
20714484
16880822
6058341
15691651
6269155
29838699
37907384
3047460
37170889
11120672
7221345
16129964
17052699
20944935
3187116
21357278
19182525
17820019
8243846
13317441
12316712
32769978
14668808
12202353
356679
12680562
18060691
2710640
4634393
4700526
27334857
9066055
11370858
34605414
4859778
1558057
19354241
10329535
989542
9551989
27501828
23424626
2729135
3236167
7785492
15005497
17655374
21815755
9422744
31787699
3295103
27629186
9738916
26995791
10169414
1845348
200314
11184199
42736527
8742429
89336
561680
1413284
15210548
19844715
28480384
8393520
27182013
6474266
18575564
15680786
16728166
11306894
7549704
8212224
11091087
8924046
13526154
246646
11174658
2175870
31445453
11598945
6564158
21146901
2189898
2405493
4748410
23380221
40597863
6963132
13318443
32305855
18171167
5516625
8493554
8993539
19992123
8084925
1722110
2598657
8927310
30636480
2736448
12493014
8001287
1707689
8826588
14988241
12212350
24976647
6585241
423337
8115698
21190779
5145490
23192322
720193
2769902
7897908
21984321
6465427
9240395
11490655
24549650
10114774
1245623
230566
14303632
734581
21119006
16922910
12152411
9009316
13682211
3878705
22281355
5497502
11611088
42970507
34144686
6488280
1125565
36165796
37794566
35149318
2659929
12518472
3115256
6066172
15228665
372886
18863260
24470544
15455081
12031917
45858480
5429368
25369332
4968426
6841947
10868547
2294697
2412012
20847796
16024684
4546497
8265776
3912623
13391289
6329531
7698732
24284636
31297190
9130997
8282543
3321954
8014564
27811667
1930537
27160539
24137473
12823432
18596325
984977
8406674
8887913
1463808
15450911
29912174
40465634
31293993
20897676
40588687
894130
23872664
10385890
296620
19453465
5285381
9761040
8925806
12922106
4006475
22577730
11589903
6514222
4955154
9378229
4334481
29150602
6267700
37400770
16382845
11082749
30677658
16418627
3528069
598425
17087650
23844401
44544420
2380496
3852788
36180183
12412400
18737999
1027698
12293489
4199599
21573551
4018865
21107740
2184579
16845733
18844148
18097324
21840871
27564035
22167877
8621470
21970697
9464646
2685
23113280
22706192
23596099
350595
5827122
718009
5562743
28399973
11774827
23047495
6027259
26805250
4469936
7879887
177613
551441
7102446
8167968
17755048
18313922
3163021
19207325
11273609
1203076
2299268
3320580
5327247
10560810
18010293
4805330
19502196
7775556
29436802
6255560
20214902
560109
11371139
7787304
9150413
3312305
17061107
15516508
13832170
7690236
6117367
11044048
926329
6581500
25110599
6784646
2468923
20139889
8771732
17078031
9278472
56643
10954660
2494604
6326553
21611297
39172033
2728957
21491744
21124886
10980188
9433837
4348630
14502330
1518465
37138547
1206030
2403729
15257788
28020942
23220981
3241929
2607913
18656474
22764933
24978258
2406943
3190392
26971697
6626631
15345886
4823287
18297516
1718308
1062746
30443282
18344245
20468093
22550693
5820809
30159104
826717
8873072
33372858
31036361
396323
3444893
12372623
8361822
28645794
11887241
2980784
20484216
22100554
11973486
28007138
4864742
11449831
5239184
6489824
3638348
13555766
1103637
44228
1299638
4782866
24215996
1180690
9747353
29444110
7634026
14835008
17671880
10603748
3426659
307408
5985593
9727061
7351663
18057019
21572534
5520866
12906460
14381702
3216803
238852
6146662
11145770
1336753
8242613
10349820
7629850
1873652
9861362
20922271
15657546
29595260
5860408
617245
14340929
32252171
16220102
4385313
29460261
11610688
4821127
11533367
663265
155198
9402640
34620609
3884588
2064004
32964760
8053920
2839368
29502264
14449098
3807821
4918780
12374397
14761884
11837741
1524767
8751115
30244919
13256242
24534053
14151266
16677427
178333
6966469
4458142
8383534
3029170
29671960
4348994
8513435
5256939
16040885
593455
32290300
42386420
34753657
36365305
343682
30341871
14468416
5904555
10839681
31689330
12663197
1589347
11812550
8265571
9037599
3844739
20094701
230370
27889461
39161142
26669998
1382473
14947533
21727559
4013904
949107
5427785
42599
10006930
7132603
17363978
22338249
19431442
15505810
19688663
5907650
953122
6444585
3600749
873761
12709171
17833616
9174131
2312078
25595458
6564555
852762
31360445
2868115
2692392
8034064
10218046
2205141
10056000
4627049
11755958
8653414
18473307
1376901
8794177
10511477
5676917
10372664
13135829
7379347
6778062
37749
618099
33227968
10913506
8734739
25613259
11265110
6245432
17766854
3471617
7625397
840827
12960627
2848730
951280
7720582
12370124
18091348
1680786
10269622
12180427
6562922
11779095
292907
9421698
31671548
10119519
331590
2385672
6730178
1731178
20838760
43929741
2447487
27459206
8778056
9839433
8995747
16269144
34041166
7702112
891827
2632045
26895122
1265577
1759700
42137781
1870672
18448932
633889
11798861
10814321
11653858
9878093
15041819
1381959
28855105
22129527
8002918
11035940
32676328
146027
18742373
32914526
24370479
41255340
6494633
5507004
26122952
1036449
34099740
12410190
19334668
2922342
23669353
6733602
26337134
2763722
17163205
16574192
34963750
10878287
2352120
889237
15234801
4481198
2991141
17761278
268329
9505589
1196119
5860050
16100602
8395054
40492429
20702611
4110630
9462879
17405972
2639541
14860750
3300237
8331127
3964825
618512
20900818
40503605
1014955
4972411
9977435
25293344
23991458
4914676
4736686
5484566
5503973
9440992
5995379
24579324
13547357
3479671
1699365
5336713
23118560
140848
16568820
9155581
2836963
7642627
883086
16541573
17590677
9335140
2234237
12466
4619124
43250600
2030345
30083943
33378866
30415685
3857348
12103443
27504953
3344587
27328
22003224
9482323
7500341
4634734
24782990
8960651
1790504
12992346
6780962
7860186
21037676
9297216
44540902
16217412
6282456
15161354
4440536
5905690
2509943
6050121
159344
24110153
32340489
1446150
1141009
2084481
910082
3150577
6524741
4921801
25843137
3403799
1337184
23621509
2646595
1490530
39005291
10859167
23689847
10768152
3491449
19530992
13090230
11889964
2327161
9065154
3352166
25546949
23259504
21550697
12600379
16991325
1624697
5124470
3055497
2351854
27943906
10733830
9304223
19227298
5316520
1439370
17904872
3595531
29860101
4216079
5533121
8294730
30717667
28314226
10314919
24219309
21303059
34631015
3907043
37114356
54939
15675461
9542356
978089
2165731
11771385
35929082
13528659
1642894
3996890
9428246
32373632
11849239
29899132
8645033
6072036
29418434
8492775
32350414
2186960
9539846
25006114
7771674
726842
1938376
20638489
2770932
20568839
3831874
20468937
4757127
717105
18088473
6225459
28678274
4761946
19154905
3678004
2175161
21596718
372074
13075693
9754705
8827399
2485089
21368438
1462852
27047556
15835113
7855758
479789
19414175
12154697
2891106
8601329
31481403
8577693
1387668
4627265
22157865
4259647
950430
21720921
5219560
315691
4303468
16295912
34975069
33267912
2164280
7600284
14210383
7937510
5936227
21632702
4283118
18678826
3909490
8999191
21064386
10156462
32034145
3959855
31475662
6437954
992763
9465417
191835
186143
12713948
13294676
7900520
417791
10499232
10784733
19883414
25663682
271825
8104953
3485015
23625359
1216812
11878196
4392796
2751927
14414396
38534415
11405136
14827640
645482
16419294
2568916
28449888
11210332
7853840
25029791
21816002
8409719
14357587
25440917
7994076
7337590
9476834
11133112
6659553
22819067
5377832
32545513
8818841
245029
24523177
5613008
13960112
3914151
3277427
879565
594402
14419204
250748
875971
1235421
2568049
24044954
9000783
3348254
1008991
20058580
27112203
7576672
17708680
17002344
13495139
5212943
1493206
9488703
165665
16068783
9073671
29139405
9163430
13252034
1889371
20233309
7307668
225383
4387696
8735085
9824634
4033544
5241052
10658081
3542095
3591382
997688
3395155
21164127
2469481
2051543
31569721
8234947
25696970
2970566
7419
547050
6426003
2091992
10344889
15699798
45882887
1536507
8110302
1595284
12472687
3870185
20114408
3338554
1284955
1179354
33086663
1050782
225186
6206903
3310594
1552841
11662575
3282240
1969974
436408
36724586
28106502
11784713
24571266
6702086
20635314
31684143
9601548
1578389
1099752
11183127
24740104
3511156
2614959
2073936
8368671
729506
9163075
1278700
15827982
14927603
873202
20721491
3676750
23318781
6472256
2194832
4228822
4996219
33884813
26328639
6940873
12442556
1169867
1522814
5143391
903595
166741
13389652
11507058
24236817
332672
32289645
33214341
24129770
18605467
14223308
2333748
13889699
6883831
190212
1631963
9819242
12891109
2568042
3877152
24503032
1473207
1839560
3993798
25636210
952061
25254367
29829237
10138049
7572422
21545936
4257887
3025718
8985974
12898680
32888320
7102357
1295049
2573051
14540678
1515196
950950
4555829
17490504
972568
2167472
26984342
41518322
5436200
9859589
9764
524447
10651384
7861273
9314202
8008428
8436127
43206183
25541605
984213
18452941
2662998
6287338
3243745
25512688
5030614
2476327
867413
8391288
10425855
6529686
10386221
18779697
213202
6716718
13115503
19982431
10302353
14447865
12268364
1397234
14256164
7374707
9330707
13053407
39194142
27903131
6599430
28807700
11585923
5173
1977639
3746144
16687268
6635757
24051564
176531
5001702
703394
12353701
20664
41122792
15648385
12235349
2398222
45276183
10120079
7317992
13824131
5198489
4124076
26698590
18666170
16272652
27076489
12201448
4145083
5735842
10461526
13393281
1806847
3538787
2516310
18939091
16390262
13367427
488012
23819260
13130343
35586786
19525315
9392708
27182963
233630
10184782
5928369
18239549
8996490
19028696
12993408
1492645
17449997
2355551
4890891
22355118
20809352
18102683
12977005
8785919
34883768
8390226
3558131
5919722
691839
6821186
7291764
352634
5418316
6453261
818947
23546876
6612451
5658489
1761796
667990
8386918
41412273
16652906
37544386
3694702
20702725
1398674
15842480
11059749
25713100
14849074
28962316
11097388
8616127
22903062
24168480
9785371
1750144
13723038
1933794
3108641
589382
6860592
17297710
10390430
4183373
5351437
33571556
16873777
5281880
21611445
35380044
9113979
18196830
566485
9721851
17390989
4064433
37891068
558603
3294738
305507
29983377
9757049
4782232
16608945
4728957
954745
26719313
19516132
19174067
19622769
28415947
8020370
22060525
41674038
4691519
3462479
8052979
26833119
1865838
15531470
18979669
1837885
5856787
8902307
18003868
10791324
3610500
21066082
4558379
17650165
200059
7320220
200757
5933728
154593
41243979
4022706
1980179
12026825
20875782
4415207
2859551
11019609
245172
2217869
183857
6011868
2640261
4964309
17684616
37866283
1145860
4882709
7823546
4048265
8798713
18616025
13715779
15684895
7987035
23151762
78356
5439599
278915
2060436
7913550
28606300
4834954
758365
14166051
22275918
12643372
6735739
18321638
4127558
906002
10744177
5808857
23079574
5114024
18045186
13999744
5825576
11602422
2598824
12269350
20283742
24319425
10779632
7550087
10641175
6883554
930528
23923447
9314988
298455
7160012
714169
31334479
2201839
18025547
4103937
2155056
12189594
14705858
17763968
21937799
2844387
8647351
6436185
34782884
3825116
3637415
12654073
825321
1605812
5750483
26468275
4286602
28178850
35015720
7718025
40561088
18222229
5484926
18052064
7864425
8524408
3314423
13823617
2639530
609602
14047778
15494966
22180775
65108
20855135
4151218
10895119
631135
12098382
32369388
5764228
26727545
11554714
3623755
4549860
28053098
133202
4872924
30504822
37111214
3593615
17825432
3564107
26249302
552937
1279737
37542325
29877439
11792152
5618461
212855
25943827
34750698
3659704
4964383
12898636
2816576
1825837
797124
11986445
2351526
31664878
9632403
6056316
12130487
17606599
6418133
8358857
36577957
19274013
3594892
6821616
10326199
1716235
19632563
9888099
6889822
2613555
9627405
12560753
1592309
19866070
2722870
38375681
28128691
4375603
7927263
1585631
45754104
4399234
31582432
2175272
3905506
11540442
7516975
7441821
18063706
24450717
30898399
18000981
25598805
30235875
13999744
4484640
31254343
75873
24053959
5355540
31807969
3958575
6518022
27436077
6681760
5541919
30069340
12879467
19047984
143249
851824
40328033
19872967
1377870
10197053
18403235
3546218
579416
3194571
19385397
93632
3798817
7504462
33060070
270782
6952888
28264305
29441671
5802821
8338668
7466197
4735767
7697167
12246671
5683989
6717252
5404579
33637573
26573587
10227324
29091484
4594802
14294351
160288
3228372
135569
23433217
21639609
8695812
26775214
489689
21436334
17127022
24675425
7090344
25229602
11290519
3967393
1416197
3633296
55526
13419489
32029512
4229149
1640637
35914188
18969735
11984001
7808451
4876088
21453853
159868
25488223
8928669
14170316
20885102
24004823
6190716
25753171
595530
11292962
16938779
29277371
4265640
9984857
7473216
38217862
3563137
7847272
705694
8245291
37263016
39223239
28787146
13931309
33414849
1162508
27890125
4958887
421731
4056130
14292766
1875196
8800555
5087076
23819836
31558239
22467217
8282085
5703742
21691920
5379986
25135370
11932778
1219765
24277200
4703321
20240643
4800565
1889666
17980972
7197438
8735166
13723931
11972640
23410643
7599943
18068259
13127437
6609093
4084478
17854844
2718413
10561778
15790165
16002405
4801242
26225073
15850012
1518593
11819170
36703566
1806179
23917400
3829610
41910229
19122875
27555380
2055262
3394196
1359637
14721963
29592999
4310962
642612
12529372
27081276
14016189
2494991
1291489
15489898
3804000
4468663
13661608
19526724
181695
7290109
31661437
5007269
25684011
8660427
891999
36413757
746133
32146579
1120195
9855413
33601846
13277101
88656
17605463
6654082
37587924
30934684
7636669
12763706
3390343
16092674
5903522
10345647
22232387
6869246
10726829
72148
1238712
3762832
24776199
8187873
4083843
31879131
1922125
7818184
103630
15969049
4774609
12856159
1328987
14741136
1060672
3975747
39365735
12602240
12539311
15199987
5426951
5971104
9153723
13643731
23754628
11448316
1102910
17185008
861032
7402468
7370547
4503089
16871508
7294773
18622670
16487989
11272766
344656
1800036
12882602
15421516
28756844
12164381
17936514
903632
16284581
9803381
1203342
19494810
10622970
4545975
16018763
38347097
19673421
17876301
8811152
8569590
3003425
239046
2247326
23715310
6177010
7781260
4141205
7046615
9870469
4030836
7897281
6348333
52745
1203308
1142113
1214723
3241198
17461246
6143699
9973243
10245890
14065722
570225
15071843
8046848
11199448
2458149
36723922
6143858
6726901
2295838
21368185
13658267
1813690
2817454
12854981
37336311
19214695
8217487
911695
14552226
1791493
21760897
20548690
21537592
1787595
704892
7873984
1597767
12514305
14730660
8374479
21009285
3184292
19078632
4852296
7558797
2425712
15323208
10146866
5813651
8686514
16671089
4863858
30293881
17242263
18336984
13557822
3235226
1177655
15433898
2650046
18272085
1103511
7281223
14699385
34116026
36006880
22761782
1410157
28431205
4952710
13586267
157174
7974576
21182594
12658566
32078303
2070535
40755089
5583177
40674726
24497747
1541377
925726
5598154
28249836
7597921
1143281
17510413
3997084
4747452
10445808
30709813
152201
3233020
3935092
8727501
10511821
105718
35459063
6709594
6751312
969407
2806709
32986638
6391978
366579
55770
12930966
3285633
5756789
3809685
14506597
38572298
4985433
24583693
7937338
30517830
28393977
3106986
6875315
1158055
4683274
3572958
13812028
33575584
16928411
15611508
869614
9475097
18198973
36943867
3012082
1168450
16652029
2607106
26501021
24560765
1739520
11469070
1306794
5469578
1360910
3682250
25223785
6530834
1189687
21428131
2957448
3663171
20203331
6549490
6177130
2162760
15750432
28206163
5820353
14419606
8736221
4428513
151246
1190454
1601543
25130304
347796
1458654
8633622
41382856
6732481
28291130
29706783
29934418
12836967
1525763
25759794
12064991
9285059
7948645
8396422
32786384
3903274
6220040
14048119
3820413
12069441
3551601
256293
4506811
19892457
3392218
31978503
14489179
2930167
321859
7764377
4274613
9510864
11418464
13783302
17658037
12080007
18616711
19174178
12688533
9287851
26618888
4313035
5443481
6381728
37699139
2281520
33838697
3235311
4362594
237164
30249937
11946331
22233038
1061201
26512913
21016265
28342830
40069722
3895396
7690018
15520627
33211277
6543975
34549321
26272740
32012909
3710024
2550909
32540469
7907208
1274955
7058639
32814198
4859004
27176607
17905073
2020295
6300875
13877064
733496
8001051
4776057
10498690
26428254
136339
12310998
17690324
225012
40903573
33512907
5348330
2829775
286
6743579
74894
17479743
21091194
929928
1158778
17574072
26278735
3225993
5715611
7107609
25327942
3979219
19501018
1799701
318523
300259
3583377
6170331
2318865
39844475
1478612
6927438
12785780
14526627
8454206
17086061
11571140
723701
11252024
4244641
9023709
21409781
22679724
5747152
18656413
22324
1522763
10856527
30357327
17274830
17791129
3158150
24159695
22829143
90731
12014678
961302
7875825
6736494
15024564
26028131
10342342
4325876
1382424
10096761
3922579
2888758
5897606
17957579
43352189
21669987
14188401
1794301
5417660
14073528
235380
13810956
16987225
9597481
5253185
20377803
5112207
18723872
8771834
19677934
44655764
35914232
12372039
3741336
5926662
2933528
5451505
4023073
13265700
8175750
7328266
4978909
28324354
1392737
24211062
27672760
8868226
22508772
15717149
13533738
4844582
12580157
19804077
36814357
32786543
27718912
14156577
17021059
11560720
5964000
15755417
3151644
769375
440200
19105890
10122142
24228874
13379665
2332261
473925
195979
3568364
30056967
8848381
4467097
36328108
38894681
4367366
16059403
12060805
23559713
11143754
13688052
20802631
452849
2455151
29346669
17912974
5370792
33596084
6941096
8759872
22622985
1356589
4699837
2368297
13059377
12923935
11762
33518670
1309473
10776632
1617408
6442084
6632884
8977774
5983491
7875197
13347293
9908936
5159928
3439703
45679262
31756356
3487955
30179176
22553165
5955051
25332611
3308121
3596799
32039355
24345814
41702189
31458161
15832514
24082529
15137981
30625319
2343394
5885132
9807150
802794
16805044
9717752
9174424
450326
10075841
6893947
5298151
20540570
709379
8993767
174741
2991610
5207428
29979938
3861366
30507995
34434117
5900209
9091583
4535193
24547470
2776142
446438
13542253
16770905
16003277
32844812
17074129
6784330
3092237
26152323
14292234
31558764
174416
761268
943183
8435906
12799160
3578534
31218888
6436028
2928528
854044
10904979
16249676
115307
13548927
19410545
23999409
5965326
13390981
5925329
619604
21138104
5444572
3760886
8203619
851681
21069462
42185010
8547246
7065033
9469236
5084476
31652955
17557072
1588261
992051
33711838
12681943
39460843
295623
5981469
8744930
6406768
15848520
627094
12332243
5310806
19072798
8736128
1938174
4998729
28693030
265689
24481890
1013895
9895732
7504288
2058519
6572821
18861080
18695393
20653906
11741360
7152322
19690494
2845033
1180921
8402049
30239509
23433796
10457658
7378430
5352561
8925750
5941734
12490380
982117
642960
7472428
14763244
15555017
30062597
14086723
12084426
15757154
17523501
14801062
17358724
12510415
1521293
907603
15978241
14066562
5909648
20869081
1588066
23797902
2844590
21998
14724185
19782260
1156858
30909880
1652693
28370114
5890923
1834038
26972368
5513122
480210
14232824
2638254
4988967
9480722
4766509
4256906
1512097
2759629
7356345
12792262
12311611
1486668
2680148
22374519
917631
18212431
10167204
11137225
35802451
22186310
997134
8712167
22364600
24156954
9052126
9093096
3728852
13522912
22006859
22650851
4360861
630966
21430206
3217618
6643725
2818907
7827976
22883013
15773513
3477312
9921108
782893
461903
1640862
8084887
27863585
1805217
13815322
26164638
10887631
29883676
15931489
3047401
18543617
35079437
12359354
45742601
31125
6694857
26043993
2997193
3587427
515952
9431798
16860757
27223924
9599911
25360538
2413593
20812806
26526764
27094822
3758300
170761
2780805
17650103
1796638
587110
1430134
5030349
16073288
20446496
7591101
7522629
8419947
14297050
8692160
222199
3881766
8913257
4326706
23009093
30187165
7955270
22973726
14753409
3446159
7446578
2946847
4040694
14303168
10954363
2627250
27432561
5089795
674395
14711128
2747102
30976565
3342063
18203237
14277761
11872274
15247509
32412575
3112147
30526710
32022946
23040762
2514572
6937961
7588722
7584624
14041468
10580933
15514412
11582040
245323
5134795
6122153
33266597
1407842
29565079
10233379
15536917
13942710
7872098
29328965
20014477
27253385
8214825
16304896
35368950
27380240
2083201
13698354
729210
5390322
19276012
25952185
47051
6102095
7297383
13989637
3318548
13626836
12503610
5088786
33294737
7809322
674421
2104210
5570930
3196759
17400109
26780044
12042665
9137967
17553623
558114
3279978
26195606
19331882
21700211
2521428
8965193
4617325
13521558
433213
3955010
8454500
37218337
13229475
29487331
1567451
3715025
19120661
7320704
8594289
19988111
34377292
12705237
15848632
11385625
3106450
20886561
12538918
16019719
5988907
1484920
25946794
12988934
21049443
29483172
41678
7062436
12634549
1473951
1285852
2083149
19562756
25971721
9075002
25882438
4786108
3380329
19715264
3781699
9165623
1506693
10363260
20197699
25229147
3291529
16456644
10832435
1542849
3230136
6520224
497422
15398642
6659988
6599316
3778223
8888702
10995438
597063
10989574
20284240
17465329
7733182
16241898
4450920
1018252
10656029
13710765
731215
13529309
3404209
8514765
1667016
289874
125576
2911002
8351929
6899476
24159553
2187638
10930132
6370231
17755118
5420172
20574660
12308933
7743907
7678544
737424
15770367
15644880
12366691
2490610
7679694
1372306
587665
1626597
676825
16648861
331414
28178472
18099723
27366634
5068839
6091533
24791064
15575524
10189967
4130312
20384851
5406242
25665197
18632074
27548515
1043059
27191209
28732151
5358092
12240367
1260272
23827252
37390327
24802528
8206024
2721057
1403835
5364296
9979045
10589671
617016
8247084
141329
13602541
34154259
28758944
20189996
16371907
6867251
2010217
5092399
4962127
5861564
7180461
33525359
6768028
1450846
6473594
10587174
5452513
17863785
28322607
7852757
1500217
11376864
28188448
17705
29508134
9752139
4658025
1510357
33556803
10027425
1341337
994565
8594447
3416630
6426215
2641424
19601216
21441048
9344195
10608669
40318317
19739415
6926713
8500787
12751974
9120100
71003
26291874
7024663
4128411
3699071
3100869
32985377
19750492
8591045
4037833
118078
1470081
7643847
1655223
13330516
7230766
7810946
5652549
18493686
25792085
1444714
2947177
32279958
7369070
1168478
1860002
10293338
2532596
16902127
34105076
2867766
4544006
1519696
5890901
626713
5038624
2303324
138525
897937
4550389
20455140
3976376
19464275
20347177
10986819
6357524
5613407
7444762
4022388
5686000
2873823
9026825
1673943
3570012
1633576
12343140
17547671
3911175
25579650
35427731
23003972
15277289
3411272
25061769
3257024
11304959
12680451
13002621
417047
9545447
38413734
3709148
11482342
4162432
11030577
10287305
5765
13002177
5177937
1384805
5071350
12968790
8550047
11382328
3698729
1954764
7763723
11447839
10978376
17773570
35852926
3338467
1680280
29251572
17146078
7659548
5816312
16424397
5728034
28649142
10906905
4149981
53071
5972269
24699429
1157401
15150791
9967509
5805427
21299182
6290793
5972420
2147217
2758079
38030136
35944001
24912019
3942928
8356263
12417588
9922369
3012757
1087586
18886282
5305969
1417285
16154656
24755101
8489642
14914520
740558
841703
10963607
12604871
630904
15831680
745442
19769579
10821341
27258687
265173
3907319
2039816
13969846
3775163
34955140
3355992
2298956
845923
4221428
3271830
17120882
14392569
27563877
30319441
319309
958923
2422835
33000029
15466158
41972
11807844
678902
330837
2473154
26688311
11240988
3636837
2128379
2442352
17092752
8913973
36942683
11997320
371633
15229958
28664270
7683101
4424950
15636036
2163509
12855958
26956688
4369190
22261494
11735538
8521043
1653894
18232929
15279870
4569493
13041751
2713161
1124164
10328251
19353020
11317843
6777760
9406061
20476471
23033416
546479
4832803
23064969
2712950
7603778
2291227
9133460
207407
7947191
23366948
1880487
12894171
4703386
1935009
22895194
11595238
25885777
4735569
21031039
1175828
30579967
2576041
1405801
11004042
13880935
18459412
459566
19455185
20219102
15884907
4957441
5366422
2198904
434269
2185348
4845496
15149229
1635295
2180166
9105590
20130346
18471512
30480
7407546
22368612
32158220
21079583
10552261
911280
21904474
475513
16730312
18348943
4992020
9956077
1489683
243402
25333438
13480328
5047829
4215803
893638
17919143
8424709
1284974
23215671
1656945
37931395
16911001
13319897
999381
11497439
872038
24914834
2706249
9954226
39915436
3183672
13932520
25341471
3328320
433173
15967745
11759200
3839499
20299726
3729454
18110176
27043132
24987746
1032128
29685808
19407789
24580979
168908
228954
6158993
20152607
2334839
5077574
3150280
12378821
7995438
28400387
1658456
26993528
26619083
1068391
2466671
5081704
13817004
18133156
3242022
3589119
27277950
96616
332211
28022974
4827025
14527045
2424416
9934940
1534225
17799488
11755234
18142952
37026320
970159
5724144
66994
5465379
4109791
11184492
9315828
31307993
9370877
1666581
28529083
3226594
23025972
855979
11125951
17775549
5877988
101825
913918
23724279
7716273
11238826
8960190
12030959
8847540
9448674
1919878
2409442
32139132
14430868
16119264
13199311
12808395
35018524
2830817
25556757
1195980
1629277
7054916
3232644
1376033
33392307
2446934
26616011
1605783
3183352
35255049
16185773
4612269
415671
3051302
5229980
21185385
8510444
34332751
4565105
10906145
10589188
17820509
13254911
1174053
5528035
39121537
429876
8698709
1922008
8207184
944979
10423465
6628503
18172093
17708732
28265568
9108055
22091172
5330461
14998637
2221186
2428178
1998428
1512237
3051770
8976446
39862066
16598241
11184437
14177435
24011290
8614650
23300130
3253973
2931052
1816685
15786903
5673613
6395945
21859353
8156287
9652738
38921743
17495278
2317266
19617122
25160062
1109883
6164019
24660768
997344
5702504
11736318
19226310
9309291
8273852
14983484
31976343
17803800
20764870
10428640
18057086
3636680
309087
2938881
599224
7151354
5520252
13077937
5085226
1223178
4517933
6319392
35391344
84938
24096581
15811762
7433319
670726
1081833
24471457
38223892
187510
12271190
421643
13426711
5824384
989802
4532602
9149793
28217624
22330973
2142384
8927563
1520975
5367001
37677905
9225819
7248843
4223461
5379083
36732744
3176415
9986338
40242361
18930940
25953036
483763
9121027
744452
44065963
31797789
2531218
34892083
9094625
19209936
32609931
4026026
8560589
12621012
1454961
11672995
39858684
3816086
2812054
36132400
1555744
1173326
10277019
1483556
10582030
9901799
21315323
1374322
3821597
2554
941037
26018116
12882370
26007221
55825
9845041
7469502
33019194
27189161
1041568
182797
5404362
1561565
12172765
9906193
15726657
1903807
1190784
11267494
11330216
17818745
8546471
461000
11142310
13567654
5458966
12248823
13770882
3136671
30298978
606942
10999603
1091987
21749680
6411302
10439659
9315989
9145453
614881
25494168
8693632
3811364
2660493
1413730
4146590
2327725
1650387
23218448
6785926
10217663
42107012
1221102
27680782
31866445
18263830
28142037
20066085
15956438
5096954
21502623
27807542
35475400
69711
10915013
14241252
40351801
30348589
3677402
3859867
20869613
339073
21564214
8195071
5239123
5625036
16097169
22916227
14918453
5358266
520960
2658648
20815231
26888634
37260332
20833037
3800059
2666452
16967131
15246481
17725357
5214305
1964650
21230387
9691837
521717
19169884
3171350
1325376
16643352
2073632
3490406
24204629
16292793
2605363
6832975
16265657
1242891
11891164
5201973
79555
16602005
784447
16326941
7571899
8229096
33514628
5402859
22484310
9679134
42868883
17233622
499333
121447
13007916
41565708
18373509
22309356
10296747
7000763
15346694
2650663
1232238
10534266
1096674
869994
1590694
505417
36255657
157018
281448
18824613
984797
677513
33686485
15044671
26356307
9582816
5616812
5751536
8786170
3513816
663756
1106776
4703373
14632948
9664183
30654720
6587373
27336728
16421208
30412972
1818404
10682075
5032895
16474869
129522
27715052
39140216
8034426
6797396
17374564
22025486
1176694
12636787
6311476
11319449
7244094
65233
1801324
18441826
14392967
13165919
20661059
417102
3965646
11331261
23242321
8222443
11803352
14298621
24805927
12018067
15771393
14728529
12193652
36949331
14552319
6758419
6890689
7355987
11076640
2091161
3083802
4074452
3271950
16014782
17219325
11174607
161874
21670939
3541556
8283131
13686446
11767663
20841566
1462224
33112895
20065754
868708
11699227
10548425
1434513
11551650
13514225
7693866
7345090
5220771
1176695
35593957
31230052
17499494
3405559
14629209
4530478
999759
569891
1471641
12505611
6237303
20632181
19727109
3615346
26096430
4774299
4578427
4180374
344425
6272407
6641937
2785910
4852137
3767787
31933338
3116880
25017885
1098142
14600472
17137584
229558
19436680
4732449
8682996
56843
4637160
9049503
3617233
12024332
3758636
32927034
8576334
12425193
3206965
22172868
10832047
6436963
1486303
9922457
11760177
19141825
4238842
4291133
30030405
20041704
3572653
17370043
18429322
27385955
8243473
8248325
2215688
100540
4138826
1369080
6715944
1865030
15300649
16172645
5537503
907178
10822111
21000555
4109345
9990845
2958289
8507335
12453678
19011668
756155
14252178
8041856
744317
1783461
19000425
11738980
3086325
6283635
29265804
9334252
72869
5333669
23779556
13309059
1017489
26606521
25613355
14998168
17194606
3107935
537517
36398824
14330865
4626151
1707094
6155795
2072051
30217836
12016873
17550170
7398890
16614264
11328167
7984906
13270594
26230063
661836
3355996
6645888
10579813
3728673
2120554
4586301
2869072
26243462
8513277
22309397
4126412
714725
17351998
14912409
868897
32898684
2279667
4696733
16374
134751
38328679
19177559
199921
3463135
58637
5361801
23647453
24327171
4446179
1578287
19594514
5117887
3323755
3268842
15046994
255079
25567286
1211050
5478318
3605539
38335797
1148310
27600683
7146543
7100466
23535127
1114190
14206155
25393031
3507587
5708601
27408176
143693
8771784
6002062
14720001
463193
33567116
17861174
286387
10657235
6254722
24365473
1816737
21403406
10769100
3069090
16432160
20198636
15290021
23293948
4535601
1928731
11196928
229558
21586112
34357911
10869615
19216221
8699267
1276775
11371997
14357030
19182914
31611387
599889
8188216
39415498
14920090
2101593
2824087
34720929
5199682
1491188
2288877
33087283
3002961
4941682
1434709
4028656
9351339
13418202
1301267
7567553
7129586
642628
20269909
1631110
33950929
43092039
985683
7450403
1767040
37672
19074287
3018071
4896437
5047711
8741028
34050637
5695157
726127
1125758
5180011
27597260
4997523
6270099
399493
12070352
9919107
1194531
9179195
13880275
737904
36333517
14816729
358312
20433919
27765083
38419
19494418
5670619
698532
26893810
18707869
22451285
1528559
9496683
36774583
6984335
32868653
10613538
11565866
4424673
15671140
34239396
6502053
27849031
9570408
16356061
2707466
1494663
4450790
22126286
16508821
20565257
100916
9176551
3229259
14203597
222584
8562014
6781248
8611447
28648187
15903565
15447959
12023664
2172372
4024614
20410115
27825781
2617197
12274171
3166166
4844699
12224261
2517768
20494712
8157172
22508237
4854099
10083113
33762302
32928921
15573493
1013476
13811842
13505869
12125148
839524
3114698
1761369
14722411
28840448
3186680
23094653
5082653
28387071
1454309
21722187
7862977
14870255
8803101
40056225
11848996
31757848
29374440
20159036
10066149
4820048
13984808
19875749
304541
699879
2941341
8107311
19006991
6415212
10147728
6740223
20636431
69303
7211465
13666292
9175508
3130664
19585152
8334298
8741914
6109487
7492089
16110037
24108038
1164830
25399294
32740348
16451672
1523350
11977256
10851725
12502487
5870640
12501036
5437190
2487890
2706812
15303666
29652101
3194914
2323932
10071276
9592571
384643
12028508
22882608
26071368
681985
17012276
26050338
3569721
904552
4148186
36172775
31039240
10843257
1348535
2144145
6585582
14686442
398975
3216747
39593216
11719449
586315
12315527
16811356
43657577
11875730
14672826
9324862
16414901
15176990
8503176
40294445
4207658
19660378
40971520
3915506
1545613
8685942
9904694
18944532
21566214
30601230
7783033
4054657
25078744
10578973
18625956
7367966
33523184
15757331
2986443
615073
1863830
1393763
3357414
1027603
4233864
16451278
19467940
30466779
8089668
4379046
17100209
22059670
20950531
8183176
2587336
1442667
1592702
10274463
9079085
11667212
17451042
6487087
4375437
5631096
3015640
27775343
30738961
41689584
3935558
8703235
4155564
8914302
14124913
13047538
2617612
15642033
46380
4484173
13608920
37718824
21961268
10682387
17929188
2567270
2127017
264598
6384053
17462544
3594594
1568541
7706834
10870021
926590
3919295
14335652
4121365
3573315
16042334
1142156
