9999
9999
9999
9999
9998
9998
9998
9998
9998
9995
9995
9995
9995
9994
9994
9993
9993
9993
9993
9993
9993
9992
9992
9992
9992
9992
9992
9992
9991
9991
9990
9990
9990
9990
9987
9987
9987
9986
9986
9985
9985
9985
9984
9983
9980
9980
9979
9979
9976
9976
9976
9976
9976
9976
9976
9975
9975
9975
9975
9975
9975
9974
9973
9973
9973
9973
9973
9971
9970
9970
9970
9970
9969
9969
9969
9969
9969
9969
9969
9969
9969
9969
9969
9969
9969
9969
9969
9969
9969
9969
9969
9968
9968
9968
9968
9968
9968
9968
9968
9968
9968
9967
9966
9966
9966
9966
9966
9964
9964
9964
9964
9963
9963
9962
9962
9959
9959
9958
9958
9958
9958
9958
9958
9957
9957
9957
9955
9954
9954
9954
9954
9954
9954
9954
9954
9954
9954
9954
9954
9953
9952
9952
9952
9952
9952
9952
9951
9951
9951
9951
9951
9951
9948
9947
9945
9945
9945
9945
9945
9945
9945
9945
9945
9944
9944
9944
9943
9942
9942
9941
9941
9940
9939
9939
9938
9938
9937
9937
9936
9933
9933
9932
9932
9932
9932
9931
9930
9929
9928
9928
9928
9928
9928
9928
9928
9927
9927
9926
9926
9926
9926
9925
9925
9922
9922
9922
9922
9922
9920
9918
9917
9917
9917
9917
9917
9917
9916
9915
9915
9915
9913
9913
9913
9913
9913
9913
9912
9911
9911
9911
9909
9909
9909
9909
9909
9908
9907
9907
9906
9906
9906
9906
9906
9906
9906
9906
9906
9904
9904
9904
9902
9902
9900
9899
9899
9899
9893
9892
9892
9892
9890
9890
9889
9889
9889
9888
9888
9888
9888
9888
9887
9887
9887
9887
9887
9886
9885
9884
9884
9884
9883
9883
9881
9881
9881
9878
9877
9877
9877
9877
9877
9877
9877
9877
9877
9877
9877
9876
9876
9876
9876
9876
9876
9876
9876
9875
9875
9872
9872
9869
9869
9869
9869
9869
9869
9868
9868
9868
9867
9867
9867
9866
9866
9866
9866
9866
9866
9866
9866
9866
9866
9866
9866
9865
9865
9865
9865
9865
9865
9865
9864
9863
9859
9859
9858
9858
9853
9853
9853
9851
9851
9851
9851
9850
9850
9850
9850
9850
9849
9849
9849
9847
9847
9847
9847
9847
9847
9847
9847
9846
9846
9846
9846
9845
9844
9844
9844
9844
9844
9844
9844
9844
9844
9844
9843
9841
9841
9841
9837
9836
9836
9836
9835
9835
9835
9835
9835
9835
9835
9835
9835
9835
9835
9833
9833
9833
9833
9833
9833
9833
9832
9831
9831
9831
9831
9831
9831
9829
9827
9827
9827
9827
9827
9827
9827
9825
9825
9825
9825
9824
9824
9824
9822
9821
9821
9821
9821
9821
9821
9821
9821
9819
9817
9817
9817
9816
9816
9816
9816
9815
9811
9810
9809
9809
9805
9805
9805
9805
9805
9804
9804
9804
9804
9804
9804
9804
9800
9799
9799
9799
9799
9798
9798
9798
9798
9797
9797
9797
9796
9796
9796
9796
9795
9794
9794
9794
9794
9794
9794
9793
9791
9791
9791
9791
9789
9789
9789
9789
9788
9788
9788
9787
9787
9785
9785
9785
9783
9783
9783
9783
9779
9779
9778
9778
9777
9777
9776
9775
9774
9773
9771
9769
9768
9766
9766
9765
9765
9764
9762
9762
9762
9762
9762
9761
9760
9760
9760
9760
9760
9760
9760
9760
9760
9760
9760
9760
9760
9759
9759
9759
9757
9757
9757
9757
9756
9755
9755
9755
9755
9753
9752
9752
9751
9751
9751
9751
9751
9751
9749
9749
9748
9747
9745
9744
9744
9744
9744
9743
9737
9737
9737
9736
9735
9735
9735
9735
9735
9735
9735
9735
9735
9735
9735
9735
9733
9733
9733
9731
9731
9730
9730
9729
9727
9727
9727
9726
9726
9726
9725
9725
9724
9724
9724
9724
9724
9724
9723
9723
9722
9722
9722
9721
9721
9720
9720
9720
9720
9719
9719
9719
9719
9717
9717
9717
9717
9717
9716
9716
9716
9716
9716
9716
9716
9716
9716
9715
9715
9715
9715
9713
9713
9713
9713
9713
9712
9712
9712
9711
9711
9710
9708
9708
9708
9707
9707
9705
9705
9705
9704
9704
9704
9704
9704
9703
9702
9701
9700
9700
9700
9699
9699
9699
9699
9699
9698
9698
9698
9698
9698
9698
9695
9695
9695
9693
9692
9692
9691
9691
9691
9691
9691
9691
9691
9689
9688
9687
9687
9687
9685
9685
9683
9683
9683
9683
9683
9682
9682
9681
9681
9681
9680
9679
9678
9678
9678
9678
9678
9678
9678
9675
9675
9675
9674
9669
9669
9667
9667
9667
9666
9666
9666
9666
9666
9666
9663
9663
9662
9661
9661
9661
9660
9659
9659
9657
9657
9657
9657
9657
9655
9655
9655
9654
9654
9654
9649
9649
9649
9648
9646
9646
9646
9645
9645
9645
9645
9645
9645
9644
9644
9644
9644
9644
9644
9644
9643
9643
9642
9642
9642
9642
9641
9641
9641
9640
9639
9638
9638
9638
9638
9638
9637
9634
9632
9632
9628
9625
9625
9625
9625
9625
9624
9624
9624
9621
9621
9621
9621
9620
9620
9620
9620
9620
9620
9619
9619
9619
9619
9619
9619
9617
9617
9617
9617
9617
9617
9617
9616
9616
9616
9616
9616
9612
9612
9612
9612
9611
9610
9610
9610
9610
9610
9610
9610
9610
9609
9608
9608
9608
9605
9604
9604
9603
9603
9602
9602
9602
9602
9599
9597
9597
9597
9597
9597
9597
9595
9595
9595
9595
9594
9594
9588
9588
9588
9588
9588
9587
9587
9587
9586
9586
9586
9585
9584
9584
9582
9582
9581
9581
9581
9581
9581
9581
9580
9580
9579
9577
9577
9577
9577
9576
9576
9576
9576
9574
9573
9573
9572
9572
9572
9571
9571
9571
9568
9568
9568
9568
9568
9567
9566
9566
9566
9566
9565
9564
9562
9562
9562
9561
9561
9560
9560
9559
9558
9558
9558
9558
9558
9558
9558
9557
9556
9556
9555
9555
9555
9555
9555
9555
9554
9554
9554
9554
9554
9554
9554
9553
9553
9552
9552
9550
9550
9550
9550
9550
9550
9550
9550
9550
9549
9549
9547
9547
9547
9547
9547
9547
9547
9545
9545
9545
9545
9545
9545
9545
9544
9544
9544
9542
9542
9542
9541
9541
9540
9540
9539
9539
9538
9538
9537
9537
9537
9537
9536
9536
9532
9531
9531
9531
9530
9530
9529
9528
9528
9528
9527
9527
9525
9523
9523
9521
9521
9521
9521
9521
9521
9521
9521
9521
9519
9519
9519
9518
9518
9517
9516
9515
9515
9515
9515
9515
9514
9514
9512
9512
9512
9512
9509
9509
9508
9508
9508
9508
9508
9508
9508
9507
9507
9507
9507
9506
9506
9504
9502
9502
9502
9502
9502
9502
9501
9501
9501
9501
9501
9500
9500
9500
9500
9500
9500
9498
9496
9496
9496
9496
9496
9494
9494
9494
9494
9494
9493
9493
9493
9493
9493
9492
9492
9489
9489
9489
9489
9489
9489
9489
9489
9489
9489
9489
9489
9489
9489
9489
9489
9488
9486
9484
9484
9482
9482
9481
9481
9481
9480
9479
9478
9478
9478
9478
9478
9477
9477
9476
9476
9476
9472
9471
9470
9470
9469
9469
9469
9469
9469
9469
9469
9467
9467
9467
9466
9466
9466
9465
9464
9464
9463
9462
9462
9462
9462
9461
9460
9460
9459
9459
9459
9459
9459
9457
9454
9454
9454
9454
9454
9454
9454
9454
9454
9454
9453
9453
9453
9453
9453
9453
9452
9452
9452
9452
9451
9451
9451
9451
9451
9451
9451
9450
9450
9449
9449
9449
9448
9448
9447
9447
9447
9447
9444
9444
9444
9444
9444
9444
9443
9442
9442
9441
9441
9440
9438
9438
9437
9436
9435
9435
9435
9434
9433
9433
9433
9433
9433
9433
9433
9433
9433
9433
9432
9431
9431
9431
9430
9426
9426
9425
9425
9425
9425
9425
9425
9425
9425
9425
9425
9422
9422
9421
9421
9421
9421
9420
9420
9419
9419
9419
9419
9419
9417
9417
9416
9416
9416
9415
9415
9415
9415
9414
9414
9414
9414
9414
9414
9414
9414
9414
9414
9414
9414
9413
9413
9413
9413
9413
9413
9413
9413
9413
9413
9412
9411
9411
9411
9410
9410
9410
9410
9410
9410
9410
9410
9410
9410
9410
9410
9410
9409
9409
9408
9408
9408
9408
9408
9408
9407
9407
9407
9406
9404
9404
9404
9404
9404
9404
9404
9403
9403
9403
9403
9403
9403
9403
9402
9401
9400
9400
9400
9400
9400
9400
9397
9397
9397
9395
9395
9395
9394
9394
9393
9393
9393
9391
9391
9389
9389
9389
9389
9389
9388
9387
9387
9387
9387
9385
9385
9385
9384
9384
9382
9381
9381
9381
9381
9375
9375
9374
9374
9372
9372
9371
9371
9371
9366
9366
9366
9366
9366
9366
9365
9364
9364
9364
9364
9361
9360
9357
9357
9357
9357
9357
9357
9357
9357
9357
9357
9357
9357
9357
9357
9357
9356
9356
9355
9355
9354
9354
9354
9354
9354
9351
9351
9351
9350
9349
9349
9349
9349
9349
9349
9348
9348
9347
9347
9347
9346
9345
9345
9345
9342
9342
9342
9341
9341
9341
9341
9341
9340
9340
9340
9340
9340
9340
9338
9337
9337
9337
9336
9334
9334
9334
9334
9334
9334
9334
9334
9334
9334
9334
9333
9333
9333
9333
9333
9332
9332
9332
9332
9332
9331
9329
9329
9327
9327
9327
9325
9325
9324
9324
9324
9324
9324
9323
9323
9323
9323
9323
9323
9323
9323
9323
9323
9323
9323
9322
9322
9321
9321
9321
9321
9320
9320
9319
9319
9318
9318
9318
9318
9318
9318
9318
9318
9317
9317
9317
9317
9317
9317
9314
9314
9313
9313
9312
9312
9312
9312
9312
9311
9309
9309
9309
9309
9309
9308
9307
9307
9307
9306
9306
9306
9306
9306
9305
9305
9303
9303
9303
9303
9303
9303
9303
9302
9302
9302
9302
9302
9302
9302
9302
9302
9302
9302
9301
9301
9300
9300
9297
9297
9295
9294
9294
9293
9293
9293
9292
9291
9291
9291
9291
9291
9290
9290
9290
9290
9290
9290
9290
9290
9290
9289
9288
9286
9286
9286
9286
9286
9286
9285
9285
9284
9284
9284
9284
9284
9283
9283
9283
9283
9283
9283
9282
9281
9280
9280
9280
9280
9280
9280
9279
9279
9279
9279
9278
9278
9278
9277
9276
9275
9275
9275
9274
9274
9274
9273
9273
9272
9272
9270
9270
9270
9269
9269
9269
9269
9269
9268
9268
9268
9268
9268
9265
9265
9265
9265
9265
9265
9262
9262
9261
9261
9260
9258
9258
9258
9258
9257
9257
9257
9257
9254
9252
9252
9251
9251
9251
9251
9251
9250
9250
9250
9250
9250
9250
9250
9250
9250
9250
9250
9250
9250
9250
9250
9250
9250
9250
9250
9250
9248
9248
9247
9247
9246
9244
9244
9244
9242
9241
9241
9240
9240
9240
9239
9237
9237
9236
9236
9236
9236
9236
9235
9234
9230
9230
9229
9228
9227
9226
9226
9226
9226
9226
9225
9225
9225
9225
9225
9225
9225
9225
9225
9223
9223
9223
9223
9223
9223
9223
9223
9223
9222
9222
9220
9220
9220
9220
9220
9220
9220
9219
9218
9218
9218
9217
9217
9217
9216
9215
9215
9215
9215
9215
9215
9215
9214
9213
9212
9212
9212
9212
9212
9212
9210
9210
9210
9209
9209
9207
9207
9206
9206
9206
9206
9206
9206
9204
9204
9203
9203
9202
9202
9201
9201
9200
9199
9198
9197
9196
9196
9196
9196
9196
9196
9195
9194
9194
9193
9193
9193
9192
9192
9192
9192
9192
9192
9192
9192
9192
9192
9191
9191
9191
9190
9190
9190
9189
9189
9189
9186
9186
9186
9186
9186
9186
9186
9184
9183
9183
9183
9183
9183
9183
9183
9183
9182
9179
9179
9179
9178
9178
9177
9177
9176
9176
9176
9175
9175
9174
9174
9173
9173
9173
9172
9172
9172
9171
9171
9171
9171
9171
9171
9171
9171
9170
9170
9169
9169
9169
9169
9168
9168
9168
9168
9168
9168
9168
9168
9168
9168
9167
9167
9167
9167
9166
9166
9164
9164
9164
9164
9164
9164
9164
9164
9164
9164
9164
9164
9163
9162
9161
9161
9160
9160
9159
9157
9157
9157
9156
9156
9154
9153
9153
9153
9153
9153
9152
9152
9152
9152
9152
9151
9149
9149
9149
9149
9149
9148
9148
9148
9148
9148
9148
9147
9146
9146
9146
9146
9146
9146
9146
9146
9145
9145
9145
9145
9144
9144
9144
9144
9143
9143
9140
9140
9140
9139
9139
9139
9139
9139
9139
9139
9139
9138
9138
9138
9135
9135
9133
9132
9131
9131
9131
9131
9131
9131
9131
9128
9128
9127
9125
9125
9125
9125
9125
9124
9123
9123
9123
9122
9121
9121
9121
9121
9120
9120
9120
9120
9119
9119
9119
9119
9118
9117
9116
9115
9115
9115
9112
9111
9111
9111
9110
9108
9108
9108
9108
9108
9107
9107
9107
9107
9107
9105
9105
9105
9105
9102
9101
9100
9100
9100
9100
9100
9100
9099
9096
9096
9096
9096
9096
9095
9094
9094
9093
9093
9091
9091
9089
9089
9089
9089
9088
9088
9087
9087
9087
9087
9087
9087
9087
9087
9085
9085
9085
9085
9085
9085
9085
9085
9085
9085
9085
9085
9085
9084
9084
9084
9084
9083
9083
9083
9083
9081
9081
9081
9081
9081
9081
9081
9077
9077
9076
9074
9073
9073
9073
9072
9072
9071
9070
9070
9070
9069
9067
9067
9067
9067
9067
9067
9065
9065
9065
9065
9065
9064
9064
9064
9063
9063
9060
9058
9057
9057
9057
9056
9056
9055
9055
9054
9053
9053
9052
9051
9050
9050
9050
9049
9049
9048
9046
9046
9046
9046
9046
9046
9046
9046
9045
9045
9045
9044
9043
9043
9043
9043
9042
9042
9041
9041
9041
9041
9041
9041
9041
9039
9038
9038
9038
9038
9038
9038
9038
9038
9038
9035
9034
9033
9032
9032
9032
9031
9031
9031
9031
9030
9029
9029
9029
9029
9028
9028
9028
9028
9028
9028
9028
9028
9027
9025
9024
9024
9023
9021
9021
9021
9019
9018
9018
9017
9017
9017
9017
9017
9017
9017
9017
9017
9017
9017
9017
9017
9017
9015
9015
9014
9014
9014
9014
9012
9012
9012
9012
9012
9012
9012
9012
9012
9012
9012
9011
9011
9011
9011
9011
9011
9010
9010
9010
9010
9010
9010
9010
9009
9009
9009
9008
9008
9008
9007
9007
9007
9007
9007
9007
9007
9007
9007
9006
9006
9005
9003
9002
9002
9002
9002
9000
8999
8999
8997
8997
8996
8995
8995
8995
8995
8994
8993
8993
8993
8993
8993
8993
8992
8992
8992
8992
8989
8988
8987
8987
8987
8987
8985
8985
8985
8985
8984
8984
8981
8981
8981
8981
8980
8980
8980
8980
8980
8980
8977
8977
8976
8976
8976
8975
8975
8975
8974
8974
8974
8974
8974
8973
8973
8973
8973
8972
8972
8972
8972
8972
8972
8971
8971
8969
8969
8969
8969
8969
8968
8966
8966
8966
8966
8966
8964
8963
8963
8963
8963
8963
8963
8963
8963
8963
8963
8963
8963
8963
8963
8962
8961
8961
8961
8961
8961
8960
8959
8959
8959
8959
8959
8959
8959
8959
8956
8956
8956
8955
8954
8954
8953
8953
8953
8953
8953
8952
8952
8952
8952
8952
8952
8952
8952
8952
8951
8951
8951
8951
8951
8951
8951
8950
8950
8949
8949
8949
8949
8949
8949
8949
8949
8949
8949
8947
8947
8946
8946
8945
8944
8944
8942
8940
8938
8935
8935
8935
8935
8935
8934
8934
8934
8934
8932
8932
8930
8930
8929
8929
8929
8929
8928
8928
8928
8927
8927
8926
8923
8923
8921
8919
8919
8919
8917
8917
8917
8917
8917
8917
8914
8913
8913
8913
8912
8912
8912
8912
8911
8911
8910
8909
8905
8905
8902
8902
8902
8902
8902
8901
8901
8900
8900
8900
8900
8899
8899
8898
8898
8898
8898
8898
8898
8897
8897
8897
8896
8895
8893
8893
8893
8893
8893
8893
8892
8890
8890
8890
8890
8889
8889
8889
8883
8881
8881
8880
8880
8880
8880
8880
8879
8878
8878
8878
8876
8876
8876
8876
8876
8874
8870
8870
8870
8870
8869
8869
8869
8869
8869
8869
8869
8868
8868
8868
8868
8868
8868
8867
8867
8866
8866
8863
8863
8862
8862
8862
8861
8861
8861
8861
8861
8861
8860
8857
8856
8856
8855
8855
8855
8855
8855
8855
8855
8855
8854
8854
8854
8854
8854
8854
8852
8852
8852
8847
8847
8847
8846
8846
8846
8845
8845
8845
8844
8844
8842
8842
8840
8839
8839
8839
8839
8838
8838
8837
8837
8837
8837
8837
8837
8837
8837
8837
8837
8837
8837
8836
8835
8835
8835
8835
8834
8834
8834
8834
8833
8831
8831
8831
8830
8829
8829
8829
8829
8827
8822
8822
8822
8822
8822
8822
8822
8821
8820
8818
8816
8816
8815
8814
8814
8814
8814
8814
8814
8814
8813
8812
8811
8811
8808
8808
8808
8807
8807
8805
8805
8805
8805
8805
8805
8804
8804
8804
8802
8802
8802
8800
8800
8799
8798
8798
8798
8797
8797
8797
8797
8797
8795
8795
8795
8794
8791
8791
8790
8790
8789
8789
8789
8789
8789
8789
8789
8789
8789
8789
8788
8788
8787
8786
8786
8785
8785
8785
8785
8785
8784
8784
8784
8784
8784
8783
8783
8782
8782
8782
8782
8782
8782
8782
8781
8781
8780
8779
8779
8779
8779
8775
8775
8775
8775
8774
8774
8774
8772
8772
8772
8772
8772
8769
8769
8768
8768
8768
8767
8767
8767
8765
8764
8764
8762
8762
8762
8762
8762
8762
8762
8762
8762
8762
8760
8760
8760
8760
8760
8759
8759
8759
8758
8758
8756
8756
8756
8756
8751
8751
8751
8750
8750
8750
8747
8747
8747
8747
8747
8747
8746
8746
8745
8744
8743
8743
8743
8742
8742
8741
8741
8741
8741
8741
8739
8739
8738
8738
8738
8737
8737
8736
8736
8736
8736
8736
8736
8736
8736
8736
8736
8735
8735
8735
8735
8735
8735
8732
8731
8731
8730
8730
8730
8729
8729
8728
8728
8728
8728
8727
8727
8727
8727
8727
8727
8726
8726
8726
8726
8725
8723
8723
8723
8723
8722
8722
8722
8722
8722
8722
8722
8722
8717
8717
8715
8715
8709
8709
8709
8709
8708
8708
8708
8708
8706
8706
8706
8704
8704
8704
8704
8704
8704
8704
8704
8701
8701
8700
8696
8695
8695
8695
8695
8694
8694
8694
8694
8694
8692
8692
8692
8692
8692
8691
8691
8691
8691
8691
8691
8691
8691
8691
8691
8691
8691
8691
8690
8690
8690
8689
8689
8686
8683
8683
8683
8682
8681
8681
8681
8681
8681
8680
8680
8679
8679
8677
8676
8676
8676
8675
8674
8674
8674
8674
8674
8674
8673
8673
8672
8671
8670
8669
8669
8668
8668
8668
8668
8668
8668
8668
8668
8668
8668
8668
8668
8668
8667
8667
8666
8666
8665
8665
8665
8663
8663
8663
8663
8663
8663
8662
8662
8661
8660
8659
8658
8657
8657
8657
8653
8653
8652
8650
8650
8649
8649
8649
8649
8648
8648
8648
8647
8647
8646
8645
8645
8645
8645
8645
8645
8645
8645
8643
8643
8643
8643
8643
8643
8643
8643
8643
8643
8643
8643
8643
8643
8642
8642
8642
8641
8641
8640
8640
8640
8640
8639
8639
8639
8639
8639
8639
8639
8639
8635
8635
8635
8634
8634
8634
8634
8634
8634
8634
8632
8632
8631
8631
8631
8630
8629
8629
8629
8628
8628
8628
8628
8627
8622
8622
8622
8622
8620
8620
8620
8619
8619
8619
8619
8618
8618
8618
8617
8617
8617
8617
8617
8617
8616
8616
8615
8615
8615
8614
8614
8614
8614
8614
8612
8611
8611
8610
8609
8608
8608
8608
8603
8602
8602
8602
8602
8602
8602
8602
8602
8601
8601
8600
8600
8600
8600
8600
8600
8600
8599
8595
8595
8594
8593
8593
8593
8588
8588
8588
8586
8586
8584
8584
8584
8583
8582
8582
8581
8581
8581
8580
8580
8580
8580
8577
8576
8576
8574
8574
8574
8574
8574
8574
8574
8572
8571
8571
8570
8569
8563
8562
8562
8562
8562
8562
8562
8561
8560
8560
8559
8558
8557
8556
8556
8556
8556
8556
8556
8556
8556
8556
8556
8555
8555
8554
8554
8554
8554
8553
8552
8551
8551
8550
8550
8550
8549
8549
8549
8549
8547
8545
8545
8545
8545
8545
8545
8544
8544
8544
8544
8544
8544
8544
8544
8542
8541
8541
8540
8540
8539
8538
8538
8538
8538
8538
8537
8536
8534
8534
8531
8530
8530
8530
8530
8530
8527
8526
8526
8526
8526
8526
8526
8526
8525
8525
8525
8525
8525
8525
8524
8523
8523
8523
8523
8523
8521
8521
8517
8517
8517
8517
8517
8517
8517
8517
8516
8516
8515
8515
8514
8513
8512
8512
8512
8512
8512
8512
8512
8512
8511
8511
8509
8509
8509
8509
8509
8509
8508
8508
8508
8507
8507
8506
8506
8504
8504
8502
8502
8502
8502
8501
8501
8501
8501
8501
8499
8499
8498
8498
8497
8496
8496
8496
8496
8495
8495
8495
8495
8490
8490
8489
8489
8489
8488
8488
8488
8488
8487
8486
8486
8484
8482
8482
8481
8480
8480
8480
8480
8480
8480
8480
8477
8477
8473
8473
8473
8473
8473
8473
8472
8471
8471
8471
8471
8471
8469
8469
8469
8469
8469
8469
8469
8468
8468
8468
8468
8468
8468
8465
8465
8465
8463
8463
8461
8460
8460
8460
8458
8458
8456
8456
8455
8455
8455
8455
8455
8455
8455
8455
8455
8455
8455
8455
8453
8452
8451
8451
8451
8450
8450
8450
8450
8450
8450
8450
8450
8449
8449
8449
8449
8448
8448
8448
8446
8446
8446
8446
8446
8445
8445
8445
8444
8444
8444
8444
8444
8444
8444
8444
8444
8441
8441
8441
8441
8441
8441
8441
8440
8440
8440
8440
8436
8436
8436
8433
8433
8433
8432
8430
8429
8429
8429
8428
8428
8428
8426
8426
8426
8426
8424
8424
8424
8424
8422
8422
8422
8422
8422
8421
8421
8421
8420
8420
8420
8420
8420
8420
8419
8419
8419
8418
8418
8418
8418
8418
8418
8418
8418
8418
8418
8418
8418
8418
8418
8417
8416
8416
8414
8414
8414
8414
8414
8414
8414
8414
8414
8414
8414
8414
8413
8412
8412
8412
8412
8412
8412
8411
8411
8411
8411
8411
8410
8409
8408
8408
8408
8408
8407
8407
8406
8405
8405
8402
8402
8401
8401
8401
8400
8400
8398
8398
8397
8397
8394
8394
8394
8394
8394
8391
8391
8391
8391
8389
8389
8389
8389
8389
8389
8389
8389
8388
8388
8387
8387
8387
8386
8385
8382
8381
8381
8381
8381
8381
8380
8380
8380
8380
8379
8378
8378
8378
8378
8378
8378
8377
8377
8377
8377
8377
8377
8377
8372
8371
8371
8371
8371
8371
8370
8370
8369
8368
8368
8366
8364
8364
8364
8363
8363
8363
8361
8361
8361
8361
8360
8360
8359
8359
8359
8357
8357
8356
8356
8356
8356
8356
8355
8355
8355
8355
8354
8351
8351
8351
8351
8350
8350
8350
8350
8350
8350
8350
8350
8350
8350
8350
8350
8349
8349
8349
8349
8349
8349
8349
8349
8349
8349
8348
8348
8348
8347
8345
8345
8345
8343
8342
8342
8342
8340
8340
8337
8335
8335
8335
8334
8334
8334
8333
8333
8332
8332
8332
8332
8332
8331
8331
8330
8330
8329
8328
8328
8327
8326
8326
8326
8325
8324
8324
8323
8323
8323
8322
8322
8322
8322
8322
8322
8322
8322
8322
8322
8322
8322
8322
8321
8321
8321
8321
8316
8315
8315
8315
8314
8314
8314
8314
8314
8314
8314
8314
8314
8314
8314
8314
8313
8312
8312
8312
8312
8312
8311
8309
8309
8307
8307
8307
8307
8307
8307
8307
8307
8307
8307
8307
8306
8306
8305
8305
8305
8305
8305
8305
8304
8303
8302
8299
8299
8299
8295
8295
8294
8294
8294
8294
8293
8293
8293
8293
8292
8292
8290
8289
8289
8289
8288
8288
8288
8288
8287
8286
8286
8286
8286
8286
8285
8282
8282
8282
8282
8282
8280
8278
8278
8277
8277
8277
8277
8277
8276
8275
8275
8275
8275
8275
8275
8275
8275
8275
8275
8273
8273
8273
8273
8273
8273
8273
8272
8271
8271
8271
8270
8270
8270
8270
8270
8270
8270
8270
8269
8269
8269
8269
8269
8266
8266
8266
8266
8265
8264
8261
8261
8261
8261
8261
8261
8261
8258
8258
8258
8257
8255
8255
8255
8254
8254
8253
8252
8252
8252
8252
8252
8252
8252
8251
8250
8250
8250
8250
8250
8250
8248
8248
8248
8246
8246
8246
8246
8246
8246
8246
8245
8245
8245
8245
8245
8245
8245
8245
8245
8245
8245
8244
8244
8244
8244
8243
8243
8243
8243
8242
8241
8241
8240
8240
8239
8238
8238
8238
8238
8238
8236
8236
8236
8236
8236
8235
8235
8235
8235
8235
8233
8233
8233
8233
8233
8233
8232
8231
8231
8231
8231
8231
8231
8231
8231
8230
8226
8225
8225
8225
8225
8225
8225
8225
8225
8225
8225
8225
8225
8225
8222
8222
8222
8221
8219
8219
8218
8217
8217
8217
8217
8217
8215
8214
8213
8213
8213
8213
8213
8212
8212
8212
8212
8212
8211
8211
8210
8210
8210
8209
8208
8208
8208
8208
8207
8207
8207
8205
8205
8204
8204
8204
8204
8202
8202
8202
8202
8202
8202
8201
8201
8201
8201
8201
8201
8200
8200
8199
8198
8197
8197
8197
8197
8196
8196
8196
8195
8195
8193
8193
8193
8193
8193
8193
8193
8193
8190
8188
8185
8184
8184
8184
8184
8182
8182
8182
8181
8180
8180
8180
8179
8179
8179
8178
8178
8178
8178
8178
8178
8177
8177
8177
8176
8174
8173
8173
8168
8167
8167
8166
8166
8166
8166
8166
8163
8163
8163
8163
8162
8162
8162
8162
8161
8161
8161
8161
8159
8158
8158
8157
8157
8157
8153
8151
8151
8151
8150
8148
8146
8146
8146
8145
8144
8144
8144
8143
8143
8143
8140
8140
8140
8140
8140
8140
8140
8140
8140
8140
8140
8140
8140
8140
8139
8139
8138
8137
8135
8135
8135
8134
8134
8134
8134
8134
8133
8133
8131
8131
8131
8130
8130
8130
8130
8130
8130
8130
8130
8130
8130
8130
8130
8130
8129
8129
8129
8129
8129
8127
8124
8124
8123
8123
8123
8123
8122
8122
8122
8122
8122
8122
8122
8122
8117
8117
8117
8117
8117
8117
8117
8117
8117
8117
8117
8116
8115
8115
8115
8115
8114
8114
8113
8113
8111
8110
8110
8109
8108
8108
8108
8108
8107
8107
8107
8106
8104
8104
8104
8104
8104
8104
8103
8103
8103
8103
8103
8103
8103
8103
8103
8103
8103
8103
8101
8101
8101
8101
8101
8100
8099
8099
8099
8099
8099
8099
8099
8099
8099
8099
8099
8099
8098
8097
8097
8096
8096
8096
8095
8095
8095
8095
8095
8095
8095
8095
8094
8094
8094
8093
8093
8092
8092
8091
8091
8091
8091
8091
8091
8091
8091
8091
8091
8091
8091
8089
8088
8088
8087
8087
8087
8087
8085
8084
8084
8083
8083
8082
8082
8082
8082
8080
8079
8079
8079
8077
8077
8077
8077
8077
8076
8076
8075
8074
8074
8073
8073
8073
8073
8073
8072
8072
8071
8071
8071
8071
8071
8071
8071
8071
8071
8068
8067
8065
8065
8065
8064
8064
8064
8060
8060
8060
8060
8060
8060
8060
8059
8059
8059
8059
8059
8058
8058
8057
8056
8056
8056
8056
8056
8056
8056
8055
8055
8054
8054
8054
8053
8052
8052
8051
8050
8049
8049
8049
8048
8048
8048
8047
8047
8047
8046
8045
8045
8045
8045
8045
8045
8044
8044
8044
8044
8044
8044
8044
8044
8044
8044
8043
8042
8042
8041
8041
8041
8041
8041
8040
8040
8040
8039
8039
8036
8036
8034
8034
8033
8032
8032
8032
8031
8028
8028
8028
8028
8028
8027
8027
8027
8026
8026
8026
8025
8024
8023
8023
8022
8022
8021
8021
8021
8021
8019
8019
8019
8019
8019
8018
8017
8017
8016
8015
8015
8015
8015
8014
8014
8014
8014
8013
8013
8013
8013
8010
8010
8008
8007
8007
8007
8007
8007
8006
8006
8005
8004
8003
8002
8002
8002
8001
8001
8001
8001
8001
8001
8001
8001
8001
8001
8001
8001
8001
8001
8001
7998
7998
7997
7997
7997
7997
7997
7997
7997
7997
7997
7996
7994
7994
7994
7994
7994
7994
7994
7994
7994
7994
7993
7993
7992
7992
7992
7991
7990
7990
7989
7987
7987
7986
7986
7986
7986
7986
7985
7985
7985
7984
7984
7984
7984
7984
7980
7980
7980
7980
7980
7980
7980
7977
7976
7976
7976
7976
7976
7976
7974
7974
7974
7974
7973
7973
7973
7973
7973
7971
7971
7970
7967
7966
7966
7965
7965
7965
7965
7965
7964
7964
7964
7964
7964
7964
7964
7963
7963
7963
7963
7963
7962
7960
7959
7959
7959
7959
7958
7957
7957
7957
7956
7956
7956
7952
7952
7952
7952
7952
7952
7952
7951
7950
7950
7950
7950
7949
7949
7948
7948
7948
7947
7946
7946
7946
7945
7945
7944
7944
7944
7942
7942
7942
7941
7941
7941
7941
7941
7940
7940
7940
7940
7940
7939
7937
7937
7937
7936
7936
7936
7933
7932
7932
7930
7928
7928
7925
7925
7925
7924
7922
7922
7922
7922
7921
7919
7919
7918
7917
7917
7917
7916
7916
7916
7916
7914
7913
7913
7913
7912
7912
7911
7911
7911
7910
7910
7910
7907
7907
7907
7906
7905
7902
7902
7899
7898
7898
7898
7898
7898
7898
7898
7898
7897
7896
7896
7896
7896
7895
7895
7895
7895
7894
7894
7894
7893
7892
7888
7887
7887
7887
7886
7886
7886
7885
7885
7885
7885
7885
7885
7885
7885
7884
7882
7882
7882
7882
7882
7880
7879
7879
7879
7879
7878
7877
7877
7877
7873
7873
7873
7873
7873
7871
7870
7869
7867
7866
7866
7866
7865
7864
7864
7864
7864
7864
7864
7863
7863
7863
7863
7863
7863
7863
7862
7861
7861
7861
7861
7861
7861
7861
7861
7861
7861
7860
7860
7860
7860
7860
7860
7860
7860
7859
7857
7856
7856
7856
7854
7854
7853
7853
7853
7853
7853
7853
7852
7852
7852
7852
7852
7852
7852
7852
7852
7852
7852
7851
7850
7849
7848
7848
7848
7847
7847
7847
7847
7847
7846
7846
7846
7846
7846
7846
7846
7846
7846
7845
7845
7844
7844
7844
7844
7843
7843
7841
7840
7840
7839
7839
7839
7839
7838
7836
7836
7833
7833
7831
7831
7830
7829
7827
7827
7827
7827
7827
7827
7827
7827
7827
7827
7827
7827
7827
7827
7827
7827
7825
7825
7825
7825
7825
7825
7825
7825
7824
7824
7821
7820
7820
7819
7819
7819
7818
7818
7818
7818
7818
7817
7815
7814
7812
7811
7811
7811
7810
7806
7806
7806
7804
7804
7804
7804
7802
7800
7800
7799
7799
7799
7799
7799
7799
7799
7799
7798
7798
7797
7797
7796
7796
7795
7795
7795
7794
7794
7794
7794
7793
7793
7793
7791
7791
7790
7790
7790
7789
7789
7788
7787
7786
7786
7786
7786
7786
7786
7783
7783
7783
7783
7783
7783
7783
7783
7783
7783
7783
7783
7783
7783
7783
7783
7783
7783
7781
7781
7779
7779
7779
7779
7779
7778
7778
7778
7778
7778
7778
7778
7778
7777
7776
7776
7776
7776
7776
7775
7775
7775
7773
7771
7770
7770
7770
7770
7770
7770
7770
7769
7769
7769
7769
7769
7768
7768
7768
7768
7768
7768
7767
7767
7767
7766
7766
7765
7765
7761
7761
7761
7761
7761
7759
7759
7758
7758
7758
7756
7755
7755
7755
7755
7754
7753
7752
7752
7752
7751
7750
7750
7750
7749
7749
7746
7746
7746
7746
7746
7746
7746
7745
7745
7745
7745
7745
7745
7744
7743
7743
7743
7743
7743
7743
7742
7742
7742
7740
7740
7740
7739
7739
7738
7737
7737
7737
7737
7737
7737
7737
7737
7737
7737
7737
7737
7737
7737
7737
7737
7737
7737
7737
7737
7735
7734
7732
7732
7731
7731
7730
7729
7729
7729
7729
7729
7729
7729
7729
7728
7727
7727
7727
7727
7727
7727
7727
7727
7727
7726
7725
7725
7724
7724
7723
7722
7722
7722
7722
7721
7721
7719
7719
7719
7719
7719
7719
7719
7719
7717
7717
7716
7716
7714
7714
7714
7711
7711
7711
7710
7710
7708
7708
7708
7708
7708
7708
7706
7706
7705
7704
7703
7702
7702
7702
7702
7702
7700
7700
7700
7700
7700
7700
7699
7698
7698
7698
7698
7695
7695
7693
7693
7693
7691
7689
7689
7689
7688
7687
7687
7687
7687
7687
7687
7686
7686
7685
7685
7685
7685
7685
7683
7683
7683
7683
7681
7681
7681
7681
7681
7681
7681
7681
7681
7681
7681
7681
7681
7681
7681
7680
7680
7680
7678
7678
7678
7677
7675
7675
7675
7674
7674
7674
7674
7674
7674
7673
7672
7672
7672
7671
7671
7671
7671
7671
7671
7671
7671
7671
7671
7671
7671
7671
7670
7669
7669
7669
7669
7669
7669
7669
7669
7669
7669
7669
7669
7669
7668
7668
7668
7668
7668
7668
7668
7668
7668
7668
7668
7668
7667
7667
7667
7666
7666
7666
7666
7666
7666
7666
7666
7666
7666
7665
7665
7665
7665
7665
7664
7663
7662
7662
7661
7661
7661
7661
7661
7661
7659
7659
7659
7659
7657
7657
7657
7656
7656
7656
7656
7656
7656
7655
7655
7655
7655
7655
7655
7653
7653
7653
7653
7651
7651
7651
7651
7649
7649
7649
7649
7648
7648
7648
7648
7646
7646
7646
7643
7641
7640
7640
7640
7640
7640
7639
7639
7639
7639
7639
7639
7639
7638
7638
7637
7637
7637
7637
7637
7636
7636
7636
7636
7636
7636
7636
7636
7636
7636
7636
7636
7636
7636
7636
7636
7636
7636
7635
7635
7634
7633
7633
7633
7633
7633
7633
7633
7633
7633
7632
7632
7631
7631
7631
7630
7630
7628
7628
7628
7625
7624
7624
7624
7623
7622
7622
7622
7622
7620
7620
7620
7620
7619
7619
7618
7616
7616
7616
7616
7616
7616
7616
7616
7614
7614
7614
7613
7613
7612
7612
7611
7610
7608
7608
7608
7608
7607
7607
7607
7607
7606
7606
7604
7604
7603
7603
7603
7602
7601
7601
7601
7601
7601
7599
7598
7598
7598
7598
7597
7597
7597
7596
7596
7596
7596
7596
7596
7596
7596
7596
7596
7596
7596
7596
7596
7595
7593
7593
7593
7593
7591
7591
7590
7590
7590
7589
7589
7589
7588
7588
7588
7588
7587
7586
7585
7585
7585
7583
7583
7583
7582
7581
7581
7581
7581
7581
7580
7580
7580
7579
7579
7579
7579
7577
7577
7576
7576
7575
7575
7575
7574
7574
7574
7574
7572
7572
7572
7571
7570
7570
7570
7570
7569
7567
7566
7566
7566
7565
7564
7563
7563
7563
7562
7562
7562
7562
7562
7561
7561
7561
7561
7561
7561
7561
7561
7561
7561
7560
7560
7559
7559
7558
7558
7558
7558
7558
7557
7557
7557
7557
7557
7556
7556
7555
7555
7555
7555
7555
7554
7554
7554
7554
7554
7554
7554
7553
7553
7553
7553
7553
7553
7553
7552
7552
7551
7550
7549
7548
7548
7547
7547
7547
7547
7547
7546
7546
7546
7544
7544
7544
7544
7544
7544
7544
7544
7543
7543
7543
7542
7542
7542
7542
7542
7542
7540
7540
7540
7540
7540
7540
7540
7540
7540
7538
7538
7538
7533
7533
7532
7532
7532
7532
7532
7531
7531
7531
7531
7530
7530
7530
7530
7528
7528
7528
7525
7525
7525
7525
7525
7524
7524
7524
7523
7523
7523
7523
7523
7523
7523
7522
7521
7521
7521
7520
7520
7520
7519
7519
7519
7518
7517
7517
7517
7516
7516
7515
7515
7515
7515
7515
7515
7514
7512
7511
7511
7511
7511
7511
7511
7511
7511
7511
7511
7511
7511
7510
7510
7509
7508
7508
7508
7507
7507
7507
7507
7503
7501
7500
7500
7500
7500
7498
7497
7496
7496
7494
7494
7494
7494
7494
7494
7494
7493
7493
7492
7490
7490
7490
7489
7489
7489
7489
7489
7488
7488
7488
7488
7487
7486
7485
7483
7483
7482
7482
7482
7482
7482
7482
7482
7479
7479
7479
7479
7479
7479
7478
7478
7478
7477
7477
7477
7476
7476
7475
7475
7475
7475
7475
7473
7473
7472
7472
7471
7470
7470
7470
7470
7470
7469
7468
7468
7468
7468
7468
7467
7467
7467
7466
7466
7466
7466
7465
7464
7464
7464
7464
7464
7463
7463
7460
7458
7458
7456
7456
7456
7456
7454
7454
7454
7453
7451
7451
7451
7450
7445
7444
7443
7443
7443
7443
7443
7443
7441
7441
7441
7441
7441
7440
7440
7440
7439
7439
7439
7434
7434
7432
7432
7432
7432
7432
7432
7432
7432
7430
7430
7429
7429
7427
7427
7426
7424
7423
7422
7422
7422
7421
7421
7421
7421
7421
7420
7420
7420
7419
7416
7414
7414
7414
7414
7414
7414
7414
7414
7414
7414
7413
7413
7413
7410
7410
7406
7406
7406
7406
7406
7406
7404
7404
7404
7404
7404
7404
7403
7403
7403
7403
7403
7403
7402
7401
7400
7400
7399
7399
7399
7399
7399
7398
7398
7398
7398
7398
7398
7397
7397
7397
7392
7392
7392
7391
7391
7391
7391
7391
7391
7391
7389
7389
7388
7388
7388
7388
7388
7388
7388
7388
7388
7388
7388
7388
7388
7387
7387
7387
7387
7387
7387
7385
7385
7385
7385
7385
7384
7383
7383
7383
7382
7382
7382
7382
7381
7381
7381
7380
7379
7379
7379
7379
7379
7379
7376
7374
7374
7374
7374
7371
7371
7371
7371
7371
7371
7370
7370
7369
7369
7369
7368
7368
7368
7367
7367
7367
7367
7366
7365
7365
7365
7364
7364
7364
7363
7362
7362
7362
7362
7360
7359
7358
7358
7358
7358
7358
7357
7355
7355
7354
7353
7353
7351
7348
7347
7347
7347
7347
7344
7344
7344
7344
7344
7344
7344
7344
7344
7344
7344
7343
7343
7343
7342
7342
7342
7342
7342
7342
7342
7341
7340
7339
7339
7338
7337
7337
7337
7337
7337
7336
7335
7333
7333
7333
7333
7333
7333
7333
7333
7331
7331
7329
7329
7328
7328
7328
7328
7328
7328
7328
7328
7328
7328
7328
7328
7328
7328
7327
7327
7327
7327
7326
7326
7323
7323
7321
7319
7319
7319
7319
7319
7319
7318
7318
7318
7318
7316
7314
7314
7313
7313
7311
7311
7311
7311
7311
7311
7310
7310
7309
7309
7308
7308
7308
7308
7308
7308
7307
7307
7306
7306
7305
7305
7304
7304
7304
7304
7302
7301
7301
7301
7300
7300
7300
7300
7300
7300
7299
7298
7297
7296
7295
7294
7294
7291
7290
7290
7290
7290
7290
7290
7290
7290
7290
7290
7290
7290
7290
7289
7288
7287
7287
7287
7287
7287
7284
7284
7283
7283
7283
7283
7283
7283
7283
7283
7282
7278
7278
7275
7275
7275
7275
7275
7275
7275
7275
7275
7275
7274
7274
7274
7273
7273
7273
7273
7273
7273
7273
7273
7273
7270
7268
7267
7263
7263
7263
7262
7262
7262
7261
7261
7261
7261
7260
7256
7256
7255
7255
7254
7254
7251
7251
7251
7251
7251
7251
7249
7249
7249
7249
7249
7249
7246
7246
7246
7246
7246
7246
7246
7245
7245
7245
7245
7243
7241
7241
7240
7240
7240
7239
7236
7235
7235
7234
7234
7234
7234
7233
7233
7232
7232
7232
7232
7231
7228
7228
7228
7228
7228
7227
7227
7224
7223
7223
7223
7222
7222
7222
7222
7222
7222
7221
7221
7221
7221
7221
7221
7221
7221
7221
7221
7221
7220
7220
7220
7219
7217
7217
7217
7217
7216
7216
7216
7215
7214
7214
7214
7214
7213
7213
7212
7211
7211
7211
7210
7210
7210
7210
7210
7210
7210
7210
7210
7209
7209
7208
7208
7208
7208
7208
7207
7207
7207
7207
7207
7207
7203
7203
7203
7203
7203
7203
7202
7202
7202
7202
7202
7201
7200
7200
7200
7200
7200
7199
7199
7199
7199
7199
7199
7197
7197
7197
7197
7197
7194
7194
7194
7194
7194
7193
7193
7193
7193
7193
7193
7193
7193
7193
7193
7193
7193
7193
7192
7190
7190
7190
7190
7190
7188
7188
7186
7185
7185
7184
7182
7182
7182
7182
7180
7179
7179
7178
7178
7178
7178
7178
7175
7175
7175
7175
7175
7175
7174
7174
7174
7174
7174
7173
7173
7173
7173
7173
7171
7171
7170
7169
7169
7169
7169
7169
7169
7169
7165
7164
7164
7164
7163
7163
7163
7163
7163
7163
7163
7163
7161
7161
7161
7161
7161
7161
7161
7161
7161
7161
7160
7159
7159
7159
7159
7159
7159
7159
7157
7157
7157
7155
7155
7155
7155
7155
7154
7153
7153
7153
7151
7151
7151
7151
7151
7151
7151
7151
7151
7151
7151
7150
7147
7146
7146
7146
7145
7145
7145
7145
7145
7144
7144
7144
7144
7144
7143
7143
7142
7140
7137
7137
7137
7137
7137
7136
7136
7136
7135
7135
7132
7132
7132
7131
7130
7130
7130
7130
7130
7130
7128
7127
7127
7124
7124
7124
7122
7118
7118
7118
7118
7118
7118
7118
7118
7118
7117
7117
7117
7117
7117
7117
7117
7117
7117
7117
7117
7117
7112
7110
7110
7110
7110
7108
7108
7108
7106
7106
7104
7103
7103
7103
7103
7101
7101
7101
7101
7100
7099
7099
7098
7098
7097
7097
7097
7097
7097
7097
7097
7097
7097
7097
7097
7097
7097
7097
7097
7097
7097
7097
7097
7097
7097
7097
7097
7096
7096
7096
7093
7093
7093
7093
7093
7093
7093
7093
7093
7093
7093
7093
7093
7093
7093
7093
7092
7092
7092
7092
7092
7092
7092
7092
7091
7090
7090
7090
7090
7090
7090
7090
7090
7090
7090
7090
7090
7089
7087
7087
7085
7085
7083
7082
7082
7082
7082
7079
7079
7078
7078
7078
7078
7078
7078
7078
7078
7076
7071
7070
7070
7070
7070
7069
7066
7066
7066
7066
7066
7066
7066
7066
7066
7066
7066
7066
7065
7065
7065
7065
7065
7063
7062
7062
7060
7060
7060
7060
7060
7060
7060
7058
7058
7058
7055
7055
7055
7055
7055
7054
7054
7053
7053
7053
7053
7052
7052
7052
7052
7052
7052
7051
7049
7049
7049
7049
7049
7048
7047
7046
7044
7043
7043
7041
7041
7040
7040
7040
7040
7040
7038
7038
7038
7037
7037
7037
7037
7037
7037
7036
7036
7036
7035
7035
7035
7035
7035
7034
7034
7034
7034
7034
7034
7034
7034
7033
7032
7032
7032
7032
7032
7031
7031
7031
7031
7029
7029
7028
7028
7028
7028
7028
7028
7028
7027
7027
7027
7027
7027
7027
7026
7026
7024
7023
7022
7022
7020
7019
7019
7019
7018
7018
7018
7018
7017
7017
7017
7017
7017
7017
7017
7017
7016
7015
7014
7014
7014
7014
7014
7014
7014
7013
7013
7013
7013
7012
7012
7012
7012
7012
7012
7012
7012
7011
7011
7011
7011
7009
7008
7008
7008
7008
7007
7007
7007
7007
7006
7006
7003
7003
7003
7003
7003
7002
7002
7002
7001
7001
7001
7001
7001
7001
7001
7001
7001
7001
7000
6999
6998
6998
6997
6997
6997
6997
6996
6996
6996
6996
6996
6996
6996
6995
6994
6994
6994
6994
6994
6994
6994
6994
6994
6994
6994
6994
6994
6994
6994
6993
6993
6993
6993
6993
6991
6990
6990
6990
6990
6989
6989
6989
6989
6989
6989
6986
6986
6986
6986
6985
6985
6979
6978
6978
6977
6977
6977
6975
6975
6975
6975
6975
6975
6975
6974
6973
6973
6973
6973
6973
6970
6970
6970
6970
6970
6969
6969
6968
6968
6967
6967
6967
6964
6964
6964
6964
6963
6963
6963
6963
6963
6963
6963
6963
6963
6963
6963
6963
6963
6963
6960
6960
6960
6960
6959
6959
6959
6959
6959
6959
6959
6959
6959
6958
6958
6958
6958
6958
6957
6957
6957
6957
6956
6956
6956
6956
6956
6956
6956
6956
6956
6956
6956
6956
6955
6955
6955
6954
6954
6953
6952
6950
6949
6947
6947
6947
6947
6945
6945
6945
6945
6945
6944
6944
6943
6943
6943
6940
6940
6939
6939
6938
6938
6938
6938
6938
6938
6938
6938
6938
6938
6938
6938
6938
6938
6938
6937
6936
6936
6936
6936
6936
6936
6935
6935
6935
6934
6934
6934
6933
6933
6933
6933
6933
6933
6931
6931
6930
6930
6930
6930
6929
6928
6927
6927
6927
6927
6927
6926
6926
6926
6923
6923
6923
6923
6923
6923
6923
6923
6923
6923
6922
6922
6922
6922
6922
6922
6922
6919
6918
6918
6918
6916
6916
6915
6913
6912
6910
6910
6910
6910
6910
6906
6906
6906
6905
6903
6903
6903
6903
6903
6903
6903
6903
6903
6903
6903
6903
6903
6903
6903
6903
6903
6903
6903
6901
6901
6901
6901
6899
6899
6899
6896
6894
6894
6894
6894
6894
6894
6893
6893
6893
6893
6893
6893
6892
6889
6887
6886
6886
6886
6886
6886
6885
6885
6885
6885
6885
6883
6883
6883
6883
6883
6883
6883
6883
6883
6883
6883
6883
6882
6880
6879
6879
6879
6878
6877
6877
6877
6876
6872
6869
6869
6869
6869
6869
6868
6866
6866
6866
6866
6866
6866
6866
6866
6866
6866
6863
6863
6863
6863
6863
6863
6863
6863
6863
6863
6863
6863
6863
6862
6861
6860
6859
6859
6859
6859
6859
6858
6858
6858
6858
6858
6857
6857
6857
6856
6856
6856
6856
6856
6856
6853
6853
6851
6851
6850
6850
6850
6850
6848
6848
6847
6847
6846
6846
6846
6846
6846
6845
6845
6845
6845
6845
6844
6843
6843
6843
6843
6843
6843
6843
6842
6842
6842
6839
6838
6837
6837
6837
6837
6837
6837
6837
6837
6835
6835
6835
6835
6835
6833
6833
6833
6833
6833
6833
6833
6833
6832
6831
6831
6831
6831
6831
6830
6830
6830
6830
6829
6829
6829
6829
6829
6827
6827
6827
6825
6824
6824
6824
6824
6823
6823
6823
6823
6823
6823
6823
6820
6820
6820
6820
6819
6819
6818
6818
6818
6818
6818
6818
6818
6818
6818
6818
6818
6818
6818
6818
6815
6815
6815
6815
6813
6812
6812
6812
6811
6811
6811
6809
6809
6809
6807
6806
6806
6806
6806
6806
6806
6806
6804
6804
6804
6804
6804
6804
6804
6803
6803
6803
6803
6803
6803
6803
6803
6803
6803
6803
6800
6800
6799
6799
6799
6799
6798
6798
6797
6797
6797
6796
6796
6795
6795
6795
6795
6794
6794
6794
6794
6794
6793
6793
6793
6793
6793
6792
6792
6792
6792
6790
6790
6790
6789
6789
6789
6788
6788
6788
6787
6787
6787
6784
6784
6783
6782
6782
6782
6780
6778
6778
6778
6778
6778
6778
6778
6774
6773
6772
6771
6771
6771
6771
6771
6770
6769
6767
6767
6767
6767
6766
6766
6766
6766
6766
6766
6766
6765
6765
6765
6764
6763
6762
6762
6762
6762
6762
6761
6760
6760
6760
6758
6758
6758
6758
6758
6758
6758
6758
6758
6756
6756
6756
6756
6756
6754
6754
6754
6754
6754
6754
6753
6753
6751
6751
6748
6748
6748
6748
6748
6747
6747
6747
6747
6747
6747
6747
6746
6745
6745
6745
6744
6744
6744
6742
6742
6742
6741
6741
6741
6740
6739
6739
6739
6739
6739
6738
6738
6738
6737
6737
6736
6736
6736
6736
6736
6736
6736
6736
6736
6736
6736
6735
6734
6734
6734
6734
6734
6734
6733
6733
6733
6733
6732
6732
6729
6729
6728
6728
6728
6727
6725
6725
6724
6724
6723
6723
6723
6723
6722
6722
6721
6721
6721
6721
6721
6721
6721
6716
6716
6715
6715
6715
6715
6715
6715
6714
6714
6713
6713
6710
6710
6710
6710
6709
6709
6709
6709
6709
6709
6708
6708
6708
6708
6708
6708
6707
6707
6707
6707
6707
6707
6707
6707
6707
6707
6707
6707
6707
6707
6707
6707
6707
6706
6706
6706
6706
6706
6706
6706
6706
6706
6703
6703
6703
6702
6701
6701
6701
6701
6701
6698
6695
6694
6694
6694
6693
6692
6691
6690
6690
6688
6688
6688
6687
6687
6687
6687
6687
6687
6687
6687
6686
6686
6686
6686
6686
6684
6684
6684
6683
6683
6683
6683
6682
6682
6682
6680
6680
6678
6678
6678
6678
6678
6678
6678
6677
6676
6676
6676
6676
6676
6674
6674
6674
6674
6674
6673
6673
6673
6673
6673
6672
6669
6669
6669
6669
6669
6668
6668
6666
6666
6666
6666
6665
6665
6665
6664
6664
6662
6661
6661
6661
6661
6661
6659
6656
6656
6656
6656
6656
6655
6655
6653
6653
6652
6652
6651
6651
6650
6650
6650
6650
6650
6650
6650
6648
6648
6648
6648
6648
6648
6648
6648
6648
6648
6647
6646
6646
6646
6646
6646
6646
6646
6645
6644
6644
6643
6643
6643
6643
6643
6643
6641
6640
6640
6640
6640
6640
6638
6638
6636
6636
6636
6636
6636
6636
6635
6635
6635
6635
6635
6635
6635
6635
6635
6635
6635
6635
6634
6634
6634
6631
6629
6629
6629
6629
6628
6628
6625
6625
6623
6623
6623
6623
6623
6621
6621
6621
6621
6621
6621
6621
6620
6620
6620
6620
6620
6620
6619
6619
6619
6617
6617
6617
6617
6614
6614
6614
6614
6614
6614
6614
6614
6611
6610
6610
6610
6610
6610
6609
6609
6609
6609
6608
6608
6608
6608
6607
6607
6606
6606
6606
6606
6606
6604
6604
6604
6604
6604
6603
6603
6603
6602
6601
6601
6601
6601
6600
6600
6600
6600
6600
6600
6599
6597
6597
6597
6597
6597
6597
6597
6592
6592
6592
6592
6592
6591
6591
6591
6591
6590
6590
6590
6590
6589
6589
6589
6589
6589
6588
6588
6588
6588
6587
6587
6587
6586
6586
6585
6584
6584
6583
6583
6583
6583
6583
6582
6582
6579
6578
6578
6578
6578
6578
6577
6576
6575
6574
6574
6574
6574
6574
6574
6572
6571
6571
6571
6571
6571
6571
6568
6568
6568
6567
6567
6567
6567
6567
6567
6567
6567
6567
6567
6567
6567
6567
6566
6566
6565
6563
6563
6563
6563
6563
6563
6563
6562
6562
6561
6561
6561
6561
6561
6561
6557
6557
6557
6557
6555
6555
6551
6551
6551
6551
6551
6550
6550
6550
6550
6550
6550
6550
6549
6548
6548
6547
6546
6545
6545
6545
6545
6544
6543
6543
6543
6543
6543
6542
6542
6542
6542
6542
6542
6542
6542
6542
6542
6542
6541
6540
6540
6539
6538
6538
6538
6538
6538
6536
6536
6535
6534
6534
6534
6534
6534
6534
6534
6534
6531
6531
6530
6530
6530
6530
6530
6530
6528
6526
6524
6524
6523
6523
6521
6520
6516
6516
6516
6516
6516
6516
6516
6515
6515
6514
6514
6513
6513
6512
6512
6512
6511
6511
6511
6511
6508
6508
6507
6507
6506
6506
6506
6506
6506
6505
6505
6505
6504
6504
6504
6504
6504
6503
6503
6502
6502
6502
6502
6500
6500
6500
6496
6496
6496
6496
6496
6496
6496
6496
6496
6496
6496
6496
6496
6496
6495
6495
6494
6494
6494
6494
6494
6493
6488
6488
6488
6488
6487
6487
6486
6486
6486
6485
6484
6483
6482
6482
6479
6479
6479
6477
6477
6477
6477
6477
6475
6474
6474
6474
6473
6473
6473
6473
6473
6473
6473
6473
6473
6472
6471
6471
6471
6470
6470
6469
6469
6469
6469
6468
6467
6467
6467
6466
6466
6465
6465
6465
6463
6463
6461
6461
6461
6459
6459
6459
6458
6456
6456
6456
6455
6455
6455
6455
6453
6452
6452
6452
6451
6451
6451
6451
6451
6451
6450
6450
6450
6450
6449
6449
6449
6449
6448
6448
6446
6446
6444
6444
6444
6444
6444
6444
6441
6438
6438
6438
6438
6438
6438
6438
6438
6438
6437
6436
6436
6436
6436
6436
6436
6434
6434
6434
6434
6434
6434
6434
6433
6432
6432
6431
6427
6426
6426
6426
6426
6426
6426
6426
6426
6424
6423
6423
6423
6423
6423
6423
6423
6423
6423
6423
6422
6420
6420
6420
6420
6420
6420
6420
6420
6417
6414
6414
6413
6413
6413
6413
6412
6412
6412
6411
6410
6410
6410
6410
6410
6410
6409
6409
6409
6409
6409
6409
6409
6409
6409
6409
6408
6408
6408
6407
6407
6406
6405
6405
6404
6404
6404
6404
6404
6404
6404
6403
6403
6403
6403
6403
6403
6403
6401
6400
6400
6400
6400
6400
6400
6400
6400
6399
6399
6397
6397
6397
6397
6397
6397
6397
6397
6397
6397
6397
6395
6395
6394
6393
6393
6393
6393
6393
6393
6392
6392
6390
6390
6390
6390
6390
6389
6388
6387
6387
6387
6387
6386
6386
6385
6385
6385
6385
6384
6383
6382
6380
6380
6380
6380
6380
6380
6380
6377
6376
6376
6376
6375
6375
6375
6375
6375
6375
6375
6375
6374
6374
6374
6372
6372
6372
6372
6372
6372
6372
6372
6372
6372
6372
6372
6372
6371
6371
6371
6371
6371
6370
6370
6370
6368
6368
6367
6366
6366
6366
6366
6366
6366
6365
6365
6365
6364
6364
6362
6362
6361
6360
6360
6360
6360
6360
6360
6360
6360
6360
6360
6360
6360
6358
6358
6358
6358
6358
6357
6357
6357
6357
6357
6356
6356
6356
6356
6356
6356
6356
6356
6356
6356
6356
6356
6354
6353
6352
6352
6352
6350
6348
6347
6347
6347
6347
6347
6346
6346
6345
6344
6344
6344
6344
6343
6342
6342
6342
6342
6342
6342
6342
6342
6342
6342
6341
6341
6341
6341
6340
6340
6337
6337
6336
6334
6334
6332
6332
6330
6329
6328
6328
6328
6327
6327
6325
6324
6324
6322
6321
6321
6321
6320
6320
6320
6320
6320
6320
6320
6320
6320
6319
6319
6319
6319
6319
6319
6318
6318
6316
6316
6316
6316
6316
6316
6312
6312
6312
6311
6311
6311
6311
6311
6311
6311
6311
6311
6311
6309
6309
6309
6308
6308
6306
6306
6306
6306
6306
6305
6305
6305
6305
6305
6305
6305
6305
6303
6303
6302
6302
6301
6298
6298
6298
6298
6298
6298
6297
6297
6296
6296
6291
6291
6291
6291
6291
6291
6291
6290
6290
6290
6290
6290
6290
6290
6290
6290
6290
6289
6289
6289
6286
6285
6285
6285
6285
6285
6285
6284
6283
6282
6282
6281
6281
6281
6281
6280
6280
6280
6280
6280
6280
6280
6279
6279
6279
6278
6278
6276
6276
6276
6276
6276
6276
6274
6274
6274
6274
6274
6273
6273
6273
6272
6272
6272
6272
6272
6272
6272
6272
6272
6270
6270
6270
6268
6268
6268
6268
6266
6266
6266
6266
6266
6265
6265
6265
6265
6265
6264
6262
6261
6261
6261
6260
6260
6259
6259
6259
6259
6259
6259
6258
6253
6253
6253
6253
6252
6252
6252
6251
6249
6247
6245
6244
6244
6244
6244
6244
6244
6243
6243
6243
6243
6242
6241
6240
6240
6240
6240
6238
6238
6238
6234
6233
6229
6229
6229
6228
6227
6227
6226
6226
6226
6225
6224
6223
6223
6223
6222
6221
6221
6219
6219
6219
6219
6218
6218
6218
6218
6218
6218
6218
6217
6217
6217
6217
6217
6217
6217
6217
6216
6216
6216
6215
6215
6215
6215
6215
6215
6214
6214
6214
6214
6214
6214
6214
6214
6214
6214
6214
6213
6212
6212
6212
6212
6212
6212
6211
6211
6211
6211
6211
6211
6210
6206
6206
6206
6205
6205
6203
6201
6201
6201
6201
6201
6200
6200
6199
6199
6199
6199
6199
6194
6193
6193
6192
6192
6191
6191
6190
6190
6189
6189
6189
6189
6189
6188
6188
6186
6186
6184
6184
6183
6182
6182
6182
6182
6181
6180
6178
6178
6178
6176
6174
6174
6172
6172
6171
6171
6171
6171
6171
6169
6169
6169
6169
6168
6168
6166
6166
6166
6166
6166
6166
6166
6164
6164
6164
6163
6163
6162
6162
6160
6157
6157
6154
6154
6153
6152
6152
6152
6152
6152
6151
6151
6151
6151
6151
6150
6150
6150
6150
6149
6149
6149
6149
6149
6149
6147
6146
6144
6144
6143
6142
6142
6141
6141
6140
6140
6140
6140
6138
6138
6138
6137
6137
6137
6137
6137
6137
6135
6135
6135
6133
6133
6132
6132
6132
6131
6130
6130
6130
6129
6129
6129
6129
6129
6129
6129
6127
6127
6127
6127
6126
6126
6126
6126
6126
6125
6125
6124
6124
6124
6124
6124
6124
6124
6124
6123
6123
6123
6123
6122
6122
6122
6122
6122
6122
6121
6121
6120
6120
6120
6119
6119
6118
6117
6116
6115
6115
6114
6114
6112
6112
6112
6112
6111
6111
6111
6111
6111
6111
6110
6109
6109
6109
6109
6106
6106
6106
6106
6106
6106
6106
6105
6105
6105
6105
6103
6103
6103
6103
6103
6103
6102
6102
6100
6099
6099
6099
6099
6099
6099
6094
6094
6093
6093
6093
6093
6093
6092
6092
6091
6091
6091
6090
6088
6088
6088
6088
6088
6088
6088
6088
6088
6088
6088
6088
6088
6086
6084
6082
6082
6082
6082
6082
6082
6082
6082
6082
6082
6081
6080
6080
6080
6077
6077
6077
6075
6075
6075
6075
6075
6075
6074
6072
6072
6072
6071
6071
6071
6070
6070
6070
6070
6070
6070
6068
6065
6064
6064
6064
6064
6063
6063
6062
6062
6062
6062
6062
6062
6062
6062
6062
6062
6062
6060
6058
6058
6057
6057
6057
6057
6057
6057
6057
6057
6057
6057
6057
6057
6057
6057
6057
6057
6056
6056
6056
6056
6054
6054
6054
6053
6050
6048
6048
6046
6046
6046
6045
6045
6045
6045
6045
6044
6043
6041
6041
6041
6040
6039
6037
6036
6035
6035
6033
6033
6033
6033
6033
6032
6032
6030
6029
6029
6029
6029
6029
6027
6027
6027
6027
6027
6027
6027
6025
6025
6025
6025
6025
6024
6023
6023
6023
6023
6023
6022
6022
6022
6022
6022
6018
6018
6018
6017
6016
6012
6012
6012
6012
6012
6011
6010
6010
6010
6010
6010
6010
6010
6010
6010
6010
6010
6010
6010
6010
6010
6010
6010
6010
6010
6010
6010
6010
6010
6010
6010
6008
6008
6007
6007
6006
6006
6005
6004
6003
6003
6003
6003
6003
6003
6003
6003
6003
6003
6003
6003
6003
6001
6001
6001
6000
6000
6000
6000
5998
5998
5996
5996
5996
5996
5996
5995
5995
5995
5995
5995
5995
5995
5995
5995
5994
5994
5991
5990
5989
5989
5989
5989
5986
5986
5986
5984
5984
5984
5984
5984
5984
5983
5982
5982
5982
5982
5981
5981
5980
5979
5978
5978
5978
5976
5976
5976
5976
5976
5975
5975
5975
5975
5975
5975
5974
5974
5974
5974
5974
5974
5974
5974
5974
5973
5973
5973
5973
5973
5973
5973
5973
5973
5971
5971
5969
5969
5968
5968
5968
5968
5968
5968
5966
5965
5964
5964
5964
5964
5964
5964
5964
5964
5964
5964
5964
5964
5964
5964
5964
5964
5964
5960
5960
5960
5960
5959
5959
5959
5958
5958
5958
5957
5957
5957
5957
5957
5957
5957
5957
5957
5954
5954
5954
5954
5954
5954
5954
5949
5949
5949
5949
5949
5948
5948
5947
5947
5947
5947
5946
5946
5946
5946
5945
5944
5944
5944
5943
5942
5941
5941
5941
5940
5940
5940
5940
5940
5938
5938
5937
5937
5936
5936
5936
5936
5936
5936
5935
5935
5935
5935
5934
5932
5932
5932
5932
5932
5931
5931
5931
5930
5929
5929
5929
5929
5928
5927
5927
5926
5926
5926
5925
5924
5924
5922
5920
5918
5918
5917
5917
5917
5916
5915
5915
5915
5915
5914
5914
5914
5914
5914
5913
5911
5911
5911
5911
5911
5911
5911
5911
5908
5907
5907
5907
5907
5907
5907
5907
5906
5905
5903
5903
5903
5903
5902
5902
5901
5901
5898
5897
5897
5897
5897
5897
5897
5896
5896
5896
5896
5896
5895
5895
5895
5895
5895
5895
5893
5893
5893
5893
5893
5893
5893
5892
5892
5889
5888
5888
5888
5888
5888
5888
5888
5888
5888
5888
5888
5888
5888
5888
5888
5888
5888
5888
5888
5887
5887
5887
5887
5887
5886
5886
5886
5886
5886
5886
5886
5886
5886
5886
5885
5885
5885
5885
5885
5885
5885
5885
5885
5885
5885
5884
5883
5883
5883
5883
5882
5881
5881
5880
5880
5879
5878
5878
5878
5877
5877
5876
5876
5871
5871
5871
5871
5871
5871
5870
5869
5869
5868
5868
5868
5868
5866
5866
5865
5860
5860
5860
5860
5860
5860
5860
5860
5860
5859
5859
5859
5858
5857
5857
5857
5857
5857
5856
5856
5855
5855
5855
5854
5854
5854
5854
5854
5854
5854
5852
5852
5852
5852
5852
5850
5850
5850
5849
5849
5849
5848
5848
5847
5847
5847
5847
5847
5847
5846
5845
5844
5844
5844
5844
5844
5844
5844
5844
5844
5844
5843
5843
5843
5843
5843
5842
5842
5841
5841
5841
5840
5840
5840
5839
5839
5839
5839
5839
5839
5839
5839
5839
5838
5837
5836
5835
5835
5835
5835
5835
5831
5831
5831
5831
5831
5831
5831
5830
5830
5830
5830
5829
5828
5828
5827
5827
5827
5827
5827
5826
5826
5826
5826
5826
5826
5826
5826
5826
5826
5826
5825
5825
5825
5825
5825
5825
5825
5825
5825
5822
5822
5822
5822
5822
5821
5820
5820
5820
5820
5819
5818
5818
5818
5818
5818
5817
5817
5816
5815
5815
5815
5815
5815
5815
5815
5815
5815
5815
5811
5810
5809
5809
5807
5806
5805
5802
5802
5802
5801
5800
5800
5800
5798
5797
5797
5796
5796
5796
5796
5795
5794
5794
5794
5794
5793
5793
5792
5792
5792
5792
5790
5787
5787
5785
5785
5784
5783
5782
5781
5781
5781
5781
5781
5781
5781
5778
5778
5778
5777
5777
5777
5777
5776
5776
5776
5774
5774
5774
5774
5774
5774
5774
5774
5774
5773
5773
5773
5773
5773
5772
5771
5770
5770
5770
5770
5770
5769
5769
5768
5766
5765
5765
5764
5764
5763
5763
5763
5763
5761
5761
5761
5761
5761
5760
5760
5760
5759
5759
5759
5759
5756
5756
5756
5756
5756
5755
5755
5755
5755
5755
5755
5755
5755
5755
5753
5752
5752
5752
5752
5751
5751
5751
5751
5751
5751
5751
5751
5751
5751
5751
5751
5751
5751
5751
5749
5749
5749
5749
5749
5749
5748
5746
5746
5745
5745
5745
5743
5743
5743
5743
5743
5742
5742
5741
5740
5739
5739
5739
5739
5739
5739
5739
5739
5739
5739
5739
5739
5739
5738
5738
5738
5738
5737
5737
5736
5736
5736
5736
5736
5736
5736
5736
5735
5735
5735
5735
5735
5735
5735
5735
5735
5735
5735
5735
5734
5733
5731
5731
5731
5731
5731
5731
5730
5730
5730
5729
5729
5728
5727
5727
5727
5727
5726
5726
5726
5726
5726
5726
5726
5726
5725
5723
5722
5722
5722
5722
5722
5722
5720
5719
5719
5719
5718
5718
5718
5717
5717
5716
5716
5715
5715
5715
5715
5714
5714
5714
5714
5714
5714
5714
5714
5714
5713
5711
5711
5711
5711
5711
5710
5708
5708
5708
5707
5705
5703
5703
5703
5703
5702
5701
5701
5700
5700
5700
5700
5699
5699
5699
5697
5694
5694
5694
5694
5694
5694
5693
5693
5692
5692
5692
5692
5687
5687
5687
5686
5686
5686
5685
5685
5683
5682
5681
5681
5681
5681
5681
5680
5679
5676
5676
5675
5673
5673
5673
5672
5672
5672
5672
5672
5672
5672
5670
5670
5670
5670
5670
5670
5670
5670
5670
5670
5670
5670
5670
5668
5667
5666
5666
5666
5665
5664
5664
5664
5664
5664
5664
5662
5661
5661
5660
5660
5660
5660
5659
5659
5659
5659
5659
5658
5658
5656
5655
5655
5655
5653
5653
5653
5653
5653
5653
5652
5650
5650
5650
5649
5649
5647
5647
5647
5647
5647
5646
5646
5646
5646
5646
5646
5644
5643
5643
5643
5643
5642
5641
5641
5641
5641
5641
5640
5640
5640
5639
5639
5639
5638
5636
5636
5635
5635
5635
5635
5635
5635
5635
5635
5635
5635
5635
5634
5631
5631
5630
5628
5628
5627
5627
5627
5626
5625
5625
5625
5625
5625
5625
5625
5625
5625
5625
5625
5624
5624
5621
5621
5621
5621
5621
5621
5621
5620
5620
5620
5620
5620
5620
5620
5620
5620
5620
5620
5620
5620
5620
5620
5620
5620
5620
5619
5619
5619
5619
5619
5619
5619
5619
5619
5618
5618
5618
5618
5618
5617
5617
5617
5617
5617
5617
5617
5616
5616
5616
5616
5615
5613
5612
5611
5610
5608
5608
5605
5605
5604
5604
5603
5603
5603
5603
5603
5600
5600
5600
5598
5598
5596
5595
5595
5594
5594
5594
5594
5594
5594
5594
5594
5594
5593
5593
5592
5592
5590
5590
5590
5587
5585
5585
5582
5582
5581
5579
5579
5579
5579
5579
5579
5579
5579
5579
5579
5579
5579
5579
5578
5578
5578
5578
5576
5576
5576
5576
5576
5576
5575
5575
5575
5573
5570
5570
5569
5568
5568
5568
5568
5568
5567
5566
5566
5566
5565
5565
5565
5565
5565
5565
5565
5565
5565
5565
5565
5565
5565
5565
5564
5564
5562
5560
5560
5560
5560
5560
5560
5559
5559
5559
5559
5559
5557
5557
5556
5556
5552
5552
5552
5551
5550
5550
5550
5550
5550
5549
5549
5546
5546
5546
5545
5545
5545
5545
5541
5541
5540
5539
5539
5539
5539
5539
5539
5538
5538
5538
5538
5537
5535
5535
5535
5535
5535
5535
5535
5535
5535
5535
5534
5533
5532
5530
5530
5529
5529
5528
5528
5528
5527
5527
5527
5527
5527
5526
5526
5526
5526
5525
5525
5525
5525
5523
5523
5522
5522
5522
5522
5521
5521
5521
5521
5521
5521
5520
5520
5520
5520
5519
5519
5519
5518
5515
5514
5514
5514
5513
5513
5513
5513
5512
5512
5512
5512
5512
5512
5511
5511
5511
5511
5511
5511
5511
5510
5510
5509
5509
5509
5509
5507
5507
5507
5507
5507
5507
5506
5506
5506
5506
5506
5506
5506
5506
5506
5505
5505
5505
5505
5505
5505
5505
5505
5504
5504
5504
5504
5503
5503
5503
5503
5500
5500
5497
5497
5497
5496
5496
5496
5496
5495
5494
5494
5494
5491
5491
5490
5489
5489
5488
5488
5488
5487
5486
5486
5486
5484
5484
5482
5482
5482
5482
5482
5482
5482
5482
5482
5481
5481
5480
5480
5479
5478
5476
5476
5476
5474
5474
5474
5474
5474
5473
5472
5472
5471
5470
5468
5468
5468
5468
5468
5468
5468
5467
5465
5465
5463
5463
5461
5461
5460
5459
5458
5458
5458
5458
5458
5457
5457
5455
5454
5454
5454
5454
5454
5454
5453
5452
5452
5452
5452
5451
5451
5451
5451
5451
5451
5450
5450
5450
5449
5449
5449
5449
5449
5448
5448
5448
5448
5447
5447
5447
5447
5446
5446
5446
5445
5444
5444
5440
5440
5439
5439
5439
5439
5439
5439
5439
5439
5439
5439
5439
5438
5438
5438
5438
5437
5437
5437
5437
5437
5436
5435
5435
5435
5433
5433
5433
5432
5432
5432
5431
5431
5431
5431
5431
5431
5431
5430
5430
5430
5430
5429
5429
5429
5429
5429
5429
5429
5427
5426
5425
5425
5425
5424
5424
5421
5421
5421
5420
5420
5420
5420
5420
5420
5418
5418
5417
5417
5417
5417
5417
5417
5417
5417
5417
5417
5417
5417
5417
5417
5417
5416
5416
5416
5416
5416
5416
5414
5412
5412
5411
5411
5411
5411
5411
5411
5411
5411
5411
5411
5410
5410
5410
5409
5409
5409
5408
5408
5407
5407
5406
5406
5405
5400
5400
5400
5400
5400
5399
5399
5397
5397
5397
5396
5396
5395
5395
5395
5395
5395
5394
5394
5394
5393
5393
5393
5393
5393
5392
5392
5391
5389
5389
5388
5388
5388
5388
5388
5388
5388
5388
5388
5388
5388
5388
5387
5386
5386
5386
5386
5386
5386
5382
5381
5378
5377
5377
5377
5377
5377
5377
5377
5377
5377
5377
5377
5376
5375
5374
5374
5374
5374
5373
5373
5372
5372
5372
5371
5371
5371
5371
5370
5370
5370
5370
5369
5369
5368
5368
5367
5367
5366
5366
5366
5365
5365
5364
5364
5364
5364
5362
5362
5362
5361
5361
5361
5361
5361
5361
5361
5361
5359
5359
5359
5358
5358
5357
5357
5357
5357
5357
5357
5355
5355
5355
5354
5354
5354
5354
5354
5354
5354
5353
5353
5353
5353
5353
5353
5353
5353
5353
5352
5352
5352
5352
5352
5352
5352
5352
5352
5352
5352
5350
5350
5350
5350
5350
5349
5348
5345
5345
5345
5345
5345
5344
5341
5341
5341
5340
5340
5340
5340
5339
5339
5339
5337
5337
5337
5337
5337
5337
5337
5337
5335
5335
5335
5335
5334
5333
5333
5333
5333
5333
5333
5333
5333
5333
5333
5333
5333
5332
5332
5330
5330
5330
5330
5330
5329
5329
5329
5328
5328
5328
5328
5327
5326
5326
5326
5326
5326
5326
5326
5326
5326
5326
5326
5325
5324
5319
5319
5318
5318
5318
5317
5317
5316
5316
5315
5315
5314
5314
5314
5313
5313
5313
5313
5313
5313
5313
5313
5312
5312
5312
5312
5310
5310
5309
5309
5308
5308
5306
5306
5305
5303
5302
5302
5302
5302
5302
5300
5300
5300
5300
5296
5296
5296
5296
5296
5296
5296
5296
5296
5296
5295
5295
5294
5293
5293
5293
5293
5292
5292
5292
5292
5292
5291
5291
5289
5289
5289
5287
5287
5286
5286
5285
5285
5285
5284
5283
5283
5283
5283
5282
5281
5281
5279
5279
5278
5278
5278
5277
5277
5277
5276
5276
5275
5275
5275
5274
5274
5274
5274
5273
5272
5272
5269
5269
5268
5268
5268
5267
5266
5262
5262
5260
5260
5260
5260
5260
5258
5257
5257
5255
5255
5255
5254
5253
5252
5252
5252
5251
5251
5251
5250
5250
5250
5250
5250
5250
5250
5249
5249
5248
5248
5245
5245
5244
5242
5242
5241
5241
5241
5241
5241
5239
5238
5235
5235
5234
5233
5233
5233
5233
5233
5233
5232
5232
5231
5231
5231
5231
5230
5230
5229
5229
5229
5228
5228
5228
5228
5228
5227
5227
5226
5226
5226
5226
5226
5226
5226
5225
5225
5225
5225
5225
5225
5224
5224
5224
5223
5221
5221
5221
5221
5220
5220
5217
5217
5217
5217
5217
5214
5214
5214
5214
5214
5214
5212
5212
5212
5212
5212
5210
5210
5210
5210
5210
5209
5209
5208
5207
5207
5207
5206
5206
5206
5206
5205
5205
5202
5202
5202
5202
5201
5201
5201
5201
5201
5201
5200
5200
5200
5198
5198
5197
5197
5197
5196
5196
5194
5194
5192
5191
5190
5189
5189
5189
5186
5185
5185
5185
5185
5185
5185
5183
5183
5183
5183
5182
5182
5182
5181
5181
5181
5181
5178
5178
5178
5178
5177
5177
5177
5177
5176
5176
5176
5175
5174
5173
5172
5172
5171
5171
5169
5169
5169
5167
5167
5167
5167
5167
5167
5167
5167
5167
5167
5167
5167
5164
5164
5163
5163
5161
5161
5160
5160
5159
5159
5159
5159
5159
5159
5158
5158
5158
5158
5157
5155
5154
5153
5153
5152
5151
5151
5151
5151
5151
5151
5151
5150
5148
5148
5148
5147
5147
5147
5146
5146
5146
5146
5144
5144
5143
5143
5142
5142
5142
5141
5141
5141
5141
5140
5140
5140
5140
5140
5140
5140
5139
5139
5139
5139
5138
5138
5138
5138
5138
5136
5134
5133
5133
5131
5130
5130
5126
5126
5125
5125
5125
5124
5124
5123
5122
5121
5121
5121
5121
5121
5121
5120
5120
5119
5119
5119
5119
5119
5119
5119
5119
5119
5119
5119
5118
5117
5117
5117
5117
5117
5117
5117
5117
5113
5112
5112
5111
5111
5111
5110
5110
5110
5110
5107
5107
5102
5102
5102
5102
5102
5102
5102
5100
5100
5099
5098
5098
5097
5097
5097
5097
5097
5097
5097
5095
5095
5094
5093
5091
5087
5087
5086
5085
5083
5083
5083
5083
5083
5083
5083
5082
5081
5081
5081
5081
5081
5080
5080
5080
5080
5080
5079
5079
5079
5079
5079
5078
5078
5078
5078
5078
5077
5075
5075
5075
5072
5071
5068
5067
5067
5066
5066
5064
5064
5064
5064
5063
5063
5063
5063
5063
5061
5061
5059
5059
5059
5059
5058
5058
5058
5058
5056
5055
5055
5055
5055
5055
5055
5055
5054
5054
5054
5054
5054
5054
5051
5051
5051
5051
5051
5049
5046
5046
5046
5046
5046
5045
5045
5045
5045
5045
5045
5045
5045
5045
5045
5045
5045
5045
5044
5044
5044
5042
5042
5042
5041
5041
5041
5041
5041
5041
5038
5036
5036
5035
5034
5034
5034
5034
5033
5033
5033
5033
5033
5033
5032
5032
5032
5031
5031
5031
5031
5030
5030
5030
5030
5030
5030
5030
5029
5028
5028
5028
5028
5028
5028
5027
5027
5027
5026
5026
5024
5024
5024
5024
5024
5024
5023
5021
5021
5021
5021
5021
5021
5020
5019
5019
5018
5018
5016
5015
5012
5012
5011
5011
5011
5007
5005
5004
5004
5003
5002
5002
5002
5002
5002
5002
5001
4999
4999
4999
4998
4998
4998
4997
4995
4994
4994
4994
4994
4994
4993
4993
4993
4993
4992
4992
4992
4992
4992
4992
4992
4992
4990
4990
4988
4988
4988
4987
4987
4986
4986
4986
4986
4985
4985
4985
4985
4984
4983
4981
4981
4981
4981
4981
4978
4975
4973
4973
4970
4970
4970
4970
4970
4969
4968
4968
4968
4967
4967
4967
4967
4967
4967
4967
4967
4967
4967
4967
4966
4965
4965
4964
4964
4963
4963
4962
4962
4962
4962
4962
4962
4962
4960
4960
4960
4960
4958
4957
4956
4956
4955
4955
4955
4952
4952
4952
4952
4949
4949
4948
4948
4948
4948
4948
4947
4946
4946
4946
4946
4946
4945
4945
4943
4943
4943
4943
4943
4943
4943
4943
4942
4941
4940
4940
4940
4940
4940
4940
4940
4940
4940
4936
4935
4934
4933
4933
4933
4933
4933
4931
4929
4929
4929
4929
4929
4928
4928
4928
4928
4928
4927
4925
4924
4924
4921
4921
4921
4921
4919
4918
4918
4918
4918
4918
4918
4918
4917
4917
4917
4917
4917
4915
4915
4915
4915
4915
4915
4914
4914
4914
4914
4914
4914
4914
4914
4914
4914
4914
4913
4913
4913
4912
4912
4912
4911
4911
4909
4909
4909
4909
4908
4908
4908
4908
4908
4908
4908
4907
4907
4906
4906
4906
4905
4904
4904
4904
4904
4904
4904
4903
4903
4902
4902
4902
4902
4902
4896
4894
4894
4893
4893
4893
4893
4893
4893
4892
4892
4892
4889
4888
4888
4888
4888
4888
4888
4887
4887
4887
4887
4885
4885
4881
4881
4881
4880
4880
4880
4880
4879
4879
4878
4878
4876
4876
4875
4874
4872
4871
4871
4871
4871
4871
4870
4870
4870
4869
4869
4869
4869
4869
4868
4868
4867
4867
4867
4867
4866
4866
4866
4864
4864
4864
4864
4864
4864
4864
4862
4861
4860
4858
4857
4857
4856
4856
4856
4854
4854
4854
4854
4854
4854
4853
4853
4852
4851
4851
4850
4848
4848
4848
4847
4847
4844
4842
4841
4840
4840
4840
4840
4840
4840
4840
4840
4840
4839
4839
4839
4837
4837
4837
4837
4836
4836
4836
4836
4836
4835
4835
4835
4835
4835
4835
4835
4835
4835
4835
4835
4835
4835
4835
4834
4833
4833
4833
4832
4832
4832
4832
4832
4827
4827
4827
4826
4825
4825
4825
4825
4824
4823
4823
4822
4822
4822
4822
4822
4822
4822
4822
4822
4822
4821
4820
4819
4819
4819
4818
4817
4816
4816
4816
4816
4816
4816
4816
4815
4815
4815
4814
4813
4813
4813
4813
4813
4812
4812
4811
4810
4810
4810
4810
4810
4810
4810
4809
4809
4809
4808
4807
4806
4806
4806
4806
4806
4805
4804
4804
4804
4803
4801
4800
4799
4799
4799
4798
4798
4798
4798
4796
4796
4796
4796
4796
4796
4796
4796
4796
4796
4796
4796
4796
4796
4796
4796
4796
4796
4795
4795
4795
4795
4794
4794
4794
4794
4793
4793
4793
4793
4790
4790
4790
4790
4790
4790
4790
4790
4790
4790
4790
4790
4790
4790
4790
4790
4790
4790
4790
4790
4790
4790
4790
4790
4790
4790
4790
4790
4790
4788
4788
4788
4788
4788
4788
4788
4787
4787
4786
4785
4785
4784
4784
4783
4783
4783
4783
4782
4782
4782
4782
4782
4782
4782
4781
4781
4781
4779
4779
4779
4779
4779
4779
4779
4778
4778
4778
4777
4776
4776
4775
4775
4774
4774
4774
4773
4773
4773
4773
4772
4770
4770
4770
4770
4770
4770
4770
4770
4770
4770
4769
4767
4767
4767
4767
4767
4764
4764
4763
4763
4761
4761
4761
4761
4761
4761
4760
4758
4758
4758
4757
4757
4757
4756
4756
4754
4754
4754
4753
4752
4752
4752
4752
4752
4752
4752
4752
4752
4752
4752
4752
4750
4750
4750
4750
4750
4750
4750
4747
4747
4747
4746
4743
4743
4743
4742
4741
4741
4741
4740
4740
4738
4738
4738
4738
4738
4736
4736
4735
4735
4735
4735
4734
4731
4730
4730
4730
4730
4729
4724
4724
4724
4724
4723
4719
4719
4718
4718
4718
4717
4717
4717
4717
4717
4717
4715
4710
4708
4708
4708
4708
4708
4708
4708
4708
4708
4708
4708
4707
4707
4707
4707
4707
4705
4705
4704
4704
4704
4704
4704
4703
4703
4703
4703
4703
4703
4703
4703
4703
4703
4703
4702
4702
4702
4701
4701
4701
4701
4699
4699
4699
4699
4699
4699
4699
4699
4699
4699
4699
4699
4699
4699
4699
4699
4699
4699
4699
4699
4699
4699
4699
4695
4695
4695
4695
4695
4694
4693
4693
4692
4692
4692
4692
4692
4690
4689
4688
4688
4688
4688
4687
4686
4685
4684
4684
4684
4684
4684
4683
4683
4683
4683
4683
4683
4683
4682
4682
4681
4681
4681
4680
4679
4679
4679
4678
4676
4676
4676
4676
4674
4673
4673
4673
4672
4670
4670
4669
4669
4668
4666
4664
4663
4662
4662
4661
4660
4660
4660
4659
4659
4659
4659
4658
4658
4658
4658
4658
4658
4658
4658
4657
4654
4654
4654
4654
4654
4654
4654
4653
4653
4653
4651
4651
4650
4650
4650
4650
4649
4649
4648
4648
4648
4648
4648
4648
4648
4648
4648
4648
4648
4646
4644
4644
4644
4642
4642
4641
4640
4640
4640
4639
4639
4639
4639
4639
4639
4639
4639
4638
4637
4637
4637
4637
4637
4637
4637
4637
4636
4636
4636
4636
4636
4636
4636
4635
4634
4634
4633
4632
4632
4632
4632
4632
4631
4631
4628
4626
4626
4626
4626
4626
4624
4623
4622
4621
4621
4621
4618
4618
4618
4617
4617
4617
4617
4617
4616
4616
4616
4616
4616
4616
4614
4614
4614
4614
4613
4613
4612
4612
4611
4609
4609
4607
4607
4607
4607
4607
4607
4607
4607
4607
4607
4607
4606
4605
4601
4601
4601
4599
4599
4596
4596
4596
4596
4596
4596
4596
4596
4596
4596
4596
4596
4596
4596
4595
4595
4595
4595
4595
4595
4595
4594
4594
4594
4592
4592
4591
4591
4591
4591
4591
4588
4588
4588
4587
4587
4587
4587
4586
4585
4584
4584
4583
4583
4583
4583
4580
4580
4580
4580
4579
4579
4579
4578
4578
4577
4575
4575
4575
4574
4574
4573
4572
4572
4572
4572
4572
4572
4572
4572
4572
4572
4572
4572
4571
4570
4569
4569
4569
4569
4569
4567
4567
4564
4563
4563
4563
4563
4563
4559
4559
4558
4558
4558
4556
4554
4554
4554
4547
4547
4545
4545
4545
4545
4545
4544
4544
4544
4544
4544
4544
4543
4543
4542
4542
4542
4542
4542
4542
4542
4542
4542
4542
4541
4541
4539
4538
4537
4537
4536
4535
4535
4535
4535
4535
4533
4533
4528
4518
4518
4518
4518
4518
4518
4518
4518
4518
4517
4517
4517
4517
4517
4517
4517
4515
4514
4514
4514
4514
4514
4514
4514
4514
4514
4514
4514
4514
4514
4514
4514
4514
4513
4513
4513
4513
4513
4513
4512
4512
4512
4512
4512
4512
4511
4511
4511
4509
4508
4507
4507
4507
4504
4504
4504
4504
4504
4504
4504
4504
4504
4503
4501
4500
4500
4500
4500
4500
4500
4499
4499
4498
4498
4498
4497
4497
4497
4497
4497
4496
4496
4496
4493
4493
4493
4493
4493
4492
4492
4492
4492
4492
4492
4492
4492
4491
4491
4491
4491
4489
4489
4489
4487
4485
4485
4485
4485
4484
4483
4483
4483
4482
4482
4481
4481
4480
4480
4480
4479
4479
4479
4475
4473
4471
4471
4471
4471
4471
4471
4471
4470
4468
4468
4468
4468
4467
4467
4464
4463
4461
4461
4461
4461
4460
4455
4455
4455
4455
4455
4452
4452
4452
4452
4452
4451
4450
4449
4448
4448
4448
4447
4446
4446
4446
4446
4446
4445
4445
4445
4445
4445
4444
4444
4443
4442
4442
4442
4441
4441
4441
4439
4439
4439
4439
4439
4439
4439
4439
4439
4433
4432
4432
4432
4431
4431
4431
4430
4430
4430
4430
4430
4430
4430
4430
4430
4430
4430
4429
4429
4429
4429
4428
4428
4428
4428
4428
4427
4426
4426
4426
4425
4425
4424
4424
4423
4423
4423
4423
4423
4423
4423
4422
4422
4422
4421
4421
4420
4419
4418
4418
4416
4416
4416
4415
4415
4414
4414
4414
4414
4414
4414
4414
4414
4414
4413
4413
4413
4411
4410
4409
4409
4409
4409
4406
4406
4405
4405
4405
4405
4405
4405
4403
4402
4402
4402
4401
4401
4398
4398
4398
4398
4398
4398
4398
4398
4398
4397
4397
4396
4396
4396
4395
4392
4392
4392
4392
4392
4391
4390
4390
4389
4389
4389
4388
4388
4388
4388
4388
4384
4384
4384
4384
4384
4384
4384
4384
4384
4384
4384
4384
4382
4382
4382
4382
4381
4381
4381
4381
4381
4378
4378
4377
4377
4377
4375
4375
4375
4371
4369
4369
4369
4369
4369
4369
4369
4369
4369
4368
4367
4367
4367
4367
4367
4367
4367
4366
4366
4366
4365
4364
4364
4364
4364
4364
4364
4364
4364
4364
4364
4364
4364
4363
4363
4363
4363
4362
4362
4362
4361
4361
4360
4359
4358
4357
4356
4355
4354
4354
4354
4354
4354
4354
4353
4353
4353
4353
4353
4352
4350
4350
4349
4348
4348
4346
4346
4346
4346
4346
4346
4346
4346
4346
4346
4346
4345
4345
4344
4343
4342
4342
4341
4341
4341
4341
4341
4338
4338
4337
4325
4325
4323
4323
4323
4322
4322
4322
4322
4322
4321
4321
4321
4319
4319
4318
4318
4317
4313
4310
4310
4309
4309
4309
4308
4306
4306
4306
4306
4306
4306
4305
4305
4305
4305
4305
4305
4303
4303
4302
4302
4302
4302
4301
4301
4298
4298
4298
4298
4298
4298
4298
4298
4298
4298
4296
4296
4296
4296
4296
4296
4296
4294
4294
4293
4293
4293
4293
4293
4293
4292
4292
4292
4292
4292
4286
4286
4286
4271
4271
4270
4270
4270
4269
4269
4269
4267
4267
4266
4266
4264
4263
4263
4263
4263
4263
4255
4255
4255
4254
4253
4253
4253
4252
4249
4249
4225
4224
4224
4223
4223
4223
4223
4223
4223
4223
4213
4213
4213
4212
4212
4211
4211
4211
4210
4207
4206
4205
4205
4205
4202
4200
4199
4199
4196
4196
4181
4176
4176
4174
4174
4174
4174
4174
4174
4174
4174
4174
4174
4174
4174
4171
4171
4161
4161
4160
4150
4150
4150
4143
4143
4141
4104
4104
4104
4104
4104
4104
4104
4096
4096
4096
4096
4096
4090
4088
4088
4087
4085
4085
4085
4085
4085
4081
4077
4077
4077
4077
4074
4074
4074
4074
4074
4071
4071
4071
4071
4069
4067
4066
4066
4066
4066
4062
4062
4062
4062
4062
4062
4062
4061
4061
4055
4055
4055
4055
4036
4031
4014
4010
4010
3993
3815
3815
3813
3813
3813
3813
3812
3812
3812
3812
3812
3811
3788
3788
3780
3778
3765
3765
3765
3765
3765
3764
3764
3734
3734
3733
3733
3726
3684
3684
3684
3684
3623
3623
3623
3623
3575
3575
3544
3430
3086
3086
3083
3071
3071
3070
2798
2789
2695
2695
2695
2695
2692
2692
2692
2430
2374
2360
2360
2338
2338
2338
2338
2337
2337
2337
2337
2208
2082
1922
1907
1907
1
1
1
1
1
1
1
1
1
1
1
1
1
1
1
1
1
1
1
1
1
1
1
1
1
1
1
1
1
1
1
1
1
1
1
1
1
1
1
1
1
1
1
1
1
1
1
1
1
1
1
1
1
1
1
1
1
1
1
1
1
1
1
1
1
1
1
1
1
1
1
1
1
1
1
1
1
1
1
1
1
1
1
1
1
1
1
1
1
1
1
1
1
1
1
1
1
1
1
1
1
1
1
1
1
1
1
1
1
1
1
1
1
1
1
1
1
1
1
1
1
1
1
1
1
1
1
1
1
1
1
1
1
1
1
1
1
1
1
1
1
1
1
1
1
1
1
1
1
1
1
1
1
1
1
1
1
1
1
1
1
1
1
1
1
1
1
1
1
1
1
1
1
1
1
1
1
1
1
1
1
1
1
1
1
1
1
1
1
1
1
1
1
1
1
1
1
1
1
1
1
1
1
1
1
1
1
1
1
1
1
1
1
1
1
1
1
1
1
1
1
1
1
1
1
1
1
1
1
1
1
1
1
1
1
1
1
1
1
1
1
1
1
1
1
1
1
1
1
1
1
1
1
1
1
1
1
1
1
1
1
1
1
1
1
1
1
1
1
1
1
1
1
1
1
1
1
1
1
1
1
1
1
1
1
1
1
1
1
1
1
1
1
1
1
1
1
1
1
1
1
1
1
1
1
1
1
1
1
1
1
1
1
1
1
1
1
1
1
1
1
1
1
1
1
1
1
1
1
1
1
1
1
1
1
1
1
1
1
1
1
1
1
1
1
1
1
1
1
1
1
1
1
1
1
1
1
1
1
1
1
1
1
1
1
1
1
1
1
1
1
1
1
1
1
1
1
1
1
1
1
1
1
1
1
1
1
1
1
1
1
1
1
1
1
1
1
1
1
1
1
1
1
1
1
1
1
1
1
1
1
1
1
1
1
1
1
1
1
1
1
1
1
1
1
1
1
1
1
1
1
1
1
1
1
1
1
1
1
1
1
1
1
1
1
1
1
1
1
1
1
1
1
1
1
1
1
1
1
1
1
1
1
1
1
1
1
1
1
1
1
1
1
1
1
1
1
1
1
1
1
1
1
1
1
1
1
1
1
1
1
1
1
1
1
1
1
1
1
1
1
1
1
1
1
1
1
1
1
1
1
1
1
1
1
1
1
1
1
1
1
1
1
1
1
1
1
1
1
1
1
1
1
1
1
1
1
1
1
1
1
1
1
1
1
1
1
1
1
1
1
1
1
1
1
1
1
1
1
1
1
1
1
1
1
1
1
1
1
1
1
1
1
1
1
1
1
1
1
1
1
1
1
1
1
1
1
1
1
1
1
1
1
1
1
1
1
1
1
1
1
1
1
1
1
1
1
1
1
1
1
1
1
1
1
1
1
1
1
1
1
1
1
1
1
1
1
1
1
1
1
1
1
1
1
1
1
1
1
1
1
1
1
1
1
1
1
1
1
1
1
1
1
1
1
1
1
1
1
1
1
1
1
1
1
1
1
1
1
1
1
1
1
1
1
1
1
1
1
1
1
1
1
1
1
1
1
1
1
1
1
1
1
1
1
1
1
1
1
1
1
1
1
1
1
1
1
1
1
1
1
1
1
1
1
1
1
1
1
1
1
1
1
1
1
1
1
1
1
1
1
1
1
1
1
1
1
1
1
1
1
1
1
1
1
1
1
1
1
1
1
1
1
1
1
1
1
1
1
1
1
1
1
1
1
1
1
1
1
1
1
1
1
1
1
1
1
1
1
1
1
1
1
1
1
1
1
1
1
1
1
1
1
1
1
1
1
1
1
1
1
1
1
1
1
1
1
1
1
1
1
1
1
1
1
1
1
1
1
1
1
1
1
1
1
1
1
1
1
1
1
1
1
1
1
1
1
1
1
1
1
1
1
1
1
1
1
1
1
1
1
1
1
1
1
1
1
1
1
1
1
1
1
1
1
1
1
1
1
1
1
1
1
1
1
1
1
1
1
1
1
1
1
1
1
1
1
1
1
1
1
1
1
1
1
1
1
1
1
1
1
1
1
1
1
1
1
1
1
1
1
1
1
1
1
1
1
1
1
1
1
1
1
1
1
1
1
1
1
1
1
1
1
1
1
1
1
1
1
1
1
1
1
1
1
1
1
1
1
1
1
1
1
1
1
1
1
1
1
1
1
1
1
1
1
1
1
1
1
1
1
1
1
1
1
1
1
1
1
1
1
1
1
1
1
1
1
1
1
1
1
1
1
1
1
1
1
1
1
1
1
1
1
1
1
1
1
1
1
1
1
1
1
1
1
1
1
1
1
1
1
1
1
1
1
1
1
1
1
1
1
1
1
1
1
1
1
1
1
1
1
1
1
1
1
1
1
1
1
1
1
1
1
1
1
1
1
1
1
1
1
1
1
1
1
1
1
1
1
1
1
1
1
1
1
1
1
1
1
1
1
1
1
1
1
1
1
1
1
1
1
1
1
1
1
1
1
1
1
1
1
1
1
1
1
1
1
1
1
1
1
1
1
1
1
1
1
1
1
1
1
1
1
1
1
1
1
1
1
1
1
1
1
1
1
1
1
1
1
1
1
1
1
1
1
1
1
1
1
1
1
1
1
1
1
1
1
1
1
1
1
1
1
1
1
1
1
1
1
1
1
1
1
1
1
1
1
1
1
1
1
1
1
1
1
1
1
1
1
1
1
1
1
1
1
1
1
1
1
1
1
1
1
1
1
1
1
1
1
1
1
1
1
1
1
1
1
1
1
1
1
1
1
1
1
1
1
1
1
1
1
1
1
1
1
1
1
1
1
1
1
1
1
1
1
1
1
1
1
1
1
1
1
1
1
1
1
1
1
1
1
1
1
1
1
1
1
1
1
1
1
1
1
1
1
1
1
1
1
1
1
1
1
1
1
1
1
1
1
1
1
1
1
1
1
1
1
1
1
1
1
1
1
1
1
1
1
1
1
1
1
1
1
1
1
1
1
1
1
1
1
1
1
1
1
1
1
1
1
1
1
1
1
1
1
1
1
1
1
1
1
1
1
1
1
1
1
1
1
1
1
1
1
1
1
1
1
1
1
1
1
1
1
1
1
1
1
1
1
1
1
1
1
1
1
1
1
1
1
1
1
1
1
1
1
1
1
1
1
1
1
1
1
1
1
1
1
1
1
1
1
1
1
1
1
1
1
1
1
1
1
1
1
1
1
1
1
1
1
1
1
1
1
1
1
1
1
1
1
1
1
1
1
1
1
1
1
1
1
1
1
1
1
1
1
1
1
1
1
1
1
1
1
1
1
1
1
1
1
1
1
1
1
1
1
1
1
1
1
1
1
1
1
1
1
1
1
1
1
1
1
1
1
1
1
1
1
1
1
1
1
1
1
1
1
1
1
1
1
1
1
1
1
1
1
1
1
1
1
1
1
1
1
1
1
1
1
1
1
1
1
1
1
1
1
1
1
1
1
1
1
1
1
1
1
1
1
1
1
1
1
1
1
1
1
1
1
1
1
1
1
1
1
1
1
1
1
1
1
1
1
1
1
1
1
1
1
1
1
1
1
1
1
1
1
1
1
1
1
1
1
1
1
1
1
1
1
1
1
1
1
1
1
1
1
1
1
1
1
1
1
1
1
1
1
1
1
1
1
1
1
1
1
1
1
1
1
1
1
1
1
1
1
1
1
1
1
1
1
1
1
1
1
1
1
1
1
1
1
1
1
1
1
1
1
1
1
1
1
1
1
1
1
1
1
1
1
1
1
1
1
1
1
1
1
1
1
1
1
1
1
1
1
1
1
1
1
1
1
1
1
1
1
1
1
1
1
1
1
1
1
1
1
1
1
1
1
1
1
1
1
1
1
1
1
1
1
1
1
1
1
1
1
1
1
1
1
1
1
1
1
1
1
1
1
1
1
1
1
1
1
1
1
1
1
1
1
1
1
1
1
1
1
1
1
1
1
1
1
1
1
1
1
1
1
1
1
1
1
1
1
1
1
1
1
1
1
1
1
1
1
1
1
1
1
1
1
1
1
1
1
1
1
1
1
1
1
1
1
1
1
1
1
1
1
1
1
1
1
1
1
1
1
1
1
1
1
1
1
1
1
1
1
1
1
1
1
1
1
1
1
1
1
1
1
1
1
1
1
1
1
1
1
1
1
1
1
1
1
1
1
1
1
1
1
1
1
1
1
1
1
1
1
1
1
1
1
1
1
1
1
1
1
1
1
1
1
1
1
1
1
1
1
1
1
1
1
1
1
1
1
1
1
1
1
1
1
1
1
1
1
1
1
1
1
1
1
1
1
1
1
1
1
1
1
1
1
1
1
1
1
1
1
1
1
1
1
1
1
1
1
1
1
1
1
1
1
1
1
1
1
1
1
1
1
1
1
1
1
1
1
1
1
1
1
1
1
1
1
1
1
1
1
1
1
1
1
1
1
1
1
1
1
1
1
1
1
1
1
1
1
1
1
1
1
1
1
1
1
1
1
1
1
1
1
1
1
1
1
1
1
1
1
1
1
1
1
1
1
1
1
1
1
1
1
1
1
1
1
1
1
1
1
1
1
1
1
1
1
1
1
1
1
1
1
1
1
1
1
1
1
1
1
1
1
1
1
1
1
1
1
1
1
1
1
1
1
1
1
1
1
1
1
1
1
1
1
1
1
1
1
1
1
1
1
1
1
1
1
1
1
1
1
1
1
1
1
1
1
1
1
1
1
1
1
1
1
1
1
1
1
1
1
1
1
1
1
1
1
1
1
1
1
1
1
1
1
1
1
1
1
1
1
1
1
1
1
1
1
1
1
1
1
1
1
1
1
1
1
1
1
1
1
1
1
1
1
1
1
1
1
1
1
1
1
1
1
1
1
1
1
1
1
1
1
1
1
1
1
1
1
1
1
1
1
1
1
1
1
1
1
1
1
1
1
1
1
1
1
1
1
1
1
1
1
1
1
1
1
1
1
1
1
1
1
1
1
1
1
1
1
1
1
1
1
1
1
1
1
1
1
1
1
1
1
1
1
1
1
1
1
1
1
1
1
1
1
1
1
1
1
1
1
1
1
1
1
1
1
1
1
1
1
1
1
1
1
1
1
1
1
1
1
1
1
1
1
1
1
1
1
1
1
1
1
1
1
1
1
1
1
1
1
1
1
1
1
1
1
1
1
1
1
1
1
1
1
1
1
1
1
1
1
1
1
1
1
1
1
1
1
1
1
1
1
1
1
1
1
1
1
1
1
1
1
1
1
1
1
1
1
1
1
1
1
1
1
1
1
1
1
1
1
1
1
1
1
1
1
1
1
1
1
1
1
1
1
1
1
1
1
1
1
1
1
1
1
1
1
1
1
1
1
1
1
1
1
1
1
1
1
1
1
1
1
1
1
1
1
1
1
1
1
1
1
1
1
1
1
1
1
1
1
1
1
1
1
1
1
1
1
1
1
1
1
1
1
1
1
1
1
1
1
1
1
1
1
1
1
1
1
1
1
1
1
1
1
1
1
1
1
1
1
1
1
1
1
1
1
1
1
1
1
1
1
1
1
1
1
1
1
1
1
1
1
1
1
1
1
1
1
1
1
1
1
1
1
1
1
1
1
1
1
1
1
1
1
1
1
1
1
1
1
1
1
1
1
1
1
1
1
1
1
1
1
1
1
1
1
1
1
1
1
1
1
1
1
1
1
1
1
1
1
1
1
1
1
1
1
1
1
1
1
1
1
1
1
1
1
1
1
1
1
1
1
1
1
1
1
1
1
1
1
1
1
1
1
1
1
1
1
1
1
1
1
1
1
1
1
1
1
1
1
1
1
1
1
1
1
1
1
1
1
1
1
1
1
1
1
1
1
1
1
1
1
1
1
1
1
1
1
1
1
1
1
1
1
1
1
1
1
1
1
1
1
1
1
1
1
1
1
1
1
1
1
1
1
1
1
1
1
1
1
1
1
1
1
1
1
1
1
1
1
1
1
1
1
1
1
1
1
1
1
1
1
1
1
1
1
1
1
1
1
1
1
1
1
1
1
1
1
1
1
1
1
1
1
1
1
1
1
1
1
1
1
1
1
1
1
1
1
1
1
1
1
1
1
1
1
1
1
1
1
1
1
1
1
1
1
1
1
1
1
1
1
1
1
1
1
1
1
1
1
1
1
1
1
1
1
1
1
1
1
1
1
1
1
1
1
1
1
1
1
1
1
1
1
1
1
1
1
1
1
1
1
1
1
1
1
1
1
1
1
1
1
1
1
1
1
1
1
1
1
1
1
1
1
1
1
1
1
1
1
1
1
1
1
1
1
1
1
1
1
1
1
1
1
1
1
1
1
1
1
1
1
1
1
1
1
1
1
1
1
1
1
1
1
1
1
1
1
1
1
1
1
1
1
1
1
1
1
1
1
1
1
1
1
1
1
1
1
1
1
1
1
1
1
1
1
1
1
1
1
1
1
1
1
1
1
1
1
1
1
1
1
1
1
1
1
1
1
1
1
1
1
1
1
1
1
1
1
1
1
1
1
1
1
1
1
1
1
1
1
1
1
1
1
1
1
1
1
1
1
1
1
1
1
1
1
1
1
1
1
1
1
1
1
1
1
1
1
1
1
1
1
1
1
1
1
1
1
1
1
1
1
1
1
1
1
1
1
1
1
1
1
1
1
1
1
1
1
1
1
1
1
1
1
1
1
1
1
1
1
1
1
1
1
1
1
1
1
1
1
1
1
1
1
1
1
1
1
1
1
1
1
1
1
1
1
1
1
1
1
1
1
1
1
1
1
1
1
1
1
1
1
1
1
1
1
1
1
1
1
1
1
1
1
1
1
1
1
1
1
1
1
1
1
1
1
1
1
1
1
1
1
1
1
1
1
1
1
1
1
1
1
1
1
1
1
1
1
1
1
1
1
1
1
1
1
1
1
1
1
1
1
1
1
1
1
1
1
1
1
1
1
1
1
1
1
1
1
1
1
1
1
1
1
1
1
1
1
1
1
1
1
1
1
1
1
1
1
1
1
1
1
1
1
1
1
1
1
1
1
1
1
1
1
1
1
1
1
1
1
1
1
1
1
1
1
1
1
1
1
1
1
1
1
1
1
1
1
1
1
1
1
1
1
1
1
1
1
1
1
1
1
1
1
1
1
1
1
1
1
1
1
1
1
1
1
1
1
1
1
1
1
1
1
1
1
1
1
1
1
1
1
1
1
1
1
1
1
1
1
1
1
1
1
1
1
1
1
1
1
1
1
1
1
1
1
1
1
1
1
1
1
1
1
1
1
1
1
1
1
1
1
1
1
1
1
1
1
1
1
1
1
1
1
1
1
1
1
1
1
1
1
1
1
1
1
1
1
1
1
1
1
1
1
1
1
1
1
1
1
1
1
1
1
1
1
1
1
1
1
1
1
1
1
1
1
1
1
1
1
1
1
1
1
1
1
1
1
1
1
1
1
1
1
1
1
1
1
1
1
1
1
1
1
1
1
1
1
1
1
1
1
1
1
1
1
1
1
1
1
1
1
1
1
1
1
1
1
1
1
1
1
1
1
1
1
1
1
1
1
1
1
1
1
1
1
1
1
1
1
1
1
1
1
1
1
1
1
1
1
1
1
1
1
1
1
1
1
1
1
1
1
1
1
1
1
1
1
1
1
1
1
1
1
1
1
1
1
1
1
1
1
1
1
1
1
1
1
1
1
1
1
1
1
1
1
1
1
1
1
1
1
1
1
1
1
1
1
1
1
1
1
1
1
1
1
1
1
1
1
1
1
1
1
1
1
1
1
1
1
1
1
1
1
1
1
1
1
1
1
1
1
1
1
1
1
1
1
1
1
1
1
1
1
1
1
1
1
1
1
1
1
1
1
1
1
1
1
1
1
1
1
1
1
1
1
1
1
1
1
1
1
1
1
1
1
1
1
1
1
1
1
1
1
1
1
1
1
1
1
1
1
1
1
1
1
1
1
1
1
1
1
1
1
1
1
1
1
1
1
1
1
1
1
1
1
1
1
1
1
1
1
1
1
1
1
1
1
1
1
1
1
1
1
1
1
1
1
1
1
1
1
1
1
1
1
1
1
1
1
1
1
1
1
1
1
1
1
1
1
1
1
1
1
1
1
1
1
1
1
1
1
1
1
1
1
1
1
1
1
1
1
1
1
1
1
1
1
1
1
1
1
1
1
1
1
1
1
1
1
1
1
1
1
1
1
1
1
1
1
1
1
1
1
1
1
1
1
1
1
1
1
1
1
1
1
1
1
1
1
1
1
1
1
1
1
1
1
1
1
1
1
1
1
1
1
1
1
1
1
1
1
1
1
1
1
1
1
1
1
1
1
1
1
1
1
1
1
1
1
1
1
1
1
1
1
1
1
1
1
1
1
1
1
1
1
1
1
1
1
1
1
1
1
1
1
1
1
1
1
1
1
1
1
1
1
1
1
1
1
1
1
1
1
1
1
1
1
1
1
1
1
1
1
1
1
1
1
1
1
1
1
1
1
1
1
1
1
1
1
1
1
1
1
1
1
1
1
1
1
1
1
1
1
1
1
1
1
1
1
1
1
1
1
1
1
1
1
1
1
1
1
1
1
1
1
1
1
1
1
1
1
1
1
1
1
1
1
1
1
1
1
1
1
1
1
1
1
1
1
1
1
1
1
1
1
1
1
1
1
1
1
1
1
1
1
1
1
1
1
1
1
1
1
1
1
1
1
1
1
1
1
1
1
1
1
1
1
1
1
1
1
1
1
1
1
1
1
1
1
1
1
1
1
1
1
1
1
1
1
1
1
1
1
1
1
1
1
1
1
1
1
1
1
1
1
1
1
1
1
1
1
1
1
1
1
1
1
1
1
1
1
1
1
1
1
1
1
1
1
1
1
1
1
1
1
1
1
1
1
1
1
1
1
1
1
1
1
1
1
1
1
1
1
1
1
1
1
1
1
1
1
1
1
1
1
1
1
1
1
1
1
1
1
1
1
1
1
1
1
1
1
1
1
1
1
1
1
1
1
1
1
1
1
1
1
1
1
1
1
1
1
1
1
1
1
1
1
1
1
1
1
1
1
1
1
1
1
1
1
1
1
1
1
1
1
1
1
1
1
1
1
1
1
1
1
1
1
1
1
1
1
1
1
1
1
1
1
1
1
1
1
1
1
1
1
1
1
1
1
1
1
1
1
1
1
1
1
1
1
1
1
1
1
1
1
1
1
1
1
1
1
1
1
1
1
1
1
1
1
1
1
1
1
1
1
1
1
1
1
1
1
1
1
1
1
1
1
1
1
1
1
1
1
1
1
1
1
1
1
1
1
1
1
1
1
1
1
1
1
1
1
1
1
1
1
1
1
1
1
1
1
1
1
1
1
1
1
1
1
1
1
1
1
1
1
1
1
1
1
1
1
1
1
1
1
1
1
1
1
1
1
1
1
1
1
1
1
1
1
1
1
1
1
1
1
1
1
1
1
1
1
1
1
1
1
1
1
1
1
1
1
1
1
1
1
1
1
1
1
1
1
1
1
1
1
1
1
1
1
1
1
1
1
1
1
1
1
1
1
1
1
1
1
1
1
1
1
1
1
1
1
1
1
1
1
1
1
1
1
1
1
1
1
1
1
1
1
1
1
1
1
1
1
1
1
1
1
1
1
1
1
1
1
1
1
1
1
1
1
1
1
1
1
1
1
1
1
1
1
1
1
1
1
1
1
1
1
1
1
1
1
1
1
1
1
1
1
1
1
1
1
1
1
1
1
1
1
1
1
1
1
1
1
1
1
1
1
1
1
1
1
1
1
1
1
1
1
1
1
1
1
1
1
1
1
1
1
1
1
1
1
1
1
1
1
1
1
1
1
1
1
1
1
1
1
1
1
1
1
1
1
1
1
1
1
1
1
1
1
1
1
1
1
1
1
1
1
1
1
1
1
1
1
1
1
1
1
1
1
1
1
1
1
1
1
1
1
1
1
1
1
1
1
1
1
1
1
1
1
1
1
1
1
1
1
1
1
1
1
1
1
1
1
1
1
1
1
1
1
1
1
1
1
1
1
1
1
1
1
1
1
1
1
1
1
1
1
1
1
1
1
1
1
1
1
1
1
1
1
1
1
1
1
1
1
1
1
1
1
1
1
1
1
1
1
1
1
1
1
1
1
1
1
1
1
1
1
1
1
1
1
1
1
1
1
1
1
1
1
1
1
1
1
1
1
1
1
1
1
1
1
1
1
1
1
1
1
1
1
1
1
1
1
1
1
1
1
1
1
1
1
1
1
1
1
1
1
1
1
1
1
1
1
1
1
1
1
1
1
1
1
1
1
1
1
1
1
1
1
1
1
1
1
1
1
1
1
1
1
1
1
1
1
1
1
1
1
1
1
1
1
1
1
1
1
1
1
1
1
1
1
1
1
1
1
1
1
1
1
1
1
1
1
1
1
1
1
1
1
1
1
1
1
1
1
1
1
1
1
1
1
1
1
1
1
1
1
1
1
1
1
1
1
1
1
1
1
1
1
1
1
1
1
1
1
1
1
1
1
1
1
1
1
1
1
1
1
1
1
1
1
1
1
1
1
1
1
1
1
1
1
1
1
1
1
1
1
1
1
1
1
1
1
1
1
1
1
1
1
1
1
1
1
1
1
1
1
1
1
1
1
1
1
1
1
1
1
1
1
1
1
1
1
1
1
1
1
1
1
1
1
1
1
1
1
1
1
1
1
1
1
1
1
1
1
1
1
1
1
1
1
1
1
1
1
1
1
1
1
1
1
1
1
1
1
1
1
1
1
1
1
1
1
1
1
1
1
1
1
1
1
1
1
1
1
1
1
1
1
1
1
1
1
1
1
1
1
1
1
1
1
1
1
1
1
1
1
1
1
1
1
1
1
1
1
1
1
1
1
1
1
1
1
1
1
1
1
1
1
1
1
1
1
1
1
1
1
1
1
1
1
1
1
1
1
1
1
1
1
1
1
1
1
1
1
1
1
1
1
1
1
1
1
1
1
1
1
1
1
1
1
1
1
1
1
1
1
1
1
1
1
1
1
1
1
1
1
1
1
1
1
1
1
1
1
1
1
1
1
1
1
1
1
1
1
1
1
1
1
1
1
1
1
1
1
1
1
1
1
1
1
1
1
1
1
1
1
1
1
1
1
1
1
1
1
1
1
1
1
1
1
1
1
1
1
1
1
1
1
1
1
1
1
1
1
1
1
1
1
1
1
1
1
1
1
1
1
1
1
1
1
1
1
1
1
1
1
1
1
1
1
1
1
1
1
1
1
1
1
1
1
1
1
1
1
1
1
1
1
1
1
1
1
1
1
1
1
1
1
1
1
1
1
1
1
1
1
1
1
1
1
1
1
1
1
1
1
1
1
1
1
1
1
1
1
1
1
1
1
1
1
1
1
1
1
1
1
1
1
1
1
1
1
1
1
1
1
1
1
1
1
1
1
1
1
1
1
1
1
1
1
1
1
1
1
1
1
1
1
1
1
1
1
1
1
1
1
1
1
1
1
1
1
1
1
1
1
1
1
1
1
1
1
1
1
1
1
1
1
1
1
1
1
1
1
1
1
1
1
1
1
1
1
1
1
1
1
1
1
1
1
1
1
1
1
1
1
1
1
1
1
1
1
1
1
1
1
1
1
1
1
1
1
1
1
1
1
1
1
1
1
1
1
1
1
1
1
1
1
1
1
1
1
1
1
1
1
1
1
1
1
1
1
1
1
1
1
1
1
1
1
1
1
1
1
1
1
1
1
1
1
1
1
1
1
1
1
1
1
1
1
1
1
1
1
1
1
1
1
1
1
1
1
1
1
1
1
1
1
1
1
1
1
1
1
1
1
1
1
1
1
1
1
1
1
1
1
1
1
1
1
1
1
1
1
1
1
1
1
1
1
1
1
1
1
1
1
1
1
1
1
1
1
1
1
1
1
1
1
1
1
1
1
1
1
1
1
1
1
1
1
1
1
1
1
1
1
1
1
1
1
1
1
1
1
1
1
1
1
1
1
1
1
1
1
1
1
1
1
1
1
1
1
1
1
1
1
1
1
1
1
1
1
1
1
1
1
1
1
1
1
1
1
1
1
1
1
1
1
1
1
1
1
1
1
1
1
1
1
1
1
1
1
1
1
1
1
1
1
1
1
1
1
1
1
1
1
1
1
1
1
1
1
1
1
1
1
1
1
1
1
1
1
1
1
1
1
1
1
1
1
1
1
1
1
1
1
1
1
1
1
1
1
1
1
1
1
1
1
1
1
1
1
1
1
1
1
1
1
1
1
1
1
1
1
1
1
1
1
1
1
1
1
1
1
1
1
1
1
1
1
1
1
1
1
1
1
1
1
1
1
1
1
1
1
1
1
1
1
1
1
1
1
1
1
1
1
1
1
1
1
1
1
1
1
1
1
1
1
1
1
1
1
1
1
1
1
1
1
1
1
1
1
1
1
1
1
1
1
1
1
1
1
1
1
1
1
1
1
1
1
1
1
1
1
1
1
1
1
1
1
1
1
1
1
1
1
1
1
1
1
1
1
1
1
1
1
1
1
1
1
1
1
1
1
1
1
1
1
1
1
1
1
1
1
1
1
1
1
1
1
1
1
1
1
1
1
1
1
1
1
1
1
1
1
1
1
1
1
1
1
1
1
1
1
1
1
1
1
1
1
1
1
1
1
1
1
1
1
1
1
1
1
1
1
1
1
1
1
1
1
1
1
1
1
1
1
1
1
1
1
1
1
1
1
1
1
1
1
1
1
1
1
1
1
1
1
1
1
1
1
1
1
1
1
1
1
1
1
1
1
1
1
1
1
1
1
1
1
1
1
1
1
1
1
1
1
1
1
1
1
1
1
1
1
1
1
1
1
1
1
1
1
1
1
1
1
1
1
1
1
1
1
1
1
1
1
1
1
1
1
1
1
1
1
1
1
1
1
1
1
1
1
1
1
1
1
1
1
1
1
1
1
1
1
1
1
1
1
1
1
1
1
1
1
1
1
1
1
1
1
1
1
1
1
1
1
1
1
1
1
1
1
1
1
1
1
1
1
1
1
1
1
1
1
1
1
1
1
1
1
1
1
1
1
1
1
1
1
1
1
1
1
1
1
1
1
1
1
1
1
1
1
1
1
1
1
1
1
1
1
1
1
1
1
1
1
1
1
1
1
1
1
1
1
1
1
1
1
1
1
1
1
1
1
1
1
1
1
1
1
1
1
1
1
1
1
1
1
1
1
1
1
1
1
1
1
1
1
1
1
1
1
1
1
1
1
1
1
1
1
1
1
1
1
1
1
1
1
1
1
1
1
1
1
1
1
1
1
1
1
1
1
1
1
1
1
1
1
1
1
1
1
1
1
1
1
1
1
1
1
1
1
1
1
1
1
1
1
1
1
1
1
1
1
1
1
1
1
1
1
1
1
1
1
1
1
1
1
1
1
1
1
1
1
1
1
1
1
1
1
1
1
1
1
1
1
1
1
1
1
1
1
1
1
1
1
1
1
1
1
1
1
1
1
1
1
1
1
1
1
1
1
1
1
1
1
1
1
1
1
1
1
1
1
1
1
1
1
1
1
1
1
1
1
1
1
1
1
1
1
1
1
1
1
1
1
1
1
1
1
1
1
1
1
1
1
1
1
1
1
1
1
1
1
1
1
1
1
1
1
1
1
1
1
1
1
1
1
1
1
1
1
1
1
1
1
1
1
1
1
1
1
1
1
1
1
1
1
1
1
1
1
1
1
1
1
1
1
1
1
1
1
1
1
1
1
1
1
1
1
1
1
1
1
1
1
1
1
1
1
1
1
1
1
1
1
1
1
1
1
1
1
1
1
1
1
1
1
1
1
1
1
1
1
1
1
1
1
1
1
1
1
1
1
1
1
1
1
1
1
1
1
1
1
1
1
1
1
1
1
1
1
1
1
1
1
1
1
1
1
1
1
1
1
1
1
1
1
1
1
1
1
1
1
1
1
1
1
1
1
1
1
1
1
1
1
1
1
1
1
1
1
1
1
1
1
1
1
1
1
1
1
1
1
1
1
1
1
1
1
1
1
1
1
1
1
1
1
1
1
1
1
1
1
1
1
1
1
1
1
1
1
1
1
1
1
1
1
1
1
1
1
1
1
1
1
1
1
1
1
1
1
1
1
1
1
1
1
1
1
1
1
1
1
1
1
1
1
1
1
1
1
1
1
1
1
1
1
1
1
1
1
1
1
1
1
1
1
1
1
1
1
1
1
1
1
1
1
1
1
1
1
1
1
1
1
1
1
1
1
1
1
1
1
1
1
1
1
1
1
1
1
1
1
1
1
1
1
1
1
1
1
1
1
1
1
1
1
1
1
1
1
1
1
1
1
1
1
1
1
1
1
1
1
1
1
1
1
1
1
1
1
1
1
1
1
1
1
1
1
1
1
1
1
1
1
1
1
1
1
1
1
1
1
1
1
1
1
1
1
1
1
1
1
1
1
1
1
1
1
1
1
1
1
1
1
1
1
1
1
1
1
1
1
1
1
1
1
1
1
1
1
1
1
1
1
1
1
1
1
1
1
1
1
1
1
1
1
1
1
1
1
1
1
1
1
1
1
1
1
1
1
1
1
1
1
1
1
1
1
1
1
1
1
1
1
1
1
1
1
1
1
1
1
1
1
1
1
1
1
1
1
1
1
1
1
1
1
1
1
1
1
1
1
1
1
1
1
1
1
1
1
1
1
1
1
1
1
1
1
1
1
1
1
1
1
1
1
1
1
1
1
1
1
1
1
1
1
1
1
1
1
1
1
1
1
1
1
1
1
1
1
1
1
1
1
1
1
1
1
1
1
1
1
1
1
1
1
1
1
1
1
1
1
1
1
1
1
1
1
1
1
1
1
1
1
1
1
1
1
1
1
1
1
1
1
1
1
1
1
1
1
1
1
1
1
1
1
1
1
1
1
1
1
1
1
1
1
1
1
1
1
1
1
1
1
1
1
1
1
1
1
1
1
1
1
1
1
1
1
1
1
1
1
1
1
1
1
1
1
1
1
1
1
1
1
1
1
1
1
1
1
1
1
1
1
1
1
1
1
1
1
1
1
1
1
1
1
1
1
1
1
1
1
1
1
1
1
1
1
1
1
1
1
1
1
1
1
1
1
1
1
1
1
1
1
1
1
1
1
1
1
1
1
1
1
1
1
1
1
1
1
1
1
1
1
1
1
1
1
1
1
1
1
1
1
1
1
1
1
1
1
1
1
1
1
1
1
1
1
1
1
1
1
1
1
1
1
1
1
1
1
1
1
1
1
1
1
1
1
1
1
1
1
1
1
1
1
1
1
1
1
1
1
1
1
1
1
1
1
1
1
1
1
1
1
1
1
1
1
1
1
1
1
1
1
1
1
1
1
1
1
1
1
1
1
1
1
1
1
1
1
1
1
1
1
1
1
1
1
1
1
1
1
1
1
1
1
1
1
1
1
1
1
1
1
1
1
1
1
1
1
1
1
1
1
1
1
1
1
1
1
1
1
1
1
1
1
1
1
1
1
1
1
1
1
1
1
1
1
1
1
1
1
1
1
1
1
1
1
1
1
1
1
1
1
1
1
1
1
1
1
1
1
1
1
1
1
1
1
1
1
1
1
1
1
1
1
1
1
1
1
1
1
1
1
1
1
1
1
1
1
1
1
1
1
1
1
1
1
1
1
1
1
1
1
1
1
1
1
1
1
1
1
1
1
1
1
1
1
1
1
1
1
1
1
1
1
1
1
1
1
1
1
1
1
1
1
1
1
1
1
1
1
1
1
1
1
1
1
1
1
1
1
1
1
1
1
1
1
1
1
1
1
1
1
1
1
1
1
1
1
1
1
1
1
1
1
1
1
1
1
1
1
1
1
1
1
1
1
1
1
1
1
1
1
1
1
1
1
1
1
1
1
1
1
1
1
1
1
1
1
1
1
1
1
1
1
1
1
1
1
1
1
1
1
1
1
1
1
1
1
1
1
1
1
1
1
1
1
1
1
1
1
1
1
1
1
1
1
1
1
1
1
1
1
1
1
1
1
1
1
1
1
1
1
1
1
1
1
1
1
1
1
1
1
1
1
1
1
1
1
1
1
1
1
1
1
1
1
1
1
1
1
1
1
1
1
1
1
1
1
1
1
1
1
1
1
1
1
1
1
1
1
1
1
1
1
1
1
1
1
1
1
1
1
1
1
1
1
1
1
1
1
1
1
1
1
1
1
1
1
1
1
1
1
1
1
1
1
1
1
1
1
1
1
1
1
1
1
1
1
1
1
1
1
1
1
1
1
1
1
1
1
1
1
1
1
1
1
1
1
1
1
1
1
1
1
1
1
1
1
1
1
1
1
1
1
1
1
1
1
1
1
1
1
1
1
1
1
1
1
1
1
1
1
1
1
1
1
1
1
1
1
1
1
1
1
1
1
1
1
1
1
1
1
1
1
1
1
1
1
1
1
1
1
1
1
1
1
1
1
1
1
1
1
1
1
1
1
1
1
1
1
1
1
1
1
1
1
1
1
1
1
1
1
1
1
1
1
1
1
1
1
1
1
1
1
1
1
1
1
1
1
1
1
1
1
1
1
1
1
1
1
1
1
1
1
1
1
1
1
1
1
1
1
1
1
1
1
1
1
1
1
1
1
1
1
1
1
1
1
1
1
1
1
1
1
1
1
1
1
1
1
1
1
1
1
1
1
1
1
1
1
1
1
1
1
1
1
1
1
1
1
1
1
1
1
1
1
1
1
1
1
1
1
1
1
1
1
1
1
1
1
1
1
1
1
1
1
1
1
1
1
1
1
1
1
1
1
1
1
1
1
1
1
1
1
1
1
1
1
1
1
1
1
1
1
1
1
1
1
1
1
1
1
1
1
1
1
1
1
1
1
1
1
1
1
1
1
1
1
1
1
1
1
1
1
1
1
1
1
1
1
1
1
1
1
1
1
1
1
1
1
1
1
1
1
1
1
1
1
1
1
1
1
1
1
1
1
1
1
1
1
1
1
1
1
1
1
1
1
1
1
1
1
1
1
1
1
1
1
1
1
1
1
1
1
1
1
1
1
1
1
1
1
1
1
1
1
1
1
1
1
1
1
1
1
1
1
1
1
1
1
1
1
1
1
1
1
1
1
1
1
1
1
1
1
1
1
1
1
1
1
1
1
1
1
1
1
1
1
1
1
1
1
1
1
1
1
1
1
1
1
1
1
1
1
1
1
1
1
1
1
1
1
1
1
1
1
1
1
1
1
1
1
1
1
1
1
1
1
1
1
1
1
1
1
1
1
1
1
1
1
1
1
1
1
1
1
1
1
1
1
1
1
1
1
1
1
1
1
1
1
1
1
1
1
1
1
1
1
1
1
1
1
1
1
1
1
1
1
1
1
1
1
1
1
1
1
1
1
1
1
1
1
1
1
1
1
1
1
1
1
1
1
1
1
1
1
1
1
1
1
1
1
1
1
1
1
1
1
1
1
1
1
1
1
1
1
1
1
1
1
1
1
1
1
1
1
1
1
1
1
1
1
1
1
1
1
1
1
1
1
1
1
1
1
1
1
1
1
1
1
1
1
1
1
1
1
1
1
1
1
1
1
1
1
1
1
1
1
1
1
1
1
1
1
1
1
1
1
1
1
1
1
1
1
1
1
1
1
1
1
1
1
1
1
1
1
1
1
1
1
1
1
1
1
1
1
1
1
1
1
1
1
1
1
1
1
1
1
1
1
1
1
1
1
1
1
1
1
1
1
1
1
1
1
1
1
1
1
1
1
1
1
1
1
1
1
1
1
1
1
1
1
1
1
1
1
1
1
1
1
1
1
1
1
1
1
1
1
1
1
1
1
1
1
1
1
1
1
1
1
1
1
1
1
1
1
1
1
1
1
1
1
1
1
1
1
1
1
1
1
1
1
1
1
1
1
1
1
1
1
1
1
1
1
1
1
1
1
1
1
1
1
1
1
1
1
1
1
1
1
1
1
1
1
1
1
1
1
1
1
1
1
1
1
1
1
1
1
1
1
1
1
1
1
1
1
1
1
1
1
1
1
1
1
1
1
1
1
1
1
1
1
1
1
1
1
1
1
1
1
1
1
1
1
1
1
1
1
1
1
1
1
1
1
1
1
1
1
1
1
1
1
1
1
1
1
1
1
1
1
1
1
1
1
1
1
1
1
1
1
1
1
1
1
1
1
1
1
1
1
1
1
1
1
1
1
1
1
1
1
1
1
1
1
1
1
1
1
1
1
1
1
1
1
1
1
1
1
1
1
1
1
1
1
1
1
1
1
1
1
1
1
1
1
1
1
1
1
1
1
1
1
1
1
1
1
1
1
1
1
1
1
1
1
1
1
1
1
1
1
1
1
1
1
1
1
1
1
1
1
1
1
1
1
1
1
1
1
1
1
1
1
1
1
1
1
1
1
1
1
1
1
1
1
1
1
1
1
1
1
1
1
1
1
1
1
1
1
1
1
1
1
1
1
1
1
1
1
1
1
1
1
1
1
1
1
1
1
1
1
1
1
1
1
1
1
1
1
1
1
1
1
1
1
1
1
1
1
1
1
1
1
1
1
1
1
1
1
1
1
1
1
1
1
1
1
1
1
1
1
1
1
1
1
1
1
1
1
1
1
1
1
1
1
1
1
1
1
1
1
1
1
1
1
1
1
1
1
1
1
1
1
1
1
1
1
1
1
1
1
1
1
1
1
1
1
1
1
1
1
1
1
1
1
1
1
1
1
1
1
1
1
1
1
1
1
1
1
1
1
1
1
1
1
1
1
1
1
1
1
1
1
1
1
1
1
1
1
1
1
1
1
1
1
1
1
1
1
1
1
1
1
1
1
1
1
1
1
1
1
1
1
1
1
1
1
1
1
1
1
1
1
1
1
1
1
1
1
1
1
1
1
1
1
1
1
1
1
1
1
1
1
1
1
1
1
1
1
1
1
1
1
1
1
1
1
1
1
1
1
1
1
1
1
1
1
1
1
1
1
1
1
1
1
1
1
1
1
1
1
1
1
1
1
1
1
1
1
1
1
1
1
1
1
1
1
1
1
1
1
1
1
1
1
1
1
1
1
1
1
1
1
1
1
1
1
1
1
1
1
1
1
1
1
1
1
1
1
1
1
1
1
1
1
1
1
1
1
1
1
1
1
1
1
1
1
1
1
1
1
1
1
1
1
1
1
1
1
1
1
1
1
1
1
1
1
1
1
1
1
1
1
1
1
1
1
1
1
1
1
1
1
1
1
1
1
1
1
1
1
1
1
1
1
1
1
1
1
1
1
1
1
1
1
1
1
1
1
1
1
1
1
1
1
1
1
1
1
1
1
1
1
1
1
1
1
1
1
1
1
1
1
1
1
1
1
1
1
1
1
1
1
1
1
1
1
1
1
1
1
1
1
1
1
1
1
1
1
1
1
1
1
1
1
1
1
1
1
1
1
1
1
1
1
1
1
1
1
1
1
1
1
1
1
1
1
1
1
1
1
1
1
1
1
1
1
1
1
1
1
1
1
1
1
1
1
1
1
1
1
1
1
1
1
1
1
1
1
1
1
1
1
1
1
1
1
1
1
1
1
1
1
1
1
1
1
1
1
1
1
1
1
1
1
1
1
1
1
1
1
1
1
1
1
1
1
1
1
1
1
1
1
1
1
1
1
1
1
1
1
1
1
1
1
1
1
1
1
1
1
1
1
1
1
1
1
1
1
1
1
1
1
1
1
1
1
1
1
1
1
1
1
1
1
1
1
1
1
1
1
1
1
1
1
1
1
1
1
1
1
1
1
1
1
1
1
1
1
1
1
1
1
1
1
1
1
1
1
1
1
1
1
1
1
1
1
1
1
1
1
1
1
1
1
1
1
1
1
1
1
1
1
1
1
1
1
1
1
1
1
1
1
1
1
1
1
1
1
1
1
1
1
1
1
1
1
1
1
1
1
1
1
1
1
1
1
1
1
1
1
1
1
1
1
1
1
1
1
1
1
1
1
1
1
1
1
1
1
1
1
1
1
1
1
1
1
1
1
1
1
1
1
1
1
1
1
1
1
1
1
1
1
1
1
1
1
1
1
1
1
1
1
1
1
1
1
1
1
1
1
1
1
1
1
1
1
1
1
1
1
1
1
1
1
1
1
1
1
1
1
1
1
1
1
1
1
1
1
1
1
1
1
1
1
1
1
1
1
1
1
1
1
1
1
1
1
1
1
1
1
1
1
1
1
1
1
1
1
1
1
1
1
1
1
1
1
1
1
1
1
1
1
1
1
1
1
1
1
1
1
1
1
1
1
1
1
1
1
1
1
1
1
1
1
1
1
1
1
1
1
1
1
1
1
1
1
1
1
1
1
1
1
1
1
1
1
1
1
1
1
1
1
1
1
1
1
1
1
1
1
1
1
1
1
1
1
1
1
1
1
1
1
1
1
1
1
1
1
1
1
1
1
1
1
1
1
1
1
1
1
1
1
1
1
1
1
1
1
1
1
1
1
1
1
1
1
1
1
1
1
1
1
1
1
1
1
1
1
1
1
1
1
1
1
1
1
1
1
1
1
1
1
1
1
1
1
1
1
1
1
1
1
1
1
1
1
1
1
1
1
1
1
1
1
1
1
1
1
1
1
1
1
1
1
1
1
1
1
1
1
1
1
1
1
1
1
1
1
1
1
1
1
1
1
1
1
1
1
1
1
1
1
1
1
1
1
1
1
1
1
1
1
1
1
1
1
1
1
1
1
1
1
1
1
1
1
1
1
1
1
1
1
1
1
1
1
1
1
1
1
1
1
1
1
1
1
1
1
1
1
1
1
1
1
1
1
1
1
1
1
1
1
1
1
1
1
1
1
1
1
1
1
1
1
1
1
1
1
1
1
1
1
1
1
1
1
1
1
1
1
1
1
1
1
1
1
1
1
1
1
1
1
1
1
1
1
1
1
1
1
1
1
1
1
1
1
1
1
1
1
1
1
1
1
1
1
1
1
1
1
1
1
1
1
1
1
1
1
1
1
1
1
1
1
1
1
1
1
1
1
1
1
1
1
1
1
1
1
1
1
1
1
1
1
1
1
1
1
1
1
1
1
1
1
1
1
1
1
1
1
1
1
1
1
1
1
1
1
1
1
1
1
1
1
1
1
1
1
1
1
1
1
1
1
1
1
1
1
1
1
1
1
1
1
1
1
1
1
1
1
1
1
1
1
1
1
1
1
1
1
1
1
1
1
1
1
1
1
1
1
1
1
1
1
1
1
1
1
1
1
1
1
1
1
1
1
1
1
1
1
1
1
1
1
1
1
1
1
1
1
1
1
1
1
1
1
1
1
1
1
1
1
1
1
1
1
1
1
1
1
1
1
1
1
1
1
1
1
1
1
1
1
1
1
1
1
1
1
1
1
1
1
1
1
1
1
1
1
1
1
1
1
1
1
1
1
1
1
1
1
1
1
1
1
1
1
1
1
1
1
1
1
1
1
1
1
1
1
1
1
1
1
1
1
1
1
1
1
1
1
1
1
1
1
1
1
1
1
1
1
1
1
1
1
1
1
1
1
1
1
1
1
1
1
1
1
1
1
1
1
1
1
1
1
1
1
1
1
1
1
1
1
1
1
1
1
1
1
1
1
1
1
1
1
1
1
1
1
1
1
1
1
1
1
1
1
1
1
1
1
1
1
1
1
1
1
1
1
1
1
1
1
1
1
1
1
1
1
1
1
1
1
1
1
1
1
1
1
1
1
1
1
1
1
1
1
1
1
1
1
1
1
1
1
1
1
1
1
1
1
1
1
1
1
1
1
1
1
1
1
1
1
1
1
1
1
1
1
1
1
1
1
1
1
1
1
1
1
1
1
1
1
1
1
1
1
1
1
1
1
1
1
1
1
1
1
1
1
1
1
1
1
1
1
1
1
1
1
1
1
1
1
1
1
1
1
1
1
1
1
1
1
1
1
1
1
1
1
1
1
1
1
1
1
1
1
1
1
1
1
1
1
1
1
1
1
1
1
1
1
1
1
1
1
1
1
1
1
1
1
1
1
1
1
1
1
1
1
1
1
1
1
1
1
1
1
1
1
1
1
1
1
1
1
1
1
1
1
1
1
1
1
1
1
1
1
1
1
1
1
1
1
1
1
1
1
1
1
1
1
1
1
1
1
1
1
1
1
1
1
1
1
1
1
1
1
1
1
1
1
1
1
1
1
1
1
1
1
1
1
1
1
1
1
1
1
1
1
1
1
1
1
1
1
1
1
1
1
1
1
1
1
1
1
1
1
1
1
1
1
1
1
1
1
1
1
1
1
1
1
1
1
1
1
1
1
1
1
1
1
1
1
1
1
1
1
1
1
1
1
1
1
1
1
1
1
1
1
1
1
1
1
1
1
1
1
1
1
1
1
1
1
1
1
1
1
1
1
1
1
1
1
1
1
1
1
1
1
1
1
1
1
1
1
1
1
1
1
1
1
1
1
1
1
1
1
1
1
1
1
1
1
1
1
1
1
1
1
1
1
1
1
1
1
1
1
1
1
1
1
1
1
1
1
1
1
1
1
1
1
1
1
1
1
1
1
1
1
1
1
1
1
1
1
1
1
1
1
1
1
1
1
1
1
1
1
1
1
1
1
1
1
1
1
1
1
1
1
1
1
1
1
1
1
1
1
1
1
1
1
1
1
1
1
1
1
1
1
1
1
1
1
1
1
1
1
1
1
1
1
1
1
1
1
1
1
1
1
1
1
1
1
1
1
1
1
1
1
1
1
1
1
1
1
1
1
1
1
1
1
1
1
1
1
1
1
1
1
1
1
1
1
1
1
1
1
1
1
1
1
1
1
1
1
1
1
1
1
1
1
1
1
1
1
1
1
1
1
1
1
1
1
1
1
1
1
1
1
1
1
1
1
1
1
1
1
1
1
1
1
1
1
1
1
1
1
1
1
1
1
1
1
1
1
1
1
1
1
1
1
1
1
1
1
1
1
1
1
1
1
1
1
1
1
1
1
1
1
1
1
1
1
1
1
1
1
1
1
1
1
1
1
1
1
1
1
1
1
1
1
1
1
1
1
1
1
1
1
1
1
1
1
1
1
1
1
1
1
1
1
1
1
1
1
1
1
1
1
1
1
1
1
1
1
1
1
1
1
1
1
1
1
1
1
1
1
1
1
1
1
1
1
1
1
1
1
1
1
1
1
1
1
1
1
1
1
1
1
1
1
1
1
1
1
1
1
1
1
1
1
1
1
1
1
1
1
1
1
1
1
1
1
1
1
1
1
1
1
1
1
1
1
1
1
1
1
1
1
1
1
1
1
1
1
1
1
1
1
1
1
1
1
1
1
1
1
1
1
1
1
1
1
1
1
1
1
1
1
1
1
1
1
1
1
1
1
1
1
1
1
1
1
1
1
1
1
1
1
1
1
1
1
1
1
1
1
1
1
1
1
1
1
1
1
1
1
1
1
1
1
1
1
1
1
1
1
1
1
1
1
1
1
1
1
1
1
1
1
1
1
1
1
1
1
1
1
1
1
1
1
1
1
1
1
1
1
1
1
1
1
1
1
1
1
1
1
1
1
1
1
1
1
1
1
1
1
1
1
1
1
1
1
1
1
1
1
1
1
1
1
1
1
1
1
1
1
1
1
1
1
1
1
1
1
1
1
1
1
1
1
1
1
1
1
1
1
1
1
1
1
1
1
1
1
1
1
1
1
1
1
1
1
1
1
1
1
1
1
1
1
1
1
1
1
1
1
1
1
1
1
1
1
1
1
1
1
1
1
1
1
1
1
1
1
1
1
1
1
1
1
1
1
1
1
1
1
1
1
1
1
1
1
1
1
1
1
1
1
1
1
1
1
1
1
1
1
1
1
1
1
1
1
1
1
1
1
1
1
1
1
1
1
1
1
1
1
1
1
1
1
1
1
1
1
1
1
1
1
1
1
1
1
1
1
1
1
1
1
1
1
1
1
1
1
1
1
1
1
1
1
1
1
1
1
1
1
1
1
1
1
1
1
1
1
1
1
1
1
1
1
1
1
1
1
1
1
1
1
1
1
1
1
1
1
1
1
1
1
1
1
1
1
1
1
1
1
1
1
1
1
1
1
1
1
1
1
1
1
1
1
1
1
1
1
1
1
1
1
1
1
1
1
1
1
1
1
1
1
1
1
1
1
1
1
1
1
1
1
1
1
1
1
1
1
1
1
1
1
1
1
1
1
1
1
1
1
1
1
1
1
1
1
1
1
1
1
1
1
1
1
1
1
1
1
1
1
1
1
1
1
1
1
1
1
1
1
1
1
1
1
1
1
1
1
1
1
1
1
1
1
1
1
1
1
1
1
1
1
1
1
1
1
1
1
1
1
1
1
1
1
1
1
1
1
1
1
1
1
1
1
1
1
1
1
1
1
1
1
1
1
1
1
1
1
1
1
1
1
1
1
1
1
1
1
1
1
1
1
1
1
1
1
1
1
1
1
1
1
1
1
1
1
1
1
1
1
1
1
1
1
1
1
1
1
1
1
1
1
1
1
1
1
1
1
1
1
1
1
1
1
1
1
1
1
1
1
1
1
1
1
1
1
1
1
1
1
1
1
1
1
1
1
1
1
1
1
1
1
1
1
1
1
1
1
1
1
1
1
1
1
1
1
1
1
1
1
1
1
1
1
1
1
1
1
1
1
1
1
1
1
1
1
1
1
1
1
1
1
1
1
1
1
1
1
1
1
1
1
1
1
1
1
1
1
1
1
1
1
1
1
1
1
1
1
1
1
1
1
1
1
1
1
1
1
1
1
1
1
1
1
1
1
1
1
1
1
1
1
1
1
1
1
1
1
1
1
1
1
1
1
1
1
1
1
1
1
1
1
1
1
1
1
1
1
1
1
1
1
1
1
1
1
1
1
1
1
1
1
1
1
1
1
1
1
1
1
1
1
1
1
1
1
1
1
1
1
1
1
1
1
1
1
1
1
1
1
1
1
1
1
1
1
1
1
1
1
1
1
1
1
1
1
1
1
1
1
1
1
1
1
1
1
1
1
1
1
1
1
1
1
1
1
1
1
1
1
1
1
1
1
1
1
1
1
1
1
1
1
1
1
1
1
1
1
1
1
1
1
1
1
1
1
1
1
1
1
1
1
1
1
1
1
1
1
1
1
1
1
1
1
1
1
1
1
1
1
1
1
1
1
1
1
1
1
1
1
1
1
1
1
1
1
1
1
1
1
1
1
1
1
1
1
1
1
1
1
1
1
1
1
1
1
1
1
1
1
1
1
1
1
1
1
1
1
1
1
1
1
1
1
1
1
1
1
1
1
1
1
1
1
1
1
1
1
1
1
1
1
1
1
1
1
1
1
1
1
1
1
1
1
1
1
1
1
1
1
1
1
1
1
1
1
1
1
1
1
1
1
1
1
1
1
1
1
1
1
1
1
1
1
1
1
1
1
1
1
1
1
1
1
1
1
1
1
1
1
1
1
1
1
1
1
1
1
1
1
1
1
1
1
1
1
1
1
1
1
1
1
1
1
1
1
1
1
1
1
1
1
1
1
1
1
1
1
1
1
1
1
1
1
1
1
1
1
1
1
1
1
1
1
1
1
1
1
1
1
1
1
1
1
1
1
1
1
1
1
1
1
1
1
1
1
1
1
1
1
1
1
1
1
1
1
1
1
1
1
1
1
1
1
1
1
1
1
1
1
1
1
1
1
1
1
1
1
1
1
1
1
1
1
1
1
1
1
1
1
1
1
1
1
1
1
1
1
1
1
1
1
1
1
1
1
1
1
1
1
1
1
1
1
1
1
1
1
1
1
1
1
1
1
1
1
1
1
1
1
1
1
1
1
1
1
1
1
1
1
1
1
1
1
1
1
1
1
1
1
1
1
1
1
1
1
1
1
1
1
1
1
1
1
1
1
1
1
1
1
1
1
1
1
1
1
1
1
1
1
1
1
1
1
1
1
1
1
1
1
1
1
1
1
1
1
1
1
1
1
1
1
1
1
1
1
1
1
1
1
