29975
29975
29975
29975
29975
29975
29975
29975
29975
29975
29975
29975
29975
29975
29975
29975
29975
29975
29975
29975
29975
29975
29975
29975
29975
29975
29975
29975
29975
29975
29975
29975
29975
29975
29975
29975
29975
29975
29975
29975
29975
29975
29975
29975
29975
29975
29975
29975
29975
29975
29975
29975
29975
29975
29975
29975
29975
29975
29975
29975
29975
29975
29974
29974
29974
29974
29974
29974
29974
29974
29974
29974
29974
29974
29974
29974
29974
29974
29974
29974
29974
29974
29974
29974
29974
29974
29974
29974
29974
29974
29974
29974
29974
29974
29974
29974
29974
29974
29974
29974
29974
29974
29974
29974
29974
29974
29974
29974
29974
29974
29974
29974
29974
29974
29974
29974
29974
29974
29974
29974
29974
29974
29974
29974
29974
29974
29974
29974
29974
29974
29974
29974
29974
29974
29974
29974
29974
29974
29974
29974
29974
29974
29974
29974
29974
29974
29974
29974
29974
29974
29974
29974
29974
29974
29974
29974
29974
29973
29973
29973
29973
29973
29973
29973
29973
29973
29973
29973
29973
29973
29973
29973
29973
29973
29973
29973
29973
29973
29973
29973
29973
29973
29973
29973
29973
29973
29973
29973
29973
29973
29973
29973
29973
29973
29973
29973
29973
29973
29973
29973
29972
29972
29972
29972
29972
29972
29972
29972
29972
29972
29972
29972
29972
29972
29972
29972
29972
29972
29972
29972
29972
29972
29972
29972
29972
29972
29972
29972
29972
29972
29972
29972
29972
29972
29972
29972
29972
29972
29972
29972
29972
29972
29972
29972
29972
29972
29972
29972
29972
29972
29972
29972
29972
29972
29972
29972
29972
29972
29972
29972
29972
29972
29972
29971
29971
29971
29971
29971
29971
29971
29971
29971
29971
29971
29971
29971
29971
29971
29971
29971
29971
29971
29971
29970
29970
29970
29970
29970
29970
29970
29970
29970
29970
29970
29970
29970
29970
29970
29970
29970
29970
29970
29970
29970
29970
29970
29970
29970
29970
29970
29970
29970
29970
29970
29970
29970
29970
29970
29970
29970
29970
29970
29970
29970
29970
29970
29970
29970
29970
29970
29970
29970
29970
29970
29970
29970
29970
29970
29970
29970
29970
29970
29970
29970
29970
29970
29970
29970
29970
29970
29970
29970
29970
29970
29970
29970
29970
29970
29970
29970
29970
29970
29970
29970
29970
29970
29970
29970
29970
29970
29970
29970
29970
29970
29970
29970
29970
29970
29970
29970
29970
29970
29970
29970
29970
29970
29970
29970
29970
29970
29970
29970
29970
29970
29969
29969
29969
29969
29969
29969
29969
29969
29969
29969
29969
29969
29969
29969
29968
29968
29968
29968
29966
29966
29966
29966
29966
29966
29966
29966
29966
29966
29966
29966
29966
29966
29966
29966
29966
29966
29966
29966
29966
29966
29966
29966
29966
29966
29966
29966
29966
29966
29966
29966
29966
29966
29966
29966
29966
29966
29966
29966
29966
29966
29966
29966
29966
29966
29966
29966
29966
29966
29966
29966
29966
29966
29966
29966
29966
29966
29966
29966
29966
29966
29966
29966
29966
29966
29966
29966
29966
29966
29966
29966
29966
29966
29966
29966
29966
29966
29966
29965
29965
29965
29965
29965
29964
29964
29964
29963
29963
29963
29963
29963
29963
29962
29962
29962
29962
29962
29962
29962
29962
29962
29962
29962
29962
29962
29962
29962
29962
29961
29960
29960
29960
29960
29960
29960
29960
29960
29960
29960
29960
29960
29960
29960
29960
29960
29960
29960
29960
29960
29960
29960
29960
29960
29960
29960
29960
29960
29960
29960
29960
29960
29960
29960
29960
29960
29960
29960
29960
29960
29960
29960
29959
29959
29958
29958
29958
29958
29958
29958
29958
29958
29957
29957
29957
29957
29957
29957
29957
29957
29956
29956
29956
29956
29955
29955
29955
29954
29954
29953
29953
29953
29953
29953
29953
29953
29953
29952
29952
29952
29952
29952
29952
29952
29952
29952
29952
29951
29951
29951
29950
29950
29950
29950
29950
29950
29950
29950
29950
29950
29950
29950
29950
29950
29949
29948
29948
29948
29948
29948
29947
29947
29947
29947
29947
29947
29947
29947
29947
29947
29947
29947
29947
29947
29947
29947
29947
29947
29947
29947
29947
29947
29947
29947
29947
29947
29947
29947
29947
29947
29947
29947
29947
29947
29947
29947
29947
29947
29947
29947
29947
29947
29947
29947
29947
29947
29947
29947
29947
29947
29947
29947
29947
29947
29947
29947
29947
29947
29947
29947
29947
29947
29947
29947
29947
29947
29947
29947
29947
29947
29947
29947
29947
29947
29947
29947
29947
29947
29947
29947
29947
29947
29947
29947
29947
29946
29945
29945
29944
29944
29944
29943
29943
29943
29943
29943
29942
29942
29942
29942
29942
29942
29942
29942
29941
29941
29941
29941
29941
29941
29941
29941
29941
29941
29941
29940
29939
29939
29939
29939
29938
29938
29938
29938
29938
29938
29938
29938
29938
29938
29938
29938
29938
29938
29938
29938
29938
29938
29938
29938
29938
29937
29937
29937
29937
29937
29937
29937
29937
29937
29937
29937
29937
29937
29937
29937
29937
29937
29937
29937
29937
29937
29937
29937
29937
29937
29937
29937
29937
29937
29937
29935
29935
29935
29935
29935
29935
29932
29932
29931
29930
29930
29930
29930
29930
29930
29930
29930
29930
29930
29930
29930
29930
29930
29930
29930
29930
29930
29930
29930
29930
29928
29928
29928
29928
29928
29928
29928
29928
29928
29928
29928
29928
29928
29927
29927
29927
29927
29927
29926
29926
29924
29924
29924
29924
29924
29924
29924
29924
29924
29924
29924
29923
29923
29923
29923
29923
29923
29923
29923
29923
29923
29923
29923
29923
29923
29923
29923
29923
29923
29923
29923
29923
29923
29923
29923
29922
29922
29922
29919
29919
29919
29919
29918
29917
29917
29917
29917
29917
29917
29917
29917
29917
29917
29917
29916
29916
29916
29916
29916
29916
29916
29916
29916
29916
29916
29916
29916
29916
29916
29916
29916
29916
29916
29916
29916
29916
29916
29916
29916
29916
29916
29916
29916
29916
29916
29916
29914
29914
29911
29911
29911
29911
29909
29909
29909
29909
29909
29909
29909
29909
29909
29909
29909
29909
29909
29909
29909
29909
29909
29909
29909
29909
29908
29908
29908
29908
29908
29908
29908
29908
29908
29908
29908
29908
29908
29907
29907
29907
29907
29907
29907
29906
29905
29903
29902
29902
29902
29902
29902
29902
29900
29900
29898
29898
29898
29898
29897
29897
29897
29897
29897
29897
29897
29897
29897
29897
29895
29895
29895
29893
29893
29893
29892
29892
29892
29892
29892
29891
29891
29890
29890
29888
29888
29888
29888
29888
29888
29886
29886
29886
29885
29885
29885
29885
29885
29885
29885
29885
29884
29884
29884
29884
29883
29883
29881
29880
29880
29877
29877
29877
29877
29877
29877
29877
29877
29877
29877
29877
29876
29874
29874
29873
29873
29872
29872
29872
29872
29872
29872
29872
29870
29870
29870
29870
29870
29870
29870
29870
29870
29870
29870
29870
29870
29870
29870
29870
29870
29870
29870
29866
29866
29866
29865
29865
29865
29865
29865
29865
29865
29865
29865
29864
29863
29863
29854
29853
29853
29852
29851
29851
29851
29851
29851
29851
29851
29851
29850
29850
29850
29850
29849
29849
29849
29848
29845
29838
29838
29838
29838
29838
29837
29837
29836
29834
29834
29834
29834
29834
29834
29831
29831
29831
29831
29831
29830
29824
29821
29821
29818
29818
29818
29818
29818
29813
29813
29813
29809
29806
29803
29803
29803
29803
29803
29803
29803
29803
29803
29803
29799
29796
29796
29796
29789
29789
29789
29789
29787
29787
29784
29781
29781
29781
29781
29781
29781
29781
29780
29780
29780
29780
29780
29770
29768
29765
29765
29765
29765
29765
29765
29752
29752
29752
29752
29752
29752
29752
29751
29750
29746
29746
29741
29741
29741
29741
29740
29740
29740
29738
29736
29736
29734
29729
29729
29726
29726
29726
29726
29726
29723
29721
29720
29720
29715
29715
29715
29715
29712
29712
29712
29712
29712
29708
29708
29708
29708
29703
29703
29703
29701
29701
29697
29697
29693
29692
29692
29682
29679
29676
29676
29675
29674
29673
29673
29673
29673
29673
29673
29673
29673
29673
29673
29673
29671
29671
29671
29666
29659
29659
29659
29646
29645
29641
29640
29640
29635
29635
29635
29635
29625
29625
29625
29618
29610
29610
29610
29610
29610
29610
29610
29609
29609
29609
29609
29601
29601
29601
29601
29601
29599
29588
29588
29585
29585
29585
29585
29583
29583
29572
29572
29572
29567
29567
29561
29561
29543
29496
29496
29496
29496
29496
29463
29463
29463
29463
29462
29462
29462
29462
29462
29427
29410
29404
29404
29404
29404
29400
29400
29400
29400
29400
29400
29393
29393
29393
29340
29340
29340
29340
29340
29335
29335
29335
29335
29305
29305
29305
29305
29305
29305
29301
29301
29296
29278
29272
29253
29253
29204
29196
29196
29195
29195
29194
29094
29086
29021
29016
29016
29009
29009
29009
28997
28990
28990
28990
28982
28978
28977
28975
28965
28929
28917
28866
28866
28866
28866
28866
28866
28865
28865
28865
28865
28781
28781
28781
28781
28732
28678
28678
28632
28632
28632
28628
28352
28262
28262
28262
28262
28262
28171
28171
28161
28148
28100
28100
27653
27603
27603
27583
27501
27501
26917
26208
26208
24466
24181
24181
23823
23823
23823
13564
13564
13564
1
1
1
1
1
1
1
1
1
1
1
1
1
1
1
1
1
1
1
1
1
1
1
1
1
1
1
1
1
1
1
1
1
1
1
1
1
1
1
1
1
1
1
1
1
1
1
1
1
1
1
1
1
1
1
1
1
1
1
1
1
1
1
1
1
1
1
1
1
1
1
1
1
1
1
1
1
1
1
1
1
1
1
1
1
1
1
1
1
1
1
1
1
1
1
1
1
1
1
1
1
1
1
1
1
1
1
1
1
1
1
1
1
1
1
1
1
1
1
1
1
1
1
1
1
1
1
1
1
1
1
1
1
1
1
1
1
1
1
1
1
1
1
1
1
1
1
1
1
1
1
1
1
1
1
1
1
1
1
1
1
1
1
1
1
1
1
1
1
1
1
1
1
1
1
1
1
1
1
1
1
1
1
1
1
1
1
1
1
1
1
1
1
1
1
1
1
1
1
1
1
1
1
1
1
1
1
1
1
1
1
1
1
1
1
1
1
1
1
1
1
1
1
1
1
1
1
1
1
1
1
1
1
1
1
1
1
1
1
1
1
1
1
1
1
1
1
1
1
1
1
1
1
1
1
1
1
1
1
1
1
1
1
1
1
1
1
1
1
1
1
1
1
1
1
1
1
1
1
1
1
1
1
1
1
1
1
1
1
1
1
1
1
1
1
1
1
1
1
1
1
1
1
1
1
1
1
1
1
1
1
1
1
1
1
1
1
1
1
1
1
1
1
1
1
1
1
1
1
1
1
1
1
1
1
1
1
1
1
1
1
1
1
1
1
1
1
1
1
1
1
1
1
1
1
1
1
1
1
1
1
1
1
1
1
1
1
1
1
1
1
1
1
1
1
1
1
1
1
1
1
1
1
1
1
1
1
1
1
1
1
1
1
1
1
1
1
1
1
1
1
1
1
1
1
1
1
1
1
1
1
1
1
1
1
1
1
1
1
1
1
1
1
1
1
1
1
1
1
1
1
1
1
1
1
1
1
1
1
1
1
1
1
1
1
1
1
1
1
1
1
1
1
1
1
1
1
1
1
1
1
1
1
1
1
1
1
1
1
1
1
1
1
1
1
1
1
1
1
1
1
1
1
1
1
1
1
1
1
1
1
1
1
1
1
1
1
1
1
1
1
1
1
1
1
1
1
1
1
1
1
1
1
1
1
1
1
1
1
1
1
1
1
1
1
1
1
1
1
1
1
1
1
1
1
1
1
1
1
1
1
1
1
1
1
1
1
1
1
1
1
1
1
1
1
1
1
1
1
1
1
1
1
1
1
1
1
1
1
1
1
1
1
1
1
1
1
1
1
1
1
1
1
1
1
1
1
1
1
1
1
1
1
1
1
1
1
1
1
1
1
1
1
1
1
1
1
1
1
1
1
1
1
1
1
1
1
1
1
1
1
1
1
1
1
1
1
1
1
1
1
1
1
1
1
1
1
1
1
1
1
1
1
1
1
1
1
1
1
1
1
1
1
1
1
1
1
1
1
1
1
1
1
1
1
1
1
1
1
1
1
1
1
1
1
1
1
1
1
1
1
1
1
1
1
1
1
1
1
1
1
1
1
1
1
1
1
1
1
1
1
1
1
1
1
1
1
1
1
1
1
1
1
1
1
1
1
1
1
1
1
1
1
1
1
1
1
1
1
1
1
1
1
1
1
1
1
1
1
1
1
1
1
1
1
1
1
1
1
1
1
1
1
1
1
1
1
1
1
1
1
1
1
1
1
1
1
1
1
1
1
1
1
1
1
1
1
1
1
1
1
1
1
1
1
1
1
1
1
1
1
1
1
1
1
1
1
1
1
1
1
1
1
1
1
1
1
1
1
1
1
1
1
1
1
1
1
1
1
1
1
1
1
1
1
1
1
1
1
1
1
1
1
1
1
1
1
1
1
1
1
1
1
1
1
1
1
1
1
1
1
1
1
1
1
1
1
1
1
1
1
1
1
1
1
1
1
1
1
1
1
1
1
1
1
1
1
1
1
1
1
1
1
1
1
1
1
1
1
1
1
1
1
1
1
1
1
1
1
1
1
1
1
1
1
1
1
1
1
1
1
1
1
1
1
1
1
1
1
1
1
1
1
1
1
1
1
1
1
1
1
1
1
1
1
1
1
1
1
1
1
1
1
1
1
1
1
1
1
1
1
1
1
1
1
1
1
1
1
1
1
1
1
1
1
1
1
1
1
1
1
1
1
1
1
1
1
1
1
1
1
1
1
1
1
1
1
1
1
1
1
1
1
1
1
1
1
1
1
1
1
1
1
1
1
1
1
1
1
1
1
1
1
1
1
1
1
1
1
1
1
1
1
1
1
1
1
1
1
1
1
1
1
1
1
1
1
1
1
1
1
1
1
1
1
1
1
1
1
1
1
1
1
1
1
1
1
1
1
1
1
1
1
1
1
1
1
1
1
1
1
1
1
1
1
1
1
1
1
1
1
1
1
1
1
1
1
1
1
1
1
1
1
1
1
1
1
1
1
1
1
1
1
1
1
1
1
1
1
1
1
1
1
1
1
1
1
1
1
1
1
1
1
1
1
1
1
1
1
1
1
1
1
1
1
1
1
1
1
1
1
1
1
1
1
1
1
1
1
1
1
1
1
1
1
1
1
1
1
1
1
1
1
1
1
1
1
1
1
1
1
1
1
1
1
1
1
1
1
1
1
1
1
1
1
1
1
1
1
1
1
1
1
1
1
1
1
1
1
1
1
1
1
1
1
1
1
1
1
1
1
1
1
1
1
1
1
1
1
1
1
1
1
1
1
1
1
1
1
1
1
1
1
1
1
1
1
1
1
1
1
1
1
1
1
1
1
1
1
1
1
1
1
1
1
1
1
1
1
1
1
1
1
1
1
1
1
1
1
1
1
1
1
1
1
1
1
1
1
1
1
1
1
1
1
1
1
1
1
1
1
1
1
1
1
1
1
1
1
1
1
1
1
1
1
1
1
1
1
1
1
1
1
1
1
1
1
1
1
1
1
1
1
1
1
1
1
1
1
1
1
1
1
1
1
1
1
1
1
1
1
1
1
1
1
1
1
1
1
1
1
1
1
1
1
1
1
1
1
1
1
1
1
1
1
1
1
1
1
1
1
1
1
1
1
1
1
1
1
1
1
1
1
1
1
1
1
1
1
1
1
1
1
1
1
1
1
1
1
1
1
1
1
1
1
1
1
1
1
1
1
1
1
1
1
1
1
1
1
1
1
1
1
1
1
1
1
1
1
1
1
1
1
1
1
1
1
1
1
1
1
1
1
1
1
1
1
1
1
1
1
1
1
1
1
1
1
1
1
1
1
1
1
1
1
1
1
1
1
1
1
1
1
1
1
1
1
1
1
1
1
1
1
1
1
1
1
1
1
1
1
1
1
1
1
1
1
1
1
1
1
1
1
1
1
1
1
1
1
1
1
1
1
1
1
1
1
1
1
1
1
1
1
1
1
1
1
1
1
1
1
1
1
1
1
1
1
1
1
1
1
1
1
1
1
1
1
1
1
1
1
1
1
1
1
1
1
1
1
1
1
1
1
1
1
1
1
1
1
1
1
1
1
1
1
1
1
1
1
1
1
1
1
1
1
1
1
1
1
1
1
1
1
1
1
1
1
1
1
1
1
1
1
1
1
1
1
1
1
1
1
1
1
1
1
1
1
1
1
1
1
1
1
1
1
1
1
1
1
1
1
1
1
1
1
1
1
1
1
1
1
1
1
1
1
1
1
1
1
1
1
1
1
1
1
1
1
1
1
1
1
1
1
1
1
1
1
1
1
1
1
1
1
1
1
1
1
1
1
1
1
1
1
1
1
1
1
1
1
1
1
1
1
1
1
1
1
1
1
1
1
1
1
1
1
1
1
1
1
1
1
1
1
1
1
1
1
1
1
1
1
1
1
1
1
1
1
1
1
1
1
1
1
1
1
1
1
1
1
1
1
1
1
1
1
1
1
1
1
1
1
1
1
1
1
1
1
1
1
1
1
1
1
1
1
1
1
1
1
1
1
1
1
1
1
1
1
1
1
1
1
1
1
1
1
1
1
1
1
1
1
1
1
1
1
1
1
1
1
1
1
1
1
1
1
1
1
1
1
1
1
1
1
1
1
1
1
1
1
1
1
1
1
1
1
1
1
1
1
1
1
1
1
1
1
1
1
1
1
1
1
1
1
1
1
1
1
1
1
1
1
1
1
1
1
1
1
1
1
1
1
1
1
1
1
1
1
1
1
1
1
1
1
1
1
1
1
1
1
1
1
1
1
1
1
1
1
1
1
1
1
1
1
1
1
1
1
1
1
1
1
1
1
1
1
1
1
1
1
1
1
1
1
1
1
1
1
1
1
1
1
1
1
1
1
1
1
1
1
1
1
1
1
1
1
1
1
1
1
1
1
1
1
1
1
1
1
1
1
1
1
1
1
1
1
1
1
1
1
1
1
1
1
1
1
1
1
1
1
1
1
1
1
1
1
1
1
1
1
1
1
1
1
1
1
1
1
1
1
1
1
1
1
1
1
1
1
1
1
1
1
1
1
1
1
1
1
1
1
1
1
1
1
1
1
1
1
1
1
1
1
1
1
1
1
1
1
1
1
1
1
1
1
1
1
1
1
1
1
1
1
1
1
1
1
1
1
1
1
1
1
1
1
1
1
1
1
1
1
1
1
1
1
1
1
1
1
1
1
1
1
1
1
1
1
1
1
1
1
1
1
1
1
1
1
1
1
1
1
1
1
1
1
1
1
1
1
1
1
1
1
1
1
1
1
1
1
1
1
1
1
1
1
1
1
1
1
1
1
1
1
1
1
1
1
1
1
1
1
1
1
1
1
1
1
1
1
1
1
1
1
1
1
1
1
1
1
1
1
1
1
1
1
1
1
1
1
1
1
1
1
1
1
1
1
1
1
1
1
1
1
1
1
1
1
1
1
1
1
1
1
1
1
1
1
1
1
1
1
1
1
1
1
1
1
1
1
1
1
1
1
1
1
1
1
1
1
1
1
1
1
1
1
1
1
1
1
1
1
1
1
1
1
1
1
1
1
1
1
1
1
1
1
1
1
1
1
1
1
1
1
1
1
1
1
1
1
1
1
1
1
1
1
1
1
1
1
1
1
1
1
1
1
1
1
1
1
1
1
1
1
1
1
1
1
1
1
1
1
1
1
1
1
1
1
1
1
1
1
1
1
1
1
1
1
1
1
1
1
1
1
1
1
1
1
1
1
1
1
1
1
1
1
1
1
1
1
1
1
1
1
1
1
1
1
1
1
1
1
1
1
1
1
1
1
1
1
1
1
1
1
1
1
1
1
1
1
1
1
1
1
1
1
1
1
1
1
1
1
1
1
1
1
1
1
1
1
1
1
1
1
1
1
1
1
1
1
1
1
1
1
1
1
1
1
1
1
1
1
1
1
1
1
1
1
1
1
1
1
1
1
1
1
1
1
1
1
1
1
1
1
1
1
1
1
1
1
1
1
1
1
1
1
1
1
1
1
1
1
1
1
1
1
1
1
1
1
1
1
1
1
1
1
1
1
1
1
1
1
1
1
1
1
1
1
1
1
1
1
1
1
1
1
1
1
1
1
1
1
1
1
1
1
1
1
1
1
1
1
1
1
1
1
1
1
1
1
1
1
1
1
1
1
1
1
1
1
1
1
1
1
1
1
1
1
1
1
1
1
1
1
1
1
1
1
1
1
1
1
1
1
1
1
1
1
1
1
1
1
1
1
1
1
1
1
1
1
1
1
1
1
1
1
1
1
1
1
1
1
1
1
1
1
1
1
1
1
1
1
1
1
1
1
1
1
1
1
1
1
1
1
1
1
1
1
1
1
1
1
1
1
1
1
1
1
1
1
1
1
1
1
1
1
1
1
1
1
1
1
1
1
1
1
1
1
1
1
1
1
1
1
1
1
1
1
1
1
1
1
1
1
1
1
1
1
1
1
1
1
1
1
1
1
1
1
1
1
1
1
1
1
1
1
1
1
1
1
1
1
1
1
1
1
1
1
1
1
1
1
1
1
1
1
1
1
1
1
1
1
1
1
1
1
1
1
1
1
1
1
1
1
1
1
1
1
1
1
1
1
1
1
1
1
1
1
1
1
1
1
1
1
1
1
1
1
1
1
1
1
1
1
1
1
1
1
1
1
1
1
1
1
1
1
1
1
1
1
1
1
1
1
1
1
1
1
1
1
1
1
1
1
1
1
1
1
1
1
1
1
1
1
1
1
1
1
1
1
1
1
1
1
1
1
1
1
1
1
1
1
1
1
1
1
1
1
1
1
1
1
1
1
1
1
1
1
1
1
1
1
1
1
1
1
1
1
1
1
1
1
1
1
1
1
1
1
1
1
1
1
1
1
1
1
1
1
1
1
1
1
1
1
1
1
1
1
1
1
1
1
1
1
1
1
1
1
1
1
1
1
1
1
1
1
1
1
1
1
1
1
1
1
1
1
1
1
1
1
1
1
1
1
1
1
1
1
1
1
1
1
1
1
1
1
1
1
1
1
1
1
1
1
1
1
1
1
1
1
1
1
1
1
1
1
1
1
1
1
1
1
1
1
1
1
1
1
1
1
1
1
1
1
1
1
1
1
1
1
1
1
1
1
1
1
1
1
1
1
1
1
1
1
1
1
1
1
1
1
1
1
1
1
1
1
1
1
1
1
1
1
1
1
1
1
1
1
1
1
1
1
1
1
1
1
1
1
1
1
1
1
1
1
1
1
1
1
1
1
1
1
1
1
1
1
1
1
1
1
1
1
1
1
1
1
1
1
1
1
1
1
1
1
1
1
1
1
1
1
1
1
1
1
1
1
1
1
1
1
1
1
1
1
1
1
1
1
1
1
1
1
1
1
1
1
1
1
1
1
1
1
1
1
1
1
1
1
1
1
1
1
1
1
1
1
1
1
1
1
1
1
1
1
1
1
1
1
1
1
1
1
1
1
1
1
1
1
1
1
1
1
1
1
1
1
1
1
1
1
1
1
1
1
1
1
1
1
1
1
1
1
1
1
1
1
1
1
1
1
1
1
1
1
1
1
1
1
1
1
1
1
1
1
1
1
1
1
1
1
1
1
1
