0
0
0
0
0
0
0
246
324
192
0
0
113
16
967
0
68
887
20
3619
1804
19160
31047
19564
7341
11746
44573
1107
6129
20841
81187
618
41138
77542
31335
24369
68093
19364
53066
79521
65768
76184
3800
78314
86439
96460
14639
33007
7434
70208
78574
114832
61697
122107
76843
574
109909
23166
58541
53718
43813
102573
56358
130743
57131
69232
100775
85881
45570
45318
1475
54118
65723
88775
84658
36951
47046
5577
28565
41530
108150
64214
65216
31880
137958
51605
65090
24056
61494
30768
48030
24236
154373
127280
45441
134150
133086
155785
164
65095
141479
18861
185508
1964
43855
138152
155592
28896
155279
159274
143009
26593
130431
19929
144118
37761
75336
138380
149626
145950
41270
177268
31937
129025
112286
112262
60440
52617
204448
197223
106257
75308
94758
115424
133377
63833
142841
131065
140402
64778
91251
102559
117181
54034
83220
85174
85239
201834
492
205113
96199
157311
212780
169901
1923
122031
73775
105282
61403
183879
207541
132797
41675
1050
117033
168244
58009
39109
80485
75850
143094
168132
2208
198617
199699
100195
7052
1952
127762
129351
46497
98059
179402
267867
172599
153616
212044
260145
84666
177083
10216
122002
173080
162967
127466
164810
167538
15324
97996
86245
255436
195827
281550
67840
242193
47912
31316
211303
257018
51823
81678
255921
259140
329630
169663
270043
40595
243101
85726
248465
288413
329996
175811
186452
184964
34521
327727
96447
238978
97442
226455
290165
46376
50047
383024
118722
75099
182961
25046
162325
238502
260048
128659
324862
347586
235593
127674
209213
69504
113600
87977
335527
190030
327352
71897
150366
163187
349575
84168
75524
186386
291099
181105
492
492
91502
429007
387396
122218
50625
301103
124270
93415
394523
209964
71261
912
56810
123482
209107
234748
20531
402888
170398
13937
366884
217994
170001
281419
178642
90768
460849
217563
237761
99461
389928
1794
450198
132219
50874
419366
152907
89316
163975
247593
221487
85426
157226
334089
404223
52131
300648
408284
312302
333225
495529
251786
74698
225068
179766
210571
48863
119944
262039
240163
179288
121075
214685
249941
553974
335758
103441
394525
248025
251225
451210
176738
205266
541303
327629
438270
38505
104704
64990
546018
441234
448050
568549
240731
351163
499844
586513
503049
337121
584581
553796
0
432836
95368
542948
198912
270460
323347
599568
65331
178870
441958
156267
539154
433504
198107
46588
4761
445428
211718
55
519648
374134
2268
219064
574761
282784
454442
411880
272804
340629
438917
141311
568626
241368
408005
296178
333616
28351
23904
388155
149607
123291
281050
578811
353029
48649
516981
255300
354932
407604
85270
172018
173761
352554
228771
468333
199819
456241
18738
40137
528129
382976
581096
466842
605288
28579
32417
339549
329239
629965
678320
359620
761525
287648
486837
590659
203366
439609
374161
26368
725503
63449
6765
242051
611580
731986
5668
1101
466920
772973
179498
355415
300245
578918
389012
536174
599883
134670
14772
155411
67083
460640
791320
268300
23988
370236
89070
270250
481246
322299
125755
2302
19778
49158
120997
795618
625410
785421
17099
485054
177498
349568
341269
187174
421934
346736
424136
624412
469770
468718
258048
10639
86153
131387
554848
12739
378795
746897
490511
539621
449988
206905
603910
533468
367477
320419
283478
176503
722980
65010
113448
722259
696897
723640
469390
625406
65545
270988
538100
131949
378911
854842
61673
843578
310999
313966
173537
404276
766276
448603
776681
509113
479175
183320
347314
652094
508424
835576
593903
639792
762738
364107
34118
482790
832503
791590
305538
738274
588501
63706
225137
114622
361584
775018
611116
265772
160888
12210
797290
692256
560799
592249
304507
793439
17574
309640
960694
226028
359992
831362
383501
746790
315222
558651
153179
233114
380417
45232
562628
340280
188070
537035
645293
306832
936523
507094
620987
979515
685956
423836
204014
756529
702763
134700
581038
870528
122383
929411
278222
596981
225678
781510
318562
295411
867742
362164
479136
273024
888727
286484
576436
137336
41856
87123
208210
398571
523814
415760
830601
387119
174009
645346
324791
5829
207961
320864
23608
793707
1028931
449806
369291
4173
104819
378451
826545
282382
482872
86787
331914
906539
913186
28164
18796
275790
675184
614300
984414
423112
585328
892964
902094
995881
837054
122311
280002
691999
876620
525214
63150
1103174
396473
447997
1036318
832391
849729
674010
694930
831745
684614
17247
198739
1108273
343834
243730
642583
724467
180970
1059029
841335
769142
553975
150855
299577
266645
530343
79410
439517
93751
617258
802210
762733
143926
952887
201450
941113
447044
139734
1022115
776955
1040397
930586
1457
977683
527029
210987
15296
351377
285736
10301
142934
665226
52855
427
764758
1129788
879034
605643
783752
258585
153511
727322
563102
767948
907484
287653
795782
822831
187754
643137
118973
980689
318947
884317
307544
640499
303989
536
32238
499569
311459
761934
481352
734002
387899
186932
442086
532641
554563
84559
859321
827165
420270
1055820
595131
335485
28264
15522
597474
780273
1294665
375077
307616
719216
1206054
455970
18885
6624
157190
1024507
612406
1115468
306640
405252
702192
43957
384872
557338
209090
365807
589187
1171934
463326
468584
236372
567534
1026625
187796
824016
198997
202928
445786
483919
767625
358508
845591
308872
1226155
1270569
258872
1068751
523821
22401
1191835
453427
360977
335618
460200
1298688
412269
875987
163727
1070578
1137416
894437
530552
834849
601455
186888
922919
78685
380737
1160931
1375179
720886
538481
735500
1119216
1351266
1051037
617781
1281448
513687
362231
739202
404441
738630
123440
302278
240530
627
116919
228760
546117
30302
502689
43995
2349
570524
987468
404601
45417
158614
814724
1475849
1410020
1311000
192739
506378
782953
1094289
1035057
1231085
598382
278657
227720
1396313
27284
588671
99201
16389
391658
1274030
659531
824644
184237
865829
1411326
14075
902229
240009
174462
203114
816186
725806
609791
596370
533530
1035779
1031370
1079589
872266
12874
903395
265262
750701
601976
1385373
437998
1280689
636022
276451
204070
1181664
1179403
729784
1184947
1438265
266676
10662
652912
1265431
143722
1320375
29140
273865
1216738
914069
810398
1513560
414758
768698
1127903
419778
375298
535734
1333978
820325
1085486
636282
1091926
1031919
1435385
1014847
1117366
374418
29129
584670
793306
542120
993127
72475
1210356
534799
734108
1369482
705924
1093814
1032486
327785
48024
880521
824273
702729
1619804
1306157
510089
218357
728213
917357
832288
1009186
2391
1555713
1316775
663913
969073
1145165
1103406
419971
1481571
591472
713723
690519
975826
1081071
1544309
1301046
143401
387592
1632211
908470
439437
129
743057
1287532
1012278
567968
25644
801067
133816
1163128
322752
525102
796013
246796
1628634
