1784776055
1386848273
1888193195
256721118
365719306
1798390644
1196707340
2064639491
2062162640
1884774092
626684120
1306486131
179690374
554426779
1688466349
1138851244
605357837
586587369
70050532
1492598058
1719829907
1172367271
863138103
2015948272
340406329
2073876626
1107715461
1427226380
422013862
528097605
232388213
329492619
1275394654
1366281501
1277384444
889826669
568651099
940475060
226945101
60255169
1739371268
289657688
1290733538
35513060
1036847486
1739173149
966982160
290019231
1869927828
889134453
1483532210
83491956
116874903
863487168
2072533950
107078442
2103585996
1943574477
1957558615
531528469
1177068753
1858542621
268884601
928868826
631146686
646058585
874699607
32916657
1426665210
273170901
241562911
1666385149
1523212417
284431307
730793681
1320948397
537245469
1284011212
458486493
558260301
881828557
2094336955
1471022888
2094130821
1126500094
1701811591
1417632237
1276247137
1669920170
1819195631
456534621
361209816
1553177333
572562893
1007429485
1494264530
404820
309851219
405197461
1261415921
114681373
549694764
1458125118
411952837
545715047
1749979933
1782810710
1686733416
1809767243
2121310530
1891319212
191390728
71294225
1594906736
1188936605
1742279774
1056738754
101680880
406278660
2102843594
1847010091
1349022764
1054467034
718857758
760513760
468319073
1461157449
1224601219
1080581971
302461907
1995909015
679670393
1333844173
423084427
1871143482
1428024141
730758004
324595174
369876435
1209858244
173202007
965214762
61426652
807226325
528072889
117686350
1673206598
1353935996
748989261
1488159624
803099338
1162921977
1973809711
624708093
139410954
1413823839
925745928
1227100806
1839130676
1290525055
1867152379
1160119732
1958000529
1774486343
1258449681
813185990
1227923542
1774910833
1222701345
655475229
1303609986
1626194664
1712184788
2060692598
1572129372
409190191
1895195048
515494805
1235663696
1689827951
1630579658
398831975
1388750089
1774567609
1984012797
1878887299
803467426
1922445097
1491717216
1925255233
1188088771
1808970445
1873509102
1530890240
2102552039
945605236
1506659184
450393387
887525451
1159250152
1279310659
272199794
544770457
961817270
414001223
734537785
298060693
1774423930
1198767817
1638105465
1885979299
1240346482
723947333
713632716
1635416636
765699143
1324944284
1898852940
1597485855
936710525
1177721157
823977716
992507600
322128124
1090472732
874165989
1602193026
413170272
1907235107
1095927085
1863703852
1898908433
383481025
1739540753
921378086
1427036332
1306355436
737459754
1788621072
1005238763
2046636755
1814477924
453602684
793593448
740909268
1837797346
1969286171
1750236869
1645336360
1573364630
121109547
1178324594
458983097
109367998
337154190
1499196932
14401201
1587847947
1911876437
763743097
553764557
2091505475
1610541637
313258646
351645509
1042128094
2113347097
2007220687
1974776255
1756076885
1522338797
225720049
2115760061
1293245288
752675581
1886320493
2081954592
178545553
558965700
95541016
89052322
1576454273
1853051800
2118625943
2741317
2047369642
454199424
1577691744
1217056372
426262971
1702729850
1376750699
328571886
1365197847
260702943
1187368465
250011746
414440169
2087438920
639055486
1382133723
993140653
257053370
87528879
1327277962
343199441
937232130
1182176587
1977879355
198225741
1562581215
580151069
1721938231
15926868
460302141
25292028
558510534
1038024043
60198404
1981743450
505872232
457371618
1562045715
1091607717
885916757
1794936466
986116695
483417117
1632176455
1263858266
1326864398
349096367
1836424514
1656294287
40278356
983693550
791668795
34047436
1054433990
48903893
476338932
1153921409
1770771028
1745011057
249914731
1949889922
1578314078
1906039492
44071660
550340223
720372878
316044987
1662445466
1665152997
1972721126
350226480
823641092
133542307
1428486970
186895585
740731047
923722148
2112599095
967168429
475140885
546037571
477878774
1676297269
1631326627
189043698
1069097844
21432652
539880757
1987726184
450845900
1574317016
1144751448
1144341732
922610797
1398032255
1846709665
618074119
1355920870
1908937535
1108574688
1370913912
2015282431
931031831
1393868061
1987612056
923600966
736875067
709970886
1036856685
1892466614
1084959961
1018550961
593656665
1820565887
1558420200
898319829
991801014
1631080098
35350687
1469995808
556930783
2101790194
1284771158
1655970156
2116312152
240817792
718801999
653033558
1834057134
1569160029
1814697304
1627122462
1478896988
1468843191
1841260459
1479792052
2046676930
1496330225
1033472474
1232585383
436982336
447256407
1964787051
543652931
604437417
1086280141
1072248201
959522417
1247086336
962158200
748307959
2103423097
621989873
2057316850
130043731
1344294974
1094768930
482571443
591329385
561971422
1594161488
111718779
1713515280
1836786298
1435552026
1431692138
934467086
792625717
2137608335
575631354
804942535
35577110
385785956
2107719156
1247427110
1167841867
196006957
701059920
31073126
1768607505
2078126865
1010307306
49331
676880547
438642451
528920523
173656454
2137678114
1043150890
1444654941
194551305
11963839
1359627454
1976895448
1867363084
300265803
1635197083
65341546
267651004
1640997880
1261686022
38963455
1932083006
2106047895
1434527183
230474485
1128825269
1352619954
1851321523
1535244779
775555941
210264239
830399863
230844990
991109583
