2147483386
2147482090
2147483431
2147482903
2147483508
2147483365
2147483401
2147483604
2147483386
2147483604
2147483168
2147483604
2147483604
2147477692
2147482843
2147483479
2147483116
2147483431
2147483479
2147483508
2147483479
2147483363
2147483509
2147482850
2147483547
2147483581
2147483509
2147483509
2147483350
2147483472
2147483547
2147483472
2147482148
2147483508
2147483581
2147483604
2147483235
2147422831
2147480142
2147482910
2147483581
2147483604
2147483045
2147482910
2147483509
2147483450
2147483604
2147483132
2147483170
2147483621
2147483431
2147483508
2147482956
2147483020
2147483581
2147483581
2147483581
2147483479
2147483547
2147483509
2147483479
2147483083
2147483096
2147480895
2147483479
2147483604
2147483509
2147483479
2147483547
2147483508
2147483479
2147482713
2147483611
2147483493
2147483508
2147482915
2147483604
2147483472
2147482990
2147483450
2147483509
2147483581
2147483581
2147483581
2147483508
2147483508
2147483508
2147483581
2147483116
2147483424
2147483547
2147483361
2147483547
2147483581
2147483320
2147483361
2147483508
2147483604
2147483581
2147483424
2147483432
2147483604
2147482942
2147483604
2147483469
2147483441
2147483424
2147483547
2147483213
2147483509
2147483479
2147483604
2147483509
2147483621
2147483158
2147483604
2147483168
2147483479
2147483431
2147483581
2147483547
2147482600
2147483509
2147480765
2147483604
2147483509
2147483509
2147483292
2147483509
2147483431
2147483621
2147483508
2147483365
2147483581
2147483509
2147483621
2147483604
2147483547
2147483431
2147483508
2147483581
2147468106
2147483576
2147483604
2147482613
2147483547
2147483168
2147483547
2147479358
2147482910
2147483604
2147483479
2147482076
2147468772
2147483509
2147482455
2147483604
2147483604
2147483547
2147482321
2147483621
2147483424
2147483508
2147482344
2147452078
2147482283
2147477233
2147483576
2147483508
2147483469
2147483547
2147483509
2147483508
2147483581
2147483581
2147483096
2147483604
2147483104
2147483547
2147483363
2147483132
2147483581
2147483472
2147483509
2147482910
2147483104
2147483547
2147482793
2147483431
2147483479
2147483508
2147483472
2147483604
2147483621
2147482815
2147483604
2147483450
2147483509
2147482308
2147483576
2147483509
2147483581
2147483493
2147483479
2147482898
2147483508
2147483469
2147483581
2147482898
2147483365
2147483361
2147483508
2147483604
2147483576
2147483508
2147483450
2147480133
2147483547
2147482307
2147482956
2147483450
2147483431
2147483457
2147483509
2147483576
2147483547
2147480202
2147483431
2147483361
2147471083
2147483547
2147483361
2147472122
2147483604
2147483604
2147483508
2147483604
2147483069
2147467896
2147483604
2147477994
2147483581
2147483604
2147483361
2147480365
2147483509
2147483509
2147482850
2147483604
2147483493
2147483286
2147483386
2147483621
2147483508
2147483457
2147483509
2147483547
2147483508
2147483604
2147483621
2147483472
2147483508
2147483604
2147483581
2147483479
2147483604
2147483604
2147483158
2147483604
2147483604
2147483621
2147483547
2147483508
2147483508
2147483045
2147482227
2147483604
2147482850
2147483450
2147483032
2147483581
2147483479
2147482910
2147483509
2147483547
2147483547
2147482670
2147482196
2147483508
2147482962
2147483508
2147483509
2147483158
2147482628
2147483604
2147483581
2147483604
2147482011
2147482148
2147483604
2147483581
2147483581
2147483053
2147483576
2147483581
2147478453
2147483472
2147481334
2147483045
2147479017
2147483493
2147483361
2147482105
2147483576
2147483431
2147483581
2147483604
2147481456
2147483508
2147483547
2147483158
2147483576
2147483581
2147483168
2147483604
2147483581
2147483604
2147482961
2147483621
2147482544
2147483509
2147483431
2147483508
2147482749
2147483361
2147483450
2147483286
2147483604
2147482533
2147482984
2147478172
2147336768
2147483509
2147483604
2147483116
2147483547
2147483479
2147483621
2147482910
2147483547
2147483581
2147483547
2147483509
2147483424
2147483450
2147483508
2147482713
2147483441
2147483604
2147483547
2147483431
2147483508
2147483365
2147483509
2147483581
2147483576
2147483450
2147483472
2147483320
2147483547
2147483104
2147483094
2147483604
2147483361
2147483386
2147483604
2147418345
2147437001
2147483424
2147483320
2147483576
2147483508
2147483621
2147482344
2147483168
2147483509
2147482102
2147483472
2147483547
2147483213
2147483509
2147478580
2147483581
2147483158
2147483547
2147483286
2147483604
2147483604
2147483604
2147483581
2147468106
2147483509
2147483604
2147483621
2147483509
2147483016
2147483020
2147483547
2147483547
2147483472
2147483547
2147483621
2147483401
2147482725
2147483233
2147483472
2147483621
2147483509
2147483508
2147483621
2147483170
2147483604
2147480204
2147483604
2147481341
2147483581
2147483604
2147483116
2147483450
2147483604
2147483366
2147483604
2147482196
2147482670
2147483604
2147483107
2147482174
2147481901
2147482850
2147483581
2147482718
2147483053
2147483479
2147483581
2147483581
2147483604
2147483508
2147483509
2147483472
2147483508
2147483508
2147483508
2147483292
2147483274
2147483604
2147483604
2147483450
2147483493
2147482452
2147483509
2147483508
2147483365
2147483509
2147483509
2147483604
2147483547
2147483547
2147483508
2147483479
2147483581
2147482990
2147483424
2147483509
2147483386
2147483508
2147483361
2147483508
2147483547
2147483509
2147483621
2147483547
2147483576
2147483604
2147452373
2147483508
2147483508
2147483581
2147483493
2147483350
2147483509
2147483604
2147483441
2147483576
2147483472
2147482219
2147483547
2147478062
2147483604
2147483508
2147483581
