1583841985
1037290164
1476427144
456767689
90935183
1766534265
1305938101
1026857363
501654283
2075917604
51717519
2142193698
1373223500
2005260591
1623988754
1333109599
1533054384
511229125
1613350840
1003196885
1339655148
1170182986
1108704355
592608623
541064656
897658414
1636702344
1458013042
434750325
1619184036
1074142537
543931188
1101422681
1810870704
994578130
1640698229
1172009319
41196141
1980035152
793630818
20854467
640754102
2069075043
666599174
272244645
1592205262
414181359
786380356
1388734557
1007620710
2118382425
1463717018
679886070
745245014
42163002
1878416157
575055172
738180229
922547629
323403887
594445260
116137140
1925652707
566804801
741720984
285547495
1468240971
530406765
1050641992
385627837
1053549597
831987681
1492578597
560845330
1796673651
161832787
774586510
852217202
538014798
36353106
305522310
1084623085
1641051007
1364187582
2033173716
1306486763
1082763008
135795397
1375543696
1911844591
372240163
136561559
1191536032
1807590582
781922433
88382353
294969440
375792833
1767453423
1755843117
1168953403
662378720
1049236029
1688177807
398435181
2021700725
860198397
316685843
1937013384
951066996
1456072425
1767964831
767971989
263504830
1601652968
732504177
1816957456
1229111940
98969670
1728677089
710999797
1303636069
2009749026
44281742
307453074
2047503734
448854333
1299381197
612147726
2015274776
1385959904
1268968779
2125330917
263352746
561049400
1315405723
931963327
772870661
1850041963
1734774969
1383986397
1600837764
1505634966
780973069
571887398
2095679229
1842406424
611490992
418223863
1949648437
1501995947
1039651507
622351186
418437539
1051040849
668184887
1242934397
864659449
690698308
1684432207
1816240457
34065779
1003786860
1246517790
1416389416
366319199
1374863082
1245902296
470472753
766337096
2054521767
1845336383
854814090
1806007610
1007481746
584637
2017095968
1424256853
139584100
563516336
408315852
564296753
539660106
1873705790
548962152
279104101
33506881
1814192100
878434574
1088460404
943576423
2003690168
840873501
1342209142
1153603431
2003358488
1235591532
1476334818
90663744
1281641539
