964352700
1063580830
1838073941
520614945
1078294208
523070151
1648097050
484985198
1966057689
1339141853
504927417
2116547806
1591079397
2070420211
2080979581
1340372560
1035784327
1535213993
1378218812
1037570550
505960708
788709042
77716565
856674745
1438118195
628730019
1211854955
1366325982
1931468852
761689439
1740245954
9573695
1337066927
1383345789
1507667027
803422704
583797169
1771205006
1882398550
862826010
1065464444
994391827
1167974935
960401727
449065420
1766539566
1472636004
1581613798
2141065557
365988301
1735017098
1881078816
867065163
500775296
1186366517
1679239070
1159387966
1445760013
1545055210
2078223085
1248049619
372274734
1300900466
1980249988
267118770
38179649
1505857540
486783763
91586724
1989020168
1408547368
526705815
1592176014
1627647785
614867509
1000046520
2070690274
1651926605
1916074367
1961906140
1186369904
1910275742
739841081
1465873179
881906101
65142105
541904059
1278538441
1580105910
1497803977
369063888
1954314693
1306228983
1373377352
1177583604
2134858284
1150242956
315727850
275177869
1766175673
326955507
1041037728
322052999
747576898
578942266
522258833
2052981961
795641465
303547686
548043249
2125950157
204572876
750486237
393505333
753286285
1042373706
1451906110
766033223
786774999
2123861717
1063579503
54429912
934163324
643449098
1921527624
1855163813
1637664048
1347254918
213288708
644742064
1089628635
1596728567
899967583
1607153085
1263633460
412497728
1384440033
618237228
1880417574
1088045116
930773068
598995911
1853760565
1114314120
1307922419
1358747920
37642770
1014591002
1911282267
1208420845
700247532
1897756416
1381977782
1983899763
1584766737
1824898550
367560931
1400003344
1363921851
347342342
1517849927
1929687674
504080376
129105352
998007562
555197669
625751287
1492168585
732643711
118287998
1068884716
523942149
1358675583
93225554
1704857519
786693349
1338663927
1872670408
993062025
745188010
808832539
2036108772
864638897
1260286164
1652913197
1684838475
648038292
1053434515
1806370043
29374431
1823290894
701891058
1557026744
305567995
911730323
1235014409
766018974
583957194
834420581
679201328
1437566740
1514336695
1512451049
1549472542
1806425903
1666439584
1808530039
1804742992
1893369907
409074369
751812915
782167959
1411348273
510139491
2132611665
1154210398
314188590
23969172
2087013108
1364040737
1460773623
63851436
1202037563
2031789753
229836954
1520848653
1564517516
271125737
284890080
2117484647
598585464
1609845171
1688147749
605786860
1630842948
1353677363
631087504
1214011719
1920680359
889883878
1871239134
834556903
805438411
1574040365
662484838
2016939289
1534985816
1564768233
515181084
237825847
177686717
2063472576
817003966
727598877
1792910661
1545730150
420415879
2093225311
1327110546
924422425
398045794
1149350301
2044706546
853704772
620937377
220493696
1254498274
733228477
571841332
937703518
604693506
1662608560
423626713
1310498608
498198706
1826593598
559572964
239489784
1863477284
49243407
1957380331
1103786440
999987662
500969427
686090921
1552674296
220392827
559789567
1333612070
897974368
1408971163
1291717672
393453529
72576199
412403853
1093824198
1091051114
1928316851
902939480
2070434217
799121800
1025947460
1808014166
787913522
1111819753
1945832417
206792313
286575382
181528039
1653245353
1293477328
690724727
979399354
231566485
781455130
79622419
120433256
898419513
726175893
1803833201
604716813
1672382471
730855859
2039887157
2059681774
1627041665
1092032234
806934061
1579139027
1666783256
1442944919
1969785381
793697333
390411856
1683789918
1893202708
40166032
1713750264
1240818726
445268509
1574297576
1240246317
1121543376
310586603
827601649
1475319373
1402116083
983960163
498401217
491667527
76367383
129763207
1717357173
1468809861
492568783
194505034
26710582
1133719286
381370575
110491343
2122794767
2069504134
495125288
600080927
2078163436
518880513
1401880032
1941802356
879040171
1118136852
1476719954
1948078838
419008745
1139260721
2047605267
434912094
612876778
162801179
947787557
350479046
735939386
223626455
917082542
1340212503
185187308
957945225
257541844
4055290
1246959019
1826641974
1753886599
448621926
1638685510
194572686
1913468297
1087073543
1291121745
381852644
1823874042
36127444
816871212
2136833122
1128257843
347323971
176464065
1601457412
1054314031
325757031
228414356
165776626
1196639553
499893486
1305800103
69169360
721919695
1799068042
1762631999
1623033435
359819029
1732216434
63413607
1267865146
1498951371
1390857816
706936242
1661594829
937692556
361287709
1752873129
887495947
1933674534
596083764
72660237
356134441
2078641378
1666628900
183345081
874277099
388928317
757774726
525403612
1104069558
1419219374
356301652
266122858
4099554
21186398
1762573023
1425887729
2099723485
1926896593
1630205805
1754226027
1949174462
1344807186
1139315356
203545472
1380654413
1429897271
1692384785
282931815
687124581
1819386232
574491617
624877239
923711880
272063118
1937507254
459454914
608952676
662388777
1330213504
1325541691
351518754
1640435963
1402158535
1871220476
1302585430
1768725871
1913299789
905646179
2030400658
1930330365
1864269110
1994523864
2006406847
605962163
585979260
1054110451
224089604
232742527
882287836
2061783590
994824925
1604886223
383166395
1428713872
782312110
1822810157
1204439629
