2147483363
2147483631
2147483608
2147483522
2147482901
2147483605
2147483393
2147483631
2147478453
2147483324
2147483631
2147483522
2147483620
2147483631
2147483613
2147483608
2147483555
2147483608
2147483631
2147483350
2147483407
2147483050
2147482753
2147483445
2147483059
2147483457
2147483620
2147483393
2147483502
2147483393
2147483613
2147483608
2147483555
2147483608
2147482563
2147482445
2147483594
2147482993
2147482580
2147483183
2147483644
2147457516
2147483608
2147482530
2147483482
2147483613
2147483608
2147480023
2147483594
2147483530
2147483407
2147483485
2147483631
2147483613
2147483522
2147483555
2147483608
2147483139
2147483430
2147483485
2147483263
2147483040
2147483457
2147483482
2147483631
2147483522
2147483373
2147483613
2147483613
2147483482
2147483594
2147483445
2147483620
2147483620
2147483244
2147483613
2147483620
2147483445
2147483631
2147483620
2147483631
2147483631
2147483613
2147483620
2147483413
2147483555
2147483576
2147483407
2147483613
2147483430
2147483644
2147483613
2147483393
2147483393
2147483407
2147483620
2147482673
2147483605
2147483486
2147483555
2147483631
2147483577
2147483576
2147482320
2147483631
2147483613
2147483517
2147483613
2147482814
2147483251
2147483407
2147482536
2147483631
2147483631
2147483631
2147483485
2147483631
2147483555
2147483620
2147483482
2147482983
2147483413
2147483555
2147483620
2147483555
2147483482
2147482003
2147483502
2147483631
2147483644
2147483620
2147483080
2147483613
2147483407
2147483644
2147483608
2147483393
2147483631
2147483613
2147483605
2147483631
2147483555
2147483608
2147483555
2147483613
2147483126
2147483631
2147482720
2147483631
2147483620
2147483605
2147483594
2147483576
2147483251
2147483631
2147483522
2147483631
2147483613
2147483613
2147483023
2147483620
2147483613
2147481583
2147483613
2147483620
2147483608
2147483576
2147483613
2147483555
2147455645
2147483059
2147481229
2147483631
2147483594
2147458838
2147483577
2147483303
2147483594
2147483244
2147483522
2147483482
2147483441
2147483605
2147483613
2147483613
2147483613
2147483620
2147483555
2147421354
2147483522
2147479022
2147483555
2147481236
2147483393
2147483183
2147483457
2147483482
2147483594
2147481864
2147483457
2147483631
2147481188
2147483263
2147483263
2147483631
2147480975
2147483631
2147483631
2147483613
2147481354
2147482445
2147483644
2147482806
2147483631
2147483482
2147483613
2147483631
2147483631
2147483613
2147483625
2147483631
2147483594
2147483608
2147483393
2147483631
2147483613
2147483631
2147483338
2147482855
2147483620
2147483631
2147483594
2147483393
2147483183
2147483059
2147483613
2147483522
2147483059
2147483183
2147483608
2147483631
2147483577
2147483441
2147483631
2147483393
2147483350
2147483577
2147483613
2147483482
2147483393
2147483631
2147483613
2147483577
2147483631
2147483528
2147483631
2147483644
2147478389
2147483457
2147483183
2147483631
2147483441
2147483620
2147483023
2147483631
2147483620
2147483608
2147483445
2147483482
2147483183
2147483620
2147483631
2147479946
2147474085
2147483620
2147483613
2147483323
2147483631
2147479779
2147483338
2147483621
2147483631
2147483631
2147483605
2147483620
2147483631
2147483631
2147483631
2147483620
2147483631
2147479941
2147479406
2147483613
2147483555
2147483608
2147483413
2147483613
2147483620
2147483608
2147483644
2147483608
2147483608
2147482410
2147483608
2147482806
2147483393
2147483631
2147483613
2147483517
2147483502
2147482720
2147483631
2147483413
2147483620
2147483631
2147483631
2147483631
2147483338
2147483605
2147482302
2147483407
2147483324
2147477597
2147483555
2147483620
2147483067
2147483074
2147482687
2147483517
2147483613
2147483631
2147483482
2147483631
2147483210
2147483631
2147483555
2147483631
2147483517
2147482563
2147483251
2147483613
2147483631
2147482410
2147483555
2147483482
2147483028
2147483373
2147483183
2147480338
2147482955
2147483495
2147483613
2147483482
2147483613
2147482339
2147483613
2147483522
2147483454
2147483613
2147483502
2147482843
2147483613
2147483631
2147483413
2147483605
2147483555
2147483318
2147483393
2147483522
2147483555
2147483370
2147483613
2147483631
2147483620
2147483555
2147483620
2147483555
2147474333
2147480932
2147483631
2147483631
2147483620
2147483555
2147483620
2147483608
2147483620
2147483608
2147483625
2147483594
2147483605
2147473915
2147483613
2147481219
2147483613
2147483555
2147483555
2147483620
2147483613
2147483608
2147483555
2147483613
2147483485
2147483631
2147483243
2147483608
2147483482
2147483613
2147483620
2147483631
2147481046
2147483631
2147483555
2147483644
2147483631
2147483244
2147436111
2147483608
2147483620
2147483631
2147483631
2147483631
2147483644
2147483318
2147483631
2147483608
2147483555
2147483555
2147483502
2147483251
2147483613
2147483303
2147483247
2147483613
2147483555
2147483644
2147483613
2147483023
2147483594
2147483613
2147451020
2147483393
2147483620
2147483183
2147483482
2147483631
2147466843
2147483620
2147483644
2147483644
2147483393
2147454851
2147483631
2147483608
2147483482
2147483370
2147483605
2147483631
2147482864
2147483482
2147483625
2147483613
2147483482
2147483555
2147483608
2147483613
2147481607
2147483605
2147483631
2147483613
2147483263
2147483613
2147483522
2147483613
2147483613
2147483522
2147483620
2147483631
2147483613
2147483608
2147483631
2147483608
2147483236
2147483613
2147483555
2147483620
2147483620
2147483608
2147482901
2147483577
2147483620
2147483485
2147483613
2147481634
2147483620
2147480611
2147483620
2147483608
2147483338
2147483613
2147483555
