2147483640
2147483519
2147483609
2147483620
2147483537
2147483620
2147483597
2147483640
2147479830
2147483589
2147483559
2147483537
2147483608
2147480390
2147481600
2147483640
2147483644
2147483644
2147483599
2147483518
2147483608
2147483536
2147480377
2147483620
2147483608
2147483559
2147483519
2147483302
2147483559
2147483272
2147483629
2147483644
2147483537
2147483519
2147480588
2147483519
2147483603
2147483640
2147483640
2147483640
2147483644
2147483640
2147483603
2147483519
2147483610
2147482167
2147483302
2147483559
2147483537
2147483519
2147483536
2147483537
2147483597
2147483608
2147483359
2147475563
2147483620
2147483597
2147481600
2147483519
2147466471
2147483559
2147344696
2147483610
2147483640
2147483609
2147483609
2147483064
2147483610
2147473939
2147483536
2147483518
2147483640
2147483603
2147483644
2147483536
2147483494
2147483194
2147483613
2147483536
2147483609
2147483613
2147483589
2147479404
2147483603
2147483559
2147483644
2147483068
2147483603
2147483644
2147483194
2147483608
2147483524
2147483597
2147481151
2147483609
2147483640
2147482929
2147483603
2147483609
2147483608
2147483559
2147483597
2147483589
2147483629
2147483644
2147483213
2147483610
2147483609
2147483640
2147483537
2147483640
2147483359
2147482564
2147483559
2147483518
2147483608
2147483608
2147483012
2147483608
2147483640
2147483524
2147480896
2147483640
2147483603
2147483519
2147483537
2147481937
2147483519
2147483518
2147483613
2147483620
2147483521
2147483644
2147483482
2147482608
2147483640
2147483559
2147479547
2147483609
2147483608
2147483536
2147483608
2147483359
2147483640
2147483524
2147483608
2147483603
2147483640
2147483519
2147483452
2147483536
2147483597
2147483620
2147483640
2147483644
2147483640
2147483537
2147483610
2147482933
2147483603
2147483640
2147480564
2147483640
2147483640
2147482744
2147481998
2147483046
2147483597
2147483644
2147483613
2147483644
2147483620
2147483640
2147483537
2147483597
2147483603
2147480896
2147483537
2147483603
2147483536
2147483644
2147483620
2147483608
2147483494
2147483536
2147483640
2147483608
2147483608
2147483640
2147483629
2147483537
2147482683
2147482395
2147483518
2147483620
2147483644
2147453931
2147483640
2147483610
2147483640
2147483189
2147483452
2147478755
2147483640
2147480977
2147483644
2147482656
2147483603
2147483640
2147482738
2147483579
2147483620
2147483536
2147483518
2147481052
2147483536
2147483356
2147483640
2147483609
2147483359
2147483644
2147483608
2147483640
2147483452
2147483640
2147483519
2147483613
2147483482
2147473720
2147483463
2147475605
2147479592
2147483537
2147483640
2147483384
2147475054
2147478489
2147483640
2147483644
2147483519
2147483608
2147482693
2147483609
2147483644
2147483608
2147483609
2147483597
2147483537
2147483559
2147483519
2147482886
2147483609
2147483603
2147483124
2147483644
2147483356
2147483603
2147483640
2147483603
2147481644
2147483404
2147483494
2147483597
2147483589
2147481623
2147482844
2147483608
2147483640
2147483640
2147483644
2147467252
2147483644
2147483620
2147483608
2147483640
2147483608
2147483385
2147481367
2147483640
2147483609
2147483644
2147483640
2147480893
2147483482
2147483603
2147463974
2147480637
2147482502
2147483463
2147483640
2147483118
2147482929
2147483608
2147483404
2147483603
2147483609
2147483610
2147483609
2147483608
2147483302
2147483046
2147483097
2147482796
2147483194
2147483519
2147483597
2147482395
2147482716
2147483599
2147483537
2147483589
2147482939
2147483597
2147483537
2147483620
2147483609
2147483620
2147483536
2147483597
2147483597
2147483603
2147482970
2147483608
2147482529
2147479251
2147483603
2147483359
2147483518
2147483620
2147483608
2147483094
2147483608
2147483609
2147483608
2147483640
2147483603
2147483385
2147483524
2147483644
2147483640
2147483609
2147483536
2147483608
2147483608
2147483610
2147483603
2147483452
2147483644
2147483640
2147483518
2147483537
2147481697
2147483609
2147483609
2147483620
2147483644
2147483640
2147481505
2147483640
2147483608
2147483452
2147483620
2147483537
2147481144
2147483597
2147483644
2147482318
2147483609
2147454196
2147483644
2147483536
2147483559
2147483608
2147483640
2147483090
2147483613
2147483603
2147483609
2147483620
2147465285
2147483034
2147483521
2147482716
2147483610
2147483640
2147483603
2147483521
2147483644
2147483609
2147483189
2147483608
2147483644
2147483608
2147483640
2147483603
2147483603
2147483608
2147483482
2147483609
2147483537
2147483518
2147483559
2147483518
2147483379
2147483644
2147483644
2147483324
2147483521
2147483272
2147483609
2147483324
2147483591
2147483597
2147483640
2147483608
2147483644
2147482522
2147483609
2147483559
2147483537
2147483537
2147483559
2147483559
2147483494
2147483384
2147481644
2147482797
2147483536
2147483603
2147483608
2147483644
2147483589
2147483640
2147483404
2147483610
2147483536
2147483518
2147483597
2147483620
2147483609
2147483064
2147483608
2147483644
2147483537
2147483610
2147483599
2147483609
2147483608
2147483644
2147483589
2147483385
2147483609
2147483644
2147483644
2147483559
2147483640
2147483620
2147483190
2147483579
2147483644
2147483640
2147482939
2147479973
2147483603
2147483603
2147483610
2147483521
2147483640
2147483519
2147483094
2147483613
2147483608
2147483609
2147483640
2147483518
2147483152
2147483620
2147483537
2147483521
2147481736
2147483640
2147483559
2147483640
2147483324
2147483194
2147478325
2147483599
2147483608
2147483537
2147483608
2147483559
2147483620
2147483640
2147483603
2147483644
2147483463
2147483640
2147483644
2147483640
