997061069
2019087356
2049727815
1507625522
876884358
1329269881
1072120343
1729170234
1358116120
350831829
407684124
537096757
1165556592
282667270
834379269
1923871126
2014344070
501865941
866422081
1698844569
1766229956
1697377950
1785393184
764731212
766137946
970994976
1043063041
100048008
1877967643
810054183
2487303
1098680837
906929256
1611982650
1536790338
1311614394
1395989773
565331350
64401131
485366025
1696660241
624228768
106761446
691177210
788836273
2101328121
989023262
1392216009
464045787
1059973911
384017370
1876568829
958272323
1141708412
105644422
65195874
1043957347
247047796
237356625
1888345706
152169404
1430978931
31791172
462464091
1699918177
1492178228
2040613456
1084938929
882566542
1939703112
2050069710
722252891
1519869259
1671272001
1981670949
1737752338
587514893
369660893
1442356928
1898113048
410622738
864020570
183739665
2037306965
861999076
476769544
1916689253
1017977011
1159972944
536714343
859739931
1097079431
1748526182
1463345135
986671461
588303240
1516057735
726998629
827804796
1933324209
708379699
1852707206
668156391
272292105
1288895179
683255548
2069783140
783095780
2035757996
2110292776
741341129
239058967
1698905834
1333409461
1931617827
1455464770
805533
1109723757
1211456814
436222056
41865473
27104252
482576154
1784404126
364564958
1644647886
1710370594
506763416
1392792610
1059700967
297568036
160445230
1786296481
191312776
1400664907
1039986713
956466191
1513077835
1202765046
1672424455
1556178365
1537953142
86972345
428742838
780975355
1917836787
547901659
1948415984
1964747393
909907757
1928479319
855760981
320333195
205249689
1290323111
1660320964
1659935924
2088496822
1831644606
2124192631
911129352
1490216234
1633902500
1731896625
762465250
1568943989
23460660
32396661
893722887
587376219
43834710
1047047447
520647689
1229249426
1535020938
267132844
1670880948
142627190
1675756940
208630407
562421385
1259355143
566975233
369380981
39031612
349449425
1957998684
485045847
1478121929
1553964385
1030805388
1785459495
110004222
2081262203
1337307620
560371723
249622302
1345663999
1688606402
377509686
1678747417
127264296
1621457873
1902216150
739410806
1951621104
983170772
767247071
1718736560
537497034
1026306143
1265353848
904596892
1531150875
524987515
383633088
722157707
1689767708
602776837
1881976452
2040405419
1012476972
1256744987
64559860
60811446
1782870091
1686550263
194806594
1192840890
2063128687
286484023
1861580917
1103473488
2026948780
425817321
870915239
643639526
1366202290
310162671
1321325838
1351733610
811918085
820137363
13146347
646934147
1141637297
406835758
68426137
1306126131
1374488454
1205907151
623986884
1965285454
235705281
270269770
1519258900
328221108
1076769356
1131808275
1030143536
92321310
1054516825
124241532
1341293639
1456680750
1191808183
858984935
198514145
643714020
605845420
627048959
1132973653
170563286
715059624
1958326730
1646991411
829970508
601226060
1339259998
813218452
2128410918
394968201
323764921
973034452
1475606429
917697814
1923976901
1286609996
581873052
226620522
1213470743
630356250
1331034332
996405029
351972795
1268111257
453536947
1318958916
498462112
2099758034
1340805614
1562517307
252917775
1956902546
1228972802
2139291771
5451911
937309199
976737252
1022579682
1790166197
1022840443
1972257762
1438847670
1813319520
1747610971
1576859040
755240153
21536302
67821903
177744888
1449564631
781845831
2039091822
744793384
1706662949
738481358
1040270380
1535736640
405136861
1945343984
83787150
537195102
1967912947
3533816
1378988489
1243393727
1985429751
1990404304
141359669
1995920491
983361596
1212085426
973184195
544225056
607686399
300694616
721684857
1844163541
956534931
664181148
748461878
1983114199
62904025
1845453475
2066671829
2088742745
976097547
1428770424
945203875
1948951949
539209271
973215851
275539604
370495898
2007283473
1995701019
1371626472
1902265318
300758862
570513478
324135500
1499399599
269836305
1671077609
1805229626
262195362
5621555
1328199947
1125246478
210241683
1511911388
299334373
1471284773
193623867
1474896692
1422988851
798534913
69170804
905562341
1619773658
1232992763
1099213293
1952644774
1878924346
1646572759
1005067950
469120469
127615391
1123799728
602595933
804911669
1698522753
444371617
1032931374
133489755
1276574616
213112297
246261032
1338615281
806923958
289431621
988406092
2124934468
1754900118
1997480895
1114350733
375294747
1329474725
1554599923
1922249013
2104931089
1858841004
666151937
1799178784
1614908696
213501801
1445076037
517586078
1183258350
1015547875
137725482
1462938059
150105964
202607904
377662570
1624466385
1015117608
607930759
1031598364
2052201977
1057250827
1382889290
1620342399
1513962382
923529033
877895911
134718881
485698553
1193958125
1048725722
1944397199
995749541
458502800
703622911
1917366586
1843721589
1628485615
200814467
1826189756
1611942430
854219809
63197912
1013322398
483110122
616560391
1109151673
1000383283
291103804
775249496
798391051
1909854510
1794717626
666919086
447987325
363771482
836774981
1898947282
304544027
1854219844
2104896236
1924967929
54847173
766678175
57602020
1797621703
2088281207
325395740
1036653426
807533363
1787202843
1014609059
309427357
100848948
1422095370
1298136678
1150598094
651966767
2128740126
144255636
