259354
inf
inf
255370
252712
inf
258530
272621
264800
inf
257414
inf
256691
259745
254917
254037
inf
256349
257486
253464
264632
255142
269622
248790
261573
255222
254605
inf
260131
249088
259344
254214
256486
264707
258456
271722
255232
261277
256240
254895
260029
257281
265452
253513
252881
249484
251287
255490
258467
259315
253922
250346
254562
260248
256957
256192
256867
257779
249821
258518
255034
250176
249720
260310
259756
252216
261327
268037
253740
261328
255730
251686
253218
255534
252939
254801
258860
259485
259142
263722
257617
254335
262162
256624
253137
254157
252311
258119
256902
252808
260762
248947
256967
256389
252174
254979
260140
253395
249317
253287
