0
0
0
0
0
0
0
0
0
0
0
0
0
0
0
0
0
0
0
0
0
0
0
0
0
0
0
0
0
0
0
0
0
0
0
0
-1
650862144
0
0
0
0
2720248336
194323600
0
0
0
0
0
0
0
0
3572100
0
0
949810761
0
0
0
0
0
0
0
0
1976869444
0
0
0
0
0
0
0
0
0
0
0
0
0
0
0
0
0
0
0
0
0
0
925498084
0
0
0
0
0
0
0
0
0
0
0
0
0
3525153129
0
0
0
0
0
0
0
0
0
0
0
0
0
0
0
0
0
1827904
0
0
0
0
0
0
0
0
0
0
0
0
0
0
0
0
0
1910651521
0
0
1504508944
147039876
596189889
0
14025025
0
107205316
0
0
0
0
0
0
0
0
0
0
0
0
0
0
0
0
0
0
0
0
0
0
3781512036
0
0
0
0
0
0
0
0
0
8520561
0
0
0
0
0
0
0
0
0
0
0
0
0
0
0
0
0
0
0
0
0
0
0
0
0
0
0
0
0
0
0
0
0
0
0
0
0
0
0
0
0
0
0
0
0
0
2047761
0
0
0
0
0
0
0
0
0
0
0
0
0
0
0
0
0
0
0
0
0
0
3066944400
0
0
3934676529
0
0
0
0
0
0
0
0
0
0
0
584140561
-1
0
0
2898745600
0
0
36216324
16184529
0
0
-1
65593801
0
0
0
0
0
0
0
0
0
0
0
0
0
0
0
1281425209
0
0
0
0
590198436
0
0
0
0
0
0
0
0
0
0
0
-1
0
0
0
0
0
0
0
0
0
0
0
0
0
0
0
0
0
0
0
0
0
0
0
0
0
0
0
0
0
0
0
0
0
0
0
1232571664
0
0
24512401
0
0
0
0
0
0
0
0
0
0
0
0
0
0
0
0
0
0
0
0
0
0
0
0
0
0
0
0
0
0
0
0
0
0
0
0
0
0
0
0
0
0
0
0
0
0
0
0
0
0
0
0
0
0
0
591413761
0
0
0
0
0
1377374769
0
0
0
0
0
0
26586632
0
0
0
0
0
0
0
0
0
0
0
0
0
0
0
0
5339955625
0
0
0
2894655204
0
0
0
0
0
14607684
0
0
0
0
0
0
0
0
0
0
0
0
0
0
21215236
1729062724
0
0
0
0
0
0
0
0
149450625
0
0
0
0
0
0
0
0
0
0
0
0
0
0
0
0
0
0
0
0
0
0
0
0
0
0
0
0
0
0
0
0
0
0
0
0
0
0
0
0
0
0
0
0
108930969
0
0
0
3357738916
0
0
0
0
868657729
0
0
0
0
0
0
0
0
0
0
0
0
0
0
0
0
0
0
0
0
0
0
0
0
0
0
0
0
0
0
0
0
0
0
0
0
0
0
0
0
2226312992
585446416
0
0
0
0
0
0
1421893264
0
0
0
0
206583129
0
0
4927338025
0
0
0
0
0
0
707506801
0
0
0
0
2094160644
0
0
0
0
0
0
0
0
0
0
0
0
0
27952369
0
0
0
0
0
0
0
0
0
-1
0
32512804
0
0
0
0
0
0
0
0
0
1549524496
0
0
0
0
0
3308761
0
0
0
0
0
0
0
0
0
0
0
0
0
0
0
0
0
0
0
0
0
0
0
6405961
0
0
0
1077677584
0
0
611523441
0
0
0
0
0
0
0
0
0
0
0
0
0
0
0
0
0
0
0
2077080625
0
0
0
0
0
0
0
0
374267716
0
0
0
5121692356
0
0
0
0
0
0
1026882025
0
0
0
0
0
0
0
0
0
0
0
0
0
0
139641489
0
0
0
0
0
0
0
0
0
0
0
0
0
0
0
0
0
0
265225
0
0
0
0
0
0
0
0
0
0
0
0
0
369869824
0
0
0
0
0
0
0
1465588089
0
0
0
0
0
0
0
0
0
0
594579456
0
0
0
31528225
0
0
0
0
0
0
0
0
0
0
0
0
0
0
0
0
0
0
0
0
0
0
664659961
0
0
0
0
0
930311001
0
0
0
0
0
0
0
0
0
43533604
0
0
0
0
0
0
0
0
0
0
0
0
0
0
0
0
83704201
0
0
0
0
0
5987819161
0
0
0
0
0
0
0
0
0
0
0
5425353649
0
0
0
0
-1
0
0
0
0
0
0
0
0
0
0
0
0
0
0
0
0
0
0
0
0
0
0
0
0
0
0
0
0
0
0
0
0
0
0
0
0
5196391396
0
0
0
0
0
0
0
0
0
0
0
0
0
0
0
24631369
0
0
0
0
0
0
0
0
0
0
0
0
0
145684900
0
0
0
0
0
0
35880100
0
0
0
0
0
0
0
0
0
0
1111622281
0
0
0
0
0
0
0
0
0
0
0
0
0
0
0
0
0
0
0
0
0
0
0
0
0
0
0
0
0
0
0
0
0
0
0
0
10304100
0
0
0
0
0
0
0
0
0
0
0
0
0
0
444408561
0
0
0
0
0
0
0
