17
0
0
0
52441
1
0
0
4
1
0
0
0
1
1
357474650
1
1
70980625
4
4
36
0
0
9
1
25
1
0
1
25
9
16
36
0
999255321
4
9
0
0
0
25
1
1
1
2
0
1
17
25
0
0
4
4
0
10
16
2
0
1
4
0
2
1
1
4
214563904
16
4
0
16
0
0
36
0
1
4
0
1
0
0
0
4
4
1
1
0
0
1
0
1090320401
0
0
0
29
0
0
4
1
0
0
0
38912644
1
0
0
0
4
0
10
1
-1
1
1
0
0
0
0
194518809
0
4
2
4
0
0
0
0
0
20
2
0
0
491553241
0
0
0
16
0
0
4
9
5
0
20611601
0
0
590684420
16
0
0
1
0
1
0
0
0
4
0
1
0
9
0
0
1
1
1
1
4
0
1
1
16
16
0
508231936
2
1
0
0
0
5
0
0
0
0
0
0
1
0
2182758401
0
0
1
4
1
0
0
1
2
0
16
36
0
0
0
1
9
1
1
1
9
0
9
0
0
1
1
1
0
0
49
9
4
1
1
37
0
36
985708816
-1
0
1
1
0
1
25
0
36
0
0
0
1
0
9
5
0
1
4
36
5
4
4
0
0
1
39476090
0
16
0
2
0
17
29
0
1
1
9
0
4
4
1
0
9
1
0
1
4
1
0
0
0
1
29
4
0
9
48191365
0
0
0
4
0
8
0
16
0
0
0
0
4
1
365306770
2
4
4
0
16
13
4
25
2
9
0
1
4
0
0
1
1
0
0
9
0
822083584
1
1
36
0
16
825527833
4
10
5
0
0
0
0
0
425679428
4
2
26
0
0
0
0
0
25
100721312
0
0
0
9
9
10
4
0
624650058
1
1
0
398721024
0
4
0
9
5
10817521
0
1
5
8
16
0
0
16
1
37
0
0
0
0
0
4
4
0
0
707347216
4
0
1
0
0
0
42025
36
0
0
0
1
25
1
9
1
1
1
0
0
0
0
0
36
1
1
25
17
0
0
1
0
4
4
5
0
2
1
25
1588500737
0
0
0
1
0
4
0
0
2
1
4
0
0
4
4
1
0
26101881
0
789216650
8
0
0
0
0
30713764
0
0
0
16
1
1
44142736
0
0
36
0
1
0
4
0
0
0
2
1
0
49
1
1
0
1
0
233755442
0
0
89586225
1
0
24383845
0
1
0
1
1
0
0
0
0
0
9
5
9
0
0
1
60606226
4
0
0
0
4
5
0
0
0
16
0
0
0
1
0
1
26
2
0
4
89567296
5
9
36
0
0
4
0
25
10
0
0
0
0
36
9
0
0
16
4
0
36
9
0
0
1
9
0
9
574417089
0
10
1
4
1
0
0
0
1
16
1595842704
4
0
1
1
0
1
1
0
0
1
1
1
9
0
1
9
0
0
0
0
16
0
362864401
977687824
675636050
1
1
16
4
1
1
0
2639301858
13
86415616
0
1
0
0
0
1
1
467597376
665833032
0
0
1
10
0
1
0
237653056
1
1
4
0
25
0
1
1216428488
1
49
1
41
0
0
0
1
0
1
1
5
1
0
1
1
4
1
0
1
0
0
4
1
1
0
0
330621489
1
0
0
0
1
1
0
1
0
0
4
0
32
0
9
5
8
4
0
0
1
1
9
0
0
0
0
17
1
0
0
1
0
1
10
25
1
1
0
0
0
1
4
0
224940004
1
1
25
4
0
4
674041
331604100
1
0
447787922
5
49
0
4
0
0
0
0
8
1
4
0
0
9
0
9
2
0
9
0
1575851809
330439684
0
0
1
0
0
1
0
25
0
0
0
0
4
0
1106227600
16
1
1
1
0
0
284866885
0
5
0
728946001
4
1
0
0
4
0
1
1
34
1
4
1
0
1
1
0
0
4
0
0
17
17
0
4
0
0
0
4
1
1430276762
3229209
0
0
0
0
0
0
0
0
0
0
0
1
1
1
1
4
1
0
841000000
10
5
1
0
9
5
2
0
0
0
0
0
2
4
4
0
1
5
16
0
16
0
0
13638250
4
9
0
4
4
0
0
0
0
1
0
86415625
0
9
0
0
0
0
4
49
1
670861805
1
0
4
1
0
4
1
16
4
0
0
0
0
0
0
0
0
0
1
1
9
16
34187409
0
1
0
0
0
0
0
9
25
0
0
0
0
5
1
2
9
37
0
0
41152225
4
0
4
0
141752836
52
4
1
71166097
0
4
1
2
0
0
1
9
13
4
0
1
16
1
1
2
9
2
0
0
0
1
1
0
0
1
1
1
0
1
1
9
10
0
1
1
1
0
0
4
1
4
0
0
220374025
0
0
0
0
0
4
0
1
698862096
0
4
1
0
9
0
0
0
1
0
437228104
1
485056576
4
1
1
2
0
0
1
0
0
0
14938225
0
0
0
1
0
5
0
0
0
0
-1
16
0
0
1
0
