830836
3693994
20426818
7046650
3695625
232913
7272322
70835396
18619786
20890565
2250613
13113577
18396745
9199889
65637626
48013705
18984421
35057626
28676650
27649474
44909725
45971458
18667105
1621217
4122432
10378120
2178868
4393268
32549386
40682005
71094493
33542450
2487257
16131629
3392586
46593490
7171805
15629321
34174810
5203873
13110281
37833458
83642
24166265
70993588
85346532
13447540
8752250
147584
5605274
20506769
3441754
7634945
26689981
8747605
8488168
28403572
5794225
1630570
6678500
47520962
15129677
22258881
44808277
23904962
21475165
26929108
5287426
79966762
4663882
18395842
31073029
10236101
12551985
26545345
8475233
17075305
862804
58423405
88245749
22924018
47399650
5063265
9404176
8567530
5571592
4113754
16008841
19027080
3044929
51591808
2881962
28949024
14712100
9619633
19029949
10702090
64463125
4390658
7561837
33251597
9490714
5988845
27247925
16417960
30755986
40034201
17240656
12160264
51249172
7893689
100828634
36638388
26519825
14615441
50826141
3509973
16835785
63848209
15708386
61980125
64453745
4665905
18187780
11094850
10427209
5677970
15588260
32182025
132545
7936538
25629397
6857869
55732205
34132221
14979329
1655465
7967693
4823162
67937896
40050365
15499373
4922272
8925418
7314025
6202885
12107385
75698257
1894250
6972673
25295602
22161625
24324040
21209557
28699229
25469145
4585714
32253700
1204061
11611445
10787306
6153349
36371065
83598269
16981546
62719460
12484205
17597970
1536725
14763796
14366853
20704274
11923193
22711060
6831889
3824080
48716365
64764925
80038529
56887298
41088209
3875885
5047573
21894665
6261610
19573864
106025005
2879136
6210130
2826594
38603305
42602068
2650297
68844240
43538697
5022500
65906586
16660045
16290025
27589913
2778920
17772290
13805972
13871889
4687322
44744930
4550625
20698148
43402805
17221249
77844257
11316744
13045786
6432109
1011434
1060688
7578317
1785977
57170570
19196269
53563714
1197085
49990810
53032394
21553380
24602706
73454324
72082810
25026768
38943757
21807952
8287892
30399552
72340340
14513105
5310045
17159141
56220346
12589741
2967557
20480018
22956881
22794388
3274253
7140962
5317328
5163761
11940273
5766418
13239090
7189704
1324850
58110946
5371481
513333
25227506
3760285
460232
5431781
9430522
48020769
38969082
38521514
34505389
23555249
4214125
13036025
2467456
109107778
77307705
17339237
73960393
1404625
39952618
21842081
1649300
17230306
17017650
36877889
7191441
7069354
19053905
11457416
4688906
22511593
1816201
23560514
18502425
5715370
14463730
2026009
33505810
7483844
4188269
45726020
63790010
4778852
17802513
29820925
23228692
40410322
69828185
33484730
3970850
33360548
29525968
37383002
5075993
11598408
7783241
17102324
6896817
8954656
7598285
70147241
22156957
2197658
50431522
1337480
26277696
4280770
34120666
9426001
53407109
20959684
19680557
7397456
252125
1705576
8319392
10848125
7898600
50687149
23681930
22866610
28365065
31899764
1313000
3084570
33451925
15425685
9425728
5922409
26017
61125562
28652445
10395450
14889709
13224580
27639770
67493221
12743210
6123650
17106248
18453461
34854329
45033578
954941
9762569
17674049
2551058
46798778
5898845
47542829
22791508
11289728
18129956
8720648
8849320
15286784
25194178
30103200
54951905
31847597
73933850
76657217
15389105
5431673
10579400
47762170
14838372
34378853
14606450
15488045
8123618
38537045
28334353
45825552
85018100
18482738
15889925
1858361
9011785
1939400
83126770
20802170
44549801
3754130
21299129
81821268
10319578
5500520
3856493
536660
41152850
2451069
18971684
8857885
12367240
7736105
2994532
25106050
20722573
9889762
28148356
32894465
19240840
7074113
7698745
4435028
799765
42026450
9938825
4973525
32214004
38223457
407362
40280357
36110581
21392570
2686738
17829445
976208
6957513
40143545
3486580
42140569
55877776
3135065
18205954
13259089
7422925
16314884
496082
16589440
5002693
8453394
4591693
5765832
25095145
1227785
9630010
24325172
14919922
28074577
23666033
8036585
95510600
11072125
27147938
6723685
41436389
57334306
15361552
31856850
9872713
19298245
2774701
63778645
19287229
6489449
36446765
30610285
842696
64193485
8298365
30353618
31240346
16842185
3170952
28295528
62140817
3377204
15377849
8089165
33351496
63447785
5023786
26819405
38887105
11682801
40268650
25738073
13487553
24159098
26308682
38066893
3807473
25271962
19145780
5948477
35396000
4057841
24345704
4055741
116285
9493002
13398125
38643785
21597701
26296714
42262009
20072000
23758965
12533593
2395700
3747572
20693210
10555981
3079189
11074585
11962321
65678849
8642170
16419197
6064834
45288000
14386285
803840
65580616
5820313
29341370
6403945
12202
3348578
2319890
3409445
90344241
39210244
13670330
32323061
11323300
43588981
619345
8956825
10769450
5436989
41862449
38294932
27863425
5796530
10491650
6100357
27479842
14878372
8228762
63581008
2788105
39345514
2636730
6361130
35836685
17720020
2155024
5122618
17540321
14221505
5120281
47236100
15520977
17163242
49366385
26655122
52786665
45444557
26408205
21893929
7256021
4954333
39590921
11936420
14441864
1527082
1737074
2990717
1302050
93039805
5314420
17866853
293877
63761146
4498969
4795792
44867849
18893188
822653
27215666
29340130
13187665
2373881
45226624
7102152
3684740
1369876
3384441
52237809
15443602
23092045
39452965
41846650
7808490
6282061
30809881
10259153
6286608
58440785
6204105
14280725
17796596
1668850
13236218
20780621
80812517
51643297
5230322
2969290
4610149
16978817
24779080
9073168
79049800
27151885
33475752
17910881
20687445
10233929
808594
4718545
58898
2528893
19894833
876781
41771765
11576977
27798625
17950850
23595917
3732884
2608034
3417858
21269428
35203925
1467572
52051784
60829200
6767330
4746730
71859250
41870880
31828436
1290985
26286250
14330660
28892309
39435485
53953861
23421712
32473733
25340101
2050690
4084706
347701
16244005
2987920
5031505
46132705
533909
72385226
19626458
22996562
5547218
8367620
55722277
11408834
19338125
12991661
31478980
48145610
18676034
26367001
3997949
7714253
54056122
5727172
6121673
19724560
54662434
22240709
50868324
2120585
26477840
42731701
20384065
6926893
16916356
36072725
4994260
979597
4180282
66313845
9510289
339001
9231776
63792936
2753402
1292813
7660525
230105
5412697
10939570
54721360
20946185
2912845
2617525
213517
12130225
9973354
68586445
67716625
5660276
52970549
42003425
45533332
4354888
5499810
501250
102193965
3057517
1644242
903698
9058760
7724018
35782634
4077140
29089169
4249277
6355733
46815985
4921376
1043380
3073492
12818132
14640160
15361513
84588964
8720660
7157008
73901209
2120474
55385090
5215853
39098176
10414405
3431618
33088420
7206741
40168229
24528402
17980898
33873053
18637768
25814224
12088337
21087482
15669009
63820805
1363561
33885617
52680506
18336250
18611572
32457829
37229697
8490353
25650890
34411553
15722768
16273625
7943722
50274794
36387730
22089581
17594473
15019405
13957450
227970
44720442
14005520
7077096
9992786
20406053
26852660
75984269
8038036
24275722
1530261
18726469
10382580
49821866
3126258
12868873
3731193
2206277
16782004
46440641
29300677
16661713
10774625
37355860
5331600
55354
496170
4082689
24603140
25072501
16070788
57589193
41544477
3342753
80108096
5688306
59784265
69809864
15099685
8046953
12001405
8008489
7251725
646425
22975322
3298473
4275108
3631940
9630913
26836420
4277192
7925320
4483745
85079977
17524445
30982736
22995389
48968730
20590868
4132049
9391969
4865780
15479424
4934561
19531538
558452
1575940
48300388
4797153
807925
3310361
5589109
1363202
1475505
3716000
2485625
6762026
20302186
13242709
5707540
112913362
773617
19535940
2274025
19873922
28033429
4259650
6970410
12651433
46163501
6359368
3629705
11704500
1219465
49259025
2522917
3593250
14759914
93226229
11432833
356980
4437641
9024976
19506890
7934224
7287034
23569933
10341236
28569668
17116417
713061
1976516
8660177
6331208
59575048
2138000
4826693
3788308
9505505
7458205
6941674
30303962
33903293
6373700
39448730
9817085
17004800
19760897
11614906
19959778
8475010
47740500
12938896
50918432
5141809
27532297
29745418
12243485
53792437
10078632
1049320
5616250
10008169
37246450
14152697
4100717
47532602
48714962
1620882
30047330
55091200
30486722
9273874
47715145
7766581
5058640
4719760
64210984
74685085
5789485
47546528
11698325
1067300
7454084
38393225
7787525
35587045
24478298
14994765
20123984
47067325
390653
40476530
39049250
5425664
51832096
1722410
11661541
46505353
7939700
13610425
29799706
431080
306397
271449
18766618
52135546
17455748
36834257
32930617
16679941
17802377
3397945
567953
7489877
12578914
35266576
6931880
32712881
2782429
99413
13139818
13350602
3114280
2698649
