0
945132050
0
0
1
1186113600
5935469764
0
2902300129
1
1
8737936
1
107993664
0
8882845472
1
0
0
0
0
1
39677401
0
2212103089
0
0
670146050
0
-1
0
0
124657225
0
0
103266245
491242896
133125444
1537345682
35212356
0
5093391424
-1
0
0
0
0
2916216004
7213686498
209323024
1104033529
309548836
0
0
0
0
1
0
576768256
0
1448563600
1219895329
0
3424941529
1253160000
0
4206646088
4534810281
0
65253888
379236676
1
-1
3465912384
1
1
0
1
1159334402
1
2969378064
1169571601
8952064
0
108409745
2
1
0
0
1614673489
1194808356
0
0
1
0
45751696
1228993249
34269317
0
5414930
1162469025
83557881
2
149475077
0
0
1
0
0
1
82573569
917120657
393863716
1
0
-1
82011137
1934680225
0
1566893056
0
0
4353378050
0
0
0
1136229264
0
2345714018
1029490688
1
5408572849
172370641
40896026
4876966322
445378816
1
3314304900
1
2
221592996
4149370
0
132572196
169943048
0
0
0
0
1394424965
65869457
0
1890625
1
0
1
0
0
0
0
1
-1
1
1575849800
0
5962975218
0
1
58140625
2
1
133033156
1
1462068169
1957443049
1
0
0
0
558613225
-1
1
140612164
0
1
1
0
0
1
1081291689
3141602500
1749330625
1603281681
0
1238769
221325129
1
0
132227001
0
663989824
0
0
1
0
0
0
0
1677393936
0
0
-1
531994226
0
2558032929
87609600
400400100
6069656464
1447345936
0
0
0
0
0
0
725171041
0
0
0
3145639396
0
0
0
1145959938
0
0
-1
343396
1664640000
0
-1
0
1
1
0
625000000
1
2084287716
0
2
1
972878481
51883209
0
1
1
605602881
0
0
492032
1604162704
324
274167364
2062522225
217710026
1850376257
882505849
2274751250
2
658948900
0
170563600
1
-1
-1
2
0
4346475848
0
0
0
0
0
1494827569
2818123396
2950119225
585225
14243076
39287824
0
1
0
1214801316
817445281
1
0
105884100
0
1184942929
2633126597
4080398884
0
37773317
70694465
795522025
1540484001
1688552464
343272402
1
0
0
1275489796
0
0
1712529288
20684304
1
1
0
0
1
1
1
76038400
576081
0
2822478129
1784640025
1991658384
-1
1
2
121660901
0
0
0
1066022500
0
-1
0
-1
0
0
0
3376307236
0
0
-1
295936
795578436
1
1
-1
2
0
1
62001
1
0
0
0
1
1
1
88977800
69772610
0
2980832409
0
6134648976
0
915909696
314423824
954253882
-1
0
0
403688464
423989282
0
1
1
0
0
205842050
1
0
1
-1
0
3461086561
0
618467161
10269512
0
1795894884
73239364
1
1300395721
0
1418124964
0
2828006041
1
812877121
0
0
2070250000
0
376712
1364194225
0
0
62932489
75881521
48972004
971070244
1
0
695060496
0
1297224290
0
0
0
0
0
1
2116184004
1
606439876
1107358729
1
-1
0
0
2182754592
0
1689127801
715134565
1
0
0
850247281
1
0
1
1196191872
0
2
1
1071187441
0
1564598026
-1
363321721
2
3402272241
1
5522719226
1560001
0
0
10205918450
15697444
1
-1
0
1501717504
0
0
0
0
1
0
147209689
0
999444996
1864771489
0
287675522
1
37478884
1894425625
13682601
20403289
1
-1
0
0
-1
471020209
3997074050
26780625
42889401
295049329
93122500
1
731026
473584645
2771847968
71571600
0
330548761
792872964
92871769
4478554084
700184521
0
2107269026
0
0
691321850
1
141967225
1
675844009
1
1
131836324
0
0
871843729
0
4669838082
0
99341089
0
3793697649
0
799305984
0
0
21715601
1
0
1937664
430396516
1
625300036
0
4390652645
0
0
-1
0
1
4410450
56340036
0
0
393347889
796311962
1
0
0
1
11309768
0
2370521344
0
602176
-1
0
1
2267759641
1
129117769
2512415376
2003278564
49112064
101002500
72488196
0
4124192
2358947761
646416
0
1697522402
1
0
1
15760900
2
1
5672829128
77551058
0
1164338
0
2746912922
0
0
0
0
351637504
464316304
0
1934152442
0
636048401
0
6176545281
0
2
1932042025
0
2225386276
1
-1
0
1
1
-1
0
0
20575296
927254048
891739044
0
2790163684
1
-1
1
1
160909225
0
0
0
0
70107129
0
0
697910724
0
8661250
1
11048977
1
726733764
2895516101
3722586169
0
3039096384
0
0
2561270882
108722329
746764929
0
1
2229539524
0
2
165984200
0
578306305
0
0
1
3376423449
1
28132417
0
0
1
3073010
659205625
0
1
1
161137636
1152738304
0
2449161121
0
0
1
1938024529
1
2
61528337
0
0
0
4110348544
690690961
0
1084648357
3991965124
282979684
754765729
0
3717097024
0
1696880768
0
0
0
0
2259956521
49378729
0
648007936
4947293570
986211216
0
0
1665211249
0
1
142659136
437479056
0
1
1242610952
261564192
2
0
0
1
0
-1
0
839029156
0
0
0
976750009
645007609
0
0
533148100
2
0
318024200
1101111489
147331044
0
193877776
0
-1
-1
769119289
0
-1
0
2158996226
0
0
-1
3764804164
882208804
483164361
1373740096
2229350656
0
0
1
2845368964
1866312
1
1
123409881
890306245
949009637
0
510172570
23251685
2907474241
0
0
4529290000
0
29463184
-1
0
1
-1
0
11366912
4931691076
1909253025
-1
1
2280922081
0
5930694050
0
1675264900
0
0
134142724
3244897296
307581445
0
0
2
1
0
1256986116
0
0
1
70040161
0
0
1
0
0
84897796
362445444
0
673506304
0
0
1989695236
1442404441
1664313617
1
1
0
52417600
192959881
843205445
0
1565784900
262407602
0
1139197505
0
1
0
0
2831304100
183358681
-1
193015449
502611562
4110861456
574740608
140043556
0
1
-1
61199329
0
1313265121
0
349061042
60062500
1
1
0
0
15880225
117679104
511424162
190660864
0
1
1
0
2613970129
0
0
0
0
907575876
0
297562500
0
-1
0
-1
158206084
1937672362
1
844367364
0
870250000
0
133518025
0
1
1
1288307449
0
97416900
8761600
0
1
0
0
0
1
0
0
0
0
457360996
0
1
369664
0
-1
0
0
0
2197640641
2647881992
-1
1559855025
250082596
0
-1
1163628544
1
0
0
0
-1
1
0
0
0
0
1
1359691876
2291153956
1308558276
40208281
1
1
1
0
2680443530
1
6331703184
167521250
2406785481
1
2981924449
0
0
337897924
0
1
0
137499076
-1
22838841
0
0
0
0
505485289
0
8213956
0
1339445282
0
147695409
0
2
1
3034247056
-1
13373649
0
0
1740028032
1
-1
50651689
3982493450
91431845
0
322453849
1
0
0
137288089
1920718276
245298244
2505045762
0
0
1
0
62944200
0
0
65108761
0
1
0
1
78925456
2
