707353
3593993
1914809
116177
1874457
2636258
12768593
2575345
3778292
12266560
1045636
14484637
7528168
-1
980269
45565
433540
1034280
13030573
1605161
1455282
2269825
6469
580805
22579589
1161250
494084
18561568
1954114
3798449
18003533
141525
228521
195505
2520148
1012768
3269300
169650
3346345
537829
4519364
933178
71026
669393
2248217
2508320
3731188
-1
1039860
1235497
1263474
40625
369025
1784224
303796
3981064
342164
679508
378625
6211525
1600144
2717945
4483609
26548
2884573
91396
563405
-1
304177
2700994
3371332
144889
2227220
2793457
5592212
391508
1790452
2412625
21557593
2809514
1186829
-1
9432025
2928097
944388
1249313
73844
166685
17434141
3343765
1498429
310421
305405
374013
967649
1772674
827506
1211330
26305
584098
2073193
-1
199121
880945
1029796
10621125
4186217
2711441
-1
1570788
2314
2983810
8614225
28453
4189505
3649901
80330
206505
91325
570420
-1
634066
11090305
1802512
2090250
-1
392500
132553
652370
776773
528673
847048
438773
946665
218081
5712893
1520656
1888378
-1
5752144
7708633
6394772
1181765
137969
1985540
1664546
754093
2714021
147368
196033
345193
151385
5876932
1176980
87833
428368
1009082
1472597
689940
1062289
-1
2229545
-1
3904793
265945
1515949
65858
576250
184004
4142573
2491450
5815072
3183445
1426625
181385
1174681
2589049
104866
1377441
5235233
2295730
1456289
6491789
5493064
2451545
-1
-1
83153
675457
1132610
66722
66772
-1
375453
1211957
249842
12717585
1041028
6548490
98617
1101277
-1
173981
1392445
267914
658706
42730
-1
1335065
3772193
1032421
2591570
4908356
513056
596117
3054026
382058
454450
167921
226089
40410
446625
249610
1410740
2145658
841096
-1
382997
1618354
6223970
10731136
2210048
318569
-1
18148
9165978
2872349
256717
15172945
132298
2376530
2960057
460514
181492
-1
87380
202981
5819773
2080388
544969
915473
-1
1013393
3198530
6571588
1210738
303161
193492
599056
2436682
2853801
892513
637060
237653
14843365
683269
11151524
441641
2469640
2907493
1686490
24899464
2571781
86921
142498
1136690
2715826
1930105
1115298
119506
10521576
3448469
418657
8785685
119365
639853
1809730
-1
1791824
1417825
1190405
242336
84850
22058
558805
5080957
690149
331853
22090
4288420
630985
-1
69205
2755700
46125
857314
131801
2530666
1140325
424801
561802
-1
1745936
3032705
1915945
2013125
886405
253265
2915393
3525085
1578410
902665
580437
308057
7209178
1711393
132228
340066
1127538
4890245
314912
1397162
29725
703037
433165
8905
111281
6870656
3248653
693809
3509201
-1
11570729
562180
2363401
3240890
850889
932669
8636717
857917
-1
461000
318393
3054088
17529044
788194
3209
-1
720392
292625
3098692
134641
582858
777061
258674
12841690
1456648
18233
1960864
60436
2921125
-1
48834
2065330
577681
1016737
38377
605160
4566033
1822761
174080
288977
40016
3248309
-1
593021
3243925
804690
1018888
1298953
498109
156020
679905
115685
1545130
731809
10334657
204650
388658
826425
1755812
61345
269937
-1
9302509
48394
1827250
272714
4737690
6776865
1230233
1354981
423076
3658194
125530
3980530
-1
1657090
10141685
8650
10666708
1124561
481081
3671665
3879208
634741
4679509
-1
1073780
3565546
79892
274192
1588754
1126418
1259145
-1
12172345
218425
515540
72433
68833
43570
1371778
1616761
555245
325154
560657
1438429
1118624
344921
2886817
1625026
588200
457837
-1
968708
3451429
225056
751561
1133410
3112385
38986
2603305
12779065
8258
257192
-1
5980880
154388
2646317
396826
14579506
443321
392501
13894765
171145
148970
2344105
-1
326842
205461
276292
303482
-1
239188
312205
2972624
513252
-1
4209152
65349
2937409
171130
12641413
89748
-1
2934917
19394642
74234
705440
-1
745933
733049
656968
3435497
843044
-1
1334738
1009177
3794641
5894018
481149
2064674
1006378
1258058
1947829
286345
3225373
52562
404468
2295410
2238349
5870133
10620125
2735504
2282932
655290
2628793
-1
1996573
2169445
1616873
-1
1281250
70120
2758216
62593
32089
34794
1235657
4322466
1239220
697850
10151200
2905060
-1
108657
1616105
4592738
5195140
345908
1861730
1656808
305122
2312050
5663332
1317730
101789
6125905
1957556
2379842
2495520
354425
56026
2873000
1537616
242281
1185461
202472
600577
341105
779300
1654925
-1
75332
11050073
1903981
216794
419572
623225
235801
210145
495490
-1
12840698
1417253
60013
131720
17715825
1177210
3300505
331792
2183905
164000
10410209
876100
1441945
2520333
628858
1583360
66845
90922
332392
1671808
1908370
726905
3936645
13322789
18095018
391477
-1
492034
67565
252676
374884
489929
769409
18300925
2902565
511325
1205604
2393785
786970
3278916
166205
34697
10950426
254965
5697365
578125
-1
224146
119345
375173
55840
2276437
4823125
347117
-1
745380
1148981
5822532
437065
21700933
3586553
608165
1232573
-1
2024945
7317106
30906
75002
54130
11453
2974948
1727642
596282
128740
-1
1692637
901525
792458
1638793
1384484
4223645
353170
15718642
691745
11663109
4649
33853
-1
1973957
1543585
138877
16082600
1216658
263785
1445105
2130133
855712
820885
9207661
354532
217225
646609
3757
1915460
310760
22818874
1199738
815674
11709997
133825
825089
12124949
2899474
100714
84100
-1
812260
3497705
-1
93704
5414410
349873
1176530
1411657
190724
1268066
5468458
59762
1579581
35890
224402
545113
525865
-1
858960
4465801
2924209
580933
2975282
436345
13847641
5596929
1325493
1483994
2714501
280538
-1
1659402
23421394
254690
16204561
2082881
397960
477712
3946813
90100
1005314
1479178
1037565
6690568
1726810
6365701
111778
309361
2140416
2374565
225290
964853
973829
2215525
819176
-1
3375082
-1
95924
183017
879097
536930
328365
-1
992213
58041
641602
23585
170690
1067828
1847282
1025856
363250
-1
1374836
1677106
4579677
16979481
12560
2270920
3602408
2771213
8112970
679354
1822621
199645
280858
12013105
112149
621890
209525
13789989
3272029
3257105
1003850
565490
2912692
10230340
219124
7624117
49601
2229805
5258794
3767417
74101
285561
-1
28610
2214677
24539364
273338
5699642
683057
344605
3858506
287794
1107989
200709
338437
2935469
41962
181645
127773
255050
1382945
411860
4333321
5512610
952285
8468
10016810
9244705
1213477
601173
4868
2284900
3036634
283505
1589353
1293437
2214052
116093
2291013
1318393
666898
2665042
3473444
88180
14064314
216954
2247466
-1
1821700
1684577
135524
2210948
4998589
1118864
2269856
685633
106721
-1
11823066
974866
921042
-1
55557
190945
376389
245684
24745
2396786
17901425
7272189
385178
1165540
257426
563481
648097
236557
5591821
224261
497698
172633
8103401
885281
-1
2313378
17867240
7105585
-1
3031249
584168
230885
104040
235625
1766180
795769
758817
2116901
1486633
10138052
856708
677092
25129
5812657
2970722
1648532
480896
74570
18029474
-1
3932045
412852
379348
4739489
8589025
853640
40580
400753
114256
85010
2061572
8405
490825
588013
1183156
1084365
599605
13962730
260905
178226
2521972
578898
1705581
698400
2116634
3209890
532498
47338
1126165
1712306
245141
215266
111605
1873985
2125621
2773348
3491545
-1
951490
10537
331409
1473025
779336
1411785
4490210
314210
686725
724921
94978
24777
464026
2906181
173770
10070884
4990228
248770
644101
10747250
-1
3812104
853264
386280
77769
2273669
420781
6559829
509984
-1
3612116
2129153
360845
746197
1376561
579377
4920578
1193620
375097
7619609
4456162
1909661
-1
2121754
2525117
559700
72313
5030021
6256090
1006205
