2
0
13
25
1
37
0
1
1
0
49
85
0
1
9
121
20
1
73
82
85
706602724
16
0
0
1
0
16
1
0
0
0
1
4
4
0
0
1
1
32
1
0
4
16
25
0
1
101
1
144
0
4
1
6610042
13
37
13
122
4
0
25
0
58
0
13
2
0
0
0
0
225
1
16
0
101
1
1
9
1
0
1
1
1
0
4
2
50
16
0
85
1
26
37
10
0
10
4
336245569
16
0
81
4
263169
26
0
0
0
49
1
1
0
37
5
0
0
0
0
9
1
2
100
79512889
0
20
0
82
2
82
49
40
196
32
0
0
0
1
628454761
2
149
9
4
100
0
1
1
8
217238122
1
5
5
4
122
8
1
16
4
10
0
10
20
153
1
16
1
36
36
0
81
0
0
32
10
1
0
0
0
0
121
1
0
0
81
2
64
1
144
5
81
1
4
10
9
0
49
631466722
0
25
0
180929401
25
56625625
29
1
225
169
1
1
4
144
104
0
25
0
36
81
0
0
74
81
0
0
16
9
5
25
13
65
1127079185
1
170
484352080
16
0
0
1
5
25
0
0
25
9
1
0
0
4
9
0
1
10
145
9
4
35545444
4
196
49
36
90
9
2
0
0
1659258900
0
1
13
58
2
0
25
0
4
0
1
0
0
64
16
121
9
229
1
0
13
4
1
9
20
1
25
4
0
121
36
158986881
25
1
9
0
0
0
17
4
0
25
2
9
37
1
1
1
8
9
32
0
1
20484692
4
1
37
4
0
0
144
0
1
109
1
0
121
5
4
8
16
20
26
0
16
4
0
9
0
0
214183225
539261284
2
0
4
36
1
0
40
16
109369765
1
145
1
4
49
4
1
34810169
0
9
121
52
1
16
1
0
9
100
0
1455498802
9
16
25
0
0
4
0
4
0
4
36
18
454073485
81
2
1
0
153
1
81
0
13
4
45
5
1
50
514110277
0
100
1
1
17
0
2
9
122
13
0
0
0
16
815959226
5
36
0
9
0
1
81
5
0
4
1
0
16
4
69973229
53
100
0
1
0
1
0
9
0
0
26
1
0
81
36
1
25
196
5
64
2
5
121
0
1
0
25
1
1
0
20
64
1
16
49
1
1
0
9
1
9
9
0
1
1
1
2
5
225
1
4
0
2
0
36
0
17
9
13
36
0
5
1
0
9
263218177
271260936
9
20
0
0
1
81
20
0
85
0
0
-1
4
36
148
64
4
101
144
1
9
0
311346025
37
1
1
16
1
1
0
0
0
4
1
1
100
25
0
10
16
0
10
0
0
1
0
4
16
0
1
9
4
53
69072721
49
9
4
9
4
45
16
121
49
0
13
-1
0
25
0
4
0
0
1
4
25
36
36
0
0
1
0
13
0
113
41
49
311310736
36
100
121
9
0
41
1
5
1
0
36
1
0
29
8208225
50566321
144
4
0
1
26
1
9
1
4
1
0
263575225
1
0
2
4
4
0
292649449
0
100
2
170
4
17
26
101
1
25
49
25
0
20
1
82
1
4
50
25
0
0
9
26
4
8
16
64
4
1
1
883040852
1
4
25
0
0
100
147962896
-1
1
316199524
13
1
2
16
0
10
197
4
9
0
0
1
9605
9
806219236
81595089
4
1
4
1
100
4
0
53
81
7382090
20
2
25
64
0
1
98
2842596
0
146
4
4
0
9
1
9
119399333
34
37
17
16
68
49
9
1
0
4
1
9
1
0
122
17
0
49
0
100
109
18
0
0
5
0
0
82
0
0
4
0
49
5
16
0
170
104
0
5
0
16
0
2
25
0
17
0
17
16
36
1
81
10
4
16
4
4
0
0
245329569
8
178
123743380
36
169
65
0
0
1640007013
70526405
0
8
4
195720101
36
121
2
1
0
25
1
1
1
1
5
0
0
0
1
5
0
144
36
16
100
121
547513201
2
1
0
193
1
40
9
8
225
922701377
9
1
600103009
16
40
10
15896169
25
16
265690004
4
64
0
1
16
9
0
9
23658497
72
4
0
5
1
1
0
0
25
89
1
2
0
0
36
179667217
0
0
64
1
9
101
0
0
29
9
9
159617956
2
1
29
2
16
9
1
4
9
4
0
0
17
4
37
36
442639521
196
1
1
0
101
0
25
0
9
9
175907170
9
8
1
4
1
113
5
36
0
0
0
4
8
1
0
0
1
2
49
0
0
0
25
1
1
16
10
41912676
0
226803636
0
1
101
10
1
1
1
0
1
4
0
1
125
0
121
49
9
26
2
0
4
121
1
2
1
34
4
4
4
0
5267025
0
121
0
1
4
4
29
1
49
5
1
0
144
1
91355368
4
0
0
13
137
10
0
5
0
13
0
0
10
20
9
1
543029909
25
16
125
0
1
2
224550225
4
1
125
4
5
1
15705373
10
5
0
5
