4483
17410
1997
871
27422
3434
-3020
-3628
-1251
-2756
10322
-7368
-3485
-19919
1483
19886
-15367
-837
-18519
-4891
1793
-5937
31842
-706
-14556
4390
-9075
-9467
719
-26171
-26869
-23927
17985
15952
200
-18437
3178
7537
-14731
6117
-17247
13166
-5361
-15831
-4911
14831
7086
-886
-2009
-1754
-21471
-24693
-24124
-7502
-9847
-3166
-8883
-24588
-25500
3314
-18141
2413
-20827
-17089
-20508
29391
19245
11109
5609
-19105
-7925
4647
-3291
-7846
-22255
2475
2921
1679
-21634
-6912
27348
1465
8443
-20710
-1441
27289
-21143
18648
-918
9193
-10198
15481
2579
4445
-1313
-3106
-19904
-10929
-24395
-18963
-24189
-28193
1984
-6332
24440
6068
896
2386
22223
4043
17182
16383
18092
21909
18197
7238
-2730
-18392
-10236
-24101
-27167
-25426
-11337
-11278
-4982
-8565
-12734
-17772
-7094
-7849
-4130
-5764
-10317
15962
-14083
-8016
-18992
20748
-6959
25388
18932
29700
13036
-7441
2543
15046
3792
9456
12508
27166
25808
12581
27222
21613
-25227
5413
-20433
12296
11966
-13489
12109
12399
13674
11022
5768
-7124
14698
20295
10137
26985
-21333
29322
-6063
-7381
-4286
-4540
1649
9873
285
9665
5395
-22836
-26816
8938
20225
2150
-6143
-12846
-14535
12998
-6404
6802
11306
-13158
-11827
-6198
-25878
-9624
-15841
-24210
-6450
11007
-568
2971
-2226
30914
28550
28756
-2370
15903
2770
19905
-12025
26637
-12216
18515
1847
4002
8822
1760
13133
-1469
-9799
-23570
1105
-14425
-26039
3044
-3041
-1841
19811
-23958
-17058
-24398
-28553
-19191
31836
-13856
-14883
-12039
-14522
3831
-31137
-17178
30059
6959
16394
-28058
-12802
-14147
-5882
-3953
3247
-4319
3896
14413
-3398
-22480
-11167
-11756
-1911
-21029
20373
-13207
-6422
12042
10884
4478
15779
2071
13192
13904
-15952
19885
-6673
19996
26873
7976
-19763
23353
14827
12065
137
14172
7745
-18785
8723
12025
-17546
-19209
14921
-19720
15654
-788
17224
16984
-15386
13628
-22317
-22280
3014
-16434
7527
-16218
11285
32058
-2379
22058
5855
425
-5857
-8896
-10979
2623
8436
-25582
7632
12929
472
330
2578
-1854
3058
6988
-7622
7034
-19966
12278
-24570
5861
-24140
-17700
17400
-20437
31756
-11497
-20947
3958
3508
16080
25230
-7720
-13739
-16525
-10883
-15834
15717
-9126
-10482
18385
8241
-9602
-18358
-7816
156
-17154
-20541
-11522
626
8293
-16600
-3976
-3860
-3815
1127
-1102
-6288
1249
-25913
-26269
-9049
-3107
-4318
-7314
-6574
30150
31052
-21072
16997
27063
-25728
15504
2691
-4618
-11329
7918
-9673
-717
-6398
-15215
1894
-15282
27337
12884
28969
31313
20417
16220
16645
13590
-8689
17391
3895
12995
-13806
12155
-2864
14496
6316
12617
288
-5036
-9855
19924
394
4540
10350
404
2894
16671
4650
25808
1032
-13964
-13050
7108
4022
-9362
25039
2524
9738
16391
26330
20193
9371
14514
23030
5646
9976
7363
1936
-28961
-24420
-20092
-15648
-22647
-15477
-10880
-13234
3967
6081
-26273
791
-5533
7996
10869
25334
10672
-6036
-31723
-28286
-26282
-14199
-18925
4523
-9002
8278
-5929
-10496
9956
16105
29602
-7248
31831
18538
-4112
7827
-1328
19818
19375
-6334
1486
-3143
-10614
-5641
23021
22616
-13446
19080
16161
3786
-21568
-10665
-26292
-23278
-20435
-21554
-12589
-9597
-7380
8960
-6376
12755
5808
20901
-3688
-7765
-14358
15603
1815
17976
10381
8917
-2486
-26966
10459
-11287
29911
-18056
-23532
-5825
-1674
-20959
-27453
10212
12107
5974
5429
-4438
18403
12256
-13264
-24477
13261
-1971
-2519
-6739
-15562
-14085
-6784
-31093
574
4650
-9942
-11070
-6567
-7666
-6890
13176
-14781
-26993
-25178
-21548
-26808
-287
15436
-129
9183
-23748
18568
-24110
-19611
2885
5857
7550
-29558
-12687
-28313
23526
-2029
-11086
-15234
-3985
12863
8826
12905
6541
18719
15320
18021
21634
11467
17340
22127
-21983
15299
9949
12868
-19359
-6983
1811
-21319
21683
-12084
25100
8402
6684
21470
21216
-17887
-19505
4395
2339
4873
4920
-2421
14936
10774
13504
-25584
14197
-22995
-16888
-11870
-13413
-12667
-1046
-12189
-9249
22060
-22611
-1297
-1735
-4763
29866
-2071
30759
1851
-5698
28259
-3101
25220
24535
-7503
20980
-3416
6503
17252
10948
13917
9808
-7171
19329
18791
12009
8000
13736
1347
8636
15644
-18791
13857
6160
11602
-17790
-27107
18251
17069
26348
9953
18291
5074
8174
-27142
22655
10431
4057
-11709
-26553
-17140
-17476
18515
15681
20674
20387
9450
16638
19751
8601
-18359
22699
29882
26955
-3825
15074
13816
22127
5603
11148
31163
9295
5067
9746
22739
3471
-4345
-3654
4098
1065
-1179
19067
13500
-15899
22544
25042
-1364
-8075
-882
24300
-1379
19963
13064
9792
729
-1076
-11760
-11419
-12139
6304
21844
18229
-28116
-8071
-7664
-12843
-19039
-1944
-4680
-11858
4210
242
-16308
3905
16602
597
5163
-5061
4291
8898
-6795
22952
-21898
-9587
2627
24064
25430
17740
18922
-7196
24674
-9103
14869
14860
13767
9024
-7026
-5830
-12986
-11692
-17666
15831
-1477
17426
-6395
3630
-21315
-10605
-7628
-15045
12145
-7907
-15053
18306
-18226
-27602
2684
10621
21073
4365
-8196
-652
20823
1216
1296
-10402
3304
4238
-21404
21306
12299
11957
3873
-3091
4475
-873
-26042
22111
-24620
3418
-8002
-6549
6428
6973
3937
-7304
-2547
-4798
-2731
15900
2516
6241
6246
19256
9235
3885
23557
-23217
-9110
-22141
19889
8927
5562
-7673
10641
-19675
8336
-22511
-1592
-23811
-14699
-19939
8639
-18335
-18924
-19890
18922
-18883
-24022
-2103
-18204
-16114
22987
15292
-22057
-1931
-16340
-2563
27746
6731
29150
25158
-15548
-12392
27090
-18442
18891
7715
-15028
6621
4734
10779
6109
-21216
-21438
27090
14944
26606
23480
24035
-11645
-17228
-19465
-1038
3670
-4030
-21780
4724
5535
10617
15311
15177
18605
-23000
27589
-20068
-12757
25444
4282
5902
5296
-20105
26091
15944
-10540
26222
-6885
19662
4383
-5479
-6187
25325
20523
-7063
-7283
-251
14473
-11446
22146
8411
9648
10390
-4163
25267
27545
7862
-5002
1787
25042
-11692
-9462
26200
18705
13842
-19159
-16789
7482
-16045
3332
-9734
3981
26519
-24495
13232
3739
24301
-17218
661
24243
-14005
-14959
-11793
-14348
-14285
-5446
-15421
2274
-13240
-6593
4750
-10114
-5603
6930
-6514
-4956
-9021
-8521
-3052
-4198
16465
-6534
17469
