-14908
-24388
1172
155
585
-1937
630
112
688
-1668
-73
-5
-9
36
2095
39
-8981
23
32154
2
-20640
-12
-8
-6
-9
-9
7
8
32154
8
6
6
7
32154
7
1
0
2
1
3
0
-5
7
2
1
0
24
9
2
2
-2
3
80
70
21
-13
25
-11
87
8
9
0
606
-574
113
-285
1133
-2886
780
539
-16
70
-49
102
-57
81
81
-60
0
-60
0
-2
5
1
1
12
-1
-6
-6
3
4
0
-11
-3
-7
11
1
5
-4
-3
-1
-2
9
-1
4
4
-7
41
-31
16
129
-41
74
-145
138
24
156
141
-218
-31
10
9
-130
-124
-89
-39
657
465
-886
614
-945
0
93
-1610
72
357
111
446
1519
222
-381
-936
133
738
-203
-141
-1491
-2139
1507
-1540
3021
810
-912
658
71
4155
2189
3037
3561
2912
2902
3750
698
-5601
11923
-15479
-3082
8855
15238
-6717
30946
-2452
22489
18105
-19520
21895
21973
-21923
16558
10515
6832
21007
22052
21913
21048
-15989
23702
20293
27630
20173
21401
18763
6002
3488
7527
9057
-13823
10470
7284
-19014
-24775
-28369
-17213
-17071
5210
-19185
-24789
-25967
2873
17051
-8425
-28828
-12398
-10527
-11237
-10322
17876
-29997
28401
-25005
17754
11200
-21105
-29020
-15947
-9257
28067
-9197
-16391
-8005
-16796
7819
3468
12673
-24455
-26111
-24809
22327
9697
-21606
-13091
27377
5726
-17222
-24226
3101
-12451
-16638
-20039
-19649
19130
-11129
-8865
-8727
-7727
16440
-8491
14979
-8734
21674
23052
23018
2338
17116
21147
8033
22337
1895
29458
-20529
25391
-23760
-21547
21942
-5521
-21726
-21782
-8325
15962
-11657
22004
21908
-19577
30861
24491
21133
24680
18994
19413
-4235
-1794
22886
1566
23164
4364
22808
46
-15028
-8290
22603
-20331
5863
-8620
-17919
2540
2895
2105
-23521
-8146
-22878
-23907
12173
15278
22757
-21707
4679
4378
-4346
-24156
15142
4214
2529
30369
-10818
-11073
29264
28623
1966
-21882
14907
12864
-22886
21396
6269
12423
11988
12205
-24473
25764
-9261
27668
-13798
16156
16611
-20163
-11733
32450
28147
23426
501
4952
-4542
1266
-19476
24510
12423
-23280
-23879
10692
4235
-5356
-23064
11896
-9114
31523
-5257
-8106
-5781
-18444
-5629
12676
21610
-19822
-4808
-19736
-17676
11823
-5593
21059
19282
21294
12125
18810
-8898
30778
-17377
7257
-24551
-901
9153
-2641
6204
21984
7293
7569
23491
18883
11845
14574
-3091
-21265
-13351
-14580
8854
30571
-27531
8086
25209
28239
-25165
7952
28615
-20899
30562
28851
-26829
-4235
6698
849
-14379
12950
-30826
9451
15215
-22571
10384
-16001
4290
-11248
9267
16486
17686
-1775
12334
13405
5419
10925
11476
9297
-30739
10045
24213
-17906
-6767
-9444
22219
20398
-29771
11760
-19214
12422
-2011
-5750
28885
6113
-1257
-26008
-23720
-4483
863
-2294
9008
-5920
-16706
-28190
-28138
-12397
-8437
-11721
-7616
-2293
-8095
-1811
12200
-2910
-17376
-7061
14503
274
10837
12237
5959
4694
10836
20256
20915
23564
-26632
19007
25481
-2345
-1693
-3434
-25416
-18748
8609
10220
14528
-2232
953
8626
2238
8988
-505
3630
-895
-19234
-6738
5954
-6320
25286
7374
14556
465
-7345
3656
8703
12592
-630
26185
-5833
27393
28819
774
19208
-17524
-23758
8554
-1983
13611
7804
-26505
7121
14955
17320
16765
19319
28844
-10997
-359
-18059
-12731
-20439
-16650
31293
-17219
15172
735
-3765
25851
-25596
-19430
-20717
-19650
-2786
21118
25622
1788
-22552
-18323
26089
-21024
-21786
14528
7342
-23975
19492
-19838
-2886
-18945
-16699
5674
3823
1944
5859
-341
-5122
-6659
6056
-7013
18958
7920
-4581
-5005
22768
22171
10256
350
15552
13638
14968
-9455
-4534
-5081
-3905
1102
696
11761
-4297
-6655
3307
12445
23171
-21394
9281
3746
-13571
-1899
17921
-17904
20277
20546
12384
-20986
26179
18071
23580
27076
15204
29686
-17058
-226
376
23870
3713
4077
27640
7248
12491
2559
18553
11720
1718
-15768
10812
-22877
-5730
2835
-8632
15662
18098
14299
12768
18215
528
-23266
26581
14580
-25144
16433
2277
280
-749
21115
9351
-20634
25143
-25928
-18561
-10321
11476
2289
-6771
-7430
-6680
1006
2507
3728
7832
17038
6104
-5718
-2492
-17330
6462
-15440
-2128
-15066
22253
9284
8564
-5275
-12918
-3619
-11378
-5460
12323
-6879
8005
14111
-6788
5302
3151
2516
6500
3928
-13317
2590
-17511
4826
1075
-13435
12422
-19802
-13910
-4808
22422
21707
24916
29555
18259
-24649
-5269
4240
28263
6905
-12691
3882
9388
-1357
-22592
60
-21679
2452
29439
1911
-6025
-2710
21638
-5517
11859
-2181
-1393
4839
8006
1493
12596
16571
13181
-23483
-1906
-14773
-20287
16102
-9942
-77
-27655
-29505
-15711
11588
9635
19879
-774
-1564
-2777
-1201
4389
-5381
18950
17310
19893
-168
1259
6680
17931
14631
26496
2951
9745
24243
-13648
22985
-4837
-2445
-4681
17725
15763
1805
12549
4031
5369
-23669
18649
10955
-23859
-11564
-9947
20538
12239
19682
7081
4727
18330
-26355
7463
-25414
-530
331
1226
24019
8782
569
-1096
4322
11249
10993
-7249
14023
3522
-8020
-11315
16519
11990
5252
8256
3637
13473
-6997
14136
20315
14716
217
29841
16688
-16596
-30949
-3800
-9725
11230
-1145
-6251
-2981
9560
27216
-4663
6961
25542
-9586
26458
-17012
-13417
-15937
12480
12228
3733
9692
7126
5947
2708
4514
-2991
-5641
23001
-12538
-4462
-1191
-15449
-5819
3867
5337
-13355
-334
21982
4652
13635
14693
-25932
17695
7958
-15308
-14674
6176
3538
-1694
1854
-17928
-4827
-31130
2600
19164
16934
22951
12652
21792
2796
29285
-8832
-26172
10300
13049
23033
-11411
-12061
7580
-6400
-2505
-4598
445
-10734
-3230
-21998
