-2866
-4580
-1898
3167
17309
1127
8412
2050
26146
7
29084
6841
-507
-512
-3129
1786
-438
-2310
-4025
-4231
-14828
-13011
-5726
-14344
-26359
-14429
-11700
-911
1836
17477
-9152
4385
23545
19734
-5346
20995
-1233
-9129
23534
-5544
23057
-25368
7253
-1199
-25808
-6602
-16342
25064
26348
25099
28032
-23558
-14845
3222
2616
23973
17395
-12961
23572
-7213
15637
18370
-10047
31989
2606
10691
-8124
25742
19991
-10443
5534
-20431
-926
4982
-13863
-11189
-15037
-29633
-4560
10055
8761
7447
9455
4088
547
4725
-26138
-2046
-27295
2645
446
-89
18037
17909
15975
25621
17755
18371
-11860
6376
-6728
-9889
-15113
-21989
19020
-4581
27307
-26940
-2651
-26424
-2769
-27383
25245
-14651
-17419
8659
-17170
-24443
-23025
20262
-23465
16787
14415
3888
5067
-24232
-21283
16522
-23960
7139
-19816
-16124
8736
587
-19735
-22704
-2847
540
18415
12365
14726
-5099
18214
3836
-12336
-17345
-22456
14268
11491
15095
22014
-7585
-8058
3249
12621
-16918
-9592
-8141
-11600
-19024
-28108
-1707
-4612
-21231
14482
-13812
15570
5419
15620
18970
3311
16614
23068
-15190
11269
5482
-15733
7229
-13047
21553
3466
18953
21766
-7168
9862
-5826
2832
-2118
-6288
-6448
12472
17836
-8704
11048
-16445
-14492
20700
11122
-3234
-917
-25015
-10959
29101
11635
-11244
-24691
28337
10804
-14739
-2299
-11942
-9715
13763
20293
-12
23925
20641
-29806
27050
-7960
5304
8490
-9198
-2918
2007
-3096
-14625
-22268
2914
-17781
1592
-15153
13176
19063
-1578
8739
9780
9413
3159
7221
17131
18645
-75
-787
-2943
6172
18894
8831
10972
19440
-16036
7165
20697
-8003
-17101
1053
-22865
-8400
11773
-31608
436
-6135
-12440
10821
-29679
-9298
2703
1618
18002
871
14763
-18535
17518
-2336
19770
20513
-1490
-23343
24121
21256
3728
-1424
15261
13593
-1709
17285
15784
30555
-2736
6389
-20126
31809
18039
4466
19462
-7405
7097
-32392
-7389
12604
2306
-8114
-5981
-6884
29539
28813
-14349
15371
-1065
-5210
-7475
-8903
645
-8264
6044
-7475
10139
32652
-10621
-593
7077
679
-6752
-7069
15059
-2842
5115
6507
-10625
11697
2963
-4605
-7297
14004
16595
14585
2069
6103
-14745
-2134
16329
13854
9140
13082
4274
3659
-28472
-10988
-24033
11198
8975
18237
-8298
-17934
-17656
-11918
9844
-6338
9157
-19340
836
16596
5051
30860
-4771
2087
-3250
2141
-24412
1120
-12738
2606
-1227
-7692
-3611
-8490
-8281
60
-15527
8594
-4337
-20914
-13036
-5370
-23093
19911
-9160
-27283
17
-1632
28330
27436
-17000
23257
22606
12522
-9683
-8315
-16303
12733
-30426
-24357
-24188
-15958
10192
-13877
-11563
-13206
-12777
-12835
5602
6495
12407
11200
13683
8433
10442
16077
-22460
6314
-29636
18259
-6995
-7204
14540
-5859
25440
20642
-9743
-18385
-7778
-27148
24250
-13031
24433
21831
-13592
-10205
-24948
-14182
-25631
-17065
-29156
-9927
-29814
-29036
-10823
-14738
-10436
-11487
-9380
-21761
-21135
3410
7712
8551
2024
-735
9662
10164
-15020
-16867
-16636
6550
-3105
5137
-22695
10997
-6987
-6967
-6677
-3922
2536
4808
4579
1366
23189
14794
9284
12609
18104
16800
21327
23863
-13386
-19837
-19845
31076
21207
18057
-19301
-12060
-8428
-12118
24048
-11186
8431
18451
12971
12186
12991
6824
-6875
18130
-2779
13441
-24834
17735
13218
-16739
-14375
2083
5342
24810
-18394
9744
-19295
-20508
24905
27009
4268
22273
-6040
-10861
-11151
12374
20312
11337
12886
15078
3443
9630
-24624
-10234
-10783
21199
-24061
20601
-5374
-15290
-22089
-15354
-21839
-21324
-17917
-16876
-9836
-22308
-10032
-17067
573
-19958
9095
18536
-19767
-25296
-19104
-24207
-23030
-24374
15637
-21024
24165
-21258
-15469
-10303
-25934
-16776
-19533
-26792
-18827
-19659
-9831
17632
-25571
30707
-19208
15849
-6695
10155
-25447
-19751
-23641
-31213
-14
9479
-14703
-3222
-18099
-16494
-29013
-16677
-25219
-20526
-14979
-2820
-15622
21082
10748
-5144
6223
-19385
13791
6035
8805
-14431
-13868
-14860
8472
22109
-6926
18454
26707
8326
-12388
13132
-14932
7509
12033
-17112
3666
19550
4868
20105
-871
-13077
-12517
-13305
13525
-26624
-7993
-23417
-5486
14420
16977
13524
14430
-24170
12577
14971
-26936
-1360
32176
-13806
-10993
12869
-1605
-18397
-46
-4183
-2752
31049
-2283
-6249
7458
-6814
-9157
-445
13495
22690
-17498
7532
-15359
-3826
-19468
2918
2369
11157
-24233
16440
13636
19352
-8445
19340
13980
8872
15641
3152
16260
6893
-25646
-7330
22760
5294
-28845
-17250
-17388
-14690
19571
5576
8113
11383
6270
5393
9058
-4251
15042
29350
12230
-14302
-7169
-6785
-12951
-18269
-14918
-26634
-11720
-15766
-19192
-14125
-6470
-17141
-19911
-15788
15083
-12452
13898
-14358
16533
17037
-31086
27771
-10344
-30844
-9817
-23714
19884
-18011
3366
-20155
-9323
-18242
22453
-14486
-22451
1946
-7654
2151
-4459
16263
-14685
-2205
-13145
6380
22367
-1984
1683
-2478
8970
-4503
-1206
-4494
-7408
4146
842
15346
-12236
-13314
28941
29351
14651
17046
-30946
298
18344
30836
21253
-42
-15715
-16321
-16165
-16882
-11495
24035
-12048
180
234
-12676
-8255
2580
13382
18055
8521
-31057
-5185
29595
2714
1410
-5333
27588
24195
-3708
24794
13892
-9386
-2959
22800
-15789
12606
-7540
11301
11769
14670
-13345
-15066
-12586
-13088
9561
10941
-29033
10371
13339
15912
-4971
16362
20455
-20829
-22604
29105
-6241
-10216
1423
3617
-23529
-13750
15621
27947
-13523
-18996
-14669
2630
8424
-177
-25905
190
3377
6878
-23551
-11528
1410
18434
-5679
-4212
-20804
-12762
-14862
-1670
-20795
-32100
345
-20924
24423
5436
-7283
2006
23450
13414
