-7026
18318
13948
3582
15139
-13800
2217
2607
2217
4390
-10390
931
1822
1291
2690
-7179
5897
1860
1290
-9308
10562
6067
6833
1304
1500
5481
8788
-6341
12374
-2478
2449
-1922
3117
12189
2972
-8473
11499
-4707
-5033
1828
-521
4683
4667
-16431
-10
101
126
-881
112
1375
-289
-260
3
621
2
67
424
596
-584
-642
-307
-1126
-1327
-660
-1261
500
4709
37
863
-173
936
332
4145
834
2240
-975
908
-12808
-5589
-2111
-10118
-13771
-775
3358
-1246
-1561
6481
506
-271
-212
27
171
341
486
1310
1542
-1193
-1761
-3930
11400
-1610
934
3228
3967
-12281
-5129
-14550
-5612
18731
16480
-21786
18321
20786
583
8066
20088
-26277
5064
2337
-14684
-7495
7153
9819
21733
31601
27158
5982
7723
10491
4993
5160
18925
2683
20457
17641
8823
8386
26516
-3961
-15055
-2979
-7273
-7203
-10374
-6975
6462
-27372
20477
2369
634
1818
498
-18657
1895
-10449
13077
-2717
9844
3564
11945
-14740
6208
9785
-14406
8939
-20967
-3227
5161
7558
7738
-18562
-17241
-17921
-14050
-12692
12902
7266
-7375
14766
-11642
-634
-26397
7211
5968
-6979
-10801
5295
-6332
22480
4482
17228
-8374
12815
18192
-5460
12800
10273
12489
13824
28629
27166
-11259
25677
18116
28586
6817
-25960
16630
-6179
-20747
-22612
6923
-12607
8722
1651
6076
2178
-18355
2709
9608
27779
-12434
-19419
-18644
-23835
-20176
13375
14605
-16583
3131
-28166
3984
17328
5976
-28589
-16221
-17180
-787
-9500
-19326
-12290
10452
-15376
-14085
-5766
-11877
25546
22286
-7736
-7943
-1163
-9400
-10039
27336
12341
-15454
24876
-1268
13725
10008
-100
-22155
13419
-9611
3339
9782
13632
-3411
12187
3519
31307
-28726
-11896
9946
-2172
-30347
29181
-4107
25027
21686
20782
177
-20578
-11571
4395
-2204
25389
21346
2118
1590
5815
-2274
-5454
-3302
-6765
-7470
-22382
-2610
20385
-26737
-5838
-23517
-2477
-15912
-11514
-24140
-26111
-6768
-265
-5388
-3708
-5558
-25355
-24717
-29732
964
-24051
20854
-6063
-1446
25587
5673
7863
-4436
