3205
-16764
-16133
27553
-23357
2217
-12336
1683
2013
3110
13704
-16326
-934
24462
-991
219
793
-31318
415
66
1176
4040
1453
3289
35
3256
2693
3147
3099
3383
4126
-1048
-22494
-7564
-516
-1294
10762
5489
8653
-6028
1283
-13772
-10263
-6128
6103
-575
443
1195
-18763
-8194
-19130
6954
7683
-13855
-22296
-20807
-19535
-24360
-20688
-5056
-14277
-12144
-16268
-11015
19647
-5057
4762
-11005
23733
-10382
-23661
6688
15350
-9695
-10309
-12490
-22605
-8980
16489
-18323
24882
-6993
-23604
-20601
-27140
-16378
-26990
-27848
-779
-19273
-25423
-27981
4101
-7250
-25146
-9506
-11341
2123
-7260
7969
-13945
-1408
31918
-15458
-11854
-24889
-24179
22604
12174
-1618
-22668
-22819
-20487
27983
25720
-15289
-5290
2083
-4391
-19551
-30575
-296
6656
27520
-13751
16724
19524
7103
14612
22376
22529
-14145
-3997
-1526
16414
18614
10608
18895
26817
1859
1983
-12258
-13518
-3754
2793
4248
9149
-1444
-5357
-10271
-1425
-1218
4229
-2350
-14341
8309
13523
-2435
-14907
-24848
-21422
30975
12488
2790
4793
-5910
4908
-6023
-25524
30081
-8394
-5112
-26796
-10976
-26
20973
-22636
3282
-22373
-941
-14354
-12204
-571
-7749
-2775
-2097
4871
-10760
5386
4113
-6413
-6841
115
2511
-9830
1280
10536
-3
-7146
-3812
19251
20404
-19172
20117
-9354
-24506
8827
23898
5814
14709
54
22109
6648
12641
15096
9675
20619
27659
22189
-20245
-21712
-18133
-22627
-19218
-22353
-12078
29144
28183
14137
20732
21066
5611
-9486
-17730
9318
27232
15780
6100
23553
9965
13135
2515
18564
5014
3926
3688
2953
-7152
2900
-25275
4611
-20141
5301
-14825
5903
14618
-16101
3635
16829
19035
19273
13806
16927
5081
-7780
20843
18552
-21785
5329
8510
7673
7321
-8784
14011
12906
-20739
-7465
10155
18176
27228
19391
18190
20733
18960
24609
6655
-405
-19342
-6930
-15979
2668
-10485
-16535
-7773
-8695
22919
18395
-4410
3632
7224
-19712
-23556
-12194
14094
9270
6656
-2677
-13742
1022
-17625
11458
10078
-21185
-16547
-16360
-23270
-12850
-9112
-11894
-9710
-13721
7276
4988
-24085
-4287
-21521
8420
-16773
-14635
91
-22724
-6846
-22961
-10427
30916
-15700
-5751
-3284
14656
-787
511
18528
7509
-31834
11763
7588
11759
18802
9646
-9163
3579
16266
-17585
7730
6175
10559
17415
6474
-16821
-23805
18758
15518
11534
4106
4889
10948
25516
17943
25334
7973
13769
25240
5653
15319
17985
25727
25653
-12911
21104
27799
27145
-15905
20892
-4346
-24374
665
-1098
-18352
12785
3911
-15566
-25878
5024
21761
21416
13292
-22578
7194
-4674
-28626
-29061
-13063
-28158
-20153
6332
-1497
16812
17940
-27243
-27075
-18912
-12449
-26192
-24813
-7798
878
-19147
-3884
-6789
-25400
10504
-8066
-24520
25736
12823
-21625
-23659
-26391
-16438
-5043
-6364
-10131
-7527
-20817
-16595
25042
-17050
-10128
-15409
6467
-7930
-21533
-16892
-20553
25501
-27852
-11314
-8774
-5076
21818
-15754
4191
5354
16376
15869
5442
6293
-15504
10517
20914
5675
8370
1281
-12263
-17485
6437
9781
25710
9293
30700
9107
10230
11158
-23076
-14067
18839
9090
-14259
-24281
-2687
-21405
-20391
9845
-2728
1735
-8096
13557
16358
24069
5886
-3033
-890
-14488
-14737
-17724
-8896
-13524
-3081
-10780
-11628
-10302
-10199
-6259
716
-7817
-11545
6045
-6888
-13935
-3004
-7908
-6254
-7124
2418
-5531
4607
13669
-8412
12237
22782
7005
11334
2200
7251
22139
3745
21894
20580
20645
4563
4492
6635
15552
6415
-10039
8450
12698
-25204
6483
26831
-27027
2944
-27573
-10638
9657
12389
11260
30249
16867
-7915
605
-1666
-14290
-14220
-9052
21131
1602
1291
-8866
15642
7030
13822
-16775
18639
14522
-28510
-19801
-18908
8227
-17023
-403
1973
-14589
2704
14239
-14215
7704
1117
18091
-14327
22813
9253
-13719
-11046
-5704
-10671
-7830
-13954
-6857
-22393
-19461
-12797
21166
21845
21295
-27609
-26427
-9928
-10478
20362
-22410
-15088
-65
-21669
-12394
-23521
19633
-29198
20315
19794
13172
8244
10377
12496
14145
9030
26604
14662
14068
11875
2695
20976
2844
-4324
7066
7810
2678
3259
5968
-14591
-12769
-12645
-21177
-13550
-19098
18057
-21811
-4871
11164
-19085
12668
4973
19420
-8156
11116
12152
-17840
-14556
-2695
-11456
-22361
-2614
-22537
-3345
-14799
-25505
-27794
-20980
-22794
-21658
23858
-2936
8329
24609
21162
-30854
-11621
-3866
14284
7748
-7973
887
-23019
-24247
-2932
24395
-3892
6976
27653
11824
1017
-12114
28536
-4711
23361
-28958
-15051
-11717
-8132
-11471
-7091
-5049
-10610
-16219
-17357
-9374
-25806
-6331
23286
-5012
-4209
-2901
-3377
-3136
13385
18154
-4920
18806
11118
21302
8124
6448
10399
-28453
11866
21075
-7344
-23207
-5449
10835
327
2356
-4871
3242
21446
1404
1768
4280
22438
20580
18924
1873
11174
-6084
91
14460
18476
9698
-9043
24104
22654
13661
16254
17490
941
21214
753
4196
8651
7043
16942
26943
27869
-18818
-13866
-18262
-3173
-8154
22678
19606
1930
-9098
18819
15953
-9597
2486
-13832
18906
-19717
-9513
-13932
-15447
-13277
25685
12689
-19665
-9196
-13187
-3549
-11008
-6789
17202
3896
-6302
12828
11926
-5471
-23446
-1524
18695
-7406
-12580
22098
12104
12082
23214
14786
-23612
13928
-8041
-7277
-8152
-22359
24731
18850
-21460
23442
27741
20804
4983
-2053
6159
953
8662
-20728
20452
3882
17415
24685
13787
8663
9347
-15869
-20043
7921
16154
-15958
24231
2842
23913
19071
18812
22989
3534
29384
-28963
5524
-14565
-10361
9883
2546
7878
7125
12873
6772
2573
-3354
4871
-4621
-5109
28462
-5645
7823
-17631
1675
-27159
23929
-3925
28306
28666
-3655
18649
-1701
-5299
-2576
10352
-7934
24691
24017
-2372
-9583
-24989
18665
27729
-24241
4015
-9520
-9625
-9614
20950
-13264
10154
2746
-15199
2867
2733
16346
-20404
7281
-5832
2108
-4480
-13641
-18585
-13193
-16398
10059
8847
-12666
22003
-28114
7714
-14024
23305
23770
26977
9487
6734
13361
10755
23850
14853
21412
16487
29569
-13552
-16431
30102
-950
-16054
-24436
25338
-13805
-6617
-10763
-21114
-18513
5203
15830
-973
-5066
24703
1924
18273
-18062
-13975
27213
-16552
14517
26555
-8908
17826
1030
9479
17728
-2162
-14838
-15789
-8721
-26332
30690
-19108
20643
-26659
-23707
10931
30136
-16747
17502
-26236
21079
-21461
21263
-23562
11366
5372
-39
2732
5517
12554
2116
3090
29355
-9449
-11658
-134
-5355
9499
-12833
-2213
-5768
-2780
-12563
12186
-17667
-7456
2598
-6106
-2834
14533
-10003
-24161
4427
-25449
21482
-22218
-25603
-22812
17314
-19881
