-20340
11557
7787
7515
1115
17248
-3367
-6634
-9561
-16335
-24820
-5112
29933
-7782
3511
-28916
26725
21291
19147
-17542
-20548
-9842
-20164
22618
1729
-1996
-12451
451
-13287
-25170
9231
13097
16520
12000
-2168
-3041
1812
18486
-17021
-12820
-3231
2808
-17232
-15949
-25709
-16539
-14336
-26858
27608
-19035
-16613
-5574
-20904
20844
-21238
-4203
18967
19484
22263
22630
-4946
-9984
25473
-9810
-18899
25
24215
19146
5998
28785
20877
-6298
7423
15519
-7845
16315
14427
24180
19950
-10068
7848
-6664
23913
567
20939
-22020
19827
13777
21247
12602
-6760
6055
16982
10867
11147
16601
22130
20890
-1098
-21669
11598
-19545
22698
-3646
-6658
-12521
967
17894
-3533
-3809
-27518
-21490
-25327
-20664
-19141
15103
6459
16454
26493
-23078
23636
-18127
11724
11396
-20864
-20627
-24582
-23377
-17301
16366
7464
6990
-25721
-20871
-14891
28076
6234
5567
-7755
-12442
305
-7211
17346
11613
7676
8139
24050
4058
19860
15669
22301
7532
5383
-27005
13615
18980
-7048
28043
-8462
27974
9269
-17434
22313
24220
-14582
31395
18536
-7021
-18665
-1683
-19316
-17150
21364
-7841
21714
14077
13412
12081
20870
13620
-2224
-2224
-18997
22918
16258
12324
19341
2646
13702
5487
-10749
21019
-20321
-15094
13663
-17662
-12238
-8352
-10953
-14816
623
-11255
-9556
16848
-4560
1684
-4804
28388
32505
32433
1262
9645
-8315
5712
7451
26478
930
22113
23642
-30712
1796
-5085
-9893
-2972
-17500
-5060
8533
-13871
-7628
19020
-22357
-6511
5856
6610
-25905
25681
28116
26233
-12512
14293
18248
-29751
-12466
3328
4993
17823
3843
-18575
-812
173
19089
5812
-574
13521
20496
11339
-2533
-29368
-17084
-26583
-15481
-26079
20734
-17591
-16550
-6259
-167
3523
-17754
-368
1654
3492
22091
-2605
18150
195
906
-13420
-8287
-22852
-9520
-1054
8555
4874
6506
-16127
-16163
-21378
-16779
7325
-6611
-22824
5017
-6671
20804
-8377
-8150
-15703
3290
30140
-12172
-2212
-18501
-15415
-7342
16416
1326
15712
28336
1805
21076
-9168
12303
15279
-3110
-22095
27125
-10656
18407
506
-17687
-12372
-4979
16552
-6434
-9199
29177
-6324
22263
21150
-6625
21115
-8417
20697
15952
3751
2954
-4498
11608
-18765
11949
17663
-20208
11787
12614
8582
8128
27581
12552
-22170
25643
9869
3778
-16539
-6591
26660
17125
13306
-8754
7829
7410
-17540
-25476
-12499
-8300
29270
-4589
10452
-13793
28036
-3448
-14696
27898
19844
3744
-14177
3498
-13474
3630
22441
10380
4813
2003
9313
-3447
164
-7213
-11791
-14222
629
16961
-15345
-5129
16155
-17731
22142
1077
-14971
-14920
-1587
-13285
-4278
-2049
-1697
357
-18088
-18491
24924
-6084
31912
3783
6529
-19308
31903
29954
29016
17568
-7161
-11599
-14257
17261
-7600
-27370
19319
-4203
12730
-27755
8984
-12079
-14251
9873
-26113
-18359
-29880
-27973
718
8818
-5575
8621
18591
-25912
13878
27684
12655
6949
28389
-6794
-20357
3751
5956
16036
6960
19084
-27971
7718
8437
3620
-5025
4860
-5359
28535
-9444
7484
14005
25255
6207
-9600
15581
-7146
8609
-26095
7518
20845
-1029
-6228
-11179
-3608
308
-975
-7145
27166
17574
3444
-16456
-6130
14718
-15745
-12535
-11712
22586
30036
12987
4230
-1042
-7319
-2513
-26442
-4166
28011
6999
-18034
-18702
-1057
29226
-22225
-22184
-11265
19375
3145
-13484
2782
3189
4883
28664
-17446
-15136
28173
-26812
4018
12248
-4640
30907
-7016
-27735
13360
-7359
11423
-16858
-13149
-8060
10608
-3978
-5677
-2433
16326
-17321
-18948
7662
13413
-36
-16803
-15983
-17702
-16343
-288
-154
-18387
-5812
22954
17990
-17878
17790
22908
-747
6589
27139
18427
2680
27360
19995
10960
14155
20727
3163
4317
-25983
-5937
26781
-26562
2220
12723
18789
391
25802
1414
489
4628
5070
-3490
5911
5657
18847
-11468
3325
17479
-29466
-31179
-18958
27476
20861
-6258
-1360
31133
30224
25947
-21592
-17482
14112
-6308
-19595
-4913
2892
-4947
-15000
-21226
-19171
-12560
-2114
-7621
-4202
15968
-6398
4582
-24209
-19675
5141
-23031
21612
7046
5614
-24136
1018
-19730
19699
-23374
-6399
19905
5812
1208
21305
-8569
5928
9683
2909
12391
20459
-23068
28883
22439
-8073
13684
14288
-8503
-23175
-8362
9132
-2538
22662
-817
20457
21681
-4727
-1779
-200
-8021
-8271
-17617
7776
-16148
-15743
-21715
3736
-350
-12219
-15782
1387
-1228
-11982
-9364
-15110
-14326
9031
1958
-983
-16395
-2056
-18520
10984
-14835
3852
6596
6173
2458
-9094
4510
20190
-14186
-12684
4149
-850
-13419
-10900
-6407
-6869
30693
13231
22022
8203
-23857
10436
28295
-9518
10080
-6017
11005
6949
4769
-5096
10879
8155
-8310
9100
24859
21127
-7087
22814
6384
23210
-3943
26173
11913
-15066
-10933
-12531
-6745
-8987
9221
24910
10626
-5783
7168
14141
-17222
4732
-26512
9996
7364
29158
-25366
2650
536
-1551
-22449
12328
13375
24789
-17598
-25814
-23780
-22141
-13227
26420
9271
2885
-8935
10841
-5232
15012
3985
6286
-25635
28382
-15743
-8474
-20271
-3077
16379
18393
-6152
-21501
-21280
9459
-12888
4806
10696
7871
13143
7556
-13087
-23340
-8064
-8451
-13279
1180
-23493
-8269
-25266
-8077
-28888
5491
-24480
-17487
-12983
3445
-7136
-13509
-9805
16025
8162
-14354
-12517
-12680
5589
-3801
19228
-14470
-9599
-18362
-14960
-12627
-32033
-17107
-31174
-31843
-10101
30476
1145
23305
10865
17184
8470
-14850
-5547
-13119
12414
-10060
-15626
6484
