8908
-10324
-10084
2716
7908
-21764
-7744
-5299
-7495
15884
-6576
100
14683
5725
-26244
-19227
29554
-18749
16225
6097
15719
-386
-7443
-1129
6123
7088
11082
-2095
-11413
-1718
1861
6089
1692
26105
-1348
9140
-6279
-16062
-1530
-7904
-13387
-1838
-20145
-17653
22468
8158
-2736
5577
24940
6644
8027
19521
26435
6413
20676
20572
5664
8019
20285
-12163
-6454
21882
-970
31139
-2838
22293
-20325
-22131
16460
-20923
9213
18923
7229
-1693
16775
13568
16480
-12146
7546
7594
7292
-2850
8510
6989
-7754
22825
-13747
24621
11606
-390
-12233
-6925
8529
-18655
7960
-4256
-13012
23518
-4397
23275
-9159
-10113
20304
19633
-4947
11440
-16117
-12619
21019
-19764
24276
18129
8830
-5567
-9076
28473
24260
10183
8697
28057
710
3176
22093
6600
154
-1078
-771
725
25109
-339
9993
6163
3830
20972
21678
50
-18923
18312
-18473
-4612
-17751
-15555
-20314
22159
-6294
24197
14987
-13329
-9081
-7880
1492
12340
-14075
3023
227
12476
18005
-13675
-14621
24046
-4769
3996
14688
6731
5337
-5768
-16449
-15325
-7862
10749
17359
16447
6970
16553
13506
9687
27734
-8137
-21764
-12218
-14497
-28041
28098
-22538
-15832
-22688
-29454
20330
15869
5547
-9567
-13800
22697
-2036
-31595
6987
-373
-27986
-17551
-17941
-19880
-27050
-25962
-12706
-1115
-8784
10000
3564
-1058
-264
-5997
-8731
-8013
-8351
2738
19913
23005
17261
-21445
-15913
-16720
23962
27734
26514
25227
29051
22822
22792
15948
3857
3019
-7411
9967
-16112
-1851
-6853
-1301
-729
-8912
-3410
-13861
-11402
-12649
-3967
-5454
15963
16016
-20188
-14814
-14836
-1976
2450
25431
-3779
15808
-15271
-26358
-3895
10196
3907
9770
8674
6536
-16324
-9055
-536
-2186
-16297
10012
-27928
-17337
-23712
-20849
-12430
-12022
22867
-24850
-31884
13751
-31326
-14082
3445
6544
-828
11593
7763
30044
-574
-1047
13147
2211
8698
4697
-2493
-1516
-10930
-5072
-13664
11622
7098
-5440
2987
-7341
-9272
-4990
12766
3757
-7074
2121
-10955
10554
-8139
-21926
-13645
1980
-13321
-11404
2923
11732
21973
-11150
-22730
-1038
-4377
-5889
-4113
-5712
-9794
-6359
-11650
-24468
-13956
22548
-4253
13248
10287
-14498
2366
4565
-19206
-12655
-19591
-9822
-24569
10157
11037
1126
-15015
-16395
-11103
1725
10039
-1883
18151
20490
-4010
17837
20628
-1239
10561
23642
19874
26788
17915
23326
24074
4673
7963
8005
-20151
-8055
5700
-24260
20411
6143
25026
18840
-23312
-25990
-25185
-16766
26810
25478
-21598
16186
-23502
11698
12073
6310
19585
-23776
-24313
-13629
9552
-19389
6734
6261
14564
22708
10059
-10984
-20024
-11541
-4107
-15305
6603
16576
10575
-21191
-2306
-7611
1688
2173
3912
2616
2128
30557
-6117
5966
-21006
4415
-8704
12678
4528
12733
15107
-6913
8396
14793
5385
-12753
23990
5476
26252
9937
-20268
-13130
-3578
3054
-21335
3970
-12809
8713
7396
2561
12151
26993
14535
-1900
4316
2785
2931
1022
-1807
30642
-1727
31355
828
6574
25890
11732
-3619
24097
30562
-3287
31323
-15692
-18459
-7095
-13408
-26832
-15418
-18953
6609
9442
7962
1248
7349
7092
-2770
7371
-4546
13776
29940
24910
-8185
29201
20540
5695
10238
21344
-8852
-26812
-11360
-12399
-14412
4806
-10289
-15331
-10943
-23362
-6705
-10461
30173
23743
-9460
10629
21530
10059
25285
10443
9007
30989
10375
25773
9693
-6565
-8118
-4919
14325
7350
14347
-13283
-4102
8296
-3675
-14967
22500
-146
-4986
4112
-5943
7260
10349
-13957
3498
20141
-14644
2239
10408
9261
15672
21847
-3337
-4225
-4454
5192
24350
17684
20374
14958
-18310
15890
4693
-29631
-28126
-26098
8767
-8695
29730
27993
-3330
6166
-29753
27598
-2476
12978
24355
-23993
24049
-23682
-20751
-273
-17223
-23492
19882
-19258
-19213
-24025
-14643
15883
13380
20425
-16646
21425
26360
-14973
28299
-9274
3116
-14156
-9268
-26695
-16233
-18431
12657
17336
-19737
-3169
-20654
-20825
15452
19691
-6668
-2266
-183
-5131
-7542
-12958
-6602
-8097
-7935
-3868
-12129
-8329
-19156
-8102
4660
-2631
10316
903
7877
-7706
-27017
-11290
-11601
-25027
-18413
-17865
-11463
-16960
-18427
20969
-17466
13298
-9610
15259
-4788
11830
20636
-22021
4770
14820
4489
-2995
-421
-6771
4177
11921
3547
-26431
-22829
-7350
-12658
-25850
-69
-2174
-22686
15070
2493
-21212
-26890
-19104
-13152
15641
10931
10105
-11717
23793
7087
-10429
-6209
-3404
19592
-5884
-5370
23774
10789
29652
28267
-552
-18851
-10701
27513
5511
15127
9705
-1991
14564
22377
12561
22868
-5429
-16768
27971
-17039
-17246
24629
25876
-16368
-11026
-16368
-20096
24423
14999
16097
-17160
18459
13036
19986
31412
1618
-5470
-17263
29386
2998
8055
1585
2452
-3682
-6391
9844
14370
-22653
-417
-23679
8408
11028
-23837
19772
6793
9434
5983
-24881
-16723
1986
-25252
3675
10245
1812
18538
8883
-14957
-8863
-9276
-17621
25915
3073
-24876
-25449
-17574
-320
1969
11413
23324
-3789
-23105
-17353
-14112
-23918
-11601
-19394
-354
23249
2258
14751
4306
16637
28032
-7633
15976
15515
30401
20799
7576
16458
8258
10509
9944
-16395
18428
-19554
-18237
-5065
13273
-12607
25413
22025
-9140
-13942
21773
-15641
-6632
30660
-2267
31849
-10764
4827
20499
5523
-4933
20544
18546
16831
-2224
15232
29958
-12820
4007
-2990
1670
7389
6725
7638
11966
-23465
19052
12040
13942
13084
-13102
-4018
-9727
13492
13684
3155
12704
-23628
-1501
9357
26138
2816
26649
-2053
19335
21354
-7480
21807
1338
28647
20907
-4144
-20176
-3512
16368
25438
10661
12105
18651
-1017
27624
-14778
1795
7067
16943
29810
4382
2979
-2134
18171
24489
28541
23904
-21510
23091
-22782
-19578
-28731
7672
7604
-3814
-17020
-11330
21793
6441
-2750
-9925
18497
19960
21737
-19087
777
-18133
21863
16620
18465
26760
19978
6404
-15327
5434
23471
-12521
-9560
18891
13771
-4103
14128
15517
13154
22052
3752
14308
15261
-23389
-22348
4709
13319
-2819
15393
-7944
16208
-4784
30010
32108
