-283
-12864
-1098
-4931
-680
9569
-1214
3286
635
1041
893
-11117
8022
-158
-2125
12816
20269
22106
11013
-2646
11180
10746
-1577
-2547
-4366
-19705
-361
-22421
-19316
-19007
-12395
-9103
-18450
27141
-22372
-6564
-17891
-19739
-19231
12426
-20255
-18592
10167
-18585
-15192
10211
14887
7130
13647
18140
9703
17502
16212
20917
10137
-20495
26167
-18376
7566
9014
20622
11541
8552
5338
19053
26806
20946
-13216
-10089
22900
18392
8199
13355
3295
71
5955
15764
-11178
-11128
26931
-17220
-15267
-16430
-17927
-452
-21107
-12512
-7955
-7687
24942
7983
7113
-3502
-7267
4165
-12286
5828
-1286
1868
-2178
-11881
11264
10290
12712
8170
12248
-13313
4130
-21501
21707
-385
14215
15830
19433
11648
-16560
20834
-31587
10773
18286
-17732
15641
23361
18026
-18739
20013
20857
16223
7777
20848
-7286
26158
-6603
17277
-8876
11176
23603
-11527
1617
-20316
-19828
-14782
24
16166
21836
15254
-1945
22334
-20944
-20026
-1597
13573
13602
8047
15463
14578
16006
-22014
13287
-25163
27560
9850
-285
22115
12236
-5077
-2562
27541
12205
-9865
7760
-1282
-5360
-15436
22666
5402
-18055
-16946
28898
-23052
-15136
-8488
31522
28737
12266
30809
-4452
20409
-2959
30180
21454
20350
3916
592
2633
-5969
-726
10269
1053
22645
13628
14175
12583
-8660
-18816
-11850
-7162
-19851
-9338
-6198
-8345
1940
-4587
-1967
28754
7857
29890
-9717
4270
24590
22737
-10528
-4435
-1211
-4254
50
-3272
-12539
9473
20435
21256
-11587
-15107
-11634
12391
21946
17381
9016
13403
-19677
20952
-5944
8748
4298
-16241
18806
6140
-13372
18050
-5633
6574
9707
-8693
21843
21403
25416
-929
-11123
21249
-10821
-16111
-26391
-1449
-8690
-2519
4931
-5875
27251
-6085
-968
-10574
5476
2293
14754
3286
25821
22250
21492
30220
24041
16950
1364
22686
-171
-4985
16638
-27639
12731
-21824
-4456
1443
14192
21200
-4694
-8897
11688
-14300
9217
-15416
6031
28919
3034
16444
15147
26602
25559
15841
-364
24573
15510
10801
-23627
23284
21976
23636
14317
22784
21281
-22449
23568
6589
-29936
6874
-29735
-26610
-5257
5203
1692
1870
19583
11928
-1146
-587
-12533
-19701
-11986
-23867
13122
-24925
621
-9507
-1609
-16901
4373
15756
6758
24205
27095
16678
15365
21243
14480
-28019
12196
13938
2841
12034
17451
-25749
-6765
21455
-29173
-4492
-5541
-15732
-10474
-10390
-11794
-20453
25951
-8718
16305
-10234
-12558
-8046
16641
-18429
23946
10733
-10062
-10201
26827
-8484
-23544
25100
27816
27039
21181
-14969
6034
4259
11082
8101
854
335
-25749
27532
14019
6169
10987
2199
6725
1970
-8577
-12070
-6449
165
4844
-463
-26833
-12615
9485
-4329
-16060
-28442
11773
-7219
-3762
10437
-12307
-19681
-20078
-4666
-16354
3773
9237
-9403
-9661
29354
-5806
5398
-5990
-23987
-17820
-9929
-18993
-21464
26894
5503
-4418
-17984
-9383
16804
16631
15809
20527
5169
31117
-11687
-9517
25572
-15701
11530
10818
-15733
25088
5271
2427
23943
-11265
29850
8711
-17075
17596
17940
25570
14909
-12119
-15485
16783
-22883
20382
5505
11915
-22952
-13683
-3837
-21626
-3633
-1472
-3770
-2867
24040
-4578
-29326
7837
12903
-14292
2286
5265
1632
-29365
-29148
-21065
21955
-13517
-13950
2791
-14064
9108
-18376
-7942
-28681
16567
-4217
1089
-28662
-236
769
-18383
3189
4747
-11923
22090
-7073
-2823
-14324
7420
-5191
16318
-520
5657
14468
-1359
14060
14663
-16989
-15951
29877
-14693
4506
-14757
4772
7459
-17230
23002
21896
-12017
-14361
-12249
-17381
28145
8325
14981
-11351
16838
-13190
-18531
17171
-23588
-8572
-5381
-5402
-9048
-14031
-18858
3842
28480
26772
540
9705
7723
1204
-49
1447
6132
14141
-10127
26645
-17171
3344
23523
13723
13638
-3362
-8003
-18571
7523
-1326
19266
530
-5472
525
4804
-14303
2269
7485
-22582
-27762
-14044
1899
-3458
-1737
-18046
-20203
-1254
-8639
-13658
-17466
-2366
-15925
1643
3496
-18225
-13653
-4025
-18018
-14987
-2323
-17154
16006
-18961
-2208
14083
18083
10977
-13902
-24388
-23024
14914
8859
-6564
-25467
-21401
-23990
24095
-19074
-25916
30043
20371
16253
-24170
-24906
-9670
-10191
-4392
1658
31305
31334
29682
19458
-10492
-20440
25280
-10349
-9895
-11110
14121
7962
10856
-14013
-23148
-16637
-3359
21163
-9158
-1115
11987
-31905
2394
23665
-31000
-32012
-17560
-11672
-19361
9344
-22254
14467
-1209
-32064
-14149
-30904
-30505
-16973
-15377
4623
9408
-9495
1152
19449
-10227
-1327
14392
8268
7763
-8232
7699
7535
-7355
-5700
285
-584
-15152
16876
-103
-27356
-1688
-19213
-25539
-20105
-27262
-20987
-25454
-14872
16379
-21978
8185
-921
-436
-10779
-8226
-21465
1932
23271
4781
-21595
-3845
4055
-1590
21381
-517
14410
-8392
28335
18930
19408
4561
18817
-26062
-23566
-12930
-19609
-20677
-19682
-1057
-988
-21185
-4484
-855
21413
-31151
12620
13458
15129
-13776
24982
-3883
-3993
4286
-11164
-16511
-12859
27981
17582
-15252
17639
-15294
22295
-24536
-30701
-29575
-6011
-1065
4237
-7526
-18157
12264
-20382
12190
22183
20947
10744
8791
18640
22313
17715
20630
-1597
-1608
-7937
-8441
-2753
-5776
-12661
-9569
25161
-4060
-3546
-7289
-3673
1280
4774
1159
-17608
-8064
4200
-7269
1928
3225
24847
-26158
-31276
-14876
-18810
-25416
-23237
-2279
24060
6901
-16821
7164
10126
28329
17539
-54
13649
-2746
5824
-7455
-2753
8128
1323
-21348
8747
15167
-2265
25640
16755
21765
19867
2858
-20295
-1839
27778
-18777
-3459
27473
-11928
20617
-15013
-10181
-22039
-25129
-16267
-12358
-21790
-20570
27780
-19484
3809
21920
-17728
-3266
-9934
-1955
-25909
18896
-5656
22997
-5548
23781
-920
-5588
25099
19883
-20051
23356
2983
13725
-8478
2800
29100
-16223
-11107
-15999
-45
-3093
-25273
3485
-10251
3104
5425
-6832
16237
-10003
-3935
-20911
-16767
-24003
-6936
3761
9586
-15907
-10993
10329
-739
-8283
11222
-12167
-8212
-9538
-4835
2917
1833
-79
-4435
3033
5306
3125
19104
20982
23411
9952
8045
24094
11935
22545
-23559
-22940
20461
6618
22181
-1897
19578
10167
11034
17369
4920
13922
16921
10027
4855
20688
23271
17332
28796
-15129
-15516
17055
13978
-11920
-30054
-29192
-25959
-1143
-22135
7890
11172
12655
14347
17558
-15498
-11713
-12366
20412
-14651
9128
26427
-15695
-12657
20637
-13828
27423
-10655
-4805
-9657
-2042
9309
16204
28047
12668
29064
-1257
7683
17954
-17165
10315
-20272
20245
18765
17236
31216
11836
28997
5528
383
27138
10849
-17919
12265
-17984
-21651
3068
23373
3308
1134
-4989
6755
-3215
-2552
4084
1214
-11380
-17504
17126
-18686
-2312
-2641
-10294
-20398
-887
26912
-15064
13933
17815
-3514
-9763
-20151
5220
1024
-4691
-3860
6856
-22801
-2393
4352
-6417
5655
28144
-19950
-27528
-26051
10092
4769
6370
-8663
11143
6859
-5913
-6653
-22702
24267
-19346
-30497
-21546
16358
-14074
-14381
-7407
4137
5671
15089
-13091
-13600
-17018
11110
13443
6985
-17071
-28396
-29467
-25538
-11733
-21213
14212
14745
-17475
-3875
16465
-4978
-5319
7986
-4553
8066
7884
-6157
13932
7609
-78
-12719
1377
-10418
15235
-12155
-13136
28356
-11140
-10415
24793
29563
-14100
20421
21199
29623
4551
31423
31129
-20310
-11297
-12382
-7885
28578
-5440
22458
-14469
28361
611
-16178
23156
13331
27476
7947
14988
-10858
16605
7922
-29630
21090
-28266
-24478
-22980
-6919
-7556
27661
-15783
-5876
2307
15614
7819
6133
-19817
-21720
18590
-10703
-13726
-13139
-6322
15090
-2224
-18857
-914
13765
-5346
-17522
9944
10666
25951
26438
8009
11498
24690
16287
14144
22458
6760
11316
1208
154
16623
19002
29835
-741
5072
25453
21260
22513
10304
24689
25748
12473
23422
24530
23064
-11458
-27874
-26655
26061
8069
6277
6365
-17216
-18154
10030
6895
-7608
4043
-4049
15953
5024
-6743
20613
8744
10158
8955
8682
939
1391
-8311
-12800
3164
24495
-11391
23151
-19024
-10033
257
-5736
22059
17547
7791
791
23287
-5513
25135
22202
-1084
26938
6675
24853
27069
27408
28273
-6267
8774
-7039
17262
14209
-7402
17505
8099
26
-8562
11564
-6735
1129
-3183
-5309
-3175
14513
-26056
-20578
10050
-25998
-20116
-1749
-17516
-12817
10675
-4618
-1871
-4259
-3229
12035
-2702
-6234
26006
-2373
25875
-6699
17905
25027
20207
-20321
30869
-23290
-30088
-5787
-23368
-27440
-14425
-4128
25812
24521
27468
5318
1487
346
5782
-12476
3394
-8868
2617
13187
13079
14199
447
23277
-10597
11082
-13041
8077
11332
-16249
24923
28467
25671
22880
21980
31555
-4595
13552
-25007
13656
26637
-11137
-11492
-11383
-18891
13248
-17217
-19640
-18798
12964
-18016
5400
-30031
13876
5463
12544
7234
11014
19228
11625
1622
3169
23608
21087
7370
20751
-249
18610
14573
1652
25772
18232
5819
13699
1928
4232
-4384
-573
-1762
13063
1970
-15513
-15870
3787
-10804
18932
12194
-22228
1182
3144
20110
21236
-26075
-25099
-9407
-20034
-8271
-15091
-22579
-6164
-9490
-13923
-24126
-6664
7902
-21189
10320
10272
30942
13537
20965
17285
-11767
22942
-24241
2499
26344
12280
14184
-12104
6243
-12899
24413
5309
33
-176
5510
23377
-9352
5138
28080
-5951
28636
-7706
-4061
-27634
-21250
23360
-30019
-2675
-1727
-1735
25556
-1905
-21575
25321
6371
-805
4193
-5824
7815
12119
-9681
24378
29238
29406
26642
1055
22648
24834
9193
11252
24623
5147
23235
-5149
-4237
-4036
-6423
-28560
4468
-4919
-11316
-4570
2097
3119
5836
4976
15420
1312
-18629
-19191
-6308
7772
1325
-2380
15392
-27893
-22622
-7733
-17749
10522
-20130
868
2569
1877
12688
14327
-5279
12814
12813
2684
-15790
-1440
-13819
-10089
-4117
11929
-8715
8854
-23145
8275
-24048
-8318
-3534
1523
-3226
1567
-4965
139
10820
21064
20577
10195
2202
12846
4453
5853
12055
2924
-9232
-12137
-15315
-5188
14245
1625
21162
1357
22514
9706
26313
-3408
-26808
-17998
-17884
9149
12873
-7495
-26427
-1097
1576
-27303
11570
6130
26479
3374
-13340
-8917
-5042
30863
-9755
17188
27283
-11062
-10893
26889
3429
7768
-17914
27328
22195
24535
16762
17244
16067
-9984
-4979
19120
18722
364
-187
7864
21064
14088
-948
11282
21920
-1620
6042
4972
5260
12078
14388
-5263
13543
-3774
7513
7178
7221
-13037
1413
3154
8232
-3169
-4341
-27560
30746
-3978
-22891
18786
4725
-9171
-5384
15475
19592
-3089
129
3851
-18474
-21860
-28084
17510
25471
7984
18745
5424
-5372
-5687
-26215
-6473
7585
81
4088
-674
-862
-3055
1745
2241
-8594
-12366
22467
-6960
6944
-9249
26797
24117
-21627
23581
-21893
-19081
26835
-13270
5976
7215
24999
9086
-3712
-7857
13194
-6405
-11106
20561
-11403
26491
-11533
-11322
26687
9410
-8488
6035
11105
27910
25475
23863
-15796
-6533
6104
-1357
7381
1702
-10941
-9889
-17860
-18660
14246
18381
-20033
-12939
-983
31488
14938
15379
30455
-17642
-17604
-2483
-15716
-9531
27813
-6991
-16847
-16481
-8705
-7262
-10822
-15474
28107
-10603
444
8894
3365
23180
-26030
3323
2512
-19893
11032
16552
8788
3585
592
-5534
-13461
5909
-6423
-11393
-7587
8670
-16738
-6418
-12024
-4694
-11641
-11771
-16822
-6502
-11392
3781
-19549
-18451
-22524
22125
-826
1354
11884
17032
-13684
-10640
-10096
-14547
20674
24772
23519
15096
30514
1500
10261
-527
14727
310
686
531
15716
5273
16650
-6470
18991
6613
7025
381
6768
6070
135
8989
7443
26236
-2616
12551
7392
1477
6178
-18062
-12240
14893
27483
-15002
6591
-11979
25769
23185
10630
11143
15066
4378
13697
4176
5087
8774
3803
11755
813
12372
17328
856
-15620
22242
-22867
27311
1275
17063
32473
2721
15741
21996
16787
-23251
22105
-6488
-23785
-21240
10928
29303
-28486
25914
11593
12378
28853
9913
19012
-118
-816
-10877
-25714
5499
10421
-21457
7149
5228
11782
11991
2020
-27742
-10325
-20497
-7145
-4809
-5205
-1794
-10658
-14813
25143
-21265
-7144
17670
18114
10755
16964
-22142
14382
15815
12277
8669
-3399
8107
-18923
-26812
-5980
-11761
24638
-26129
-26174
24346
8191
-23805
-8754
-10081
-14634
-14446
-24031
-15149
-6436
-12366
-17482
-20169
-18750
-25398
956
711
-1916
13953
-18304
21546
-17143
21800
-18265
-826
-20728
-16236
-19056
-533
-8192
-22428
-21624
5137
14681
11761
4273
-24002
15672
-24899
-14489
-2772
20026
12164
1129
-1773
15001
23057
2105
2510
-6037
15722
21905
22155
-19756
-16467
17259
-2336
-6504
-21016
-8381
-18836
-623
14497
16567
17390
19561
23846
17492
9979
25124
14358
19154
17221
2851
15283
25241
24859
24059
-4346
13861
12171
23857
21063
-26104
-15817
15664
3468
15752
-9386
-22086
-10237
15861
10022
20695
5554
865
-12164
-7988
-11446
-13848
-10481
7925
17499
-16242
-20299
-9912
-27742
-27669
-9474
-16471
-21941
8443
6018
25233
2942
-3449
-22152
6630
14428
-13950
12593
-12676
5787
29175
8682
29355
-16723
4735
-9003
21847
32023
25017
1108
-14057
-2639
-3059
-5894
-12073
6506
5781
-28256
7512
2146
-7008
-11353
-13932
-20469
8157
-31250
2843
2674
30974
9341
32
12188
-16675
6590
-24182
-596
-27177
25471
-19531
645
-24519
21599
25837
4856
17907
4283
-8786
-11930
-20223
17195
1651
5555
26270
16039
29501
189
-14903
22628
910
13678
17264
-13515
-13976
23741
15525
-16067
4420
11205
14614
9505
15608
3553
12845
22160
-10338
30164
26865
30921
2531
-5345
31673
20797
18702
29267
24274
20134
8784
19245
25613
25120
19433
26613
5848
18283
15934
27193
28545
13447
9435
-7925
-10150
9195
-16028
13272
12627
-6241
6836
22830
28982
20813
23882
21793
31567
-17735
11478
17764
19304
-7357
-19781
9621
4486
6452
10630
7157
-16916
-6344
-31590
-7312
-11886
-9586
13461
-15637
-21697
22754
19630
10863
8921
-10455
-8507
-384
12555
1048
1326
9552
203
12099
8619
-41
5049
-11402
-9955
-11954
6077
-16880
1152
-19788
5685
-6235
8304
7852
4794
-8396
3075
20029
1411
12087
-21372
-13703
-12985
1505
-4187
-242
-11881
-17200
-18726
9059
125
12025
-8395
-16629
-18571
-2947
-3156
-8589
-15316
11086
10479
-15707
-16129
-21447
-882
-16311
154
10870
11372
1496
-6130
-4401
-22451
-22607
-8192
-12945
-6509
-6716
6112
-14270
-8309
23783
28120
18568
13628
26622
5151
-17526
12509
2012
-500
11303
-949
-23834
-22074
19093
-8758
1404
5404
4262
22950
12152
16335
20295
14405
18567
18236
-725
905
-1364
-5980
-29374
-25389
-26273
-27430
16395
-28229
22997
-22973
26961
-6525
-24222
7293
-506
-14378
7715
30877
6816
6975
-19679
3835
-12926
-13495
30474
30784
29266
8587
21275
3762
-3818
11534
-7786
-12454
-17260
-20368
-15731
-6457
-26268
-18069
7082
16128
-10872
19627
648
13377
-8129
20601
21312
19662
7902
-17265
6070
-24700
20798
16175
-27203
-20144
1757
244
8982
-27572
-27125
18193
-21038
-334
-15669
3993
9995
11079
-8339
-21444
-12797
2099
9573
14844
23043
10934
-22115
-359
30097
27779
30377
31239
-6737
-64
-12191
-1728
-5905
-4335
-17584
8787
-21755
-20507
1377
-7383
20803
3815
-7131
-5454
-11525
-9682
7009
3777
5628
-12952
5322
-12892
10055
25898
-12710
-27467
-25799
4621
1380
-5884
-18522
-7875
1063
-648
31742
25627
18317
-431
6173
-1031
-11296
14801
15468
-1393
10517
-2111
20458
1029
-23285
-7125
6036
1785
30981
-14582
-4974
-10040
-13371
8074
14090
9808
2555
-1322
3864
11909
11561
7403
5235
17913
218
-26367
-5634
-16485
-648
-620
1190
3908
-27686
-16355
-27534
5732
-198
3390
1360
-12647
16416
-5281
16650
14186
13488
4690
-3030
13138
4798
7983
-705
1147
-18213
-7429
-4000
9988
-28175
-4568
-20949
-5681
-14672
-8583
-16673
-24715
-9989
-9660
9890
22490
-14069
-22451
-28833
-28756
-29849
18267
16912
21023
-7916
18826
7618
4113
-867
-3297
-2009
4886
22095
24537
17582
18380
23967
8653
19691
22204
17950
19086
20094
20974
-4386
1070
-10404
-9999
21192
-10578
-11951
-27275
22023
13333
18646
-6668
-4851
-4081
-10261
19161
-9513
-27213
-16986
-7314
-12642
-11649
1771
6760
31714
27185
13427
11814
14233
6297
15361
18816
14063
11711
14526
15193
16711
14748
13578
15334
24857
21452
1932
25185
4310
5355
-15068
12231
-9764
-10502
10139
11155
6683
3279
10674
6315
6496
2475
1945
-533
1612
-1475
4488
-21098
4748
3333
-2909
9668
-25472
-17440
-21995
-13481
2288
11418
9731
14353
854
5756
-14261
-17915
1946
9126
-7433
-16788
-9530
24319
12833
960
6570
31833
6854
27498
24514
14283
7332
11745
26839
1608
31901
1784
1883
-7868
-6455
-5354
13457
16421
31925
1587
-14841
-14404
-12479
-3871
28049
7956
26062
-6720
-10316
9829
-12723
12691
3582
-7481
-598
23790
-7648
4921
7515
125
-8507
-9046
14248
-17066
8385
6341
-8152
5815
20022
15512
17311
-21191
26178
-31490
1693
21303
-2347
-7425
-17385
12660
18973
13912
-17768
-8921
27456
-19700
-9091
-11116
-9913
-14840
6702
29652
6131
-2769
23993
-649
-29824
-9918
12950
-9901
-8196
-9241
-8875
-8243
-2563
-10880
-17819
-14196
-23086
-20626
-18941
-10253
-24958
-28318
-19955
11891
-9401
-19830
12087
11880
-15229
-6108
12924
12437
-2541
8113
6850
3930
-2261
27909
-25849
21774
-12413
-21699
-2619
-12001
-10117
3286
-962
-27409
-26364
4726
16405
13673
-5218
20601
22877
-10280
-22808
13481
13395
-15794
-5336
1644
-22587
-20909
23908
24644
7857
-9022
22151
6606
-18930
-2667
-10459
-18666
-10681
-19591
27007
-4671
26968
-11805
-15531
-2600
-8534
3341
25130
-25936
-21216
-30143
-13880
-15310
184
-10107
8704
4903
2190
15294
-14831
1060
13577
9128
-6197
-11870
-18646
10809
-11430
-6339
-8637
-15474
5621
-5632
-824
-16815
14839
22028
28504
18660
24240
2088
18233
19994
25559
-16531
18748
-24120
25501
-19249
-2206
-12901
19559
-4511
-13180
-1932
-20751
-25359
19358
20219
-5005
-12049
-15009
6822
1108
-494
3062
3138
2489
2748
2055
16756
-26479
3085
20281
9113
9161
19003
28556
-14440
4832
13834
22534
-17413
-8105
-22029
-21175
2908
-14411
-170
-21255
-21730
-13028
-14222
-22882
-8907
14817
10145
-14225
-24744
-1535
15364
2501
12703
5172
-4577
-5857
-22404
4990
765
-13462
19829
-13637
-5668
-4628
-21108
-23530
-23200
-14562
25692
7254
15202
28638
20442
25121
13869
31160
-8901
11212
3511
18516
-13504
8272
-2257
-7716
-2614
-3421
1072
27948
20796
-9228
1800
9233
10954
-13296
5511
-10638
-8812
-23
7382
-4685
-170
1677
-20152
14476
26210
11925
-17026
26498
-21349
26770
9766
-8458
4735
6618
-12804
3631
-25004
30820
-92
-18371
24515
25663
27243
-11015
22912
-2637
-11056
-2791
15116
2554
14810
17897
-25017
15433
12132
8171
-7373
-12085
-9349
-14477
21507
-13075
-7442
19444
-15723
10773
803
12676
-7750
-27097
-11660
-10280
-20775
-19955
15171
-4215
20714
-2717
18425
14505
19625
-26546
-4319
-10250
26819
26581
25267
2378
26783
28422
-10696
29906
30936
-7028
25615
24670
-20734
13411
-11063
10981
-1639
21554
-20397
16554
-17681
-16845
-5215
6861
5429
21891
13102
1018
-6654
1924
-28237
2279
19578
15880
20334
-9926
-27905
4328
-11751
11108
10508
-1553
-14379
-1272
-443
21085
-7140
-2451
23313
16612
14202
-5448
-6388
-12440
14779
-16186
10425
15762
848
11474
16072
-23251
-15786
-17010
193
-25747
-11356
-24124
-24533
-1837
21199
-27496
-21197
-26552
9593
7680
-22150
-4950
-1244
2844
-25261
-29546
-11228
-11038
-3060
4409
-10801
-2627
-12460
25423
-16774
-16886
19936
5487
9041
6466
1430
16233
14474
12995
12680
-1777
1334
-5160
-6338
-1204
-4343
19110
19278
9045
2609
9937
17468
5512
-867
-7743
-2502
-8628
20910
-4586
8106
2500
-7871
11017
15186
7657
19830
-13698
-14375
3947
-15772
21720
15925
-22457
17206
7093
-9125
-9450
-9281
20943
9908
-9299
22292
25607
4070
28559
-8216
18352
25998
-11958
1684
-24997
-8759
-2905
1629
3345
-20361
-3461
5185
19431
-19834
-445
-23533
17110
-1235
12126
9646
11641
-21890
13502
9569
-7017
15081
-12292
14181
-24682
-3540
-7464
-12486
-26756
8915
19228
18950
-11242
-13662
4108
-54
-10371
-14390
4940
-1886
-1181
-1310
14585
28434
-2777
27944
-23378
-1308
-3675
-3206
-7341
31917
-16537
-13288
24289
-11692
21026
22422
23375
-21740
20846
29366
30130
-23381
14605
-6037
-10211
-5018
-1472
30574
26783
20767
-11343
-10287
16956
-1980
-8952
-5139
-3426
-1529
5190
-26060
-22632
-29630
-14629
18133
-15705
-11630
6858
6548
14632
6104
-17183
3119
-19271
27113
924
-6913
1177
-1356
-99
-2690
623
24301
10659
2028
14334
11635
-8958
-8973
2006
2367
2012
4066
-1278
-2036
9637
-5032
-30355
10179
-28228
-27488
23588
28344
24561
-6024
24419
-5856
18860
24084
24002
-21183
27286
15281
-24956
-25056
6464
2316
-10974
-7214
-9281
-7520
28051
28110
-3349
-14073
15556
18068
-18185
10139
19982
-14746
19905
28876
11463
7803
20496
8372
30470
24312
-11823
11653
-15188
23036
10810
19699
-10440
15423
18942
21550
21155
27400
-9782
12284
-9353
17754
23323
10273
-9226
-2366
23140
-3607
-12068
28586
-15894
20304
-14229
-11031
21603
27003
27590
7202
7946
21155
-11306
8804
20106
9744
17833
21287
11210
18626
22028
8571
211
10839
16924
21267
-24989
11359
2666
3749
-14934
29292
17510
30424
25192
5383
5546
9039
7599
294
1321
634
17406
28864
20531
-14475
-11827
-1336
9765
9415
-15074
5487
5537
4721
-7621
16568
-10106
-20871
12777
-6437
18539
-3725
11875
-3532
-11737
9000
-11945
-18631
-7500
-5017
19197
24208
30610
-6262
19973
28788
12430
13251
-2073
327
-13681
-10868
-9705
-30129
-19383
3224
-4115
-3506
21973
-22676
-15607
-15209
21569
27083
29078
-10384
1423
-4700
-10805
9351
31964
9087
10750
11872
8891
19239
9522
14974
-8406
14407
9263
-15458
17640
-21516
-4480
-13291
-25191
11962
-7350
742
21400
279
19216
31778
4556
2967
4049
10136
-9413
-26131
13526
4951
-7859
4354
2000
7117
1213
12289
-9411
-7692
530
6297
-4569
1388
1039
7491
16147
21400
715
-1963
28727
-2576
-16295
17795
-17533
-6783
20219
-8932
22458
-12735
-10395
-18108
14150
310
-2220
-7116
-17118
-19533
-20696
28724
16724
25797
-2280
15386
15143
15756
-18594
28145
21645
21750
21587
16411
22559
21208
-18870
19328
-14361
25496
-8889
-9075
-26473
272
-26154
-25568
16195
-4941
19170
19365
21489
-12329
-18377
-18391
1417
20312
-1906
-4493
-19308
-8123
2513
6637
-24364
-24227
-20146
-2942
-364
-13096
7675
