19043
-4149
-12837
-10946
-11712
-3023
-10926
-1324
-11470
11990
-10281
20213
15281
26416
13597
-10577
22772
18272
3898
-11229
-14450
18400
-30863
16550
-12950
21950
-14915
6622
21020
18637
-11948
-18812
-4128
-13594
-5298
1434
-10738
15199
-19901
1217
-12255
-245
-3380
-20091
-9855
-16775
-1959
-5627
-10777
25285
28654
23867
26351
7563
4682
8573
14201
-20814
-2923
15953
-8083
-17137
-22186
-19218
-10012
14939
9377
-5822
-8636
2356
-27068
-12934
-18598
-12631
14188
-24017
14157
16031
17757
671
11552
23876
7196
3541
6600
-14031
-6464
-616
6141
7093
7514
-13139
4456
-11307
18580
-14442
-22258
-12261
-14147
-6077
6061
17924
4326
3353
-183
18898
7118
-5770
10834
-2569
-12008
-29013
-17819
6902
8065
6662
8485
-15295
2738
4625
-1392
-28053
-23230
16349
-26350
-28428
241
18152
18593
-8229
-28040
-6915
7787
3763
-5848
-794
5314
21312
8919
8523
-8664
-8970
996
5678
-20342
-20342
17157
26371
22840
-12921
4714
-825
-13105
-400
1141
1754
-1868
14964
-5202
-23578
11952
13389
-2740
-24945
-26939
-14625
-15752
25384
-1322
21795
10325
21124
9373
15490
5065
21879
479
7352
4662
25509
11281
9032
26759
23325
22144
15639
22836
9364
-13065
16395
-5292
16808
-409
4207
16931
3973
16074
10205
19483
7315
-9486
-26929
7157
977
7483
-10598
-21213
-17349
1117
12740
9932
9027
11514
-14075
20847
13531
32
10973
13375
-20668
10753
1808
-21137
-15802
-15315
-11620
-6286
-20181
8163
16663
-18640
-14230
-15294
-12960
6152
-20371
-4435
20338
-4177
12192
12027
-21054
21426
767
1711
11521
6766
6270
21977
2265
-1947
27317
24655
-24089
13521
-20733
16088
-11618
-24958
4968
-1376
-10762
-3446
2017
-580
-6375
-10206
24200
-561
4258
-1491
-18185
-19530
8434
17181
-4997
-8799
13001
-16506
13811
-6643
6590
-5571
17237
10392
-18345
8060
24303
859
2239
15373
1296
18948
-5051
31190
-17872
-21789
17610
23867
-29230
3834
18338
297
-3217
-25023
3409
-16406
-10968
-15305
-16714
-18608
-793
15987
4189
4261
-829
8017
22027
-7161
-848
-8387
-5508
18382
3029
9657
4996
8447
20918
10900
21574
17622
27039
7073
4448
20612
17860
17900
25914
13773
22164
9334
15354
12227
5699
21379
5170
-1495
-27247
-12009
-2253
-9784
-14312
-9322
-14289
-12489
-11446
-8832
1144
21892
-6886
20142
-8310
5019
10348
12590
-8902
27091
15701
-6215
-12315
6781
10524
4820
10422
17987
-7424
-13336
10526
8882
-15916
-11398
23790
3457
-19598
-11265
-18640
-11675
-17327
2455
-24695
-1629
-8406
12601
4455
4317
7469
-6475
-17807
372
6091
10253
8824
21566
23821
24507
10924
28349
22652
4797
-9384
-11759
24570
-30475
10814
-10878
30988
-8102
-7204
961
16470
4153
6987
30517
27866
-31298
31689
10790
-18424
-15693
-31114
-5303
31315
-32378
-18973
-1609
7757
2919
21687
-904
-9371
-7553
-24343
7428
-11419
-20915
-21421
-13011
-271
-25572
-21121
22428
14205
-20453
-112
-15613
-3913
-4255
-833
-2575
-19647
24454
-20140
-2470
5008
3408
9502
11271
25442
29091
4178
21300
18888
7825
13546
-18297
-15763
-7059
-13312
-1539
3640
25970
-6919
10533
-3168
-22406
3159
-3824
-13645
5453
-16706
-14878
-19720
7058
5064
-471
-23477
-17674
-19676
8523
5992
8550
-7644
-15818
-9364
1057
3310
4750
-1813
3089
-14949
20658
3298
8405
-15478
-9216
-12532
-2073
-580
10404
-3159
20639
-5337
-4276
-18153
1571
32042
23896
26238
2087
28562
15648
3278
17991
18901
19958
25538
19004
24207
-10833
-1301
14832
13973
5852
6035
16253
-4084
28697
17124
8053
5771
10461
-18417
-6449
3688
19785
2642
-18945
5715
8417
19933
5695
-6381
-5285
3293
-14429
27094
6354
4091
-5526
-397
-12425
-10902
-17214
-11475
19145
308
-5488
15919
21585
-1912
15612
-14784
-12089
24108
14695
4692
-18700
-22309
-7003
-17967
8930
7607
-4763
4229
-4584
8920
-4944
11951
22432
5833
24229
22365
11248
6173
25387
16507
3586
9806
12431
-19443
-20996
4328
-10980
-17972
-15767
-716
-7550
4712
-15403
-14978
6986
-18428
1085
-15249
16934
11927
10810
11420
-18394
-1386
-18540
6149
15323
2751
7342
27363
18101
15156
-9049
5468
-24883
19802
21250
-22847
-5859
31385
5199
-6701
961
9160
28118
24333
9963
-25157
-24694
-25840
-7303
2484
31004
-9440
-27925
-27505
-26463
14350
-29345
11277
-14428
-13775
4754
7589
4461
9974
12351
19403
16032
18717
-20015
15981
19533
-17989
-3375
-18864
-19760
-10468
26191
-17628
5934
7680
24950
8712
16255
-4473
24439
13830
3997
17438
99
-9042
-20830
-1121
14746
4525
6494
9525
21715
21468
15659
15768
21584
21091
1374
-4696
-5360
-14110
-7459
-11305
24100
23415
15421
15016
4608
-10984
-5370
-9679
24940
12719
7172
20081
16988
-12742
23051
26874
6030
10095
23560
-7443
-72
29818
-10202
-16221
-11250
-23091
4071
26238
18945
18379
4914
16999
16953
18505
4480
16435
-25929
17526
17248
16940
21078
-24798
15390
20218
-8716
20818
24446
7029
-22505
27239
7814
-29014
-19549
-3911
19782
-20404
-30594
-15325
-22798
-21432
12224
2106
-13417
-20842
-11710
-15197
9727
-28272
16307
-18224
4741
-22524
-22905
14002
15296
17895
-1172
-3273
3311
26436
-3093
-22488
18400
29497
29109
1359
18316
-1705
-4327
-1527
-9166
-17390
15590
2044
3267
4100
-6830
-8815
10752
21959
18877
-7869
-17531
23647
12357
-22248
858
-18131
-24552
-368
-7242
-18925
-7030
-9259
-9900
4936
13086
-14210
-1682
3194
-18066
-6542
-1717
5145
12317
-3710
-2258
425
-6354
8299
14353
5038
19396
839
15825
29091
-782
7732
14095
8309
9006
29024
22970
2534
4927
29438
7706
17759
-8325
-10196
4524
14810
15702
5595
27624
13855
10642
-2374
-5715
24776
-11409
-6523
-27784
-27313
-6344
-21091
-18243
58
2732
21775
22829
3096
-5785
-3428
-4694
-8261
-7013
-30101
-27225
6112
24229
4666
14902
-9935
-21089
-24632
12481
20873
24240
13017
-3744
28759
-18836
-4427
10034
10054
-27909
-15021
6181
-715
27394
-760
29874
25131
3600
2201
-21069
-2808
3373
-7774
-3357
-19400
17969
19352
-18354
-25076
-14573
-25263
-17009
-11533
-11454
-9138
-9711
6191
16114
5168
-17213
-9024
5429
-15136
-22941
16184
8758
10188
7328
248
583
3601
6834
-10758
-1771
6594
-4382
17102
-23270
-15372
-19491
-23427
10026
9979
-21984
-1189
-20739
-1892
-30050
8465
-12036
8701
13894
-9902
-3190
-4683
-28625
-6702
16953
10131
-17882
17040
9868
15067
2962
10417
15105
3853
12323
10804
-5630
-14842
-11501
-11223
-14839
-12588
24433
-23909
-6224
-10525
-2163
3682
-25913
-23210
-11745
16759
18818
-11583
-13025
-9594
-9177
-14374
-22689
-17211
16669
-17833
-24576
-8980
-2227
-1403
5945
-16790
-3106
25100
-15556
-10410
3987
20675
8306
8971
4022
7373
20228
3301
4256
-8566
-11494
30039
14324
-25415
-6093
287
17039
-8186
11217
-22
1205
4487
-7541
4250
10930
-3629
-21970
25240
-3537
12724
-23256
-24171
-27423
-27127
16265
-5419
9691
610
-6333
17700
-1526
1746
10934
-1710
17272
13754
11383
-17597
-2420
9001
-6242
8740
2527
8008
-11496
-17905
-700
-10511
9245
10593
966
16326
673
-2900
-12468
1142
19898
24968
17200
18371
7391
7826
10789
-234
-11943
-13334
4819
4953
4563
-4559
4274
7978
9050
13284
12858
8150
22724
19855
2928
4216
5627
1277
2996
23953
23602
-14756
-6374
-9645
-9964
1206
-4821
18265
23261
31202
23285
-3398
4321
18035
16449
25591
4010
24840
9418
13604
11149
5258
15755
-1408
6982
14928
4171
9667
-19119
11028
15086
14406
9092
15252
825
-6164
-12093
7296
-3738
20524
-10189
-17950
23739
7036
12115
-8931
18562
9705
17516
833
-17196
-13558
-8744
10920
881
-31240
-19192
19282
28771
2547
8936
-3714
15901
-19886
27343
28753
-18952
11525
-8949
5994
2001
13848
-2957
1678
31597
-11075
21761
22909
-12455
22673
23473
19612
-3376
14550
16924
-16884
5338
4610
-9622
-29211
-4719
-14052
-5830
13897
-13361
-2951
-6367
3216
-2079
-737
5590
7663
25568
-2413
8220
18700
7836
5050
-3946
14753
22650
11665
-1225
8558
-20680
-3548
-20787
-3264
-21677
-21636
12910
12904
15003
15548
10944
-2592
24679
17169
-25183
14486
18218
22682
22667
19408
-9696
8890
16107
11175
-19886
-10288
-23203
-20844
-14659
-13501
-7260
-16673
-11637
-5764
-21724
17989
22840
-703
3598
5786
-23216
-4866
1344
-21226
24066
27002
-683
9781
-1883
-753
-4949
9316
10069
11631
13302
-13820
-32312
-436
-1639
-12526
-6202
6950
8799
-13966
-16082
-9163
-12198
16813
10253
21742
17858
29361
19135
-22275
-14271
-15499
4629
-7337
770
-28139
-20613
3088
16192
-8258
-15583
-12775
15344
22828
29817
-13829
25520
14993
14685
25544
23073
-586
-9973
-15066
7130
6410
3287
25767
-12425
12364
-10221
4800
19775
22774
-271
-11472
6957
1471
5919
3400
4907
8186
8222
13072
-15259
2319
-5149
24620
-12660
21238
19178
-3995
-3430
-9055
-24656
20812
-24751
-16836
9589
8498
-24843
-24735
1372
27393
20529
-8496
6081
-9213
-5950
16832
-10063
26214
-10176
24082
31002
8669
25757
7989
19388
-17924
953
-15696
-6443
-7052
-3517
6614
-4310
-4709
-10365
-4292
29972
23230
25404
18200
-4403
7909
-6785
-4223
-11909
1142
12993
-7872
-17117
-15807
-12394
-16200
1345
-3486
-4374
-18408
12039
10217
-648
926
-2532
-2451
434
24231
-9167
8634
-998
28102
17559
-12524
-5702
13856
6064
3425
-22266
-91
29083
16388
15340
18504
13890
-5125
17173
-5233
-684
28453
16269
9387
13868
-1113
25948
22597
2624
-2509
1266
-1261
16432
12622
10639
19730
-3693
2148
13098
5282
-1183
-13789
-3809
5337
-2839
9773
-8120
76
-12934
-14595
-20167
11042
-22537
8783
17289
-31291
8637
-1696
-950
-5212
8889
8727
-15826
2781
17083
22659
1705
10610
19563
-6643
25168
11011
-360
16957
2587
574
-3065
2662
-20084
22101
25664
22090
17905
17160
15405
-17189
1646
6762
15684
-2985
6031
-7350
-1845
-451
5064
24117
12657
-12818
14653
-1952
-1896
-9385
-7458
-3488
3161
-10413
-8119
22863
-7108
-18734
16147
12313
19554
11155
1034
18758
7880
2816
16604
-281
-16482
6849
1740
21191
6635
-497
-31320
-5894
-10076
8641
-24261
7269
14307
-3938
3994
2121
3007
6250
-8924
-501
-3808
-24345
-25108
31315
2852
7352
966
-550
31662
-3831
31196
-5527
-5846
-22632
-16037
-15688
6181
3251
18963
17838
15491
-3594
736
8537
732
-17867
13652
30435
2625
2200
18461
10081
17499
19683
18603
13692
29142
-15232
-9890
16894
-9526
8614
3365
-9777
2829
-10366
14195
-14297
-58
-10694
3685
-11206
8555
13986
-3853
-6708
27890
-20830
-10838
-12172
6556
-5131
22403
23204
22853
1295
19437
-6579
18994
-5405
-18107
-3217
19128
-5369
9620
13972
-17851
-22217
-17415
-8672
11288
-21808
14855
-6612
3188
-11162
18040
-9266
-8178
23457
5380
-14818
14106
-26450
-7326
10551
15101
-206
17129
-8994
-955
-3836
4378
4112
11598
-316
18816
30852
31362
4399
21930
9583
30077
24549
24655
4170
-18652
-18204
23801
-2019
-11243
-16562
-8499
-22878
-16650
-18136
-5751
-8373
-22249
26868
7919
-6409
26088
6400
-652
-555
-3575
-21685
-6413
8512
-4373
11786
14367
8699
-6022
3665
5835
-12929
149
17451
12886
-2081
-22376
19867
16516
-21646
19873
15961
-27742
-24320
25611
25382
-20140
22723
5556
1697
19104
-2445
12333
21348
11929
18843
19236
4834
14559
25530
17784
-1382
20749
4685
-5675
23130
-5280
2298
11453
17187
24786
15318
22867
16643
5787
19704
-1348
-941
14652
-5367
-7391
3548
20740
9520
23715
8412
29122
19139
-4239
-12869
-3714
-18574
12581
-24782
29346
-9585
-22413
-12081
-7413
29908
28867
-20112
25705
21462
19867
28471
21607
235
197
-1858
-604
-10897
-6330
-21486
-15847
-20533
30877
-28310
11153
1513
28328
8206
-7343
21218
7693
-12550
27410
-12526
9999
21674
6900
23306
-28323
-25972
240
-6487
14213
5041
-22495
-11125
-5432
-4232
-18664
-6485
4101
-2443
-19531
-15246
-8971
-19342
-571
-6995
10926
-2312
-9129
-13315
-11822
25768
-931
-18725
27269
-1062
5667
5713
26682
-716
11306
11681
-11028
22225
-14431
6518
-5734
-822
-21259
3314
6371
-12563
19537
-16168
-14905
-24230
-7272
-27101
-2485
-1093
20338
6632
17006
22460
22136
-8062
-14223
16177
16003
-935
14537
6970
16928
-29092
-10981
5669
9407
6557
-11575
-7647
-9057
1705
13676
18461
12027
15880
14750
-24644
-28064
18274
11659
5632
4905
-13225
-11493
-21949
-9632
31909
-3505
-29852
-5846
-1069
-20160
-20540
-24611
-2285
-21785
-23520
-21126
4779
26733
-12889
7668
-9062
-3192
2161
21872
-22357
-11835
-32084
27053
-8143
14286
10670
-21845
-9601
-25990
11051
-1003
-2314
-2475
-6457
15295
3535
23637
-13471
-10238
-24597
30617
31023
24419
22957
-19517
12310
20263
-19749
29251
-13060
-11106
-27687
13681
10838
14993
6766
9745
-23241
-21888
-29198
12590
14594
4858
-24384
11755
3564
8018
8061
1542
8009
15319
2534
9662
6243
14296
-18134
28683
-11645
30215
-27122
23011
11712
4819
-28145
526
-14741
-4184
-4344
-27738
-305
-1670
25467
6726
4241
17433
6150
8867
16628
4100
-13045
5299
-16618
-635
-5062
3517
9415
1984
-7466
22631
-18997
-1369
21071
19777
-2227
-18201
-5532
-27308
208
-8814
-24900
-21612
6087
-22681
26427
31248
-370
-20345
29906
-3460
-2768
-16134
-9450
6972
173
12322
11330
-20756
-16082
442
8346
-20898
-21940
-1246
-7493
-11082
-6141
-2248
-16211
28160
-25295
-19893
30550
-19235
-15807
-17960
-6003
-18832
-3189
-29534
10982
-9035
-22252
-21574
10611
15335
22772
10478
-20478
-16733
-20461
4099
10737
26059
25952
14944
11826
10691
8925
16109
25335
6045
-10719
9469
-7720
-8058
8407
9529
8324
26735
-7497
10183
6268
17527
295
16145
-22668
-20945
31295
3458
-4078
-2496
192
20475
23913
13475
26712
26582
18362
28016
1235
-27253
-13655
-19589
20404
-15269
-9831
13827
8207
12565
7278
27662
14014
7302
13504
24772
12580
4826
-7859
14103
6796
10906
10634
-27377
-15748
12214
-8768
6986
12961
6197
2826
27809
-4002
-4076
-13130
-10625
12192
4712
-144
8445
17220
5314
18946
18964
11518
-15006
26630
-7935
-23049
-10518
3936
-12146
2420
9731
18217
5111
3387
7601
-24719
17142
22924
-828
-21489
17110
12013
9516
7500
30996
-19362
14847
-2629
-25001
-127
-12270
11165
-6586
-9185
-6281
17253
18997
15782
20836
-25440
13225
13605
11384
-13273
-6163
-24434
-7901
-20985
-7229
-19285
-14162
-21942
-4898
-2073
-3035
4148
2831
-13021
24570
24932
782
-1177
2449
132
23689
27379
12903
24723
18216
19111
16720
24666
32017
15611
2886
8283
11206
13242
3068
3284
742
4474
-5466
13686
5629
-3352
-10894
-4860
-8353
24685
-2817
4019
-8548
-4740
-13832
-6067
28712
-23698
-5598
-7779
-17314
-4587
-6826
18542
-15671
25848
-9555
-7533
-8681
-10878
1512
-13353
-12865
26788
3514
-11860
-20116
17430
-4736
-4290
-7330
-9380
-13357
9556
-28290
19973
4493
20172
17213
19191
-27378
13816
16991
18665
-26062
18332
18934
19289
2654
-5525
24607
