-25157
5964
2716
14127
-24286
2545
522
173
284
-4
236
-725
1670
1701
2092
230
12771
2002
1463
896
1878
-96
328
1914
811
-1117
-724
-1006
957
262
2176
336
-816
130
407
434
-1144
1218
1533
213
2604
-1183
2491
2517
-1121
857
-2097
498
-6526
-7105
-2935
3101
-1653
11447
4793
7048
14966
11322
235
7183
56
7077
-3649
8504
19192
-17511
-1141
-5056
-2046
4045
6860
1516
-8495
-4494
-2990
-16138
-15965
22645
-12797
-8655
9041
-5798
13540
20633
15463
2175
-12967
-16127
-9430
-8409
-12285
24094
-11943
20270
9268
18633
30833
-21579
16965
16569
26689
21282
13214
-3808
30977
26900
-12038
-8245
-7157
-11354
-25732
-23245
-23896
-18501
-30497
12505
9659
11215
-15531
-13811
25181
25231
15848
29638
15503
8704
20574
16339
8507
10471
10326
17965
8961
20556
10651
12171
-1427
-3682
-4268
3859
16797
10797
7339
19590
-25061
7400
5076
21901
19640
-677
17279
-5561
-5313
4911
-17340
21659
21381
18629
15356
10581
13816
-10943
-12429
-7038
-3794
-6881
16084
18853
26112
12407
-15203
-15207
-20483
-12549
-5547
-13302
22077
15090
20121
3950
13136
-15626
4288
5368
-4544
-4503
7854
7188
-17623
-3175
-2029
-3175
-19804
-12615
14995
-19073
-12513
11776
-967
-4068
25194
-15756
11870
2010
6324
-6673
7828
-10299
-5177
-10342
-634
24878
7572
-15912
-8533
25890
-504
8359
4949
-25473
-10609
-17175
-15783
-29163
-29437
25079
24142
-9527
-13593
-13731
26389
25953
-2915
7546
-2290
24970
-24271
-15298
-13303
-11722
-1070
7088
14159
19006
-11031
2656
9633
10593
3085
-488
8213
-12834
-11715
17360
24035
-6033
9784
26239
-16590
-7869
-13112
10307
14798
-26526
9737
9938
18577
12263
11934
17145
24875
28766
16053
4097
12615
19806
19466
26922
26747
1809
6551
21999
962
29866
2493
28420
131
3604
16131
2799
-371
-20902
-6021
4340
7298
-2989
-7854
-9185
-87
1917
1809
2291
-7901
-20295
9239
3525
9352
6673
15977
9958
16739
-15911
4726
13919
27759
-18370
3765
27028
67
-16058
4239
1996
-14122
-27390
-17102
-5702
-16043
25879
3157
1905
6282
18896
10064
25916
5524
-20842
-12557
-16190
-8988
15050
-20655
9725
21402
18466
20063
-10176
13062
-16229
-5887
-22036
16792
-22671
-1157
12193
13534
9275
3291
-8658
9209
3150
8846
23227
8063
12539
-11421
29205
26052
10360
6360
5868
2184
8891
8553
-2087
3368
30189
16210
8103
-23877
-2089
-6555
-232
19030
-15752
-23159
1915
-17408
-17298
-567
-15553
-20229
-337
1646
31358
-30034
12026
989
21703
17580
-12306
-4017
-10028
-9247
17071
-20728
21535
-2112
-20491
-14998
28672
19160
-11124
16944
27731
-16443
-19973
1825
-2003
6836
24528
8469
-115
-6194
-6949
5687
-1817
19192
-4543
-22524
28116
-5099
-6068
10891
-5908
-5177
6222
-7978
-5728
17593
16125
8598
3182
3051
588
-8477
18056
20630
-18027
-12592
3778
-6024
-2197
3157
-5425
28318
14173
-25636
-5413
-7029
2129
-12432
13904
-6181
-454
5287
13266
9676
3941
-9865
-13112
-4042
7536
4109
14331
-13202
12498
9363
-17547
-16693
-16952
-16628
1015
14873
8875
20089
21652
-1087
13067
15929
27927
18788
4736
11832
-6522
-13367
3876
-26832
3797
6522
5844
3923
10294
-25197
13609
12887
5418
-20293
-9510
-23136
-19315
-24646
-26548
-27473
-21885
-18294
21526
645
27722
-3195
8469
1390
-11807
-26539
16380
-26107
9773
6786
-10359
-2979
-7753
-31307
-19469
-3084
-2760
13558
-21034
13408
2692
-22531
11102
-559
-22421
9141
23190
22828
731
4293
-3399
2973
373
7703
2913
-24373
28907
-5869
9130
-21834
4424
10566
-14101
-21676
24365
-21137
-5303
-22745
8854
-21840
23643
22307
-14983
-12260
-11769
-15111
-13127
-24378
-13659
-15936
-22397
-22793
15817
21305
2987
7608
-5587
-13113
-30051
-10765
-26743
-5467
-22753
-398
-26163
6516
-3708
-4000
28904
-3359
-15102
28305
-15134
1480
-14402
-8237
-14612
2935
-18849
957
-1799
8485
-16540
-16244
-220
-9711
-17672
19896
12871
30824
-1497
9403
-11877
12709
-12739
12453
22518
20553
-4982
-5327
-3464
-5621
-8071
13905
5271
1337
19834
-8789
14724
10292
23604
18654
28050
21179
19178
-23841
17802
-18143
-25932
-22701
-8967
-3803
-22915
20531
-553
20519
-7261
22023
9821
-3663
4188
13375
10048
18132
16634
-5700
-17944
-21606
9221
9573
-8233
-6864
14508
-11423
21881
7325
17122
-4343
-12481
-3621
17213
19865
-7828
9596
-20243
-12207
-17099
-9946
-19442
-15251
15963
14205
-19876
-11532
-5301
-7720
-636
12764
8053
17388
-7656
11186
-1480
-12597
-10110
21978
21686
-10601
22577
-2076
24198
7800
26528
-6663
-8372
17742
8272
14015
4120
6620
3111
28929
23884
16414
13825
26128
11226
2630
970
7419
-18113
-10987
-9874
7298
15961
-3923
-12289
-11052
-16175
-13929
31287
7971
20088
16817
1014
-15243
4508
684
5086
23819
655
-846
-21494
-8341
21443
9651
-6956
14506
3458
8716
3432
-24549
-24469
-22860
-23089
3852
478
-5797
-8407
13850
-26124
-12065
8306
-9725
-23563
-28109
-19507
-15658
-3730
5777
-9419
11928
23719
-25885
10080
-24248
-11541
10180
-21839
-19055
-16254
-12630
5268
-4426
-11781
1021
-2914
3047
-13516
-13623
-9313
9284
-12619
-13992
32257
23533
16016
6787
-31632
3313
-26277
9178
5429
12022
7165
10927
7777
-4417
18848
15263
-5251
-30855
20095
-15882
-15555
-24779
-5480
12845
-7568
-30303
-3927
-18499
-18729
-2076
21103
5536
-6804
-6910
-8845
8601
-7401
-18988
-17015
-19141
-13012
-13045
-11322
-18397
-3020
17622
26752
12766
3595
11595
-7396
18874
-23868
-19584
15618
-12889
-3993
-8577
5856
8047
2106
-3442
6863
9483
-30772
-5170
3758
-6990
20035
22800
10057
-13309
7154
28435
9748
-9765
24649
3776
-5785
-4309
-11092
20831
-27517
-6738
1365
-820
2484
-8423
-3086
-10821
26338
26486
22348
27412
-11328
25930
23395
-11026
-7124
23687
24008
19968
10702
-27598
-8475
24971
10666
-27922
475
28822
13558
7562
-27907
-15205
29797
7334
6907
-14450
11483
-20099
30246
-25100
-12747
-5984
-9440
19879
25261
24869
8114
18105
21525
10043
-9868
1903
29284
8289
6657
-18932
-17283
11377
-24970
-8139
-13568
28401
2879
9211
18311
-3703
-9692
-20945
11085
8859
14093
29899
22784
8054
10010
10713
8026
6742
10620
9106
12784
-9371
-6519
8948
10493
-2013
-24429
26429
-21962
24307
-5507
21608
8822
7712
1327
8903
11463
5774
648
18972
-12520
-7244
-13608
17616
-1139
3544
-2126
-504
-8464
-3481
-10406
-22639
-11109
8332
-15127
14189
5592
23032
-12146
27185
610
-247
-9093
5553
-12752
-19692
-11585
-13246
-14133
-15745
-4410
18350
17280
16862
1945
15614
4528
-4729
-21181
20372
22224
18529
23945
-10506
-7201
19161
1777
-14230
10702
-1838
30805
-2540
21706
-3106
5374
5772
-16039
-22483
-24348
-5182
24991
-18974
8729
802
-2739
5559
14327
21224
6400
12286
6314
2926
5763
22129
4732
-16153
-13657
13098
21195
18804
19908
-683
8612
12409
49
25072
6869
-271
6332
5467
21212
-25258
-829
21254
-19528
19158
20253
2366
21645
5795
21414
24375
-32259
-5237
25430
-14942
5669
-15321
-6320
22562
-25887
2270
-7709
14732
10892
-1524
-1545
17594
19068
16350
14650
-15419
-8459
29547
6259
