2 7
3 8
4 8
5 5
6 5
7 15
8 16
9 16
10 16
11 17
12 11
13 17
14 11
15 14
16 10
17 14
18 18
19 21
20 22
21 26
22 26
23 33
24 33
25 29
26 29
27 29
28 28
29 23
30 13
31 13
32 24
33 24
34 24
35 25
36 25
37 19
38 19
3 8
4 5
5 5
6 15
7 15
8 16
9 16
10 17
11 16
12 17
13 11
14 14
15 11
16 14
17 14
18 18
19 21
20 22
21 26
22 33
23 33
24 29
25 29
26 29
27 28
28 28
29 23
30 13
31 24
32 24
33 24
34 25
35 25
36 19
37 19
4 5
5 15
6 15
7 16
8 16
9 17
10 16
11 17
12 16
13 14
14 11
15 14
16 14
17 18
18 18
19 21
20 22
21 26
22 33
23 29
24 29
25 29
26 28
27 28
28 23
29 23
30 23
31 24
32 24
33 25
34 25
35 19
36 19
5 15
6 16
7 16
8 17
9 16
10 17
11 16
12 16
13 14
14 14
15 14
16 18
17 18
18 21
19 21
20 22
21 26
22 29
23 29
24 29
25 28
26 28
27 23
28 23
29 23
30 24
31 24
32 25
33 25
34 19
35 19
6 16
7 17
8 16
9 17
10 16
11 16
12 14
13 14
14 14
15 18
16 18
17 21
18 21
19 22
20 22
21 26
22 29
23 29
24 28
25 28
26 23
27 23
28 23
29 24
30 24
31 25
32 25
33 19
34 19
7 16
8 17
9 16
10 16
11 14
12 14
13 14
14 18
15 18
16 21
17 21
18 22
19 22
20 26
21 26
22 29
23 28
24 28
25 23
26 23
27 23
28 24
29 24
30 25
31 25
32 19
33 19
8 16
9 16
10 14
11 14
12 14
13 18
14 18
15 21
16 21
17 22
18 22
19 26
20 26
21 29
22 28
23 28
24 23
25 23
26 23
27 24
28 24
29 25
30 25
31 19
32 19
9 14
10 14
11 14
12 18
13 18
14 21
15 21
16 22
17 22
18 26
19 26
20 29
21 28
22 28
23 23
24 23
25 23
26 24
27 24
28 25
29 25
30 19
31 19
10 14
11 18
12 18
13 21
14 21
15 22
16 22
17 26
18 26
19 29
20 28
21 28
22 23
23 23
24 23
25 24
26 24
27 25
28 25
29 19
30 19
11 18
12 21
13 21
14 22
15 22
16 26
17 26
18 29
19 28
20 28
21 23
22 23
23 23
24 24
25 24
26 25
27 25
28 19
29 19
12 21
13 22
14 22
15 26
16 26
17 29
18 28
19 28
20 23
21 23
22 23
23 24
24 24
25 25
26 25
27 19
28 19
13 22
14 26
15 26
16 29
17 28
18 28
19 23
20 23
21 23
22 24
23 24
24 25
25 25
26 19
27 19
14 26
15 29
16 28
17 28
18 23
19 23
20 23
21 24
22 24
23 25
24 25
25 19
26 19
15 28
16 28
17 23
18 23
19 23
20 24
21 24
22 25
23 25
24 19
25 19
16 23
17 23
18 23
19 24
20 24
21 25
22 25
23 19
24 19
17 23
18 24
19 24
20 25
21 25
22 19
23 19
18 24
19 25
20 25
21 19
22 19
19 25
20 19
21 19
20 19
19
