input aabbbb
	lcp 2 2 0 1
do 1 2 1 1 1
	lcp 3 3 0 0
	lcp 4 4 0 1
do 3 4 1 1 1
	lcp 5 5 0 2
do 4 5 1 1 1
	lcp 6 6 0 3
do 5 6 1 1 1
	lcp 2 3 1 0
	lcp 4 5 1 1
do 3 5 2 2 1
	lcp 2 4 1 0
	lcp 2 5 2 0
	lcp 2 6 2 0
1 1 0
2 0 1
3 2 0
4 1 1
5 1 1
6 0 2
3
input cccccc
	lcp 2 2 0 1
do 1 2 1 1 1
	lcp 3 3 0 2
do 2 3 1 1 1
	lcp 4 4 0 3
do 3 4 1 1 1
	lcp 5 5 0 4
do 4 5 1 1 1
	lcp 6 6 0 5
do 5 6 1 1 1
	lcp 2 3 1 1
do 1 3 2 2 1
	lcp 4 5 1 3
do 3 5 2 2 2
	lcp 2 4 1 1
do 1 4 3 3 1
	lcp 2 5 2 1
	lcp 2 6 2 1
1 3 0
2 2 1
3 2 1
4 1 2
5 1 2
6 0 3
5
input aabaabaabaa
	lcp 2 2 0 1
do 1 2 1 1 1
	lcp 3 9 2 0
	lcp 7 9 1 0
	lcp 4 6 1 1
do 4 5 1 1 1
	lcp 4 10 2 0
	lcp 8 10 1 0
	lcp 5 7 1 1
do 7 8 1 1 1
	lcp 5 11 2 0
	lcp 9 11 1 0
	lcp 6 8 1 1
do 10 11 1 1 1
	lcp 2 9 3 0
	lcp 4 9 2 0
	lcp 4 7 2 1
	lcp 8 11 2 0
	lcp 6 11 2 0
	lcp 2 6 2 1
do 1 4 3 3 1
	lcp 7 7 0 4
do 4 7 3 3 3
	lcp 8 8 0 7
do 7 10 3 2 3
	lcp 2 3 1 1
	lcp 4 11 3 0
	lcp 2 10 3 0
	lcp 6 10 2 0
	lcp 2 7 2 1
	lcp 2 4 1 1
	lcp 2 11 3 0
	lcp 2 8 2 1
	lcp 2 5 2 1
1 2 0
2 1 1
3 1 0
4 2 0
5 1 1
6 1 1
7 1 1
8 0 2
9 0 1
10 1 1
11 0 2
4
input bbaabaababaaba
	lcp 10 14 2 1
do 1 2 1 1 1
	lcp 9 14 2 0
	lcp 4 8 2 1
do 3 4 1 1 1
	lcp 4 12 3 0
	lcp 7 12 2 0
	lcp 2 6 2 1
do 6 7 1 1 1
	lcp 2 10 3 0
	lcp 5 10 2 0
	lcp 5 13 3 0
	lcp 8 13 2 0
	lcp 3 7 2 1
do 11 12 1 1 1
	lcp 3 11 3 0
	lcp 6 11 2 0
	lcp 9 9 0 0
	lcp 9 12 2 0
	lcp 2 12 3 0
	lcp 2 4 1 1
do 7 9 2 2 1
	lcp 5 7 1 3
do 9 11 2 1 2
	lcp 8 11 2 0
	lcp 4 9 2 0
	lcp 2 3 1 3
do 4 7 3 3 3
	lcp 2 13 3 0
	lcp 12 13 1 2
do 10 13 3 2 2
	lcp 10 12 1 1
	lcp 5 12 3 0
	lcp 5 11 2 0
	lcp 7 9 1 0
	lcp 7 7 0 3
do 6 11 5 4 3
	lcp 2 9 3 0
	lcp 2 11 3 0
	lcp 10 10 0 1
	lcp 5 9 2 0
	lcp 10 13 2 1
	lcp 8 9 1 0
	lcp 3 9 2 0
	lcp 10 11 1 1
	lcp 6 9 2 0
1 1 0
2 1 1
3 2 0
4 2 1
5 1 0
6 1 0
7 1 2
8 1 1
9 1 1
10 0 1
11 1 1
12 0 1
13 0 1
14 0 2
7
