1 0 0 0
1 1 6 1
1 2 5 1
1 3 11 2
1 4 4 1
1 5 10 2
1 6 9 2
1 7 15 3
2 0 0 0
2 1 1 1
2 2 2 1
2 3 3 2
2 4 3 1
2 5 4 2
2 6 5 2
2 7 6 3
3 0 0 0
3 1 7 1
3 2 8 1
3 3 15 2
3 4 9 1
3 5 16 2
3 6 17 2
3 7 24 3
dp 1 0 0 0 0 0 0
dp 1 0 0 1 1 0 0
dp 1 0 0 2 2 0 0
dp 1 0 0 3 3 0 0
dp 1 0 0 4 4 0 0
dp 1 0 0 5 5 0 0
dp 1 0 0 6 6 0 0
dp 1 0 0 7 7 0 0
	suc
dp 1 1 0 0 3 6 1
dp 1 1 0 1 3 6 1
dp 1 1 0 2 3 6 1
dp 1 1 0 3 3 6 1
dp 1 1 0 4 7 6 1
	suc
dp 1 1 0 5 7 6 1
	suc
dp 1 1 0 6 7 6 1
	suc
dp 1 1 0 7 7 6 1
	suc
dp 1 2 0 0 7 5 1
	suc
dp 1 2 0 1 7 5 1
	suc
dp 1 2 0 2 7 5 1
	suc
dp 1 2 0 3 7 5 1
	suc
dp 1 2 0 4 7 5 1
	suc
dp 1 2 0 5 7 5 1
	suc
dp 1 2 0 6 7 5 1
	suc
dp 1 2 0 7 7 5 1
	suc
dp 1 3 0 0 7 11 2
	suc
dp 1 3 0 1 7 11 2
	suc
dp 1 3 0 2 7 11 2
	suc
dp 1 3 0 3 7 11 2
	suc
dp 1 3 0 4 7 11 2
	suc
dp 1 3 0 5 7 11 2
	suc
dp 1 3 0 6 7 11 2
	suc
dp 1 3 0 7 7 11 2
	suc
dp 1 4 0 0 14 4 1
dp 1 4 0 1 15 4 1
	suc
dp 1 4 0 2 14 4 1
dp 1 4 0 3 15 4 1
	suc
dp 1 4 0 4 14 4 1
dp 1 4 0 5 15 4 1
	suc
dp 1 4 0 6 14 4 1
dp 1 4 0 7 15 4 1
	suc
dp 1 5 0 0 15 10 2
	suc
dp 1 5 0 1 15 10 2
	suc
dp 1 5 0 2 15 10 2
	suc
dp 1 5 0 3 15 10 2
	suc
dp 1 5 0 4 15 10 2
	suc
dp 1 5 0 5 15 10 2
	suc
dp 1 5 0 6 15 10 2
	suc
dp 1 5 0 7 15 10 2
	suc
dp 1 6 0 0 15 9 2
	suc
dp 1 6 0 1 15 9 2
	suc
dp 1 6 0 2 15 9 2
	suc
dp 1 6 0 3 15 9 2
	suc
dp 1 6 0 4 15 9 2
	suc
dp 1 6 0 5 15 9 2
	suc
dp 1 6 0 6 15 9 2
	suc
dp 1 6 0 7 15 9 2
	suc
dp 1 7 0 0 15 15 3
	suc
dp 1 7 0 1 15 15 3
	suc
dp 1 7 0 2 15 15 3
	suc
dp 1 7 0 3 15 15 3
	suc
dp 1 7 0 4 15 15 3
	suc
dp 1 7 0 5 15 15 3
	suc
dp 1 7 0 6 15 15 3
	suc
dp 1 7 0 7 15 15 3
	suc
dp 2 0 2 0 2 5 1
dp 2 0 2 1 3 5 1
dp 2 0 2 2 2 5 1
dp 2 0 2 3 3 5 1
dp 2 0 2 4 6 5 1
dp 2 0 2 5 7 5 1
	suc
dp 2 0 2 6 6 5 1
dp 2 0 2 7 7 5 1
	suc
dp 2 0 3 0 3 11 2
dp 2 0 3 1 3 11 2
dp 2 0 3 2 3 11 2
dp 2 0 3 3 3 11 2
dp 2 0 3 4 7 11 2
	suc
dp 2 0 3 5 7 11 2
dp 2 0 3 6 7 11 2
	suc
dp 2 0 3 7 7 11 2
dp 2 0 5 0 5 10 2
dp 2 0 5 1 5 10 2
dp 2 0 5 2 7 10 2
	suc
dp 2 0 5 3 7 10 2
	suc
dp 2 0 5 4 5 10 2
dp 2 0 5 5 5 10 2
dp 2 0 5 6 7 10 2
	suc
dp 2 0 5 7 7 10 2
dp 2 0 6 0 6 9 2
dp 2 0 6 1 7 9 2
	suc
dp 2 0 6 2 6 9 2
dp 2 0 6 3 7 9 2
	suc
dp 2 0 6 4 6 9 2
dp 2 0 6 5 7 9 2
dp 2 0 6 6 6 9 2
dp 2 0 6 7 7 9 2
dp 2 0 7 0 7 15 3
	suc
dp 2 0 7 1 7 15 3
dp 2 0 7 2 7 15 3
dp 2 0 7 3 7 15 3
dp 2 0 7 4 7 15 3
dp 2 0 7 5 7 15 3
dp 2 0 7 6 7 15 3
dp 2 0 7 7 7 15 3
dp 2 1 2 0 3 6 2
dp 2 1 2 1 3 6 2
dp 2 1 2 2 3 6 2
dp 2 1 2 3 3 6 2
dp 2 1 2 4 7 6 2
	suc
dp 2 1 2 5 7 6 2
	suc
dp 2 1 2 6 7 6 2
	suc
dp 2 1 2 7 7 6 2
	suc
dp 2 1 3 0 3 12 3
dp 2 1 3 1 3 12 3
dp 2 1 3 2 3 12 3
dp 2 1 3 3 3 12 3
dp 2 1 3 4 7 12 3
dp 2 1 3 5 7 12 3
dp 2 1 3 6 7 12 3
dp 2 1 3 7 7 12 3
dp 2 1 4 0 7 5 2
	suc
dp 2 1 4 1 7 5 2
	suc
dp 2 1 4 2 7 5 2
	suc
dp 2 1 4 3 7 5 2
	suc
dp 2 1 4 4 7 5 2
	suc
dp 2 1 4 5 7 5 2
	suc
dp 2 1 4 6 7 5 2
	suc
dp 2 1 4 7 7 5 2
	suc
dp 2 1 5 0 7 11 3
dp 2 1 5 1 7 11 3
dp 2 1 5 2 7 11 3
dp 2 1 5 3 7 11 3
dp 2 1 5 4 7 11 3
dp 2 1 5 5 7 11 3
dp 2 1 5 6 7 11 3
dp 2 1 5 7 7 11 3
dp 2 1 6 0 7 10 3
dp 2 1 6 1 7 10 3
dp 2 1 6 2 7 10 3
dp 2 1 6 3 7 10 3
dp 2 1 6 4 7 10 3
dp 2 1 6 5 7 10 3
dp 2 1 6 6 7 10 3
dp 2 1 6 7 7 10 3
dp 2 1 7 0 7 16 4
dp 2 1 7 1 7 16 4
dp 2 1 7 2 7 16 4
dp 2 1 7 3 7 16 4
dp 2 1 7 4 7 16 4
dp 2 1 7 5 7 16 4
dp 2 1 7 6 7 16 4
dp 2 1 7 7 7 16 4
dp 2 2 2 0 7 7 2
	suc
dp 2 2 2 1 7 7 2
	suc
dp 2 2 2 2 7 7 2
	suc
dp 2 2 2 3 7 7 2
	suc
dp 2 2 2 4 7 7 2
	suc
dp 2 2 2 5 7 7 2
	suc
dp 2 2 2 6 7 7 2
	suc
dp 2 2 2 7 7 7 2
	suc
dp 2 2 3 0 7 13 3
dp 2 2 3 1 7 13 3
dp 2 2 3 2 7 13 3
dp 2 2 3 3 7 13 3
dp 2 2 3 4 7 13 3
dp 2 2 3 5 7 13 3
dp 2 2 3 6 7 13 3
dp 2 2 3 7 7 13 3
dp 2 2 5 0 7 12 3
dp 2 2 5 1 7 12 3
dp 2 2 5 2 7 12 3
dp 2 2 5 3 7 12 3
dp 2 2 5 4 7 12 3
dp 2 2 5 5 7 12 3
dp 2 2 5 6 7 12 3
dp 2 2 5 7 7 12 3
dp 2 2 6 0 7 11 3
dp 2 2 6 1 7 11 3
dp 2 2 6 2 7 11 3
dp 2 2 6 3 7 11 3
dp 2 2 6 4 7 11 3
dp 2 2 6 5 7 11 3
dp 2 2 6 6 7 11 3
dp 2 2 6 7 7 11 3
dp 2 2 7 0 7 17 4
dp 2 2 7 1 7 17 4
dp 2 2 7 2 7 17 4
dp 2 2 7 3 7 17 4
dp 2 2 7 4 7 17 4
dp 2 2 7 5 7 17 4
dp 2 2 7 6 7 17 4
dp 2 2 7 7 7 17 4
dp 2 3 2 0 7 8 3
	suc
dp 2 3 2 1 7 8 3
	suc
dp 2 3 2 2 7 8 3
	suc
dp 2 3 2 3 7 8 3
	suc
dp 2 3 2 4 7 8 3
	suc
dp 2 3 2 5 7 8 3
	suc
dp 2 3 2 6 7 8 3
	suc
dp 2 3 2 7 7 8 3
	suc
dp 2 3 3 0 7 14 4
dp 2 3 3 1 7 14 4
dp 2 3 3 2 7 14 4
dp 2 3 3 3 7 14 4
dp 2 3 3 4 7 14 4
dp 2 3 3 5 7 14 4
dp 2 3 3 6 7 14 4
dp 2 3 3 7 7 14 4
dp 2 3 4 0 7 7 3
	suc
dp 2 3 4 1 7 7 3
	suc
dp 2 3 4 2 7 7 3
	suc
dp 2 3 4 3 7 7 3
	suc
dp 2 3 4 4 7 7 3
	suc
dp 2 3 4 5 7 7 3
	suc
dp 2 3 4 6 7 7 3
	suc
dp 2 3 4 7 7 7 3
	suc
dp 2 3 5 0 7 13 4
dp 2 3 5 1 7 13 4
dp 2 3 5 2 7 13 4
dp 2 3 5 3 7 13 4
dp 2 3 5 4 7 13 4
dp 2 3 5 5 7 13 4
dp 2 3 5 6 7 13 4
dp 2 3 5 7 7 13 4
dp 2 3 6 0 7 12 4
dp 2 3 6 1 7 12 4
dp 2 3 6 2 7 12 4
dp 2 3 6 3 7 12 4
dp 2 3 6 4 7 12 4
dp 2 3 6 5 7 12 4
dp 2 3 6 6 7 12 4
dp 2 3 6 7 7 12 4
dp 2 3 7 0 7 18 5
dp 2 3 7 1 7 18 5
dp 2 3 7 2 7 18 5
dp 2 3 7 3 7 18 5
dp 2 3 7 4 7 18 5
dp 2 3 7 5 7 18 5
dp 2 3 7 6 7 18 5
dp 2 3 7 7 7 18 5
dp 2 4 1 0 15 9 2
	suc
dp 2 4 1 1 15 9 2
	suc
dp 2 4 1 2 15 9 2
	suc
dp 2 4 1 3 15 9 2
	suc
dp 2 4 1 4 15 9 2
	suc
dp 2 4 1 5 15 9 2
	suc
dp 2 4 1 6 15 9 2
	suc
dp 2 4 1 7 15 9 2
	suc
dp 2 4 2 0 14 8 2
dp 2 4 2 1 15 8 2
	suc
dp 2 4 2 2 14 8 2
dp 2 4 2 3 15 8 2
	suc
dp 2 4 2 4 14 8 2
dp 2 4 2 5 15 8 2
	suc
dp 2 4 2 6 14 8 2
dp 2 4 2 7 15 8 2
	suc
dp 2 4 3 0 15 14 3
dp 2 4 3 1 15 14 3
dp 2 4 3 2 15 14 3
dp 2 4 3 3 15 14 3
dp 2 4 3 4 15 14 3
dp 2 4 3 5 15 14 3
dp 2 4 3 6 15 14 3
dp 2 4 3 7 15 14 3
dp 2 4 5 0 15 13 3
dp 2 4 5 1 15 13 3
dp 2 4 5 2 15 13 3
dp 2 4 5 3 15 13 3
dp 2 4 5 4 15 13 3
dp 2 4 5 5 15 13 3
dp 2 4 5 6 15 13 3
dp 2 4 5 7 15 13 3
dp 2 4 6 0 14 12 3
dp 2 4 6 1 15 12 3
dp 2 4 6 2 14 12 3
dp 2 4 6 3 15 12 3
dp 2 4 6 4 14 12 3
dp 2 4 6 5 15 12 3
dp 2 4 6 6 14 12 3
dp 2 4 6 7 15 12 3
dp 2 4 7 0 15 18 4
dp 2 4 7 1 15 18 4
dp 2 4 7 2 15 18 4
dp 2 4 7 3 15 18 4
dp 2 4 7 4 15 18 4
dp 2 4 7 5 15 18 4
dp 2 4 7 6 15 18 4
dp 2 4 7 7 15 18 4
dp 2 5 1 0 15 10 3
	suc
dp 2 5 1 1 15 10 3
	suc
dp 2 5 1 2 15 10 3
	suc
dp 2 5 1 3 15 10 3
	suc
dp 2 5 1 4 15 10 3
	suc
dp 2 5 1 5 15 10 3
	suc
dp 2 5 1 6 15 10 3
	suc
dp 2 5 1 7 15 10 3
	suc
dp 2 5 2 0 15 9 3
	suc
dp 2 5 2 1 15 9 3
	suc
dp 2 5 2 2 15 9 3
	suc
dp 2 5 2 3 15 9 3
	suc
dp 2 5 2 4 15 9 3
	suc
dp 2 5 2 5 15 9 3
	suc
dp 2 5 2 6 15 9 3
	suc
dp 2 5 2 7 15 9 3
	suc
dp 2 5 3 0 15 15 4
dp 2 5 3 1 15 15 4
dp 2 5 3 2 15 15 4
dp 2 5 3 3 15 15 4
dp 2 5 3 4 15 15 4
dp 2 5 3 5 15 15 4
dp 2 5 3 6 15 15 4
dp 2 5 3 7 15 15 4
dp 2 5 4 0 15 8 3
	suc
dp 2 5 4 1 15 8 3
	suc
dp 2 5 4 2 15 8 3
	suc
dp 2 5 4 3 15 8 3
	suc
dp 2 5 4 4 15 8 3
	suc
dp 2 5 4 5 15 8 3
	suc
dp 2 5 4 6 15 8 3
	suc
dp 2 5 4 7 15 8 3
	suc
dp 2 5 5 0 15 14 4
dp 2 5 5 1 15 14 4
dp 2 5 5 2 15 14 4
dp 2 5 5 3 15 14 4
dp 2 5 5 4 15 14 4
dp 2 5 5 5 15 14 4
dp 2 5 5 6 15 14 4
dp 2 5 5 7 15 14 4
dp 2 5 6 0 15 13 4
dp 2 5 6 1 15 13 4
dp 2 5 6 2 15 13 4
dp 2 5 6 3 15 13 4
dp 2 5 6 4 15 13 4
dp 2 5 6 5 15 13 4
dp 2 5 6 6 15 13 4
dp 2 5 6 7 15 13 4
dp 2 5 7 0 15 19 5
dp 2 5 7 1 15 19 5
dp 2 5 7 2 15 19 5
dp 2 5 7 3 15 19 5
dp 2 5 7 4 15 19 5
dp 2 5 7 5 15 19 5
dp 2 5 7 6 15 19 5
dp 2 5 7 7 15 19 5
dp 2 6 1 0 15 11 3
	suc
dp 2 6 1 1 15 11 3
	suc
dp 2 6 1 2 15 11 3
	suc
dp 2 6 1 3 15 11 3
	suc
dp 2 6 1 4 15 11 3
	suc
dp 2 6 1 5 15 11 3
	suc
dp 2 6 1 6 15 11 3
	suc
dp 2 6 1 7 15 11 3
	suc
dp 2 6 2 0 15 10 3
	suc
dp 2 6 2 1 15 10 3
	suc
dp 2 6 2 2 15 10 3
	suc
dp 2 6 2 3 15 10 3
	suc
dp 2 6 2 4 15 10 3
	suc
dp 2 6 2 5 15 10 3
	suc
dp 2 6 2 6 15 10 3
	suc
dp 2 6 2 7 15 10 3
	suc
dp 2 6 3 0 15 16 4
dp 2 6 3 1 15 16 4
dp 2 6 3 2 15 16 4
dp 2 6 3 3 15 16 4
dp 2 6 3 4 15 16 4
dp 2 6 3 5 15 16 4
dp 2 6 3 6 15 16 4
dp 2 6 3 7 15 16 4
dp 2 6 5 0 15 15 4
dp 2 6 5 1 15 15 4
dp 2 6 5 2 15 15 4
dp 2 6 5 3 15 15 4
dp 2 6 5 4 15 15 4
dp 2 6 5 5 15 15 4
dp 2 6 5 6 15 15 4
dp 2 6 5 7 15 15 4
dp 2 6 6 0 15 14 4
dp 2 6 6 1 15 14 4
dp 2 6 6 2 15 14 4
dp 2 6 6 3 15 14 4
dp 2 6 6 4 15 14 4
dp 2 6 6 5 15 14 4
dp 2 6 6 6 15 14 4
dp 2 6 6 7 15 14 4
dp 2 6 7 0 15 20 5
dp 2 6 7 1 15 20 5
dp 2 6 7 2 15 20 5
dp 2 6 7 3 15 20 5
dp 2 6 7 4 15 20 5
dp 2 6 7 5 15 20 5
dp 2 6 7 6 15 20 5
dp 2 6 7 7 15 20 5
dp 2 7 0 0 15 6 3
	suc
dp 2 7 0 1 15 6 3
	suc
dp 2 7 0 2 15 6 3
	suc
dp 2 7 0 3 15 6 3
	suc
dp 2 7 0 4 15 6 3
	suc
dp 2 7 0 5 15 6 3
	suc
dp 2 7 0 6 15 6 3
	suc
dp 2 7 0 7 15 6 3
	suc
dp 2 7 1 0 15 12 4
dp 2 7 1 1 15 12 4
dp 2 7 1 2 15 12 4
dp 2 7 1 3 15 12 4
dp 2 7 1 4 15 12 4
dp 2 7 1 5 15 12 4
dp 2 7 1 6 15 12 4
dp 2 7 1 7 15 12 4
dp 2 7 2 0 15 11 4
dp 2 7 2 1 15 11 4
dp 2 7 2 2 15 11 4
dp 2 7 2 3 15 11 4
dp 2 7 2 4 15 11 4
dp 2 7 2 5 15 11 4
dp 2 7 2 6 15 11 4
dp 2 7 2 7 15 11 4
dp 2 7 3 0 15 17 5
dp 2 7 3 1 15 17 5
dp 2 7 3 2 15 17 5
dp 2 7 3 3 15 17 5
dp 2 7 3 4 15 17 5
dp 2 7 3 5 15 17 5
dp 2 7 3 6 15 17 5
dp 2 7 3 7 15 17 5
dp 2 7 4 0 15 10 4
dp 2 7 4 1 15 10 4
dp 2 7 4 2 15 10 4
dp 2 7 4 3 15 10 4
dp 2 7 4 4 15 10 4
dp 2 7 4 5 15 10 4
dp 2 7 4 6 15 10 4
dp 2 7 4 7 15 10 4
dp 2 7 5 0 15 16 5
dp 2 7 5 1 15 16 5
dp 2 7 5 2 15 16 5
dp 2 7 5 3 15 16 5
dp 2 7 5 4 15 16 5
dp 2 7 5 5 15 16 5
dp 2 7 5 6 15 16 5
dp 2 7 5 7 15 16 5
dp 2 7 6 0 15 15 5
dp 2 7 6 1 15 15 5
dp 2 7 6 2 15 15 5
dp 2 7 6 3 15 15 5
dp 2 7 6 4 15 15 5
dp 2 7 6 5 15 15 5
dp 2 7 6 6 15 15 5
dp 2 7 6 7 15 15 5
dp 2 7 7 0 15 21 6
dp 2 7 7 1 15 21 6
dp 2 7 7 2 15 21 6
dp 2 7 7 3 15 21 6
dp 2 7 7 4 15 21 6
dp 2 7 7 5 15 21 6
dp 2 7 7 6 15 21 6
dp 2 7 7 7 15 21 6
dp 3 0 0 0 0 15 3
dp 3 0 0 1 1 15 3
dp 3 0 0 2 2 15 3
dp 3 0 0 3 3 15 3
dp 3 0 0 4 4 15 3
dp 3 0 0 5 5 15 3
dp 3 0 0 6 6 15 3
dp 3 0 0 7 7 15 3
	suc
dp 3 0 1 0 1 5 2
dp 3 0 1 1 1 5 2
dp 3 0 1 2 3 5 2
dp 3 0 1 3 3 5 2
dp 3 0 1 4 5 5 2
dp 3 0 1 5 5 5 2
dp 3 0 1 6 7 5 2
	suc
dp 3 0 1 7 7 5 2
	suc
dp 3 0 2 0 2 7 2
dp 3 0 2 1 3 7 2
dp 3 0 2 2 2 7 2
dp 3 0 2 3 3 7 2
dp 3 0 2 4 6 7 2
dp 3 0 2 5 7 7 2
	suc
dp 3 0 2 6 6 7 2
dp 3 0 2 7 7 7 2
dp 3 0 3 0 3 7 3
dp 3 0 3 1 3 7 3
dp 3 0 3 2 3 7 3
dp 3 0 3 3 3 7 3
dp 3 0 3 4 7 7 3
	suc
dp 3 0 3 5 7 7 3
dp 3 0 3 6 7 7 3
dp 3 0 3 7 7 7 3
dp 3 0 4 0 4 9 2
dp 3 0 4 1 5 9 2
dp 3 0 4 2 6 9 2
dp 3 0 4 3 7 9 2
	suc
dp 3 0 4 4 4 9 2
dp 3 0 4 5 5 9 2
dp 3 0 4 6 6 9 2
dp 3 0 4 7 7 9 2
dp 3 0 5 0 5 8 3
dp 3 0 5 1 5 8 3
dp 3 0 5 2 7 8 3
	suc
dp 3 0 5 3 7 8 3
	suc
dp 3 0 5 4 5 8 3
dp 3 0 5 5 5 8 3
dp 3 0 5 6 7 8 3
dp 3 0 5 7 7 8 3
dp 3 0 6 0 6 10 3
dp 3 0 6 1 7 10 3
	suc
dp 3 0 6 2 6 10 3
dp 3 0 6 3 7 10 3
dp 3 0 6 4 6 10 3
dp 3 0 6 5 7 10 3
dp 3 0 6 6 6 10 3
dp 3 0 6 7 7 10 3
dp 3 0 7 0 7 6 3
	suc
dp 3 0 7 1 7 6 3
	suc
dp 3 0 7 2 7 6 3
	suc
dp 3 0 7 3 7 6 3
	suc
dp 3 0 7 4 7 6 3
	suc
dp 3 0 7 5 7 6 3
	suc
dp 3 0 7 6 7 6 3
dp 3 0 7 7 7 6 3
dp 3 1 0 0 3 16 3
dp 3 1 0 1 3 16 3
dp 3 1 0 2 3 16 3
dp 3 1 0 3 3 16 3
dp 3 1 0 4 7 16 3
	suc
dp 3 1 0 5 7 16 3
	suc
dp 3 1 0 6 7 16 3
	suc
dp 3 1 0 7 7 16 3
	suc
dp 3 1 1 0 3 12 3
dp 3 1 1 1 3 12 3
dp 3 1 1 2 3 12 3
dp 3 1 1 3 3 12 3
dp 3 1 1 4 7 12 3
	suc
dp 3 1 1 5 7 12 3
	suc
dp 3 1 1 6 7 12 3
	suc
dp 3 1 1 7 7 12 3
	suc
dp 3 1 2 0 3 14 3
dp 3 1 2 1 3 14 3
dp 3 1 2 2 3 14 3
dp 3 1 2 3 3 14 3
dp 3 1 2 4 7 14 3
dp 3 1 2 5 7 14 3
dp 3 1 2 6 7 14 3
dp 3 1 2 7 7 14 3
dp 3 1 3 0 3 14 4
dp 3 1 3 1 3 14 4
dp 3 1 3 2 3 14 4
dp 3 1 3 3 3 14 4
dp 3 1 3 4 7 14 4
dp 3 1 3 5 7 14 4
dp 3 1 3 6 7 14 4
dp 3 1 3 7 7 14 4
dp 3 1 4 0 7 15 3
	suc
dp 3 1 4 1 7 15 3
	suc
dp 3 1 4 2 7 15 3
	suc
dp 3 1 4 3 7 15 3
	suc
dp 3 1 4 4 7 15 3
dp 3 1 4 5 7 15 3
dp 3 1 4 6 7 15 3
dp 3 1 4 7 7 15 3
dp 3 1 5 0 7 15 4
dp 3 1 5 1 7 15 4
dp 3 1 5 2 7 15 4
dp 3 1 5 3 7 15 4
dp 3 1 5 4 7 15 4
dp 3 1 5 5 7 15 4
dp 3 1 5 6 7 15 4
dp 3 1 5 7 7 15 4
dp 3 1 6 0 7 17 4
dp 3 1 6 1 7 17 4
dp 3 1 6 2 7 17 4
dp 3 1 6 3 7 17 4
dp 3 1 6 4 7 17 4
dp 3 1 6 5 7 17 4
dp 3 1 6 6 7 17 4
dp 3 1 6 7 7 17 4
dp 3 1 7 0 7 13 4
	suc
dp 3 1 7 1 7 13 4
	suc
dp 3 1 7 2 7 13 4
	suc
dp 3 1 7 3 7 13 4
	suc
dp 3 1 7 4 7 13 4
dp 3 1 7 5 7 13 4
dp 3 1 7 6 7 13 4
dp 3 1 7 7 7 13 4
dp 3 2 0 0 7 18 3
	suc
dp 3 2 0 1 7 18 3
	suc
dp 3 2 0 2 7 18 3
	suc
dp 3 2 0 3 7 18 3
	suc
dp 3 2 0 4 7 18 3
	suc
dp 3 2 0 5 7 18 3
	suc
dp 3 2 0 6 7 18 3
	suc
dp 3 2 0 7 7 18 3
	suc
dp 3 2 1 0 7 13 3
	suc
dp 3 2 1 1 7 13 3
	suc
dp 3 2 1 2 7 13 3
	suc
dp 3 2 1 3 7 13 3
	suc
dp 3 2 1 4 7 13 3
	suc
dp 3 2 1 5 7 13 3
	suc
dp 3 2 1 6 7 13 3
	suc
dp 3 2 1 7 7 13 3
	suc
dp 3 2 2 0 7 15 3
dp 3 2 2 1 7 15 3
dp 3 2 2 2 7 15 3
dp 3 2 2 3 7 15 3
dp 3 2 2 4 7 15 3
dp 3 2 2 5 7 15 3
dp 3 2 2 6 7 15 3
dp 3 2 2 7 7 15 3
dp 3 2 3 0 7 15 4
dp 3 2 3 1 7 15 4
dp 3 2 3 2 7 15 4
dp 3 2 3 3 7 15 4
dp 3 2 3 4 7 15 4
dp 3 2 3 5 7 15 4
dp 3 2 3 6 7 15 4
dp 3 2 3 7 7 15 4
dp 3 2 4 0 7 17 3
dp 3 2 4 1 7 17 3
dp 3 2 4 2 7 17 3
dp 3 2 4 3 7 17 3
dp 3 2 4 4 7 17 3
dp 3 2 4 5 7 17 3
dp 3 2 4 6 7 17 3
dp 3 2 4 7 7 17 3
dp 3 2 5 0 7 16 4
dp 3 2 5 1 7 16 4
dp 3 2 5 2 7 16 4
dp 3 2 5 3 7 16 4
dp 3 2 5 4 7 16 4
dp 3 2 5 5 7 16 4
dp 3 2 5 6 7 16 4
dp 3 2 5 7 7 16 4
dp 3 2 6 0 7 18 4
dp 3 2 6 1 7 18 4
dp 3 2 6 2 7 18 4
dp 3 2 6 3 7 18 4
dp 3 2 6 4 7 18 4
dp 3 2 6 5 7 18 4
dp 3 2 6 6 7 18 4
dp 3 2 6 7 7 18 4
dp 3 2 7 0 7 14 4
dp 3 2 7 1 7 14 4
dp 3 2 7 2 7 14 4
dp 3 2 7 3 7 14 4
dp 3 2 7 4 7 14 4
dp 3 2 7 5 7 14 4
dp 3 2 7 6 7 14 4
dp 3 2 7 7 7 14 4
dp 3 3 0 0 7 24 4
	suc
dp 3 3 0 1 7 24 4
	suc
dp 3 3 0 2 7 24 4
	suc
dp 3 3 0 3 7 24 4
	suc
dp 3 3 0 4 7 24 4
	suc
dp 3 3 0 5 7 24 4
	suc
dp 3 3 0 6 7 24 4
	suc
dp 3 3 0 7 7 24 4
	suc
dp 3 3 1 0 7 20 4
	suc
dp 3 3 1 1 7 20 4
	suc
dp 3 3 1 2 7 20 4
	suc
dp 3 3 1 3 7 20 4
	suc
dp 3 3 1 4 7 20 4
	suc
dp 3 3 1 5 7 20 4
	suc
dp 3 3 1 6 7 20 4
	suc
dp 3 3 1 7 7 20 4
	suc
dp 3 3 2 0 7 22 4
dp 3 3 2 1 7 22 4
dp 3 3 2 2 7 22 4
dp 3 3 2 3 7 22 4
dp 3 3 2 4 7 22 4
dp 3 3 2 5 7 22 4
dp 3 3 2 6 7 22 4
dp 3 3 2 7 7 22 4
dp 3 3 3 0 7 22 5
dp 3 3 3 1 7 22 5
dp 3 3 3 2 7 22 5
dp 3 3 3 3 7 22 5
dp 3 3 3 4 7 22 5
dp 3 3 3 5 7 22 5
dp 3 3 3 6 7 22 5
dp 3 3 3 7 7 22 5
dp 3 3 4 0 7 23 4
dp 3 3 4 1 7 23 4
dp 3 3 4 2 7 23 4
dp 3 3 4 3 7 23 4
dp 3 3 4 4 7 23 4
dp 3 3 4 5 7 23 4
dp 3 3 4 6 7 23 4
dp 3 3 4 7 7 23 4
dp 3 3 5 0 7 23 5
dp 3 3 5 1 7 23 5
dp 3 3 5 2 7 23 5
dp 3 3 5 3 7 23 5
dp 3 3 5 4 7 23 5
dp 3 3 5 5 7 23 5
dp 3 3 5 6 7 23 5
dp 3 3 5 7 7 23 5
dp 3 3 6 0 7 25 5
dp 3 3 6 1 7 25 5
dp 3 3 6 2 7 25 5
dp 3 3 6 3 7 25 5
dp 3 3 6 4 7 25 5
dp 3 3 6 5 7 25 5
dp 3 3 6 6 7 25 5
dp 3 3 6 7 7 25 5
dp 3 3 7 0 7 21 5
dp 3 3 7 1 7 21 5
dp 3 3 7 2 7 21 5
dp 3 3 7 3 7 21 5
dp 3 3 7 4 7 21 5
dp 3 3 7 5 7 21 5
dp 3 3 7 6 7 21 5
dp 3 3 7 7 7 21 5
dp 3 4 0 0 14 20 3
dp 3 4 0 1 15 20 3
	suc
dp 3 4 0 2 14 20 3
dp 3 4 0 3 15 20 3
	suc
dp 3 4 0 4 14 20 3
dp 3 4 0 5 15 20 3
	suc
dp 3 4 0 6 14 20 3
dp 3 4 0 7 15 20 3
	suc
dp 3 4 1 0 15 14 3
	suc
dp 3 4 1 1 15 14 3
	suc
dp 3 4 1 2 15 14 3
	suc
dp 3 4 1 3 15 14 3
	suc
dp 3 4 1 4 15 14 3
	suc
dp 3 4 1 5 15 14 3
	suc
dp 3 4 1 6 15 14 3
	suc
dp 3 4 1 7 15 14 3
	suc
dp 3 4 2 0 14 16 3
dp 3 4 2 1 15 16 3
dp 3 4 2 2 14 16 3
dp 3 4 2 3 15 16 3
dp 3 4 2 4 14 16 3
dp 3 4 2 5 15 16 3
dp 3 4 2 6 14 16 3
dp 3 4 2 7 15 16 3
dp 3 4 3 0 15 16 4
dp 3 4 3 1 15 16 4
dp 3 4 3 2 15 16 4
dp 3 4 3 3 15 16 4
dp 3 4 3 4 15 16 4
dp 3 4 3 5 15 16 4
dp 3 4 3 6 15 16 4
dp 3 4 3 7 15 16 4
dp 3 4 4 0 14 18 3
dp 3 4 4 1 15 18 3
dp 3 4 4 2 14 18 3
dp 3 4 4 3 15 18 3
dp 3 4 4 4 14 18 3
dp 3 4 4 5 15 18 3
dp 3 4 4 6 14 18 3
dp 3 4 4 7 15 18 3
dp 3 4 5 0 15 17 4
dp 3 4 5 1 15 17 4
dp 3 4 5 2 15 17 4
dp 3 4 5 3 15 17 4
dp 3 4 5 4 15 17 4
dp 3 4 5 5 15 17 4
dp 3 4 5 6 15 17 4
dp 3 4 5 7 15 17 4
dp 3 4 6 0 14 19 4
dp 3 4 6 1 15 19 4
dp 3 4 6 2 14 19 4
dp 3 4 6 3 15 19 4
dp 3 4 6 4 14 19 4
dp 3 4 6 5 15 19 4
dp 3 4 6 6 14 19 4
dp 3 4 6 7 15 19 4
dp 3 4 7 0 15 15 4
dp 3 4 7 1 15 15 4
dp 3 4 7 2 15 15 4
dp 3 4 7 3 15 15 4
dp 3 4 7 4 15 15 4
dp 3 4 7 5 15 15 4
dp 3 4 7 6 15 15 4
dp 3 4 7 7 15 15 4
dp 3 5 0 0 15 21 3
	suc
dp 3 5 0 1 15 21 3
	suc
dp 3 5 0 2 15 21 3
	suc
dp 3 5 0 3 15 21 3
	suc
dp 3 5 0 4 15 21 3
	suc
dp 3 5 0 5 15 21 3
	suc
dp 3 5 0 6 15 21 3
	suc
dp 3 5 0 7 15 21 3
	suc
dp 3 5 1 0 15 21 4
dp 3 5 1 1 15 21 4
dp 3 5 1 2 15 21 4
dp 3 5 1 3 15 21 4
dp 3 5 1 4 15 21 4
dp 3 5 1 5 15 21 4
dp 3 5 1 6 15 21 4
dp 3 5 1 7 15 21 4
dp 3 5 2 0 15 23 4
dp 3 5 2 1 15 23 4
dp 3 5 2 2 15 23 4
dp 3 5 2 3 15 23 4
dp 3 5 2 4 15 23 4
dp 3 5 2 5 15 23 4
dp 3 5 2 6 15 23 4
dp 3 5 2 7 15 23 4
dp 3 5 3 0 15 23 5
dp 3 5 3 1 15 23 5
dp 3 5 3 2 15 23 5
dp 3 5 3 3 15 23 5
dp 3 5 3 4 15 23 5
dp 3 5 3 5 15 23 5
dp 3 5 3 6 15 23 5
dp 3 5 3 7 15 23 5
dp 3 5 4 0 15 24 4
dp 3 5 4 1 15 24 4
dp 3 5 4 2 15 24 4
dp 3 5 4 3 15 24 4
dp 3 5 4 4 15 24 4
dp 3 5 4 5 15 24 4
dp 3 5 4 6 15 24 4
dp 3 5 4 7 15 24 4
dp 3 5 5 0 15 24 5
dp 3 5 5 1 15 24 5
dp 3 5 5 2 15 24 5
dp 3 5 5 3 15 24 5
dp 3 5 5 4 15 24 5
dp 3 5 5 5 15 24 5
dp 3 5 5 6 15 24 5
dp 3 5 5 7 15 24 5
dp 3 5 6 0 15 26 5
dp 3 5 6 1 15 26 5
dp 3 5 6 2 15 26 5
dp 3 5 6 3 15 26 5
dp 3 5 6 4 15 26 5
dp 3 5 6 5 15 26 5
dp 3 5 6 6 15 26 5
dp 3 5 6 7 15 26 5
dp 3 5 7 0 15 22 5
dp 3 5 7 1 15 22 5
dp 3 5 7 2 15 22 5
dp 3 5 7 3 15 22 5
dp 3 5 7 4 15 22 5
dp 3 5 7 5 15 22 5
dp 3 5 7 6 15 22 5
dp 3 5 7 7 15 22 5
dp 3 6 0 0 15 27 4
	suc
dp 3 6 0 1 15 27 4
	suc
dp 3 6 0 2 15 27 4
	suc
dp 3 6 0 3 15 27 4
	suc
dp 3 6 0 4 15 27 4
	suc
dp 3 6 0 5 15 27 4
	suc
dp 3 6 0 6 15 27 4
	suc
dp 3 6 0 7 15 27 4
	suc
dp 3 6 1 0 15 22 4
	suc
dp 3 6 1 1 15 22 4
	suc
dp 3 6 1 2 15 22 4
	suc
dp 3 6 1 3 15 22 4
	suc
dp 3 6 1 4 15 22 4
	suc
dp 3 6 1 5 15 22 4
	suc
dp 3 6 1 6 15 22 4
	suc
dp 3 6 1 7 15 22 4
	suc
dp 3 6 2 0 15 24 4
dp 3 6 2 1 15 24 4
dp 3 6 2 2 15 24 4
dp 3 6 2 3 15 24 4
dp 3 6 2 4 15 24 4
dp 3 6 2 5 15 24 4
dp 3 6 2 6 15 24 4
dp 3 6 2 7 15 24 4
dp 3 6 3 0 15 24 5
dp 3 6 3 1 15 24 5
dp 3 6 3 2 15 24 5
dp 3 6 3 3 15 24 5
dp 3 6 3 4 15 24 5
dp 3 6 3 5 15 24 5
dp 3 6 3 6 15 24 5
dp 3 6 3 7 15 24 5
dp 3 6 4 0 15 26 4
dp 3 6 4 1 15 26 4
dp 3 6 4 2 15 26 4
dp 3 6 4 3 15 26 4
dp 3 6 4 4 15 26 4
dp 3 6 4 5 15 26 4
dp 3 6 4 6 15 26 4
dp 3 6 4 7 15 26 4
dp 3 6 5 0 15 25 5
dp 3 6 5 1 15 25 5
dp 3 6 5 2 15 25 5
dp 3 6 5 3 15 25 5
dp 3 6 5 4 15 25 5
dp 3 6 5 5 15 25 5
dp 3 6 5 6 15 25 5
dp 3 6 5 7 15 25 5
dp 3 6 6 0 15 27 5
dp 3 6 6 1 15 27 5
dp 3 6 6 2 15 27 5
dp 3 6 6 3 15 27 5
dp 3 6 6 4 15 27 5
dp 3 6 6 5 15 27 5
dp 3 6 6 6 15 27 5
dp 3 6 6 7 15 27 5
dp 3 6 7 0 15 23 5
dp 3 6 7 1 15 23 5
dp 3 6 7 2 15 23 5
dp 3 6 7 3 15 23 5
dp 3 6 7 4 15 23 5
dp 3 6 7 5 15 23 5
dp 3 6 7 6 15 23 5
dp 3 6 7 7 15 23 5
dp 3 7 0 0 15 29 4
	suc
dp 3 7 0 1 15 29 4
	suc
dp 3 7 0 2 15 29 4
	suc
dp 3 7 0 3 15 29 4
	suc
dp 3 7 0 4 15 29 4
	suc
dp 3 7 0 5 15 29 4
	suc
dp 3 7 0 6 15 29 4
	suc
dp 3 7 0 7 15 29 4
	suc
dp 3 7 1 0 15 29 5
dp 3 7 1 1 15 29 5
dp 3 7 1 2 15 29 5
dp 3 7 1 3 15 29 5
dp 3 7 1 4 15 29 5
dp 3 7 1 5 15 29 5
dp 3 7 1 6 15 29 5
dp 3 7 1 7 15 29 5
dp 3 7 2 0 15 31 5
dp 3 7 2 1 15 31 5
dp 3 7 2 2 15 31 5
dp 3 7 2 3 15 31 5
dp 3 7 2 4 15 31 5
dp 3 7 2 5 15 31 5
dp 3 7 2 6 15 31 5
dp 3 7 2 7 15 31 5
dp 3 7 3 0 15 31 6
dp 3 7 3 1 15 31 6
dp 3 7 3 2 15 31 6
dp 3 7 3 3 15 31 6
dp 3 7 3 4 15 31 6
dp 3 7 3 5 15 31 6
dp 3 7 3 6 15 31 6
dp 3 7 3 7 15 31 6
dp 3 7 4 0 15 32 5
dp 3 7 4 1 15 32 5
dp 3 7 4 2 15 32 5
dp 3 7 4 3 15 32 5
dp 3 7 4 4 15 32 5
dp 3 7 4 5 15 32 5
dp 3 7 4 6 15 32 5
dp 3 7 4 7 15 32 5
dp 3 7 5 0 15 32 6
dp 3 7 5 1 15 32 6
dp 3 7 5 2 15 32 6
dp 3 7 5 3 15 32 6
dp 3 7 5 4 15 32 6
dp 3 7 5 5 15 32 6
dp 3 7 5 6 15 32 6
dp 3 7 5 7 15 32 6
dp 3 7 6 0 15 34 6
dp 3 7 6 1 15 34 6
dp 3 7 6 2 15 34 6
dp 3 7 6 3 15 34 6
dp 3 7 6 4 15 34 6
dp 3 7 6 5 15 34 6
dp 3 7 6 6 15 34 6
dp 3 7 6 7 15 34 6
dp 3 7 7 0 15 30 6
dp 3 7 7 1 15 30 6
dp 3 7 7 2 15 30 6
dp 3 7 7 3 15 30 6
dp 3 7 7 4 15 30 6
dp 3 7 7 5 15 30 6
dp 3 7 7 6 15 30 6
dp 3 7 7 7 15 30 6
check ans 0 6 3
check ans 1 13 4
check ans 2 13 3
check ans 3 20 4
check ans 4 14 3
check ans 5 21 3
check ans 6 22 4
check ans 7 29 4
3 6
