7
8
15
8
29
47
6
19
9
191
40
30
1
10
109
150
2
109
35
26
57
12
55
119
32
61
62
15
1
23
44
51
21
34
22
46
76
30
19
72
71
68
1
45
39
23
42
115
106
15
7
28
22
38
14
102
1
3
55
130
35
8
61
40
39
196
4
7
134
13
148
71
29
10
90
44
10
43
138
57
102
6
75
18
33
151
2
75
80
61
8
13
18
19
14
42
26
142
91
60
10
2
90
158
10
1
89
31
13
50
155
6
2
15
113
7
3
45
65
13
13
189
112
107
136
4
53
95
112
104
24
96
91
47
43
36
33
50
23
46
23
42
103
53
19
218
78
17
111
33
22
5
32
6
44
30
22
46
83
10
112
71
56
3
97
29
47
141
54
8
15
41
76
116
41
206
26
31
21
198
3
22
24
8
252
8
142
102
94
86
17
272
1
1
30
7
10
32
58
64
93
40
97
30
111
8
90
125
125
21
50
79
114
15
8
47
18
51
134
4
18
19
107
42
49
40
119
21
2
10
51
253
102
175
78
81
39
80
50
22
46
46
40
125
72
19
35
80
13
91
5
3
162
76
49
40
78
5
2
28
26
12
24
11
1
66
180
281
123
80
74
229
13
37
123
234
183
18
32
110
19
96
46
77
4
3
70
25
26
15
69
4
10
36
132
201
14
24
60
6
78
96
71
167
56
13
42
22
76
67
14
38
119
22
4
181
42
142
125
23
5
133
72
24
39
1
92
141
50
29
27
33
38
15
7
8
92
22
18
50
5
43
37
51
6
97
33
41
41
3
33
14
76
57
4
2
209
2
45
36
97
3
77
101
185
30
2
19
30
15
87
118
53
24
144
5
36
46
65
3
129
6
110
84
78
141
49
41
18
98
110
24
41
42
39
186
24
74
2
121
173
147
30
169
134
58
48
28
21
86
55
20
102
5
35
125
54
98
143
2
42
26
10
7
34
6
152
42
1
44
2
23
232
161
144
9
46
88
51
1
68
15
5
3
6
149
33
18
103
38
9
84
6
41
26
22
152
72
88
67
15
81
29
22
29
27
67
18
267
27
40
8
161
14
13
17
64
2
74
2
15
5
6
24
27
29
92
9
36
237
107
39
21
248
22
14
90
35
45
88
118
5
0
13
113
33
11
121
171
133
69
69
67
47
41
80
192
21
44
94
52
29
64
116
10
42
2
45
65
109
80
43
1
4
87
10
27
76
7
47
15
14
38
187
8
12
1
62
15
21
54
100
189
18
85
53
91
115
8
11
1
5
28
34
141
189
63
12
50
150
73
4
155
38
219
16
8
10
65
49
32
29
23
23
62
233
47
46
64
92
3
67
103
138
31
1
75
7
40
103
14
65
14
8
6
32
87
47
20
15
59
44
280
106
181
48
8
50
25
3
