63082
24876
43615
49090
60460
59472
41884
52673
66041
31947
63241
12780
69869
66251
62651
76772
36589
70714
51266
36894
79214
63754
55296
28515
49570
30886
23531
25722
24402
50861
62321
44353
76903
56332
42933
36314
22903
19066
33671
52548
48394
65319
57788
31312
42255
37210
48783
56614
45983
82903
24051
55243
26840
68265
44662
40782
70544
41946
20349
56684
58305
41711
35604
49121
67096
33367
66171
28961
47858
67223
47389
49190
73438
70475
65509
65531
73115
50072
31588
39869
79581
44585
49314
57396
76359
66882
46652
80912
67769
56133
85440
45844
58031
74295
78665
57949
24548
54782
73359
44667
70187
34881
68987
47355
37198
43989
64254
82366
83641
46387
46521
52489
38151
40547
54988
54012
70969
62060
51834
74947
65520
46138
26416
67251
46759
34514
61871
31186
19436
49072
53031
25780
43021
62007
43558
48846
27956
29912
11671
73658
46101
55137
61902
47900
49090
74532
73822
55069
35822
56054
9650
55508
61271
35982
24220
40191
51706
64534
69184
52472
57387
66982
57498
57614
35039
73101
24629
29144
42513
45638
40882
42293
31715
25441
43862
47414
59510
58051
39612
62729
40037
64040
69075
54860
42765
25868
30686
34396
75911
42302
56690
39208
53062
38702
59686
73942
58265
49138
62027
42501
50435
24360
36535
45219
70542
44587
50470
41532
54297
12748
27774
51179
45409
64744
18987
70723
36249
51190
48072
55016
51974
42871
30195
43580
20204
47478
65287
39795
44943
56671
82062
39344
21463
40283
81831
23697
72082
19997
44577
59681
39803
23880
31058
65343
31841
63382
68846
31697
30589
29696
42439
54628
26358
20918
77554
49106
54448
62508
38467
61717
81405
19470
51001
71583
9260
69985
47135
49131
23270
72241
43645
73548
29590
59898
21460
43164
64959
32388
24301
56333
29458
69313
57661
70063
58617
60630
29698
45563
85309
47800
78375
86326
86397
52005
42447
34615
61824
37069
62805
67065
65342
46819
55622
30985
36139
42928
36442
62875
28190
64872
54218
54161
63801
66540
17109
43873
61519
54360
66205
67012
20228
16289
73300
54272
31340
15041
64319
63088
58714
23363
51373
70930
44087
56735
38541
32740
31940
64387
40985
61462
44749
53303
37921
57539
33903
59167
29620
78433
55037
54132
67332
14383
66073
34382
66195
68036
55692
68603
50830
51664
33163
45893
74517
71803
55335
30262
77933
55240
35163
37938
33013
28717
22692
24525
32308
63914
22680
54085
42410
57701
55704
52202
54203
40787
67591
88686
36534
59811
59690
27139
71174
87300
74632
81837
47666
81094
36865
21520
70091
41260
33083
37170
78022
60158
35106
80531
58282
46483
39727
38175
43057
45183
14271
49734
72708
53769
57245
28829
13765
36206
46298
42845
58898
39461
56397
61373
39878
61086
17282
64460
52467
54330
53197
16249
49473
50051
73772
24271
20972
41528
15514
64421
48824
82964
41794
53030
62458
32131
35834
54502
41884
19548
79330
21378
22114
63638
73465
69331
45947
62014
66491
33378
32248
57963
34913
57797
41115
31911
43124
65463
40782
37989
55503
61088
41571
57110
63833
42528
48942
51174
85852
42615
61212
24453
20652
55363
46030
75220
46247
79510
54874
55654
68511
38827
52436
51831
28421
30442
69961
51678
14307
39138
26460
68965
43083
49181
50149
45616
66365
69326
38482
44682
42422
49734
46108
83753
32475
49614
34258
40439
33448
66952
37439
28613
61909
16180
84121
51533
62135
28200
17367
57154
69603
32302
45469
32570
68176
50654
37752
16836
38361
16860
9877
76776
41322
81242
37284
34031
47878
69211
82477
10820
40880
30202
27192
40532
80193
67376
11689
64584
66435
62444
39533
31955
48171
68792
62775
66855
50623
42594
55437
60756
23244
11399
48352
25257
64205
62256
48824
48068
34002
26791
39888
72167
35709
59938
28252
25332
71233
68543
58697
81682
86022
68901
52471
42331
57325
68367
62741
42639
67983
28170
53722
32989
27916
60957
45437
41231
28325
50074
57944
35524
34861
26196
24238
53138
48865
58996
21959
38272
54152
58341
38603
53982
54703
31176
46574
43030
24917
38830
70401
49755
48390
64376
32229
72159
77495
17305
35843
47696
46506
38176
36180
46674
48703
49628
40309
45581
41574
39934
33167
81853
41287
62684
57222
59970
19706
42495
48831
38630
32337
49165
39148
55576
77447
43293
56946
71912
32174
38073
66674
22751
47151
24051
62493
37634
62018
65220
53184
60505
25698
24978
29559
53535
63075
58849
56977
67192
31865
55525
52697
68453
66684
50216
71426
40700
88449
36169
46323
30532
28020
31632
67280
18342
57933
42500
61615
58088
42799
66766
51928
41769
19657
69693
68086
22630
46961
52486
35403
54511
14671
31363
32875
64733
47964
54915
53281
28354
32665
74209
53919
49532
47944
25592
31338
41656
57902
31571
58643
45577
73872
27270
29813
72246
57367
60940
70622
72136
74745
46016
57892
29579
60699
49983
51339
57347
74908
74586
63406
54890
56650
38584
67389
35289
49733
52881
42861
59355
69916
51989
52188
53387
33997
45065
53969
51243
62666
70286
16485
42469
37259
36603
67318
57922
41731
44977
35909
52990
23893
33115
37287
67311
37387
75663
46090
43918
61215
22594
48576
53060
40632
34902
46566
38208
58885
29489
49706
67369
52941
63214
22119
73690
56953
34303
68074
17710
39565
57731
48163
9863
46094
40221
42068
35796
50870
56309
47643
44338
80272
56045
57171
69462
45175
44733
41637
43238
24279
79747
36135
60169
59602
29252
24246
56408
53831
14172
37326
19145
24403
55859
16474
57760
51988
38804
54656
26611
55388
26777
51180
62257
72717
54183
55858
50796
66459
59889
35777
41018
50537
58793
56886
66242
37928
50688
33762
22067
58885
50337
83276
69297
29295
47476
64170
47921
52364
52987
70452
77443
17394
68264
26405
25424
45076
40924
53505
45366
24150
34108
64885
48515
38242
80252
39131
40648
38444
22914
39778
58363
49863
39233
19094
64468
65823
41517
65974
74280
29764
54997
57039
15808
48645
67297
63137
51008
33517
44978
72928
70294
46876
57995
83751
81866
17096
72925
22606
62176
64661
29566
56755
25503
66028
53126
59175
39156
52144
86038
19439
56780
42519
61941
45771
68059
28303
46229
59970
44845
54183
83005
56925
75119
24728
32324
68478
43950
44194
23026
52333
63981
59172
50494
44643
57519
42085
43090
50732
64406
50552
18878
64598
43100
11641
36721
47728
34271
47243
45181
46320
24397
67785
35299
58612
55729
13309
44263
50822
42761
28498
71733
22603
76883
46212
81970
64306
63073
58325
37418
53897
27107
25992
71214
64039
54184
37379
23628
39976
34293
38884
50580
30843
49660
77346
64943
52172
24695
69368
48519
41270
52804
63445
70518
57347
81708
33377
66453
54641
55563
39219
64245
43217
55280
55602
36501
82633
40424
74141
56809
60916
25237
50282
25994
21249
52474
48741
52598
27264
39437
60980
31435
30634
61379
54217
35773
62639
66186
39570
42949
19420
44455
24062
64638
49139
74961
62592
32166
25119
46378
48573
23668
57956
39307
50386
9211
55905
30640
56614
45194
43883
43392
43063
22746
50093
58183
22023
44988
41990
57482
61509
67578
61671
49465
31226
32587
59950
52088
68655
75263
38409
46784
72623
61196
48743
52299
55732
73579
76613
27862
75350
59807
52926
39671
41588
42317
63848
18262
34350
52809
72527
75207
42364
27770
37465
45963
54220
37653
43985
58070
52524
31346
63265
40602
57060
64969
50124
54264
45290
74717
46902
62733
63411
36367
36989
43419
53719
57321
52658
55920
67775
36943
40176
78386
36907
48395
69618
62036
72492
48099
72168
21753
69693
27309
45993
44566
71109
42937
36411
59676
52840
29209
60276
43834
50253
36687
35172
44710
43800
72131
52570
20463
41708
9839
33400
40126
54534
56088
57934
49303
48368
50945
41265
66323
26192
65681
49460
52166
22675
66426
52589
51806
53587
55440
67353
45492
73366
29595
26423
31824
26700
72518
61874
59820
51217
71654
57013
10774
47657
34576
22999
48615
62407
60201
46920
53792
51748
53602
9417
29449
63129
47205
20447
47341
32969
54670
53675
22530
41016
77846
46775
50896
40459
38239
64488
35922
41494
56459
51374
26355
26041
39696
52450
49562
46150
61230
72364
13272
32268
39093
54937
47796
45787
71056
59314
30299
67074
67995
55197
79753
68985
72622
63749
53097
80519
41318
31124
56042
26536
63510
62830
50083
52818
29580
56705
63209
34581
68697
31790
51101
61813
39081
40397
49168
36517
48199
77634
83836
19234
79416
23802
57937
70993
48115
59201
56154
44697
70627
67815
65326
48452
55243
70887
55547
45884
43208
46057
71042
38561
50551
51772
76377
67643
66078
63086
48917
70296
17234
30329
58216
24112
69631
41281
59412
63478
24781
55650
50691
61410
50072
29566
37013
30291
43680
61569
35000
60599
27675
41353
81227
73430
10152
50059
57047
36334
78808
66289
46080
44788
64995
57809
48967
45564
21538
52806
62515
71287
66775
46562
55176
50614
58746
41307
19504
15831
56293
27418
53114
42725
30949
54934
54142
79816
48345
25503
38239
27231
43512
51294
41877
34840
77620
88350
33921
37228
41382
49362
48069
55935
83032
39387
83425
29898
59675
35780
65576
11230
62680
64252
57896
51187
26534
61041
46866
38277
54683
36072
20798
74097
34905
47248
23201
48426
50489
59954
54687
36637
28573
62674
65686
53290
70454
32481
40064
60572
45546
82287
49226
32502
27854
35761
37297
44240
53692
50743
69246
53590
47814
82850
42275
49081
46527
46974
33635
55563
77624
55107
24259
33536
42205
75512
33246
57298
60442
31848
29856
43933
42543
65823
48891
65809
37239
64031
56869
22713
45596
66156
66870
60386
75340
43948
70514
46902
42311
45483
48820
37780
60862
55288
22849
47733
43232
65128
63331
28180
19887
42156
12348
30917
37613
50799
44285
85214
10223
51466
40322
39049
57851
40821
57444
32254
67649
38392
51982
44828
59937
50327
56835
29684
44811
19594
68532
29849
30949
19060
34959
43940
61901
61926
32978
42729
40885
81823
19387
51374
35701
24869
60255
22601
29557
30026
72946
46899
63279
37063
26613
73257
33390
64573
30319
54090
14109
14636
20399
50192
24260
18166
39373
20064
38223
73945
56355
46710
67963
42158
18588
62514
41608
55300
28331
73742
49490
67530
59592
54407
60837
27433
27118
48211
64130
72287
21236
77734
23868
78956
50136
75897
32482
16422
83817
53434
76800
46221
68070
53454
61512
34836
44241
40513
74672
39948
79579
65430
46055
80178
34174
63150
36550
41412
12466
29509
57616
20740
76847
35207
55062
34879
55509
21426
9367
23653
61930
44051
51913
36094
53936
67165
42767
58050
66191
18547
39032
51670
46813
27059
56972
16176
33373
26487
70082
44514
44782
46257
15065
68740
52210
46590
93958
64022
58416
40296
40227
36445
17903
58410
57589
42780
64089
33065
47109
65003
44514
67717
77526
25552
46085
44041
68904
41751
34508
68812
84500
70698
42375
53173
77269
24458
16932
19627
56427
76249
28781
72158
42075
45904
61670
46349
44007
64251
49384
65499
48089
51658
25085
52563
23484
33401
44136
59768
51754
70246
69074
45955
13691
50780
64638
10260
35211
42026
26310
55890
62802
58235
74639
54172
85014
28277
65451
35110
73761
42809
57238
38105
45951
57763
30295
71213
50985
17206
63335
63932
52715
68821
52066
45735
63262
64184
59644
60648
58078
29388
53294
17931
76058
45383
51978
53308
56281
47406
43240
31881
11555
58295
54461
43471
42621
66153
68312
62726
36308
40380
56547
69394
71816
78779
17627
46201
84157
21273
40135
47624
44222
30274
32724
64645
50186
50598
37838
37851
63992
36631
19967
52389
67214
35761
27973
29255
57126
64442
71034
35094
57918
47579
17394
39638
21926
85597
57886
76536
36723
64175
59009
56112
69542
77264
34766
49492
32538
73374
32217
50969
58223
55716
50572
54318
50045
55260
43794
18180
22704
29629
77169
70781
30632
48554
77228
67327
45920
23472
14068
48144
22029
46243
51716
37455
60338
66364
48766
44228
22542
73412
85223
46079
56639
68679
39212
65534
54804
26106
54831
58567
24634
50959
21870
39781
72869
65819
34735
83625
33179
42174
50750
42199
32519
12330
54209
19493
26675
22137
28943
21847
61881
34161
77650
56856
61366
31442
70167
43638
77582
54075
58551
31018
20963
63615
60464
68216
23550
37800
13963
43792
36692
53242
55851
46451
55172
26355
43543
58409
35886
33496
28435
26600
47915
58942
61770
66910
59253
42252
52075
63632
76422
18781
33495
51908
64041
45100
75136
46992
30146
25950
52658
57747
43419
57913
25999
44020
55157
62910
52632
87072
54278
36750
43921
68187
59871
45238
44789
35835
25358
27498
55834
63398
42571
38017
18316
53118
10867
72263
36837
61345
58790
41661
48300
75480
46857
40798
49484
62329
58838
69844
29883
42981
48659
52873
41432
19720
38574
19740
83016
36831
44806
42357
22280
49259
29380
28058
75594
12705
69852
30169
52259
67115
36967
49253
41025
54510
51658
53327
35712
37278
32341
46395
64937
64379
40463
52508
44827
47503
59478
55028
39544
58284
40788
10851
65451
49644
51975
43477
13192
47686
72801
72500
78667
47547
43157
54469
57706
85605
21799
72033
43726
19841
55042
36934
42340
52954
32723
80176
36510
61991
78528
60259
52397
35602
64782
63805
41305
76405
89010
81142
29041
38077
11387
43318
36941
45945
26291
51630
42276
31592
63966
40345
67815
37277
46101
62005
75507
73118
54493
52154
61953
48640
40154
58268
37382
52974
49182
54802
50012
65129
52838
41200
28836
12269
38134
44372
36214
17186
48286
51789
47905
29615
27334
45957
51003
43783
34196
46847
42172
31168
70734
45783
75557
18863
60980
72997
51133
16055
60762
63466
56714
33196
33220
69284
60271
71235
55985
50141
66467
66527
48336
30285
43397
55972
70188
82834
48188
60387
38476
13035
38916
27948
43398
29888
58459
34981
56217
31901
46468
80996
26860
70817
79202
61478
46355
59129
54731
33559
54364
55109
41604
51258
26686
71104
48295
58812
66014
48617
58896
46222
34911
35830
70704
50415
23229
77580
41382
53825
46936
52313
37807
69678
61258
35596
52236
62679
46366
66466
63352
37081
82134
20524
19014
40703
82133
39542
84854
38169
39205
46563
43683
61213
44103
60522
19631
23986
74967
31002
49513
55581
42573
67107
73246
66115
40166
58204
44023
24595
23834
80652
60001
28414
48655
24047
74704
30052
48206
59295
74319
58465
56318
44924
69640
63512
60213
58925
50653
51254
69916
59724
70244
71923
31380
44906
24509
76205
37520
29723
41127
41820
57912
62383
36825
58690
68053
57684
44964
28809
61347
58178
47223
49949
37345
61453
27766
22872
65992
45084
34645
27500
23243
39984
40415
87339
54240
26028
26921
73368
35989
30474
84100
13901
31599
43464
20899
39278
64177
81437
45651
40980
42593
32109
76777
62237
36403
24274
50413
35889
64149
36611
36468
47625
32670
57324
72218
50112
34845
53633
36563
72155
49008
61893
38408
71110
41534
85670
58919
50719
40007
31849
41319
38880
53788
53180
39504
76298
54171
34925
37439
62066
32698
46276
44901
61484
57699
57459
66996
57409
53752
39650
23226
45911
52339
47105
50165
55976
25695
55071
34626
98104
68810
71092
44183
45966
48467
40936
55815
52096
36461
74718
54651
64855
63408
48190
71782
48626
46295
72916
53212
48603
74573
29001
39969
75674
54020
71158
52857
78569
30316
57852
29565
75917
50187
57640
55476
77506
43718
22607
46150
45273
64361
38812
61050
45985
61510
39304
19450
84124
57486
38314
66245
52091
32407
20455
42350
33286
26130
71352
37937
32268
67123
47620
19325
55236
67713
40384
69099
50809
60607
75600
47571
52713
51154
22445
30336
46376
59567
69166
57413
47049
70670
63567
54537
56493
15127
35726
71651
57394
17902
32557
48608
51951
39117
40839
62737
49454
32529
60328
47166
22344
81833
69415
31068
41866
54901
57337
42296
32254
58988
52635
47926
43811
37372
28546
62786
55097
33758
33809
77836
41993
30942
44437
54069
54245
58505
67361
76020
72619
47877
33537
54840
49346
57193
73789
36514
20111
61924
47237
59979
47824
52875
75249
24162
23755
77437
36770
38518
73831
34053
11624
16964
73155
46850
79030
37766
45628
56063
28708
50257
26148
22684
70937
82108
72053
36120
47119
24192
33733
78904
66701
48492
39957
58678
77639
54834
48200
40324
36680
17827
50587
28204
59853
49913
28842
48133
66291
60291
18247
18006
32944
30989
53265
59444
75308
49685
70208
67790
75809
17607
44760
36720
44301
52548
40343
57681
30842
61331
40695
26189
40300
49550
63636
20210
32471
28034
54434
78656
33976
45512
34838
15865
56574
43226
68671
61982
29705
48356
24619
60300
28265
50102
50799
46162
28431
23028
32649
69966
50486
83668
73415
76557
25262
27926
68779
36481
59557
22994
47881
51089
56585
66349
85968
45948
41413
50155
54517
42051
32673
44508
49808
57253
18028
45402
15507
85669
50958
56131
60907
37605
81389
48856
63742
48349
49049
58160
11420
66380
21719
36786
59299
56179
46512
35659
77585
43322
23107
54690
38374
49672
43335
40408
31078
25955
37261
55817
40117
49955
29748
30869
73726
23987
74853
64782
20667
24946
46767
36777
50442
30507
55741
50076
42100
74262
35943
29592
51261
38302
60636
36475
54557
25822
49528
16440
84278
62790
78920
48138
71911
56909
48665
57073
51684
19282
47603
52330
36704
10278
17763
38492
64125
34686
45921
58091
24815
46120
64555
58490
26504
43095
33446
23237
61577
28378
26986
71055
50090
38340
32039
81503
64400
62336
42886
44577
29275
13323
66176
45434
36075
57226
39228
21292
25071
39296
15378
21125
37503
29310
24630
63217
22518
27162
55490
34608
63040
62460
28148
80463
19416
45518
28381
38886
34424
47546
70373
55766
45125
60465
42937
59778
36061
54432
59427
45098
65779
68587
44269
45243
14905
21443
58005
83623
44160
32313
47628
39084
61811
41939
55184
57339
36319
67296
55298
61650
59302
34112
53624
75273
55086
65070
70435
43298
53276
28140
41464
42954
48988
36784
60949
81760
41221
57751
55019
59684
77870
19594
45553
33897
51654
44934
54962
13921
22759
39003
29080
62998
31391
23245
38324
59250
62506
63585
65072
67759
76112
82483
30168
41652
33634
41855
21681
64362
64486
30879
73112
72224
71699
46423
60822
35428
60687
54454
61314
46102
47432
32979
41540
49245
39601
38467
57211
44840
58811
84545
67354
43232
39203
64497
44912
45782
33343
14113
69782
52549
17937
70419
50905
46656
52085
24223
64582
56951
82693
52200
16342
29950
48947
38361
46050
32321
59474
60827
31972
49540
32777
33421
47145
29250
73846
22361
48397
24258
21995
58208
51307
34516
54349
47096
54537
42164
60713
47180
40134
13181
73080
30211
39756
50494
29669
39598
25596
45737
60767
51044
62508
17563
69589
79435
25045
66761
28415
83375
19410
30654
69062
63097
47591
59220
41610
37737
57360
46040
31074
37941
34048
48407
28198
44639
50544
31166
37134
63724
78545
47249
47638
26903
45180
43155
37346
75494
16545
25787
38815
64586
53537
64418
39559
73788
34444
41395
17500
40728
45375
45510
55081
41201
53197
21704
42787
50291
43939
59694
41793
69292
19396
50833
47523
28739
25363
22586
38506
51869
12996
39667
19054
72116
62131
63823
39071
58273
57344
62268
44387
54979
42951
49572
65197
65494
32545
65928
72281
38959
71624
56158
53083
59436
41404
64929
63953
44024
58662
41554
46218
42398
53477
57299
36412
48364
69421
31722
38893
71263
33622
46784
34815
18038
74602
51514
61533
46049
46537
64404
37296
60764
64157
39331
49616
44280
47666
82650
66786
45446
37080
78760
35308
58918
41804
32589
60963
39108
62173
52312
20871
36411
53332
58390
73039
45530
30981
14813
49980
33242
44970
58819
72163
52644
29568
38448
50664
58800
76870
31275
16259
11172
53667
23140
30208
41435
29654
76429
59360
23567
87301
36748
82020
40972
49393
30032
41373
55757
70075
22241
63463
80262
43552
45041
61976
44662
32057
76886
58306
74388
30754
56809
53978
75680
17708
29216
53369
19365
55997
31111
50755
76311
42979
68622
24473
58431
48528
42109
50760
64546
53895
51449
26922
15594
54445
64343
57159
51683
44751
59483
79345
75877
61172
20845
80657
52957
64407
54801
44569
33137
60442
72505
35388
22903
32568
44467
40027
66930
76261
63625
50333
73872
61600
71622
63390
57841
57858
59601
29164
17560
29987
60702
51857
70715
25744
36559
75337
41410
12411
83744
28338
26128
53064
75125
43179
29875
55127
40523
45465
68067
62971
39161
40642
13302
28593
34822
69979
54120
52576
53582
65586
37732
41129
44364
37092
69134
32551
39198
25129
26602
80336
40756
46094
25572
15029
49015
66104
59405
47477
39933
32931
20237
33610
45398
75555
61592
15617
48939
64174
31772
49988
52008
55620
27423
56763
49797
60735
61247
53342
82540
68712
51148
38670
83399
40641
26367
32228
53190
61749
54773
17570
55358
59448
61430
73451
69515
30436
55983
57457
73422
56332
38162
77057
65398
37900
59544
55978
53499
39593
71264
44500
70293
54405
40663
13570
73392
33597
49961
37548
46740
31795
55081
53093
70447
43360
52232
40491
19373
52606
42502
36292
66109
43298
21568
38445
95837
56618
56554
50934
72178
21722
50384
49661
44354
34351
29453
46937
16683
44504
36407
57796
61168
41922
38149
31729
59715
31054
61093
37048
23375
46962
24442
81272
72850
88448
58317
67513
68411
46643
72863
47764
55555
34845
38221
38737
68233
44315
20254
49466
49053
47974
34923
24235
61121
47183
98364
35236
47009
34648
56932
38509
45239
55832
46287
44591
79657
55125
42691
24997
38041
31757
73165
67929
46225
19385
31576
12783
55651
61458
67184
38355
33902
49257
46617
35164
52223
17856
50474
61817
39277
25943
35014
65961
49442
35354
55164
58191
33168
56539
57582
43870
61051
40947
42384
31951
61214
51202
65901
60267
68065
48316
66638
58806
42962
65168
78775
30928
58858
41878
41173
18902
46943
56640
83360
58949
47140
51175
57419
61267
43231
65887
53147
49361
64607
54020
37047
42024
51380
44534
54365
46812
47847
79877
79022
83941
49314
46047
37125
40388
64941
52917
29516
55604
52349
70719
60253
65981
53785
49366
39112
13518
54690
34080
63148
57040
65992
44431
70991
46944
60421
65698
61649
78241
62062
40254
53661
48940
32336
60233
54203
32551
70583
74773
27319
12656
50309
59775
37202
66355
31425
56722
35789
16218
30330
33670
26845
44365
78677
56231
33883
44447
57115
25257
66706
23904
80660
9845
22826
20761
45393
22841
39169
22225
32988
24349
55594
46599
82519
41414
63737
52171
48602
80336
57982
47224
27189
71933
76418
62088
44918
36001
70620
41041
44386
63213
29197
31570
57532
84552
16300
72997
71361
52253
14091
41802
56461
22490
68568
25780
38226
29352
71276
47532
33084
73907
24314
57008
35265
69691
27300
65026
72480
65817
69664
64346
69205
19525
55331
25543
21929
21877
51559
53313
49571
29154
71106
67895
63779
69898
35981
33113
64032
50045
61750
40974
21986
25827
40533
43727
49043
26516
58960
37031
28669
64348
35025
37618
61462
68693
59938
74479
39784
22695
50653
37258
72282
29280
25120
62369
48610
18921
25003
48526
78081
82009
33984
31109
20693
54491
34080
26577
39533
51686
60257
64192
71538
14211
28209
35937
60086
59017
15050
54651
55004
35054
67727
50056
47608
19786
22420
50953
43776
49939
69085
20029
38721
39270
58679
30443
56461
22839
21705
65846
46556
17435
39344
71718
23282
30705
56686
45598
19638
25783
43793
61841
26392
57342
53298
73145
44437
50168
41382
38138
26868
52218
44576
57188
28109
68654
51323
76795
77546
39364
80141
57996
53660
58918
70670
50435
17569
61772
49994
37103
57857
74407
69029
27589
73387
32905
37443
48973
31451
68993
49444
41062
57964
37653
72769
64242
64756
43197
64046
38897
26783
44428
71359
57017
63159
23629
26727
37090
34935
54090
47588
27182
64735
49327
35690
40843
77325
74283
13955
54637
55938
40950
54817
80778
55838
55250
49711
39213
58782
64092
77878
57140
27790
35483
35813
15843
26303
33521
42980
26699
55063
58463
55280
53007
38425
82253
42725
64095
37328
27325
58861
39828
66579
58666
42560
53980
64113
34330
49927
38379
46705
44184
32387
36043
52218
40531
57852
65694
32784
31047
38127
47354
39065
19872
45723
65961
35289
26090
15891
62974
45849
57106
50242
49025
50373
61571
27219
33350
73641
41491
36880
74591
20811
69041
29439
48311
53286
55391
79026
36620
50394
72341
20096
49817
33900
69724
67285
26813
48753
34688
76267
31474
36466
43457
43819
78841
37298
37321
66065
42861
47724
66655
74912
11506
71612
73653
39173
48563
61185
50194
43530
42764
34461
37461
38356
28620
28866
48907
38396
68694
31924
41448
38655
12064
31263
71429
46539
35647
45260
29295
20452
44952
47312
61307
66966
52679
35059
51566
40829
59727
19373
39928
33767
22286
30282
58234
67298
40216
57266
63523
63719
40391
35640
29156
61694
19944
41075
73453
32722
51700
62139
29922
71553
61616
54323
66301
36611
40044
67039
62926
42067
57886
83801
55547
70580
45874
56056
29572
50376
47675
38284
37599
56186
76002
60785
76901
32350
25835
74029
36002
36068
72472
58851
58054
52375
10988
71711
60566
37466
48576
55588
27445
38365
39735
66230
66410
40333
53496
54091
38868
50018
77425
48124
18357
65597
55509
55049
54716
52332
23546
75660
21543
42812
77521
45680
40431
47414
31625
79070
26824
78357
24589
82833
73338
48329
28044
53887
58779
66637
66921
16846
51658
57829
48460
56724
23837
78411
79901
70094
60715
27968
76603
44746
72633
27384
51764
62446
51086
40794
51800
45681
59974
52944
39541
25905
60500
23883
32402
81123
67579
40588
40750
75109
11521
76286
51411
17367
46170
81817
43790
39009
37547
35487
45122
50521
44238
42477
18037
33066
65142
36106
45585
85732
69066
52551
70269
51392
38712
40578
46366
49043
63738
64302
59084
53345
72968
51950
42714
59129
64252
15515
46092
61084
64301
77003
22073
44764
66435
33278
28964
20425
68594
44087
34587
70882
41583
42795
30573
72921
32940
25945
55965
48437
31708
43443
52774
32460
53904
37942
73979
59923
26307
50647
53075
56987
24072
82751
54379
52967
36207
77162
33478
39771
54804
42882
14086
42065
33018
38083
62340
42751
25316
67080
41165
68506
46024
53290
44432
66396
57889
50372
36518
54008
24934
66460
83261
80803
37992
63336
76793
49955
54615
41214
8958
40240
75239
42401
55714
53599
46466
82965
30150
77010
55376
37973
19433
62255
61679
15399
34390
60520
27290
66659
55351
65157
41104
42135
52280
12217
41726
21400
33189
82001
22021
28086
56523
38029
50576
25733
28699
51160
60965
63961
52147
18820
51969
17811
64204
34358
41185
35829
43627
76453
84301
38814
29546
53830
47759
16875
37082
59834
44452
58122
18592
59146
55034
30833
19224
59141
80824
60247
25513
55916
17227
51977
39285
52640
27479
34279
43005
56104
74921
46968
40070
12293
56304
81036
31872
69760
77082
61805
30319
73606
37555
36941
47583
26412
28486
71269
11469
70838
40414
30801
64461
28017
53251
56711
47489
51168
27755
54634
14607
33782
33482
60649
78055
13868
45738
52871
28976
25039
49549
40005
28729
49864
41763
44361
54431
46801
32319
35297
54925
45358
59415
58615
61023
64369
70615
51178
34138
65913
71869
25855
63225
45315
31035
10356
55849
19717
35710
20892
63810
42677
65399
41777
64226
31160
47221
82214
23977
54799
81154
24743
52639
52126
54166
49868
60648
57102
46945
69616
72665
61003
35296
51805
28582
37565
38307
67517
47267
17059
34682
45945
12622
44597
46104
71051
68231
39674
66079
30804
51732
60441
32637
71058
50413
59286
62974
57169
36728
63213
19264
66612
54262
44933
54443
39819
35133
57209
49666
21076
20770
34345
51365
38876
30348
63669
59973
53406
77527
41408
46779
70985
42953
30528
53537
58727
36053
45212
62354
73564
52977
19624
42026
54159
42002
29016
70248
55219
52234
76958
42426
20809
32147
35774
49597
42550
60126
56144
65044
59992
53322
61118
77196
51970
27579
68410
72617
44386
36041
61484
64731
40701
46990
36801
82126
29571
23395
69687
18169
68168
19089
61375
27979
27739
45904
70118
51757
58182
62241
26245
62510
54971
40250
58368
18277
12660
33098
54140
49734
52243
18665
61124
60250
22973
41244
42117
16321
31957
27507
24822
76653
45450
31656
21678
59460
35273
59492
38423
61853
37148
36394
71937
67088
28857
21439
32935
40848
66600
52093
49603
39530
66929
39651
48503
68033
22167
51430
56903
13713
29258
49299
40422
44010
57835
33624
78860
26469
27609
18783
52208
12332
70670
45147
85732
59684
45371
33861
64260
11929
59325
23848
58456
73723
78485
43340
66963
55107
53799
61788
63915
40542
83334
37327
25845
30726
50089
40697
41970
56754
73583
41915
23409
58418
61372
61376
55516
48644
69144
19760
56253
53190
25750
39148
49239
43178
55885
52338
68470
28822
37776
66015
36858
22631
35193
15829
65265
41325
37439
35778
39467
81633
30552
42750
39974
49885
40871
25563
20107
25515
47484
44285
34450
56786
38881
50887
36533
44726
31822
76502
49339
43518
22325
63423
67716
43531
8748
48494
15457
31659
27798
82375
36372
68650
57770
19380
36616
61268
35384
53362
32476
55755
43309
55689
21850
56820
38255
28212
57473
59731
71231
45595
72786
19421
41635
58284
36877
41343
55381
45672
22445
47707
54217
78435
41486
19418
61749
72761
62831
23386
33225
56582
81243
37555
39658
28424
41739
21501
32031
40343
35320
35456
58620
62284
36899
51271
38420
28661
22147
40719
45991
34506
70726
42919
44650
58826
65273
35360
73307
65055
37294
58463
65226
43157
71206
58728
40507
46155
53737
65026
28471
50119
60771
51262
57410
20826
66351
52617
69882
80294
40726
55457
33693
60620
26096
63912
12511
60482
57464
51147
49012
79147
20638
68837
52724
47925
61919
56802
13924
19464
40508
34812
21304
83000
48852
58993
52923
31936
60477
37235
58612
45862
46166
68853
48059
56918
50311
67722
45022
21543
23539
34844
20494
44943
19430
61507
36345
38088
49077
70500
74974
36935
25819
33672
53105
48539
41024
37423
78831
29233
58352
54218
34842
28067
43366
46380
53091
32005
45501
49017
35131
60836
45997
19223
63873
54478
36423
55737
44236
57205
61836
36827
44202
49838
66782
41330
59241
52535
27758
42238
69267
65150
67086
24430
46263
62576
14746
50258
55786
56483
39780
53744
43319
69859
46586
38134
25782
51005
37786
49418
62584
19038
55059
47553
57598
56335
68376
60115
29220
73626
36108
33661
50860
51980
49941
81809
36699
24020
52248
58967
60239
33950
51415
35787
47078
75228
33240
43615
71259
65886
80593
34228
49560
39152
58462
24997
36472
17580
26843
44808
47300
41467
47659
35737
53234
69942
32068
57385
35668
76261
44069
47166
47175
39245
44941
57316
60540
68742
44504
52171
61831
38332
33944
38045
79359
45797
52233
48900
37828
40456
43618
27275
27152
67951
70209
47626
46347
66287
47129
36763
39010
75171
45476
50929
21118
39951
63505
25003
64696
53341
58578
10643
53832
48182
17651
60934
49974
29318
60921
49742
51454
23521
41646
38583
55408
72945
71796
64685
22178
44343
61320
50728
37588
63663
44085
25830
61024
44036
35865
19390
48585
33756
62539
41412
55885
50220
70938
25353
51355
54533
45254
62254
74704
78967
83994
28086
34547
34783
52970
53480
39868
44917
63995
57313
81153
23248
64682
24067
58359
32002
59723
65550
65564
68762
74418
48854
36909
53574
52594
37365
39758
31329
38207
15449
96792
43482
55749
46182
38379
55601
35423
56863
37883
73073
49109
26374
68270
51221
61640
30629
72838
65378
54283
51356
57078
39038
40435
63878
29312
31060
60553
36420
57833
57124
43658
76352
78700
42198
49010
66029
47060
24724
59918
65804
63674
52206
75428
34999
50442
35240
74698
41884
71560
68077
35749
24838
28714
62194
53702
53040
44954
58921
63161
52950
59024
35561
83687
54884
34846
31707
75395
58903
37553
27947
46757
84622
36244
43813
44656
39697
60471
41272
45431
62684
51790
26022
55944
34293
23236
31153
62695
69585
79791
46028
57000
48731
58798
19080
56448
60338
59416
56642
56203
39268
57251
47679
26000
61349
50665
53376
52903
62968
36029
34379
52935
79157
29862
46779
39522
64289
39890
73088
68830
77196
42675
22855
64160
54676
28323
25296
35505
68159
67114
71456
48511
69837
53968
70996
40326
34944
46931
43120
26364
35440
49584
64780
38839
10019
38644
71397
57140
53862
15519
45875
39236
31634
31127
45177
37388
31882
62451
61998
17240
44911
63089
18387
33620
39811
56434
60527
18220
34056
38364
65222
64068
33402
35715
54360
38305
80387
34412
53814
79867
37313
47764
18546
53752
29911
64401
50688
58331
41408
37972
68734
26313
23292
19880
55729
56056
34361
60486
65783
26727
44058
77058
44183
56747
60986
68108
25854
10726
17768
48164
38884
45510
76263
38748
48139
58511
48148
53995
30950
50435
36401
41912
56994
41599
63282
68917
77156
40369
81873
49802
15281
35234
53740
60544
54645
69205
76497
35900
60760
58364
51578
56462
62214
38646
66401
33324
66530
38731
57640
82211
63542
40662
37253
55681
66703
47842
60037
60942
54907
26369
56355
41834
72242
9936
54807
85323
57481
36646
34247
75341
58921
70614
63788
55658
59761
35516
53768
29350
33216
40050
55860
55402
12009
41989
49861
48717
46102
20333
78491
26142
48455
30902
33246
41115
59842
52967
32921
51868
35795
38530
33812
49303
30237
47279
36905
55899
51293
31392
44681
49571
34797
67143
40866
34451
57290
53126
39272
53405
69294
45513
70753
42870
21745
45326
55582
39680
56837
14174
32817
41992
63058
61732
44657
75132
74183
68422
29533
36654
49955
72683
29337
42269
37157
14822
83268
15581
64763
17191
41118
62888
62066
57912
18229
18631
32926
45595
23743
46804
50884
43399
35617
43885
48009
22982
23479
50214
77670
50764
57619
30387
51112
47188
42002
72870
46117
14531
63702
37680
81540
42520
77900
36078
81170
39395
59889
31039
34240
61489
33212
56308
46203
19860
81221
66711
62736
59477
75554
41300
46134
75651
64801
48823
30501
44592
37332
42708
50893
87739
35070
45317
55980
65306
26314
25804
42397
55168
52216
43690
68962
72128
65838
53491
79688
39823
52372
55948
29781
44820
43554
81146
45037
72047
41544
21513
22385
43959
47236
44520
48881
57473
43559
25908
26324
53306
55035
29638
30504
53632
28769
54669
18172
31030
46828
50086
37417
50854
39960
64368
51809
61060
34114
43962
75037
33289
40861
35228
71714
80314
46557
31723
46595
33436
71446
37335
43232
17355
16868
64095
46198
68689
59289
44743
24754
47133
38546
71443
69278
19614
43112
51569
57362
63547
39451
75721
63163
33242
33376
67135
15164
47583
15100
67379
78544
64131
64936
25372
63814
41409
55059
60394
64969
40234
37204
46840
33595
56287
42678
16450
48485
62661
25729
33662
72423
61317
29611
38974
60297
76840
66946
64460
45295
82479
13217
23363
45778
74017
28619
45486
18839
39610
41602
15432
43425
29052
54000
53223
28505
61005
55467
78209
59770
51472
42329
78939
21358
9203
45164
47108
24608
55853
60305
45949
59227
13008
43922
30055
28199
41894
47750
38796
35789
48060
52070
59038
35017
80362
39065
60459
30337
48245
47921
18187
69886
62337
62102
65468
34452
25576
44160
50807
76470
45919
69100
58035
54463
61382
53344
20992
26729
62843
73206
72337
42294
85052
86059
25682
35027
22910
61564
65992
51375
54204
61911
42465
35783
53577
26109
23043
45924
41924
54596
24560
40148
42416
53965
43245
36362
25854
50918
71726
55247
53174
38712
49278
21708
56799
60625
60607
10568
77361
53495
77950
56985
79934
33878
87015
78957
79382
61099
37797
28272
36118
21011
49563
65825
55066
57187
39680
70050
71887
25619
44134
67658
14102
27484
82944
69499
47594
52802
48272
42248
30184
55599
94910
25929
66491
66229
47171
69956
32659
57436
29229
69693
52863
37520
43741
56442
28658
33274
68514
11438
81643
19817
56878
32715
37123
15089
31928
55111
19015
18171
53077
47864
64785
72927
72957
35903
21755
32802
21566
36993
31562
81455
35471
67798
28974
70972
42580
62700
21319
24195
35723
25265
43380
35205
24300
63707
57742
62956
51782
34475
35289
47126
73875
56068
47661
38587
41587
26945
54802
62998
14080
54931
29837
39667
52843
25249
68131
88570
24674
43861
64503
50310
60005
62417
27894
33519
47929
25348
78539
54710
39110
13130
74437
41701
59763
44199
33176
74551
56991
55424
69740
41393
44577
36711
49917
72580
17837
66070
83560
49579
27806
23667
45993
71607
43032
14262
52581
21998
63589
25616
13785
75596
38436
42704
61484
39923
64482
55855
42443
35235
43738
64948
31227
28828
54727
47129
64234
60408
43827
64380
47330
72348
54980
36785
38277
56743
43339
63947
24776
60576
37639
43920
57669
86014
47523
49860
44191
77440
62004
47037
68658
82754
79612
25891
53369
30146
69836
83237
41461
45543
67745
43945
40980
26997
64070
72704
50219
65229
54206
45015
13494
26087
65948
57647
45169
48700
77714
52519
59885
45137
31029
57229
45897
63206
55289
23200
68526
49857
35137
35056
34880
47498
71831
65087
59311
59986
42034
46409
28566
46256
57999
59464
26361
32079
34879
29912
26223
17652
17701
47710
23400
38933
39060
39287
42956
52778
22500
41881
70452
50288
57573
69895
62686
59143
81380
80775
85204
67642
35539
69749
74220
59573
50881
34115
27420
37418
67778
58987
43700
58053
85960
29574
51633
17347
60838
65010
67467
61125
37671
58191
58321
20705
52796
56747
36556
23108
28339
35438
35149
42480
32518
16441
67204
51964
25986
22648
18956
60509
61101
56743
69962
24445
53804
74266
65181
68780
67476
34484
22640
17669
49534
58582
78182
15026
51723
50490
32636
31970
25185
41435
23668
26406
39211
62287
53643
64818
68377
72010
40153
71757
54980
54365
40067
68466
46257
81265
57675
75254
52241
57707
36586
24884
78520
37611
30918
76559
32459
13563
49986
47097
26160
57726
41292
43504
24533
67971
61931
32936
71462
47230
40889
43526
53252
50057
80187
18427
50365
59941
69394
59110
22358
78549
53326
59411
15770
69691
56023
10718
42819
55358
53921
28253
52370
54564
37099
39870
62465
43705
43360
46059
31107
37717
85119
31996
44322
28567
47843
73069
64652
50904
71101
57775
59659
42526
53292
37871
72709
35032
80658
36070
14361
22828
34420
49261
37822
31987
32354
39273
31071
34383
31715
70570
50455
44177
41050
56876
57349
56058
54582
77419
39288
10283
63948
46152
41081
86364
48016
72560
52955
57654
33145
44593
58938
81739
80729
86944
28296
31682
52788
19550
53353
51669
51540
34715
25518
74427
38745
51422
8031
43804
19383
38533
15695
48969
67750
29816
80112
41502
27439
47480
42399
42526
24392
19706
53911
78751
50585
36928
39199
17627
74152
58620
26232
63140
46961
59214
18548
22042
67337
37092
57664
40649
56465
52662
47354
51232
59708
70363
56969
49718
61457
60329
59783
26744
54542
26943
34608
57082
53555
45608
51047
61329
71899
79625
70981
13597
18841
27242
77429
52596
56810
27755
39497
68560
79061
24212
26938
73963
27047
45956
56935
40056
70793
65062
49301
68586
41023
42313
64512
56599
81464
55168
65454
85687
60255
61314
26770
34366
45562
48248
51032
85947
70202
53280
37152
24951
75046
40309
44789
29042
31140
52568
85616
74743
54667
77369
67908
25713
51639
23269
32190
28223
47556
41694
50482
38146
55874
68019
58222
65636
44967
59133
33086
35351
44769
38779
65287
48368
64548
60561
42403
62402
27760
42607
36782
45033
34777
30428
68865
27402
35951
39488
61780
42893
32930
50740
34296
32636
31109
54947
39346
41693
73536
42879
36245
12461
79695
63278
44895
54999
48096
27509
49407
63256
66987
34338
47842
72697
52057
60443
60913
40523
72582
78848
62309
61168
78276
34193
59921
69635
50774
50353
62942
64952
64707
28244
76995
65741
25468
65009
36569
64994
63297
47129
31537
39373
50047
27252
66145
29655
13038
40856
59450
61147
37026
50685
27222
41734
50204
50585
50031
61624
57547
38166
52370
69480
55344
53780
33670
49000
66609
59937
33807
57870
51291
27243
48187
53520
69437
68767
39854
47161
57581
54271
27273
31178
75217
50228
66807
68302
60657
60483
59569
66760
65110
25361
61865
16386
54485
70207
64029
76906
64973
71578
31999
31589
34861
60376
60549
44943
67443
28317
35257
34874
55097
39828
51268
60033
49275
36808
49994
60511
48196
79585
28166
53564
42689
62510
29515
32304
52037
57343
75882
55583
28348
81395
38805
72065
49730
35292
51042
74669
48391
58687
38437
57182
53274
49597
84844
23571
44366
71797
28472
64662
66526
38632
39764
56378
30389
71870
50979
51229
42539
60660
45846
18520
46751
53833
50763
32295
48079
47529
37690
61419
42401
73749
20047
73367
38498
66783
11132
58799
54449
43551
86281
73074
39301
76826
38603
56852
42631
38587
69896
25001
11945
55712
35766
15844
29012
20316
67136
17055
24250
60573
58047
82069
67299
58586
42062
68645
17295
48081
56057
68627
63043
42770
39315
47183
32489
45528
34439
63954
18736
85910
8676
26031
71821
43403
41034
31395
48711
46710
46840
63254
36982
42644
34927
62339
32601
10084
62525
64944
50856
26853
32046
65238
50537
47763
53074
54961
68403
29694
44194
68048
52540
52051
63088
51456
61187
36954
53176
22368
69164
70773
42091
45255
85992
22043
79069
20289
65306
56678
32418
59530
63681
24196
64823
57160
71717
42631
53627
48939
58857
58874
54657
47571
63614
33613
21048
87502
79328
32965
45126
63104
77827
49881
70010
26633
57054
38381
16923
68941
31010
44800
44977
32998
76526
68322
28932
38963
39912
20750
69135
51005
35562
47834
65474
45552
42962
47997
79983
49040
38712
33054
58051
55354
16734
60796
51915
76486
45681
49828
47552
18509
31492
38478
47413
58057
67076
50979
43903
20324
26068
64403
56535
58753
22495
26503
59286
64052
17195
27306
57249
27452
79489
29919
37174
38314
32787
36771
64597
49239
36303
69974
74603
45332
78416
44233
28620
50384
60689
71746
83214
32119
53985
37608
50420
37657
39350
60811
71869
50030
51369
50463
46449
57399
49517
61706
49503
66800
44160
50331
61371
72176
61707
21451
22540
35095
56634
71922
69623
27295
45780
38071
43879
29723
70093
64424
23566
63172
34941
70544
65300
72555
15858
71972
82471
27035
35456
52667
39585
24966
26366
58775
45384
25820
40371
22872
28812
72105
54965
78984
35522
27430
57578
58619
70140
43073
60102
44233
57476
51982
49489
37529
10540
50463
67837
39023
68393
71344
49456
68688
13406
56123
41971
68389
65706
41699
49361
72375
48626
79277
28575
13558
36462
33112
69917
43389
52713
50904
23935
61658
50656
48456
62369
69863
59115
70461
31823
54298
44385
86719
30560
30915
63215
37527
44348
40682
35828
33953
72247
9741
14746
59476
28635
29957
60997
74405
74551
46498
35405
20375
44582
57302
63523
71400
67269
24669
65371
45225
48361
46802
62790
14331
55540
64111
47328
32367
79306
63271
58982
56000
72146
36419
50704
39770
35146
25087
53557
38418
53744
51009
46387
31564
35430
47928
59822
17268
63270
32692
56646
48199
67646
68960
18803
26866
54058
39564
77014
42871
59111
56643
56121
43871
40840
73098
70998
67750
54712
33009
25848
45494
21082
49822
35131
23230
51128
8097
82684
44591
34725
27141
27269
19829
37633
17519
45993
63779
38264
51108
59212
77649
58391
15272
35723
69205
41807
41295
34388
56034
32568
72267
73528
72147
34388
21452
32304
47467
53130
66520
33127
62717
20019
62088
63319
54462
39337
69776
19010
41016
70881
44274
60381
10606
14655
51055
19056
48701
39081
41890
48458
40398
64745
37668
45613
76508
33258
41993
22661
64628
53788
24315
69073
38218
78997
49637
55271
49462
46411
69256
21146
27767
48450
44512
65435
20026
47352
24224
63723
50609
68637
50189
34749
67967
22087
29185
25012
41598
65140
49046
74062
19259
30337
32493
50354
25452
62794
75922
22824
10906
17247
37613
66238
22542
44745
31736
78366
72746
76585
70490
68741
44624
38777
24825
45111
37533
51163
57159
40861
43594
45549
41177
50233
25289
68670
78234
43514
40057
16287
16032
55124
42194
84633
28237
63978
28805
40120
55784
57252
47346
38225
28953
28673
62413
36550
28519
49173
41558
78926
55329
46210
52187
47929
19112
60006
48165
62404
65708
48797
57569
22255
17242
42475
71984
9774
79881
14884
40827
22331
49204
40710
32714
37360
35511
61607
47123
81488
86320
64025
25961
18968
28941
32271
17632
77018
37054
55550
45837
33335
35762
74204
44674
44283
61659
36389
55554
67236
60023
60863
53523
48909
48615
23912
49484
78362
36443
39936
44523
44847
40465
48707
67308
67392
50621
60627
54052
62786
75652
75785
53507
52590
24652
53367
47595
25728
56221
59422
58623
15793
36879
35801
71961
56621
43815
66159
12367
40687
41431
56937
72530
29799
34742
70373
66960
66829
67263
49562
53926
28448
60267
40030
36548
64228
35442
26767
63142
24774
34598
87938
35089
33064
43964
84309
70779
78570
62677
88027
66228
47920
55613
71754
56191
74528
39211
74163
47354
43667
46984
13424
48658
23006
29290
65900
9797
60727
44107
57188
15335
37300
61235
68536
27041
61060
18024
33334
82959
49513
63072
34460
65747
30470
76063
81033
69824
46620
76988
14318
62737
54324
65839
31030
19318
73997
80771
81986
77437
52520
44692
18463
72042
25743
66098
31588
54487
25194
34386
52802
68702
22301
58600
48704
73710
68920
36197
37845
83971
23576
45827
58642
48957
70263
57881
46885
59360
40780
34587
36779
24623
7896
20524
60412
66543
14330
45851
58823
31700
23943
45163
55227
61339
41731
22866
33704
29103
43326
64885
81640
80283
85085
28807
73716
39567
14063
40427
69964
62590
60425
44679
69210
42012
54261
79946
55649
66525
21162
30688
63569
19480
59133
59804
29619
43782
68272
31873
72588
59271
16679
42205
51038
47034
38035
40257
49716
46071
25700
54752
28754
47326
33076
55652
26452
43415
37427
81731
44523
41326
20839
40933
54606
39541
42319
71047
69729
39092
47681
36130
49006
61851
51735
61850
43912
41067
34867
50573
44846
26609
40898
68003
46382
38878
27463
52411
18061
55174
70897
45084
53081
26072
67963
63056
40386
34320
75306
57550
37030
47447
46579
80305
63476
44186
51068
67547
56822
38180
15260
59574
55504
60783
60374
56612
34901
79210
46863
39638
35604
44860
43721
52871
58053
78989
31405
34932
34848
17267
47891
43771
26814
29014
44894
40242
45005
46192
34272
45312
57752
53487
19715
48827
46427
13365
34182
40564
71493
21149
35658
78271
57609
57617
40754
70199
52153
38177
32933
63357
75382
48173
59244
27890
48944
30522
55327
75741
39095
43298
15230
38239
60701
36303
57489
66140
30095
32192
36000
56231
48713
23846
36400
72773
52823
43126
47459
61889
40737
63126
30434
58795
19102
13087
64976
12089
19744
61553
55749
58552
28810
47449
21779
29862
29990
74668
52546
62807
36942
25329
83821
41457
42581
27829
85678
40042
59823
68546
73184
42686
61652
66071
64946
46781
82790
82547
73610
56376
37459
62797
29751
59986
54019
69631
68122
64948
23354
56373
41573
57833
39086
50512
19225
42009
53108
45729
38484
72254
50489
48728
37762
36101
29832
33011
38746
40019
15988
39779
30804
38940
44578
31506
51736
53367
55236
34069
52110
60788
39796
36506
63015
42849
42873
29352
71916
55849
36358
52955
50380
41215
22782
44659
58150
66849
47794
16603
34027
67585
48883
55702
29901
49511
56713
75096
12300
51965
22475
74842
38184
47810
67992
44924
58990
51515
42934
68278
60487
76511
17937
66136
75722
53930
68565
39436
32069
69548
48270
38173
51474
53572
47044
35070
61553
63082
37137
46776
32600
60721
72947
77200
61701
58339
81495
24237
32221
74723
52973
25471
79316
34877
27203
38407
45709
59508
27880
39580
68326
37596
50719
80802
37033
42326
52721
86444
43384
22461
44161
25829
53304
69318
57108
31974
48508
36889
71281
64951
24337
15895
60253
54732
45055
50587
74755
38550
58825
74253
40229
48745
49546
36738
55897
44243
69550
44413
18133
23760
53779
75296
57548
51732
66616
47992
31924
44154
35383
65149
56420
61332
49675
43685
83052
34647
76908
40200
39283
47412
50832
58045
33645
54361
38677
52907
71119
81216
56436
62877
65261
57120
31862
52062
46294
57973
52905
47597
46584
56404
67673
72277
52577
85355
33509
44221
23940
43021
51207
29780
62727
83099
69088
56311
41823
52710
17424
36503
51047
28510
34344
36156
18845
39472
37657
47990
46976
54830
29155
63573
64153
46681
44964
55798
47991
73382
43936
56463
86461
81764
59321
28817
49923
49346
51977
26934
69628
65016
80333
27744
25296
65184
35153
46223
39898
43560
27167
37271
47871
82817
19413
56561
35606
69296
54323
65412
74483
52920
43215
62899
65572
47823
47739
20185
45462
25656
36530
41589
31445
68048
34401
28588
46949
31408
63526
85647
59429
79439
64223
46339
51041
60135
49563
34224
39415
65389
34361
43455
43299
48689
36881
58035
62364
59841
66895
29079
60467
50871
59098
42757
70335
30707
15652
84645
13303
28550
46592
19258
93147
69149
42783
16287
59063
25005
46129
19641
7967
62497
56172
76317
60091
68110
80235
18522
49254
51231
49952
81204
60430
55894
57948
76560
50617
70818
52700
60995
28858
71442
58550
73081
52905
67742
62976
51804
48978
31008
21757
49189
45455
42087
47017
40361
59250
59255
40152
12476
38939
71512
50885
74322
49030
46423
41734
73377
42885
41237
66709
73315
63065
50234
19998
64580
32772
49994
65442
57474
54211
24570
37555
42769
64535
29297
17825
36622
75730
39542
47986
68408
85923
50959
38436
48495
27996
43576
30984
32026
33816
22180
14581
65996
60587
76325
45984
49490
55755
22258
28917
17770
69654
48895
69647
19078
32667
33940
30788
68703
51157
71303
76958
62372
84878
69290
31039
42864
71866
11104
48326
63860
15998
68614
37952
38012
63310
30302
65212
39102
48665
35313
38040
38264
51173
54317
36446
42005
46873
51060
75320
41760
52975
72655
32244
77291
30931
25154
56135
50838
36130
52250
50713
76028
74684
36837
21942
44835
75024
18405
76134
27141
51692
36495
47870
44852
61726
72845
39740
35576
76058
39179
39610
86936
28219
68833
25287
47160
22307
53061
51713
37037
40358
30083
53794
39740
53062
54361
49494
33054
53387
38104
45932
54546
54907
25934
79878
58552
19408
64148
54138
35294
36338
43092
59149
83940
46315
67372
61025
31517
34257
33936
16712
63931
47127
61385
34571
54386
62047
74218
50435
44702
59149
60923
52598
38648
62154
70878
74153
62749
58680
62123
76236
57657
48636
59429
42000
52211
39963
14841
54679
49542
65258
72301
10803
39065
18839
78814
18061
27829
30946
59807
31258
47380
35047
52457
76316
75965
53907
44852
45009
43236
37687
34659
39725
19901
35751
32250
72739
61285
37910
63234
76705
65324
68769
56745
58310
61593
71383
51374
52352
82216
78450
56612
76947
57791
43359
60675
57924
59586
62943
67681
14444
16667
68287
19988
57344
69570
55133
63380
67369
66212
47101
35160
44181
83411
19223
43691
72465
35538
64278
77783
60135
63619
68991
32156
54776
74005
64132
11404
74316
46951
68034
47565
34994
72045
56510
62780
34043
51260
70000
61033
26676
8613
15471
25370
65734
30574
40259
43969
37234
34614
74969
73819
24901
37420
47641
44918
53073
63863
53731
68111
71916
63348
25886
63417
42974
92448
26141
59243
35150
48891
24108
23091
44387
76858
61255
17524
68510
27038
49373
40746
45113
36245
18911
25580
69773
53378
50345
24595
61171
43253
48039
70575
48631
84796
22812
41933
53632
22868
30449
26932
63569
43640
20670
48552
16672
47710
60157
37531
52601
71639
37611
24980
56418
54357
43810
57012
79886
37541
67936
40455
27621
70198
28066
56866
65019
80397
54659
30153
13475
71467
56980
20314
57848
64750
29218
58774
71035
60630
40598
58787
41020
35529
72424
35755
15232
71392
72608
41699
41825
35793
77117
75635
31427
24225
40401
26639
30197
58137
55800
67518
60879
24358
10898
54963
33564
67914
39818
61368
38980
55768
21505
30007
17406
51349
9150
29341
58266
19617
24462
27639
75268
30879
60184
28620
57782
60005
44475
44001
32857
66910
33026
46927
19310
18409
70672
33091
12738
63580
59733
79777
38191
38325
35532
59681
62279
43732
38430
68595
42707
27431
44082
83104
60829
58632
77184
44170
65126
47207
54814
48099
62944
40385
61492
74732
80037
40505
69473
26021
37062
76010
21561
17315
60965
26790
22296
14220
57797
34215
53874
23770
62005
74463
44606
38690
68393
28913
85555
65252
23594
42705
62031
48720
34987
58178
53538
17613
21134
43425
30077
59778
72586
26739
46152
69506
41999
78112
69686
57103
14830
59505
72788
42008
36466
44264
67564
38591
50348
59552
31105
59343
53761
58733
60330
38974
69405
35258
78503
57891
41487
37122
71879
83410
37321
15738
48428
20566
83694
32199
45267
9966
40414
83703
30514
65326
34208
30548
40668
25949
52919
42361
51072
16834
19256
70260
27550
70069
40870
35444
68840
49239
60631
30380
76700
79514
36370
66931
31346
83610
15351
24576
9743
40723
71526
72388
55494
42352
62884
45969
61076
58588
26423
69459
52685
38160
27015
20454
64976
69514
67857
38310
40468
56678
44688
13927
55744
56015
63291
35930
50050
39660
54500
60640
49054
33810
16977
43849
52349
26799
47269
57343
15363
33596
70778
71430
41774
79245
42950
73696
48071
45304
15260
43003
32305
65501
48547
66741
25902
43147
72656
28450
52141
44691
56051
77216
38181
48533
46166
78965
64077
44631
54435
33393
55632
25281
78965
29721
33196
53767
48759
47662
59672
86268
33829
53890
37301
48079
47748
98025
63020
15506
56333
66316
60477
37956
51784
15892
40313
25901
41245
52679
59816
59009
42160
45928
44587
73798
65058
48282
57262
36033
70782
45086
37493
42244
44741
53668
62952
35774
38573
55763
44170
59039
59567
58347
36297
55033
64609
63335
65217
62280
70215
65732
30934
65609
51910
38708
55271
44726
63002
53792
77794
41860
42249
60584
55547
62953
43422
48964
23892
83768
35397
52108
45763
70917
59847
77589
24211
78124
35349
24331
84780
77042
54314
43889
42930
72892
82997
74785
23951
70426
20909
10779
45992
40058
35600
39927
21302
54447
76985
25278
44540
71262
58785
45818
73361
50219
78533
26382
87080
49808
32053
50772
35860
63712
40980
78417
50393
55537
49639
64237
33466
62661
44658
63213
68703
43623
27831
48697
48924
32162
77567
55617
44311
63557
34689
56014
84643
66257
31685
79021
62945
65650
51365
58953
39892
68647
63699
42417
48727
36964
53897
44493
63533
52014
21373
69479
76063
40073
62642
15000
52238
28204
37326
18268
50815
29053
59989
36878
62013
29068
47705
33865
28944
49043
41490
16073
66158
50775
49604
55798
57168
57594
68563
34785
66768
37857
48953
27232
37409
49773
11232
60780
10505
43207
57818
41024
58956
38787
44348
45037
63649
50235
57771
82336
37196
57917
49765
61209
33797
51430
19125
23083
73860
81982
75275
59327
36947
52539
53962
47735
66064
61045
53563
38305
25523
64907
69838
29820
57979
20535
60666
17284
9191
42686
44162
71739
31190
58341
75689
49519
41485
58853
27437
41938
45251
52485
40254
39341
65863
65688
55397
42427
26410
59881
24771
52964
18764
35012
44736
48119
43985
33023
30891
52532
56752
54738
32585
64792
68738
26609
25976
74543
70340
36968
13721
40214
37613
55863
72232
42345
27035
51302
48314
35802
30620
48162
74496
74341
45810
22096
56106
66174
36384
49264
66933
24591
25452
21449
58106
51577
59923
81791
50081
42924
42326
37187
45306
62606
60566
50076
42776
67383
30025
48576
68761
44559
66873
60108
62243
55386
74350
23996
53148
62828
51135
27169
34283
54205
19304
42873
58108
16216
43470
12646
43674
48894
29955
55449
57952
80077
54927
75524
49001
41539
92393
59140
14281
80268
60570
20158
43160
55343
67454
35249
41978
54238
15106
34282
42192
72763
40286
60314
17985
42151
74720
28941
66027
64010
58915
21058
54784
76012
35828
43937
45894
32228
55558
25224
42446
30228
44078
43328
57289
46081
67074
50594
59633
45216
59061
63700
42882
25092
56349
21907
26177
40774
33028
17244
48234
70376
27944
57476
33406
27785
72140
17135
58894
79902
49603
51456
40690
64453
31933
47869
43646
57361
55789
29214
53857
64741
58266
83237
53757
69326
75720
32492
21973
82821
42342
54275
34649
26713
35667
42424
52737
19711
58528
41140
36793
48256
31209
39017
27792
55672
69497
53723
48336
47956
23043
32176
12391
70753
16702
61440
57291
49238
25717
49081
49600
61578
40751
33735
17479
25577
49461
37091
48088
75501
39737
33691
55585
37008
25598
29097
30522
61772
40462
61866
73652
63481
48035
73088
78566
44664
43918
51459
56265
22022
35425
41936
60567
70803
74823
33482
59298
36790
50839
55004
20185
44173
76037
84587
52331
42262
62825
38870
36216
24702
30765
67910
54988
70770
44495
50507
60997
19314
40720
36648
59546
37426
48647
34926
41463
44997
17448
36208
38532
55681
22036
62537
30666
51408
57599
36242
34201
57493
55941
28893
12840
81283
65098
66279
17319
63842
22870
29481
36151
38274
56771
61545
28264
42130
37773
48223
15248
62359
76987
64757
50884
71735
57155
28211
43453
42640
19632
37837
64439
41611
53028
54609
68615
77317
69133
50677
81840
60720
47551
59584
27972
30922
57834
34584
85958
26541
49092
31633
87594
31751
22109
30111
77019
65376
75119
45330
39371
34871
15884
47234
25299
38681
47575
44093
82537
73508
57836
45991
29171
37628
71798
58589
21132
42338
70446
40018
27844
79100
36245
38074
20359
72105
19191
40829
66994
31240
64467
40463
22399
70044
47777
23502
65486
33780
41075
58594
48814
43317
63075
41397
38024
70875
56130
55948
59977
80638
34073
49822
48336
51451
42047
68276
47591
72810
42850
42007
35651
35613
82914
48841
52163
37094
29702
53649
87491
51507
25478
49604
62090
74647
28914
44868
37170
39066
37375
31658
57947
38629
20901
46184
48484
28513
18911
39986
62124
32698
52905
65155
67622
23614
61020
41477
76325
66448
38254
39079
71213
21279
75764
63245
43156
24607
31655
49435
67561
31819
54990
45060
19551
66965
50529
61290
22034
32002
37961
35222
38934
46738
63533
60494
50732
14216
41075
80748
61350
28287
37232
75331
68404
34378
69293
40993
34548
36830
53685
39571
43219
52107
10700
59766
13061
74791
37459
10794
49767
46151
20404
39027
57527
41113
68266
65169
16539
41408
72908
53807
82299
75378
74384
67709
56330
37457
67384
52221
67675
60097
65332
41736
65300
73474
51329
85603
41947
77977
73362
78857
62521
38962
46055
49597
66007
34507
66155
30801
45661
50843
59405
75328
46214
36327
53285
53793
61063
7687
55597
25343
55384
34191
43662
18568
48459
46444
45567
21377
34263
38817
38112
72911
23272
47765
61291
56342
61433
58871
44097
32849
74805
43425
35844
46778
64507
49789
49709
34290
71858
11714
83880
70802
27644
42020
45216
36445
47761
45938
49271
52874
83129
38462
46715
41770
50286
53898
67618
46372
47655
64791
58176
66131
42920
28655
72449
46722
52684
57748
20623
67084
57192
51721
28229
84277
22317
21790
55390
47377
28686
52932
31034
39222
45537
72529
27383
72762
69010
47020
31028
38717
43493
52840
55661
38328
33531
73190
53463
71903
53958
33579
77458
37975
59918
33703
24837
16838
64899
51993
32235
45943
56553
86891
32633
74297
38591
17970
48190
46469
80727
64214
61570
40581
42607
62574
37509
45277
30645
60460
76708
31914
55701
30932
80179
68117
49723
27742
68879
39060
58476
58412
60468
33269
30926
54929
46662
45861
54247
81045
18762
47601
68494
51397
38932
20209
46689
28355
54667
47822
76281
80895
37727
51894
74880
60543
63401
69231
56272
58619
31911
15446
47391
58231
40632
43600
40488
49137
78669
68519
88919
43115
34876
60298
20016
31205
14858
61298
32286
32816
71968
62247
45953
53790
41912
44662
52468
58596
13117
46396
52115
57412
46094
31767
44858
35247
30400
74052
13575
56664
79384
22562
66250
24153
62438
39848
70186
54711
21785
47852
47076
75798
31334
13800
67013
65971
43161
56538
30859
66095
61893
57755
65843
15172
42285
45172
37712
70156
51932
46151
66961
21554
54118
47394
74543
60906
46842
7783
10805
14959
68683
65454
24525
43439
77787
64297
43145
18583
25577
55498
35533
44629
44169
71383
13353
70798
58364
47500
46961
39222
33409
43338
36852
60131
46208
55576
41530
27290
69601
40636
16156
71632
36912
53622
14734
50019
52746
75685
23500
65449
62020
49065
44873
27367
59716
67736
33100
70104
22905
49029
31636
44156
51003
62722
48466
30712
69332
64652
27798
54092
52565
63566
8778
61203
73891
71232
47583
87532
67138
50934
47872
14477
14164
38017
55280
25854
50364
66234
62263
49343
40819
42168
73081
12942
52069
26439
58852
52934
28611
61607
26754
62370
61541
60738
62047
63625
59267
68813
78140
60467
83719
60692
27961
58288
66597
67600
51534
68144
46205
38294
51402
56897
33173
18090
49221
61668
39287
70870
43038
44719
37153
34862
29635
32052
31839
19652
65233
76446
32845
22632
69393
46019
58354
25358
33162
11744
46864
36548
30887
52525
76465
16749
46881
23749
67281
68537
94092
57138
67938
55726
69027
27407
26685
53506
52131
41021
33984
41676
27251
67024
48326
51309
52407
62376
11563
15234
63714
60024
65389
20073
88159
38311
70401
29566
15466
37331
60521
72363
19600
29792
57681
80224
50923
19863
37794
11639
79065
61009
77069
30072
39413
60228
28879
30168
15077
35445
45349
11519
54516
17123
22507
46650
24233
18164
46512
37898
34181
39558
34100
43975
59661
52580
68333
32849
53211
66196
32965
35155
75879
47656
75385
55056
79260
9681
73041
32999
57362
16253
59194
53356
32271
77954
40640
46934
65128
76404
59282
31072
60636
41815
40904
13658
29800
58323
32973
57221
49003
67492
60640
39967
45853
34477
63786
52872
57687
55520
40652
59442
53550
35462
69612
13621
36691
23177
50888
60041
71393
60032
98349
21270
29627
55478
36047
59203
24229
26641
38192
55297
20034
40517
55770
50568
50820
16265
46785
27324
69630
65846
32452
62030
51133
26315
64838
53778
55048
54555
58344
44519
74893
71733
54540
39612
52142
63202
67468
39756
60445
61773
57404
44389
79703
68997
25336
58425
65789
60050
36264
50243
62899
64005
82478
43388
32262
69758
57488
56644
44523
26014
49652
27808
87826
48569
39778
70086
66542
43703
76696
21814
18534
43651
50672
46561
54219
64827
66128
56407
43660
71835
57586
25621
77089
38504
83412
40419
66635
32287
80160
68589
81067
60347
42671
62886
62129
52250
79937
32133
17469
30292
35532
52513
23362
24136
49037
10833
31285
42680
74202
61233
45903
50899
18649
46556
61300
32364
36991
70231
82258
44719
45620
58854
44124
55849
39692
46260
39018
28969
51237
37193
63689
36542
55805
65736
49537
36646
28505
44147
84644
19621
60654
69835
46730
48131
52310
26401
48171
64284
41324
62140
57480
69263
53764
37946
58378
71182
46648
51991
36310
34587
14752
18747
60476
46411
40357
47897
35525
55608
61395
81140
49365
54401
67507
39939
50727
75423
24170
37604
54136
63184
82431
45789
82909
55498
38863
53074
68564
51807
60390
50244
70353
23258
53389
28035
58573
77442
32691
51149
48573
69857
50098
39759
58834
21404
44051
22516
34140
47951
70657
38884
57954
44965
62764
48468
24952
25714
21548
43655
82690
34811
79170
18485
71903
19228
67037
39954
62299
52805
24930
53414
47576
89050
38509
58754
68966
73592
62747
50846
46878
40207
17485
47108
42655
52337
44848
73050
74951
81008
49743
18433
27428
73551
44503
64298
54262
50076
46165
26036
70619
66030
42238
40607
52947
19331
54671
54021
29993
35589
26681
66702
36752
79070
56570
52658
31942
40590
49753
45050
31009
66529
66965
41312
64821
21103
57960
16114
86293
30487
29625
62570
59421
50354
54537
63348
49728
60482
60693
55662
42629
45789
28605
60615
40796
68128
52783
63623
53241
74451
32742
57073
37944
24073
45142
53466
35625
32930
73677
70393
60299
71136
68654
43808
45675
39300
32245
26534
40274
52479
33942
40178
48263
24087
53543
21520
43245
23012
36480
41608
71742
60850
60389
46724
14627
59535
63735
68264
34641
37824
71667
43236
52918
46489
72806
61542
80507
15713
82603
60888
42159
50485
58902
63677
36144
37351
28308
39100
82587
34286
55541
53850
58685
41897
54331
78235
47862
56277
40445
26236
80472
61174
36176
48676
42444
43663
34308
47162
48231
40615
55740
43260
83890
40555
62364
53755
73246
74732
57775
57758
39104
43714
68736
70295
25098
67719
76891
78569
67285
