58991
53990
45081
25625
53424
48655
45209
32324
34810
52832
79660
25201
43981
52179
63940
49417
51259
54252
47119
21035
64985
59476
87642
37706
55718
51525
37696
40348
65760
45154
76097
47679
59098
24048
36480
49832
70674
37377
44864
15907
60441
15827
34044
57637
10585
41867
72639
58850
73174
21580
42203
32280
57278
61908
45148
75252
46616
43034
33812
47602
34469
68515
31932
39161
70685
61001
51769
45240
38161
38246
37716
71889
74885
57117
27168
47217
47671
52240
43146
45023
11566
62362
67921
76902
77923
39700
35481
68204
24564
41133
70350
58053
48738
72114
60345
74848
77245
76982
61461
21151
16688
38232
78739
45543
32306
15139
52760
56163
22381
65521
17478
70932
57148
57260
46801
50038
68712
39719
68949
22145
52292
59406
44776
26120
80983
48341
48800
24781
45864
34041
69423
53889
39115
47561
42196
58004
48778
33336
14809
58017
31149
41154
77336
75643
36778
81734
68576
42425
40204
78253
60437
29178
83868
58961
23097
37914
58460
52585
49490
38751
41572
32485
49779
36058
50262
33464
76202
67869
23189
67429
69014
71866
23776
53678
55096
73390
34370
28756
72866
41078
54366
26090
17626
63016
17376
41105
51091
58206
45693
24268
34820
54349
51687
63613
29669
33148
57239
43574
50367
51777
19464
53144
30776
57643
29041
37294
52594
47880
76772
40766
38884
65345
37771
55996
53327
29232
39007
45475
44170
67277
37666
41716
69106
86510
57602
50669
44532
48570
66550
60291
73819
42455
65996
56343
25679
56338
29078
73459
53511
50535
31622
61838
42577
64811
42963
35452
28661
28101
70452
23554
84625
48080
60883
31634
34247
26077
66678
62208
40488
80989
41086
35166
28020
41469
37297
66611
38510
44540
48492
36473
36537
38412
58128
22531
11392
55895
22625
42159
75056
49042
50669
64122
17538
62647
57206
17683
62343
22808
46269
68434
82514
64270
61780
74136
56230
70985
60967
27327
11027
70991
23022
65561
48346
16712
59302
53712
55671
31031
53548
62972
27389
40096
76525
39986
39370
41465
50214
35571
14277
40363
60195
56506
51832
48473
50191
42491
40144
51090
50705
32743
35368
56956
53712
65618
68503
39915
65923
53358
32203
35635
60433
73666
62015
69640
55810
32925
62269
46552
47398
79096
55417
31706
43497
39501
46832
33343
47385
47316
54976
32179
54907
44920
45652
49865
55650
29825
34246
25271
49979
62889
62068
68836
44687
50972
33205
51506
31977
41126
37459
38338
36656
67318
48924
70917
54244
50088
51955
12937
32176
54071
55479
23119
62933
34919
41111
86935
27575
38442
36567
57331
62489
48498
40319
57590
37043
46444
46676
53753
62415
38573
36504
53900
60842
38102
34339
22048
25006
39436
72312
63267
30116
29998
62325
47937
76239
56984
56053
24090
44398
34329
50056
55307
32266
21129
74629
56494
60440
54919
56821
86576
20597
37675
36530
70957
33687
61057
36870
62901
9503
60731
20759
65299
45713
62820
55805
52975
67617
28202
52009
35754
72012
60580
42064
45067
65827
62761
50006
65481
59199
53702
63018
35740
69606
41624
57629
55753
53475
53371
72172
37223
60024
59175
51412
25268
39333
39843
19945
39437
59495
47343
33240
65336
58791
43416
76684
38854
29834
11475
27414
41164
34848
16868
53301
66134
75182
33187
56238
41696
69214
70576
48304
30949
39110
41720
67559
47311
56080
19954
34638
38330
49706
53540
51203
73805
61874
58772
52046
49622
86570
17050
54404
65109
31373
78081
50110
41472
41728
58462
43689
56894
56578
67883
73093
33032
63855
33793
41980
30704
70595
58973
39148
38555
38772
60100
16455
57838
46892
40294
33576
72444
59194
31442
14739
39973
81465
40990
38293
25163
48378
58692
26972
66468
37844
38724
63476
46423
39782
82163
54283
50859
49711
27356
53502
51814
35943
19383
65396
45913
24442
65355
77814
62965
52805
62353
78325
58366
41278
75253
38953
61187
69013
63573
49350
63472
38660
53311
26962
34866
49421
55172
61626
19990
58696
45213
49803
27164
24681
57660
33500
68840
38407
74318
35606
71448
75402
38606
56806
53032
68664
70922
49519
47170
77585
43317
36637
37008
37323
52841
20991
24768
50342
44399
17638
73318
48852
39190
22584
24674
23808
47218
37822
59948
33215
23844
41937
37785
66363
63225
26667
28282
26364
30194
21593
52206
43690
34543
27249
58122
27726
37444
30106
69973
53591
65677
45960
56752
50065
39530
40328
31940
59636
48029
60326
75953
62944
33746
51359
41167
36979
21061
24638
42143
69567
28087
80275
54988
69099
43844
68073
71338
77686
82358
32648
48776
61057
54831
32327
28917
13935
33250
75547
41298
49684
83787
58575
76468
51534
42391
49255
54332
69396
63016
51618
30980
17078
59793
51790
23209
21220
31872
61096
49394
65382
53830
28318
67520
37630
62342
34930
57599
66903
36707
54631
38068
65665
60809
40438
61675
63147
49809
46585
52948
68352
43863
11271
36563
38501
59180
57418
51417
57426
29336
46164
10360
26012
29104
51388
45490
81089
21281
45801
51639
43466
48377
81081
12016
32651
47233
28819
16213
50658
46197
52530
54887
53369
46853
67167
56210
24939
28915
30084
26284
27310
28099
34370
46141
81287
41124
37618
66914
79821
54204
41065
50150
27367
28502
16048
49443
48862
56638
17579
36990
36734
50746
39114
43575
36816
62162
48667
39306
50941
55808
37456
31663
29283
51515
63499
74265
64097
65634
78433
29130
56711
31296
61488
78071
39418
83720
39748
45919
46891
60013
55340
20329
61501
25979
46078
33770
61845
41696
31852
51505
27431
19175
43159
53073
62274
69667
69879
64032
14608
68035
65836
34336
77948
33731
23478
61985
26866
68889
60211
36199
63059
17508
44992
36940
52458
46822
33205
21567
54640
58319
38275
84779
45018
32109
45312
20936
54512
64495
53127
36967
55231
52379
35950
57085
78740
76682
28517
30441
67398
17447
55545
53544
83951
58885
35762
39539
30183
48925
18128
63885
40011
41332
32946
66335
16759
40673
79709
33611
47108
51122
62389
49029
49834
63909
48184
53358
57465
53124
56434
66084
46701
43411
59214
71490
54170
48988
50579
55226
62208
40742
32017
44980
85179
60944
59782
18423
63840
50019
59861
19715
68934
65291
58863
53667
65974
47886
59715
60658
74696
13051
34362
22458
54807
53166
56273
48311
59109
11478
49490
70810
36049
44402
56823
53147
59584
47940
76160
52980
34404
39987
28388
53899
25113
48842
49768
54309
46009
52482
75468
36579
51653
36439
41395
24712
48359
57493
71883
50324
79305
34617
61272
25175
62091
63694
96397
59793
67471
46934
70417
29384
40818
34366
42388
42414
62066
60179
42227
55221
50268
72043
60259
50931
78042
72834
26448
73883
36976
55549
81568
31217
68193
48455
69547
31983
18116
8051
88132
53678
46190
57694
65016
86627
39672
39752
19791
58195
77076
53227
71233
29409
48969
36447
64222
71779
58316
50234
43439
48418
35744
77158
40937
27523
47609
65368
59413
20809
18174
44338
39813
38013
50697
46730
65595
18815
48003
40826
41758
44804
63320
22170
20071
57400
51918
35576
41308
35929
61469
71891
59358
50860
60384
40067
46728
18586
55393
41035
40752
32802
20993
41184
38356
46682
59156
58917
18221
50618
17895
14867
38267
26700
73079
65629
71955
45529
40691
74458
76926
61320
82773
82267
32319
17338
26980
78841
44991
48769
52313
66022
41140
48535
63177
60748
54080
71773
33909
63546
69183
31755
50677
69223
71523
59218
53075
55884
29768
84844
78520
69816
51161
38170
51971
42436
44744
74569
43967
67285
56342
37243
65830
39517
33425
58149
45504
34518
60479
59122
34710
9301
43547
65613
52331
83183
26006
72748
58346
54359
21689
58790
37005
30846
68484
56998
30428
81845
64804
70707
24382
64818
51069
66522
39397
46077
33629
45767
59653
22490
54192
38395
42493
20496
18876
75300
18890
38305
75250
18579
72022
56892
54765
55070
40467
27395
55441
38785
46833
17019
44660
56779
44795
39980
35632
38129
21471
63658
51285
63103
26690
47738
62419
33658
58363
18721
58327
26363
26939
38217
55258
24128
60386
28898
67655
58534
68918
43344
30266
48159
41013
62128
19263
58718
24092
35346
32461
28028
24533
58507
37125
57922
30740
70766
28917
82138
56592
18460
35010
77218
79785
25599
51574
42023
39574
70788
45119
53820
47464
52620
42288
74500
42354
63116
10359
59585
74363
52463
51810
48338
74698
60976
65014
62457
62171
70147
77514
45366
15532
61203
83161
62779
53342
36039
29590
11679
66260
47921
59036
54938
20790
53391
58637
60591
44087
85899
35290
13701
30233
36956
10815
69577
51572
57264
23979
22141
24035
65399
73712
19413
28509
74067
24596
38193
34126
46243
62654
36553
77457
19976
50341
35495
29814
72902
62696
76444
15015
37933
68027
64767
54060
65778
67665
67740
30983
26204
46238
28345
65725
52425
58538
59860
33981
49959
70427
48089
69363
37515
34991
73174
32058
43735
52101
32791
36753
42757
54601
64873
77301
20721
53161
82694
44457
36322
63975
56732
10060
36574
55863
24895
62685
52650
40938
48762
58332
42603
28102
25605
55408
22069
55909
70444
58901
40420
36476
41303
57957
17945
61348
37041
49726
56793
39961
76161
62517
49263
52216
70668
64662
66092
34585
66281
48598
34022
49913
50910
38055
56631
38618
26078
61731
42801
77589
28137
57445
39589
42446
22742
48274
43591
34470
55451
35057
60800
63406
52506
61885
25463
15838
76552
36927
72815
73100
51413
21014
48579
74615
18031
18361
30170
70125
77775
75957
23703
34975
37562
58644
71757
39808
44815
69586
57529
18582
35694
43144
72216
78771
31153
53426
16752
26101
48705
73388
58076
67022
45302
29575
38784
71114
54332
75429
40156
31765
54713
24451
64005
16068
59894
61901
37992
54398
32469
41128
62389
41297
32739
44451
51390
46100
49224
78116
47011
30385
41089
52382
32604
48242
64134
54728
49935
29805
63889
34002
31442
59060
56626
48518
51033
30004
54202
71223
52580
16494
44524
44348
31529
49289
57913
44530
82721
27196
52391
70996
71435
72585
39353
49327
45024
75320
68153
66132
25666
49207
79515
79077
11808
47447
49337
44647
49527
55874
35121
71334
56135
52635
41911
51421
47107
51297
61855
45971
44634
14843
31450
34733
26951
17680
15792
44016
42029
63891
58120
27102
16797
57094
65508
30132
65041
39089
39767
41766
31909
26494
65552
47731
66952
53102
26306
64670
67820
60272
66348
51596
62909
33773
66099
52845
57497
22767
59832
29280
31159
50493
42560
29117
64226
47065
81982
58744
33930
77298
42060
70209
58664
20323
51019
30574
41046
52558
66137
68871
13234
35171
42438
56464
39158
42883
26015
59224
83421
24771
19924
12847
41739
75617
63294
74748
68452
30103
30083
25754
50505
78305
60170
45245
73948
43574
64767
19478
56455
77916
54769
50321
45804
53336
64846
29012
55228
72507
53877
45981
42784
58285
26270
18842
61834
54406
17477
40442
58955
44633
45141
52010
30500
57851
78036
14833
49484
14100
75297
59312
82556
48536
14198
53930
62296
42141
81083
63441
39406
52836
17985
57940
38168
35770
55671
19556
21312
56860
56678
22072
16922
13039
29128
55497
51614
75978
22640
31012
45163
41117
68466
41016
65822
35718
53851
31083
80205
31931
47190
79346
72249
58760
25539
62242
29355
58734
44784
53688
67763
45520
56559
65169
62484
39908
54956
51809
29541
61353
25731
63847
52076
71656
66890
41518
33917
65878
46863
26259
41924
31195
43306
54750
43882
55851
61434
74382
55623
50334
59782
48895
66146
66458
40423
53206
57895
69092
51962
42283
83438
70839
28506
35447
75370
60462
35530
45746
51003
39782
79528
47537
40770
29410
70937
35720
69045
53402
68775
35244
42409
73293
20493
42448
44218
65376
18408
77029
81205
27660
32837
44410
74753
31585
64854
72596
53013
75369
36895
60457
39388
40358
80101
59831
60558
52728
52654
50200
50260
60038
53010
59012
39743
52953
56292
26653
30946
17381
17501
37618
48879
32272
57227
38284
85097
21748
55907
59939
67097
36918
57440
57551
64237
38810
58881
82006
69878
44945
39302
41555
18949
27315
61440
68667
42440
35576
42368
56862
65052
50721
28307
82943
49748
27878
19109
20815
25283
49392
61205
33269
48186
55866
59765
33201
57121
79290
70526
45940
40786
52487
29546
59931
38075
58057
65305
68359
63501
60646
58181
37687
62155
25205
61892
72939
38508
24363
52973
32541
22019
82106
60054
37993
56869
77688
80680
31175
64350
43589
34850
61000
89589
58283
23402
45986
75604
71383
83458
25099
34703
24746
28580
59148
48632
23875
25091
61674
50770
62709
45566
37711
31146
40785
51125
53307
64301
63055
54090
20910
50987
75487
73609
74117
68780
80937
31375
53684
17101
63653
46964
49254
30200
54524
44249
49898
16153
33068
38354
56426
44026
48458
44365
42972
57460
53432
62914
16518
62132
81421
46147
45546
60216
25249
73007
78149
50163
72144
9292
32421
61291
40713
56104
26050
22527
42455
32394
29125
53093
33646
51977
79127
52607
13602
62071
49120
55661
74507
68584
59812
41050
33890
34758
56449
72397
38598
66076
20582
49645
52086
52146
38788
42616
17633
55723
23583
48277
37259
9113
28716
44214
40411
39519
25668
57529
55793
29398
53496
47472
70275
41001
63657
64868
33649
19253
50324
51908
63315
28959
62149
37369
57960
63419
21129
57358
47869
54454
46053
56742
67402
43282
58015
57319
46319
52678
39535
46183
53263
63275
24727
75801
43957
35205
21565
63551
33389
38976
32738
56995
15789
56695
37528
44516
39318
29890
35389
44891
13011
58453
73200
63451
19553
13553
68920
72368
59174
72523
64136
10653
35330
27180
63105
53676
21049
36205
31070
49325
46841
42468
25654
28158
71910
57259
57081
45792
62261
51936
13643
29929
36386
72146
24284
60171
26620
36157
53972
26296
82333
50708
33824
68364
7527
41252
45375
13771
64807
47034
46217
70982
20817
65392
57328
56436
33167
28916
40406
47637
46712
62163
64427
31265
71319
38518
63202
23243
51763
70003
21300
57258
79844
67916
81360
66309
48876
74735
38644
65884
53707
51896
38801
23611
43332
37374
86406
73605
36115
13248
41763
66035
83541
56914
43637
36633
33973
37693
55764
51508
51133
74377
58949
40085
25457
37907
55092
46564
54407
86468
51552
70344
42744
67559
72406
39632
23511
65027
32571
64952
56989
38618
28005
77702
84078
41452
72865
19473
50909
58881
62215
42409
35301
69331
30215
85586
54619
44500
58170
73673
45985
44971
23704
35680
41518
29893
80399
49869
72167
56500
76345
31129
80335
52907
47247
40327
86985
37236
38169
32030
58669
73041
67063
69787
14753
57168
33941
82980
57929
41428
69335
35759
39109
34001
70872
56371
49008
48486
46835
49056
22754
33187
25558
36011
68933
65545
82893
36725
39543
21106
45902
72010
48389
53185
43591
56134
26943
69390
79861
68193
36553
66864
74270
69993
63304
79369
57911
56838
20541
41031
67955
49065
60175
32118
22474
55238
58876
42826
19331
56648
50384
29596
50811
30391
72121
29861
83792
36320
28023
49432
83237
58871
58701
42890
13745
31482
27113
47685
61152
63103
20239
37581
19000
60386
58285
48050
53235
66849
85048
23940
51045
42111
68194
58252
51797
83716
49951
40727
45144
58393
38849
22869
34825
67608
22640
48138
69162
44484
41664
40370
59384
31055
46551
30552
56703
12820
63015
64603
53310
32306
84906
28994
69922
33989
58752
19594
44101
52364
53773
58967
43647
54883
45148
54654
27110
22370
44197
55306
51843
76439
21437
34757
68850
38207
47323
52998
57499
49724
67957
45488
41696
54439
20501
77924
38653
72200
67991
66056
68364
56525
20689
50159
37123
39991
68350
42352
44989
72616
43402
40590
41881
35046
20332
52293
69551
47831
36960
48639
41475
85485
40888
19277
45681
17083
36587
65920
11786
63317
66707
47127
64314
26854
55893
59783
44657
13320
20593
58481
34284
49820
36069
53243
46014
50389
39642
29591
39221
79746
52077
79852
31798
56168
25840
36702
64116
48930
62746
61715
56295
40682
61171
58816
75477
49829
29517
39483
37206
51035
42917
43532
40927
39501
45654
63918
40964
60580
64896
56643
54529
89700
45967
50696
64110
47465
73130
34757
34540
47597
25981
37196
60773
57506
64527
50548
58022
42548
51265
27667
45710
58150
55246
27762
68843
58802
44906
29618
64106
73705
58692
71871
53574
49745
80833
52930
33871
46326
46606
60625
29469
30847
42060
64791
47226
55482
46229
72338
45294
39440
27458
29404
36592
69496
40660
59580
25811
28591
80526
13719
60417
35692
33813
51975
45621
45990
32997
77760
70832
61485
59257
21256
75257
45802
52980
48371
19631
54514
67860
65488
25382
24441
64277
18639
32871
21565
34952
27151
66587
63898
54122
24879
72245
64392
47354
52487
35896
63708
52297
64207
47293
69051
65638
66798
52968
29284
62480
38094
64172
33714
35131
49048
78955
55115
30175
41564
39664
40228
19909
59676
33627
57068
46852
53246
52776
42599
72115
63381
64316
43859
63311
36491
54243
49230
53977
53023
34671
72529
48393
57234
49481
75463
42613
38477
55773
72981
28221
72783
35919
58669
70034
38267
39437
19247
47371
72820
56214
54309
63848
26909
20208
77380
72947
65834
71860
54677
19975
19889
52421
67546
77748
57450
31009
26328
58430
41320
39703
62786
51166
55337
58582
58222
62067
12569
56643
70973
53100
21127
62481
50263
72193
62791
15982
51445
51796
68209
38033
46524
22498
71907
46972
30018
18085
65151
12518
50045
69636
52144
51315
21019
34913
71493
65530
61797
77892
27309
79144
25390
70255
39795
50700
63600
60027
76474
64767
46202
68747
54631
37692
42604
45788
26005
39023
45034
70098
40133
77073
40678
9964
46162
73712
51011
30339
59776
41668
16351
38083
18947
34379
53473
57543
46786
43146
29326
30500
45871
53034
57390
29614
43110
52496
77552
21443
52752
72325
68488
72647
32263
39979
63899
21982
38909
56303
44785
48676
22245
73112
33165
51431
75316
15644
24531
66013
32589
27924
37911
51359
62974
32900
46496
46439
63216
30353
31904
73457
45734
55781
55992
78707
68286
20712
62383
31527
68840
80072
87627
25657
77078
37419
15781
30493
38958
53055
42087
67541
57511
70828
67414
25763
24017
68405
24598
71070
19327
44555
42910
72958
49408
22656
43102
48031
56755
21468
42697
58124
36113
26334
47889
41999
19718
40978
36760
63490
85888
22871
69460
76221
60367
60469
38864
24954
25036
39336
58436
77352
49468
40086
39186
71042
67425
50391
50816
42396
72075
25890
27870
50788
39649
76829
69411
56120
45228
34274
21175
60061
37942
72737
43464
31368
48528
63669
23839
8149
77238
56262
67698
27751
29058
37113
76356
15684
36162
26182
54889
58325
58396
54933
55811
89015
59279
43913
81288
55227
57755
77782
69508
64717
40734
40585
53665
24844
36366
59899
82339
60179
25042
83273
64860
32810
57620
69459
52110
52589
63884
40814
48475
59595
32945
81518
42682
64125
55926
31536
29405
81937
43432
59339
17026
60782
62339
35681
67468
13630
34359
71140
56080
29886
63760
62904
39873
33211
21522
50416
73189
31631
54538
49363
52408
37592
60703
75547
48294
66576
38600
40931
60789
52572
54444
30213
29315
71472
35815
52413
61168
42784
39683
56094
36590
56729
38063
45338
56956
33637
55660
37805
62343
38942
76619
60709
18602
68645
34148
22869
28247
28172
30274
65638
39896
26038
56816
46300
39845
39691
49882
75943
58208
82034
68449
40981
72200
44538
80541
34887
47553
45792
24072
25225
47417
59829
56148
35133
50227
51162
41105
56708
21038
36241
36782
64393
44752
64847
42055
45015
53242
19891
63939
52950
28904
57491
46524
82967
17444
28791
36025
43741
69426
25190
49987
48867
60904
41303
55588
37054
42531
66458
54534
79353
53623
56658
28710
57710
56020
75501
55253
47097
84084
50212
26726
51682
80341
43695
72635
45108
61502
34207
44741
13736
50955
62379
37398
44073
45965
21029
73917
35682
42339
46395
35197
77936
69197
40411
64872
11582
58510
45211
46923
35300
37957
56009
41264
39897
46738
57267
69326
30712
22235
34937
65683
88499
67770
41570
44070
55115
26864
74341
56571
69136
40938
74878
36912
59234
30195
42140
50947
36503
51340
51351
36270
49154
20656
26142
73787
30494
50228
47818
54087
58848
74535
41797
60604
40000
53268
46304
34800
37493
44377
31836
52659
35424
33107
63434
50597
64121
23447
67400
66991
63580
67652
47307
60114
50964
32504
27141
75383
67994
70416
56696
63948
75887
43466
40887
76842
45273
55093
14794
64726
79795
40865
70337
51696
71732
61330
19585
51286
86908
66766
39256
38940
66680
56752
50192
80787
45709
87018
34998
54485
55466
72146
29692
79103
57967
35110
14187
71875
30113
51803
51756
30352
39418
55862
27421
33933
34343
36578
47108
62866
65107
23433
37507
63010
19134
36790
32200
37379
22860
53232
64653
48941
42310
64420
58384
49759
25904
47931
69814
28933
24919
30672
66937
31195
61282
60667
48305
41794
54249
51222
56228
19618
37525
18648
39072
19744
47951
67241
45237
21368
58326
17246
45734
46764
55702
33488
35763
45457
40263
40461
38299
88797
51947
41186
56848
79525
23291
60729
45887
20131
37869
46612
23979
62544
88918
78936
18582
31040
54537
86646
63339
20172
59958
35457
23239
19173
55853
37836
41990
62617
15533
44551
18429
47605
36570
24847
23943
28953
33519
50435
43970
57062
43578
29110
74512
13741
32334
48253
30195
33163
76829
63960
58605
55411
58634
70155
69722
37482
23739
75320
47955
69247
40061
43331
80012
61446
62678
41525
63420
40714
67195
74308
47126
80016
41823
66603
37277
40173
59966
51939
19418
55875
32555
53853
57198
53004
25517
22302
55086
43485
52250
40043
73171
51205
62969
34702
48191
31514
65123
68790
41429
77920
55916
56321
20584
28971
51553
53299
32317
50508
37429
31903
55163
56788
45015
67063
67848
43608
18294
72536
44633
16927
34294
24993
49894
53655
67899
44183
20328
76586
75647
58757
59753
29635
47243
64676
16768
38582
32398
69659
26859
78440
39979
49619
16686
38284
48186
70934
47858
68428
68253
46849
41570
43789
60754
71223
49691
68732
59594
56313
45455
47438
38975
65261
58898
71478
38696
60696
64708
77859
20247
50812
46572
36115
66727
84651
14445
57612
36038
37149
38772
9834
32513
58229
16788
83160
68236
46757
35417
35006
44684
44456
58992
49852
32675
82668
56529
34085
33109
36085
42052
34187
18084
27023
79382
45631
64887
30750
35305
81945
49376
49013
43463
64601
82354
70810
50205
22407
99629
23291
20714
34975
40788
46071
50367
67334
26399
49550
24311
50694
50025
30035
40656
68773
38696
12807
56899
42313
43237
55367
55151
46095
60974
64761
46861
46679
25568
39808
51820
39221
36122
54527
77944
38079
56605
34308
49424
42560
58585
63946
34130
78327
81792
41724
71086
76863
35160
35344
43312
21271
26610
65324
29771
81611
27578
77800
51350
63322
50696
53927
27215
26692
69986
72527
43915
64183
29072
9270
56023
53086
16216
60869
21377
45815
65376
50378
59755
37719
74678
51827
34074
37133
33191
49155
28012
73964
70253
41092
36250
51944
17051
61400
38631
42451
54871
58269
55915
47095
46489
77034
48321
32636
63585
37418
64338
29466
28491
19411
62973
25349
28055
65175
53811
47716
56895
70416
36329
39953
55561
85885
32789
71818
63375
78935
58758
33436
70119
72687
41665
82229
67550
27883
26619
14543
52694
40983
42930
43602
53281
42750
46764
62307
58985
76718
55200
11593
41713
80036
13656
48380
58182
27305
23787
54996
62455
72164
53502
63886
44625
77080
54365
54626
43115
46607
47010
45266
67777
40402
28361
66569
33168
43028
39897
35939
75851
32302
68052
40187
30778
45712
35694
43678
41748
20981
57763
46739
62026
61114
42902
64875
37414
56459
45943
38562
35437
78126
38055
18423
61030
60583
73234
22988
61313
67284
27691
63896
61274
58213
81993
53896
57669
45328
25550
18325
71413
58682
24975
28057
36348
65953
80661
21126
60862
47962
65809
76418
30008
55768
15125
50019
84522
23950
73140
71423
59294
36414
78856
35542
52503
57499
36110
63247
81908
51016
71973
69355
53468
53815
66238
61755
23147
40846
48529
64033
38715
63183
63576
32689
67062
60444
37634
48326
72454
21617
21854
40288
62209
54197
53438
57760
15883
58666
43666
41192
64746
54246
34434
35350
47015
32692
48743
42277
84355
36461
60687
84212
54860
42682
73133
34833
62104
27216
29561
44119
52417
46723
54341
58675
51133
85550
29064
39125
67916
65467
46403
43211
62417
46808
54848
41094
65525
22969
8961
13484
52561
40316
64820
31783
45901
29508
40776
57690
65992
63331
39374
25339
48474
30873
23831
36985
67669
50708
57177
62748
32299
58333
59858
28124
59343
22876
56900
42430
58290
42219
37728
28086
37337
37532
52094
23752
65232
34983
67130
35828
48353
76312
19739
50752
60451
54159
57481
48858
16333
71331
32959
36378
78571
28883
56459
68636
40814
39849
48746
60614
36685
30457
25280
46484
71506
30513
39974
71913
37638
50293
32803
65791
49663
71086
39350
54002
61053
48785
83472
44376
27946
64893
67368
42721
37687
43517
43165
46859
37509
60724
52564
76239
77383
54930
68481
39715
34315
45199
48527
82389
52845
52592
50444
56377
57162
65907
57148
79449
62474
44357
55296
61082
18907
50400
33888
36963
71431
81054
31472
39248
60244
61080
15552
26687
43356
14515
38649
38230
18018
82671
35415
38948
54324
33504
31374
25865
41875
34148
48126
42848
66165
15881
68107
64235
47784
52125
18919
62163
64895
51384
51684
34095
46779
28400
20906
57602
48882
62828
49591
25393
63406
32850
78350
35668
50767
65690
53156
46106
59304
61366
56912
41847
72382
72877
45546
50906
51016
72739
45861
25324
42191
49130
46237
48382
30777
47413
60783
38109
56355
22251
33290
73471
73396
15521
52510
33235
50980
70702
41323
31548
41291
58015
37733
65440
49266
42944
58464
64921
36583
58486
42563
33929
59296
70398
43540
68405
16095
62285
43089
29645
57557
61018
76759
38551
59697
72578
28618
67390
71158
61052
71777
42337
56245
30667
43412
59126
47150
42924
37550
43706
39754
22399
46020
32790
49901
11756
31673
34628
21008
36301
28577
39656
29435
46024
31625
65942
46314
23843
37485
61870
71094
63508
40263
50166
28866
82653
39173
44553
43718
59279
62913
60510
64294
41404
36737
29798
52152
43545
34494
71303
68960
21464
75314
34247
40511
77792
52723
20984
21003
23652
56838
50672
34867
42449
44643
50079
51995
35810
20650
55229
56614
25253
19723
68033
51808
52716
49442
32135
24635
29963
38018
24258
48692
44709
68158
72909
67924
44079
41021
34790
71923
49673
51060
27473
53787
65295
19611
43163
60815
49667
12369
57865
54957
44556
74201
63966
65219
28449
60438
60373
74321
25396
82190
64435
68231
31667
53788
51308
86348
23425
59726
21079
69469
18010
48346
34086
35798
76336
33116
28509
61395
36588
69704
63177
31446
73018
31650
65643
21891
73123
72496
44282
52679
22803
72762
18439
49640
36679
63599
67369
62936
52565
77909
60032
73813
42229
16337
23425
26225
61308
28726
86073
53224
58160
35520
23146
35632
38507
39462
47181
53445
33555
58751
62284
41645
31008
38331
35395
42399
64332
58231
41096
33711
57712
15337
71653
52278
35594
29575
45266
49369
46556
51453
74813
40576
60297
56020
72481
66096
26426
55442
63592
61151
20568
47224
84966
11118
20791
44087
46520
37049
39064
24818
34239
80077
47034
44834
74540
29266
45202
75601
50615
25108
83000
36118
81365
37432
71632
74148
75355
44353
40462
64578
25169
62998
43682
38667
50463
58350
26708
60812
50401
48544
65691
49381
47861
51775
59135
31481
44259
33196
44722
46072
39856
78204
42579
33522
82094
75111
38782
25117
66835
60466
65926
46814
58789
50819
39185
21034
67558
60441
22012
55221
62120
68506
43740
79810
34898
37171
76573
21541
40038
44971
34084
48809
40510
32554
16612
51487
78931
72343
57620
58405
68789
48490
55859
68818
60062
40425
41871
73803
19929
19448
31488
52784
44644
15625
40696
68447
44313
59518
76618
31276
40507
37153
19365
62002
40062
69778
30743
64858
60343
76859
73613
64598
54773
45877
10639
26238
43202
35497
39341
39492
30302
63046
54617
53176
48352
20862
66323
50141
47363
41813
33928
24066
45367
50520
19605
51199
81113
52739
42902
32115
41085
71891
27622
46640
56954
53277
60922
27861
40927
32170
40406
81310
45025
52561
48913
27618
49949
62585
68260
52896
9454
34958
47076
26242
79623
52413
27830
28950
75486
64373
17175
27853
69412
61592
62479
61574
58681
38076
19365
62638
33772
65462
74227
21882
14825
54600
48281
40180
43335
66847
51279
39152
48144
51287
74067
79990
25458
67473
40367
67200
41860
32089
46793
52850
66719
46452
37420
53188
71316
9683
64531
57439
35483
62778
45115
49253
59149
45958
49645
41140
33795
31907
50604
27376
49379
54564
47668
36756
23384
62521
53300
59443
45216
49016
67807
40158
42661
13640
58791
59107
53210
53338
33911
48022
33750
36260
69978
49141
24533
25043
63490
53849
46923
84573
56849
55618
49452
29984
55862
29460
69509
68681
41526
41223
55904
30854
55515
63890
73274
46859
66770
45866
70148
59142
77969
46729
53372
50444
29247
60086
44591
47214
42577
66116
44145
60687
17306
62072
71474
40120
57092
56215
32129
57471
65121
60691
51999
43049
78095
23048
72178
78303
38574
26000
42064
48384
28899
35591
22069
32658
75675
61545
63844
70663
75459
75846
46752
69723
36366
25302
70761
78748
48451
25951
37709
46077
39480
67426
49154
70154
37405
33165
61956
53166
47508
60065
36585
58865
52415
58618
48514
36157
68668
41266
55072
36444
38553
28535
55446
23996
49683
48165
37553
56707
67631
31525
52311
69930
63669
25775
63017
77293
32632
26555
53522
72043
30622
54723
71894
36902
29809
49580
34825
51413
62239
20547
47638
41946
58634
79953
70701
49265
52390
35944
77000
26030
59660
81512
30744
58052
41531
46126
49090
33448
72604
66295
9265
71569
15676
35944
54753
12497
54986
47894
40035
57243
62804
44561
21586
25327
78900
47024
85152
40822
81084
63414
76587
50099
58629
57510
39711
59620
15211
60852
32626
58885
44504
67311
60829
27586
39781
60103
36965
34164
48593
46854
26478
14648
41892
45138
47283
14048
13771
30007
60283
26439
59053
55178
39680
51959
66796
28797
50952
25149
61349
60128
67064
18634
54244
67461
40857
53357
50000
31906
51223
62337
46098
34291
41608
50975
70295
24353
73417
64065
42082
64508
67837
43175
83055
41311
47656
61090
34094
41897
67650
18206
33478
44321
70577
52176
34744
60631
43330
37628
81054
58333
46103
65231
19196
40709
48219
29532
48736
18417
23382
61162
38275
22830
70627
45338
45552
63633
45398
18010
59526
49791
36755
24734
47896
28161
46669
68870
59718
57247
50558
61059
21830
49713
59952
41163
17262
45173
58977
48956
71668
54925
22771
67481
65341
73850
26350
73664
63927
39613
92752
62721
24560
69484
55325
75721
48992
56677
70272
39220
63452
41005
58704
61280
85617
36795
57324
45269
23772
74772
71688
55052
43073
38746
63063
74556
64490
44476
37158
76861
45500
66283
51679
38955
22379
42105
43407
35727
65773
66785
30443
52928
84465
49531
54580
78004
32596
54632
35847
29387
46633
58080
64638
59100
15093
16714
26991
38764
47786
76674
51110
74091
54567
68049
65030
26330
21700
30794
43053
59618
57254
35939
61771
37370
59742
20334
16633
37334
66558
28756
14281
50376
42768
34343
43141
62024
48946
57534
34759
47925
54861
65700
49665
22146
46667
57346
72514
31371
60776
70983
82923
46462
58136
48836
43436
36616
62044
75004
65885
72397
41620
35503
65565
32015
50564
32555
46607
65932
57952
42794
75217
44098
52471
70711
30739
72464
20221
33866
45509
67033
37491
53284
34600
43789
55524
51663
63823
81927
38106
67312
78704
56911
55437
43327
21038
59616
53189
74643
14052
62054
55488
56180
43214
22232
71660
79863
60169
57218
15788
45740
16298
48812
41328
47009
63897
77007
62646
62194
41627
46538
78818
25066
41067
60146
38725
65769
36410
15034
29324
76807
33357
57929
85465
34929
75199
47124
51927
31044
10321
47636
48437
64437
57811
45375
52210
39155
34366
35964
57321
16348
73277
72780
43543
73987
33777
81333
20267
83726
64276
73186
77704
57000
84341
26306
60735
45424
39606
54944
72198
37334
45619
51537
54251
53364
25191
51579
74196
37475
48771
49029
20621
57967
27249
65336
25761
45776
33652
75580
49199
17175
65778
33506
52381
41687
36128
37762
45020
28122
61078
84239
67993
74391
12436
47784
71759
66214
67918
48342
39145
28559
62150
42174
42434
31450
34320
46437
34838
20735
12637
48070
41022
59072
58877
69430
50617
48423
57007
50033
72930
49061
54291
52417
42559
59762
38452
40227
87214
81731
48953
76486
62666
14582
66286
75605
66954
62128
50427
30783
55346
66880
30797
32269
64430
46942
24246
56357
54152
58161
54277
44615
36554
78835
63624
53516
17889
27603
55719
21738
55348
33117
66111
48919
71436
38815
57063
78870
43367
66568
46107
44297
21177
76996
75521
51060
68787
71164
30549
79595
31834
47054
19829
38507
68988
44716
32314
18218
62533
48379
68150
35464
70588
51605
23973
41449
39228
59341
45711
35852
63320
82720
57476
45789
51495
29444
38844
46603
73869
36358
43783
70224
58493
76330
32146
51172
73580
77096
51221
80950
59658
52515
17363
63154
71845
88642
46619
42198
28315
41961
60026
60770
82027
75785
15925
37858
26080
49098
62322
45474
45749
40928
72284
61744
59577
81084
54237
45963
51345
75975
51196
54168
33879
20338
59422
54656
55777
27524
32150
67040
49289
31893
48125
14090
33284
52433
59990
46396
68321
58406
68460
65222
66822
43694
48187
49460
64528
77922
67456
25110
72170
24835
55771
40891
59239
46373
77331
37040
63414
25761
36425
51157
46622
64801
48214
57732
70622
35204
77140
26892
46901
60570
66234
61198
70921
56308
82361
38455
44355
79352
28567
27115
66833
41115
74141
71048
72409
65467
70454
48692
26880
42627
24221
55737
42818
75801
51325
27515
50554
18484
56990
30740
78771
35545
25257
19666
27308
28228
16011
58873
77747
46950
28838
53859
48503
48060
30433
44483
60917
47139
80178
60864
13161
35522
42987
19894
63156
32023
47789
80119
23645
22165
45612
48215
30913
69275
58778
43204
47744
67575
31216
57674
38006
50076
22130
34541
81195
33719
52314
16762
19651
40199
34548
55439
36387
77228
26039
69425
49851
60381
39489
32168
42946
72120
62819
54628
72667
50826
36629
48121
50233
67904
52827
71118
81118
64132
53560
72058
25812
27895
48601
54207
55593
47085
44171
49475
39122
39464
77416
63059
67392
46272
56007
23947
41728
62614
57689
29302
54419
42700
38468
40214
64611
25209
44866
33807
39127
29400
37622
82872
30669
50815
83790
64651
34007
59045
33516
47089
13683
43334
81066
36296
77740
68670
46263
30855
85861
48919
35216
29552
45606
63443
81778
77296
42532
51390
47423
51422
16735
30859
43501
58392
43615
28047
41067
78618
40231
26452
40246
78966
23737
12060
35584
36765
46802
27484
42369
54878
28795
49669
30615
65766
46074
49268
31107
43383
63707
35662
64555
73096
53129
75940
57732
45000
41087
48540
62041
69601
67538
19945
46649
26266
39454
44197
26672
62352
38584
33586
38136
36778
53021
46380
19810
51621
29719
28634
45992
84796
23156
50061
52151
70473
59039
61388
75332
64741
20996
25284
53685
11421
66015
67049
14690
25429
45406
58919
44002
44716
17960
24839
51057
79143
39889
51960
36799
46928
61811
18872
51271
47789
36679
81221
27933
29598
54896
36825
33636
60139
63896
63356
50156
56883
35093
82089
76107
55579
46700
53659
72346
30678
33505
53945
61966
56763
27007
59796
44206
40276
46579
45987
71495
74474
20397
67196
26412
37102
32049
35497
30518
66594
55027
55510
34572
42128
46311
58288
66660
74299
39409
67228
59405
43021
58631
54898
62758
37536
28311
14921
74420
45790
79743
31456
39876
27585
79947
46299
47346
23778
23702
39131
36327
59972
63773
44159
76872
82949
53040
49621
24291
55836
47046
17690
75507
59026
42041
64151
72684
49641
68596
51679
29396
76741
50704
16732
50479
65095
54303
61616
64397
64082
37618
23032
63896
70152
51686
50441
36992
47107
46186
59846
59247
48979
83476
28896
47351
67397
15878
48747
61316
58801
63563
70557
40356
55933
49769
54287
82767
51092
61023
76358
45893
60430
28487
34412
57644
34936
36237
35277
64006
38312
26859
20256
18341
26855
33478
43198
59444
62645
32690
17820
48990
92113
65062
18945
51724
76053
50140
33074
82407
72535
57243
80657
60552
44944
56326
39690
59824
64209
79202
52399
22200
23899
60386
28959
43085
54964
70201
40546
21921
71908
28007
22358
60953
42318
67349
62964
33437
62926
28033
60475
61789
58140
36773
75407
47901
29460
57290
40141
49085
34405
37757
44412
40729
50855
14263
42698
37801
65961
55286
30492
45918
54444
47108
36726
51503
47060
62418
39186
75207
52281
12217
18131
56986
67275
36303
62878
47449
42644
54254
34542
64813
65294
44951
37424
46113
67645
59179
69408
36251
60840
49459
38834
74808
40512
41956
31986
38937
39185
51298
15235
39672
35096
30604
68020
52009
57988
51991
56974
47398
62327
52476
69566
63499
57875
15108
73565
27263
73802
50013
65619
34118
72417
27794
81947
26759
46306
48691
53673
36289
42566
54754
44663
35471
45143
77295
57890
59243
55063
59853
68340
58492
43303
55457
54021
53616
49772
51536
57906
52899
58017
14929
51915
51120
49201
78951
32535
38286
68665
23447
61098
33859
40739
45333
60844
55391
58245
85601
43739
44513
70712
60329
62880
28738
25890
30750
41125
70694
63840
52333
53881
78932
37727
29006
65055
70406
66249
54592
57579
79734
51436
39753
15425
21609
61763
56959
35630
40235
61920
47427
48064
76844
85874
58845
49617
37879
79165
49705
43090
30355
45870
39786
57517
61652
48115
17457
34098
35597
50674
12489
73411
34275
49459
36640
26903
17590
31666
48504
65610
73090
55577
53605
41814
61409
51861
41026
77677
73873
56409
37494
36127
60678
63397
65087
22983
36171
69495
76356
65462
57863
29582
17752
56301
84528
31492
65224
48987
54711
45717
64126
41343
43051
23687
55772
56914
82905
83600
54452
40359
20719
28806
46624
26589
77214
55896
47723
59761
60282
19121
66090
43982
38242
32041
35124
38964
65788
28110
50984
76640
73131
24797
52241
30794
55654
71830
55746
74925
45171
44899
59996
52917
70524
70594
40945
38304
39052
54554
70105
23935
61129
57675
83479
49346
52124
36264
49451
76447
51186
21987
15128
37480
39343
52708
79737
47549
50071
76287
38964
48002
36877
63751
46458
58055
49852
35463
50945
29500
41281
39061
39823
53445
51499
26086
62458
18571
60885
29963
16281
74333
39736
74405
51369
55342
71480
48049
29333
48689
61794
32831
47547
46338
32569
48323
71748
58342
57474
66915
52747
46552
82525
54052
62012
39552
53122
49425
32635
39081
30853
59832
73286
32982
34281
34685
55332
67074
58052
25079
39289
43582
42814
37361
29614
57178
30400
64737
57578
43126
61548
72713
53092
73301
73239
81407
49170
42506
54289
40182
56085
55615
35712
35574
46167
62306
24883
73343
71977
49754
48346
77270
10439
35966
17392
43643
81187
31531
45123
56280
28699
49988
38639
32427
58462
49219
59804
40719
65567
32998
55288
63977
54051
33083
82722
46758
56605
54654
67759
38113
46694
58140
56769
41985
61835
59210
36312
56498
57818
63759
49814
38826
39068
29545
44710
57286
50741
49067
46782
26828
87169
41982
61207
34865
75447
47532
49466
36050
60720
55104
36074
45415
28435
57105
22011
38268
54030
28920
68871
38117
33995
69546
71054
63615
68522
59907
33085
20550
45691
10975
74089
34995
57110
17023
24221
63317
17522
17885
59474
69062
40400
37243
64751
35172
34044
19931
51188
69859
56758
34136
76259
39225
72408
52157
66452
43420
56738
50675
21143
60056
51249
46910
16735
48791
46917
54130
79835
69578
75305
33241
54528
66107
27110
36099
68272
44890
52476
65806
45336
68183
68494
32909
32409
44147
82509
20441
16416
14519
57383
36223
35864
42165
59641
57974
78823
41557
72223
83594
42458
74026
39038
72683
79743
66712
25444
64748
61663
49072
45181
59660
57136
72400
15161
55943
37380
64225
64448
60747
58662
74614
49060
71327
13491
59561
45034
64926
49464
71736
51302
25017
61847
70038
47677
53561
69773
67900
52907
36149
30496
45219
31418
33038
23288
73293
36306
24096
25924
81905
42895
65805
13467
63878
37793
22648
47198
57590
43028
27802
65318
25913
31102
37561
68621
39935
44705
45630
62293
58946
24415
48050
61329
50095
37671
35215
70411
49138
77804
50029
37945
32024
45359
37450
37500
59949
82075
76457
66323
62298
77003
32933
53370
45805
47632
72173
34895
58948
72512
50547
70072
64543
31026
52891
21896
52612
31974
67742
76131
39581
63460
30693
29561
37733
54318
34946
35750
35717
56516
25200
42112
49935
40851
48869
52533
43542
26396
44465
73664
28595
80473
44424
43123
19468
67841
31299
67183
87461
53908
76992
43378
85517
34185
76271
36737
44339
44862
37848
77622
10894
59637
41304
57477
52928
49640
41392
36717
53706
19383
16671
35729
32119
61961
59822
17048
38615
13046
65081
44264
54294
47711
60061
58330
51837
20557
30599
49445
47560
32946
56964
30194
47274
72928
40763
30710
73478
34673
79833
15150
69158
21928
63620
46750
54509
45801
35651
58666
41921
27522
24130
50810
37876
40400
41858
39028
74629
49079
51892
66384
36220
61618
18359
65687
31801
55942
54274
42365
51612
53383
47638
28199
67740
60233
45652
39574
11937
36402
87076
54970
57050
54667
79857
28744
44777
20154
76697
18686
63852
56838
33780
54419
56346
10456
67020
32193
58163
13612
49547
56031
61365
51701
78817
64997
26696
56558
74625
46667
58718
53148
34195
51167
25654
79977
19126
55056
40071
85037
49179
44186
17259
78777
15837
59892
18040
54198
32251
69087
63042
58974
54421
59726
63385
52445
25042
37096
54977
66313
24504
65272
44090
57784
41555
54759
40825
28513
55652
70171
44172
66290
34674
41906
68969
35051
42223
71212
58787
65452
38902
72467
47750
59869
56069
40281
22474
39273
45231
55064
36308
60185
32117
36170
54989
49225
44033
41281
87685
48331
38676
26791
53150
22615
65726
70156
44949
25033
64293
36555
61429
80849
34008
66403
77337
41873
40006
33450
26051
26152
70874
60535
60363
45356
38868
40522
43332
58718
57997
69700
38975
76704
41027
48958
54172
33969
28864
72407
49999
52986
48434
58421
30268
57426
41163
48396
41387
19591
66152
67824
48696
63653
60757
45211
81614
35550
23913
33746
61337
41566
55636
64607
85222
62318
48073
61144
77348
68182
44087
32857
35473
14811
40890
43452
52902
35680
54197
70701
29493
26357
38504
33924
79522
48140
27486
73440
50502
58160
51483
68580
51666
39452
39965
81429
48586
55038
45604
14124
37448
65121
26519
47988
32827
56553
22609
48864
42077
42092
51634
18023
68062
50146
36320
19237
50417
48177
62904
32003
36011
71516
40630
34603
71079
46572
52693
54897
55975
51546
66147
35614
34395
65621
69811
26529
27824
67843
59582
80393
31306
37191
38013
67662
23120
61880
12589
55746
62290
63217
42207
52506
74452
51287
76463
21100
51897
38384
64214
86822
24177
25097
86631
66486
56065
40600
39745
59730
64490
36264
41520
52780
33176
35692
30994
62659
68229
24400
56944
62022
62146
33361
56607
69406
16202
81177
21721
67462
38123
35376
54721
73978
62708
79510
42716
55209
81855
38027
17321
50998
29390
40806
80700
41278
69655
76711
21739
66554
45267
35641
21790
62224
53678
34760
48041
69565
46139
52521
40582
46495
53603
24182
46171
42884
69526
46980
33880
49457
13702
52367
53676
35838
14363
74828
29570
22613
77923
40518
43895
68606
80045
52282
35155
48923
47052
72515
39259
47356
10200
22545
19605
52548
34491
60463
72926
26662
51969
32984
67184
41991
62061
25841
44846
24810
74422
74435
53114
54331
36378
62211
18691
59018
16946
78975
58023
41615
21215
77255
78975
45522
51205
74214
62071
45122
30375
49582
38925
29512
72352
25870
35534
34224
58523
56357
54162
52777
77690
56430
33946
61057
59063
28533
40228
40513
26322
35293
78147
59329
30022
51970
58654
59209
50944
73143
47589
61527
37442
63130
35519
65743
74179
43942
54350
54490
47784
48892
38511
27739
63766
51711
58697
54308
36276
44787
63654
49012
55650
85682
57315
65151
56457
43608
25740
38992
70531
29538
51630
38208
26709
14020
66997
44553
40663
41910
27268
27598
55293
20580
29261
74182
75925
73329
55814
61946
45204
51057
38212
36765
15975
64135
81379
30564
37831
37972
28660
57469
71042
72849
58192
59421
38276
56246
65332
32198
37485
68298
35896
36990
55403
78327
38803
32301
39527
47737
62174
59405
56877
29014
69494
48622
22425
46725
78466
85459
74383
46355
37552
55326
56020
67521
31534
82417
63131
67494
59911
39585
57320
47494
73284
36432
47440
56242
73647
42945
65773
18617
54122
49567
54627
31928
63415
52900
59597
33876
41464
41150
77257
31926
30873
67196
67921
73583
33106
41937
65125
24880
35675
53580
20381
55119
31601
54410
71309
69226
59549
26618
20273
68684
38713
55620
69045
34963
29076
28376
45149
53731
73019
45774
51897
55274
51328
51357
60026
49490
25532
50338
57641
11181
46626
48641
71258
47084
38667
50112
83244
52325
38238
59261
62112
35152
46019
63373
52092
75895
62067
71837
47478
49879
37970
12726
51578
32425
49942
26676
47082
25382
72561
52115
16660
57618
21077
35147
62362
44483
40061
42242
53873
38107
19025
59079
29859
72952
56708
59093
65713
38177
52210
41728
37738
60625
95986
77181
13871
47949
43980
43956
44720
53222
38925
23466
60470
47004
24757
63593
39716
14466
40750
69724
74431
75958
84063
79642
50791
47963
86811
45618
74360
35549
31409
28854
47774
45085
66510
50552
69756
34125
41307
16083
44044
46997
40700
32461
53247
64361
80443
77193
47471
25623
67336
55007
48574
70797
51352
39743
47953
49033
44517
29330
23490
57649
34655
47069
59250
14747
86155
27096
66763
14613
39209
41152
45547
89570
43288
24894
16762
29651
68461
75587
50213
14762
52409
50154
59650
73362
38797
51367
59925
55656
30506
54479
57621
33341
58950
42152
24172
38399
74052
39496
43590
50910
48189
26539
41977
50319
53467
41371
71925
37964
49521
66374
35726
29587
43019
30081
36212
64359
72268
43129
56815
39302
30987
38608
33118
78640
44537
75812
23784
67570
56695
79023
36537
24002
42958
45987
52087
81552
55704
63720
64449
27293
18161
29183
29771
48338
47862
69829
68593
37343
37577
35915
84613
63633
42110
51635
25163
49105
28634
68679
28489
71333
57963
14360
60439
50215
40655
60021
54160
72221
55138
17399
37380
54059
36276
59726
63501
78472
41079
50312
40960
55471
37871
57780
60620
67034
58932
68542
58699
57664
21885
16301
70414
53542
58231
31031
66049
40997
76151
30264
59353
56306
40857
47157
57493
54593
53541
26625
65353
31941
59263
59726
49517
74073
67871
31605
45551
77253
55779
51926
25781
43474
63418
38690
62219
37072
25483
51082
44049
50946
60370
49700
35939
59208
27629
76284
70735
72274
77239
77827
17636
59477
59142
42217
58002
63939
77058
59882
75040
38831
33009
31314
25399
62268
35436
60605
35339
49864
57781
83036
43785
71156
51945
39349
54199
54621
45132
46530
86152
83105
37258
40824
60979
65054
36066
62817
62265
46826
62539
50644
21424
54341
44775
12832
40975
30334
65777
34920
35355
58252
40043
56927
28068
47606
42118
28299
27898
57323
36729
46389
64320
47664
37866
57845
48932
29035
76663
67111
25140
40780
36176
55329
76112
51867
35992
30848
71397
30542
33812
64283
37275
57319
41561
42216
76126
28240
54937
52308
53064
28262
18330
48012
35086
67178
26558
32260
36081
34641
75037
22554
67904
72054
35080
36351
39669
43284
46436
28796
72571
59828
47471
53221
50006
56812
56632
15315
60434
39499
52105
53101
54534
45499
56315
44906
27608
32853
30694
67303
45043
66863
31879
54625
22781
19235
29085
43787
73751
35509
13047
46265
65158
28257
42704
26978
24316
26330
45291
39911
43047
65757
68083
33129
48915
63580
41196
37201
32116
47269
59710
38800
48132
54170
73604
70062
86773
52104
50373
42999
86621
61723
78343
18114
49416
22514
35466
71964
78675
23223
44629
49401
45407
50899
78174
60804
44995
23089
54944
75012
20307
47830
63346
50531
44507
37949
35124
60960
46552
33358
67867
40282
53799
25958
42789
33367
50399
56561
80341
48514
29156
79999
56846
45697
46843
33969
41355
61403
54337
45968
50041
33992
57563
51275
63167
57855
43358
70474
40701
45507
53896
24417
46674
48186
61261
38201
22596
69433
60493
19217
50792
49340
14150
33077
22962
57345
79400
35989
34273
28655
69645
65811
61533
60688
44567
67796
72458
48325
24960
44433
32786
52580
65012
48388
40385
38285
79989
14848
53530
20186
25628
17880
54323
64601
61554
23717
84078
52368
32975
46455
71879
20610
42559
57859
34698
67760
66552
37426
50573
26925
53746
54923
48784
48658
33665
88143
54753
41435
48386
62366
59699
27742
38904
71368
52560
86546
39561
79440
23241
31544
37086
50578
62119
31173
50214
65582
48918
47341
68544
56572
45451
66831
68403
23304
49963
39525
74758
54791
48377
50472
54055
40957
69963
24737
60355
23932
31228
57168
46796
54353
37584
67133
65124
76246
41088
31412
52537
43039
45448
73595
37731
35206
80956
45537
77011
63887
34938
77208
51276
43579
79248
35807
35363
56082
46995
41495
30555
35274
77979
70770
18562
52201
15414
27019
56413
29712
43952
34443
26143
16598
36288
35126
23945
39862
76195
50515
23414
69737
48805
44797
68136
40412
41712
68136
21244
28049
78657
63250
48108
23646
21700
63684
74504
37291
51297
51697
73060
76843
76503
21377
31018
81518
66383
64043
56053
36845
53535
64335
54070
67234
41220
71159
41949
35729
8848
64354
50536
35348
52951
58559
77783
39538
26153
53782
59346
55616
84291
56763
46453
76869
65728
30090
56496
43208
15407
82473
66480
49651
76700
64446
40852
28016
68428
43477
66484
50063
41851
63324
63215
48588
58118
42703
86681
69884
75179
74798
29159
59451
24127
46330
50885
78672
63641
48790
48375
70037
33578
44713
62557
68011
27033
33122
51487
26437
55624
14179
42903
29757
21935
34484
79228
46628
42189
77743
67999
41819
52612
28991
19049
45312
78778
48027
54531
64723
26907
52713
14610
46549
12327
70422
21043
55486
44556
56298
50079
39450
34476
40650
47930
16919
34496
62885
51421
24039
72773
58820
71758
12067
36936
20161
61939
40223
45440
34656
18304
56299
64295
35796
85417
37469
50985
39878
19674
17940
36345
23419
48258
66242
37690
51143
33714
54983
55448
43532
40041
24777
35546
57762
44154
47098
58924
53773
75297
19736
55450
58311
28151
61404
59761
78042
68535
35664
56422
61739
53367
49471
38717
47133
31995
37527
36995
58385
63965
35410
77390
64837
68509
30788
52502
38019
31404
68729
26605
75288
49388
63111
48289
79950
77708
64152
46527
69881
45205
68565
49138
58902
12640
57119
22823
31654
37107
14369
52599
42920
47730
50667
40456
61821
77627
38196
71935
19032
82830
34128
32494
70446
56632
74142
30568
33879
56323
43644
71758
61818
49151
41276
58846
61736
27422
47659
45656
45192
46094
52206
41863
66113
17176
36508
48803
64678
46414
31322
73971
53629
71235
31630
63829
13249
57747
78968
33215
37075
50298
56125
35000
81240
51924
29485
83021
73831
36173
34289
39084
35880
43630
53946
45271
78212
50680
34831
33255
20589
80813
67573
14375
41359
39709
44612
54344
41009
74226
57302
37213
47183
52079
53866
31013
59610
48834
65142
44827
61785
19553
73268
62181
84522
43388
36523
18334
51878
73010
38747
36652
44902
48022
66353
65944
30511
57873
51520
21361
70301
29860
26644
54569
48372
53628
56549
49029
55141
62598
49747
59791
71003
55689
58085
63027
60469
41272
39158
47060
71740
51818
76395
61705
52008
70019
40181
29720
15827
35621
31722
58921
41698
41329
45074
81864
50305
40467
51575
38593
31243
15555
22831
59245
32465
51983
60751
63235
23877
68588
32205
36329
56421
13477
48542
48593
85479
41450
61575
51192
70745
30425
55218
23914
43519
62835
60143
83941
27415
74222
33703
64332
50404
35716
42894
77833
83703
45288
81626
22997
27490
59513
62355
71206
56510
68028
54963
56642
40340
63602
70050
42545
54249
42146
38176
63912
57397
36140
33342
46333
73270
75334
47824
42358
85869
22540
49330
33070
29596
65925
62091
60695
49911
74967
40170
52905
27000
29511
60539
59187
60636
77954
48647
82232
74342
53821
37773
65149
45389
40849
50327
61168
33785
77697
41300
47827
55270
58315
44697
38800
75452
62896
60566
39230
65963
14878
26802
82254
79184
68665
32068
50766
66942
72499
19488
21880
51680
29577
42007
41547
77872
59010
32496
50999
74664
60860
49478
27621
70128
32838
68263
43017
68533
72919
46870
60379
20878
65615
44535
78127
42429
31983
80838
60265
23492
84883
67058
46953
37269
38797
47041
35717
31646
44033
31038
37920
35399
48116
52115
31953
67253
33421
33744
21629
72369
65411
48207
40118
40202
48686
53400
82657
68775
49600
58700
27276
70182
43882
46609
25316
57213
47220
43156
57493
38277
20482
37253
38609
64535
42815
37943
33128
62640
23817
63885
40670
51841
70330
61622
34396
20374
61901
71330
60482
64725
57708
59677
51016
60780
69029
55614
47548
53681
58664
12787
42961
70176
75621
68177
42966
71901
48892
47184
48162
53473
42985
22996
37259
56024
24650
29193
64113
14978
56418
30227
64235
41211
29932
37386
40079
21844
20347
31795
18794
30135
40953
46703
54327
64310
55467
44379
48158
19334
24552
43905
31419
76332
58405
70739
38668
57464
52944
62412
62001
50011
71141
46179
38144
33172
34545
74125
68175
57847
21205
48417
65585
70319
11018
28208
49432
39312
33333
32013
32943
82744
52555
63926
27953
44708
37406
15277
52250
36386
76036
39897
66325
42356
33894
70662
27037
44419
52410
74281
46606
53055
46039
22948
37589
54221
87275
51523
26857
27757
60815
52357
20325
59917
82362
52814
36978
73392
62722
40716
74738
76830
39341
49139
36777
37355
57718
34196
48260
58671
25282
18078
61402
34944
63431
66804
43383
52906
56670
50258
51036
52179
59367
48123
74387
34025
69433
35800
89002
48194
64278
50725
62760
75387
50173
56667
36126
61988
65714
59076
60985
33140
50413
65099
45782
36787
47437
55822
81932
27725
48095
37064
48851
45818
40300
35159
68323
36412
21606
44852
44597
39380
27363
63254
60062
55437
21449
60845
86638
23833
53898
31095
53401
14257
43612
12526
61571
25743
56300
58319
60675
66124
76757
35831
31500
29423
56097
61223
52232
80636
67337
74109
48735
59979
23554
82355
49404
42850
41467
60354
38672
50716
50586
59345
64893
50015
64188
50575
58483
73657
72347
45064
48770
36188
65807
39714
13297
47705
12471
73515
56876
51497
31939
27597
38237
30143
61441
47054
28211
22929
26453
23548
78967
21998
48488
19125
31635
52025
28079
22562
57112
33737
53096
36826
30164
80764
67771
18524
40319
61623
53424
55937
35511
21082
52805
61117
18508
40370
54022
44543
55815
62544
52164
47815
63807
55831
42369
26957
18345
46994
84375
16277
23628
49547
58402
67601
40291
60164
61975
70672
29170
48921
23072
57221
67331
20385
59211
59214
75895
79250
61309
58038
51644
67489
48197
36448
49665
35715
30719
57767
56792
40334
66720
49250
38673
43295
68132
69136
41570
39282
50870
56098
45645
70052
67829
44087
67189
50141
51183
57311
49851
42980
32746
39962
53182
48253
57977
48661
63761
23425
61706
42502
34886
24158
41025
80356
42092
77117
53813
42661
13286
49622
69536
55854
46997
44342
31117
65226
69018
42132
28477
23130
46134
33058
41469
13030
80442
31357
57684
63856
77406
45941
78314
60056
37160
64100
71979
48719
33365
39753
32802
74550
14959
67868
45339
30414
8861
31910
31817
32729
49750
45611
76442
62505
63614
73602
18781
50646
61669
63337
54854
46374
68608
66456
73905
54721
60910
45660
51500
50990
41318
78483
40253
35895
66148
52055
35140
71219
34542
45897
83186
36531
47661
69806
44497
35604
45194
14067
75218
35113
63920
20367
51181
53401
20705
77250
44407
68688
43589
75439
26169
63490
65225
47299
25990
69293
20691
42555
59702
43043
65273
28118
54046
81282
41799
44048
71858
21563
59203
61880
48931
50865
40555
36060
49858
40089
49201
69304
49176
78643
37863
24886
65273
71013
57171
42132
70799
39534
31281
71217
53584
83023
63245
43117
61847
36396
50678
56703
44425
46213
66370
68540
25415
39329
50649
74300
35307
36071
41073
55015
28495
36862
41997
44694
57013
41584
71935
40930
30855
79083
54716
84817
24053
69833
54842
27729
32632
27835
60335
60371
80323
74208
58746
58427
43817
55947
82271
17059
66357
27080
31488
69330
30977
30047
28556
80212
30452
70665
64832
41417
71361
51236
70125
50093
38211
70464
52154
43844
61423
69306
56913
77151
72216
81185
65651
67223
61274
29321
64563
22244
34651
35307
41722
65328
33546
57737
55693
40775
32683
21077
46009
34462
14352
48906
45273
54699
22770
72464
30648
17174
53936
58132
72223
40068
40456
72507
60289
58152
10615
72832
31771
41688
46103
64495
46429
32796
63799
37245
59157
71774
43850
74118
46683
49805
69279
51020
73451
49089
57725
66483
15812
50536
55834
48318
57042
58623
13332
37911
40021
52642
30740
33851
54067
34101
59130
48696
71410
21784
13836
18720
40121
52103
54756
50447
10605
57001
49220
21036
34884
62776
53810
50921
69735
21106
40293
70449
70941
42562
28728
40945
43967
51214
21056
60499
22041
55823
43101
70376
55450
23077
22254
63510
20180
38423
40249
61966
68078
37600
38993
24895
48137
47470
47716
79213
48693
40651
39182
68050
69483
37550
44674
41950
28194
56961
57484
38945
32683
62424
74571
28004
54640
60075
33137
25131
22691
61714
14736
30785
59424
55256
66885
66426
43675
46726
17189
48147
42165
49672
43020
58158
41114
47971
37443
40494
76641
67995
69101
63735
52225
16473
54966
23419
56432
50934
54094
29367
21976
77471
49657
50060
65340
39924
36627
69982
75487
13419
30821
66490
12656
77951
50778
39004
28364
46535
29821
72591
55497
74218
50848
27833
54537
39653
61989
22441
25677
24886
53331
86524
67529
46936
66019
51429
80397
55675
51389
64109
35502
61026
75042
85001
29036
55233
35985
23792
73782
56804
39650
27553
42723
44286
76844
56079
56296
41847
35058
48560
38575
61760
32019
85126
64938
49153
43822
43633
69142
66227
21022
30748
42731
43293
69349
60665
31630
57305
39690
36660
73040
42240
70564
25743
58156
31750
38992
63672
50578
44676
57207
63447
41588
16730
36723
49482
38414
73337
52610
22435
54994
43106
26668
36931
56892
66834
45841
52512
25060
59528
24677
78351
46522
62015
51584
59436
76437
64557
27122
52705
60103
21702
59116
60366
22486
57719
32429
63793
24122
40368
58323
48392
48195
61298
42868
44774
21518
52700
79627
63486
44601
59175
34553
31180
59822
51216
65821
46549
60497
52774
51212
39600
63015
57761
53600
29088
26548
56987
36569
60888
35715
69662
27093
37926
42490
44476
58421
36258
65405
40270
35111
37028
73687
33227
70303
34089
58395
79175
52227
62928
76936
49928
54240
57343
57175
58013
24965
11828
72730
83237
58179
52316
26119
31927
35316
38699
44645
25908
65339
20287
47503
56624
52863
38280
67373
56445
60285
78293
32154
31831
25531
57379
86456
43332
22598
68396
29891
54705
26353
46282
71602
47667
47854
36662
63333
66330
40691
51689
45621
45632
82744
56490
61923
45763
13581
62804
46530
62248
17517
33326
50305
24393
62660
55551
55772
46599
60576
40351
13021
40063
61265
61670
75085
79478
66824
47387
50818
45139
21539
24641
50231
50467
28067
28532
52722
54000
55232
43484
60249
33757
44507
38766
55405
53919
57214
32151
42391
36575
35396
49962
34419
71621
23781
53032
39190
27251
22728
48751
56842
39733
47351
68151
37349
48262
67765
47888
70289
70452
67359
58526
59848
49211
55725
56025
52806
61906
33307
16883
72716
57738
70943
39590
37671
70898
15194
42140
59154
69003
79523
22253
29232
65710
73618
49164
48942
40253
39557
34249
53459
61869
37141
62701
44984
49938
34107
31286
47400
47153
20715
15403
10653
47095
28330
76973
51969
53822
25273
39779
57050
68900
55045
69417
67678
24231
62802
61371
71366
57600
40845
82193
68336
74998
70044
20917
47415
46911
14262
72471
76046
62647
43882
22538
36151
50133
48243
50729
72458
43135
44365
36885
38364
48054
82792
66027
67582
54809
36912
42876
46593
52163
77837
29607
40138
37094
58097
39466
52274
52907
49855
51804
75156
70658
85930
31364
58295
48789
55474
50085
60925
33436
73694
45536
41722
35623
29785
33448
42773
48205
27665
40599
17142
52805
37939
60189
54776
75880
59440
58919
66595
74392
29198
39160
49551
64784
42719
23260
67471
71962
54873
47773
75214
51634
35703
38533
39275
39961
60314
74638
49877
62513
52410
35803
67460
70875
63543
51792
32884
55116
47488
58464
34834
35545
79736
36890
16994
66778
51631
53324
23064
17491
36036
32612
68434
49935
41555
70302
60063
48122
74257
47731
86236
54275
63074
67527
49453
62881
29008
36583
42504
29756
53762
32181
53916
32499
68360
51762
37376
60389
77738
59002
31670
55277
32317
67298
62563
51023
55524
56865
49895
52091
26148
36162
46986
45871
50461
57814
23195
65027
84671
50267
34209
73400
71928
18314
56126
42186
60882
71973
25271
40086
73896
28921
23611
77010
45634
80378
68794
69282
32547
73671
51217
19267
18042
21414
71594
37163
45073
57785
47767
35680
80653
64192
37404
48484
34210
63695
53461
40221
49709
30657
64642
74346
60739
49547
57503
27413
46944
48447
61259
68718
55746
60747
54734
69628
59835
57547
63729
34290
58660
61267
41762
70426
36955
70168
23663
57631
64003
52797
71955
50052
22661
25059
53170
76569
61081
52242
60819
58610
37935
45780
47758
47918
56449
41832
50991
53184
41579
38027
70236
16694
45220
34734
76073
66335
87735
30180
77363
79888
55685
20362
63786
40714
54859
47838
28333
48972
69514
13426
28963
26256
13517
21002
27424
67587
26960
40762
48162
50481
36324
35732
75764
39966
34672
17799
60832
68504
52435
39119
73422
30193
66929
61503
56606
62481
32353
56160
49923
77928
76049
42385
49686
43035
34815
68347
56303
42716
66650
42367
55831
23278
39386
45292
69576
60694
26771
33928
29857
75457
37600
50468
61295
74894
56346
48926
69773
35682
35143
85886
39580
77234
41074
41070
64849
25364
55364
30038
65637
48335
52495
38425
76199
42026
23198
38700
81421
53269
58812
54636
72509
26845
42301
65122
42962
39208
62465
42503
48457
49191
43087
32705
13598
57064
32716
81279
26274
57294
59712
54192
50242
50058
49645
71459
37168
67251
73128
32872
64478
38163
64126
43378
66944
78829
42829
55932
81353
38201
41066
41943
33097
45819
66217
65100
39103
63180
54340
67502
79890
32956
75162
43638
47004
71896
46872
41203
71569
51839
61523
48848
44720
76501
75181
52747
48609
60720
27898
33068
34074
44124
70660
50063
57292
61033
47233
32879
53525
85029
43526
77341
38116
46967
28439
57028
53736
48639
43048
52428
66059
55212
76567
43273
12032
80149
36628
80259
65431
39963
58868
46795
42430
48851
45936
72060
52202
78418
43273
65722
55107
42442
26140
43960
56313
67096
46412
60628
78094
44167
49232
59559
43135
85549
38105
78412
41044
18749
38198
43905
70843
47176
40599
41065
33644
51094
24861
46020
47111
64755
29500
69012
60449
36280
43819
61067
40298
27859
21340
67676
54764
12000
9490
56931
58431
35981
60785
31745
43252
46783
38217
48904
69826
47381
69852
71224
14416
41451
37075
27496
68390
36323
35693
45871
52041
54389
11737
54225
73523
45955
59644
24008
49664
67379
65238
54268
34005
48757
18464
50505
67348
69487
29253
70843
40439
54079
56293
44700
20407
32154
28680
64587
34361
55922
30293
27342
53751
57971
36232
80449
71553
38656
27694
43717
70970
39836
37385
47936
22580
59255
49011
55134
39538
43499
50536
38507
29695
32376
54603
49397
64181
31404
40491
61085
58902
32962
58009
40244
33585
17275
33036
34435
49456
34147
67277
83219
47345
12779
26363
39129
47296
33032
22259
71046
64173
64040
49937
54188
51025
60354
63099
38386
17940
66398
35088
74603
76298
38211
39788
45254
63337
12016
49107
60846
71891
54262
74710
31949
43185
59040
51975
35805
11766
63159
59869
31995
66437
79955
42506
67338
63076
54734
71681
62325
57865
54346
37298
45565
56693
50792
64865
44873
51142
62178
