75671
47041
62500
55929
32567
57270
64987
10329
51276
34062
60427
36775
82248
61119
44254
64906
55762
57278
65848
59996
57710
29776
43169
66514
52336
54026
76810
70493
35146
16673
53466
55190
74401
27366
79323
27493
55502
19162
60046
19588
53467
66451
59649
54525
40408
67579
27587
39069
52940
38008
35243
13534
37585
17331
50622
42206
44294
56035
42847
36698
34138
85378
65732
50369
37160
57951
54809
58477
57232
49595
65341
54392
70561
55372
65381
52172
50930
57159
52101
47175
38185
64870
74837
56831
15518
60554
48766
76596
57407
29191
13387
38328
23572
46638
28756
43706
43809
34837
29730
65335
69037
55590
45853
60879
62914
52000
55975
40646
83265
26180
32091
45063
51879
36354
40463
52864
30407
67708
21324
23004
47010
20692
76856
57156
41395
48413
78086
46192
47454
54181
54805
37252
44689
15686
29502
55765
60476
19510
27641
46502
29405
59542
38147
60144
55047
48305
74133
54900
66162
28045
46189
12651
68361
61324
61810
7717
63218
32493
69601
35728
37161
52195
15487
39484
55429
49365
55178
42374
61682
54408
48428
26989
30715
52083
74844
57953
56076
51267
51223
42627
60699
43759
63089
60027
34640
23639
15422
79678
41342
63879
87201
42545
45345
57106
54673
57649
46532
12044
61918
49388
49105
54037
35265
57556
33101
34246
24412
51003
29431
51397
45144
50227
56050
63843
45547
72980
71133
42112
49131
50112
51821
70979
13713
82095
23263
54251
77984
72544
29675
39592
31583
38505
76129
33820
50221
73320
59070
59112
23268
31159
44277
35753
74885
36608
49497
58843
60057
44535
41523
72997
52008
52749
80682
31847
14980
75383
65298
61131
39420
42329
43538
44502
28847
49868
71912
42758
20992
40111
38037
45426
61445
44068
68968
32296
59229
63444
28337
42125
67404
30878
60352
49677
87555
69045
54567
20130
61598
84194
29175
59339
66484
71198
35664
46958
43698
57949
70151
46550
12052
10883
75906
51790
51839
85134
59653
28223
37464
57631
60033
58641
49293
60790
46296
41606
81040
21723
16510
42220
62518
70092
47924
66020
57422
27388
57833
27517
64008
33428
46688
57449
52853
46345
60538
67104
64476
23349
40850
88544
60557
18413
52806
40167
44437
36697
42420
18004
77716
40574
59650
53521
50808
58767
63546
67351
67574
61136
66394
39676
45509
65896
37764
64787
43603
72771
28882
75925
23327
55125
64487
41153
54333
22038
11921
22350
39922
69401
45162
22665
62258
65791
54303
48467
50731
41222
52009
31298
65376
61062
73472
85774
43434
69694
37511
35459
72456
71344
32904
85086
36073
59410
23966
55817
38586
13306
36198
47684
36276
64559
38553
45386
33305
42305
60940
24418
74246
57158
55283
67207
47066
50971
52987
46135
44441
26295
33747
51204
13830
47680
29824
65961
77928
55344
36697
39899
55678
18889
54602
39295
65202
10097
60836
39469
55471
80013
72522
22042
61316
44310
37826
69259
49497
24643
40960
20643
34608
62962
62353
62611
48322
41661
45115
42383
38859
39006
51220
42634
46716
47984
19603
41789
38047
84090
38930
55681
59861
33619
57321
29474
18291
52725
22009
49688
70799
71459
35575
73455
43790
17031
32515
64321
47002
13037
52558
8910
49746
44180
44432
59927
37296
57064
63550
41424
44353
68926
83281
82060
60053
14709
16057
57669
55254
77389
57685
31859
29112
36992
69165
84448
37682
30069
48146
80917
62378
69077
32741
26728
41987
60977
38999
63648
71085
21923
81499
59572
53986
11052
60082
21041
26458
54821
52545
18134
66397
65804
50669
29177
34351
48307
73145
79100
55284
61163
48271
66726
33514
33662
59470
58466
21885
63094
28743
59793
26236
38796
81875
52272
64122
44976
43303
60234
46588
56804
53751
32953
53278
61513
40786
16176
32259
60542
24826
59601
59019
67436
72534
72698
61760
59905
88527
58109
51808
37093
45115
39679
70899
69832
26525
49313
86054
58306
29723
41566
77713
35100
69551
30463
43867
44355
19217
39846
45236
45660
62454
32383
59157
82883
39779
43924
57989
52992
11978
46718
51630
54832
58860
57072
15966
36170
48078
39437
14440
67496
45491
34283
30203
62984
70918
62981
42778
66323
53517
29453
52231
63724
56678
37061
60926
46788
49190
58668
43714
76545
29383
81271
75245
49238
41275
34513
54002
17974
72935
48363
66646
25767
48457
41681
38447
10747
63091
49580
52389
72162
51733
59948
62409
58001
81450
26512
43722
61942
54480
38689
62990
73639
27071
79018
80085
41266
71379
74782
42379
61903
75403
77446
44041
81959
59073
28908
49044
30587
57806
76024
59741
37128
59128
36621
21500
58730
64537
53894
27524
75778
47214
51467
23267
37913
66342
45179
14546
62599
36520
22542
23830
36667
37263
64909
76012
37061
42032
62159
54722
59535
59543
67470
49728
37894
62984
39576
44997
37392
32267
26762
62814
47063
46921
60678
66827
71154
24832
77384
31043
36130
63911
50145
46057
52084
46434
55174
53825
55743
60045
56669
53588
60197
39554
61285
87078
48887
32067
28861
62121
42623
46530
21166
36437
61599
35510
43515
72398
22575
81012
67071
37238
44900
34168
53805
52246
38249
80312
38422
29351
70564
39907
26085
36085
60764
55287
75611
73092
52513
32489
66186
22440
37338
19752
25652
66024
58155
65384
40897
54151
66530
25418
31386
77407
23277
31187
60973
61613
15072
36156
33442
49765
54545
65091
75109
62649
61726
39953
51479
74920
79469
28830
79676
44957
54083
80286
26590
14896
62899
29716
72237
58056
77386
36339
42608
69312
61301
35284
39887
45600
43339
41551
37712
75439
49374
45763
31656
68311
60174
46240
36636
15766
61697
28469
47915
68699
45861
38505
43673
11678
47723
67309
71791
28042
39931
30736
22104
36447
28445
80107
47451
42125
48391
56114
61776
82596
54711
21482
27525
55905
40899
12938
50471
41603
50329
10429
55392
43007
80908
54349
23810
40948
18383
46649
59727
53306
81431
51303
63628
41863
20556
20156
56454
26907
37496
45054
65120
31998
65019
54522
22219
89167
40045
82107
36029
85926
68157
55161
15270
12735
52028
75157
34542
29240
56458
51320
45401
14060
71814
63791
35145
65756
30096
63135
67483
37673
50186
24946
61641
76625
67417
59345
46171
63781
46428
19544
45768
37004
57207
48475
42051
40216
23641
80674
68834
77145
80260
52949
37354
29775
12310
39259
46230
53864
46846
30937
56130
53243
77614
44329
28282
61638
12888
63567
68648
61710
27793
47723
29392
24039
38076
19903
19783
50343
29803
63693
20794
65157
48231
58587
29689
24676
45248
76126
18659
46546
66960
70749
14637
46471
49792
26371
48589
25255
37847
51696
60253
33082
34775
52381
55175
37008
60600
54098
42887
37963
46308
35632
35295
50109
25799
18531
41256
83361
64300
46804
41001
26891
25762
66037
38645
87842
53537
52003
64920
43410
85517
36253
44100
72326
44758
78698
60680
36769
59929
58172
63451
50964
21052
29595
23515
43432
64735
20860
13611
25711
54576
58389
26476
42194
37506
51323
73138
63292
9408
59648
35237
26793
41573
72330
69312
30365
25860
42059
19782
54186
62380
62017
51690
80905
36375
24842
54704
67675
35638
36870
21048
75095
42667
60134
41412
29639
70760
55894
60236
43514
69006
53146
41906
44216
82453
41966
12646
38296
48542
48598
11827
37877
60228
62923
49072
23231
62798
48290
32383
58907
59082
50126
58732
50746
67758
52938
45459
46506
20693
65668
44878
20565
44917
62791
83024
21452
30444
71159
27089
30330
26968
22674
44775
56367
68641
48787
56805
43131
41228
38312
76450
32520
30737
58370
47004
59757
48898
27399
62537
86016
43862
60670
73815
34294
74432
70979
70513
28004
26122
64493
33186
31690
41150
34306
32597
55483
75323
43758
58165
24056
25187
57043
54013
63102
68717
52214
80379
15570
35571
42044
70377
72470
57645
49927
23889
45068
37859
25754
40832
50091
59091
49608
46740
64590
34087
62753
50780
55765
41445
37929
16776
49741
72881
60678
44044
29014
50031
74508
21789
49796
17490
37944
78011
37681
36467
68034
21268
44941
69645
28442
38615
43104
89235
60784
73911
70891
53947
69920
62659
23168
24042
30597
55598
25944
16246
43708
51647
36759
52599
35415
67106
41918
27112
83857
49090
51275
34544
62332
47877
77464
69872
37154
43877
70439
39053
47480
83674
43501
48032
44061
49216
63501
43638
42912
50866
86299
70590
64955
21021
62737
37962
42036
57605
49239
13642
52102
46842
28110
42405
33684
60820
42860
61819
25154
82989
48282
67093
39078
42237
78294
28367
76208
44368
40301
60838
48804
41824
58075
46698
42279
68203
25654
35832
38952
75999
35267
48810
46973
31350
66051
43414
73386
53033
47821
77837
64216
47005
32577
51964
66378
61071
70014
28508
32109
56015
36167
27451
38230
56806
80670
74737
61146
42707
38411
46534
77302
55757
76546
14908
65917
62384
50717
33138
64047
33830
54940
33997
52881
53957
48410
52608
44260
36547
70913
43949
61571
30790
18016
55730
49491
50588
60794
38798
54728
45591
38482
18720
63981
33557
14642
49515
30351
58408
38294
59640
55511
71182
78329
35432
30791
14296
51119
57766
33917
29121
40791
55814
32184
43371
65140
38854
24261
46755
27208
48311
40778
42811
63658
17723
27752
37428
27011
47820
86867
64663
13672
49518
17144
62728
57714
22360
56018
59452
65668
38229
60593
59070
37335
23736
39014
61233
76042
36742
34465
25400
39003
46261
14166
33901
42738
48888
60963
46569
71661
32351
46265
74646
85362
33875
35676
26626
25217
62678
34245
28320
50881
61211
65298
68334
21844
71433
36313
58779
47959
50246
69934
45572
40128
37878
32912
79922
46668
46072
23150
55601
55600
17847
57734
19684
56274
59845
36470
48394
19735
41086
61812
46974
43670
49591
51516
28349
51193
66149
40791
32095
54733
46540
54483
53165
51283
72532
85947
36357
83242
34197
62531
70601
42822
50340
36092
53051
55656
35883
62335
70399
57919
20905
54444
40651
41002
52166
49321
51966
68573
43070
10620
22351
57380
61659
48147
43544
55624
42954
63997
39206
53469
52998
54309
60065
46521
23788
30785
28682
63261
60977
44021
38830
36134
84584
11136
65704
60103
39687
26620
38321
17155
46335
63575
45585
42090
17681
66152
34822
31907
81863
30928
37419
64289
61691
61779
48389
60297
38547
50200
49262
40522
51048
71263
56490
27011
69646
54345
49930
47938
35590
26952
76035
79419
49476
51591
55495
45563
29163
41052
50836
41199
64138
72937
52869
46166
50720
27808
32966
68853
45312
49858
63016
26057
25452
29619
77312
36253
39705
75519
58213
50181
50235
52153
73706
41913
59140
52778
43355
57628
45000
35097
86053
45550
53053
46162
65064
64168
20241
82365
55525
36361
68791
60833
77039
41417
36886
23469
51743
39000
33156
86159
55565
70007
49630
49474
19667
73814
52157
15900
48631
40002
36527
58451
26347
44656
32065
41385
57821
28082
43603
60275
52496
31733
50895
13356
63317
65519
88284
71927
55540
13170
59454
42860
63395
38330
54157
55975
59972
36199
53138
78010
73719
70814
54682
41636
44021
36929
38823
42044
39303
26105
53517
57239
54680
13971
88530
39816
57041
41610
53233
46408
24606
27095
42644
49829
47783
42453
34818
44820
38346
53129
27243
56177
50564
65842
50398
62595
63382
46734
36417
65214
37467
50006
57610
83166
57546
21892
43653
48780
87880
49484
70635
66193
39602
31937
42681
39862
49646
42700
66457
60191
67390
58975
65222
38355
25271
48309
37894
41305
28100
55766
56020
58710
66514
19963
52286
46990
70330
77195
59515
47471
53913
37455
73361
25268
36610
63885
44756
21477
61250
47544
49221
66593
73382
48585
88809
62926
56278
54466
41352
30324
43239
35518
11009
57326
46131
58373
77438
33291
34906
93807
63992
48698
53886
54110
64052
39966
37521
46929
15709
31826
37832
81815
74714
43032
42240
73134
83138
35180
19345
37714
51654
73217
18474
53930
62380
53924
64125
57696
81477
59884
48260
45837
21848
60307
51425
84708
63148
44037
55049
59807
26670
48284
43748
71370
68834
60814
71601
73469
38606
69300
71280
53475
35969
83437
70148
20380
35931
60814
44696
10075
63616
37332
42553
20637
49895
62053
19732
41600
28175
50415
65471
38887
63664
56614
57605
68233
43039
40305
15824
24090
68418
62624
71455
34128
58955
57419
9189
40371
26444
44988
57908
49384
59712
16324
42537
74461
50333
31373
55217
61289
33668
69180
69741
29761
39725
28700
37756
57810
55063
44446
56510
38464
70611
40632
73753
52344
47376
25350
25514
61143
30686
50082
44393
57264
68618
27615
57143
24851
83155
35374
14055
17923
13109
12273
26534
64114
52939
49418
39648
61199
40911
78861
53650
67130
70544
26680
42631
34882
63188
44653
39800
51753
47658
36570
41817
47125
40234
34671
62036
33639
28592
56112
48092
9490
29894
40103
68696
70599
30239
34485
44992
62368
67076
63499
62607
12960
57405
45015
31163
47798
65000
31156
47039
63587
61747
56653
33920
26856
76116
55567
54909
42328
35946
47421
33453
51931
52752
43476
54565
86779
48319
30029
68341
64574
40689
35910
71765
27187
70619
52411
76193
65281
21772
56066
54051
31006
32683
69769
44642
30782
39143
62939
67441
70434
57324
41704
57942
31088
45718
76371
52004
12953
53302
21698
28223
49679
44376
20863
73856
30999
35048
83591
16572
81762
82232
20701
72051
65369
47890
16543
35868
40874
50097
58710
70739
23949
69815
30189
59385
77699
61871
28600
49027
22118
58434
42409
48188
11066
65305
77137
23793
48940
64999
51419
53861
82438
54333
49305
62486
75310
83503
59864
54897
50920
62156
48129
51424
52424
36732
36586
27468
40858
40713
21734
45599
25030
35696
34441
67140
59018
45312
48648
23538
72028
42490
44056
34951
76284
62442
61679
61114
56726
63592
63299
74974
43405
61746
57709
49694
79705
54488
83128
68615
61182
57232
35599
28306
24422
53640
51071
38492
25285
39366
30541
69748
83644
62343
77181
24055
53867
31655
39730
86294
68626
48655
44254
55458
67442
38647
42419
36792
56283
52607
41283
26669
35421
34320
39129
55489
84785
56963
14157
64391
58084
39370
33254
46857
44091
44573
34332
31415
20096
49233
57190
60895
47335
36585
47176
38432
37490
58631
41103
62547
49256
70804
48225
55449
58428
62308
35712
59489
46569
52631
49886
41189
60227
61546
47308
37182
46889
56443
50581
64949
48233
49361
73380
70483
43958
75848
52407
60092
48653
56776
27395
76623
49047
53765
72311
39912
74118
53748
71544
33045
37488
30758
58481
43880
72614
16776
57038
55006
69202
44522
43528
54518
85088
35487
59768
59025
38185
51846
28152
46472
55973
45955
52353
31295
59440
38911
32753
48612
43014
32461
37939
35708
60833
74475
85875
61206
40509
28628
56917
24341
39621
28620
18622
47540
45845
58524
27313
74164
66981
47442
16896
79069
73588
48057
47489
65809
69754
70420
57502
43904
79254
48413
49240
88627
56793
67333
49598
54583
38366
54278
77452
48646
64673
52894
27738
37077
56487
36908
31214
76569
42888
51444
59744
18318
35830
57608
82404
83462
43105
24329
40257
51467
57457
64660
65121
9356
45455
60758
82323
34608
48427
43874
76024
76137
50195
30091
42358
52798
28312
63979
35643
56773
65611
9408
40423
65431
36007
70495
63910
45495
30810
27267
26757
25783
58641
63160
69013
37345
51042
52424
34838
74682
54733
34954
48709
43539
52518
44076
67579
66911
26533
46805
68832
59884
38295
47703
70901
78479
15804
18700
61306
53254
46067
65998
48386
39991
67340
40845
39367
34745
73739
43187
27094
69118
79749
26860
60332
69601
59768
73876
50783
15178
40644
61957
60311
43288
30474
40402
48340
46611
38477
45132
49623
52693
37681
11784
57638
19034
23426
75866
67436
13439
53805
57878
51466
33073
26111
38243
65932
44770
57710
46941
47779
55260
45847
37987
40512
36886
72864
61825
36799
53291
57240
40543
16774
66719
46942
59582
21114
17202
78444
57830
58516
39401
63072
50504
66573
85648
62065
82588
36365
24362
35305
33531
71334
49357
64817
39810
56773
70258
40605
25017
49696
18731
38555
54412
52549
56438
53690
79931
26001
36300
81315
43381
37066
34606
50866
43702
65456
50228
66353
56609
52623
47927
71824
43826
24371
23058
61164
28540
45754
40081
45963
38446
39427
45827
40127
16567
47518
59101
73478
58616
14517
36260
44265
65994
82318
12965
27800
57251
73756
48506
56508
46684
65437
33390
49650
61190
34186
29914
42159
23782
61427
29097
56892
33635
63445
52668
67821
54486
59937
36724
71028
76038
56444
30982
41225
52073
75812
48247
80360
37693
70581
48879
39906
37116
61891
35035
30367
69389
56372
42829
75724
53942
59624
13349
68280
31043
60093
63333
45689
66457
31714
62974
42432
25197
67225
78460
58418
79517
61691
69508
64322
56758
33141
64232
39055
57979
58783
50886
58782
68753
63286
65928
45248
55116
30940
26310
45847
55792
66569
70791
55716
38025
35202
53531
27981
48198
32633
38702
49504
17833
42344
51197
53208
31258
50961
44793
60201
41381
49589
59154
51502
65497
41092
39974
53849
78059
77538
41568
60196
67384
35947
30304
40756
50466
71896
40637
78436
57418
51090
58140
23724
55839
68031
49158
41785
28122
49083
63732
30566
56121
74865
55325
30566
74968
60951
35813
39678
61116
74486
61612
77907
37525
48308
53432
46676
45160
49353
19142
45194
80928
40319
22667
43875
59582
62330
43926
45286
28185
38976
61833
50316
32939
41599
41074
65815
40879
67398
30213
57159
46829
41912
27688
67052
65588
25922
47722
59265
54219
54012
50357
55955
80755
21330
73145
38705
51495
51506
66603
46999
41916
48098
47535
34462
54407
65455
11504
55411
24509
46912
18845
50221
83837
52433
51249
47584
44388
20478
84955
63754
22509
43479
21748
48014
70705
49442
54626
19980
45416
69743
34920
45493
55720
23698
45562
48022
59990
77107
86238
40517
54840
71318
32254
45019
47304
71965
69264
67606
40086
74379
67879
88940
33575
60754
43350
76197
63316
65048
45799
39182
33892
20650
43366
68280
30557
72443
32329
69993
68959
71384
47008
34400
49676
45450
62540
57243
30230
28664
80111
67144
13772
47438
25543
51927
70754
56865
40313
33235
44751
26850
83418
68000
65636
55094
57626
29455
34285
65962
15192
67425
56223
71202
36883
36672
62632
48123
50148
72652
49493
22010
35507
29751
34100
59946
56701
50532
35657
50118
55492
61290
49758
38032
44914
56323
51964
34684
56638
49363
70346
63243
44685
51840
77715
44165
58098
43869
75043
52835
50162
52548
60104
54641
31910
48597
26694
32397
32073
51309
76090
62195
67202
65587
31622
47522
43386
61673
63621
55240
13374
43605
47083
84778
56767
51780
82350
48533
26168
61072
36952
29857
42423
55984
70000
58608
26618
32461
83134
30173
79351
60718
37859
58283
53394
38810
79505
57190
70016
67266
36919
45945
62968
50155
28642
58443
33852
73761
48610
40217
17583
23514
65229
53073
52372
56557
46687
54732
22221
41734
51637
44828
46443
69501
22471
38855
33374
40009
64037
70816
45360
22452
63525
65969
26542
27027
55368
69464
31205
30830
54727
46786
60329
38537
37346
40560
39128
59035
30847
59807
26369
35817
56343
67314
36829
72019
45783
54770
48552
26683
51048
51448
81340
32928
48469
55427
36057
35263
61787
62904
52689
74844
37651
55169
29720
38918
33750
63368
44974
47392
60200
69070
75846
44545
45263
28956
48848
42168
54114
74122
62289
71337
28240
38642
27402
50134
72738
48193
57524
56034
64419
67701
16087
15457
51650
46047
72435
45792
53492
73939
20473
56203
43673
24715
42077
49709
36763
61894
60268
59157
14693
67472
67627
73854
37362
66339
29526
69564
68159
42396
26843
24161
34759
61738
77774
68522
25626
74304
62881
55260
69332
57481
52189
12656
51059
66992
43574
49635
38343
62068
55010
64388
22612
57184
73508
57935
38355
68982
61734
75484
34538
41811
18476
26232
55989
42039
77823
40846
46532
39629
58812
43162
48835
53937
17425
11144
61991
57762
67494
82272
61529
35481
65425
64112
37635
79707
64757
63798
59308
83316
49770
14409
87271
47792
18879
52990
80199
67345
62793
52869
46819
64936
21545
58521
36069
41905
59685
67645
39581
23594
35215
33606
62596
67047
37048
59305
46260
33942
43511
39040
41862
68095
41687
33690
56710
50331
36484
52946
46162
43791
59303
49649
67067
39776
42142
67208
24157
31741
60720
66753
27023
33346
39909
54814
27068
30276
38162
48326
56523
36569
78372
36133
54949
52149
39284
51676
40259
79951
24058
43402
60724
67836
43393
33453
60135
60952
51639
57357
71954
58125
55060
34516
29716
79972
48126
72739
39884
49387
33671
23703
80238
69944
30338
22169
56460
57419
62772
36072
70029
59083
57101
48639
25780
16510
69701
54617
30554
39152
42401
74707
68978
14751
41947
81271
36248
77069
27442
21145
64110
57504
48542
25143
35411
39745
53340
34399
73136
35826
69345
70574
70812
56071
26728
35672
72336
60049
38962
47773
68211
36121
60963
28756
61452
17124
54948
86739
40782
31701
68355
70581
42726
48670
23453
47582
69136
41799
45574
55313
46654
45202
58586
31724
70153
41272
44434
49214
38089
29752
41022
30602
24721
51586
38040
50501
71394
43667
63389
51073
48443
27086
50713
14799
8731
26955
48760
22168
51906
58934
40877
68515
40017
36965
54667
22186
27231
17315
75155
48433
22644
50074
47495
31671
30421
27187
41809
61176
45079
42873
52722
42357
73659
40169
63990
42901
28062
30376
46555
43009
60510
50381
66851
50029
49395
49548
22788
44997
43679
28039
63520
65277
62118
29468
36977
79907
29144
66970
64469
64127
22489
35909
57711
20901
71179
39624
78328
61001
17147
45179
38369
55501
37058
51416
56690
28053
70997
68672
71266
58727
79879
51463
61546
46826
37067
46956
75970
34582
44180
43744
51380
71615
20350
48172
51238
56307
35074
80364
49325
49342
30507
58224
79130
65955
28620
40690
39264
57583
53875
61120
48223
36361
33756
69391
28415
63337
71675
65524
53204
45635
60871
16769
39423
48431
64088
57349
29317
65339
64593
41308
26409
84691
72716
35752
65055
59165
42687
73796
48613
50269
82398
51024
62423
45754
38871
64788
42445
40462
36496
26399
36252
68095
53816
66474
67265
58018
55937
25394
20782
43747
51831
45100
19339
35498
60123
44492
76564
25408
27781
51277
66166
55769
43885
44747
70943
83584
56588
43845
53421
29699
49574
54499
58700
33599
57395
18347
64638
71386
22871
64876
82004
18885
65060
71270
61075
53712
37115
66462
50066
57978
59989
59559
75451
21060
66991
59188
61168
65656
66055
56857
35508
34262
50524
51011
63171
65184
29157
70467
87133
25587
48775
54622
76593
58190
43262
30842
83114
38633
64437
54181
65629
47654
58600
66392
56815
33196
53967
54594
37480
39966
75495
38971
60720
54921
47779
57572
58143
41768
35312
46871
65481
35941
28593
83539
46291
20001
49450
72586
40543
19925
35701
39898
54273
42571
46552
52941
12168
53799
54027
74425
66658
26608
51443
22845
62220
51892
53701
36351
24694
78009
65778
45251
67345
22072
68737
22732
67794
30053
49917
55994
31542
56122
42886
65973
12845
30725
66603
81964
40735
76743
45502
60682
20330
68809
78464
42856
28468
65217
47350
58679
48693
79962
32227
52121
19052
50244
58730
36600
29644
65819
39540
47915
43312
32484
66182
52833
47287
63173
37932
45028
31784
25663
62944
70364
40334
21389
55418
48013
47057
39934
56956
28640
77158
30936
34834
32095
72856
45993
64500
69771
64154
59546
18066
45748
66053
32203
25871
44450
73017
22124
24499
29862
80405
67843
51832
55936
22179
34136
52878
62724
20760
44640
25466
63526
30711
35611
27726
45287
42140
60671
43270
52990
41483
55810
81207
42632
74822
28414
43440
75953
53023
43013
55261
40962
32160
53625
51237
30292
68433
45691
47370
66567
52794
38874
66661
55912
71509
97124
62839
76832
55535
49367
22922
47180
11731
21287
51006
50126
45916
50193
42472
37702
49443
71190
60821
63410
43063
37909
66423
50780
73441
46377
63540
71352
15786
64286
66206
50756
59362
71109
40808
14609
38876
45278
43129
27683
48271
17788
77795
36702
34745
51073
58714
18650
44767
73275
43005
24185
29618
39937
37692
34022
72185
68657
22702
49083
43515
63021
60348
11924
74136
52968
73440
47210
66170
55088
38295
21966
39167
26786
55537
44837
40697
71333
54123
51492
39668
49835
42501
67374
41016
22946
81860
74326
44507
21904
47776
24690
31769
57712
53188
21479
44461
66186
22707
31123
75322
55643
54744
41668
48318
31295
67111
44133
70587
75124
46047
56329
29453
46515
82896
39041
43834
52557
62728
32270
36796
68322
71705
20068
40488
24444
32422
58373
65004
68835
52671
65319
29066
59547
29967
60845
55207
36063
78224
63238
46844
32809
56854
42268
50489
36275
67094
54237
50649
41622
55581
60682
32245
34764
56023
59772
59127
64745
69509
39360
45171
60562
42293
51882
55383
45655
49204
71169
39890
44242
15959
46698
14271
35777
41849
67474
53861
77979
49465
53263
55077
14602
33457
33234
26467
78904
64120
48181
25643
55657
50189
54423
42892
13210
19431
67103
25356
64193
51078
18408
10538
23997
31688
13827
19256
79067
28612
47514
82379
54673
35089
81021
23227
61646
52510
23455
48144
27077
36410
30262
33472
40668
41198
25287
61209
52497
81342
65765
56752
27242
76575
47493
41418
47798
62517
69640
57895
73537
18922
59183
58100
49263
51076
37862
50799
53159
67818
32793
57446
64228
27288
30659
66422
60845
58447
49031
52012
52830
50944
43338
22860
55350
65524
62717
57907
74703
31055
75627
43625
47343
45527
70605
65891
34595
71094
37229
83992
42420
52568
47876
54659
67328
32772
25153
81692
55029
54100
22488
20639
54721
15212
78909
52037
33744
45877
57902
46829
74343
60696
77246
49612
65607
54228
43681
35633
75072
56208
69669
68813
33294
62974
63889
64049
63369
34000
58415
58489
71146
49458
82226
49037
47936
27039
22266
49266
51729
17978
13963
42660
69375
22297
49460
71432
61421
65618
43343
46567
33817
51378
37879
53968
36048
33111
53136
72187
45320
39788
19762
46016
82962
9235
53779
71390
74117
27006
45216
18417
34465
31371
39174
50761
42326
64922
40285
82607
63078
77494
55119
45519
25696
56048
57162
84536
22465
59139
57509
52785
63281
59345
51278
27645
42648
38263
51741
33383
29623
32959
12846
68891
65143
49119
28982
52480
47962
39421
43105
67137
31874
48026
84652
56649
67512
72648
63435
57721
70198
54756
49411
32460
56866
37180
58350
63199
62716
35866
35601
29535
38082
77332
57952
52784
48581
46423
51324
27514
48615
55874
27502
23325
53251
42935
61522
55873
33259
53285
29924
27293
42359
53680
69451
54597
14335
65117
39184
29949
21701
61630
11380
24776
71056
64020
31597
25335
60717
27708
45076
36205
73085
51937
71230
84316
34702
40729
72509
40112
56865
46770
41121
48844
78620
65109
45961
35669
15906
46750
39154
41220
58264
54428
52099
51918
60104
41346
73941
36178
64983
55278
46978
62952
45191
52112
45464
42908
58608
46669
21623
41338
40552
18128
19023
51531
31434
38468
83314
41547
30007
66848
16636
42573
74983
69533
68083
31672
42189
66868
48536
40536
58747
13052
32404
29548
70828
76428
20298
56124
35877
58460
41340
32315
59303
74785
61279
42443
12101
65218
52183
57671
15787
34415
34126
37762
67112
57657
26037
84877
32826
50754
33008
30285
46580
64647
53715
36232
41278
65543
37123
87292
67298
50481
70180
63879
34970
27992
31185
21424
56860
57836
28233
47065
74742
15058
60231
20686
30377
77019
48214
63698
44515
57790
45866
59352
71490
37832
19596
47885
30397
32737
48228
77735
36013
65282
73918
62610
54413
46419
57002
44188
65739
76433
63096
60909
36292
19081
40298
52183
61861
26079
66366
22544
45103
50791
50972
44933
85057
13369
54652
57190
23063
25461
57347
65686
75528
78667
28679
49693
60186
32135
68258
36338
66309
84679
62345
51412
68384
57268
26971
78102
74975
38371
22689
47851
29482
25951
12807
71642
62211
44581
72406
72605
64286
38587
36084
38522
61260
27924
80421
77024
57450
26140
51103
46860
52879
24473
39393
65885
81464
58547
12760
32574
31575
21913
43725
45096
76250
16093
53674
39654
63051
70644
77587
49951
57238
57099
26675
58561
31001
57378
43677
21730
36503
46894
68296
35148
55253
25851
66790
45421
51279
39596
75477
36465
28598
47354
25697
40673
54166
46406
38623
63779
44955
42184
75339
48172
27715
56394
50604
64774
19059
25896
21763
34961
40636
32265
60945
57763
34116
70836
53305
32475
39424
40221
33442
28326
35255
32456
47796
32328
57426
46543
44100
33264
54269
67020
26314
52738
52892
81156
40269
26259
54525
84040
82080
64439
39080
78892
29117
36660
55430
48711
61318
52010
60781
37918
50210
50579
57145
44057
38683
75559
31581
24354
37704
73823
45274
37309
22733
26408
59640
16108
43817
61459
53761
19012
31302
34185
50724
45329
22131
15489
67156
65564
72455
39874
84432
56048
67290
31909
66182
60455
46261
77860
35954
54283
29779
58849
71149
28509
37334
18415
44758
40620
48913
25597
68915
31725
14538
60215
51056
14208
38931
43378
72507
74135
47912
25495
10045
37733
48388
61043
53090
38777
41609
52004
53832
78267
36364
52636
58558
56206
19376
69056
38458
44929
32786
53706
14100
30690
52836
50872
13276
53334
56219
60752
41240
69466
69859
30497
71576
45788
51151
66135
37943
50442
34691
86712
45578
64968
57854
53904
57462
28548
49789
56292
73725
54914
65335
36853
40767
71841
15536
47717
36358
58009
67134
43109
25768
19933
52216
45633
40367
46414
65026
30048
28301
29872
19603
60323
47050
69246
17248
53937
50765
37661
62913
44018
52423
71324
50475
51036
52911
47966
47669
67041
49175
36768
48761
63489
75025
27183
38097
22554
63425
73133
48396
58496
73478
60719
73315
41473
35442
31915
60292
34520
45242
20064
34150
54248
60758
26171
31191
56693
38843
40937
56256
50469
35884
68707
21630
47571
79915
54390
24947
55327
52244
69493
75850
27068
48575
46090
53491
38234
66401
41627
48087
43774
41474
31135
30960
51155
67616
30947
61536
78986
76431
45572
51400
70049
57144
25616
39130
72484
80644
42536
53130
30155
26658
41510
51755
62742
61389
40700
70785
67889
39868
43410
45950
55593
65190
49279
69148
58934
45015
27931
82698
64110
54549
74156
33572
45978
31465
30059
39953
46512
50807
39058
49125
43457
20731
24806
73484
30299
29447
53951
44835
60288
66753
33609
66196
55488
55011
38882
48239
42669
54915
28247
43714
17338
34202
81505
46235
41046
30713
24649
29493
78973
51593
46551
46704
50424
33625
40912
54741
48324
51440
42527
15641
41223
19341
79701
43102
53903
33342
46819
46840
38022
63143
60350
77600
27879
40932
57031
40676
60526
66951
39566
68356
73791
33208
16976
24417
51293
67069
55830
64481
50635
57896
66303
50930
44174
26340
59719
52754
55336
55554
19767
68044
64607
36828
50727
50611
61616
43536
59346
59579
32647
81013
59475
51064
16406
40140
37605
63342
55333
68710
37537
59297
79237
35771
38445
47339
61063
66313
50712
56886
78784
60739
47713
53657
31426
52751
23085
30822
55884
51745
30153
55879
47252
44579
49338
22782
55285
60661
52521
40302
42899
50210
69950
50517
57165
45236
40468
40195
63573
15141
76203
43624
48835
64119
34392
74016
36247
66080
27987
41924
24925
33522
37150
28152
18090
37665
38855
75514
10897
17858
26715
24691
34346
66298
74462
35074
47885
61668
24632
54719
24390
37490
56351
53754
23183
47928
38009
9262
64003
62835
40959
39140
73832
62328
29495
34049
78705
45610
33707
38943
59286
59003
73524
81539
35084
49145
14675
57186
41715
41233
22814
60335
49339
45256
61532
62656
40484
20497
28292
32761
43694
27354
73427
80948
51454
71431
60927
53452
52940
77345
74283
74389
80612
80083
40959
60966
40738
12827
36480
30674
26372
58045
68419
31730
64498
45104
19237
58955
21517
39401
20438
70203
55958
59275
43882
42589
65376
55374
53831
41950
69838
73313
30149
68758
31502
18665
50929
36948
53403
30092
45503
62677
57120
29083
49376
62112
71109
75096
32609
29487
38998
43742
58463
17911
55521
46140
65584
54017
77399
45488
74523
56611
38900
67420
50742
47157
39786
61233
27597
36547
62961
62337
64784
58805
54826
52738
55924
51487
33066
43579
35678
45836
50930
59225
37725
73097
61211
61365
51229
34671
51788
66719
52177
48930
15947
34103
17651
31007
52687
76622
38098
64936
30707
65403
79993
37380
48163
16189
75860
21210
30938
62301
58099
22717
28930
59266
51082
52786
31186
38222
63270
40621
80902
63460
31929
54752
41041
88077
71289
17900
24006
39021
63561
42786
82288
36920
75280
63626
62962
78054
42773
55881
69009
72567
37180
46972
26380
31011
39856
56121
33219
80411
34198
48746
34902
22383
73632
63879
81332
41314
41459
58356
36329
48373
50329
67306
58404
66878
76612
30202
74418
51493
54626
37824
49832
49646
50200
22448
37382
36207
52844
22899
46095
46570
17436
75738
36774
75426
42138
34582
67173
32462
44784
62073
67504
34015
71779
69385
59909
25987
52719
34719
25625
38421
43859
58406
42616
16199
63196
67618
39977
79186
25603
55455
68802
29756
26900
43202
56443
65576
49709
13841
27572
42725
36254
12178
38851
46508
58010
43483
64275
16265
56385
52166
48909
55058
40722
37380
27957
68146
51736
10904
57832
32360
21585
41952
49422
67781
72094
60959
36279
60872
74322
37857
70664
58348
58398
42967
20110
29213
54715
49862
55249
32811
61877
77849
58763
39268
23351
57072
36322
33379
55134
44274
50878
56378
50404
43055
56018
26627
77066
15562
63505
54193
42250
48471
72147
81541
46255
36040
31067
74946
52566
63949
33409
45262
43168
96639
51045
65652
47006
47602
25660
32280
44920
35498
73728
75909
63088
33193
40277
25804
43109
14550
44952
63881
21010
63068
28574
44360
60513
69079
75546
39503
41869
30339
67284
55692
84372
48904
15981
30764
63702
69593
62810
62743
68473
69521
75253
29884
38011
40975
40648
58899
35492
35335
34332
65169
37561
60563
48708
58160
61105
46464
14847
67461
43708
16282
76927
19817
58917
63781
71355
60331
36917
36484
53071
54564
45596
17571
39381
15603
46050
43691
24906
44720
76733
38066
59101
70773
46452
78927
42827
30287
61121
36509
21841
43543
80175
29802
15787
29782
58450
77980
36135
47854
20628
64420
77409
51521
60183
54682
30878
62899
80191
28445
41215
73282
45278
41751
45780
58491
73824
61673
68918
83024
74573
11191
34397
41668
75557
48586
29154
44275
11897
21824
79085
46407
27151
29828
21628
63372
69114
69518
32035
21370
59439
23054
54301
23430
20721
70538
52451
81493
54184
60768
53470
28970
59431
65229
74053
43478
33268
39618
66649
13441
38317
60405
67600
69066
66465
42574
18727
43649
19661
37123
20940
65955
47948
33225
45349
62539
54671
45120
53311
45183
85398
41649
36691
19656
18343
36654
25558
9089
75540
74996
52172
83880
40859
78020
41034
61168
48919
71349
50083
58164
72711
20684
15892
36958
56110
82227
33181
48075
42019
67896
28835
65808
59315
58163
40600
47802
71881
24694
66721
24058
19790
64673
58037
44649
65618
40960
40941
62932
56978
43416
21054
45852
13589
30242
51498
35362
13459
27825
27490
55728
42384
29040
46832
50568
65616
61140
70076
37453
29994
54733
42115
15075
62763
67407
42972
50035
65322
46344
24629
23869
47846
56508
25567
45714
40974
81831
9375
39754
42596
75887
67527
61877
85708
63916
21514
51276
63411
68590
59555
72551
42155
71506
59853
23827
28965
45819
58965
65557
37106
55018
52966
47516
24045
34189
28148
57458
72241
73373
36889
61122
43978
38025
80051
37397
43998
67932
18736
16182
48839
31509
88037
32453
57137
27703
51942
54704
37853
66723
51727
32644
52805
36122
68140
72463
51172
43163
21501
36508
62745
52339
25495
64107
42939
74623
56059
34564
73098
44770
44008
48722
70347
47399
33725
57251
19019
54049
32707
23822
62761
57149
44204
20441
51867
56307
53223
51134
33941
34213
54610
47814
58507
65414
71741
44937
50243
44163
17224
19315
66324
62606
18753
39051
60668
44363
37210
52624
65639
51144
19399
49912
43880
56948
44080
68129
39400
32306
48845
79953
44280
55385
18060
22574
24412
16128
48720
28162
51710
37062
83322
41307
55146
57331
32490
36220
85910
41241
21389
62609
36031
50007
40015
61073
40854
81900
46757
41335
33975
70688
55793
42864
58374
59064
68996
23315
34899
80124
66098
56267
74358
41142
20891
43207
45556
41818
53702
53480
42025
21501
62354
22883
40961
34929
82988
70844
25045
72729
16597
46626
49948
21184
76797
79776
49513
73059
74173
29248
68366
30219
67303
40171
65330
37868
78867
76181
30783
55161
48892
43187
52480
57426
20302
62665
48535
45458
42525
15312
46385
43531
73716
52436
26380
32233
35593
56458
42571
40960
14530
22331
24533
21595
52488
35766
35398
33314
37520
89437
44674
34729
26556
41622
71708
42678
51054
38050
73707
53884
30342
32308
34351
65769
64334
59342
67927
83823
59778
71421
35692
52881
35621
63193
38503
47082
70499
67057
72251
68507
64451
49374
53937
62075
45432
36979
75162
30286
53306
16729
36654
38708
24728
37071
34477
16548
56202
61583
48306
51273
53221
42976
67058
50656
60684
55308
34443
69470
66664
48860
29135
50839
38302
49307
77379
75673
64159
78469
25944
55415
29377
41731
46977
42856
45741
57241
71430
58697
63595
35508
62941
69680
48777
45269
38701
35872
30999
37782
23453
50452
77314
21584
33266
42744
58843
61424
34489
56001
13658
41908
57506
48316
64750
33255
54388
61625
56410
44053
58930
95180
57658
41321
48132
33895
57780
42835
16782
81534
69762
48470
63104
67542
19473
61327
47260
31529
63680
65767
68503
75344
59044
54551
51077
76427
30666
33537
48279
35316
64136
52081
39469
24590
47488
52708
57065
40187
55496
51510
51193
67799
69295
51997
34454
79638
43847
46950
39711
26864
59367
33770
42126
42239
46598
40448
35247
68079
21460
53922
30454
55880
55001
43807
53355
85984
29256
36109
35946
41222
74331
39546
80727
64017
43406
75865
39320
21966
53806
55101
84976
36027
26427
49816
41102
64612
58246
47881
45882
64458
30312
49687
34946
47093
50070
21732
57935
81190
45050
35187
58502
35452
43453
51474
38334
69844
27259
53678
44758
41144
41518
8489
23651
76086
60376
23490
73177
55836
42177
24937
24629
36106
93814
36697
43516
53576
69339
19120
71370
38127
23213
58923
45301
55201
71563
38952
25602
15520
80396
27641
59569
32810
39580
66692
43035
15671
68667
14075
36101
47609
38093
59252
75087
53055
24989
79192
38919
36560
39464
70475
43667
74061
32166
58800
78592
42390
34599
38328
23589
16028
56584
29774
11522
73717
48519
30935
53894
48824
54754
40344
46721
20131
27600
77102
53083
37535
67438
66645
43185
28806
78543
62110
31478
43239
35087
21170
37182
55401
50821
44407
38890
59659
79438
44360
35896
64604
88862
39633
36397
27563
56331
23195
65817
74035
39180
67343
60225
21445
28250
54156
18048
43051
43811
14783
58115
48723
37960
41996
55636
57957
30249
64093
37240
59517
26555
52203
43394
36582
15520
19585
73567
40744
35290
27016
67149
44058
56499
59267
70033
21365
37279
20258
56441
44069
23851
67350
35926
60901
29164
79259
64685
74044
72990
44747
24263
53618
44079
33239
80275
28232
58987
33757
51089
63984
61092
62526
70453
45834
37752
67702
46950
45809
24815
33617
35045
55420
51157
60445
63392
43913
59962
71773
74033
56117
28231
57466
70355
28322
57987
53997
44237
32834
43520
50531
58732
42965
41855
85161
80532
57573
17697
42336
26772
28087
42910
54429
47824
21858
36935
61928
43302
81856
45493
62436
40266
55655
43243
55754
39411
58282
24079
33058
42755
56956
47628
56447
54916
51516
66464
17337
42833
79387
48125
79207
62905
80858
65830
25398
73855
61974
48108
64928
65438
56422
20634
67673
12701
47367
38364
67741
59255
54742
71230
43025
85403
47603
39390
22455
58285
64366
19841
42077
65764
48413
61352
55701
60140
53666
62488
39770
80661
57339
28546
71125
26024
35200
54263
32110
53116
56944
35043
64629
64475
68792
42266
50588
52659
59015
36418
62284
56673
36440
64038
38561
71091
31255
65666
67016
65323
42457
67792
40863
48323
43795
60378
74417
63446
65590
58580
60168
77149
30600
47635
54388
61718
79197
64496
57039
68156
37794
63086
64523
36030
21044
33542
71229
80652
47974
25224
29638
64643
46131
68256
50133
53534
64077
43218
74729
67132
56385
46558
69508
22483
33387
46212
63391
65044
56530
77512
61108
59149
59177
44896
46627
46813
39890
54402
10253
43955
67140
80123
63300
63999
53682
56866
65218
49607
55402
66778
12384
51538
46192
54808
40915
13974
37130
28551
18798
56907
25267
72001
52362
41460
49426
53601
43203
32372
66346
42486
18238
39695
34215
29840
45744
69698
56424
39833
51414
56751
48180
60807
73445
76596
54796
40524
43076
41869
43070
19703
67269
40175
56234
62818
41620
49019
28926
26413
44115
18602
44897
28069
35883
32755
73734
58385
12766
39975
57372
32328
50376
72977
18780
44362
70552
33023
50606
46056
33919
67764
22951
41038
21762
46541
42956
30404
19389
56848
8560
51283
33343
67284
26164
60879
74166
42065
58303
63944
42734
67008
72702
66249
59853
70894
57968
52719
41983
51213
57669
82632
36139
30462
34887
41420
46752
35582
26558
83685
68650
27736
66474
60585
53148
46522
30091
21357
67186
33949
49575
53407
54148
24003
43868
51215
24389
83536
59215
22502
25612
43769
65364
35223
77347
64466
51445
74839
38365
43268
27988
79796
43204
32385
24388
47016
41407
48687
58233
47371
59833
60406
61674
79052
49263
39362
37733
66906
43297
50755
45694
44525
63251
51017
43632
36383
45250
31898
62063
67876
43227
64929
42785
57359
28807
52062
42258
76955
37401
23745
55432
59366
41771
68423
41705
51210
17901
61517
68573
51456
52303
51370
32163
34481
31513
71934
32245
50262
44170
47684
58403
70079
15483
31848
56485
69644
51422
74129
66781
24744
80072
57196
32377
47299
44018
23758
47808
22000
41945
23892
27301
45909
62146
62920
48683
23510
32801
27131
35426
42445
38054
53410
56356
52383
30222
50326
57413
68588
62463
73110
15456
40978
38324
51635
52349
36467
33143
25447
53349
31894
54561
26249
54063
20018
68797
35947
41049
62662
23275
39649
43042
48908
47467
48397
49314
61898
23270
12294
45259
66620
40869
44617
39088
66737
48695
78748
40857
34477
24900
38746
35724
22806
49422
73729
18181
67790
72285
54021
65213
54050
18472
53543
68741
54145
23397
28377
34155
70141
40043
36900
45427
31769
56503
47431
68348
29445
56955
78995
37727
74991
60805
38589
27698
55650
55691
22441
24650
38514
29573
50008
33058
72353
78014
72576
59149
50016
42677
69394
61490
61480
58788
43328
75479
78871
74328
45215
36415
60970
10378
38838
43881
50537
38083
26757
43227
58441
59233
62624
64227
49603
25772
36359
26337
36024
33303
52032
39010
52643
88369
60218
56691
57983
45596
44004
49007
43600
37846
21585
38001
32310
84567
32060
73795
60476
43680
44577
50785
61965
77975
52761
44283
71839
51082
81858
62486
42203
44355
7828
61300
40048
56137
48135
18231
39615
62269
39896
43853
37919
57330
28943
40499
37306
58320
33590
56672
55800
71876
38705
46933
66420
62110
44227
36635
49781
55038
62498
42154
26727
31195
34883
82797
30118
50898
30629
60616
78379
67156
56150
43047
49550
40461
21111
43933
54107
71679
31204
43710
59738
65204
51937
37583
52420
39008
85776
61596
45026
69842
45948
53141
54664
62256
55670
57708
62294
52111
34255
64410
28846
41239
54067
32447
53038
56544
37518
23924
54211
14895
65919
56793
35645
53744
25978
82510
45957
80342
54798
62199
61515
36637
22470
42619
49492
68881
13510
30725
67652
81877
42556
65173
46670
52148
44114
76510
32203
53818
59370
81795
75938
43525
71103
33142
46507
42108
62421
53414
63037
49275
46097
57377
82181
53209
72862
40248
54627
72574
63693
25634
69349
51654
49396
35246
57481
40470
64586
27799
26651
43078
63301
51899
15918
32708
57688
40230
37538
34742
57880
51316
55828
42883
53866
64783
12592
55859
31204
56604
57258
42086
36958
43078
56145
67342
55698
38777
41722
44526
42737
21431
23342
68231
50361
60588
19841
44558
28433
47576
39525
60380
19564
41297
83172
38041
56597
41259
64980
61156
53348
42019
26095
52074
43430
44545
49671
60244
36021
61535
82588
34849
86410
57977
37748
71824
84872
24925
27149
71213
47003
59955
52479
68830
45012
52951
31976
17180
39638
27870
70763
48422
24772
53159
58735
58342
45011
68115
71730
45819
75793
34336
23795
64891
64999
55489
40628
42542
51190
48851
37413
70689
68158
26160
40452
28897
51133
44494
38372
66901
32128
35183
47370
69601
44769
42927
52273
39434
72400
42155
66676
60833
45208
66185
26625
60252
46088
39971
14942
58753
67043
31559
26648
71565
64065
24183
22028
18644
61818
55972
13979
35179
18122
16023
49045
33003
55142
72534
39976
45746
33756
38971
72273
41996
37351
65128
65724
24831
37349
84522
68972
46190
55507
31825
42178
44348
16798
62759
75479
33750
48275
47260
46847
40442
44609
79655
23823
40958
59711
74446
48424
56558
80835
84170
49299
42993
23206
75234
75326
54427
60583
72328
51533
53209
42455
61501
42447
66305
34834
63040
63401
38683
33226
80841
36604
15273
38391
27567
44421
34872
74034
52223
30611
64929
66684
77165
70630
56553
29654
29807
53528
25681
28418
38885
54546
60450
45819
46883
39107
40266
53942
65784
37302
24067
61598
37224
67973
64828
53446
46405
36267
55702
80347
29123
42948
27973
36300
57418
38409
49798
52354
38344
34016
44560
50181
57162
42331
32593
54034
59496
70772
47003
42873
22358
76162
83213
27575
57654
67784
22778
21752
38761
14698
43233
61535
71213
76576
46880
22165
39518
48413
53367
48772
59752
69896
20998
72434
26093
80525
45516
50999
80711
35272
27879
44760
48971
22117
43581
60055
59812
61574
45292
40568
60513
34651
47871
58312
35408
28506
67525
30421
54835
65500
58244
37806
21384
20225
38600
55428
53621
33291
72364
52804
74646
58651
40453
24799
14438
65767
62571
54203
73650
52562
56872
69993
34152
58866
40558
47588
69947
48932
32189
34495
61349
60262
75271
74433
48867
19534
25265
53823
27890
24180
54607
28068
54810
68954
36919
31643
87871
60677
54049
57222
59261
62046
58897
53629
55739
47259
65611
63924
33150
47777
76795
28061
47342
23257
23802
72724
30067
69231
60291
64134
38522
47281
60864
45776
50853
38156
82585
29774
44903
21019
23380
67665
20096
61371
67662
42341
44651
22648
54199
64572
64405
59672
40790
30358
51426
30562
39953
57322
54326
73827
63794
42216
30311
54377
60355
86774
50516
30213
44232
68603
42110
59909
58375
50038
31792
70921
32948
49414
35317
54753
42198
22309
78539
37453
52308
55895
49856
75325
32291
57699
36086
35235
58085
29693
61221
52860
61010
45380
69003
72976
73700
43519
80779
12165
60519
57649
44995
51683
52811
44325
65691
18659
52809
32932
52282
24302
33843
73532
88893
45899
52187
35556
40921
54279
57004
79488
56917
46112
78862
64939
38624
72253
53910
59662
43034
24195
39707
41091
70453
70520
68813
34787
18587
77856
53955
67901
70869
63777
68426
36314
74067
59775
21607
48055
20306
46506
47310
51909
56941
42311
63862
31872
48346
40848
26464
41892
42719
23075
31727
24906
50460
67724
59937
46168
49059
55969
41345
71240
35060
41543
43899
25776
45704
37066
39996
31540
77159
30870
30538
14841
59547
46265
51536
18611
66371
56283
43598
56769
63213
75649
62762
72830
51661
55559
58235
44510
76997
56251
24276
30834
32363
23787
65495
38965
12530
68375
46259
18550
29391
42504
67172
65806
43057
47558
52292
49025
39631
70624
82682
89041
59986
32790
60623
44045
14811
56597
37797
42301
55211
18376
31525
53072
42992
66683
54982
44829
42506
51664
35438
70922
50202
34605
19252
51099
69320
84087
75136
53329
56367
63560
38716
82208
39362
33592
28695
50549
74589
44811
56059
69216
30823
88661
34237
50579
78417
57562
14856
31101
50773
65458
52397
57063
30329
58373
59878
52513
45339
54663
24103
31748
31036
70921
30805
71271
25395
71135
9916
58616
28290
53641
71931
30638
72176
51808
68930
46228
47994
13606
28284
57132
56968
66652
43584
37210
61850
55136
66414
39962
66267
25481
31228
29723
48797
71159
68365
73029
76093
32562
80910
61558
44801
36062
58002
45075
49299
58157
29685
51999
25300
72270
81820
65802
68819
14249
68367
64421
45782
38465
40107
67227
66852
50450
56186
50535
42771
73270
71136
55764
15309
64677
37288
39949
60351
46679
71854
53563
15288
44028
64782
50328
64122
59098
48018
66802
32061
48839
50761
30475
40720
59846
38481
39515
21480
39949
15070
62359
56554
34332
38294
38233
20397
43691
79716
59787
35335
69353
45976
31700
21828
48158
87857
41876
68906
21984
57755
75902
60923
71241
37497
69183
59242
21310
45180
58789
59160
25163
45350
32596
41762
16041
65352
70163
50763
63376
45388
61675
76187
63653
26426
27485
27631
13232
64868
41671
29431
64354
77298
52456
67338
34052
49143
30808
96028
24348
31149
75078
40204
51357
59394
34545
37238
34511
29946
65439
65030
54665
31765
53932
44920
28255
51477
57187
46538
33694
49944
53221
34426
47033
56557
69646
48495
48621
57341
55343
45412
37855
41524
78304
81632
54290
80881
40122
63052
64762
33489
66341
59246
68275
66032
55037
59044
78983
41606
42902
63960
10546
32659
56618
78400
55645
55347
46350
62663
55869
68118
71321
48014
69108
40429
41009
51360
58528
48303
49113
86592
39083
51496
57273
66603
47650
52299
87445
49306
50709
26222
48599
49153
80047
39693
61576
49396
65918
64026
79326
66793
74011
26519
17422
60883
62190
41748
62402
86630
32457
26759
67882
34311
48115
64310
20490
49490
48696
23420
27126
36299
74445
64507
75473
36491
52931
50432
83219
27902
18731
39431
30632
25633
78444
43252
32683
36729
74958
76499
38052
61826
27318
34904
65344
56749
59037
86009
74086
32696
40932
77551
24491
65080
35374
26561
34766
61567
11725
55128
42077
61296
48939
20382
39989
39763
72504
31744
70729
51636
40241
27814
54255
59334
45111
41861
17434
62604
78781
36253
52083
56106
49724
26601
24109
20664
60124
75082
59995
57390
41577
71353
74445
53136
67696
51003
44815
26783
61872
22271
51499
27121
36021
15335
35846
13374
44021
56672
30435
58710
50838
28361
73266
62277
24488
59899
55968
42777
74642
47146
31369
44147
55773
51482
35551
31437
62055
47995
52527
41258
60687
26679
36034
61385
45867
42737
25946
40512
38113
68512
58515
70427
62107
22475
63912
58880
63816
73948
62469
52849
66197
55389
29697
46835
40717
66441
50254
44118
70626
65854
63269
51928
28571
46166
55685
34510
11443
64089
39432
22843
46786
48717
39739
70288
38502
41521
40017
57317
73704
35396
48350
54933
19045
61034
23633
44805
40940
52289
28532
63675
23536
16395
43594
63686
62155
54600
41784
70960
47838
51061
34522
57966
70054
79895
28274
41335
50015
27455
54358
21223
29814
83516
41771
79469
70738
52484
80137
73506
39984
67207
42336
60173
27822
39723
28390
58072
33049
63851
32902
34374
71001
51072
31889
87011
60766
39543
62853
54315
61046
32945
20336
46945
31735
58757
80892
23709
23697
42857
47523
46470
36458
28256
43779
54915
40982
70601
57880
65439
50202
68710
52339
42610
54542
58128
36534
23541
50463
32905
50829
26359
34569
51466
13403
38313
45190
50179
45421
39438
58696
54511
51600
61587
59846
38189
79834
49836
27241
25230
59278
53428
34229
45198
59170
29690
28879
83215
26784
28329
21274
52093
64193
19183
65633
28825
27478
45954
70285
38605
68956
33622
15858
44314
42108
49603
49871
61371
58846
62171
65743
33352
61701
40018
37888
52941
58687
39489
62895
19333
48543
83750
87903
56000
47165
64868
39854
34309
61973
46924
76545
34066
53821
58468
41584
64519
47576
74593
61904
69311
12178
58599
45113
67026
43092
62170
21533
41590
51955
47639
39784
20581
41547
62547
23748
74120
28298
19244
57609
80995
55993
80685
57212
61646
53885
26079
54176
47947
32155
59535
50130
36011
66710
59551
36832
36938
42735
67240
25140
51562
51115
52425
76162
81006
39766
47325
34226
45418
27944
55635
59878
40476
41035
26715
71289
83518
16924
75467
47579
39966
58674
56322
60697
50729
47596
55649
35029
38127
56081
43869
42032
56336
59815
51637
77094
20681
52160
47126
40283
49556
22000
48667
41294
73845
37261
74695
39568
78252
21162
36053
13878
40596
29818
49920
24211
47238
51902
36485
63483
48799
23421
68156
66123
68598
35636
63204
59683
72658
52039
65800
44560
22227
56498
71295
43903
15293
68720
71669
68718
21641
19279
63595
50076
66809
57121
52862
57852
46695
46685
56283
27646
34268
59435
16568
55152
53669
57897
44403
63465
50923
72850
46684
58919
77434
44011
45745
38054
24412
85943
42077
34437
71491
22747
59025
64875
61535
29400
64322
46579
63740
84486
68795
50550
78249
59873
66958
36434
43464
30393
63944
43446
76937
46576
17016
43490
67314
32818
40560
33738
70896
48833
38517
63490
43900
25352
22721
43234
47133
70710
43888
27684
46401
67627
26966
62977
62429
60424
49796
50591
51803
53461
53027
44034
41509
23935
39634
48152
73429
76528
33384
29563
59243
44239
60496
45845
66780
47439
13541
77547
31718
49395
62333
66658
64504
16583
40579
59251
59625
80253
41339
20513
70615
33871
41792
58658
23192
16416
35034
70949
83035
37134
64398
62093
33726
51520
34203
34427
39763
37800
44564
57325
37488
54585
52932
57773
73665
39819
73301
59993
44602
59273
53944
30340
21190
39738
41007
35348
40275
51707
51555
67133
55824
53654
47364
41179
38980
24711
50024
57490
42240
29599
75776
80989
39291
40331
22045
27446
56210
55016
61104
67575
45053
53831
87291
67361
29960
39719
56353
23367
41245
27143
58403
61885
53106
68001
39022
24008
35957
33123
55913
31397
61966
30592
45455
75323
58649
72852
59058
64494
50374
77518
30675
53561
53501
41383
70622
22459
44104
23523
77752
45540
59960
32812
59233
16633
36502
30514
33706
59527
45995
38327
43981
39643
33292
38976
46117
51410
74881
31925
36186
46054
75367
73922
62343
47406
78521
55765
55248
28479
23784
50381
61664
62788
66282
48081
56354
54691
35008
44378
57430
62284
28838
42159
76063
36238
55698
56708
61910
34340
36251
34731
15456
41645
51054
56668
62237
42089
38371
69384
52995
64825
29188
55957
47570
68708
77422
36785
42019
48845
21927
38437
34383
35107
48860
40731
69215
41446
54456
78968
60532
52295
24868
39566
69682
56156
43165
55307
54957
69835
61034
64142
47858
11935
9216
66489
69652
69906
27451
44266
24056
68953
58060
33102
60854
57119
45259
55551
61924
66520
17967
17748
70904
69766
65828
45386
46669
64299
69566
49937
71242
20988
72405
60956
52594
59445
49863
60140
38975
81863
64085
59407
56490
51014
39190
31274
51650
44456
60958
34251
28984
76736
56756
40481
79982
73803
75210
67258
17935
64372
33120
39635
54697
29352
36334
55636
39759
61773
40045
68214
69905
67609
32754
44599
31596
66377
65843
48244
75314
55198
63004
41556
53688
71140
53027
50023
38448
40571
79536
72174
71323
23809
30660
31629
38113
47075
35102
39948
66057
69693
68102
63657
54088
33377
62174
39392
22305
52089
43077
34267
36124
48697
51632
14930
77395
38849
58099
83577
40749
22379
27733
57828
60336
73847
47583
19567
75423
73429
51199
30759
47370
54034
53083
40007
60147
57372
43537
39351
47578
43187
61141
47613
31706
41059
44359
54944
43815
59654
65456
73712
53098
50212
37674
68250
57015
40986
18126
53699
46640
58741
57972
56906
32559
71539
31360
72286
38864
71561
45801
59374
52629
66055
47827
32345
60334
11336
46273
43412
50394
40598
55200
91013
47315
55743
37148
70268
17749
67332
46852
19927
56025
38418
76650
58210
15277
48335
37466
40625
34178
37372
42827
27052
42959
38712
73393
59136
49836
44959
62085
46157
52458
38746
42223
76311
49311
54356
31491
67488
60016
40369
51557
65770
29383
55154
44141
12596
55951
40399
57478
66239
55933
58597
47535
26745
43525
33087
18718
28841
45198
39327
67063
61776
53590
37693
59073
65013
76274
50590
49918
65842
49937
58030
64061
42685
37199
46088
57977
17461
64967
60753
79872
61232
24125
58754
33626
65412
69274
59244
40431
66424
45689
76275
60702
35422
60431
44798
36509
76482
68300
61025
63726
36060
31237
60146
47259
56165
56552
39241
62232
27537
28762
54894
45673
72309
40754
45345
77289
71151
28902
78322
25573
50184
61877
38635
56106
32886
48650
36420
11388
40894
64121
39869
38175
78364
76342
29671
54229
34497
40991
59780
23939
15977
40980
15203
34866
30334
56068
43308
49022
26202
50028
62149
55430
41782
36650
76280
62212
44585
64944
35499
32810
27519
28288
35979
52855
38575
43673
17230
29902
63464
17520
39106
49319
23977
45436
43208
47337
54570
28154
74237
78523
49461
61764
52698
36046
59252
38329
51712
41915
43569
44284
42516
57467
65028
39735
32720
57530
38676
67116
56025
49740
25815
72360
54348
14994
60755
34383
59363
42509
34727
36791
58559
51296
41776
28598
58088
22821
53650
52924
30503
51064
73482
14624
60162
52764
44843
29839
54853
79757
63812
44641
55770
60792
80715
21313
65733
48901
50265
75174
33289
62945
69762
39835
69016
14367
53539
36856
17343
61114
33922
75154
54125
48326
65722
45743
34748
72253
44226
50242
63852
72609
23930
33607
37751
22423
39683
44613
36726
42483
60287
47236
69825
65185
21004
38302
78942
35648
57432
24453
43366
52067
57247
13259
54984
40120
43578
44818
56892
40227
74415
52960
43025
71406
25447
15205
51133
41670
27032
25899
47048
77743
41232
49765
38347
47283
73701
31571
25731
44583
40365
36567
49531
43324
47911
34494
57382
18887
41147
36712
60891
43466
70970
62120
23432
33718
37035
72032
73678
73600
27866
38084
43069
54427
19463
74605
66737
41453
56155
51232
21916
66759
54876
65403
34676
49560
73003
19262
52384
65513
29176
35511
44045
17378
30997
26120
35761
27996
27791
47629
25140
51738
33981
58774
77668
41653
42449
43766
51424
72381
14339
71561
72679
40177
66971
27125
38225
41846
44134
55475
48016
60713
78742
47237
51406
61917
60099
43971
67736
21416
43573
56698
70399
42310
68867
46401
38857
54293
43503
47612
71197
55559
14015
56988
40179
31778
47185
76381
67774
29598
66624
30101
35213
35138
36610
70958
27529
45346
28708
37871
46424
30184
55588
20075
37937
55648
25459
45562
43808
22819
50536
28721
53415
54603
44216
39378
75910
60202
43958
69636
36603
37013
59596
51962
77428
26066
61985
34332
52096
53079
50901
34866
75564
58979
66700
13013
51548
73715
45639
48188
34034
61296
72383
65602
28904
39602
25356
43212
28579
68865
75033
54662
51527
30874
58054
59014
42219
62643
76390
46311
66493
13542
56690
34412
53347
57652
65031
34400
65995
30268
36288
49634
40689
80237
22084
38182
44272
40213
41997
24691
27689
57977
22362
64071
52248
76021
51862
62749
57923
48092
35143
59623
38103
29106
48720
33427
78444
46774
71760
44261
31811
32994
77032
12773
33613
75074
62710
27921
48341
42724
36861
74602
37940
46835
52436
34769
39458
31809
28242
38207
50338
75546
58959
30405
52492
74238
26566
46011
44421
37106
53534
47631
76770
56047
69959
17709
35872
19771
64061
64823
45331
59193
63892
77163
36216
75376
74622
55343
40097
14993
42093
34893
69359
86348
89321
58329
48477
51803
62538
64812
16790
42555
33513
60523
31018
49284
53706
73653
48915
30167
52636
36576
62017
53473
79680
38387
49255
67233
67763
43217
21533
51664
36139
71882
34219
64510
59132
42038
56666
64120
26450
65639
31542
31096
72225
62147
47855
40294
37233
81665
56216
54458
62219
69986
32804
44969
37022
35265
73200
53195
23189
23443
36109
61053
61062
63796
51039
22417
36379
52442
15999
48535
25329
26313
62379
61129
65623
46541
51765
56203
37578
51210
57764
43930
18265
35077
52295
15247
32176
68633
66710
56228
72733
56304
60764
46764
56368
54555
50517
21942
85906
41469
53281
29552
31896
34325
38416
24367
57679
38897
67423
51503
61584
19166
56004
65112
57335
16706
67717
70227
37170
32151
60962
70570
36108
36923
73444
67949
44483
82697
65697
84779
60903
35838
22588
80940
59160
37623
37209
32777
37953
48403
41251
70276
29507
46976
50461
51019
33931
34270
40646
59199
28474
43891
66181
57161
78389
57538
61402
38318
40252
58516
24477
36312
38469
19293
39562
74211
71277
72943
34450
50103
49207
49738
72708
61318
54019
81369
63519
38273
22475
62879
76735
46235
48441
35872
40063
66304
52954
32895
70457
65998
83916
36135
54602
17761
43780
71106
19623
67852
36284
65016
24319
44163
41293
33937
79999
58999
63694
53484
31421
76905
48024
62105
64133
51900
44128
71853
35072
36651
49504
50985
58905
58541
79813
40048
27231
50142
42622
63031
47979
61345
78607
23045
25348
62504
31790
70399
45577
57747
25937
41724
59383
40066
43755
79818
21097
66003
34157
51164
36201
85713
46671
61865
54642
31033
72940
29276
75480
24387
46019
73972
72550
61141
71904
76954
70968
19012
81890
34770
49818
63710
56240
15743
60964
64067
34959
72950
35987
25188
36452
66616
34698
62788
68583
75608
24310
65587
37511
59249
39604
52496
61325
64734
14557
74936
70644
59349
19043
61003
43967
74786
38248
52358
72147
40088
61341
53915
51701
43231
66550
54770
83750
26638
57550
61633
32440
10044
57612
61758
39407
29181
60800
64082
9606
41010
38894
48389
46612
22739
73999
59549
65162
87624
44128
48857
60664
62627
19450
43297
39581
20821
41003
37768
53873
81051
62576
59664
31457
24020
67244
31983
69204
68008
38889
42494
29553
19548
61909
49597
61533
51778
88972
28677
78925
70476
37116
69620
59099
34501
41738
58137
22307
51071
83990
78053
39584
46259
41510
84885
66084
17167
49624
50506
49659
51850
35038
48062
73437
11331
51726
83741
58993
22924
46396
75573
55670
46851
47993
53190
76321
29257
67239
50964
40436
45758
41010
28616
50964
68182
51562
42931
32510
46651
41798
81516
34719
50336
50354
32616
35163
47889
54669
76554
53999
39823
74540
39971
44579
70742
61135
15798
33264
70767
39658
62400
49738
49871
66635
38408
36865
20792
56591
14112
60228
74610
36599
70766
58863
32186
49915
44832
23462
50438
84001
82146
70690
36678
85123
19599
38609
56029
43952
45337
64466
24437
31662
44512
45778
31956
40614
57930
57283
48340
43606
83540
58584
41852
29466
68812
59177
44772
59022
34440
59341
56262
72654
32035
36712
22077
58847
59646
44634
34477
45231
52229
32696
62447
38264
37619
58058
34747
75579
71505
52334
42608
25171
29335
57988
40389
54788
53168
31417
22439
70170
20822
51856
45934
70477
37466
71560
25814
40361
53311
57760
57907
66369
61609
40035
32012
43096
41889
36036
51531
61852
72091
19257
44279
60380
68310
19842
54631
36633
44646
48980
67186
38291
29129
36059
43511
29610
78200
69437
78926
78696
32300
49581
38999
30668
31567
66908
56908
17031
21014
31707
25852
56552
40947
54234
55479
57627
21654
72571
48878
79960
36645
40315
42744
84310
65505
44804
80942
62593
63775
58312
61207
38856
52780
67575
58994
55803
23785
41595
81080
50709
55780
67192
63397
83331
62830
57493
60604
80414
68191
39340
70080
24379
37101
46502
59719
27829
69448
53458
31727
80437
44359
62282
41508
63264
43988
54117
75575
58859
55070
76448
38804
64837
41602
44186
64492
52355
42121
52866
51624
66130
28357
61642
50703
24132
65218
59709
74305
42778
51966
56395
29421
67857
22796
67602
39349
77085
54803
74399
46272
28944
58905
50440
75451
56401
51194
61960
70292
77992
61001
43771
23873
60775
67141
47954
60147
59621
40911
36497
36149
59967
37404
35426
74423
16574
49091
45276
39648
70162
49544
81621
59889
56403
36177
33698
52323
37219
13815
24977
39109
58177
46014
50079
66442
41581
45329
46439
62784
37027
39091
61364
69685
31519
22884
15695
54715
9715
26526
71951
57891
81174
13611
51526
45674
63327
25724
40808
73131
37648
62916
52401
36505
23847
77973
51349
9789
57776
65833
40012
43723
43242
56545
32108
44226
79412
42942
45647
72420
35686
47310
57446
61486
47639
20731
30381
39741
13271
54855
46889
77662
49511
26551
59314
58670
33237
17970
83836
54296
71479
74602
39224
43182
38099
77958
53745
41913
64232
55623
54277
46149
54557
61365
47201
26094
45391
72169
50287
35954
87586
15126
50351
69589
75351
20582
66234
63378
45382
52748
41723
