23459
41675
43473
26854
28668
25350
26589
41332
23235
25880
29311
47859
38522
22228
30875
29666
15419
27956
22826
17882
34159
12938
45348
22371
34157
22878
27363
27208
49086
17840
40835
26354
45690
33496
24313
29217
26342
23197
26779
17663
31767
28269
48432
24826
22034
21286
13374
41203
22738
21460
37173
20695
26156
41027
19357
34331
23882
42872
35714
32368
12246
24945
40089
28795
24340
31040
25773
15844
20912
20808
21147
18536
14905
42839
35313
25358
40703
38348
20486
41162
19815
25942
40657
22413
35596
13375
34558
41107
18286
29639
12409
36013
17310
23568
35981
24199
42061
24794
29430
37213
42477
31145
36714
42698
18799
17410
34730
27890
39732
38869
30724
40326
41333
36522
24775
13166
20421
29838
38217
21418
19744
34226
41818
26136
28989
38681
32956
26842
34191
21771
12473
14615
24157
46067
30453
25812
37452
30450
28920
35633
27021
44167
31087
30084
36158
25878
37808
33151
24600
40142
46857
22537
41888
28569
45606
29131
20151
35886
30002
43880
36991
37450
35750
42544
32018
36372
44674
21244
30750
16375
20081
14741
18659
24338
18975
37567
28282
29051
24398
34516
32026
43439
29043
44589
33645
20854
17651
39018
41020
42249
17402
14380
34278
17050
18244
17750
26661
20037
38741
32919
38938
32613
23535
44513
39335
28516
30908
41980
36760
41070
37346
13786
25609
27615
44682
21698
12884
42328
22362
32176
25377
38925
25806
29378
27610
22364
25927
48113
22281
18182
13502
19334
13652
23661
20620
44625
21589
23878
22754
45742
44679
24432
33791
12130
47347
18414
17731
47365
21148
14922
45540
31092
30229
38242
17515
16155
33089
16032
45318
23814
17788
18492
28286
21247
31870
40925
25732
28852
44808
25350
46657
20300
46769
23917
42278
25484
39046
38595
27790
33636
32843
22659
30568
21435
31982
35103
42241
41988
38095
43862
34032
10941
34148
46113
36003
42511
15412
36000
41955
23620
33446
37818
16861
23743
19851
19529
45737
26367
42736
19637
34058
32004
40474
24749
33044
19870
34767
42039
22516
38149
15102
17169
23554
38511
38651
25363
39610
22912
38610
21866
34374
24613
14175
14784
14678
32848
40666
34770
23245
42213
23943
27555
45959
40747
42369
19191
20328
42505
24580
24878
30244
17208
19613
29612
18310
28382
35900
27288
34565
33958
21435
30879
32134
25111
29275
12692
29925
23390
31463
38953
24823
36826
19984
47740
39366
36061
41292
29080
16742
22947
22804
34641
24333
21132
26117
25663
23629
22779
50812
38387
39911
25761
28058
19123
26600
39620
37571
40860
42988
24939
37753
35974
19425
34206
41956
21640
36926
39265
25734
35394
24503
27316
29482
31309
39438
32114
28663
11868
48798
35009
43485
31886
43313
35046
19836
33221
46172
34291
27246
15835
25031
37802
39355
30749
12673
32290
21162
27712
35020
43128
36624
14685
21336
37950
17544
19880
39251
36136
11445
11127
13106
22559
44741
26764
40143
38512
47405
26267
44615
32968
48121
35985
11295
39341
27945
19461
35894
26720
23890
32902
43434
18389
22704
15539
39326
47625
22203
36951
18281
28672
47849
37857
25224
24238
45833
13208
20307
31225
32157
21209
40374
42446
29017
18258
20298
32741
20400
38213
25521
23185
20566
40662
32084
35378
38928
44661
44393
20188
18928
37110
42800
43435
30270
15258
33681
25851
24599
17906
34734
27680
45867
45062
41450
38782
42342
16781
16716
21191
16118
21312
39905
37083
39037
44536
22516
26466
33534
36387
37711
16554
35735
45310
28693
20575
23282
39314
21384
32113
32738
19141
29651
22655
31249
25464
25146
36249
27894
28756
27623
18952
33690
23703
21110
37306
22613
42451
11698
21286
45884
26348
28533
25514
26090
36186
34031
32276
39015
13822
32753
46800
21130
32520
35609
41014
16111
40993
37205
28710
30415
32094
30288
16005
47712
18366
40807
40291
21015
33120
16223
13413
31650
27090
31475
45869
30379
22527
25654
43461
48044
44117
43187
45285
39299
45401
35193
25407
21382
52019
23647
13499
37869
31397
44984
31823
39851
42106
36458
45436
16257
37719
21450
26264
43230
15091
34184
38283
48528
15360
31489
39432
28039
14642
36445
24697
33947
27225
40063
31849
25671
24562
30687
50039
35399
33691
40907
41955
37407
33548
45268
16875
34760
23919
25356
39417
41819
38502
31587
27035
18776
36463
25932
33386
27568
25177
33025
42325
17757
26300
23016
32653
29572
30325
49345
38164
31378
34898
51278
24993
23236
31185
38604
15989
49591
36730
29934
33620
24464
18967
27277
24525
39301
39832
33504
31803
40504
30587
47965
45370
24050
22507
15629
36542
45464
28711
50242
26844
17221
44447
32813
47228
50000
21076
43956
32820
37528
38267
27350
45854
27774
34279
30224
32192
22772
27669
27056
11764
34450
33190
45431
33038
22330
33394
33350
25019
41606
30712
47202
36175
23874
17886
16581
19232
13304
28223
44633
39291
14430
27686
44064
25407
32668
47072
45813
24788
20735
47341
51906
25180
20961
44523
26472
31864
45349
39105
22933
29106
36796
38969
33045
39386
36458
18315
17651
30985
35058
40852
26156
20584
33668
36877
43880
15818
25080
34783
44986
37212
44483
20191
41443
21011
34947
34850
32323
46647
12672
41167
28268
34628
28042
41754
33037
39111
23013
41979
52341
38088
29376
31678
24075
48670
50830
27344
42229
21192
16609
29534
38369
34397
20260
40966
16152
24010
21801
47885
46264
35129
25003
40668
49251
41845
37732
19569
42584
24706
33965
38797
38129
28684
45351
42998
45047
23737
43790
26177
22447
34158
28606
37264
45257
20145
29709
43231
25753
43346
15836
31618
42282
30762
22884
24557
35482
21843
37270
42241
45723
32560
38247
30499
22216
42339
21801
32818
21584
20422
37376
24674
38543
50718
15248
24859
25274
34625
38707
49356
33228
46866
26230
49003
38733
23282
42369
32246
34900
43076
41174
31882
38747
52948
34881
30746
39577
36944
24683
43866
50046
27048
32926
38826
34143
24452
46381
52462
14540
39398
22485
28298
31016
24761
32669
27254
40501
49662
24784
45022
22887
48523
32847
38409
30884
45926
23784
39867
19859
49945
47507
28872
43612
39005
24364
19761
51416
42565
12402
44153
26803
37546
45620
37023
39456
25423
27096
18744
16318
29564
19167
32564
48439
30129
30721
21678
36222
33083
36783
20663
24646
23335
32455
35918
19859
37701
40040
35303
43230
46540
41824
27930
19391
23164
38144
34439
40305
38891
42509
17693
51903
22110
40075
28505
21395
20190
53479
37835
37864
36559
19719
23254
42202
19201
21199
24994
45933
30151
29831
45361
22763
33557
48694
22681
19695
39117
26089
44282
21754
41250
17205
23753
26197
41712
51793
26820
24350
30719
40034
24531
35473
43988
26407
35806
38973
34661
33421
26815
46464
34701
23743
37240
33908
27975
30896
44746
39654
29782
22166
22838
32988
29848
18199
36988
41612
25565
17856
32691
38283
29021
26020
22696
32645
36324
39992
47879
26727
39973
46498
45670
42799
24837
45624
40256
23996
27931
42037
48871
31526
48270
44867
46482
20480
21671
44353
21175
21677
17896
38825
35959
37109
16944
35655
33104
21991
38573
27778
35694
35471
18546
22075
26086
44393
21157
29210
16424
47658
41435
37502
49043
20928
25933
49175
25046
21068
42323
40405
46098
27353
20820
44013
31841
37684
36781
37681
50855
36383
20348
28914
20067
38145
17851
45119
23801
44876
37808
45479
43069
36400
48459
19668
42305
24965
19246
51610
49258
44649
47242
31907
34232
19652
23476
40135
50535
46228
21099
32707
17393
37631
41606
29646
24064
17820
37541
47688
44516
20720
46793
27142
32427
34381
35966
44805
38308
38206
22694
31996
34810
45962
31914
20710
35005
19910
47190
33100
38386
40947
38772
44201
34687
44769
27435
38581
43172
49264
20342
27244
48797
44962
18616
28687
38791
46165
37799
42063
46920
37204
22105
18998
42984
17891
42631
35718
28321
33153
17055
21509
32091
27089
29046
31963
41177
40577
27964
41405
48797
48027
32008
47785
24672
28524
34182
37491
15095
25697
27941
35477
32436
26586
23079
47416
46685
34857
41073
44561
41049
33712
23609
51516
31694
49002
52587
39739
44984
52324
29085
34409
42238
31223
39459
27109
32484
18048
47171
50214
46295
39309
16057
27649
53309
39224
43136
28867
22716
29835
33468
28358
40360
34387
46004
49665
21410
20875
36255
22780
26511
42667
13765
27349
41400
42800
31727
27907
44159
34904
50425
33884
44211
27484
42194
21453
24813
23080
34372
36948
31335
40488
28303
35383
36382
47495
53126
39144
33781
31713
33782
34821
25827
43727
17460
45903
32800
24588
48837
34921
36449
31448
43389
21253
20127
28394
28791
49131
42056
51403
39579
15624
40082
37658
32027
21892
25674
19764
23226
41762
49615
21697
45031
29315
17925
36526
31006
25226
48580
28850
47321
43568
17202
32217
34067
17402
44994
45214
51435
27997
35416
22253
37324
48602
50853
38768
29076
51667
30760
37451
16959
39094
23606
42907
45558
40423
41688
29207
28294
28764
18008
44637
22348
31431
47460
37790
23721
39806
28180
50565
39157
42382
40039
50098
48822
26206
33403
43101
45664
42263
50932
17370
50369
41157
35584
32533
36660
44267
19153
49462
34832
39280
47892
27327
37989
52486
21507
19236
43985
37856
26867
24908
22925
46847
45942
25432
42826
51058
31324
29837
28138
18679
38595
39727
40456
27543
27667
46059
22134
49007
23243
44739
14681
21304
46438
22621
41686
51563
26286
40856
51376
35113
53067
17267
38271
20852
25464
25604
44410
44018
28163
27684
37771
30602
36807
25950
41288
31092
33160
42423
26382
27674
26329
18547
40087
31336
51138
19590
43205
49330
53220
39994
49341
48228
36928
23697
47449
44503
30942
24602
51975
36957
18641
47997
35105
23171
47169
41596
20705
52212
32275
49646
34313
23123
30458
53842
36646
37575
46049
42435
23974
20830
31826
27827
28640
31901
47944
34191
51897
45856
38218
24363
26939
38185
16300
49516
37624
36152
33975
34420
33102
31598
20866
22390
27246
41436
29013
50366
41499
26095
32124
42080
53402
39344
39354
35986
50151
32334
24601
21280
44577
26028
28837
47773
21861
28570
25732
44229
21889
42755
20993
19361
49422
35312
22471
21464
24781
47896
52658
51795
37388
35659
30241
46449
52309
46598
48927
31882
24561
44957
23479
32523
39458
30008
44520
51223
48540
16499
38751
38768
28198
24572
35518
26572
20852
49081
47653
20799
45776
39125
32439
48722
21684
17974
21863
21756
34768
41278
22561
44271
26526
21361
50837
28331
22066
42447
22207
37775
48212
30314
26798
23283
43881
29897
41518
40876
43743
44220
44758
26969
22061
34228
48253
33893
46472
31611
46663
51637
51381
24374
25372
43785
53772
44433
41040
34960
34549
17364
48837
27227
34220
36706
37965
44075
24578
47551
48046
30598
45528
32049
27744
26288
50073
18020
31396
52460
37087
20057
38872
40550
45428
29433
16818
49927
26751
39866
33994
20635
55837
39603
27025
51443
33526
40063
25924
44385
23057
16096
36818
34579
41177
38868
32079
30606
36825
49500
52022
24355
25199
47465
37313
28095
37340
53507
42135
34578
25406
44384
34971
42415
44294
24809
27052
52444
44193
36839
34540
33050
27955
22050
47674
56876
32216
50455
49665
24537
39173
42228
31454
33308
42357
37973
42346
29797
35465
42524
43776
44401
49346
53246
20556
23402
42400
26412
37351
19675
25435
44367
39511
49941
47749
36587
27738
45898
26503
41960
25398
24539
47768
47128
25519
22649
44223
50246
18227
29960
39899
33487
36543
33686
37667
21885
28562
38009
37507
29562
46304
17798
39517
35833
35971
38002
35894
45530
16567
38718
28220
39414
46719
36156
26712
49640
50828
42306
21026
30519
33724
55859
43842
46743
42524
27012
31291
56440
26396
47977
44018
24386
49021
27765
23792
29021
36720
26612
33039
26657
34391
25042
37826
41972
32381
50391
24504
40669
45492
24315
44272
49501
22133
23062
44484
48343
45268
28184
42563
24587
28838
39344
38453
19800
25789
47046
47664
43421
21369
48682
25403
24281
44859
44569
33233
33201
30548
29734
47873
45709
49298
37970
34713
50388
32170
45240
39414
42474
37573
23226
25868
44342
35226
44099
38758
32456
18056
23716
49937
51022
34705
46800
43561
30894
48332
18295
29749
30151
36039
53963
46718
43212
24847
50723
40487
28431
27930
37848
30923
38807
41486
25581
47447
40224
48361
23665
37087
35260
20622
29964
23058
28009
37683
26386
49010
24642
26708
52505
39884
17903
33754
55354
28505
44080
41255
47982
19657
53243
31036
19163
42359
38886
33032
30444
43232
23615
45481
52555
42782
32456
29189
34929
25446
29827
29732
34949
32630
25135
42159
38202
21988
32057
30811
30023
41053
48525
33700
27581
47000
24378
37827
45213
23818
26304
31700
43386
52449
36615
44431
24430
46463
25508
21873
44472
31974
32604
49621
24520
42437
47367
45928
21425
55829
16994
53163
44201
36390
48659
27863
37015
29534
24541
49584
46250
36021
37500
22237
44103
28155
36335
41621
28808
26555
52795
52792
46181
45458
37569
43460
57163
45508
37434
39698
26194
46250
38653
23804
40244
35978
37520
28850
51088
37633
23069
26330
31902
31484
35755
49042
45897
27382
35455
47502
44562
33413
45122
28359
28396
43588
48696
45040
43460
39895
20100
36487
40508
35712
41202
42517
36482
57713
26509
23973
55389
50076
34632
57627
33580
25033
50761
40720
41585
20495
44996
28385
46191
50995
46809
17752
37572
53309
36265
34915
32250
23224
26724
49713
49096
33497
27906
46546
37056
42798
42051
31385
45972
31558
34899
44811
55734
50102
42769
47920
27659
44566
22751
51132
31681
46459
40501
29226
47093
35338
43852
31768
28077
50025
36439
39201
56459
22522
32444
38676
36366
52111
33697
51283
30873
47456
41986
29116
23083
40579
33753
45351
47599
47057
34941
39956
46901
57177
28022
38874
41389
37484
40329
30181
46630
30389
25572
54377
23361
34246
40544
39319
23644
45561
38482
28938
37323
30878
37557
28696
55962
48768
37775
33803
50384
29922
30907
39024
24870
25468
44072
50482
28909
27954
27905
33118
32325
42564
30760
31654
54108
28977
38254
35129
38783
36663
37135
45660
47946
30275
54480
38896
34311
48791
54399
33163
27554
41134
47587
51455
36593
47203
31837
35712
38122
55622
29232
46978
50507
39279
30871
30579
46889
27553
35921
34408
54504
56557
34698
27683
38706
31738
53605
33821
42712
33710
51171
25762
52988
46313
27084
32389
30727
20662
48508
51193
38432
49108
40864
26386
41780
24487
43511
31196
46587
51531
26849
22197
51417
43689
32364
33642
50004
29483
57509
33607
29798
48111
51926
50888
33447
52337
48995
44232
39494
49421
27515
47051
29191
40302
50320
41390
46425
42179
47506
47763
37106
42977
35928
26078
44191
47771
50369
51443
43244
30676
47267
32290
50427
40919
36816
56355
47658
47318
44417
55886
39191
40724
36239
42913
42845
32658
46041
48675
36328
35388
38959
52164
27309
36790
52069
54666
57783
54559
55389
50416
42392
24219
48565
57805
46493
33303
54674
39709
32077
51404
36403
29609
35299
50643
55786
46422
21421
49676
25247
44688
39241
33965
53962
26584
25712
20958
37032
33488
44553
55806
57551
43725
38469
29270
22865
36406
32939
29971
30807
50830
26447
57559
34136
27916
41809
54292
52105
32154
42145
38370
43917
35881
37615
40080
30132
30361
22402
32896
39234
57520
51823
36109
23172
51013
34035
39807
53912
29527
34553
39337
47322
25956
37375
21891
21259
57767
41151
28544
36625
50025
35649
45611
32648
59431
48805
54267
40127
39662
44119
39956
46415
46725
29575
38196
59124
27660
54457
35606
25968
31409
40357
32177
50813
36067
54337
45445
30346
37024
55588
49858
41470
32729
35851
23938
34327
32066
49797
56221
29483
22533
31346
28881
34338
30190
36366
33326
56553
37578
49461
53062
44259
22679
50974
34516
49768
50176
43494
28062
52856
37884
45228
44613
33675
53189
27781
35441
29389
45523
45607
33196
49685
44104
58797
45895
56760
45881
27747
54063
54343
25464
28561
25764
33734
40257
37643
50374
53362
27242
30632
41397
46772
53934
47345
57551
54194
31245
54150
45522
60316
52788
39716
32662
27185
60661
38377
42992
30102
50107
52878
56392
53332
50845
26878
55617
32739
27164
31700
55745
53352
25511
44421
45500
47519
25869
46621
42284
54768
38939
42361
41978
44995
35340
36476
37632
32137
47880
25270
36474
46230
31491
57792
43787
36845
43559
23696
46069
50444
42648
37597
36001
35437
38386
47013
29017
33155
27467
44214
25325
56216
30148
56324
51424
26462
31622
31827
55526
24285
58495
34423
50585
40493
46961
25006
47935
35242
32524
29254
41813
52859
33554
50762
50579
24928
30561
22648
29030
40056
29806
51262
49963
40427
50261
48696
46040
57641
39214
55610
35109
55853
50094
37438
51874
53583
50425
37911
59507
42241
58836
50546
28850
50577
32695
34615
46944
52872
26947
31307
39508
46635
36758
44616
39678
45608
45271
33071
45844
51713
36356
31226
32595
42191
55721
49089
37346
47419
30406
28559
46420
28861
43599
46473
49124
40616
37599
38339
51477
49261
40282
28583
31848
33653
38276
34663
57903
46859
46611
48070
28837
55067
47689
43942
31927
22433
20906
54617
27702
50206
37849
44150
39336
26403
42518
57404
57898
37129
56401
55917
47234
30336
32395
34927
29577
24565
54433
48523
31964
49607
24877
43080
39363
34234
30893
50056
48449
43197
33291
46282
49467
24361
36733
51562
44175
35883
30525
40301
42787
34453
28596
28420
47422
32009
27264
30656
30516
58399
60673
43098
37621
55904
48202
35614
30179
51703
37477
44973
27508
23725
34566
33160
42421
37835
42836
45045
49817
26763
30107
42204
54205
61636
42305
58279
52473
34369
37437
38694
27910
54703
55287
31509
31360
32311
58239
35050
42128
45108
56387
41705
47068
47597
44666
44564
62157
35207
53457
40189
57251
36653
53442
39794
31920
41640
33184
36466
27598
29871
34188
31659
36877
39044
55266
47608
34334
30243
59169
45033
53451
28286
24976
53433
46660
31933
36405
46683
42035
53244
54937
27408
29377
47954
53009
27517
44218
27514
45082
41087
46544
23145
33702
43504
39705
48939
42184
44925
46323
31300
31506
42161
56469
48219
56475
33906
58645
34450
38793
58741
42374
35002
46997
29093
55290
46354
40740
51521
46132
47714
51062
36349
53883
50478
30155
55216
58565
44002
53724
38152
35482
48323
27630
30854
43845
41421
43077
27638
48412
58268
35685
31318
25447
26857
49801
37331
53212
38135
52799
55337
28748
43095
40733
34078
52853
34114
54712
55423
53968
33491
47320
45136
54158
34192
29377
39159
38886
43028
35798
52795
27755
30508
39623
35921
32901
52432
29286
42592
49435
37909
22527
34458
32679
41132
50534
43006
32895
51935
44386
31122
49649
39648
39241
45044
54172
41754
46784
49044
41586
55558
28735
28811
47998
36325
27575
48237
39889
42906
61884
40523
51360
24239
38652
63875
39673
50067
43852
29837
41630
39529
58858
45608
36705
52394
56703
40072
57467
36535
33640
28131
53040
47710
34532
51616
47409
30219
32932
44583
58743
46110
39018
55969
53177
47186
48288
61166
37677
28706
54629
38981
45727
23912
45288
49489
35407
23833
50358
44028
38686
35817
48878
35533
25605
36549
39300
38275
26788
54826
56837
36462
35823
47579
49819
24873
26596
30484
36691
26345
34046
60830
42614
32915
55990
31658
43995
38131
47477
53025
42931
60327
39926
54733
45087
57019
51667
42152
46079
34738
53131
55566
54132
27500
27739
48993
28537
40076
49440
38082
38783
31524
45687
45494
39248
40142
41358
44308
41228
44184
33770
46755
60933
26542
59643
50578
48050
42492
38282
58842
35314
25761
26736
45394
32067
58903
46304
31193
35024
37599
37600
48185
30244
60512
59487
58435
29124
40092
60622
28511
42475
33113
38874
44088
43605
38126
44082
55743
57861
44022
37356
28068
55598
53374
36379
34599
51705
39974
41497
53616
36315
57369
40603
42263
54934
37671
47602
30537
28398
39759
28234
59600
38177
44559
39881
49338
30959
51748
59887
55153
43110
36720
30634
30891
52674
45035
33917
55077
40167
39711
33454
26351
52264
33293
48802
45076
44020
40357
34674
53788
45873
44975
60070
64472
46144
61891
38628
48820
51141
28167
43631
34519
32816
37675
53957
31777
54711
60499
57466
54787
33247
31012
58661
40417
47369
40878
54402
37845
40695
31177
42752
58993
23526
39522
47297
44767
60150
37493
57093
58863
41618
41042
55093
60109
24511
45883
30607
37922
35192
38167
47823
51815
28057
45591
46484
45037
49462
28938
54055
45844
57327
25077
33211
49231
32833
32979
32026
36501
34776
28995
37037
41967
50055
36914
46295
26941
32597
38117
51538
43184
55385
30938
34612
38491
48016
35762
32799
38781
43470
36442
49549
35234
36907
52814
46050
40249
43444
52375
32104
49457
51261
45218
39772
50991
49251
53254
35919
44084
48224
37450
35165
55440
58543
37644
56853
47689
36318
45744
49876
45633
38130
52053
52791
32771
44626
51884
60398
44306
59539
45172
61723
59659
52249
47633
36210
55477
46786
53318
31013
57229
36130
49714
54692
54550
29868
57387
34453
61123
61202
49047
37060
54153
58978
51953
54179
47016
43166
31758
44243
31301
29583
34495
50061
36188
56480
50776
48778
44683
48099
48752
53553
35940
40908
51963
39039
32679
29444
58290
33453
41409
38277
40442
37158
51554
56650
60768
58278
55512
37262
31599
49243
41348
57188
49662
50029
37739
47430
63485
33213
50060
41041
29743
52463
34051
54114
61619
31651
60390
46929
45843
45893
30693
41162
36062
40203
36736
50575
33735
41732
27230
31339
61477
44914
56669
45970
55372
36923
57761
38267
41340
49248
30528
50483
41269
37272
57089
30110
57762
52303
55164
53317
40366
30524
29973
39341
60358
62089
40812
50830
54029
52663
49763
27595
55342
31091
34686
29624
34980
33607
54015
30993
38941
49868
49227
47916
44934
53722
43647
44506
45744
40394
57887
46449
49811
48100
31786
48868
38979
59483
45941
32340
44672
46968
44229
51488
58768
29100
41261
44600
37895
54275
53381
45783
50626
57069
50395
52121
37736
63119
57372
54605
24265
41285
32302
41930
53741
53425
32233
41153
59744
65504
58441
47726
28300
46618
61027
56623
28293
42477
35266
45320
49539
40150
59371
31033
43336
48201
37971
31241
38565
57217
50382
30040
57406
45452
53637
35525
63700
33798
57165
35557
50851
54623
37546
35310
30505
46718
64147
53899
59011
50712
47637
46524
55033
33124
61181
40452
33731
44586
38757
34301
36988
43971
32688
40588
37880
49353
53741
54296
62720
42617
37791
47725
27172
53727
48740
55644
60373
59371
49915
59572
47749
42272
27964
47840
27609
60157
40007
37518
52239
45081
51441
60701
51467
47927
34114
34799
47521
57050
47051
48498
59964
30157
47300
40275
53251
59817
43509
31282
55525
44154
47217
44343
29970
36146
52434
28137
45650
33966
57761
40041
41232
59414
45094
58766
30939
51671
38056
59375
34825
57581
66845
43127
48230
25395
42801
49724
42693
40079
56973
44282
50174
40760
61436
47868
46831
60201
52630
47877
40360
53291
50538
61472
46791
60792
42991
62567
54351
53341
56960
36602
40559
40666
42031
52137
59062
50900
40895
58118
29191
41649
56323
60368
41577
37538
56228
40660
43479
47699
41723
31012
44955
58224
58820
46982
38204
41084
59693
58272
60036
60418
45229
42022
52162
42879
34930
49926
34180
34955
29252
54467
37504
50443
47255
50710
56041
33626
47957
45049
43014
45412
47734
39295
36383
51578
61988
44005
60374
32952
56373
46598
35654
40407
57515
35749
35187
61117
49278
60572
62828
41174
56708
42486
31105
60616
55331
44420
65492
45622
29086
64667
45971
31876
41398
33541
42669
53047
64756
65399
61037
33238
62281
64232
35342
39508
37697
61393
58105
31630
64243
54536
51397
41912
44869
38379
27893
58842
47420
41428
34490
49871
36867
50830
62169
35651
60411
40203
52043
33105
52099
36597
38105
54322
58298
28980
40489
56587
59105
67540
63400
43592
41866
48761
59288
54276
64904
40872
41057
47442
28940
43161
38387
36678
48494
46326
52945
38039
44461
57620
44768
41235
36747
51996
34109
59320
43450
37215
36799
34359
38509
49145
44976
49303
38020
66151
60293
61778
59968
32323
66014
57793
38152
40000
32812
43914
46001
51071
62833
68518
58758
37474
58040
57040
52369
35699
46299
59141
43083
42516
59771
57528
54804
53950
49852
42661
53402
62897
45992
44388
49678
43260
38603
61554
40411
58120
47218
30440
31814
34776
64037
64508
49632
62331
52357
53743
41798
61522
37338
61840
42312
46150
64063
46148
58242
48611
65343
49657
44733
44636
52149
36438
53187
54315
34138
57298
50701
68005
44480
56590
52392
50588
39331
39149
34215
55606
67574
52817
34122
33747
59892
34805
47259
53824
44458
41371
64699
60768
56413
34254
58547
40185
40695
42024
54385
28462
56397
52563
64951
59656
37232
52685
33849
63744
57974
51397
54685
51289
54624
61926
31076
31236
50160
29782
62796
47182
61118
57203
42094
41274
34242
37151
52347
53998
37378
41905
38185
49387
42508
51536
45375
53798
59636
46883
55967
37207
33435
50566
37284
58774
44249
45824
45602
59422
35441
44432
42285
63774
62199
57428
55020
46764
36796
67452
34736
45980
44866
65146
54713
41812
35911
34402
39866
44971
49577
41673
49407
44252
58310
44892
55636
54922
63335
67125
44369
49224
57726
49530
28783
56177
33958
61695
35775
50920
47184
57663
32256
48618
51426
56107
48816
48289
48130
43745
43587
36973
51369
58445
43430
54310
52803
50047
37827
38416
51519
31554
40048
60264
37674
37089
48719
60574
54707
59190
45993
34364
30918
42214
30766
41426
34400
51509
42686
43538
38383
33488
42107
35852
50176
52180
49747
32321
47058
51911
44881
54158
48591
34856
47737
63468
50884
38345
44303
46651
52552
49843
60826
52849
27551
38318
31345
42275
63679
68241
37420
39914
38167
45871
53907
32228
35485
45887
56813
44269
34979
47170
56832
60205
60346
47031
34794
56934
35398
43930
48411
39239
46332
39498
40673
60611
67683
52705
58359
51311
36331
43214
58532
40435
57975
44342
46775
39956
42483
39257
54710
53968
33781
45808
56286
50455
50427
30270
54789
49799
42002
37427
55504
55785
63014
41532
61482
50522
51656
31540
42191
32030
61519
31599
52106
44270
46240
49927
61549
47559
59659
29635
29096
53463
52177
48740
46740
60120
41422
62732
52584
34335
54150
35395
66818
52952
54650
41265
60357
62454
37022
54408
47286
37376
45240
35466
49953
57191
33710
65643
37132
61684
63828
65769
30272
54884
31157
39341
35776
34137
60935
57045
59899
55410
48326
57831
48281
40946
66755
67283
43613
48881
66961
47613
60917
33748
37823
51883
44967
50323
46824
46208
37709
48006
47248
48750
50044
58258
37758
35511
45721
53123
46174
59637
36438
61069
45150
44716
48572
39451
37794
34193
51054
64351
53603
66587
57744
55403
33378
54431
51648
32797
62901
51373
41398
52138
59336
56933
57802
64217
61288
52345
38971
58944
44385
65525
41075
42304
62877
49224
66980
67317
33660
50104
36564
48346
53079
46999
43959
51668
51149
61348
54057
36249
63322
35490
54381
55941
42650
55324
42293
59024
44946
37405
41894
41380
57520
58020
30446
54114
31317
57655
47416
47110
47959
46070
34605
59511
52344
36701
58510
41543
54626
56193
65650
66861
50471
41491
54830
46910
60256
39883
67596
33501
65383
49430
44210
50341
63447
59886
41715
34854
58894
57656
34451
50357
48786
42363
47040
59952
50279
49267
43220
56678
63858
37902
55620
65565
52328
47400
40717
57105
45483
62189
45747
58438
61646
34428
68118
52179
57166
56191
37237
41334
37365
37674
45975
54869
45568
59650
31788
38148
60179
50822
39007
51842
65395
53929
52778
50983
62372
56640
50362
38682
41782
36239
34706
39446
47011
33286
42790
66762
57186
41374
53698
62447
41295
40124
66031
41025
64646
68576
58246
38054
62518
47461
60001
40890
51441
45452
41948
41040
56979
30958
38928
42494
38596
57180
61871
59255
46196
39349
49333
60898
50888
62556
43571
49318
61736
60533
53756
60635
58869
50719
66055
64940
35691
40213
49506
62783
36422
51065
47752
51633
30855
48120
52484
37133
45347
49544
43599
67846
38270
38016
40181
65561
56439
38131
43200
51025
51107
64360
54286
52908
52414
49088
34459
60984
62532
44024
38272
50619
64629
57617
36054
54727
47888
56468
44266
59441
45638
63070
44806
59838
53441
51623
47883
49162
45268
47712
61429
48605
31878
38122
50681
33466
56740
59337
67253
57294
58235
41443
55244
43059
33522
55185
40450
48430
45359
52216
49029
39305
46197
53702
50260
45504
56522
42084
36824
51082
61161
34820
39813
35055
36959
41822
52307
50662
45504
67377
37496
62127
58701
58853
39735
58896
42106
55400
36068
55581
64119
45067
42765
41934
57649
52936
31349
50630
59252
68653
34509
43884
55541
67565
51273
57947
57660
46136
38253
62328
52252
34483
61290
50060
58837
40652
64721
59128
62077
63055
42363
58258
37512
52637
63867
44789
53087
35088
59719
50146
43330
39377
35535
63315
60706
56132
53526
49206
49505
43680
42581
58373
49668
38329
61570
65238
61457
45296
48958
41777
58142
52099
43477
42156
34494
52292
54005
38688
59986
52110
63287
37265
47395
67814
32784
33624
39382
66996
47541
37332
62933
44193
57900
59673
58823
50826
41002
47936
60743
63509
54300
53767
36531
39053
40429
55710
50835
32788
64245
33570
64530
47990
41219
44760
52857
50648
42134
60640
55788
55597
46789
42540
45369
40674
40227
66711
53945
53952
41336
55380
43535
57880
35746
35828
60747
45380
40038
41836
58266
64850
35362
61719
36884
50567
38282
46951
58134
53505
53557
45102
56835
36500
59522
55650
50345
63207
65435
58486
51514
49870
39406
40517
44174
59859
34454
58900
44152
32549
54110
56538
60761
34129
58011
45766
51730
56920
52431
62455
34561
35980
61354
47997
47555
68913
40015
33472
49360
69184
70187
40804
48416
58940
59206
58828
49314
52345
47232
52129
49038
38868
65150
51486
31836
54995
54300
45848
37278
46190
51828
44418
54961
50423
60022
64576
50405
34464
43733
55365
44711
50421
42090
59599
71429
53514
44166
63648
52178
49316
35794
60121
56941
45737
66215
38433
48717
55343
54894
46293
69655
33008
65550
54543
61090
66648
67538
50175
47089
38399
56339
38632
59328
62789
63821
38275
48965
65303
70831
45165
60221
46876
60484
56774
60016
66327
33118
48633
53764
62424
39269
43376
52729
65663
53219
56969
68001
44050
49060
45652
66119
51825
57081
32138
47954
36225
60022
39703
61001
47785
44249
59613
71150
56508
49809
72518
53127
45575
48711
39267
58015
54051
38115
62016
41195
38505
68584
39047
34584
59012
41755
59312
47150
45067
44639
47992
52978
65763
57396
49680
43733
49671
40239
71090
47074
33937
47527
52965
66350
47306
51935
44211
31688
63378
53328
59144
54940
63287
50106
62654
34738
57530
66780
61905
35813
58468
56584
62377
43193
43748
48515
35315
54622
41313
36225
37222
50429
42094
34943
48558
46904
69667
51154
59429
54535
54940
72969
53176
37543
48170
48106
55030
52304
50967
51635
68702
60342
34765
45790
40669
62074
50213
46694
34758
41178
38248
62022
46862
65778
46148
42968
45069
71222
47193
56039
62029
49899
43919
51476
42748
69155
53851
56921
67805
51919
32949
57855
54310
57400
56954
47028
41796
66798
53719
40842
42295
61165
66211
56716
56553
44858
58428
61602
53736
43927
49127
51184
57589
68115
60485
38341
42375
45670
32610
50578
41714
61933
43739
70386
33248
53128
43757
46573
41214
69951
61727
66473
55000
63975
57608
44062
38047
60534
59771
60479
41726
48735
41018
36582
38251
36543
72721
72641
33822
59512
65150
55969
45077
41764
50629
54424
47307
45069
42539
47189
46588
48661
47110
40055
58130
57257
50360
65489
56653
53851
44254
38968
67479
55920
38903
44603
65779
55908
66065
48045
46108
64863
59320
52034
39951
47540
53346
64061
67437
62614
54892
48249
58697
42512
40541
71333
52326
39503
51293
54106
47131
48788
62665
40805
57502
61284
67352
43495
48334
45660
42408
38986
70640
58786
41924
55802
68732
36735
47613
48607
34675
52545
38931
51443
57785
43397
42675
56539
54142
51348
66977
67585
42175
64592
49369
65349
32252
41490
68501
45030
39329
44783
64467
64384
69192
59061
63669
59278
64572
59078
48891
48695
46633
54402
55061
62503
64672
57239
68603
60868
49019
38545
53670
53911
40468
65164
40949
57695
46638
69192
45791
48666
47267
65664
46266
44699
64371
45501
58657
58874
67216
69038
46568
66386
58001
43700
50661
49201
51809
49745
46282
67634
69470
53999
45448
56846
55221
58152
47625
58808
54658
53709
53637
64761
58443
49204
36533
39315
37335
33822
53486
44005
49079
47993
38077
58769
61998
36569
56355
62181
61242
71725
53210
64420
60326
44808
45449
61870
59607
67357
51754
50419
54653
51442
47151
51820
35754
65814
34631
55328
64551
58917
57317
49729
62399
47922
57043
68615
52242
49313
59616
60995
45409
52501
53016
42669
68510
69723
48585
49497
45084
32715
70488
58069
51165
64322
60350
47811
56717
57735
44905
60045
61582
43616
60206
53527
61866
57183
52471
61445
41813
67832
61545
64476
53815
41932
47653
66715
64413
55798
67737
51949
54502
55441
45956
54621
45398
34879
49422
37737
46895
57049
66013
69084
56715
69076
48324
68739
58270
37899
42601
64270
40065
55562
65303
48228
71913
73461
52605
50726
42126
71628
68370
63747
64622
53727
63552
69995
52914
47573
57842
47586
64790
58806
69392
47772
50719
48915
58684
41801
67235
44392
56842
63153
55581
49759
59139
40207
58840
59433
57715
59191
35387
62499
48232
61687
51992
41071
46762
50247
57483
70889
61952
55159
55686
58378
59080
47087
44837
65954
48573
46486
61493
44827
49770
49254
44983
54751
41607
53513
66900
48665
68925
68908
49289
54948
51063
58129
63514
40545
52550
60022
61093
62924
54026
70482
68666
65841
67748
53733
43243
68106
52223
49342
53148
58801
46948
44735
61169
45041
72695
47513
41749
53838
55447
65455
57315
61704
57735
45830
55365
58255
63046
48852
53716
49226
33393
49031
59196
54450
70018
52697
55198
37842
52281
68400
49719
62558
35582
70470
51084
41455
49137
58896
36963
37319
50347
56329
45666
44775
46704
50998
53641
69151
45466
59689
59707
50327
60865
66372
56258
57382
49092
37185
42609
67448
50112
53742
37743
52594
71034
50416
34760
35237
69583
56221
60706
59105
69424
42536
49794
38316
56388
73354
56238
67148
68132
49871
49306
60634
45511
45927
39781
41654
46531
71527
41922
48252
49796
47124
41768
47353
68903
58486
43060
63017
68078
46780
46301
48059
60852
61375
58597
64940
57996
38235
49524
59174
39758
46935
49642
39097
59387
54192
42940
45987
52932
48151
56990
63901
71979
54802
66031
51138
68832
55803
42494
45642
62044
41189
63378
36663
65265
64983
52634
58755
62724
60618
64860
47095
57677
64531
48189
38768
41674
61894
55226
53256
61249
48093
54816
38650
51129
64315
65929
34604
59063
67742
47444
51553
44365
57116
67789
52161
67408
51031
58045
44738
40993
64591
71876
69109
51376
46225
65589
52173
48711
48449
61539
52605
43712
52270
43987
55852
59669
67259
60959
62674
58271
49641
68646
67963
53878
57481
53712
66061
56208
36696
61147
49152
63493
71283
65082
51179
61240
44485
64956
72774
65352
47168
62065
61175
53088
38531
58782
44080
64440
57204
70313
59048
38895
45737
38884
47981
55960
50409
47611
60777
42732
69122
45829
64188
37857
42547
40730
51438
61418
58905
45536
57264
37044
61243
46025
72140
59533
49171
64443
57760
70179
53220
72041
52810
54329
62994
61157
72215
43010
42357
65269
55629
67393
67186
46272
37330
37264
60528
44937
67904
72373
67859
54018
66857
45131
61846
53210
58462
55474
44269
39380
75483
41096
53356
65655
70212
44250
62735
65158
56079
63675
39314
44108
48171
46479
45749
56835
38736
66025
61355
39079
66286
60089
66453
44754
65070
38477
71125
47555
56172
68775
65706
70954
40165
60031
45425
57296
35936
63551
45980
53899
55694
57135
56991
41993
38966
38423
59122
58768
37972
56869
72323
60661
58190
67361
38397
69374
38579
48680
61050
58159
60663
63212
52767
44337
47842
62976
50252
65744
54539
66496
40004
63040
59262
46664
67426
65855
65302
62614
50517
46475
66607
40177
37544
66617
52123
42237
44232
66475
45104
53138
58982
52975
48122
52540
55719
48195
64391
68443
55111
47403
60941
42392
37101
42328
65396
42977
51270
53591
55317
52422
43289
73475
46290
47442
68858
63923
68859
74439
55687
43596
39905
57003
55763
49504
38381
56667
69296
44765
55136
39834
61052
63513
46086
37701
46805
45597
63030
63866
54958
69337
43046
60124
62060
43788
63359
62348
47225
67691
36252
70956
50045
75412
59190
50032
45761
63497
48372
53760
60917
64368
56117
45476
65563
59147
47874
68907
69024
58561
66209
44901
75770
49652
56693
54795
47589
47623
50271
46706
60176
62160
41317
71105
70071
64781
44710
44957
50488
66172
63808
53804
54436
59503
46336
36550
67153
44800
55011
47793
44596
68027
71170
68934
71137
45550
41383
44340
66683
66165
60008
50342
57382
43569
57950
53825
64434
64868
60232
63728
46324
69321
51100
44457
62082
63386
54291
59889
72658
60983
67924
76120
66618
64007
43168
43980
70203
70897
55880
41566
36660
43426
58584
53817
62313
65223
72540
48696
48299
62154
54140
41943
65981
66447
62142
56671
43080
60377
36505
61142
43714
44904
60067
54434
67492
53194
57950
73379
60916
69403
57329
71788
73496
58627
51201
69540
52050
46490
56772
49603
47789
67370
55571
47757
61836
47261
68133
58058
60462
56258
65480
61118
65718
48698
68277
66737
43314
66580
47072
56787
69729
50448
53698
49186
39291
51657
61153
68468
56185
37916
68409
52209
45137
62186
53511
68849
59349
55153
41904
71698
57815
58199
56978
65953
60123
61993
72070
50068
67305
69371
47517
63886
64858
62954
48500
35818
57114
59482
63833
67971
55648
47399
40090
49894
75014
58664
55213
71375
37857
61376
70217
55397
65160
72370
63010
51011
73047
64144
60624
57279
43807
60566
63298
54913
48415
47138
48952
50899
63218
48248
60119
54908
45670
53473
57882
76363
66096
57774
43454
66855
66399
56201
55702
41896
46443
45857
44744
49926
47931
60990
66462
69815
40548
42583
40022
67566
67345
43868
65035
69940
61695
60441
60246
55546
49864
54793
64681
54469
55917
46405
67153
58844
61546
58287
67959
52500
40167
55645
61615
38956
57914
43973
44167
61457
63672
44580
64299
49768
75413
47921
49149
55601
50046
49965
66865
50341
53792
45302
55965
74387
57230
54397
53475
54740
56816
50474
58320
72927
49187
70749
55027
47784
63784
61184
63755
69336
42152
62761
47316
59862
41298
64941
71744
71273
56799
54170
46201
46764
67640
46029
68266
69652
49034
58202
42384
72078
55261
72173
70491
60945
58934
57441
53942
54812
48204
59277
66163
72205
52776
47976
44954
66155
59051
48491
48977
42184
73867
48355
63750
70436
51808
72194
45562
63945
60915
58986
64335
49909
70076
61253
42775
44972
61553
71909
47744
55359
66550
72120
56471
54590
46577
70278
50068
65314
52781
52821
50033
47110
61513
77227
52337
44268
46736
51080
57761
64007
52732
50611
56251
52049
59625
68386
63480
54017
63341
60760
69804
54761
51681
49270
54941
49137
66519
65215
44093
71512
69253
44598
56130
72845
65830
47112
41980
45565
68238
40593
70744
45734
47348
49601
41410
40548
63297
54607
59840
61781
57490
68519
60305
49616
62525
45597
68563
69781
39484
52265
44086
60117
74903
69529
44848
55063
68854
72525
56359
73155
70474
54467
59606
79008
48701
70975
56193
53999
77767
52135
73286
44712
49379
57192
44840
51963
55355
67241
73299
49377
48374
51563
67625
69600
47512
70505
71745
74517
76106
56911
63230
56271
71760
68253
57439
58327
49957
60367
76978
69359
64740
58088
53683
68126
61255
54405
46561
49433
57018
60062
69074
57785
44530
54386
51785
48254
66021
68541
53897
70240
55198
52988
53933
71813
51240
52749
71973
45910
42911
67131
65301
73406
51336
60910
54794
61152
67994
61507
73645
62218
46450
45532
56790
73425
53037
46618
67072
68052
51662
73835
55789
59872
58725
68099
72277
43804
56178
52502
70688
61813
55921
55787
52093
71571
46071
42201
60156
63706
60108
53224
73382
50701
64653
47422
78628
60582
45254
69388
70629
47795
60272
42858
68914
46286
66866
73835
70229
58158
56613
70396
62994
73795
59856
44102
49107
51770
73076
49810
74517
72242
75329
66396
49078
50467
78589
66652
75238
72161
52632
45787
42435
52669
60613
48835
55815
63470
66634
70387
62716
41754
50921
77866
41632
45294
51151
68073
66238
70664
49440
61096
53140
52654
43446
58750
44213
62494
67716
46439
67004
43682
71393
79208
70665
58251
43241
59903
68231
65897
56190
53777
41139
52261
53464
46182
77928
58600
63472
51907
64731
56908
42755
55952
50741
62084
67620
52988
52472
61641
47692
65168
59526
60878
50738
52329
39546
45030
63376
61169
52756
69604
62858
56046
76082
54400
58760
57210
58681
71002
77490
61841
73141
54777
69242
41975
69272
43830
63095
70853
65294
48252
48753
64452
52308
58975
62077
72055
66191
47304
55608
72288
64375
60722
59288
66700
77035
53539
77398
69507
67498
65649
44294
72143
70142
73168
74468
63140
74906
62755
66256
48468
46655
76615
50377
75012
58750
79714
60086
51191
53930
56367
63125
56273
53846
65549
61809
63312
57765
78206
63950
46168
48342
71969
57246
49607
65811
63505
59853
68140
45787
51806
70052
51128
71066
69133
54662
61277
49375
74504
59383
45186
48627
49442
70311
67321
72850
55675
50361
49495
51851
54137
67926
73519
77777
59004
47624
57125
80206
72688
67475
63675
45268
56696
76398
51191
54034
48644
70979
77853
43598
57014
71590
57611
71582
75776
71154
77764
63461
66318
72285
76267
59741
56187
66487
50690
80329
71619
72036
44847
52842
45316
57656
46143
70568
66499
61645
60319
58572
74231
57963
53649
51188
66381
59658
52749
61971
77692
58518
72356
56721
48432
63714
58253
53535
66084
73816
67737
71933
46489
44832
52846
59889
50227
68299
60446
49750
51004
52559
49963
42011
72074
57692
60014
55669
41633
48670
69150
46434
46283
57427
49084
57339
43986
42067
75609
75004
66655
70210
52096
52628
76033
46540
52165
50677
58923
70103
49240
43393
56596
55174
59646
51244
62405
60182
67354
65979
65042
78242
68115
69848
71806
73351
60656
72752
53732
53595
63152
53923
54507
71359
67103
74645
72795
70213
76873
57688
77073
51585
76229
65415
49151
75129
49106
63904
67125
52675
64826
50574
77142
56237
69148
72054
48117
44238
53611
49077
56299
42766
56075
45682
73765
51675
64644
72688
50313
50379
72304
55492
51240
78875
78876
69954
49698
56610
59241
69524
72369
65255
76721
55858
45866
78643
62225
71736
60930
41824
65917
71109
68630
51578
51167
49452
60023
59280
60959
63460
54325
61747
59276
57114
62126
69046
49031
44771
51148
74454
47753
73212
64994
61323
72123
60275
49921
61979
66066
48675
56742
66220
72369
58833
74920
50181
42127
66022
61139
49088
55882
70264
59292
53878
69529
65224
64535
68358
45268
60812
75423
46771
60658
58294
44234
58280
65149
60526
65313
57161
71513
63398
58295
66489
75006
46046
65960
53754
78052
48583
70534
61026
58181
58841
46736
71470
48183
76055
74839
57355
66960
76241
43344
47820
57416
51557
52922
54280
62256
60428
58734
48170
60614
55804
50705
44130
60130
49798
68863
62756
76786
51892
65575
78354
69383
79475
65776
57404
73777
61660
74777
55962
65323
59116
75627
75148
61161
48728
58831
63050
63829
62366
72557
48776
56508
74540
74609
60738
54608
61245
71131
70255
55483
64873
53944
56377
61854
50035
73620
67310
47918
58356
52370
42210
61049
78834
63251
56723
76669
60895
53115
78727
78933
63297
76609
69405
50398
49855
65942
60224
68747
68596
68108
51124
76066
48999
51514
65667
69094
78869
64903
79046
66576
47316
52932
79039
45817
58512
54740
72194
73076
49448
69737
62527
55294
63055
55438
69976
47835
71149
62837
50977
50589
73550
70777
55298
71179
60572
56196
70250
76477
72256
77248
74760
67192
74891
68715
63299
51156
55195
60308
58964
64654
63550
75958
58704
46683
54343
75511
56117
73057
51022
63205
56684
52479
59210
68210
53475
60919
74831
71205
63754
60759
61468
66228
61532
56347
46733
53398
64177
62252
69000
68705
47475
76229
45931
58428
46533
60534
53817
70761
47377
73459
44932
58870
56009
49310
49886
52187
57374
54383
61609
81046
60832
67476
72403
47627
47750
65672
62378
58675
79488
69143
49579
56079
60026
66226
54833
63096
64031
54408
46972
61348
78044
55348
73254
75972
62937
50600
63642
55185
48863
65363
61154
74360
67484
64803
77161
71388
80746
59962
56626
53159
73025
59576
56343
44965
47303
50657
60764
69643
62193
78668
57014
64631
54992
61928
68615
50626
61416
54981
55005
67423
74825
73849
60955
55042
48097
66315
46065
77785
52850
59148
50100
56592
66802
75407
46109
81065
57696
49087
79724
79247
64038
70285
71682
54259
50106
59312
62537
63505
68706
71058
57731
67483
62749
59601
68622
60337
58898
61785
62426
60083
54716
71395
49618
50998
66264
51784
62572
73503
75416
52045
59293
59590
75613
68906
71443
46890
48987
66610
55213
72237
51738
72019
63971
74372
62952
51553
65154
78724
76733
51287
62444
61843
75783
52932
43387
67567
74667
61249
58562
73115
81563
58317
54652
77802
73770
71791
80415
59507
63865
63413
54441
52505
55118
53179
72454
57512
72274
70224
77108
75774
80282
59771
67457
62657
49624
74433
46389
72943
65293
56223
44644
83305
56848
61586
76158
58300
44205
53914
55158
77760
52149
67497
53261
61183
71687
75843
47999
60769
53438
52038
62587
47956
68308
81850
50701
77858
60070
80347
66754
74948
71823
73624
70140
60868
74749
55792
58956
49662
61249
45952
64574
64836
68622
68336
57891
78475
62825
50321
73314
73201
48888
43513
60770
47376
55998
75083
75845
67664
78895
60065
55134
57409
57622
64383
75800
68865
54424
45325
74165
65303
57619
63150
75412
73217
52112
65541
48837
72760
69561
70972
55770
54593
64754
69921
82768
69890
77188
66222
50491
82074
58655
50975
65853
71393
80147
72122
48873
46126
83484
63340
56439
72043
61855
71173
65972
64158
62827
81771
74598
56846
52343
68131
59501
70761
57649
57114
65475
73435
65693
49475
54791
45837
69476
58176
52292
48393
49698
64582
57281
59532
50636
63872
74157
67879
76993
80225
50529
54493
81848
49937
63947
76879
48648
53651
74064
78729
53860
61000
71670
52725
51369
79007
66392
73552
73645
56228
68944
73508
59058
80327
68506
74156
80437
65402
60933
65417
51369
56035
67370
72459
62926
70326
70784
52931
50111
50545
70264
74972
65034
60176
64333
68367
48597
66035
56551
81184
61214
51225
54306
80334
52034
54523
55679
52333
66108
58099
56344
69974
69320
55710
52872
71174
80157
73848
48617
54117
60306
57631
56430
58115
52744
50661
75170
77875
60030
68303
75838
80271
83230
46779
54474
48979
66136
61925
48125
57298
54829
43339
58213
55887
70717
73584
64762
74828
74354
61145
48190
76935
70115
67902
55893
80798
71643
75365
54268
80002
83266
72988
66076
69078
52013
70198
77011
57440
58636
52359
52037
57831
68704
51456
70785
62422
59693
72705
50931
52352
62652
59387
65062
47692
72998
82238
52997
68627
72872
79224
60871
52691
74827
68418
47553
73680
75107
73883
72909
75821
66305
56837
63818
69599
54646
50233
67026
54546
54820
48329
48404
62662
74589
51770
68553
71155
57733
59866
49794
75169
76913
60244
53548
67914
62854
60182
49344
65615
55176
62118
81435
60535
53086
73801
51156
72800
58981
71236
83263
49694
80874
76456
67666
54293
76658
54727
72105
73270
65622
72756
61657
60534
57973
67482
56441
66883
80148
67992
58808
78108
77946
80289
48572
72176
82924
48835
60736
83251
55180
65099
65562
77725
58899
51461
59758
57624
74401
53935
55908
64302
70479
49084
59756
70974
76425
60612
61248
76405
57090
56487
66471
82210
60308
53789
58075
65338
53435
58305
64596
64051
77073
80685
50085
70284
55587
78807
79203
48825
74900
55179
83399
79197
64859
59821
78107
50702
69732
54693
56802
62013
61784
67092
68607
80100
64447
62288
62184
45505
53941
79818
70508
59895
75812
60406
73935
66708
68136
73125
60291
60460
76842
70021
79474
62956
68297
79111
60172
75122
60409
75243
75931
64772
57528
61430
80392
64110
66722
75385
71813
64094
62763
59292
55810
70138
67474
63480
64757
49690
61769
75935
51129
59867
56671
49171
57485
66224
66775
77529
62118
64397
83900
54512
72770
53726
49529
65129
69941
79999
63245
55475
67634
54476
59134
66811
58939
66700
48987
58193
84564
84849
53868
76563
75831
51900
74066
52488
57530
72860
55961
51571
65247
81865
54892
84395
60240
63492
74712
70247
70047
58692
52948
67589
54217
57002
68244
79289
75302
70278
72527
58077
63076
72884
57910
55804
49439
80897
78153
68153
63582
55002
78221
49415
66344
70735
51976
59644
57043
70474
79478
62498
77788
64843
81404
54237
52750
79744
65980
83042
77286
58972
52263
64192
64235
78996
58582
66104
52017
61834
66512
54708
58481
77316
66708
66036
58732
70413
71986
64462
84712
56793
69491
65164
64817
76348
52234
67401
67887
60006
68159
56916
49320
79181
70319
46589
53044
76279
62894
69221
64274
75562
79434
55053
65418
77102
64855
76832
61052
55072
53525
50168
58394
55755
63265
52243
62155
70373
78582
55905
75761
67392
55475
78079
48464
57052
59524
68700
56773
54605
65328
81140
71626
65240
62440
48816
52237
52146
84799
57093
71479
63096
67281
75108
49078
71742
61717
54773
54509
67311
65157
68295
75529
54074
69347
53368
63376
62616
80579
57776
75124
54382
80346
53860
58979
77122
67591
71661
68078
82539
60511
52229
70664
57484
75944
83242
58487
84548
67847
62757
75127
52449
67496
85166
59732
59151
70702
73631
73319
70252
66054
60504
48818
74604
79443
77982
55483
50421
79178
80659
61411
60770
52953
73121
78571
51461
53361
61712
76560
51911
52067
78552
56022
78890
76336
56836
59373
71196
75707
51284
75202
56994
77980
61091
76978
56325
59160
65396
78279
55026
78819
53320
73581
55684
62883
55236
67417
47627
72166
64917
53913
69256
49637
72581
63961
56910
65166
58513
66218
61941
59088
61156
62228
68119
53727
48500
58331
50013
75780
77990
65123
83813
62167
70917
79342
47340
57934
70868
71198
65887
54439
55899
57742
76235
71931
58352
76737
77463
77116
78608
61855
75948
79200
72705
52341
65174
86578
55175
64380
46215
75935
78934
70881
54449
68840
51965
67613
58200
61142
77724
48816
57983
76338
76391
57044
66517
63197
70160
65262
63421
81468
55400
82316
61117
52532
79126
76163
52105
58217
56000
54102
69331
57625
69403
80303
69438
49563
68672
63499
66470
56717
68380
60184
57196
63752
66399
49982
86263
67795
70275
68207
61694
74185
55262
73801
61527
63970
57340
76941
64120
64166
84953
71601
64326
70445
71038
59694
80146
69528
68719
52776
56059
58000
73700
74846
51295
58446
56109
66307
83383
81203
68702
70521
66525
66735
74407
69508
62235
65971
77635
55370
68146
55449
78274
77107
78886
80184
52773
62065
72848
79532
69271
77143
64830
78164
70140
57737
67172
63409
62584
67897
72200
57482
52021
60663
78713
76315
54089
74996
49724
54234
82434
80825
62153
73312
79452
69194
59233
77211
69155
83560
65848
57208
71492
54024
84350
63856
57447
53559
65136
54009
68977
66144
64651
57021
78811
75036
67838
62769
53226
67396
83134
69236
60669
75529
59591
73851
79779
73541
74706
70211
78446
60135
66068
61762
63294
81455
58060
73466
54166
59807
55729
73638
65220
55776
78270
85148
68392
62612
77408
74329
61140
75063
69881
78486
60596
71532
73709
84405
70237
65191
73548
54962
74547
74738
69655
69532
69142
58787
57882
64790
62743
77366
77413
64873
79338
86517
79202
79355
77595
59634
75247
81107
79708
54242
55778
75929
60675
50270
74239
70045
73827
81475
80870
83206
55642
68592
56744
62939
69495
63168
51134
63909
62873
63520
83377
54842
75664
81180
74371
50276
53150
58862
72302
61309
72375
56375
61278
64283
69353
53370
69588
78056
57870
71688
74903
59904
47011
67177
62046
78469
72100
83856
59376
74876
77870
58801
62780
67533
63846
49757
82997
74885
65285
68040
76607
81373
86806
57628
54378
66304
64476
64707
55417
53351
80578
51353
55587
77912
75494
80256
64155
52222
68827
61581
51254
70207
79248
54234
81315
72855
72758
59641
62395
71437
62809
79753
70888
83863
62809
73602
83663
70572
61359
64931
61786
75671
73086
64411
47380
79436
86559
63727
63576
55788
56638
65493
61931
62888
71219
72840
61880
76048
73598
84036
55865
75231
58474
67265
76462
67126
51073
78132
86828
78558
68007
77175
58243
59122
50811
83244
72609
65273
84609
53874
70758
70160
65719
63157
67806
56946
48803
71308
61758
54331
65786
59163
84691
58621
57202
59613
68520
77803
57423
54809
79279
60671
73284
62320
72454
57809
76486
82978
72347
74220
56492
79749
70899
78718
52988
75265
65885
69248
58911
53724
53016
79688
74106
57246
50984
65066
57048
57457
70017
81220
57031
80908
53775
76225
64883
73834
58452
65432
52036
82283
74484
59673
67750
70444
87310
59664
66052
79989
78971
72463
74576
77044
60974
67675
73472
71401
75766
65120
68253
84602
80573
72015
59686
80254
63977
61013
56407
66429
52276
79399
84925
55280
55091
73530
80438
55187
78304
58743
52587
59381
70610
58075
63784
77329
71194
74270
55225
66565
57258
57278
74137
67524
70508
79374
73300
82413
57086
61461
80835
78212
66102
69499
78397
58558
75873
55781
84574
81728
52561
62939
77489
72419
78497
69963
68807
76078
56277
72394
65665
69942
69340
71124
63579
70678
63923
50874
73533
60834
75922
61342
57524
68338
81080
63976
78085
58813
56300
58788
52457
76712
87720
83166
69221
77702
72589
77765
70076
81608
82455
62060
85714
61159
81912
86171
81842
59521
70584
58257
66969
78409
55468
75552
57975
51263
77881
52244
57858
62075
72960
70856
47816
57686
64734
62838
59122
77463
76694
67323
60785
69105
52135
55769
87004
64456
77522
57786
55991
70946
77792
58463
82658
88910
55863
54522
71427
84150
83270
66572
78968
75661
63976
86851
72720
66267
73399
60581
84714
69981
81103
62760
83851
57147
74444
89856
84925
70365
70431
65493
77988
64621
62453
65595
79113
63210
78474
65363
62068
58196
84240
76669
65080
67960
51408
62658
74865
55564
72596
81394
55873
54768
72054
54622
79994
85704
67970
50961
59956
72889
66491
76377
57522
57914
70956
58305
78835
60891
60925
62725
76958
85233
80847
62088
70456
61320
71758
52286
58139
76901
58503
55274
78264
64341
84792
54566
82684
63748
61733
81268
75942
67338
70489
53205
71553
74336
56483
65957
86771
79033
62230
76879
80015
61293
68075
75607
80064
80249
54002
74189
60829
66134
80399
56113
64259
81945
82654
86996
57438
83976
73150
74394
80556
69468
75434
62347
59687
85684
73214
64019
80926
65271
63932
74048
82257
73411
77734
73397
80886
64461
64840
65736
78209
80977
65821
81460
64229
51794
55413
61761
59408
58952
59695
81191
55731
58385
77186
62311
75460
77688
82024
60932
66636
75767
71134
75659
65028
64333
58805
54230
58378
62017
64788
79939
69211
69333
78779
73014
57679
65853
62754
87065
76441
63695
76618
82320
63217
65202
56836
65041
76780
69042
70171
74279
85645
56256
70517
63320
82400
74476
63939
85225
83916
60041
58427
76842
51611
63989
60072
79161
55035
61356
64890
86403
72976
88800
52045
83045
69256
74923
76513
74611
88075
58323
87414
55557
86394
67277
81131
74646
72606
79052
77329
78830
70776
86072
73986
75613
62832
83084
55496
68106
80396
72350
60296
83026
72779
69411
82749
85521
65325
62930
63548
84152
61400
72944
60659
72324
81286
63904
84120
72468
61034
84412
66245
79015
63306
54399
56803
73668
84932
68757
76291
81249
74138
61892
51483
68953
67234
73616
77026
75996
67458
57632
81873
71987
87335
53073
62898
66106
81176
79514
58846
81316
62089
82633
85194
66710
85237
70715
57618
74766
55072
59225
67382
64267
80967
84317
56374
89469
58575
69041
70067
69024
68340
75549
56813
70714
70876
60971
54195
51595
63468
85724
66077
59727
76058
60285
86411
87025
56535
83504
60787
58308
64415
82241
55389
88299
73758
57739
80491
78762
87350
63911
72254
80183
81062
88758
83323
57198
61928
83791
68325
57285
55415
55579
78262
88278
70449
74609
80586
74823
54526
64012
68813
78680
85985
66087
66214
84905
68631
58214
61320
80288
55031
73207
56345
71350
64733
60471
69617
61436
87036
54078
66875
70347
83504
68522
82795
69401
85316
69125
75760
58367
58478
76259
56353
75984
57899
76155
61851
80145
76599
63138
61880
56680
84130
85842
58344
80144
71895
73073
78871
71964
80592
65793
75965
56586
74842
64813
73923
54271
54551
88422
58039
73281
75654
78901
86762
60362
82582
72126
71863
59648
57726
71276
73129
86178
84635
56478
77624
57422
60678
84355
65552
51868
82132
89134
82008
61959
84101
62379
64459
66836
61528
86542
75310
67493
74055
68093
66408
52414
61197
74672
91693
91130
60839
76774
79285
70725
71917
55891
62742
88573
77716
79555
90258
75852
63409
66063
83223
58022
56012
63092
68194
76317
79925
75392
75893
85856
91200
62469
65746
59675
59530
72629
64823
67725
63984
76861
77397
86906
62894
82750
61487
52688
61987
65597
76933
55831
79236
67326
62743
57086
86965
79156
86683
65591
66687
54199
68167
86632
78557
79418
82472
69232
61116
59745
84783
71450
83422
69226
60628
73339
62457
70549
76308
58563
57808
72785
87348
70612
77092
91160
68455
73331
92864
73807
72665
65887
74564
81119
79903
68369
86888
56698
84157
59179
73993
88894
85061
53670
69108
85902
61738
54388
78869
68502
66826
88160
69328
62335
89328
61768
78993
84483
65242
76774
80856
86032
80299
63488
74483
79302
69486
69938
67377
83900
65741
61982
90094
70645
74535
57494
89833
76978
71130
92551
67424
55188
85376
74955
79968
55808
69276
58970
66329
64848
82360
67786
53348
58357
64918
62755
68300
77836
71042
53756
82803
55395
63664
81689
66918
77019
61160
73367
67471
78901
61571
54852
62889
68858
78233
82299
93298
68195
70186
84949
57787
77837
83019
81550
80899
72161
87119
56929
54710
79323
85721
58931
91658
64711
63646
89159
54084
67012
80282
87755
73334
65248
89277
60151
68819
79688
65902
66920
70187
73049
72586
76814
83246
71055
61419
63147
84951
69800
86223
89059
61879
93544
76960
63460
86125
72617
62344
67578
72273
79961
64329
63077
77779
73877
72988
78112
74583
64867
63579
62086
57626
61229
79373
72753
69278
67707
92451
76214
71423
59059
85875
61021
74576
58521
63337
90939
78774
72321
80357
63412
82848
70680
75449
71426
78979
64725
79257
86410
85135
68472
90031
74874
63836
79539
65897
73675
61335
56503
54938
80654
63253
89523
66243
77028
54221
63743
90579
74806
72592
56814
67622
59585
60149
73145
78093
81009
87293
75889
70545
84905
62148
89679
74665
53838
87859
72438
69341
75128
71616
66651
88555
78941
83096
66848
87867
65509
54599
65296
77246
84281
73850
74863
78241
78862
63301
91808
86684
61000
61136
75536
67447
90314
79890
71819
90820
63169
75984
69932
82051
87896
80754
66580
80422
86805
78134
87784
67489
63064
68971
91451
73229
75278
68724
77132
68714
88785
66574
76396
67135
71379
67773
79869
85943
73837
71842
78462
72000
71672
61279
65349
55795
74180
70934
79958
76408
83738
68454
65919
66201
58241
82591
68475
60444
76274
61224
82273
84808
76161
83678
75073
81521
85409
82723
62319
60833
81599
75009
58706
84144
93225
66136
72905
87075
70692
82219
59133
75551
73218
60606
72397
79395
92341
61347
86837
71588
91911
65156
83966
58167
81505
79922
86690
74457
60194
71747
57145
80315
71114
92675
65104
86590
83570
82105
73892
81159
58978
66921
64226
89322
68500
89594
79146
60174
77430
66720
76332
58052
90760
88693
74404
64261
69266
81247
91852
90866
82018
78340
68615
68125
66913
67409
89522
87125
92611
89257
83260
87012
76328
67668
90308
77964
58670
80220
55494
74750
54828
68727
79163
79222
71777
58044
77160
66955
85764
74905
73406
83942
58983
71805
80970
62217
86047
80328
59600
77256
83463
86602
71503
58304
78188
82487
73393
80789
78168
70186
81157
88762
69200
88424
79181
82258
74362
81168
87897
79988
69845
82523
72890
82889
71726
78825
69344
73880
56861
79526
67648
76414
72002
75616
76565
63543
73426
81932
73813
56537
64320
71727
74823
70766
77678
91539
71125
63451
83116
66829
71414
85029
84409
80663
72679
82210
86063
92989
63811
77183
71146
77158
90344
78685
86906
60618
65062
86996
63693
91862
62167
88412
73861
74170
85443
85833
90128
85133
92497
73281
92166
72474
65158
64854
70096
72970
68538
86664
69607
85103
71501
89871
82234
86531
80838
63054
80688
64883
87674
85402
68571
61474
74160
89724
59613
70542
77014
71464
83862
58475
67675
66737
79944
94315
79590
62647
87932
69513
76895
65072
73739
74059
76620
76810
76733
83120
73886
74212
75907
76986
90253
81324
92408
90675
88722
87423
86310
63934
89009
62840
85505
85992
62294
67719
87432
92076
76278
86644
91131
64961
80273
76476
64244
82847
60915
93457
80472
62830
90069
77288
67719
76328
63464
79567
72297
61852
67390
78476
85020
71272
60340
77750
80317
65238
81443
87899
78138
63789
87457
81817
89907
62315
65071
64484
87703
93171
85046
67309
69819
80136
83056
75364
61131
79853
75717
76569
66638
82944
87537
79687
85236
88037
59545
62449
76900
64507
70343
73531
67599
74918
80005
87536
72089
96517
92037
86431
91483
77743
77375
78680
74157
96592
91488
81511
87607
72556
58563
70712
87491
72568
79277
75002
85609
74935
86059
60661
72272
78773
76820
93303
82825
69169
92887
82048
64996
63001
73783
81118
88469
69974
62613
65379
81331
86822
65413
70428
68764
63870
83536
77405
67838
62249
82464
71378
68324
75813
79408
67318
77699
69591
81633
74189
72744
89334
79803
68186
75819
71662
64747
79205
80235
85097
92247
69452
73243
91515
68680
68224
87977
90751
91809
91526
85015
71165
66939
89957
91904
65653
63683
80205
73725
86985
63456
79276
88863
63489
74916
93894
89774
90244
96937
83307
93866
75957
86654
86094
71779
74873
74950
69590
72857
75742
65620
86075
72595
88607
79072
78176
71766
86035
83472
75516
74035
94866
71035
72010
63682
96879
67624
76922
93420
82004
86144
77261
61393
78288
71427
72703
87187
74804
75912
70417
69183
84694
95519
78604
70265
96957
88920
88510
64817
63836
82831
94769
80601
92550
73820
75401
79240
63597
91739
62036
82425
87079
91429
67420
82739
67179
75278
90760
65870
96885
67715
89147
59888
79501
81238
82753
67484
91531
90914
75413
88073
79702
78159
83801
63781
65695
64161
91188
80593
88449
90273
75120
66553
93709
83201
61146
77777
81270
80955
77503
96772
65242
76278
91027
84613
86131
77682
76654
86298
81861
70468
71835
94243
64524
69098
74654
84521
82758
75632
72438
68600
68900
78963
70355
79919
61377
84370
70495
81572
92468
72996
89147
81424
90464
78738
86249
89497
67744
92303
83446
92734
66138
84905
69413
87440
85435
80950
94791
62917
77499
87255
89161
70939
90004
84658
64696
80297
92346
72917
87702
74637
69532
74924
76498
86629
91388
68451
79831
80975
79075
69069
82291
96044
82663
72373
97810
73212
62814
78814
58256
73198
82510
59810
70807
65357
88440
70024
90239
91058
73739
83248
79883
72590
86387
92241
62476
82243
87464
88197
66472
84478
62506
68563
64191
87536
76147
84752
73326
89401
67484
62400
72024
63570
61573
83519
77210
79393
94578
62336
83974
78307
87972
85487
79956
66398
93382
80346
97289
76573
70881
74993
97554
86465
69753
95852
59096
68452
69889
63325
91796
68043
71488
93823
91815
68502
64004
84691
90113
72368
93053
97519
76711
67130
73761
87017
75143
82087
69256
70123
82088
85028
90955
83294
70254
67366
66964
67425
77800
67378
71592
81789
64895
68224
88690
71607
84974
72758
96851
75581
64917
67921
91317
83863
95242
77792
63940
71802
73235
91072
86552
95704
78980
83373
83855
65284
77238
94548
59842
65969
84148
80381
93735
88088
59315
83165
85930
68349
89252
66331
86858
88313
83809
57957
61962
89095
82256
75601
70489
74361
80894
67107
78593
82086
71926
