38626
14996
26407
27721
12238
18427
23658
40404
39388
39204
20440
38646
13959
48342
32586
25490
12697
36028
45660
23759
42806
27480
21866
35421
23335
27198
19584
39315
35613
20333
24753
39086
27847
22226
17221
23122
40570
37080
41348
40593
20659
13994
16885
22336
25012
24732
21734
40731
23934
17144
11474
40373
12213
27325
36590
37624
46155
31837
18102
29779
22135
31282
16094
30755
39761
33637
22368
39544
47002
35450
37583
21086
16845
42900
28398
32237
21973
26547
33809
21860
15578
37003
31093
25208
32785
35016
38026
33220
16678
31186
38703
27709
14367
12225
33659
12742
37321
28648
18868
48163
28932
18940
37673
25911
25805
23188
30889
17514
32142
19893
41499
25823
40520
34982
21790
30147
12796
36308
22926
45740
28983
37090
23074
23628
44574
20456
20513
19325
28210
43148
37952
15999
33565
44736
38267
25686
44584
15845
38474
41659
17381
21948
39287
24755
34630
31051
31307
30095
40738
30240
28629
32879
17233
24511
37621
49150
36762
21483
42507
21790
27570
38934
13357
19003
35181
20292
26474
42247
43518
11682
45799
45317
44389
40393
38297
20200
25654
24143
43616
37992
47383
42374
41060
24605
34647
41443
20749
29468
33410
16362
27173
42527
31799
35321
34443
34402
33437
46216
23442
29640
34554
34383
23979
36357
29015
28277
36731
24121
41263
35665
40956
18915
39513
31196
41595
21718
46446
39497
23323
40907
46998
36712
27879
42259
38583
25341
21264
44069
31553
39349
20096
33362
26606
30669
47579
35256
34121
29704
42926
44886
17509
45896
19345
17864
10324
39762
35043
41061
25332
36376
30733
21158
27714
36072
14471
16138
33610
46595
32831
30539
43737
36992
44371
24162
27357
42666
49568
47703
46990
22659
22454
37347
31470
27192
14379
16877
19727
22435
32355
14588
19423
36183
43122
31968
22496
28395
33527
26200
34437
46609
11731
28890
26870
20764
39470
47977
24830
17440
40294
20664
40351
37846
40217
17410
12906
21967
22361
16498
26722
33846
33415
37684
22797
10400
17219
20054
36119
50741
23941
40635
24061
19189
41945
9054
48856
37661
46154
46413
23795
39067
18570
24564
33914
34237
23429
43176
32903
39724
16233
35541
38560
43492
22085
49794
12419
23559
21503
21178
31791
12171
44807
41562
42640
28954
49878
24059
42852
35111
31470
21528
39331
30190
22773
27537
42126
17442
17164
15919
36606
29014
10069
44107
11397
18325
25783
37350
38620
20817
46375
49163
18398
12858
27919
23022
39412
23366
33249
44713
29277
26953
35822
38171
14106
37624
33250
38676
17901
23831
16673
47229
36784
24117
14865
49122
38465
29105
33953
24461
21350
14582
34253
36243
25020
31506
10377
19512
29442
45192
42078
23110
36378
50077
24667
10863
35899
20409
33443
21327
35789
15288
18795
28993
21073
43143
11986
36427
33403
36257
38088
42153
33335
22439
20618
15686
18334
36246
22934
22814
48294
38053
37073
30273
40262
40460
34398
39773
14960
40704
29020
42514
16477
31970
24227
41657
38086
15731
27212
19596
26935
48622
19652
42193
39837
37714
35256
47659
14611
47129
24611
31297
21917
28323
43796
31324
35319
33028
25365
36405
37835
28467
43936
41553
35288
36444
29312
20887
18900
35703
18302
20760
19988
29156
24089
27057
40680
24209
21768
38225
13787
36757
24829
15363
33342
38760
18890
41659
40732
36608
39929
30743
16177
18376
24287
36142
27521
30666
22547
19309
33868
43798
34178
22187
38485
20695
33814
17571
23022
13787
38185
30918
34048
21734
26897
29058
17181
14002
46808
25634
48304
15166
38012
50765
38694
35829
29558
48419
43585
11757
28116
32420
39010
33555
18397
10470
39449
41390
23038
14355
40618
37274
42774
39737
43655
19862
25346
49285
21476
28397
34916
17437
50997
36205
31400
37021
19942
29615
27941
48730
42105
36172
13252
29742
32019
45037
44456
28528
19318
37892
27819
40165
27488
20189
43157
42712
45426
48328
51793
38501
31330
31241
26571
47959
30880
18490
40353
44959
24403
35326
30300
11664
33254
36150
30879
31521
38297
31426
12353
24800
12124
22914
19865
30671
46649
11791
32435
46956
27960
35326
28914
19506
14797
39302
41766
39004
15110
15708
17154
27803
15340
24708
40437
33282
31525
40428
41595
45928
33885
24266
20963
33118
31507
18504
43612
40829
14403
32982
46475
33179
26004
21675
13917
21676
45895
31246
42518
21505
29126
31547
44284
22032
23752
46207
41573
15821
48682
35110
44176
17203
35902
25427
35884
48024
16754
15813
28978
16048
29165
44481
30329
19553
39423
13945
23362
35970
17655
30700
34104
26382
38455
29309
36851
34185
43184
21352
17759
28116
35285
32093
24517
23534
39206
28201
29035
32988
34764
34392
16044
14493
40574
25864
18390
27427
29115
20825
26556
42121
34524
19109
22169
26238
19320
20308
37110
28299
25713
15656
15171
23149
20065
24891
24607
47614
50977
21661
23500
23245
42945
33401
36949
25859
17537
40781
37079
45756
21300
21096
17818
43302
23349
43685
23199
38158
39722
47921
29791
42144
19798
42879
29787
36366
44877
42173
34882
31357
17158
39091
16823
33054
38168
29905
42174
34101
14315
17256
40998
23609
36336
39134
34905
28058
25341
31494
24955
37575
25671
42305
40031
24461
31569
24207
28129
42001
26371
27686
24724
48611
22292
45138
22776
27802
24472
38404
40339
28295
21194
37778
38338
18443
43503
44688
27220
34048
26463
27992
48306
30006
47965
28086
46859
21944
24724
16319
43564
38588
20209
21324
34426
27262
41581
42595
43778
47674
23258
20799
38554
20321
38209
37030
27703
36682
32483
29487
43743
14735
44982
27540
38107
45456
43231
43183
20317
38613
51522
28513
46886
15729
15725
21684
43154
39103
33179
21828
34554
25989
14032
37484
27414
24547
22347
50785
41057
38679
38727
27432
19343
28996
15539
34154
43048
29409
26608
47785
28108
15264
33098
18996
45075
43278
31479
52328
25337
51375
25965
13495
34810
20828
27372
42868
40429
44183
33046
49956
39648
39514
41104
15816
45261
40813
49684
33874
43347
26671
37180
24340
32940
44628
44847
45958
19195
33391
31832
39181
39609
37514
44351
40806
42721
30063
43396
44180
26795
34744
27740
38080
27757
47007
27745
32924
23262
39538
22546
36846
47449
27274
22874
44977
32409
34537
43684
41907
39986
20977
51125
44871
29958
28520
47282
28566
25667
30259
25519
21622
33387
21585
47589
19989
27524
39804
24826
37887
34871
26816
30974
26943
22140
28798
19739
37659
30442
36987
23035
38387
47039
44920
25933
42438
43421
19134
43364
15104
50924
39084
40204
18988
38068
38273
40595
26165
33858
38788
47428
15087
31162
24074
35339
37393
17315
14468
50877
47847
49553
17392
25799
29724
30504
33987
25549
33930
20948
34651
12295
33790
40616
38786
32439
37184
47725
51861
32196
37732
29987
24441
15768
44289
44941
45432
21493
32739
53144
49448
25549
47036
38879
30335
26042
41690
32768
33985
47849
35471
34045
31877
36900
36550
43231
43034
39651
20382
22515
31662
38906
32560
26674
18960
27679
23983
42520
35679
43070
23393
22136
25860
32813
34357
37805
20022
47813
30811
43550
38453
34601
19300
26847
40993
42831
21850
45536
22392
48194
21535
30419
26021
37908
51156
23856
28122
35253
33012
41639
27545
44632
50377
20698
30044
31562
13617
28897
26183
32516
29751
39507
42676
30487
43306
38535
22155
25437
40697
30065
31329
35274
23130
47383
36981
34755
40560
23966
18812
45355
45405
25109
44407
49454
22534
29126
51462
43219
29456
29474
16148
44836
42202
26031
34583
27187
39865
44691
29263
43237
22085
40344
34010
42844
35971
42651
27751
48858
34152
44836
27837
31012
39159
23493
40088
51536
25970
33956
36144
26779
51298
43624
50386
19376
33243
24619
29368
45809
43826
40556
32222
52013
48832
22718
50103
33606
24457
38082
34535
41870
18174
31607
47877
15147
32100
13499
42000
20474
42648
25146
20632
34541
18969
49712
23248
24007
38714
26021
41015
26938
33547
43602
13426
30125
24179
39299
32058
15362
30565
42045
24174
41752
24884
20227
29295
42947
44634
37361
29563
49458
46923
26546
50588
29819
16421
46665
51961
26286
52240
30923
33713
43102
25656
47854
45556
28884
15533
44127
29771
49881
26659
22857
23461
29591
46466
42702
40719
52061
36180
20168
26911
31082
22424
33250
25566
40229
27535
34949
47364
19500
46440
43655
28688
22094
44915
33437
28207
24431
14875
22231
43492
41597
39646
26346
45636
41375
46146
42655
22653
26421
14932
21060
44592
29011
25897
34429
24179
40866
16450
37852
29384
44650
43940
40607
34185
29845
24737
33308
39863
21012
46500
36096
14618
33209
25548
38557
33760
49886
21380
27907
20192
45720
34678
24357
21965
24258
49426
27244
38833
50626
44981
30179
28686
33077
50624
31036
42188
20399
17739
52850
37029
38828
27740
26743
44100
38517
45107
19735
37592
32897
22427
32494
20824
33977
42644
35634
28673
27796
36344
41995
40955
49216
44020
18276
47113
23506
45384
32804
52749
19515
30914
42576
21187
27589
22429
43130
22804
49716
38947
38994
31879
28094
24542
34351
21365
23553
51121
32130
33574
33357
29827
25759
19193
37432
41918
39649
40099
45561
22818
43911
25729
48690
33613
48274
49608
22264
20797
18338
31002
35639
21215
41084
42638
38475
18833
23439
23137
35089
33316
47811
53713
49631
41932
47486
51398
18348
41898
39400
49032
33066
28782
20656
35515
20940
51163
43903
26207
35462
50045
36370
34591
43617
53696
42650
29281
48766
39769
22412
20458
34845
34310
33825
30139
23830
21664
46974
54175
23614
49604
36997
30949
42503
37830
18834
35765
45328
34987
46026
41244
32129
41923
37128
36974
14401
20251
49963
44415
42726
25915
48491
42263
35755
31994
37300
33819
27749
44465
38818
30189
37087
43290
21644
46162
41423
16217
34720
38099
33021
49122
48381
17330
51279
21652
42892
30622
34610
41746
26814
25285
33960
41851
40656
25179
33687
25506
41386
52568
30693
35768
36638
36778
15252
37818
35064
44708
45679
31465
40764
32722
26017
22948
32790
40749
39660
29890
27341
22122
50845
20376
38724
40069
41922
34743
25631
32757
46303
52547
36728
18544
25508
26344
34288
44558
40343
23761
27340
33165
22510
49876
22820
18199
43340
32235
34592
24500
35502
48411
26709
23683
18180
25144
36110
29126
32311
45374
28436
17524
47736
32757
23568
28080
44698
47417
31685
34606
44154
47830
20315
52259
27052
43622
29480
47413
27185
26885
43797
32149
42522
39209
22063
27203
23624
44741
28226
34423
40402
36645
28040
24669
45895
45710
30925
46441
35986
37125
41554
41745
21839
37782
31567
22568
45934
36680
26335
48514
17400
36075
38384
24498
26869
28378
40916
39507
51210
38513
41725
25550
27964
21564
37781
19561
45993
40373
45791
24721
37206
19976
29591
39043
50144
38364
23164
51156
31107
26708
37790
37358
24119
23436
32772
28433
46630
45666
41799
47729
47726
48459
51361
31890
49257
52270
54485
18772
38274
49442
21162
48874
17285
31020
49528
23510
17494
22929
40724
55791
49638
52344
42372
52615
38090
40641
43172
28397
35594
22900
47002
32164
29784
45303
24945
38133
49562
36695
28270
39429
49034
28229
24201
19882
29095
52076
41071
42517
35806
53832
44589
39038
34974
48250
28036
36109
19977
39645
25920
39533
29121
17419
31949
18344
38587
34385
25212
38859
35288
39087
32572
37780
54848
48861
39961
34297
37660
17266
43473
39468
49314
44958
24276
41723
20854
33822
46179
50023
44421
40921
39115
25439
26484
24475
46485
45057
26487
18447
37485
46453
26432
49239
46390
32183
42556
44168
32986
52910
43711
45061
22677
53485
38561
32732
19021
48336
29740
41347
41188
18397
29740
41325
32962
53143
16524
49413
53522
17675
47920
36491
48453
40912
51255
47416
46665
47313
25493
30588
48153
47591
23186
35275
44519
40883
22635
36876
49785
39601
34798
39556
49303
35855
27825
28709
24895
45015
31602
23952
44366
20469
35019
32178
23883
34756
48941
34679
24458
40295
46916
34670
49104
17574
55458
53913
36978
48934
49430
38833
31318
32097
44630
35928
32294
42444
38182
36447
20873
52232
25601
38779
31852
53863
50333
45395
39494
33814
46918
49971
35937
43847
36108
36741
43409
51410
21780
52065
38603
42758
42611
39099
31130
34100
29727
21407
41627
21844
37823
41954
47785
21520
52526
42295
41506
26446
22694
35287
28294
18618
28839
41268
25088
44062
50387
35412
47566
46863
26506
37454
19551
22188
35369
46711
45786
38884
21387
51558
46291
25321
47924
35145
46988
44221
32007
23827
46785
44151
17065
41246
25735
46540
36601
22564
45863
44292
47973
33624
28508
43065
48277
38863
25754
20298
52419
38771
37426
40062
39441
34547
23259
22072
37036
28986
49093
23670
40546
26739
25975
37417
34186
41207
23103
35770
41349
47117
54899
20393
42937
27079
44919
49912
26044
18286
31069
26244
49192
41301
32158
33273
46821
27472
35871
27961
53782
53079
33038
29090
29126
42839
52712
48373
45309
36281
56296
28566
41262
26772
21581
48769
40352
27865
45288
45387
37063
29473
51982
56322
52325
39444
22679
45765
23050
38681
49428
32978
52834
48817
27523
26807
34010
41620
43417
29144
41644
39067
46484
53277
34520
28756
43864
39698
30936
44260
43980
45432
29473
56202
29748
20448
36258
32027
39274
42744
25251
41883
29821
20893
27094
55441
50634
25955
31664
50079
47066
35561
31401
46131
53403
55740
48545
29162
20001
42646
34176
42555
50889
20631
44797
45649
34966
29652
42614
26264
41756
29046
23289
29373
41359
24812
54678
38487
48278
26145
24994
36337
47467
27112
54307
36250
34507
51163
29471
52592
32302
28347
29974
48654
24437
36870
56783
41566
48600
49319
40916
28961
48263
20937
22686
34021
43644
24076
22874
25814
27356
49770
38079
29758
38667
44219
36236
54977
24113
43407
47086
51403
36830
42740
51657
41273
25921
40000
39473
38298
28215
41922
36797
21304
29049
51607
51340
28807
28969
55888
33511
45439
26192
39701
40404
33732
32916
29575
35181
26307
57820
44934
55545
24733
31307
31155
30144
44621
31772
50052
50691
29550
26719
32084
42069
35047
26129
47437
37271
34375
35400
48561
34675
28532
25675
49709
51986
48481
33191
21654
19630
22154
37170
39547
43930
38486
27813
37908
30361
35909
42389
39599
42953
49658
34189
30933
26345
50980
46266
35648
45490
40844
26051
23993
41015
42558
39545
44187
47601
38449
35080
40702
52296
36452
47536
40147
19978
33440
26203
33770
38079
47171
45556
48947
24371
40491
24398
35296
39061
30991
24011
48517
27009
39351
49880
50165
33495
26634
26634
47207
30056
50313
37651
53781
34243
44913
48956
30201
33073
36334
43750
38025
31041
38793
41037
53432
27279
50375
44144
55908
50454
51848
50002
41612
33855
26901
31228
38146
27503
29450
29943
50297
37583
48410
34065
44379
20321
42147
50831
32186
35435
28929
46902
27220
45889
29091
51657
42040
28978
39643
41199
35231
54289
31113
19993
34121
30209
21499
42134
24506
33087
38084
27090
47424
30343
36308
46764
37934
40810
55276
35534
31999
50561
47031
51731
51439
35556
33950
55585
38556
29372
32142
31994
37595
25730
38300
46093
39339
36528
34143
48449
40439
27536
18442
38203
46200
49528
34580
24829
48260
22848
47885
33881
51689
29194
50014
37302
29376
33744
39049
52765
51411
46124
39259
38001
38214
18731
51290
37335
32522
52631
42193
30143
23416
51481
24005
50751
45419
50143
24694
37331
54073
28959
25871
41515
38117
43467
28767
46721
35987
38284
50422
44531
33760
40665
37229
43607
45772
46359
54976
40775
44106
31669
29161
40581
45145
19814
51007
49299
44015
29698
25046
60212
40881
30071
28036
47526
30266
23143
37671
39994
56496
42581
53321
44358
38145
37339
34069
32360
26430
36784
53134
37963
38161
46445
50126
47270
38854
39202
44794
54661
55738
24985
26181
30708
54166
47990
36576
51107
52072
18835
28337
45061
32630
27316
54867
50088
40548
40385
26667
50986
37391
54461
35694
36688
48007
21643
56510
45539
30616
55406
22729
58013
49768
41019
32892
34891
45765
39107
29235
28782
51098
47136
29474
56237
43804
38716
55567
35996
31470
24240
34746
51487
34041
41008
44065
43603
41330
39161
36326
49289
47555
47985
43299
50444
39732
54613
46756
46541
41279
31847
41007
51923
51960
55717
41986
29625
47628
26838
22576
41209
55742
32995
29961
44723
35946
51955
50653
21250
34657
47641
56775
41348
26210
30902
54776
55469
41992
52132
39583
54407
47101
40798
50756
54097
33742
48247
28915
20933
37078
49675
32109
49484
31187
50266
46544
44671
36490
39582
46261
55302
59757
45772
33847
38696
53902
40664
50383
51346
34603
49391
41288
27578
38907
49829
31119
20794
46569
34168
30207
58860
37178
26869
53544
28304
47293
53642
51074
50564
27380
39040
53306
32397
53697
52873
39684
29210
45702
52613
56065
49020
36583
41885
26493
56657
41806
27585
35899
56632
43110
30045
49422
40540
24403
46421
40820
53898
51070
45001
55406
48164
33651
42872
52549
37417
41900
35376
41150
54058
51391
42681
57055
46479
42708
25462
26846
42269
30210
56309
45130
33753
36816
51115
32361
42695
49033
35656
32600
40357
41961
22420
35592
31933
34601
37328
54597
31557
50176
27606
29310
42053
43822
51955
54008
44888
22610
43713
45948
21118
30313
26436
49737
23973
45070
55809
25636
29975
46112
50220
38568
42704
27309
42128
43162
31655
30631
47939
50605
33179
48635
36313
46129
50581
42401
47320
48737
40471
50531
40983
51067
32268
39863
34849
52153
46599
40804
47705
31836
28368
25454
36851
57203
50294
54897
28739
46261
50685
36637
24487
45456
36239
40899
22562
41944
26232
32132
44717
49856
48538
25276
31925
55277
51271
29751
61600
37574
51648
59985
51016
52825
49911
34208
45568
56781
46756
30159
50780
37573
47737
40855
52592
39753
32099
42500
45182
44374
35929
59603
38998
46101
52158
49892
53187
45204
36586
44007
35530
25315
43268
41224
27184
28987
39906
50957
39062
47662
44915
35217
22675
39876
47550
49997
24458
38698
60086
56337
27591
49879
43620
40846
33525
57330
37588
55651
27583
28544
30018
23718
36297
43560
35877
35751
34410
40748
34716
59039
43277
48536
43207
47292
49283
49541
28667
28807
58607
56530
36650
37894
22677
44156
46372
42786
47254
50410
33989
46651
57060
49970
56926
48364
34652
27181
47870
31633
25863
45366
40492
31008
54130
58348
41442
59490
51542
53256
53969
41276
25216
57898
37075
33202
46142
39175
53216
44063
36886
52934
34492
29694
52015
54189
41557
26201
41585
52215
33856
27795
34789
55628
30424
53854
38380
32390
51282
36896
34790
39874
46301
29214
36860
53030
41970
37530
53497
36536
52023
29045
36497
32311
58164
26402
25831
28790
39076
33029
34079
30194
35599
53674
54152
47420
43713
50082
35003
44596
55180
37842
35519
52065
41830
43950
31271
36890
59035
58048
38179
24130
37714
60938
39926
35484
55339
50012
49785
27944
42203
40900
48039
50848
57050
46155
28812
47244
50099
34959
38654
56039
45066
41781
54747
42461
40805
56756
34155
34532
36922
22675
55046
34633
25802
34171
24597
42440
22765
34460
40024
42359
30642
37922
42970
32857
40440
56983
38470
35047
42825
27288
54599
34515
51656
56290
56035
33367
25763
49851
29821
42268
23218
44245
39201
40054
35251
26016
40011
25258
40117
39659
49592
45711
53479
38800
59663
53163
36959
37052
33960
29044
53943
61837
46906
34209
41300
26333
43134
27348
47250
36491
24797
51791
43935
56938
24832
24404
41781
28810
26879
38756
35363
42466
35406
41004
40484
39222
48213
54155
29440
34577
34222
52052
51756
48544
48697
36191
25972
40958
51993
31695
23592
59880
43187
44540
47572
47930
41134
57487
35864
42085
51480
62431
34778
47837
37412
41979
32096
54640
47621
47628
33584
49069
23307
33652
30164
46064
50131
33363
43231
56853
50221
46127
31353
41782
47472
34444
37421
50955
26960
58311
32804
35641
34896
53740
46528
46177
45664
30196
28607
35902
46850
51544
51077
36575
41870
58720
57410
41759
50827
33460
30092
52859
31928
40059
45177
49636
58499
60500
57868
31328
41774
51192
41542
46468
46292
59844
54955
59441
24590
38109
38661
40484
48445
33834
36326
61924
28601
51810
39464
49904
41740
34039
45355
56100
57120
40791
31427
38000
30191
60555
56497
38871
35330
48109
56790
47196
45854
48822
51151
31369
52128
51572
51001
32569
47602
31983
30983
54589
34893
27697
42448
49433
58563
38102
50532
37572
50278
32916
36874
38304
25944
61359
50466
27955
28094
53407
47916
26802
33735
43783
56644
46875
33781
44182
57554
25452
38340
43430
29934
47217
47360
32959
49512
36043
29631
61235
42243
26563
29111
42757
28145
44067
48353
29080
41840
39341
39852
39343
54771
56425
60118
30572
30039
54515
33002
38414
56177
43750
50711
45228
44640
42398
56033
38165
54234
46409
44133
31274
45714
32578
36892
55748
50782
32783
40996
44172
25996
47758
53860
54008
25996
55651
55413
56815
50889
29842
28032
35218
39236
52949
43061
53788
31553
46691
44533
59234
50111
49656
43174
42176
31687
45452
26580
30473
23990
42320
38355
49936
42603
49546
40340
32633
47232
31489
38270
30901
49990
43413
49846
30513
40950
44150
53229
28000
24161
48856
53280
50632
31165
60612
32370
38956
40895
51582
59490
55461
50568
45127
38135
55388
61430
27935
45798
35396
56487
53679
31952
39662
44222
42281
53459
48311
32643
30793
45224
58322
52301
31360
34945
43573
54673
44376
46732
41398
62819
24174
49677
29111
44406
56543
32488
51451
26228
41974
30760
55981
51744
30131
58801
35236
56004
37450
32807
26583
30209
52861
25969
40632
47189
47096
55553
26111
25598
31088
30901
40170
60732
51496
37084
55623
47194
58488
61136
40178
48572
57177
49585
52782
53323
63313
49587
42525
31578
58629
52021
39775
57768
37620
43927
58742
30040
30485
27758
30274
48851
40159
39780
54818
57479
50418
53380
35318
36173
56343
57504
31829
40582
56488
45137
54083
33994
58196
58954
32128
25306
43551
54689
33028
43993
41497
34117
58400
60689
59024
57831
40954
34893
36032
58155
28747
27534
36701
33766
32461
44548
58485
28092
39557
60876
45057
40361
56104
42094
43387
52814
48140
51019
44223
56763
35842
35206
33976
31477
43795
40568
47014
41987
43402
51250
56084
38539
42894
56616
57781
38876
29554
30171
29417
53639
51830
39591
34053
36158
38956
34547
32108
52943
33243
42774
51976
37720
49914
39765
41162
29252
53114
34244
50477
40821
30406
44792
47763
47078
35328
54964
27011
33279
39583
55451
47919
57195
40836
46545
41519
36225
43018
40193
42617
30607
54263
37259
49107
41822
42180
37855
36267
36463
55111
37983
27763
63638
57849
46160
49750
42193
39067
32193
31229
50138
46815
50717
52071
54287
50234
51214
47164
60815
34003
37994
48764
35448
29959
44057
38887
51554
28768
61790
32964
39699
23992
41838
33147
39118
30837
37191
58605
48487
50225
35648
55366
42260
58777
50100
35580
28999
51763
29096
60114
48788
63017
44691
56291
40534
29084
33714
48071
38273
32202
38048
59403
31030
47049
31090
41072
46247
31054
53312
55633
40618
63817
40807
36683
63475
42245
48461
37735
30430
33189
62755
34289
50501
40974
55483
33351
54510
48625
63063
55311
52906
57138
43258
47289
41165
40694
47745
37653
45106
33845
47934
37043
55269
26535
56448
31321
48340
54129
44160
32974
45113
42771
38937
46775
58712
65029
44953
41156
41231
50392
47713
58149
36640
46852
34539
44531
38787
55250
62003
44675
34619
53226
51185
35068
35561
62276
39647
57571
48637
39413
47010
32412
42634
25165
29988
49525
24792
52008
31281
56513
57171
53788
61419
33555
46182
46504
56424
47382
59621
40357
50251
36929
46894
34768
43040
55663
34643
40932
47718
57527
55967
35898
26503
39924
39801
51377
45007
33332
51752
54954
32021
49657
60138
35236
42760
46260
44499
56656
36745
43606
27009
40423
57139
51287
54208
55852
41985
50973
51898
64455
52479
51268
56314
53373
60521
50416
30131
40976
61873
33037
48522
56504
56971
31568
54196
34831
39152
59537
36335
43554
50236
47309
52807
36300
60154
32210
45794
36778
51034
38187
33532
52787
39619
37304
58295
36591
33057
38132
34150
30415
40411
40179
44152
33527
33482
47145
48520
59984
40726
31402
35071
60845
54636
56725
57577
34918
42123
35750
37972
48548
55381
34787
42589
30797
59270
37453
38416
50947
48918
26050
53231
28182
37557
51986
29567
53140
30040
45066
43782
60138
37962
40257
39187
47020
38471
52000
50364
32701
52036
45339
52860
29221
46991
45474
34418
62485
34051
40481
43896
35330
61834
47596
39971
35564
41875
55878
29212
57739
32500
32551
43208
52508
47178
59214
51106
49466
36389
35817
56521
53433
53122
37796
61209
55119
40162
59125
33099
51678
43811
50363
40953
47687
34549
45395
61072
47867
39055
49152
37696
54970
49485
36912
47761
50846
60631
56122
60407
46620
62283
41425
40594
49526
57781
28562
37512
49171
45627
62198
55821
32756
50291
34809
42239
49591
57672
49050
34577
45829
39468
50976
31717
57036
39155
35693
48521
47975
43096
36329
59523
40295
54602
41389
35200
53799
52798
54784
49774
37689
37757
63759
52368
38736
47512
49387
53340
48788
36716
58446
56010
38251
44139
53621
50568
62618
47919
56336
45566
58812
32004
34835
34754
39733
35025
42651
51274
46738
55861
45621
49589
66438
57625
37869
49292
32720
41101
37244
47088
34450
45900
42916
29010
55646
29751
39924
34054
54636
61504
36468
40464
38177
46642
53031
45024
44126
55714
46344
52071
34712
56614
64798
37612
43834
29572
58584
34531
49261
35929
59697
46013
49230
56911
41203
48238
52824
55005
45367
46539
59588
51764
42045
43610
42475
35142
43224
63656
42873
47330
48534
61502
57504
37702
39076
66256
56905
51420
59455
57837
47234
41995
39268
57715
42222
33793
49718
53478
48895
66370
52678
36186
47827
44664
57639
51228
41852
30178
59928
27243
49638
38282
58590
40152
41992
44550
40464
36141
43461
51856
50433
63651
46008
31157
41080
32993
49692
55025
32243
49359
34362
39156
53785
63887
43733
50208
52115
39268
31282
49672
54478
48801
60716
34522
39653
37496
54489
33873
51412
29859
50364
32752
56197
64199
64612
61264
40412
47827
55029
33016
52212
43349
52651
46118
45798
27295
55908
59946
41603
39200
51366
47854
43878
59400
46331
37312
43582
62406
42654
56821
37666
36594
33717
61247
48639
65073
65489
60398
34755
27836
55757
51246
41097
28831
50962
54568
50524
53075
51699
48056
39761
31539
53707
50241
50017
60916
42134
49245
36674
58408
55257
36161
54371
51897
56157
65024
44434
27945
35911
50623
56672
53701
44714
54920
40077
51409
45342
57773
35231
54124
37314
62020
54150
45534
51967
63619
53623
37512
39858
34236
56743
56681
63517
51464
39282
46237
47282
41613
41499
31020
55404
61946
61840
37142
32335
45113
32954
36413
30663
55922
39245
34448
49477
35873
41084
51313
34195
59348
41591
49570
45944
62660
60428
36085
65893
56293
38452
40083
48328
39093
61221
50014
33378
41578
46048
42101
53856
37006
49919
45543
54223
50560
41359
55064
39547
31027
46016
64801
61901
29720
50314
60023
40267
58270
52800
50725
50286
32655
37230
49927
60665
39863
40849
57880
50222
63379
37387
51215
41384
36830
50608
52077
44406
66818
54515
46462
52792
47107
50525
50937
59996
57230
65287
44385
40157
40477
47843
43661
50349
35099
50954
33667
53415
61588
43957
64241
62795
41186
57413
53890
51786
60675
49569
40958
49978
49511
39189
64377
47031
43395
58659
43427
50287
31510
47618
34311
59157
45765
55253
37455
34171
58710
66831
39112
56319
37086
39830
52084
53455
57925
60762
44529
44194
66026
43962
54194
42597
65038
33624
59423
56824
67348
33875
31671
45272
45565
53874
28960
54506
44587
48564
55687
49967
47528
65184
68095
60743
60322
41156
63425
48557
34159
32112
46227
57175
45404
52655
55924
38772
34236
43215
61320
55385
63940
41003
56082
64009
53206
63097
40214
38882
48768
55027
38022
63605
35425
47261
60873
39954
64675
57953
44343
45174
52745
53011
43312
43099
34958
33088
45708
49158
34433
34855
41998
49908
52855
52052
47830
44184
54246
47125
38877
49816
59193
41315
52905
46388
56142
47975
55260
62975
58876
48609
55214
42171
42584
39987
44417
35500
45164
60606
55299
32200
30234
51269
47832
58838
43387
37240
58056
40664
35426
40870
60328
61688
47258
42652
44615
43784
50290
63943
64466
32262
33125
43282
65872
41058
59939
59997
47651
38156
64225
30574
33290
67252
60207
64414
33666
54911
40534
57671
62967
36651
68598
52018
48950
61705
64863
30632
54179
50534
41934
57231
35450
57313
56631
53364
33909
36346
52619
39592
44882
46459
49365
45830
44499
45291
33447
60317
40776
36800
52148
61186
55124
46957
41612
34843
50250
43459
37497
45560
53491
48906
47021
60035
53247
39286
58685
36903
66802
53509
56377
63270
67609
55024
57167
41997
37718
48650
50802
55866
34203
38296
43053
49917
32100
60092
35461
43135
44451
41201
41565
50281
50276
49419
64094
43455
56545
42773
51713
58570
57580
35776
67060
53160
56698
61069
42056
63806
61556
44700
66090
45275
54503
44226
65969
58496
59938
30893
62571
59238
58461
53048
31053
58388
36109
36391
42335
47916
40225
45061
52710
42552
35289
54339
58279
43732
55167
40598
37505
43410
55764
48432
36289
57134
53587
43348
37937
53601
32485
64662
62963
62003
53980
40731
49521
43216
34457
52076
62946
36898
32621
59976
57767
38371
44138
66064
46215
35845
60355
64344
65219
56910
48892
36827
48674
60605
41801
57133
51957
34630
45423
48453
45720
50270
46349
50739
57489
42949
53598
42810
35266
32309
59276
61944
55478
33743
49964
47599
55610
62905
57163
46140
47933
55853
36610
61301
56138
35380
40126
57674
53328
34654
51097
39267
46309
62792
53876
60056
40631
38039
65513
63135
49916
64056
57196
42886
45085
45962
63182
54685
64122
51982
31571
37161
42482
40746
43799
34340
36625
63550
40493
41862
62419
52650
43358
56314
51989
56943
33062
56779
61048
46319
64091
54799
32106
57638
55962
44512
51380
55646
65151
56159
68127
36111
57209
52997
60835
64664
54930
54757
50623
43043
57239
39635
43306
43085
47783
51432
35139
43819
54670
66558
53540
49087
39255
48727
41142
50251
54917
36205
43165
39089
54653
55052
42407
63616
35500
45713
58852
60376
67776
53203
59372
64416
32393
35438
54514
46053
46755
59798
42074
48218
49281
46795
60456
52300
57462
68199
62222
48925
39969
36947
43899
49291
47852
66634
39516
38888
63924
54231
64635
60508
60987
62164
51247
41515
38742
59961
59753
48324
58819
58222
62763
53822
62330
56387
50953
38186
52365
47522
42453
39891
67519
43532
46336
66712
52665
38194
59160
36991
54471
44449
59419
43036
47739
59214
58877
62840
49247
57294
61002
52631
40166
38565
57376
35812
63407
56366
57146
57674
47884
64576
43297
49843
60003
52844
39266
61808
46027
62688
53523
52220
40113
50431
42073
39956
58568
48940
56431
57391
66652
63943
64568
35895
34505
54876
56262
61074
55729
62558
36101
61932
41042
52452
44348
61393
53019
54683
59976
36242
52377
48819
52250
62483
60910
54890
39816
44083
54890
64913
59251
48517
57843
64024
36520
46980
53127
41872
50180
49600
43375
51065
57342
67442
63224
49432
31506
56314
54460
44980
42614
36220
35923
44072
41552
57378
43169
58844
39172
66227
62331
34148
50567
38349
53625
58901
47080
44946
44969
45725
31601
57475
38872
41861
53295
53256
61076
54830
57059
52293
43236
43625
56493
65232
37093
37157
52754
68479
51321
63822
37261
53841
60834
56657
41780
64505
62704
45848
35727
53693
65175
50166
64209
65710
59925
53847
65505
58648
41028
58751
49395
43825
39162
54594
46680
38700
40916
54553
63197
46636
53308
39512
48861
53167
51619
43488
41123
60244
39910
52469
49599
43277
61497
58884
39328
65536
60767
46459
63331
50853
57719
60380
44732
54918
50633
36723
47307
31598
59005
67887
37209
55024
64014
68674
41653
52659
63934
63829
39976
56723
60570
46264
61903
64882
54567
62537
36376
45037
38951
55564
65169
44124
47424
70515
39886
47176
33512
69501
51468
66431
43572
68310
52894
65664
39884
48467
33224
44310
58960
62885
48790
63672
40646
46557
70068
43809
34381
41855
58178
48327
44897
61901
41971
64978
36422
61295
70872
58848
47493
61239
52328
57276
59127
45136
44872
48913
56316
62225
51514
44647
50667
37613
57436
46771
70613
40863
61032
51484
53117
64930
67611
40071
65467
49547
62645
64773
39219
48553
69469
33971
64761
34965
58160
36993
42416
35927
62857
61227
64126
45302
49423
50132
60912
48732
47899
61239
37777
54635
71534
55024
35839
58669
52620
57035
45504
38070
46077
57474
48021
42276
57590
49340
51716
51681
50960
36894
54171
39683
54558
59713
66875
36229
55259
61940
55767
40118
35478
64164
68998
62565
58508
54408
56871
56983
58143
46802
62747
52541
57135
51663
55352
58465
38624
43194
70980
62621
47467
64525
57053
36048
65627
64733
66332
58331
51835
46468
46274
41989
47785
70665
51439
37214
47251
65174
54591
47371
53473
62258
59789
66957
63085
66512
52312
48848
35096
53249
64055
45516
63664
38902
64329
62218
40644
55947
55332
39654
66331
51675
43463
38688
54063
58581
39991
52961
58661
65599
43363
65715
47808
39844
38325
64949
53920
67454
57991
46544
62845
45639
48789
56121
64966
65655
35202
34747
41808
50775
47292
44849
55031
37940
41972
49329
59573
51398
61442
58259
55123
34473
65669
52217
55971
57499
53966
35171
66122
56592
48948
67234
41836
45565
49416
71048
58753
64319
40088
57584
44868
61951
48130
39483
65803
34080
58405
38632
44345
69607
37423
46700
53088
46051
62364
63124
48244
41996
57246
40061
38154
66993
51900
52971
56084
48374
37840
56758
45019
38462
58061
39599
57891
60234
62687
55000
58369
48387
64357
35361
71732
71716
58542
38087
52864
39219
47669
41865
67875
40583
63987
69450
46602
48565
59654
40143
49171
57682
40518
61599
56843
48737
42486
68504
64143
51187
48473
69605
58145
50059
70060
42033
69298
53548
40028
55687
57296
57411
61327
41570
35386
57592
60963
56651
58251
69651
56850
46087
59173
44919
61987
48572
54778
46018
70679
45524
62885
62544
45342
38149
41797
35661
58066
44344
51092
58211
37212
40445
50018
55098
38920
50335
61888
40453
52188
56639
59260
50998
62443
42668
68430
53703
40672
56762
41790
55933
61166
50737
52071
71618
52688
64804
62564
58637
68161
70829
49239
43195
66778
72618
44120
59787
41901
44860
34801
60073
54978
56854
52697
65395
60478
40484
58171
40361
41854
66066
44426
66227
55405
36680
51166
39243
45228
69577
72515
61749
61824
54846
48506
54894
59333
55621
51321
68174
51505
55305
65373
44836
65145
41595
36447
50139
38158
69703
62638
38669
38515
49446
68181
61008
55100
59984
55939
68021
51615
40448
54472
45932
67715
45804
49246
40398
62720
44232
56579
47804
45199
55952
56804
50819
57066
59514
52965
40152
43360
44326
57944
44159
61566
37643
56139
60512
49357
50605
58461
62043
65373
60454
64663
48943
71988
53174
66147
47385
72426
37829
62526
59257
56910
45972
69176
47090
48009
72484
44174
60112
68076
61600
65397
50543
59088
50590
57489
54692
39870
52323
42845
58625
44811
37789
48020
46271
60118
70810
62880
66873
54451
50029
63325
51256
62102
49049
38627
62241
62561
53165
61950
54906
66066
58367
48844
67659
54141
70046
60655
55658
66010
66306
36725
71567
49206
69553
52269
48909
73001
70408
49125
67359
42693
64478
57157
51479
39766
52484
51490
61368
57157
48709
38885
50773
66415
41133
60152
47518
50817
49424
37989
45925
48904
63745
63757
64407
42965
65258
35641
51106
46216
56037
61976
51496
50630
67979
46285
67428
54189
70427
50740
57229
52920
65121
50315
35508
55626
59833
46813
47457
54827
64392
41505
66355
53031
53020
56225
56718
55992
44374
70085
38218
46947
48625
42211
45436
47483
45966
54407
70782
43924
73741
64855
65230
67264
47284
55011
69648
56835
57740
43038
39166
51422
44258
42623
52258
55384
53778
42712
47326
45271
46891
62810
55196
39352
44930
56531
52891
55958
65180
41636
72650
43820
57825
60401
49172
46146
49781
68670
43001
39539
54657
53062
73587
53244
57609
58298
45467
53465
70319
62265
53645
65006
60467
59075
47427
68454
47268
58285
65389
61321
53060
60216
69473
64618
55392
69686
52135
63785
48329
40910
71308
62660
68185
51102
71213
43638
58755
42928
52472
58174
51797
50210
64278
60658
68503
68104
40370
42118
57936
67079
66484
52038
51606
41443
60247
64100
44619
57262
58774
40070
66736
50632
51392
63863
51647
53532
59284
59796
69656
58298
53344
65763
47742
44319
60037
42914
50539
43539
53578
62234
60521
48243
46776
49027
43765
52843
52493
57843
55977
37367
54449
47028
55902
47156
57731
44059
53857
67589
44566
47945
63628
61689
55379
62423
35963
48626
39264
59171
55158
65865
55856
53788
69448
44538
61683
54309
43331
51143
53701
48355
67290
71151
66797
45197
52364
59675
44026
53281
42891
42367
35327
51862
61265
69819
45236
62543
59231
58932
69904
49108
53299
54598
51288
61676
59277
53779
59733
39714
54181
44846
46800
46910
61713
74525
43992
53721
53852
61837
64304
65239
40341
69971
43369
41395
45466
54443
46458
45912
68345
61915
65912
42480
66187
37195
60973
53355
49432
53466
47039
74342
41347
52423
67934
41196
70023
48862
46109
54027
62807
64997
44103
46612
61044
49293
42648
62026
71927
37793
67043
38211
57835
67570
69465
47107
45336
35077
55388
47483
45772
48551
48989
68458
55232
58825
45922
42054
71247
61815
61840
63695
65868
43325
52484
57692
43410
68209
52487
62228
36638
51668
65236
70448
42409
40639
56375
69715
69541
36694
49887
42749
55195
50196
51567
48318
66188
56852
48845
45083
65538
56169
63888
51788
67574
37483
57192
66232
71008
66663
49380
39360
65854
47574
56415
38488
58687
63133
58196
62739
65886
57603
49399
45255
60196
70902
68673
56561
63302
59687
55300
40459
64644
65315
51495
64853
68934
58708
43657
44583
55733
63454
58610
48716
66946
48739
63406
59259
43831
53789
59807
48583
45119
54904
63193
47825
70820
72215
44115
53475
64581
54990
70791
66021
56512
60868
47353
62950
68415
40904
48024
51498
72613
51482
68014
53127
38056
51197
61623
40182
38166
72944
72791
61977
47111
65480
62362
64466
69551
62789
64999
43676
44619
50617
64611
68882
48779
47914
56138
49293
48045
67139
66740
45275
59759
55330
43031
57331
51071
41601
54992
58906
42465
63265
54907
47290
68407
49766
58454
51333
41136
60747
55584
67981
54040
60660
56188
49831
54740
66405
64581
69622
49477
66650
59910
63187
54444
52583
49568
68040
61587
56975
50662
64509
48136
43785
54267
52322
40308
47513
69382
37442
54392
55818
70878
50742
41350
35182
62039
66998
44111
35964
51432
54914
53925
42134
64621
54331
43524
47671
48208
66953
43798
58739
38766
54120
53517
51807
54630
40672
57221
65062
39194
55788
36762
50126
68290
52993
68038
49551
46546
61804
37552
55794
61768
57075
47120
68967
62695
39960
67769
48693
69324
45247
45273
47518
50987
43406
63550
61069
54747
73666
63621
67252
50018
55705
40795
52477
36497
51637
66079
62852
67571
55152
43741
69572
65562
64463
70435
43344
36382
58014
64470
69191
60279
50887
43177
67227
56761
72474
62032
57728
35478
68762
48606
70626
64651
58968
66850
52146
61338
45936
44765
63555
60893
68858
53075
63765
41741
63128
76238
45042
52109
47037
57120
44938
47429
74559
73075
54029
48223
62226
58215
46286
61274
68944
56364
73463
56284
47207
67414
42406
47859
53179
44877
66111
57381
47920
53370
43403
73127
60656
47914
62079
57197
50960
45805
44544
62902
51669
60444
60189
68245
47493
63585
63030
44264
72602
47718
47500
37436
63743
44183
48436
55204
57001
42226
54301
68086
66096
44192
45488
65392
64342
58555
41029
72817
61649
68887
50794
44710
55387
43449
43487
54150
53014
53668
74999
50213
49594
71023
47925
55119
71016
48026
48653
65451
70666
72929
59350
71118
65989
44835
47229
52546
51247
71169
53839
66460
42725
75604
57274
68346
43240
69295
69134
73633
74557
77017
45571
74859
56735
69961
60682
68000
65576
66764
69014
68004
58387
62687
67819
46309
56948
57047
61027
67484
57146
57555
65071
60302
52309
71129
43770
63483
59055
67404
50330
54214
59065
63989
64372
66438
52773
70253
69735
67537
73584
43015
44550
61301
69331
52852
69189
51562
49844
61788
65002
60624
66947
68877
49250
55011
74864
71338
53287
48608
60990
51407
69389
67083
46579
41225
46020
56165
45457
67888
56503
72014
45241
71241
70756
57935
52236
55412
46258
56928
42514
52875
71471
57142
67643
41642
39193
70374
63928
54296
66820
51263
56950
41886
59351
66342
39812
50822
60645
60825
46293
61230
54160
39856
54172
67396
56800
57521
60870
53127
40715
72479
66261
44886
50131
54288
53984
68192
53682
57034
55019
59282
56753
69115
63077
59872
58728
74656
61833
45867
45175
43763
50299
42995
53165
48194
52994
66993
47565
54577
62990
66811
61135
52285
76657
47985
73430
65673
46588
47476
61066
67805
52348
65322
70946
69351
53672
42271
50655
64726
43434
70840
44714
73428
70631
60432
47104
68765
53317
48360
66501
64895
42003
64701
48885
77111
71963
47178
42522
61833
60172
44671
53262
68534
72259
60754
53295
64323
50552
53709
69933
53657
44100
55611
55865
54202
74699
48552
63886
48810
63145
56996
46225
75298
71551
61809
41518
58287
43197
47617
44960
66834
63504
62466
67509
45447
59158
70943
45472
74759
72868
59365
59555
70948
63795
48082
77422
55270
66387
64009
43401
57835
63436
58726
41010
58407
71470
66100
47987
76936
50426
54506
43872
56081
46711
49507
70951
50458
73060
52043
56928
45686
62907
69000
71023
68969
71544
71842
69578
45540
70554
53929
55187
60767
65529
49930
54790
53482
56775
69760
48427
69649
73228
50558
50792
68424
56549
47818
45851
72595
48350
52454
62736
51755
67426
57760
68685
46876
47544
52977
48154
47953
72681
55270
54165
62069
47039
69626
70844
42931
62221
54960
49865
59461
67054
59934
71419
55186
45802
43635
52937
66327
63425
59213
64410
61766
72421
78589
65744
62447
52822
59305
59448
70731
49134
70620
64406
60119
76537
63199
54194
69230
54103
55112
58889
69538
53493
59234
71777
70960
56419
63636
75616
61455
53544
52216
45098
57442
55172
55802
60350
67177
67789
52448
68758
59002
76780
61707
71281
72491
53529
48029
47638
53292
64434
76833
65082
69797
75074
52764
73578
69357
43434
73904
70882
46142
72942
67824
58408
45713
66018
41044
46952
75553
45627
73176
52026
75563
40274
62460
73396
49557
58723
48439
49651
56770
45944
49575
63223
74579
69377
54849
55093
43925
61911
52131
55086
76092
73232
58065
50636
58571
79160
48914
47539
54096
49678
57115
75555
58510
67781
48618
51250
68728
60239
65321
53270
65107
45828
56251
40082
66211
56789
43968
66964
65705
51851
50177
58245
57009
56216
66936
43579
53238
77659
45963
63248
57133
64215
67772
41443
55074
73862
66246
66972
63094
46910
59632
50988
62785
47271
63348
54377
48049
55600
45860
61723
46880
76388
51822
49015
54074
60527
44109
48044
44561
72045
57914
74402
71834
65503
71032
60754
66498
39938
72352
65057
59770
53151
65055
63305
64014
69556
50959
49183
74865
66195
68979
69444
69914
63788
47702
55562
46031
58589
52529
73258
51199
74611
61627
41858
55039
67788
65207
52795
69554
65277
64086
57242
65699
53396
55844
50884
61563
52933
65790
58040
56518
62359
49659
50626
67906
50510
72362
49028
71692
63680
42344
56130
74631
63113
72864
60263
55938
52416
66133
66842
46618
50552
61533
62684
71774
51576
59797
58597
76580
73169
66751
68731
72633
54526
68972
63165
74305
51548
80384
47254
56191
52942
68447
71759
59567
69445
60077
53672
61234
68834
50341
55313
67590
47845
76240
57819
78529
72612
73966
65680
51272
59836
43420
63316
56190
72931
60504
52024
53557
60821
78738
67133
49245
46517
61122
76628
70753
57662
60113
68983
63011
50176
49916
63126
54219
44379
54965
67249
60089
47145
54135
68539
48626
69266
54656
69070
67181
66714
52603
58980
65472
72480
77729
53589
53486
52160
57971
57472
47722
65489
51518
63842
56544
68582
59836
64169
55516
74270
59602
47579
55276
61624
76375
60308
67163
48024
53773
59576
67443
56070
55249
67411
49940
75998
72800
46273
60750
63324
43524
69981
51538
50341
76321
55409
56698
69325
63817
50729
65996
49133
58614
61240
61515
50033
50338
65097
51140
64166
55745
71840
49763
51936
56478
63479
60674
55804
63934
59265
42729
55795
46507
64797
44315
53133
71475
52046
56008
69068
67284
56728
69445
49646
59184
66916
58472
73110
50608
58727
55338
63548
64892
74760
68885
67411
74571
44197
56628
62094
72064
59176
47823
66652
50910
53489
62966
71711
74403
71741
65539
62220
43009
64109
59482
52469
75848
60883
57174
52319
77354
65499
56961
52500
44361
75106
77537
50883
66894
60275
59961
75726
55012
51891
60168
70844
75691
55990
78422
45265
68095
59793
48218
58368
79377
56083
68595
81252
67632
57486
48733
71518
57880
69926
66152
50478
76393
75669
50292
62008
47173
70690
56249
52415
59981
63910
70099
43685
63889
72217
49653
75276
46842
67385
44169
42710
58771
53803
68765
54866
63218
45249
60596
52172
75050
56531
55672
61326
78225
58893
64380
62833
57582
65043
77091
65041
78260
55431
60436
78322
49041
47309
66762
47906
56445
63792
61882
72129
68826
70380
58141
45922
72322
52471
66665
67730
81891
63760
73889
52429
49625
58799
43379
67778
71054
65500
73734
61648
60342
68037
49686
80915
69924
62065
60714
57051
72096
58059
47622
72353
59368
75395
75677
59706
48541
56602
78931
47753
69956
59089
60830
63712
55348
46595
70490
55537
55309
65066
60667
80390
44781
65876
67412
58339
58024
69180
60652
47538
77758
57713
72287
73968
55394
63411
67776
63852
64398
64227
62842
60018
73660
50786
55873
64778
46187
66052
80803
72754
63576
69362
62461
72508
74472
60394
70883
74371
76722
48760
52460
45761
59203
52905
79270
62557
55259
63776
70912
75809
54969
51389
66854
72089
57961
73471
53027
57435
70148
59844
53639
65887
60280
63678
67238
64537
48669
65196
61743
74009
61321
77665
66310
47168
44081
68245
71711
48814
51797
79192
59454
76105
53821
57022
53356
80659
62311
70437
70463
48626
76044
72247
52505
58483
65286
66412
62498
75992
80949
64036
65041
62752
66568
48651
57653
46201
62767
62490
72390
50138
60213
79773
49612
62197
42717
61922
54481
72511
60463
63208
72507
60462
51440
65765
64190
75751
64539
58719
72152
53902
80062
56669
61951
60987
78484
72569
46149
46961
78213
47830
57023
59493
55845
67840
63183
57376
57764
81429
77700
74060
55101
52664
71559
59468
47481
66571
71297
46943
76706
65919
47992
67601
75873
54258
64573
68963
70721
51976
67053
49756
63553
49989
69416
82763
69953
61601
78128
67432
78110
51066
71688
48118
62877
51502
66315
58418
55855
76735
52020
57807
67188
65683
57170
55926
78490
81552
51199
66866
74777
66700
71247
72783
53030
63126
44038
54476
82626
58248
57554
51561
54283
60509
62501
66789
64294
51901
43505
68200
56722
72122
55599
57254
68891
59820
59589
67453
46375
78330
75694
63807
61612
67687
49820
77445
69016
59364
60116
71392
74263
57163
76059
49825
58914
65088
48637
56326
57740
75451
62694
68205
65222
76313
77147
74930
59916
61908
58332
55964
64664
61054
73578
56003
47796
50026
47606
74446
66192
74657
52362
70984
67064
55276
49665
73025
54433
57177
75153
48102
78236
57760
49446
75096
50329
64171
78392
55025
51710
75519
46430
52778
48216
68877
76613
64975
69945
78139
54508
78958
65530
73034
71728
65575
57255
59133
63343
44943
72704
53978
67652
46439
77476
63595
75171
54932
55552
80155
75376
61986
70186
55603
61202
60471
80009
53212
80864
59444
69361
77758
52470
71518
56788
66078
55864
57144
77058
62826
45654
74072
73577
54692
79021
45074
46607
74891
75173
76962
54067
59898
49122
64322
66863
76450
54590
82319
61733
53377
61343
68804
69629
54151
52615
56152
65359
53831
81690
52622
69784
49109
56552
68098
77532
55239
61858
75555
59135
70691
53588
49076
53258
72731
76902
61691
66536
66882
81582
70725
54844
62126
63390
69588
69282
78416
65931
60411
82869
53388
57664
62125
48368
58288
61696
45217
54075
64817
78302
64993
61987
57020
59486
51339
60986
73252
72463
50537
65279
55195
67764
79241
79465
65694
62522
51740
52046
64258
84728
74049
45130
79964
84156
56987
50770
77972
53804
74457
72117
72409
59170
56438
66940
70217
50354
72425
67291
64312
74365
69193
72830
63538
56279
63930
67267
53677
55701
68091
53280
81967
86124
58706
78220
66500
70693
66644
63858
66828
56683
49073
53298
78488
70101
79380
62234
55955
67453
82704
45916
51513
73225
56650
75250
53105
60270
68634
70258
74163
73554
63386
75596
71948
59985
59321
75914
50187
64963
60197
75312
63591
69811
71941
79342
52395
67209
79258
49668
78526
61369
55485
70374
62981
70604
69783
77157
49229
49349
73673
47715
54135
54158
75762
58719
70032
74545
62422
49921
46997
74165
52572
73856
66230
62184
81110
68455
47696
59471
69519
58429
65102
71070
68642
65338
54812
71587
63021
53488
81809
56593
76774
76662
72588
49161
50071
58642
58793
60473
63758
72976
51171
83520
76945
78450
63347
54915
76423
53854
73963
52265
53540
48588
64557
52212
77195
69949
58296
73113
80259
69511
66508
54643
67959
70246
68610
68253
83289
66268
74344
57608
59803
69160
50971
75141
55558
66801
67066
64532
55736
64118
78876
82643
85695
53048
56584
49277
63199
83644
81696
53351
60190
56078
67871
68494
65650
59582
83553
56412
75986
82786
54322
74415
50844
84043
75541
62391
75173
76094
63786
60788
76764
73414
63289
75671
73122
63357
73296
49837
74733
86383
57968
65571
58070
76130
77284
81530
69828
83264
73706
73779
70921
79197
82048
67007
78613
66546
50888
72041
51396
64088
61207
66160
77269
80678
76354
78818
69617
66084
61285
82395
59423
65249
64341
53524
77328
58294
79320
81863
82907
48928
84499
74543
61476
53824
66621
56331
68251
61835
62355
74054
59584
58682
55288
63521
54835
61809
71129
60175
57819
74913
55910
71317
76180
48422
61569
69064
68079
78387
54004
75204
61708
52644
51230
79903
64725
78080
85484
78962
62914
66553
56098
48351
53623
58607
60612
54722
58533
65843
67026
63003
62310
50736
68703
59451
70838
70453
63793
80401
53949
81466
68478
59646
75601
56898
66845
57479
70089
69717
68058
50949
50474
67010
80612
65699
62714
68739
73955
55392
67319
80453
54011
80856
82489
66659
69365
56802
76357
79500
60804
68334
55981
53507
56686
78306
73904
62389
53591
54638
72841
75388
55386
55894
72254
56508
66137
55296
83290
64225
49140
87351
49090
74142
60138
58162
67481
79786
65015
78229
82841
48736
81309
81575
54838
59652
68643
64446
80765
49867
53516
57819
77575
84783
56561
64901
84524
68418
74660
63422
70141
82309
77660
79650
56023
64171
60871
75476
66742
75177
66189
52485
49443
60948
56046
64436
76559
82968
71040
67412
77278
50066
53862
62535
54729
76646
70613
64801
87054
62358
69600
73617
72577
80178
58947
66535
55226
76522
52969
66265
68945
71278
61464
83120
70608
74567
69087
82698
78178
67818
82255
63572
82799
65439
61697
58151
69096
55092
77532
66473
69210
74381
69694
56139
75433
61843
57788
60326
80709
79965
69371
65963
63376
55585
84724
80132
65338
80856
78106
66645
61084
58865
56312
80128
59610
59590
69645
82979
66151
75124
73820
65940
65646
75234
81484
71504
77653
70868
65862
76591
58352
48854
72488
81460
75173
81081
85318
73368
74299
69898
82005
52317
56974
70652
80526
82729
49451
75489
54294
65223
83070
79358
64262
69407
86346
75633
84195
50376
68344
57195
55093
85162
69628
75724
61884
68466
75063
81181
51037
66830
74927
62305
81111
70559
70384
66174
78517
64227
78356
68638
80986
64678
63310
76932
71095
81707
76531
65035
66474
54971
66261
76570
74875
82561
73704
59030
80313
52221
65305
64578
58445
81006
65393
70990
75944
54822
78174
67327
49203
69686
79403
55087
78663
60517
55530
75992
57117
50528
49584
85072
53116
64801
62813
56828
52424
66514
72651
56703
70648
51193
64633
61373
60209
67584
54406
72631
65856
69941
70950
50752
71302
63841
63258
73424
53144
69586
61907
79515
74219
69755
55545
68044
69519
50777
65202
61768
72198
74034
62950
79119
75887
79739
82904
61648
57945
78213
72227
85262
81831
51318
79044
51309
64880
75775
68585
65654
77155
56799
55174
55486
68084
55711
59533
80464
75155
86512
57416
56190
66830
53582
81187
66795
72549
75084
59297
81853
79524
78333
74374
78034
77805
53263
73704
59740
87128
74557
71129
61563
85121
64636
70005
64120
74819
54543
83043
80559
56986
73745
81871
60735
72804
64950
80999
81864
60082
63523
77101
68640
78097
86891
58226
57981
57773
51034
72651
60227
86295
72951
80005
67982
73533
52703
75879
75150
75675
51329
78035
62779
59526
64632
79579
67306
56438
84551
52166
68195
61486
66833
66780
79223
70185
71352
61340
73353
74164
65479
51628
85707
75461
63037
73585
69422
50005
70160
57165
85915
84716
68576
71650
64982
72273
64316
54187
61297
56945
74596
75404
67747
81028
63700
58824
69746
76726
60227
54159
56225
88774
64453
83357
63298
82088
69367
60653
72702
75386
57336
73505
59494
58420
67851
65855
64289
76528
59375
62187
76785
85032
78401
64177
79695
71353
55041
72272
73332
52475
73380
78025
60963
62470
60804
61471
69050
67125
68441
76445
52602
83186
72970
88057
60125
57705
74730
58580
54885
82249
70065
72020
54297
80343
90395
56860
68396
71917
73566
75339
59433
51216
64810
51174
85299
74791
56582
75035
72345
54904
79434
72223
60262
59787
84203
89033
65412
69078
84931
81578
79673
78503
79244
62577
69642
62410
65707
72025
73356
87900
79791
68844
71478
50840
59343
71552
71720
69379
72906
62260
66944
60265
55892
77010
75426
78899
52909
62681
66798
89534
72611
82470
56551
64293
81062
75841
77255
64425
68670
56643
87804
72522
88021
79775
62738
76613
62384
63504
78245
81598
73561
77276
58071
68146
68928
64708
66344
61155
65232
79914
64319
76582
61924
63842
73944
90166
84007
86045
87122
64351
83629
71856
82361
85562
80190
77108
78765
72320
70992
59737
81458
63029
64459
67877
63498
85021
72482
86784
81588
77625
88916
64686
65745
78689
78710
77499
89088
75911
60144
60622
69282
87680
80711
66159
83435
76535
72774
62373
80316
81947
56500
63807
70925
62592
74122
60588
64594
58668
75644
63958
83092
66316
56147
66141
76800
83306
59374
85158
79561
85835
63839
77004
64164
52888
62511
76950
69232
64731
75634
66627
54735
65261
62625
66059
70170
79237
71717
82926
74830
69868
69455
60635
60547
53132
69679
55679
85727
54967
61386
54170
75702
73655
69549
73467
58282
73526
77654
77258
53849
72418
65225
84132
65916
75588
54806
72663
84893
79114
62300
81060
85786
86715
78314
73027
85483
51724
83009
53583
75219
54723
52331
79873
82967
77754
81229
59385
78720
56335
78210
62476
71079
86831
83943
59198
54444
74984
65862
87081
82522
79739
61245
73959
68968
63533
80727
59307
73767
70039
83236
75213
65767
80158
69018
80327
81111
82433
82743
80514
82376
84929
79656
60053
82381
63616
76937
71531
79423
67429
83457
63568
80493
60873
86534
54083
52343
56202
73508
84641
59018
57462
64810
66764
68382
76844
67065
87129
54615
79280
69227
59700
90292
79630
78321
57954
88492
76916
82238
70296
67019
73699
69405
62628
66367
78169
68300
62359
59136
71985
74303
57112
66437
57235
65416
67610
86289
54011
68526
75450
68186
61237
85148
59099
60460
59105
70601
73168
67705
70753
70746
61679
73165
79317
79430
60423
77245
72952
57136
75077
74125
56366
74529
53600
60391
70129
54978
71979
83552
71914
57150
54185
87793
83319
73495
88754
77731
77685
66437
63313
69180
86525
83544
74605
61882
73717
83356
58595
70281
72842
65098
81960
60390
65517
68254
63810
75312
77144
79413
52718
67850
60749
59119
88121
79495
65430
57360
83052
60012
63626
83586
78613
69793
59539
91680
84724
77513
59911
62680
85369
76631
62288
75935
76338
60787
75021
57838
69145
67156
85863
90159
58469
64199
69031
60336
81566
65128
59870
78546
87127
73540
59007
82503
82446
65128
82008
79237
63972
79831
69088
88231
76770
55604
62056
62044
63752
61219
78104
81036
79303
85182
60212
82563
85086
73707
79652
77906
62175
57079
67230
65992
60246
81802
64992
83549
73371
84100
62053
73334
57962
74752
60810
62240
79116
74237
57773
74657
77106
67457
70869
70114
87671
62564
86758
66891
63079
65526
78074
63820
74422
85233
72718
77591
72975
81330
85312
57610
67027
76586
79514
58137
53900
67613
73693
78691
67761
81213
83009
78722
70466
74347
86192
64510
59217
89472
66077
61959
79506
65472
80970
85059
80875
70560
86151
67139
76798
60225
57891
60373
67114
62869
62728
91314
58693
58201
88994
69650
74350
90815
61729
70269
80314
72223
74970
71210
81057
67047
87156
57032
57636
88529
79461
62289
65774
85758
72576
57253
58388
66398
55768
83751
76215
65309
89001
61724
72032
75322
77443
89899
63191
71231
80985
53035
60833
64055
85268
73585
60616
82355
63695
82595
64761
61960
78282
81311
76663
79962
59033
83438
71019
87872
85994
66339
59184
86218
60197
72112
71211
64544
60692
78031
86188
55137
83317
83264
86870
81635
84950
62592
87109
57769
67349
78653
67566
75606
67311
86822
81016
82857
79615
54037
79331
63057
68723
83399
79798
72828
74336
53649
76383
63590
59932
74927
55476
77870
81169
60323
69241
87718
65424
63869
57335
88493
64813
77374
64224
79348
87257
76641
73209
87511
78311
76791
60973
64208
64797
69660
68042
54699
55754
74993
65892
78907
71216
71503
81331
61660
75990
88484
81843
81040
60775
91218
89842
86436
75876
64915
71763
87992
85617
78773
84049
83680
76069
80239
82845
65881
80947
90695
73438
62154
66226
85770
79669
71268
79531
66224
74562
60236
80156
53788
67395
60838
54521
70258
73607
70086
61699
61540
74621
74767
79134
83686
69474
86489
81393
80688
76287
93453
65713
56767
77465
89105
73810
81917
69048
88898
71428
65994
65692
55041
88763
81148
60769
64232
76308
65158
64063
69419
81138
66076
63269
70935
76009
61767
79436
69508
61618
69363
82899
81533
72511
66447
87003
77553
69180
79910
63042
79810
87055
59446
65727
53668
84966
67954
68594
75940
60713
62806
69982
61615
66819
79901
66260
76382
73787
73532
72075
66537
85959
66614
81335
73523
81848
64085
70810
84053
78742
87359
69422
70860
86113
85784
64755
55482
80353
71518
74020
80692
58138
62252
86240
72565
85111
63048
65551
57237
63533
76171
88114
74700
91949
85412
84234
71693
60239
83235
69055
71878
71314
62728
78439
79913
86772
61560
86954
92934
79997
83397
91134
81846
80002
71473
69010
82504
87964
60754
80013
73548
78837
60677
67874
75263
72199
70988
64940
74583
69015
75494
73750
79628
59409
73372
74217
60256
69283
68631
82995
70833
62957
65167
68888
81427
83364
77293
65197
60758
79302
59566
74843
91471
67962
83241
66711
82213
68389
72996
76400
81472
54398
76963
79558
83117
74997
54928
71146
83190
64025
62604
79258
73622
87152
73111
68603
84570
68475
55720
55473
73106
86439
82371
70805
74156
67180
91719
69901
60713
57582
80546
57698
85991
76882
65632
84096
74928
78457
93778
83669
70470
57966
82650
88596
79987
62010
86093
57885
89904
79385
74783
69415
61095
82618
81488
90837
84866
82427
70453
80986
68942
83981
71744
73676
93805
62457
77817
76652
78253
83987
84434
89750
69409
73713
89401
85599
80929
90515
57330
88293
77276
68074
82893
67791
70829
78892
71211
79486
71771
79869
67463
61927
84891
82622
74994
75150
73977
84949
63055
85467
81528
87144
77307
90001
71099
83564
61865
85157
82064
82640
82975
77459
60767
81320
81708
84152
66937
77376
73534
53918
74283
61205
69003
60012
86971
70722
61650
79308
69552
74685
70800
83390
74489
72269
64599
59037
73190
66959
86001
60386
68908
89655
77864
81494
87719
70741
63118
88002
84051
62704
70113
76489
65156
78960
78460
74413
59637
65269
68556
77636
77404
74860
87201
76080
62323
55830
66229
84775
88629
74817
69106
59592
86681
86541
85515
75262
68107
64217
69603
61312
83001
88127
80080
61763
62173
77747
61965
67160
59134
64622
84431
78951
93096
92253
69103
92259
67337
61905
84536
64550
90940
87127
70473
91315
73282
74578
81752
85926
94135
83904
66422
77223
81876
70508
69735
64694
72494
64896
65646
82131
58582
66379
71714
88983
78661
63628
62452
65884
72017
64264
58505
64503
88381
55274
75767
82402
71329
66796
88946
87714
87486
81601
85202
72716
63707
82560
58385
85674
70036
58383
61147
65082
82967
84487
66297
68951
84359
76741
78671
58364
69801
72798
78779
84382
78278
64814
78766
70234
66545
76034
90600
84589
82477
77549
67447
64319
69554
62475
75559
92844
82467
62333
73289
68742
89814
71247
86255
74946
75054
59570
64203
77227
65296
80019
68480
81482
75516
94232
92748
70019
70451
66418
64681
63382
74507
80394
72240
56480
68371
61992
78165
90341
68982
63339
69251
58656
80194
93729
82430
74014
74507
74546
80747
68617
79369
86661
70208
68069
74002
66815
86035
76955
74070
93070
85155
73454
80043
74787
58935
77723
90451
67312
85613
80027
64891
82538
89344
58581
83501
72639
63609
68809
88843
72559
87607
87681
77747
93848
76695
73725
69129
66564
64008
63796
58355
86726
87310
89297
75155
72368
88128
76745
56579
87084
75634
86454
85879
82525
67628
68974
68559
90455
73993
79267
65752
87836
56910
65256
65325
61923
67975
80425
82346
77887
78299
69659
65539
65247
86987
85055
92632
87941
70682
60465
69512
83346
70264
69442
88691
60602
88315
67604
81907
82661
88637
79534
66221
64356
95124
70945
57737
85945
73610
56599
73662
75874
85686
71635
86668
76283
72543
74104
60986
63210
88633
74252
87144
66844
62833
89135
79142
92996
89936
67077
70940
74113
63477
67817
75153
63195
79869
84468
79039
84319
86019
65642
75680
77882
65495
69726
86049
93545
68004
77739
64196
71645
90939
90103
68399
60995
73627
82937
76120
58957
68231
75346
82365
95973
63466
62545
70282
74923
66305
74832
70882
88441
74579
90552
71139
76500
84837
79776
65024
82476
79919
82737
74480
67777
66473
92032
75634
62541
78390
60886
71704
76255
77510
63114
93466
72740
86811
83889
80432
73972
88783
74613
69023
73240
88043
69711
89198
62534
73467
64667
72599
77681
95343
58193
68891
81724
71439
97985
92275
80012
82508
91073
71118
79870
70592
92603
82264
80054
77124
83891
84617
87009
83771
65678
87389
88215
73396
77777
68870
76591
89473
88389
93219
89380
78672
91329
84061
92360
62426
73367
90265
85800
77692
78298
83440
93838
85034
75029
96635
58257
75034
88408
67424
59593
79352
58026
67789
75217
87643
79882
79764
69733
60607
67756
86285
96834
73944
87655
96329
76428
83551
83816
69850
66508
77803
74684
68719
89789
72068
76547
71216
81655
74703
65021
78330
62035
80281
62573
71770
66587
88256
74580
63169
57245
71130
78552
78103
60247
82039
75344
93202
66257
61445
69355
74603
71912
88349
85285
86071
79077
89546
74689
65062
71549
70259
87068
67247
69998
68067
92075
62115
87526
73529
69216
69168
94136
84984
83527
71397
93292
81532
80480
69187
64873
90468
62799
75922
70217
93893
88713
84035
59280
90998
97814
62711
87084
74191
90282
85035
91528
62532
65969
64305
89008
66902
75607
89462
84461
91710
94332
69151
61794
68068
98007
67222
97196
69357
69884
90171
72733
81415
68547
77786
91754
73499
92003
80392
86737
77948
98256
80581
71320
76793
73800
73492
91134
68682
94382
78494
89965
76693
85520
85607
60388
77404
67651
64619
74436
93326
72880
71875
74659
71044
71353
91689
71055
87796
73781
86143
70199
93057
71523
75538
71093
79606
94430
86960
77398
69105
79033
64896
85023
80688
91502
90451
83629
79410
77408
76020
69785
93519
79897
90472
75111
80739
86132
79430
63622
63803
73794
79212
85414
63359
75308
84484
73743
91166
61123
66997
83335
84151
69782
76697
88039
80681
64441
84062
87551
82654
66757
64667
91267
77895
