39852
34162
34117
11828
33655
14247
27709
26620
49196
43166
43154
30023
32642
17779
37702
41950
30153
43391
42773
23575
30418
31883
33149
43235
36933
22430
32291
18818
24304
27428
47403
18902
13899
27803
22497
22711
32619
34407
11706
30107
20152
22945
31534
36834
20118
31045
45522
35918
36682
11961
28432
33170
28649
30814
16737
25019
44966
36938
17109
48423
36920
24487
46128
15727
15486
29800
22748
29446
23307
26920
18589
12917
33435
39999
14869
25987
14664
27424
36631
49112
45257
27832
30457
26912
29941
20774
9940
11255
26914
30303
32469
33949
15588
32949
26100
16025
38961
41551
21598
39488
16937
18433
11513
16551
11001
39907
25921
32395
31456
18882
28810
22875
34144
16959
16745
20285
37192
25312
42855
42867
45995
16789
41038
39153
30706
32908
15958
34538
45308
43077
18217
48368
39185
20653
25104
42818
39772
47581
19457
36727
20638
38947
17423
42850
31174
13162
15685
27330
42082
23568
14273
23429
26502
43318
46225
23911
38826
26988
24074
37943
22215
25048
46060
20183
34527
21702
40446
24034
28880
28035
31476
25367
25515
30868
29974
25713
13475
32874
21732
9335
23438
39445
15590
23492
41400
33648
30632
21982
21425
35966
41937
37421
18570
26996
15622
16991
37100
27168
28213
44423
16460
21455
22930
31041
28196
16856
34649
38212
19962
14927
23100
12713
43975
22303
17158
31442
37151
34610
31115
41485
35983
20661
31925
22149
16318
25675
25648
15127
42610
10843
42571
36121
27565
46529
39064
42215
22079
48372
23838
23316
26321
41562
27647
11499
22906
15762
35391
23640
35678
19901
35142
24714
38279
35607
27579
13805
29033
20924
39398
19848
37889
32125
35089
21819
43313
43125
17126
44222
32437
21571
29382
32420
23128
16377
27463
35905
13214
38165
35333
26550
15387
18947
31089
23374
31625
13611
18102
45272
30264
19887
18865
43361
37779
17422
40593
37040
32827
25676
24424
42419
28414
43966
45671
26296
42490
44217
44917
29358
19749
33782
24671
40570
24008
32764
18879
42655
22208
16583
28315
33089
16002
18573
33329
28151
47073
25304
30958
18903
23450
32622
34109
23647
15587
32754
38252
15113
31419
42761
33805
26135
32179
25426
50061
38080
35917
16832
38989
14166
19756
18601
22215
34408
29393
31447
35933
39432
28917
19028
30783
20232
14894
27144
29083
33382
29075
32155
16985
18080
33459
36688
29365
34147
16142
22701
39215
22090
12402
36875
21499
24110
34200
31043
13690
40874
43125
30302
34429
20336
15618
44713
31222
21165
43144
18858
33538
31498
34787
35620
40615
27628
43246
31764
36196
20958
34183
18045
21717
34131
30045
31249
41930
37189
14680
32979
37026
43394
32012
30316
37812
27380
36959
26005
33340
20215
36089
27345
37517
10356
33781
34525
30147
22253
20183
28990
21481
41354
11486
33379
26970
26840
47690
26338
42321
20047
41845
25598
22391
41139
18704
14528
43390
29400
16205
26993
27074
43728
48489
15140
19430
28989
12157
21706
17713
39970
38194
32349
19548
22882
41572
42848
31728
18408
41749
17735
42175
18702
19971
46216
24120
13315
24965
17222
32903
24374
16536
27892
34127
17067
19954
42845
26641
33763
45097
29660
28240
35775
35935
33439
38017
48151
15958
41155
22938
20917
29135
33316
41077
47877
32309
41735
20357
12220
30301
37862
21962
36176
27385
34124
31758
36457
38331
36032
39332
27554
19651
28683
38844
25310
42375
43003
41092
21239
21732
42183
42138
41079
34818
13262
41633
33958
49685
42273
30807
39603
41863
25442
40561
35034
47924
27399
36148
44093
38440
13879
39735
38426
18124
37690
41372
22067
15931
35950
33537
50619
39369
17227
34185
37594
35354
51100
18893
20269
26811
23634
30695
38536
46120
27718
28934
28634
27217
45610
19487
21965
24708
32999
30869
16889
27466
40421
42992
39312
28176
45319
23668
31740
39105
24631
19400
27154
18831
16724
15841
38644
25714
37623
22437
28012
32850
46553
17747
17106
32661
25158
34847
14774
25236
20644
26197
27396
42703
46052
19039
14247
15410
40096
46731
42127
26139
19376
32331
30679
26280
44126
38687
31699
17828
38556
33351
44929
35769
33983
37280
37669
37441
35285
31794
22755
34771
46130
44718
17505
31277
35880
34411
23308
23442
20661
42954
38511
28359
22205
26524
28113
18953
24637
44940
31028
27116
46553
40191
19257
33202
31848
45242
42366
46418
37804
13230
47458
40435
31427
41304
26842
23719
43623
26036
34445
18602
14337
33364
36931
30682
20844
22211
43295
38735
21957
35637
43395
50694
18590
23660
42245
23504
42886
32387
27094
31574
28605
48548
16829
33105
42611
34527
32691
35681
38992
21679
23986
44616
25551
45330
35916
14411
32614
44933
24178
46429
27333
50346
19245
48718
28681
14092
18398
35752
36263
46376
42076
38026
14571
48351
15540
34057
43893
22336
16258
38086
13742
44238
26931
14350
22779
24701
25045
31895
28547
22476
52093
44615
30731
36614
26846
28338
34279
41103
40833
32354
24828
45742
36515
45900
17401
23519
32299
44158
20313
32928
22203
49425
28788
21797
28414
39309
28684
37684
28636
29067
19564
27147
35770
29508
40771
18871
43623
18656
48224
51303
27312
16724
42026
36774
27695
29340
49708
33573
33528
38284
41510
30747
42537
49461
44936
29143
45588
43343
27404
44687
48962
37719
31118
37997
29267
27977
43190
25676
20363
39629
34046
47633
48105
24568
39371
24944
28176
20969
38311
15523
26616
48859
40030
38588
41124
20444
46891
40101
49856
50405
21514
41453
33041
48095
27074
38343
39662
16866
39127
44164
21932
36026
42147
43763
21556
30291
37638
31903
27018
43827
27908
42429
42347
45140
38059
37665
23934
36424
16790
29282
42543
20591
18487
37454
39497
31615
21313
27408
17545
27455
32832
24487
45270
23194
30806
26166
38188
19156
43175
15440
18011
18910
32915
41220
40191
41071
22768
52524
36076
49112
18148
47053
31405
32966
39869
23787
20811
27056
26293
30807
24081
21833
15874
22726
33203
41749
46046
42258
43705
46433
51598
34186
30008
34509
29548
38544
37038
42088
31231
40428
40892
49613
18232
41512
47754
13897
24425
32641
19135
21890
26284
32251
34439
39440
17455
28106
30103
34372
18184
15961
35637
52503
27092
28972
23015
34017
25077
19164
41916
25661
22838
36389
44387
33026
28412
39232
38501
38982
38805
29680
37093
27304
15974
34399
30988
37588
31907
38247
38081
44740
30132
41462
41808
33002
39744
36275
41001
24731
49965
47384
26932
49184
47163
17434
44381
19036
29102
45069
40379
34127
14631
34019
29527
23204
18435
38628
34080
13408
19810
49485
27566
39176
19248
14319
19622
21450
35624
28951
24728
23439
27538
19522
30147
33278
44344
47177
45811
15871
39327
30268
25661
35451
42369
33396
32255
26749
25077
14585
33492
34461
26284
21641
26186
44573
44651
30404
16374
26867
24151
28308
23426
34226
17938
18642
33274
38611
23897
24431
18302
26461
34600
21428
41959
19480
27702
36257
35405
26648
43116
26980
36683
27647
27057
34576
52371
27216
43789
43083
19590
39537
49404
13946
16183
15563
44474
38711
35631
20333
30185
50295
15880
43115
25394
52888
43700
47770
32496
19093
21277
18973
36154
43819
23842
41077
39330
30911
34131
19735
42789
26834
24143
25229
25274
42866
27423
25249
34284
45020
15715
46672
42297
45774
43400
43295
32420
16762
42385
24824
47849
52330
18088
41959
31770
34696
44919
31709
38805
21356
19688
35065
23549
32128
28089
26355
15502
21357
48801
47494
50881
46231
23423
29750
39115
51447
39571
19465
34017
31900
39479
28291
43102
39496
21320
25211
31536
35373
32273
16314
46578
25981
23319
49608
38353
27909
27322
17285
46361
17093
25856
26220
19374
23365
27065
17784
23659
31478
39719
27964
47856
23590
35080
27714
22622
28289
36663
43103
20859
16171
26096
41506
43727
39785
26740
16217
20394
19141
24167
40817
19214
21340
20452
34257
26804
22890
29121
42905
23957
32431
39858
33073
26541
33006
32557
49002
36481
43060
32041
34661
41366
39411
33821
28281
20341
32033
26053
20728
23023
22933
26510
28903
35865
31203
30512
32032
20212
47478
30873
37342
41148
22327
25241
21985
39886
45162
14018
21797
38528
35186
23476
28626
21194
29855
38884
26263
35724
32373
34898
25053
41585
27616
22038
40131
30641
28044
23709
21802
47276
30997
46790
41728
23267
36282
37965
22812
20156
42780
43520
13022
38324
13202
33483
39529
20098
51501
27557
42674
28213
47113
32238
26720
44015
37640
19316
31183
38688
25756
43143
32688
13602
44720
27182
40308
39492
13938
48681
39735
39869
25031
46050
23644
47030
46727
40719
44060
26702
32855
27856
41586
34449
44244
24983
34834
38984
40716
24422
19155
32774
27930
34798
38930
28470
40105
18036
19055
42069
23887
23925
48032
45815
42372
41823
34904
53252
42889
45492
30516
41363
38040
30032
49398
45019
38685
26942
36348
35247
30528
29872
43173
25728
19337
52406
28777
40215
31415
21294
22404
41596
46475
35419
23643
23016
48332
16697
26904
25748
35755
28518
47144
21817
30230
31661
43810
46716
32441
37410
45068
49789
31816
28710
48666
33437
29692
44631
35674
17330
31739
20942
45670
20960
24712
32137
39518
44859
20776
22511
25020
50321
38028
44010
36777
39790
46083
36398
21313
20621
24414
43207
49689
46643
40644
47077
28491
42979
33430
32300
49245
50646
41493
17579
46159
46476
44782
33783
51918
42074
49374
18435
18151
54831
34299
35977
36864
45760
30032
23139
30357
46775
25497
40755
40778
41064
33474
49613
40237
51020
44826
30484
38906
25209
48951
27333
48060
18482
34706
29840
32997
50624
20232
33615
48123
36907
42835
42859
37767
45960
33809
43728
25647
42856
41429
26195
38494
46917
38359
42969
21688
28362
49953
34306
22327
43851
41092
18449
29269
37021
25806
37591
35935
28639
22602
19818
31575
18612
40101
48178
29760
30643
18487
54051
34210
48703
49107
40073
34067
46881
20503
21409
16391
51472
34841
41444
43301
20228
36389
40609
20689
42909
45985
51238
47548
37559
16076
25759
47217
35672
29712
48488
52276
22685
44800
36486
31846
21652
35781
33307
37726
46554
36264
36869
33642
24574
22876
43852
24096
51662
30416
28902
17584
45480
40295
35110
45691
25140
44318
30691
41021
31978
30611
18573
29037
33464
36917
25088
19088
44075
46879
21645
25238
40346
28593
43528
41689
41150
38763
24338
29100
30482
26879
36421
42767
48243
43741
54830
33370
46156
20074
46580
54334
32505
26467
25603
45759
32864
32618
40348
25055
37313
41918
40538
46334
23182
30937
25625
32804
36279
47683
28087
38414
46894
26988
41491
32866
44604
38024
48176
27682
19694
49691
33445
50317
20223
16526
48077
18174
25263
32685
43989
26148
47529
29966
31782
27537
22622
46251
45929
53107
36654
36837
31397
40011
52244
38900
37249
19904
29638
40706
28674
24544
18203
19853
31709
52873
39210
37960
42803
21879
19658
47238
18316
44570
39596
40946
40137
40831
23233
40615
36085
44760
25336
38962
21859
15447
35596
44187
50543
40015
46426
33190
50976
16366
51486
30704
43701
35822
27843
23685
42673
47750
42701
50686
46140
38900
24763
28822
29229
27818
36477
46126
40040
47188
48605
24583
36700
48110
21804
46593
38069
52564
33484
40416
46169
50961
41518
47209
53865
37337
32707
45357
48135
30847
42152
39484
55098
42739
28845
44672
30249
52407
19985
37873
48839
34596
44344
27475
22121
23622
27626
40288
36710
47028
42002
24896
42379
40951
35352
32624
52949
31828
33198
39723
32925
27853
27167
25255
27356
39984
45904
26068
22243
44868
24201
26422
54282
37849
45381
37315
40754
35045
51321
46875
16373
26767
49813
35255
42625
35506
27764
27216
48860
46576
44077
37535
42260
48525
25631
37303
50146
40782
44496
49688
35033
29838
28893
37911
24700
51509
23020
29313
31197
21631
35588
46258
26943
29943
52128
45811
42381
28451
48099
41294
46914
37636
25463
27332
41805
52672
29837
40285
37188
47170
30965
27061
47311
41739
37189
46963
20684
27568
37961
43443
36502
35204
39018
48458
45000
34801
23141
32062
21545
19684
35547
27464
30468
22557
44785
45253
51398
37239
43806
28601
24802
33621
39378
47484
24171
34001
40131
47915
31716
39897
28698
36370
35104
24503
24405
40909
42795
55251
25121
23801
22212
22494
27751
42057
28958
24455
53469
27996
29826
29251
45280
39220
30917
19443
51797
46954
21405
44075
43914
43530
51223
29826
42253
38774
36864
23835
48446
37021
37455
33252
38659
25016
34322
31036
24617
37706
48479
49456
28602
22714
34395
45059
47983
27438
54830
38648
30422
19967
27244
26057
33787
52393
38804
55171
46229
35294
48638
33475
47196
50061
31976
34817
34326
28419
41263
41001
35641
50631
27089
44753
34901
50428
47454
16423
43349
29062
37291
50053
33638
23993
38331
35348
40957
18742
39076
38818
42379
27716
36263
40617
28103
49171
45648
27047
28905
55129
53110
49189
25856
54962
43647
25031
43760
46627
35920
42583
22464
55825
54162
40316
29618
51725
43835
37935
30417
22800
29111
39067
40385
50038
46012
54768
45383
16728
35978
31456
56966
44079
42238
28698
26492
48733
30670
42683
45839
41670
38295
30799
32822
53628
33457
44868
39929
25623
40131
41233
39004
31513
33517
21242
27247
51598
33295
27112
43775
39088
17066
51846
36208
29979
42849
33878
48714
47101
32552
24289
17940
45855
46187
36031
49510
38994
18940
23848
50033
44497
27823
19875
50021
40107
50888
42799
30379
27027
26714
44996
49959
53303
25948
49574
28921
43342
27884
28811
36438
27823
21844
20346
42430
17655
36912
38496
52902
30735
37098
35397
24167
33288
25643
48399
21699
37571
46286
23969
25013
39482
50356
40547
25031
51501
43951
27836
39297
32646
46695
48417
27382
24040
26929
49689
52236
53618
43803
38920
29542
31089
29562
18230
28789
37469
53203
24777
32290
49151
40284
43240
22163
47439
27485
25215
47698
52573
34033
45488
41266
38966
23193
19853
30343
46970
27741
26137
40757
31582
39220
39136
38604
51032
41411
21374
56434
56516
37203
39019
40500
34079
37383
39402
33790
47838
36451
29230
27545
32401
50607
34528
54441
24116
41594
47694
29096
40007
19265
50008
56125
43347
40174
22282
19132
21158
42227
37569
43311
47064
39383
36701
33617
54255
33150
36752
46421
37074
31007
44890
25577
41540
33264
29177
48689
35815
36349
51858
47229
49020
34995
39024
53485
52823
54852
41143
27485
29630
26338
31630
49823
29766
23668
50329
31265
29034
49036
28434
40430
42893
48099
44537
24807
21316
25576
25502
29596
21364
42482
53800
55745
49285
35193
29136
23043
36751
22222
20025
40780
38954
25067
51848
47468
41230
36579
48828
35560
36826
18693
54810
39625
49143
54409
26972
21595
37668
19784
54683
44925
40966
37202
51519
38438
48884
40504
35259
44700
29746
25130
33370
49198
40467
38691
37058
53287
40262
41627
39088
29578
26573
32018
22450
30999
33702
27449
25800
47411
24820
45171
45683
45655
33474
57476
53047
38201
42337
36189
43740
36935
25139
40477
45617
35692
36519
24972
40751
49056
51753
50527
33603
47121
27918
22405
51439
47174
28343
52086
46087
53418
50351
40346
29812
48937
19273
46618
44340
49901
40143
24294
43177
31899
35004
31358
34804
29051
48999
54739
27899
42051
54591
30234
48077
44797
46981
43174
50631
32319
31803
40580
36439
39166
29995
38860
41173
33006
47003
36397
27681
32536
32976
39236
45191
32375
45035
35137
36912
51235
44420
41157
40715
50918
54574
26735
36054
34137
47953
31292
44541
32651
21610
28806
41477
24152
29823
34301
31149
32487
44671
49695
45630
52446
20695
44728
24513
28804
38974
55281
49745
28535
46712
43970
41769
37318
44912
42947
27241
30452
33677
30099
37546
28587
44266
34046
30586
35106
44154
34849
24234
39229
41869
39493
35340
54370
29071
37313
41241
42660
50870
29644
30074
37372
42391
38039
38429
53538
51181
23829
50431
27276
50775
34152
23469
38024
20780
41051
36197
49871
45193
50912
41692
51567
44440
44338
23931
29626
41348
35563
32736
53455
33265
24964
26380
49784
48763
57358
42448
48557
47173
34015
50830
25109
38479
36560
38134
28401
52132
52260
47045
32455
31829
37909
43517
51871
30783
22047
49044
34325
29453
49658
54561
41816
39039
40872
50881
31115
42670
30642
39054
48077
23490
22457
24803
31798
27149
48444
39702
41223
32831
23405
40217
26758
39632
41053
28564
49617
40663
29119
27929
37493
23374
33007
50548
28757
49404
49963
44446
35669
55873
39635
26401
25381
52738
29583
38320
54729
39471
33249
34440
27669
43083
46276
57024
47889
36472
32681
46723
22345
49098
21990
44754
39348
30497
30934
48745
35550
35804
45070
30987
44711
56608
46983
42004
47891
35320
29693
41948
32222
21629
29567
57298
47387
32978
52019
52891
40329
53567
31082
38775
29762
37188
51180
40913
43961
48942
38602
24314
42801
24602
27186
38145
51998
53320
52435
50266
27385
39919
34699
53821
34666
30047
30554
46985
59077
39798
25964
47576
24095
28095
24702
46331
42232
23754
45798
36091
45850
22698
37809
30253
36076
52466
47969
24989
52730
34251
43938
25730
51364
30205
23192
40614
52188
26880
38105
25099
31756
46716
36285
22392
32854
48923
54178
26692
33746
47785
41930
34520
39653
51673
40837
37714
25845
38159
57399
34202
26633
29110
41681
33107
36228
43073
55979
54792
24339
58111
42618
49942
46075
33314
53482
45222
25770
33585
49338
50906
29844
28995
45791
45828
35755
28375
37550
35542
58060
39745
36749
29856
53827
53986
52425
31723
35867
53506
46356
36846
37893
39173
51218
31943
40617
57961
39831
43161
34062
58243
54748
25122
47224
50939
27610
36395
52490
47016
47909
54414
41173
46758
46953
53636
31768
31653
50539
25061
43598
56649
45622
52987
33216
48434
42009
56407
55094
48720
52661
30564
49047
57560
36356
43327
54464
52636
29338
28676
45854
26430
49560
25289
34507
48951
50804
31580
31818
45342
53165
26848
44958
51621
35653
55028
45469
51392
34549
35949
53351
31899
27909
36763
35359
24247
40034
49985
50047
30692
49892
49919
30584
56854
55432
34898
60767
60268
46423
45035
38047
42336
55675
37161
37543
55718
25562
30592
38947
57026
44566
27967
35647
54244
56134
40095
54073
29473
41967
42813
28966
35775
48076
24154
25588
25856
54215
52027
49705
44647
55216
32877
41856
58999
46878
40516
43150
38037
57957
51819
38667
55184
56713
25794
22973
54905
46345
42273
47934
48629
34297
30836
45274
27294
37604
38452
61319
50720
59576
37598
42131
41884
45979
34543
45233
29942
53106
30548
60880
55816
40559
55021
39298
46875
53864
39692
45164
26708
30692
51381
33240
35811
58925
52993
32842
31362
56263
56987
38988
52224
35837
37438
52498
47212
52643
42663
50034
53322
47399
37676
42060
51180
49344
35987
40867
57281
57106
38620
40873
41380
37646
31735
56219
30071
54548
27802
26743
50459
59652
53008
35732
38559
42400
53014
27462
47914
26811
26420
35359
32014
49263
38093
50592
54184
52923
56943
24391
55090
40219
48346
46042
53305
50842
44641
46427
29456
30068
43105
24904
35006
54850
48159
34962
31067
33071
42144
31900
48556
48251
32440
42328
51658
34909
40354
57418
54885
33474
56837
51786
44650
51762
30151
58849
53767
44425
44075
41041
23626
22730
37480
55942
56634
49574
53479
29376
29822
26267
54801
43951
50105
53737
40491
48270
54434
31501
29331
45374
41496
51131
48296
43631
43573
49256
38668
35651
33688
38816
41385
45278
47805
31966
52021
47116
48163
37574
50541
43716
23130
43725
37197
38886
41837
30798
38004
34961
41071
43004
28575
50781
42113
49156
40188
43322
43526
26865
55741
45938
42454
26878
54727
49308
55077
38948
33640
54782
39569
41795
36123
56343
31310
35673
50126
28571
50784
52215
53023
56863
53733
23930
38132
41341
32396
49522
44364
33250
53593
56884
40110
50706
40221
50329
49376
37839
58832
55715
43878
23182
46470
41390
46958
48350
36593
53962
34103
56590
33204
45833
47273
48141
46202
58343
50867
52103
39221
31797
26142
60407
36230
42870
31687
47163
46047
44779
35570
36241
46869
60357
61580
57663
58851
34719
37809
46141
47463
29770
31309
43224
44439
52107
26900
50388
30314
53561
40387
29499
36846
47219
42676
43489
52794
46535
51268
54399
51702
57977
29068
49182
62029
39565
59579
31989
57168
32262
54910
41140
52805
39982
48654
35355
43056
51982
39012
35669
44729
51258
64015
54571
37144
38610
44801
44551
26423
40639
58876
53220
60909
32887
50400
33698
56290
39839
39750
51673
43372
49572
34689
35327
45505
51333
58299
31509
54964
43861
44391
46036
44748
50244
31050
56570
53206
35977
51056
42697
32845
60699
54194
30245
56831
41822
29287
57908
34999
49513
61394
38163
27370
63032
23328
32070
53761
38173
26600
52516
43030
44114
39761
35407
51063
44510
29179
48716
36184
29191
60929
32694
50302
33658
41323
37292
33652
45111
52075
51826
32412
59059
51869
46661
36829
56215
53672
41445
52373
29552
31066
36620
33676
48582
45765
51594
49442
33210
33385
45029
46543
52534
46847
41457
26974
29965
38746
37807
45905
27806
37598
61899
41490
53217
24079
45002
51614
36916
45068
35013
59827
52424
47027
34987
51317
37556
46614
24804
39180
44595
44519
47669
51729
33460
50486
55597
44477
36407
53784
42991
31127
39896
24651
55811
25539
48910
35619
36696
49210
46887
42275
27664
50321
60347
61336
60710
58973
39055
49182
49452
58075
36347
52914
35727
39658
50732
37491
37981
62710
57828
52551
53370
50913
41828
41055
48865
43606
51098
48444
33868
59858
43943
62694
29362
42853
55163
55744
55252
62726
40757
34000
41339
39043
53067
34561
44569
38794
33921
34449
62411
32767
61270
50168
39752
37308
56067
39173
34299
39948
45716
30769
58196
59952
31451
39159
54039
36297
58974
35993
26838
37815
42557
43446
29313
55277
25935
45104
65888
37312
51374
34393
31115
33827
31236
50082
30226
49044
54730
33495
47450
49148
36218
57369
52446
36683
34314
29004
45534
41427
32603
36058
50815
43653
41180
50383
37090
34980
57445
36735
36851
39183
30471
38486
35218
25401
44335
29889
31394
38551
33326
54246
27285
30281
49537
28212
61620
43168
61895
57731
58873
40228
56651
36971
41725
44813
31142
43200
56626
46112
55722
42374
48135
54641
38359
58559
48492
47637
54752
30957
34761
50989
53832
53483
32404
44035
57719
37388
40142
40078
56937
45544
34628
30384
46136
37052
25692
38208
56393
54993
53420
44100
45434
36277
49363
52805
26246
45112
45941
44984
47982
54387
42823
32013
55432
39276
38825
50353
36912
41283
49249
28615
55117
45769
36716
33017
57139
48309
50081
51918
37666
57869
56549
52852
50138
37174
47223
41239
40868
37248
39745
50184
56919
53675
57681
51618
28114
44637
36682
49136
32662
37606
56505
55135
52938
29454
59917
47844
36374
35991
36536
37000
30766
49065
54070
44678
29667
53873
53808
36786
33785
57185
49385
50275
46304
33099
31878
45379
31359
40036
44603
47264
29094
37659
31848
33836
52648
58201
36124
47499
55879
45806
55616
50170
36176
41925
46739
49814
43219
39991
32971
38201
42180
48187
38922
43854
33570
37970
43953
41614
44572
35316
53795
37748
35303
35265
38146
51636
45929
56951
53283
40145
59088
50350
59182
62293
54172
61918
56872
44718
33885
39849
32729
64377
49072
61864
36701
52763
39309
30037
50013
43042
48213
32796
43161
50283
52875
33160
55933
60063
57241
45173
50643
25676
54990
61258
54822
51652
43087
34218
52130
37527
31081
60869
43372
45231
41010
57404
55814
36412
42045
51338
51827
56655
50111
64957
56987
57029
36283
58276
47512
28589
47929
49967
57558
42741
40788
53081
39802
40401
35057
49981
35386
39182
42925
52167
42369
62358
58886
41857
56682
49823
38714
57690
50252
38967
38401
52439
64105
52612
36444
39564
53379
35895
64482
39611
32075
40796
57683
28880
39913
44966
55532
30836
63795
53678
58583
57179
42676
62610
37017
57838
42304
37633
52520
50906
65655
35273
39330
33599
61463
63117
45455
56919
48838
39022
29402
30877
47733
59672
65247
59554
52981
57574
59899
38872
49146
36572
53673
56428
41753
34850
45276
39639
50482
39238
58577
41186
62605
64736
61076
46840
65591
40023
39510
49366
42416
59295
40905
56968
51981
56742
42354
31968
37222
61430
45168
43828
51475
54156
34408
38461
53529
50932
44475
36400
34660
34557
55412
40923
48968
50872
56005
36487
66246
60467
36360
27702
37197
58685
27030
50625
57904
59259
35013
38147
50554
34990
40331
29461
39686
36579
54065
29759
55619
40581
56568
51157
45788
47905
44032
30103
35779
44537
31847
27780
59945
39084
53674
34922
33530
40063
46005
42150
51915
62691
57090
55674
36874
45852
37832
51834
50490
42958
40658
36604
46230
45128
45555
46453
53593
56619
36677
29594
45206
52118
56682
62312
44376
37392
56767
44999
37604
50633
30378
46497
44609
59508
51208
63419
52313
48454
38525
44911
46500
42031
42813
58764
57031
39007
55118
49955
41990
35947
40881
33915
52278
35742
62651
42226
52154
40712
47300
59424
48184
51939
42681
36907
49322
44108
36038
46797
56197
43599
40870
38744
31559
50768
34037
61753
41987
49559
61685
55111
51439
44959
56991
47674
45372
39805
37577
44703
50819
61593
54634
60014
51458
53856
34451
66531
46954
45697
47858
37286
48759
45794
55985
37845
46983
51951
35326
42417
27744
43796
63973
44514
43560
40186
59319
37015
63713
63525
50120
62318
48037
59739
39955
58399
63284
37916
42095
51274
31256
49592
50224
53410
59109
63352
65936
34119
58758
41124
49293
42324
41850
32915
44055
47907
31267
42436
47616
29029
42923
53739
64257
37923
58371
36036
53185
37674
39968
62726
51123
39533
61401
47086
41731
41791
54130
32873
54858
36517
34587
43938
49508
42506
47512
39097
52127
59825
46444
31575
40588
36676
43349
57275
40949
32219
35634
46744
59063
51557
47616
44294
40314
46635
64871
39499
50866
34442
48384
38377
39754
61855
50837
51169
60866
49971
54178
55270
50160
40669
50852
57707
47381
61380
60811
46515
45929
31747
38654
55130
64950
36920
52415
46907
47846
53433
36447
54204
50542
57178
65232
47939
45107
67174
33781
51731
30887
36067
44998
62562
60307
56573
41518
58091
56669
39076
36105
40795
43501
47325
43646
55126
53437
60539
52112
29986
50364
53604
52300
51364
45109
42364
33599
42956
43570
39250
42446
45103
58377
63888
50128
58061
40955
63794
49276
34503
55938
37160
35353
38008
27647
38727
54218
56389
42016
54720
50315
29188
33887
39001
58572
62734
40413
59485
62371
30616
68143
34145
45148
61858
37917
47104
52769
49909
56367
32959
38089
53240
41423
48436
46910
40188
56264
65846
61073
38357
39288
32750
37456
39561
60898
49091
48259
58503
47235
40344
32525
61997
38425
40822
64175
45745
34628
42481
37365
35139
34024
60290
41443
56171
34599
43912
62303
54277
60481
62757
45114
49592
43617
50595
43071
43044
61523
33911
38036
63840
62484
44257
36684
60616
64042
58426
32573
33580
40479
37059
38858
53497
66056
61930
47059
54508
42297
50180
57917
55175
47533
62789
55168
38923
40381
53972
53490
59489
63441
50242
56903
57523
34879
50916
63297
59503
40645
48856
43524
30222
63335
55023
41984
51070
58237
52996
51895
40395
42083
49501
50811
43100
40166
61647
63715
48013
49427
38211
41960
59175
35270
60679
60135
35482
43706
65899
51002
35997
51655
49557
50911
55136
51951
33128
43203
41569
36818
39318
42904
51096
64410
44906
46836
68187
54948
38421
45909
50752
53911
54469
68306
59836
33834
42852
52244
46281
48910
45703
52716
31523
51726
49150
62290
45970
60141
67092
63554
52024
62493
45734
43432
59081
38352
70277
57205
33192
44109
45623
52458
46305
44761
43808
65282
64564
54296
51157
61707
60670
53322
63372
43072
48036
36550
51055
62018
58735
50426
41360
44760
41300
54664
58512
55475
56526
47550
47718
46039
39485
45974
62355
50572
68975
57909
48358
44497
37807
67904
45500
66422
29682
47981
38150
36313
44856
64905
48873
65224
43240
61906
63743
51324
39076
51668
46083
68100
50149
51629
53557
37351
51962
49259
41913
55398
43326
39399
45840
60751
56452
47026
54012
35516
66672
65329
39129
53466
55034
35016
43215
44695
37791
52106
53400
42357
56811
41993
31158
48478
61711
33258
55754
49638
44528
63263
49067
65748
44793
48209
63159
54567
63927
49233
54101
32510
41443
41674
50116
51843
62089
50535
49381
57282
49048
56136
45410
63645
60135
62408
33371
63292
54364
55594
38170
45115
62384
45119
36408
56753
56200
40124
35994
65411
60096
36473
36806
66592
54678
61790
48629
55144
55877
40902
42040
42204
43072
50425
40807
45388
54291
42027
51539
58047
42080
34764
42789
49653
46846
40775
35051
48170
61104
41957
47936
29938
49417
42837
58742
53089
60463
47689
61110
33971
48546
36141
44964
51643
38369
64212
58213
59076
35652
35421
52779
53939
42980
63309
47878
59568
57912
62234
54257
51103
65102
56547
54182
70468
53021
31788
68673
46319
45726
63655
42242
55631
37839
45909
33391
50056
38934
46349
65331
54941
67914
41810
43003
55434
55988
55207
49381
53847
55914
53820
38110
62273
41590
53667
44501
33317
54286
40982
58369
47737
61632
64091
60809
53864
61067
65211
33857
67887
30619
55137
44184
54002
37248
47594
42921
35299
62027
45091
32904
65619
43462
46771
52319
48648
31833
62222
62908
45438
39839
51288
49761
40500
62909
57763
39108
57749
56610
49699
50318
57826
43963
51998
42515
57753
36663
47323
62452
43766
44231
61666
52762
51945
37677
68428
32348
40893
65267
39801
40944
64605
58120
40128
36498
68019
52651
59916
45826
54932
49785
44535
61729
49492
51329
39688
35098
41408
53256
39464
65980
41852
31464
35495
68283
60938
44882
42632
48859
46867
58538
62648
48965
71117
58365
60658
42269
65897
33938
43010
39356
56162
37115
53930
38178
66817
51454
51368
41791
35409
45474
69277
35099
51163
45170
54256
55408
59227
50663
35777
41150
57541
68181
41482
38053
41760
63579
55436
64718
63511
63611
32501
62394
56709
50909
41882
47928
46995
37397
57599
46585
50627
45084
53511
39233
48817
49878
60004
68609
42540
53126
39241
59473
64679
48076
59242
53621
45003
64444
66298
32218
53358
52226
71992
65713
43751
39244
64733
59641
35886
54060
62437
44723
66291
50629
39548
42915
51149
61861
56889
42234
43882
65510
32460
61992
38247
41939
37953
50668
35862
50745
40730
57718
36301
34712
52804
43050
45652
53933
64114
62807
50051
51493
68076
38089
58282
47794
64109
62034
65092
38105
66418
56414
49553
47191
57270
60657
43138
51906
39021
36263
59252
56730
49257
49203
35923
52162
41640
63689
55468
63071
50342
38790
67207
55722
57996
52864
53806
55426
58129
68194
59862
39075
51612
40816
33648
45565
55305
66276
46254
45144
66871
38192
52445
49857
41560
64942
49407
36684
45778
65898
51773
54997
39696
65536
37066
49070
54970
54245
71107
63322
58554
64618
58724
37546
62959
66304
66273
37229
62450
51159
38474
56472
62470
53437
41182
44568
62143
46527
36602
52217
43045
54921
60330
41404
46881
53397
38009
41958
38656
61290
45455
38938
71773
47655
38281
70993
59054
55620
47053
60513
56284
56569
71354
49349
61105
56960
49475
40238
56951
55624
58332
52841
56315
50694
50850
59933
50000
69455
38353
64541
48905
61624
67985
58613
36180
63912
56667
67957
70028
66207
62566
63182
41126
39310
58897
63322
61313
61172
44522
55379
52048
54753
69802
54021
69433
56779
46670
40785
59720
53160
53109
67533
39351
38465
65656
48847
56706
56739
57721
52422
48091
40232
33881
43792
51722
42375
48085
49901
51946
65796
63382
50846
39236
53739
69287
60407
36083
60525
50010
45567
51634
46262
43660
44601
36184
50142
57139
72163
57062
49293
65759
60714
48163
35387
57733
70524
63269
47654
43748
70312
59935
51762
53513
34972
63432
37515
54554
50373
44761
51680
40165
71702
60146
53726
52116
40978
43234
45021
67584
41050
45828
42396
40825
44885
44746
67575
60286
43854
48671
54829
70953
50627
45996
51489
52348
54420
44033
69363
49242
36342
50495
42362
57833
58612
52709
49773
54436
53963
49781
34320
62130
42183
49688
56553
53599
50688
66832
47281
44428
43847
43873
53832
32618
70614
54387
44465
44846
51873
56915
68023
60613
40599
58474
51460
48625
46495
37665
64285
50506
54386
40414
67137
67774
39000
46226
48139
52825
36683
64674
39634
54228
46459
40959
69455
40560
54409
71046
57410
45319
70227
42810
35006
62312
60754
54741
63000
47410
63448
70416
39757
60830
49459
66460
38144
42528
66107
69159
64600
58859
49746
58811
45648
64406
58577
62180
66088
60393
61946
39970
54506
59269
46689
61482
43582
33514
64085
65283
55164
36403
49020
44574
47548
63488
45396
42361
64267
63401
38751
54560
51080
43151
52777
60600
71384
61278
41506
60261
54817
41124
58433
40974
56462
42206
65451
64080
71087
45556
68247
42072
47223
59934
55454
64980
67054
58986
47919
58869
43997
55595
66367
59528
48567
43052
48553
57138
71098
66544
48465
65524
51925
43107
52925
49752
58933
40986
63873
49551
55970
65440
58148
67350
38283
50345
48604
46478
53536
57873
51292
42637
53341
68374
41689
40871
60930
55409
41651
43052
74539
43554
70618
67720
42220
50385
48300
48537
54248
33190
46585
55281
65465
47595
48460
40691
66269
67628
68187
59865
64001
56353
50438
40586
62675
55359
61362
51845
46165
67570
61970
45469
67454
64520
49748
40294
45148
38049
43117
61471
44731
54940
62425
74967
65017
35280
65025
45797
35564
66905
52844
51674
57055
44363
43373
43395
36136
64367
70433
70014
60709
38839
59312
66000
43318
45233
57974
63383
49639
58520
50440
64791
58488
73721
53267
59067
61174
36266
69770
60683
56922
70375
69779
52829
41131
66115
71836
57143
70179
61225
53228
37997
39809
38326
43857
40845
43353
68607
42813
67817
44165
59613
51323
61930
65937
55080
45230
63805
44680
58258
52915
41647
41991
70112
60028
45904
38720
62690
65321
71811
39568
68244
43672
35483
34254
66235
64524
48452
65748
42509
56671
41409
66919
70534
55722
47169
61256
53748
45100
68397
66843
54332
34765
44073
49511
48084
54093
52240
65100
57624
61337
52292
47947
41945
54711
47612
43204
47729
39344
63587
45416
35267
36360
45821
46988
62697
64003
63475
35393
61902
42794
38941
55760
52546
67746
61386
55170
48352
46938
66356
51648
51409
46305
68787
55328
41770
49144
43331
44047
46327
46001
70312
58959
54851
69231
50919
67032
45745
39123
46376
45672
67491
72393
42105
38236
45258
49944
45095
42795
62806
42758
49519
72632
39675
66165
65515
49115
54842
40186
61448
66268
38939
60986
50559
57946
69712
49125
37691
59318
61689
46548
45379
44019
61079
43453
51948
46274
64924
71817
35809
67589
60291
63475
58044
59350
49510
42120
40198
47895
47510
65563
45343
38417
42087
62360
66819
64298
39317
50668
59309
66527
61788
72239
65524
69584
47661
65353
47861
56399
73156
59747
49839
53730
46372
64950
63013
35353
64681
50919
39447
61437
41694
54139
61345
62874
64462
45264
51484
60531
55652
53901
60866
39362
64089
42553
40188
68028
56975
40677
67335
48675
60034
66308
58694
52045
65781
45784
69017
41594
51267
60588
53882
62967
51065
49106
66698
41495
41148
64981
60002
64720
55190
51247
65744
47525
40380
51754
60726
46735
68703
40116
47688
45095
57493
64508
70668
56368
57023
66221
50083
66299
71103
36733
68907
72949
73362
58889
47091
63084
48302
59022
54802
69624
68125
62989
59260
61318
40127
70235
43474
65553
42071
51102
45250
55554
45598
61857
38711
51313
56348
52971
63333
46121
56852
53019
41744
35001
56330
49439
40367
55255
65359
61239
62899
59335
71269
59493
71116
44031
59530
54061
48669
62390
69042
38309
44305
39505
49337
64120
57248
67736
60651
60999
41248
46384
60050
63726
52795
69665
54274
57402
54683
41195
54626
53339
53053
45885
43038
50747
63764
58781
45396
63294
60256
54820
63600
46337
66201
38430
44290
70862
42483
55066
50054
59447
65517
64796
47218
53529
70054
49037
62112
60132
49070
56802
65833
62052
71910
41849
63718
54913
60119
62079
75064
67955
34963
59950
47375
64692
49421
61503
38632
66361
45576
57051
71515
62092
54253
55112
58473
44461
40320
43539
66101
70443
40698
50029
46312
61330
51238
56096
62291
64233
41070
40318
49402
57075
69729
52455
43790
68865
55469
42701
62697
46196
42636
52449
54934
56305
71041
55300
67668
46210
65515
49705
54686
63910
69474
36574
42218
64592
37866
59333
69651
54074
44983
54822
41953
51706
60305
72532
48185
66907
55176
45883
55505
44861
61742
58523
51364
51605
67142
64507
56901
57507
43805
69041
51991
66629
42244
52138
67970
57138
74819
64937
55698
48879
73183
50604
41360
66423
53361
62965
56421
70838
58227
62709
58870
45421
75043
51751
51894
56245
42938
44737
73052
61049
61254
71845
64709
40471
49661
50401
48074
58743
70760
49020
69328
49979
55610
64712
67835
72412
61662
66022
59456
71271
48391
74023
67707
45309
61270
42443
54866
65223
55826
67660
64210
44346
37708
45640
54016
71316
67524
69979
59310
51362
68166
57178
52871
59303
61580
41741
69487
47365
68667
58329
52285
60686
56776
49818
71853
47308
47300
64879
53605
49439
67535
48486
52117
41724
64977
58682
65766
64678
70117
71047
52034
63251
58888
52351
59890
67527
36328
58361
57877
41179
46640
52120
71761
57424
72516
50827
65346
63548
45960
68942
45027
47096
63131
46351
64424
46903
64683
49151
38621
40370
65818
49970
56663
40248
62007
46068
51548
58389
57525
64936
53528
67845
69535
41200
54483
45693
50560
64897
46263
37979
50919
73721
57205
58416
69834
44803
44073
43299
52737
67175
40565
71421
72730
69181
46053
59454
70324
48317
58962
65040
67378
59862
51993
74625
65147
68782
68007
52144
58626
62265
56653
51304
61810
55484
60431
50047
59409
60826
67963
55631
44387
57930
47457
44407
42166
54522
54803
65265
73285
53737
63911
67981
47380
59049
58528
48930
57019
67275
67421
64713
58576
47693
52715
47656
54873
63116
57551
57304
52340
51225
57025
47963
41960
47087
67742
71074
70220
68493
65093
56998
67057
36778
70456
46801
73894
57483
46143
49281
47993
57901
40942
60153
59397
42250
43477
48093
72857
51340
59353
45197
47209
67102
51894
51531
48630
76176
44397
50463
48205
65013
60445
54660
48792
43737
43929
54616
62482
52689
57944
70279
72293
67315
46659
52990
60782
50243
63628
61972
61001
62487
74963
66002
68445
41607
73132
57883
70098
66036
62374
60150
58819
59217
70600
48821
58808
41894
60540
70660
46197
68291
63080
55827
46903
62279
57299
44614
45749
48757
47199
71948
53624
53883
68599
47353
62739
69067
49705
75243
68198
40153
47907
42246
62859
47855
61131
73211
49086
56912
49028
50369
63354
50107
53735
52117
59028
47169
54977
47153
43953
50460
56522
46118
70541
43951
59160
46444
43350
49863
51694
55119
62107
65992
53116
49485
47058
74146
60163
50850
56009
39280
77081
51117
51046
62732
63034
69958
74819
67151
45520
46235
70337
58645
52440
54786
66410
50727
59849
56078
74444
43241
59200
56583
65803
74289
50862
67036
61084
57286
38903
50745
63967
41971
52660
48566
51651
45581
62406
66012
59549
44208
69364
56059
49865
45045
46585
37394
70572
48296
62882
55714
69422
67888
74951
59014
64357
39439
60843
45296
43433
66552
63987
58189
60509
68163
53435
62584
49572
64824
70159
70456
41028
50038
67318
49676
72966
50043
52828
44551
58973
73959
48742
49138
46439
56430
56427
61696
48753
47293
51680
58743
62333
55537
64847
59972
60051
61778
68048
56574
67801
68806
52213
52192
53528
54022
43248
43159
74103
63869
72307
72005
55380
60422
43588
68103
58524
49426
75421
61397
57683
67906
41336
64263
47226
78014
52416
53030
56997
55490
53403
75618
44452
46713
54801
57037
68627
77613
49258
54138
71931
71042
62774
72542
62888
54791
45404
57085
74102
50802
55948
51813
52916
48277
60783
64083
62936
57748
63276
53347
71709
75019
52337
44545
68329
53138
67922
53947
52886
50846
52270
48959
62694
68296
61216
42545
69820
58004
71871
57641
44019
61518
45040
52428
56307
67177
49754
44669
52437
59255
56179
73400
76953
63597
74820
54100
53206
55705
56605
73371
46314
58682
61804
47867
72850
48589
66354
54949
49739
41923
65931
62606
54655
69267
46871
68217
46871
44469
62420
66403
72876
46849
62047
58481
41977
67055
53102
42159
71395
52721
69753
50983
68429
39412
74034
67241
56859
61384
49515
59384
48464
55034
64672
50173
49290
56680
51557
38249
60926
49883
48538
60629
50067
59023
67492
52426
67801
47651
52575
57859
62578
54511
64691
41639
54868
54336
61991
57881
71870
49592
58430
63130
41791
64715
47521
58940
59049
76682
54929
59178
48538
50586
50770
67066
42672
52266
56257
79459
42180
62951
43251
55448
73563
67996
66138
56390
46452
50580
63949
77575
70927
42346
50956
50156
55029
63698
64469
54727
45321
59698
59692
58036
42284
41624
70369
47239
48772
78849
69050
71106
62762
40718
54050
70398
55446
49387
46286
74020
50587
71442
48107
62911
62158
48395
72081
45702
74834
76467
75493
51918
43642
65490
59656
48274
60793
59994
79354
70367
75837
45360
71102
67321
65423
57715
63458
68083
55898
71347
48969
78460
45920
60057
71053
62553
74868
65267
40108
74643
59359
60175
65641
45184
64786
45467
52473
64635
44359
74540
66882
51646
74463
53811
54828
52973
47763
50502
64861
51823
70880
69772
65386
52677
59817
76178
45863
43759
66830
53697
43729
60400
75593
54432
48965
52248
65105
77065
59925
70411
72609
66770
61912
54706
60519
67460
61253
50367
69951
56982
54036
66602
47830
72211
66979
44130
61554
66152
72372
54190
72476
73022
43293
70455
48865
60435
70162
40954
61074
52365
64070
45647
47179
61899
48396
69939
71749
77846
59180
55124
62413
45287
40756
47642
67172
54076
58758
50765
56369
42457
45233
65492
72842
68857
72927
70815
73206
68424
57337
73188
63115
61492
62580
70035
57324
55302
71280
71596
64886
56001
54442
60670
52624
62604
43525
59740
54741
61838
57451
69594
64994
46947
74983
47751
74715
47578
57446
61966
64561
54255
54052
58791
56276
61877
71390
58721
60848
50167
53288
61004
64882
55949
68223
71254
53095
53366
68582
48372
74533
79665
70583
68041
56775
50195
59581
69907
63191
74865
78693
68827
52688
59149
66747
65328
71640
55383
47548
65916
67045
65990
62908
41857
71898
69771
75576
76556
54221
54875
61847
60574
64845
58275
70711
53057
68847
51737
54755
68929
53707
56870
74428
53686
47058
80744
70018
47338
59880
40972
51522
52114
50621
48747
43472
52136
74078
55895
46136
44540
75083
56745
75428
70493
68826
57067
75220
57182
69092
71148
66205
66883
78901
66562
66150
55760
48929
62812
63382
66119
46518
66727
64624
57137
74001
71067
53168
42081
42768
56761
69889
66609
57641
59144
40362
65476
42131
76169
62227
58847
55230
62685
63938
71886
56809
61092
42040
68298
55548
65795
45132
67098
51514
71529
60241
64001
57861
55758
46367
65789
53856
44107
55636
75035
69773
66336
49120
52604
73014
69303
67927
53737
40310
66917
63469
63234
69604
77836
63658
71205
55545
64396
50706
62615
54089
61891
79230
45991
56117
69792
78637
58893
54785
76725
54557
45660
54305
59586
58015
79701
59369
66962
51715
51977
76236
56436
71446
56881
74426
71494
55305
57984
53175
51634
58152
55556
72367
42920
58794
44749
44058
54754
67523
63468
53788
51228
66761
53853
69946
69148
74046
44120
59316
72477
65271
76013
52990
70371
46816
79424
50209
71528
65832
67199
69824
46923
46141
68346
71788
68562
55377
51887
57531
59769
50604
67408
49041
54076
52137
73978
58929
49108
47394
51620
61184
49109
50589
68895
67718
56009
58430
59172
59617
77052
67645
51874
49319
64596
64888
78280
73305
54825
66959
74381
51654
60153
63522
73467
66405
50079
62578
53181
48073
49105
45251
69559
78290
53790
75119
56388
65542
65235
71885
66716
52976
57962
69558
71690
47307
75956
63878
72002
66046
78734
66907
55202
70859
57978
48749
63410
70142
69860
54019
54978
54121
63573
54795
62106
50600
55565
77472
66481
70168
68982
59885
50833
68122
65674
69274
75620
63719
50516
55376
61751
44940
78687
57491
75216
75252
52059
63070
51461
50247
51090
68058
49812
54763
73559
63230
69927
67982
57097
74985
50636
64872
46119
51411
66911
60050
68618
47931
73345
70871
56690
59876
54928
60252
60411
76503
69988
60482
72238
63209
46586
45219
59351
70800
78010
62171
79907
46569
66440
69372
68081
63345
56888
76136
67535
51647
68376
49808
52133
69251
74286
62794
69910
55404
67037
67354
46603
48169
51044
67026
62037
47932
56599
69676
46815
73767
59404
59186
51286
61353
61520
69033
46387
50032
46779
49395
69080
69995
50646
48526
49441
51204
68961
45986
55484
63425
66672
76840
58967
67925
67425
56023
54391
74202
45757
79157
54394
81391
53736
77997
59334
65241
64648
44551
42556
57855
56455
58152
73726
62981
69419
50728
64085
54299
69876
57514
59515
52798
62876
69035
50787
63610
70763
66773
77717
57974
64529
72264
71650
70943
67731
77618
70539
74694
59205
70092
80434
59249
48326
73521
62807
70164
44969
61124
48578
50750
67001
76720
78988
65976
72918
75505
57890
50827
58121
61075
74006
53220
45090
42580
72159
42337
61765
73457
48631
54312
69932
72983
76217
44272
62442
66928
51967
69506
57457
73263
57380
70520
50492
73351
56746
55762
44581
73251
57705
54654
63743
74422
49612
58707
76348
48616
57000
57082
65196
69286
52440
69891
61817
45238
46957
70964
62347
57152
49685
57045
61780
69942
82045
50333
48184
70199
74476
44695
68487
69810
65119
76076
43730
76401
78186
60815
70964
66611
51541
73983
63615
77704
50726
79639
79186
75685
60671
59039
54803
63392
56599
73119
58459
47560
59975
64553
56209
66662
55558
58157
55667
72686
59774
71641
46226
67831
76575
53935
53076
51467
74770
48649
62786
57155
53929
52769
55807
52469
68087
72053
48974
57460
59291
53838
64010
66779
63984
65175
68804
58373
46388
75795
59140
47511
62753
59237
79722
69600
58409
78204
49008
52796
57628
61238
77825
60413
61465
64629
83608
52583
74854
59931
54679
71626
65327
51549
72970
44697
49914
51822
63385
63907
71017
54313
60536
48380
47280
55205
65707
71290
50560
67655
56417
69771
82369
55553
55012
55498
71231
78901
67326
52089
78577
73092
66502
48880
66695
76079
55062
78571
73346
70532
65705
62132
64150
68909
57679
43704
80611
78389
67330
72146
45147
49120
71666
67209
62794
66608
47400
47038
59626
67754
58430
55024
49130
58036
73373
67411
47543
80995
54006
72963
52383
73411
71609
43947
73085
52146
53937
49497
69480
48864
72910
44190
73878
74315
53079
72299
71972
69959
62925
69237
45853
70314
60654
77557
74265
72986
42729
79578
63782
67178
61430
47856
55027
55195
76455
60899
56359
58796
60297
69010
73912
69281
46076
77134
53749
65117
67789
75817
57200
65714
76415
61964
79120
76044
75744
67046
74467
55480
63731
74901
63471
71332
71385
70864
54824
64680
82233
48533
64161
45108
59721
74807
65776
55310
62358
66811
66512
75338
67363
77451
52020
74723
48941
53631
64072
61160
58395
59135
60076
76639
62508
60899
66303
63187
63282
68255
76680
66160
67163
49189
51586
74131
63739
69927
61708
57865
53383
54063
52236
71344
71342
46341
74255
63852
70560
73759
65835
60111
75775
55442
51867
54889
74012
71827
66622
46948
77503
80974
59069
54489
45948
63953
77282
70615
83094
54856
77747
53785
47617
54852
73273
65556
52653
72743
79315
49763
62655
64588
83319
61019
80514
70092
71023
79724
58447
56482
55662
55113
68501
66760
78960
61605
83980
49835
53625
74967
68141
58080
57382
75859
44154
84784
54541
50857
76747
45711
77357
65810
46878
49765
61102
68863
74136
54768
77461
56751
68571
70779
64081
84939
73847
68823
78878
66644
57456
84819
62655
78499
79398
53564
55415
81661
79123
63420
64869
53809
61432
55580
58613
48710
57987
78549
73201
58253
77931
81321
84169
60965
75736
58044
77845
75727
51523
62926
51572
65419
66693
61549
57550
52660
45508
67808
68341
75545
68640
48512
64508
68493
55854
59935
51966
47409
72831
63223
68758
77734
53305
75136
62322
59688
56381
59411
83008
62666
60549
81452
53058
51411
53397
78257
59868
75127
69128
62622
64121
74398
75766
72900
60466
62078
66821
60586
66452
59257
62010
66225
81044
75790
50556
71974
77701
75267
50650
59340
67498
65891
64863
75165
55083
81355
52947
70628
65002
73391
61025
78174
80869
69825
62198
56963
56893
59166
61138
54504
53898
82274
46216
62877
69223
60882
47760
67407
57109
71282
68861
71301
65718
61515
57302
63293
61053
77400
56315
70158
65227
78003
50480
61461
65418
51767
73484
59588
55880
69144
55082
45013
62845
72858
64186
63359
60890
69928
60354
80087
66845
58928
72186
79468
66395
51599
69198
47635
79405
83707
77345
55231
58749
68547
49292
63298
55166
63025
71636
70290
55413
60252
78826
51827
48023
83113
69447
65870
67066
61324
60794
67623
69647
58719
50258
65607
72847
50744
78955
59209
63301
48985
65276
57463
48536
71078
61833
81504
67467
74803
67718
59184
72670
69364
68653
58470
81927
71519
69943
57058
52825
63213
77094
60647
70428
67877
59940
48436
55799
83807
53314
72056
78702
52778
74702
77312
62275
53790
67694
64905
58666
64237
66943
62414
61730
63162
62974
71291
71878
55781
53495
64017
74627
82214
78564
73543
64830
50925
75623
57934
61645
52808
64709
79419
56049
61993
75335
60034
77583
49139
76870
69923
64543
68235
58011
67792
78510
58411
69994
77146
69800
69800
56297
53639
70088
68892
63023
48091
61056
56880
73800
70096
49510
63376
69082
50480
70839
59306
76907
76299
66067
65866
63622
86221
59872
72457
76212
59179
71123
70873
56703
69156
64844
70054
76325
63169
73250
73097
55959
55102
60424
63005
58935
67564
79969
72845
67865
75097
62329
51099
69426
66678
59249
80196
76105
77896
71306
80672
66636
79935
58080
55749
85507
80912
79750
71022
81995
69114
72013
68833
48614
54355
59742
78630
51820
61678
83940
60993
71310
81204
68387
71027
70844
81324
62872
73333
62002
75577
79938
67451
52688
76122
70714
62464
81474
82797
83042
82847
57691
76174
72881
76946
53464
76524
77404
65877
72737
70509
82380
64909
52069
67828
52449
57136
82192
48548
66611
78169
50799
53960
60622
85296
56079
73668
59837
74638
66002
72228
66963
72238
65788
62227
79338
72255
70038
60667
64623
54550
63065
69203
63493
61336
65612
85009
62015
67227
65309
73474
76412
67991
63332
77418
71583
77183
62081
64568
54387
51538
58991
65160
64802
78526
71608
61779
68569
53443
65431
78877
74476
64692
64893
56699
58181
48685
61419
65516
74202
58267
66193
72823
78048
81291
78830
59279
77474
82008
59017
72999
82231
52589
69047
67344
60689
84499
70153
69886
78331
71329
81355
57305
55102
69338
63468
57636
66964
73992
80036
84746
65676
49610
73905
60663
77346
87504
63470
76200
63808
67782
87053
74249
74494
60335
73012
71283
64516
64438
67568
63830
49892
55097
59912
75523
85278
59269
78015
71877
57389
84183
81885
47290
66518
58487
59013
66830
57358
53729
70745
64728
78630
81607
68732
68591
69715
76737
62929
79126
72367
75707
60775
58677
84382
74647
82361
55029
58622
62797
71469
52577
77242
68893
75890
56925
76664
77074
81780
63824
54251
66951
65229
82918
66268
71169
77760
76222
71518
51568
55066
52279
82856
75924
57853
73458
76939
60609
73930
64176
69697
68023
59412
75359
58439
54421
55590
70129
50562
75763
78220
81560
77982
67953
73468
61292
70775
79578
59956
54621
81317
69844
68561
71634
54441
52659
57007
66391
80213
50678
59611
63831
51162
51422
80552
57563
82253
73321
65189
60670
76377
77638
77396
59616
85273
71376
80701
86044
60605
61639
66089
58113
71296
55180
63269
54492
72823
81908
57288
69119
55142
74929
62495
69915
73221
72992
49873
68672
63274
75909
60539
56821
54753
77615
63594
75952
56161
61570
51384
63358
79450
55408
50533
68710
75600
59731
64039
70172
78354
65562
74405
81123
52917
73991
61582
54729
58355
57610
52060
66773
75669
68749
77466
53173
64687
68729
83395
78871
58681
76523
72101
56569
65768
64665
74504
57450
57923
84390
60889
76427
63447
74150
77159
71434
67628
66086
56011
65888
80185
75437
68893
84228
61554
55913
88749
66698
84361
55548
58664
82023
56873
81971
77198
61434
65254
59762
84891
75779
67434
72685
58877
56924
85389
54900
79970
68610
55958
61840
72245
54927
76611
84311
76868
61376
50155
60558
50253
88790
66288
86226
78901
72513
50922
67272
66563
54590
67785
64143
71350
63913
63031
74473
58299
53882
77387
81035
69884
69271
66593
62177
83703
53688
60577
68973
53030
61701
63789
80374
65219
81022
77722
62140
85205
71275
78298
73858
86405
72120
55455
73064
59461
90288
83591
82680
57616
64060
69334
82678
72600
55001
65295
58700
75826
72865
62493
68397
70572
77011
81189
61116
71229
58578
81684
62357
68835
78348
54926
84088
63616
51440
71691
76431
54736
80474
56487
57699
71007
82794
66451
56721
76281
61201
69664
62483
81272
64606
67177
62421
69061
54870
74140
77611
78765
65315
82360
82472
66689
54157
65706
59279
63058
68707
83562
71127
57920
59414
73271
63803
60736
65229
81690
73495
50748
63517
59684
59717
59239
60392
86750
87293
81344
66610
69265
83338
74085
79539
62224
72840
65463
85244
53470
84445
58530
65415
82471
63649
67372
80707
79053
67400
77919
69406
84329
75505
78229
87292
66068
63356
69221
53025
64132
82861
71192
53960
80544
57461
88238
68520
62789
68253
77487
66681
75627
60246
60333
70945
80220
60840
86599
50877
60190
62470
59950
61482
70407
70720
55495
78731
76543
87748
78801
58903
82567
56875
59061
74537
83581
88923
61304
65137
77225
60901
63654
87267
63513
65059
76782
52897
69982
65586
74119
63179
59207
67826
84339
88633
81959
69867
58115
56217
64420
68267
80074
78477
55728
62241
66699
80072
66347
78995
61559
74807
68668
67858
56334
83122
55352
65647
71704
65045
82594
73195
82455
67979
66259
70431
81543
61500
65601
80874
76122
80460
64102
76714
73166
61956
70264
78080
68932
74877
79446
83125
72519
59434
83707
76107
70267
68385
61694
58601
82538
63333
75244
59350
77725
72191
79003
78979
63606
63096
55639
81091
52565
72702
89578
86060
65353
79662
67990
87802
84672
66097
86117
76758
79326
67632
63942
59040
65126
82491
57069
85345
88365
78215
80574
81999
82070
64217
67733
66602
60894
77476
81329
59719
78880
65749
80683
73127
58370
84678
62286
71620
75448
79197
83676
60171
55030
54921
64713
88594
63918
53342
71580
68617
73662
67026
80752
63106
56198
68927
55820
75963
85284
80560
64554
64732
67861
83318
76499
85886
74791
58662
81367
57478
84623
60473
60948
67393
91241
65566
62361
77330
64836
84985
76827
79287
61036
81760
83658
76879
72632
70136
62786
79550
75771
73526
87234
76759
70344
71814
75543
87987
60259
81315
56339
57645
87651
58384
73079
68417
63712
55942
59458
55017
70615
83283
65346
78384
69451
65153
75284
61791
59649
73053
69083
65148
89198
71956
71870
52592
61267
60391
82796
79561
73870
56778
79531
61067
80178
58853
72835
77080
89511
56312
58498
88585
61840
73160
74492
60616
79791
74375
69881
75152
82764
72049
60452
77786
57248
63789
66243
81207
87467
61495
71441
88526
56615
67359
70296
78238
65611
78572
85180
61653
70045
78998
64342
54528
77612
61729
79900
60469
79620
56317
65166
77039
53054
83044
70232
72439
76490
62788
67942
92177
65263
79241
78744
72381
77230
92733
70774
68181
69464
54320
77820
57390
87110
79182
84247
58051
70660
69709
68231
64264
67386
74695
64710
59314
65399
68518
65186
83734
69460
68957
56878
74198
88016
81863
65469
76664
66816
82238
81272
59979
65594
61726
70043
82160
69993
84598
61661
65467
71213
82339
73919
58769
68821
75390
80236
67028
63107
79140
79296
79490
63928
58802
53103
88796
69579
66789
74329
76303
87208
54125
57201
72275
68832
79501
78299
67785
83121
62050
68549
86386
75313
80302
69583
65655
88642
65772
80012
75021
59129
63010
65457
59735
64327
79815
81112
69155
68231
83123
86780
84256
81885
86083
59892
55431
76997
71694
85670
84108
64730
54125
72324
69376
57864
84569
90303
70036
64344
73760
84179
76554
59044
70009
77060
59869
72632
85995
63189
79923
65679
63749
82553
80338
77285
60275
61224
89071
72732
61876
90015
83972
58926
72801
56782
66331
73708
68163
60845
71001
66179
71243
85758
82147
84059
78812
75859
65884
61551
61855
71463
81124
87378
84171
76741
85141
87554
69136
71671
56425
75998
70182
76665
62729
76554
72734
73088
68452
70100
64517
82566
77094
57995
69352
73394
57886
66896
52899
71969
58840
64820
59982
75425
79553
83539
79327
61700
84310
79605
89240
72164
90071
67080
71050
79078
65927
80374
54830
80693
67798
84484
78534
60884
87492
63908
63531
77435
78768
68831
63811
85743
80885
62194
78461
74711
72376
77653
64168
84660
88332
90654
78045
71190
72353
80129
90291
70686
64146
79852
66795
59783
86653
78203
81616
92538
73976
75166
79178
82747
89729
59412
67269
62857
82696
92234
58438
80620
78051
66402
58671
71605
83071
81453
81023
77781
57620
71943
79280
84564
78489
77694
79893
88498
77151
74004
78121
58322
62565
82606
77733
81582
68261
80005
82821
76838
73523
67320
63608
70053
67816
69998
67600
62914
78088
66931
74821
72303
84200
63739
70302
90890
61431
68877
90768
82310
76419
71417
65739
89106
86866
82844
82375
61719
81258
75341
75682
67751
69355
65598
55940
72862
74799
68066
83389
89036
89427
58558
73262
72627
64399
73160
59324
69387
79774
72172
76401
56779
77419
91811
64330
60318
62846
72962
60782
81111
80563
60186
67986
65060
84150
81619
87189
68090
55559
59644
63092
66949
71929
82633
75821
74815
65041
90537
90779
69244
89144
59689
83705
59625
72848
85112
69603
64931
78729
63341
63333
89127
77015
80301
65162
76793
73283
64696
77747
63346
80758
72610
69446
62529
55709
56401
66729
92619
76692
85056
62114
76899
84304
81032
59349
81227
80799
71792
91740
64451
61519
71962
69900
75146
57811
68197
61095
78794
77704
66567
66414
70466
79281
82765
60532
90860
90384
75272
64345
67387
65164
79554
65103
89633
54746
83871
57559
85281
69780
79559
87195
79064
64285
83754
58594
66197
76927
70768
62710
69597
68262
79156
85311
87958
78892
86800
70880
74047
82750
61978
83646
74588
73423
81502
65490
80368
92262
58752
59166
77095
88551
81839
89083
59587
74599
85258
94007
79573
57403
72683
61185
63839
68161
81376
87879
81324
74937
81648
69376
66687
69124
81706
77259
75185
69412
75449
76571
77770
85435
58146
65907
75489
75584
67138
87619
83498
69329
62779
88056
67862
87896
70193
74346
62401
80022
86031
83149
78493
66829
88059
82656
79053
69556
71762
65145
75082
82707
79685
70217
84786
73852
64169
81704
73087
68811
63285
79945
87820
74948
77272
83754
81872
86158
80565
67177
91275
79557
68299
60259
91232
89546
65123
78063
78002
65122
85730
95183
76414
80921
73280
56740
79566
78674
62132
85994
71080
68379
69674
82234
59535
94660
69325
68165
69748
65005
68847
89980
79697
78361
89247
81024
74436
82457
59616
58120
58518
75453
68003
64634
89673
71837
59311
58817
92179
78140
70082
76195
66719
88878
86525
72961
94661
81975
61006
62503
79680
65625
67911
76314
88212
66676
70017
60402
75612
66650
92171
88677
79855
84528
78625
64511
88107
84416
89627
56259
73003
86955
66516
86737
68053
84519
80928
73954
84835
91440
61251
76857
76640
66878
67895
67124
76893
76098
77316
65790
59080
94588
60743
70280
70027
59529
66529
74743
85081
81552
81897
90773
55095
68715
75271
67558
86852
78469
70734
90646
88188
62933
80451
68711
70427
90835
88521
60435
65546
85648
64284
66381
81724
85314
62365
87600
81570
88733
80493
71972
80219
64058
90327
75720
89858
56389
92261
84380
84056
90461
64149
89118
58440
79947
67458
91587
64969
80007
72763
69277
87941
78680
70068
91453
65410
80745
88962
86205
55814
71894
75766
86432
71161
63329
87167
85343
83020
67115
96378
55865
79662
81214
89308
85232
73125
61980
68001
86996
66059
67436
69112
86325
63903
68350
93191
76627
78467
79041
76595
89047
69087
94173
89550
57607
73815
81365
76574
70760
93160
73629
68687
64503
85126
86298
79575
70269
85897
74167
86739
61828
82443
92562
63395
84137
83361
71379
87042
90665
71892
81327
58515
68622
73873
70474
65239
71620
91459
93050
84819
67029
89897
88596
88547
86841
68505
79220
62795
58151
66965
78574
86646
88193
64704
67659
82691
68798
74542
81451
79354
82068
72003
60717
81778
62188
70054
80335
78524
80289
73752
68685
86044
79853
72812
64159
65465
72459
89357
83610
74548
70752
84860
66573
56033
69547
68021
81611
85981
67341
75469
66771
87958
81919
80709
78889
76324
85554
61656
85662
67204
56279
66541
88219
70823
96046
67513
89542
72955
95284
81780
84239
62357
66380
73987
75079
75075
57724
67419
69909
70649
69815
66287
66336
66466
82918
72595
94012
74938
73686
83341
87394
78959
63218
72661
88340
74299
66527
74539
90639
91598
72405
90854
81418
72866
80198
62397
82816
62093
90744
72004
61117
76543
68760
64571
83425
82097
68098
70983
69170
74781
72048
79371
80608
81963
71782
63731
66991
77601
65738
80993
76072
82166
85922
73382
67161
77084
63336
89266
72322
73543
79062
81670
82366
70445
91597
82668
78013
67222
78337
83679
59743
80231
56415
73027
89670
81918
89741
82075
62379
65680
69363
58616
88887
74272
85911
84033
92676
77934
72648
66354
63016
69691
58123
70577
82689
71376
93288
70871
83691
74465
81808
82834
77666
82847
88135
71775
83731
62991
91021
64647
73702
81070
74463
58704
79136
91495
65933
85239
66296
67110
57923
81949
80136
81481
64155
73389
96365
82418
85759
72436
72548
63490
82032
92569
78771
67950
81329
91889
71426
84905
71398
85254
71995
61018
70590
79112
91797
71819
79919
71653
56651
73199
68227
63847
64008
72427
85798
88400
92005
79835
74667
95028
65092
62932
68406
64355
74017
68138
88081
92174
86683
78701
67170
65047
81365
72030
74140
67820
94568
69108
81506
81327
89689
71235
64988
75858
91727
86010
69637
89129
78970
70182
61950
72481
89709
66224
75986
67827
65586
82021
69533
84950
88650
65435
86401
70448
94652
88267
85188
81653
79683
73831
62694
63967
76929
72397
79573
84106
80870
67470
86689
59745
82141
87968
73762
64559
85045
81159
87758
71567
86330
67608
84581
81316
68475
81503
67687
80379
81349
79920
65731
73964
88077
81036
92652
86916
61580
89767
75862
82698
66688
61750
60880
73108
65647
59665
87125
80900
75137
83152
86185
70206
91163
59972
61027
57267
62181
65477
73743
73566
92926
76171
62124
89629
83276
67819
59020
81334
77164
95994
80965
67528
67172
78565
87306
84534
87038
82154
83625
71070
88253
90434
97276
74530
83396
70103
89434
58620
69587
85028
82096
86816
88834
66250
63385
73392
72766
68038
63592
66534
78284
61381
68051
80975
81767
69283
70224
76139
66395
91589
85990
61070
75442
63561
69098
86675
74960
89984
71904
64521
97717
91239
63062
71500
86061
80057
67666
81827
71597
65570
90190
78309
74730
79500
82666
92930
88038
77519
86534
64718
93568
61518
84998
88643
65783
88277
71848
58021
92132
80963
87591
87595
66599
91388
73944
90310
86956
88311
87850
88927
60552
87167
79040
79223
92739
65952
91888
85604
69370
94288
64852
79811
71865
57749
81638
83878
58024
91571
80782
88282
88559
74152
80436
83721
73103
65433
86719
86216
79526
78290
84331
81367
85961
75278
90075
83788
65825
76483
68089
79828
66749
67669
80217
76037
66414
60282
80028
65051
70671
72011
95743
85911
90122
64122
82549
80631
61943
84271
96012
74395
89558
83068
61004
64135
87443
63119
79526
61421
86907
74700
64872
90493
84841
74601
66587
82782
78949
61108
75645
81908
69255
66829
81115
86836
64882
86302
91301
66832
75366
78330
88506
60157
80857
77130
83357
74508
61353
90502
73458
70689
84479
76479
86820
85639
88028
64713
80390
84377
74449
84164
65205
82115
88171
75664
87565
66959
94515
74357
84612
86607
77964
84387
79920
78688
94110
76386
64598
68542
89075
79539
76816
93289
71294
70391
94980
