39323
40930
40216
24910
26729
30876
27818
19263
32629
12638
27569
30083
42365
37744
40444
17646
24470
28851
27206
37712
12242
29190
37983
37285
26029
13726
33418
30962
20742
11944
42322
21135
13353
14048
40340
16777
25885
17653
28469
19724
29077
18071
16607
18464
34989
34198
32894
34347
42143
30796
28494
37091
35032
28326
20335
42312
46439
21006
39651
19468
28526
16223
34655
14909
19782
28437
24713
14031
47415
36522
35285
38984
23175
32497
40027
30551
24251
29525
21124
39751
36981
45448
30298
36535
41960
23786
34214
32419
29992
27543
49398
26883
40054
37218
47643
17264
22813
22008
36438
10092
38197
22946
36379
11379
19255
10393
47082
29470
19098
38277
21994
43350
10728
37970
34853
42800
30590
44097
24504
23901
18433
25839
19436
16539
25223
41354
12878
8318
32807
8991
15442
18768
36497
42442
20230
16681
15813
15357
17706
13968
23583
40673
20054
31823
41401
39204
15151
9849
18994
23737
40298
27061
33971
29618
23061
33190
48188
22795
37991
23456
30302
36198
19030
27090
39957
14622
22441
10205
11532
13205
42358
40829
40550
34867
43152
37789
8654
26883
44596
29313
37796
27174
24137
37864
8993
11882
28138
40038
34485
30570
20452
19481
41936
20643
22311
35134
23428
33451
19809
29111
24580
25454
20659
38686
12490
11884
40156
16159
26773
35243
30970
15080
37271
48840
22265
43114
38476
18183
44028
15980
30578
50228
32295
48203
44266
24219
31687
13407
29250
41903
24770
29119
47147
17510
20222
20699
24998
22636
25718
41691
10884
31645
21222
35191
38598
39631
22999
34988
38658
42816
29725
14174
14274
19883
20277
23050
12108
19423
15106
17859
46946
31876
34330
40437
21619
44660
43521
45280
44942
14492
18006
18358
32333
19626
45843
30734
18093
24144
33844
20977
24614
14529
25033
38258
17318
23917
20087
47604
37580
29296
18453
17402
24640
37467
40877
22604
36575
39028
36354
39461
25778
40066
22335
29338
37867
45526
48468
38036
20851
35940
29153
16278
22569
31828
35148
30946
32548
26208
34311
49119
19359
28650
23042
24600
25439
29372
19939
39238
42012
34356
19130
48023
28289
25633
35512
22828
31604
44403
22349
28638
40245
31182
28561
29682
43532
18596
27058
34914
11733
32245
16095
12455
13854
42861
43924
35551
30749
18414
39986
33782
19224
15706
45903
38632
45399
32163
42127
32904
40082
18051
49167
27861
26541
10051
27490
31268
33196
42664
32478
21109
39734
27955
24989
33572
40740
21039
29572
42000
24771
14995
34821
21972
17006
22511
27902
26211
45842
44387
12261
29440
22645
39689
40369
40877
46260
32197
30694
36761
21485
39241
22587
27321
14253
25373
20737
50706
34755
35845
31049
23907
10868
43227
13466
18543
20481
17833
15078
23497
28293
29119
27144
31470
37918
18248
41672
45227
16590
29895
15428
44830
14785
17992
42152
41756
41923
19939
24867
22870
14864
43621
22583
20290
26035
22029
23311
11429
45348
45990
39568
26805
35543
35824
30407
37751
17224
26553
20299
25677
20096
28415
17026
19224
44889
37808
29749
35611
43600
41299
43379
20754
39810
14629
31104
42367
13509
39132
33473
32966
24708
34606
34875
46106
36041
30641
21959
43003
36921
12303
43260
29907
21080
40064
30226
33098
26908
35433
17816
22471
13457
38190
35607
20740
30660
27694
45596
28862
18346
24125
20649
13916
26164
29971
27916
42808
23874
37137
39472
32880
44745
36166
35469
20889
16949
49604
47458
29968
15153
18547
45822
24266
43792
47120
38213
41242
38881
42033
21640
44475
17892
39281
25258
33524
19574
30314
36524
34020
13757
24400
27125
32293
46993
22706
23086
20911
38868
16634
41865
20016
13444
24648
49100
34236
28389
45482
23784
21224
28519
42306
29161
17057
23407
20685
25958
45645
29915
30473
29779
34732
34134
41033
18308
39367
28827
39629
16212
41025
41145
34421
44253
19929
31005
27592
24242
27827
31223
44164
15088
24825
36832
20776
39624
23667
30637
37002
43980
49712
41376
19468
23109
22922
34895
23057
45502
24453
37438
46170
33548
32518
25964
14755
37140
23311
34895
30227
43376
27160
24784
20948
25873
38368
23968
45537
29773
44727
40401
25459
44997
39862
34421
23411
25304
38523
19040
22570
39128
23675
26170
34956
38330
32884
33880
32795
39460
41650
46049
37150
38584
37510
20525
30271
31584
16524
36436
21886
24702
21382
33294
51454
48301
37855
23611
43128
15797
43179
24897
36736
24421
16213
42463
30499
44925
32407
29936
46858
29352
19059
41584
33047
53522
41269
22653
25751
36139
47876
32387
23957
32206
17140
27105
29352
37826
40848
31029
47271
28175
17795
36373
41145
30682
32057
30829
17666
50390
43086
31688
43288
38017
17628
26974
46616
25528
31381
24148
20973
41384
42690
33218
37065
45342
37110
47772
42404
43962
20053
25102
37442
30068
44584
23316
38163
39000
38998
48276
34620
48176
41202
50416
24012
44214
27696
53057
23811
47864
30093
27518
19546
38620
43161
51884
31069
38335
23874
22719
27487
23159
35848
29079
38200
43572
32952
14499
11903
27189
46730
34904
43677
36487
24995
39736
46192
42950
23081
49586
49701
22335
29633
23317
25029
40470
37896
38335
36642
39784
37657
20017
24037
38316
17135
15999
34691
37027
29206
25811
37530
43634
37781
19572
23043
38133
37040
46381
16361
36393
46622
36562
24086
27176
24651
21937
34230
25960
23705
35286
23750
38269
39639
25918
45781
19558
42226
26296
33573
19939
26710
14562
31093
28931
13656
21288
34910
26244
25420
37375
31443
26577
41499
26318
32453
31757
17016
17864
24160
46266
29783
24693
19215
34937
42593
35980
40808
33984
31575
38091
17942
26814
17720
18713
52985
18722
29369
42970
28964
25220
37220
16976
17901
17234
18071
42070
25217
43251
23109
44710
45203
39984
40782
35712
44703
14768
24834
35727
26966
26662
38892
32977
35463
34147
33869
36650
32445
41249
34260
45172
29378
37003
46857
20878
34435
16788
35048
42498
27243
50936
47314
39929
37416
46295
39861
33196
29839
47995
43098
40694
38067
13842
44339
24312
39937
48926
25878
45850
25331
34656
41833
32131
26412
23358
44784
41923
48554
42113
30736
34933
48571
16414
21481
32793
30654
23907
27385
42813
25027
37852
36516
34893
20052
36115
21085
35553
48211
21482
21134
43441
39748
41122
31898
37686
34075
46230
52104
51293
28899
40738
30091
42657
21728
38202
41121
21327
31579
49678
32023
37905
40042
22610
25088
32616
31340
43080
46311
27867
44392
40922
45768
29728
43901
38295
23015
26686
48715
34710
33091
50634
35785
41164
42818
47800
47586
43865
23921
45414
29218
43637
50475
34778
48704
28193
19416
36174
45595
33845
40909
39777
47680
35882
32936
20802
22864
31624
32864
43662
29457
31211
34543
16152
41387
42064
25653
23822
28533
24409
35933
30461
26546
53965
27647
28596
26588
41088
26034
43720
47152
24006
39094
17202
42086
38757
37094
20356
40424
32596
31840
16633
38572
23070
29166
23892
17369
32566
45281
42573
21683
30752
31768
28575
28562
42412
36710
51574
53502
42048
37697
32888
31940
25147
37705
37329
53429
26662
40865
37667
21005
43502
40062
40320
35992
24809
47431
20569
37714
19329
43514
26992
29505
20121
36830
44717
19968
45477
31478
16962
41688
15801
39242
27244
43848
39380
22189
37455
24384
39502
25890
26178
33933
31572
40021
25513
25184
24839
31347
45291
37250
25898
36673
27971
32379
46287
32403
42991
42582
23339
42171
35485
27178
22131
35542
49350
37069
28243
31348
35474
31694
41072
40638
36603
23977
29172
49482
34423
20456
29580
44963
28957
37005
46463
26996
22193
39740
31778
47224
31459
43585
54772
29205
22787
29744
16674
46263
21800
40254
33041
51744
42887
17058
50865
15467
39223
41697
31642
27607
20592
36100
36608
26373
19387
35477
23438
37640
20751
27645
21817
36627
50421
51347
20795
23879
45761
14994
40341
26081
34579
25892
25787
35487
40830
28000
25473
29606
32501
51071
52280
46270
30766
39882
47690
15784
38169
22631
37962
52051
47688
18017
31371
15926
36887
21629
36443
13423
39602
22763
39057
39107
29633
31921
22010
46847
47087
32164
24803
19537
48740
40121
46575
33820
43190
30185
33730
37200
42747
49584
36563
28137
27157
43202
38541
42161
43521
26319
20804
19870
41307
42347
36700
28919
16320
20029
21608
41599
43351
45271
51147
31997
28956
26053
42394
28273
28060
40029
46264
48153
45691
23540
27581
17877
48036
50472
33295
38688
32843
21022
43788
43046
38134
46397
19324
24249
25577
30027
22931
26610
46811
44549
49290
29738
38966
18026
48117
52232
34158
30932
41672
23195
16850
20825
48416
42183
48928
29162
25185
38152
48828
34919
30864
24975
46204
46144
34144
36876
27726
32598
31756
47952
54055
42953
51639
19968
22070
46142
47058
38144
39937
43648
52592
41345
35171
45539
18578
47256
19041
41806
46069
25856
46878
24275
18418
27549
39758
24615
46654
37166
41259
30014
27124
34284
53089
36589
42838
42035
54832
41405
41268
38619
44783
50633
43692
47607
35378
31679
18172
48326
17920
27305
27720
34599
34754
42626
48040
45205
30679
21594
24776
33769
30065
31572
23637
36229
36675
21455
42312
30505
27918
29657
26728
16539
42486
45333
25759
39945
29077
29314
42316
39244
37641
33642
31123
31165
44949
27132
42734
23426
50238
38628
18600
34868
42619
31371
34344
33704
32629
40504
45454
20366
34438
24389
39720
18686
34516
43964
40073
24608
22311
25662
53927
27030
34187
31926
23044
34445
24403
40540
46039
33637
24464
48350
41280
38235
27316
40973
43725
16507
31503
41531
35334
22440
34912
32712
23128
24146
33240
28532
19064
36715
33587
22828
34919
43488
42200
24938
33189
23973
24473
44732
42392
16553
28813
32092
46512
46213
20044
16288
38510
31116
33375
24866
36515
42081
48523
40343
22342
45813
41545
37760
44077
42317
34039
27519
39795
34713
46518
21987
28170
48036
30476
44306
22457
28977
41547
40241
27583
22493
41805
33004
39399
40928
39603
43356
50081
54991
24716
17284
25113
40744
50826
28851
46903
46969
42505
27283
22803
27278
42469
30412
24941
22389
19495
31376
35683
48145
43381
53367
52636
22226
31378
51489
36241
48598
40557
37432
46036
40626
37463
36229
24680
27564
30333
20724
41953
26810
30698
36409
49834
40591
43619
47171
44090
38190
24699
32539
49187
32997
39973
51607
49456
27677
38317
47333
34382
35650
40238
42039
18341
25157
43648
35165
28241
28969
36264
29808
44701
26378
26633
54438
35968
33466
39423
39556
48485
42139
51517
49660
50857
43593
38006
27355
34412
22706
32670
52971
49097
32693
39445
33643
48981
47757
42511
26294
41163
35349
39904
43391
40625
28934
28448
33092
36167
41462
26607
53124
29280
35662
36885
34336
29815
27939
45806
29289
28720
28088
48261
36135
31816
36807
47309
31512
23608
19937
44359
33471
42322
47540
29536
24052
36706
51321
32587
37006
21673
19410
28090
25886
39405
32649
26459
32624
22467
25802
24348
46195
36548
43397
43296
24257
40875
41623
36837
20176
48262
22961
41785
36055
40540
54702
29477
32410
47516
31072
45294
45028
27718
20578
23679
25929
43334
29987
28380
25672
26201
19662
47366
47230
16343
38071
26925
44475
50229
27253
37194
22882
45800
29736
43219
19883
37399
57353
33505
26389
38432
38994
38236
49142
44185
26060
29073
54932
30867
27980
50771
50288
34547
40541
38583
24118
48356
51008
37933
28820
30418
30796
51947
27677
30987
43913
55163
40568
47970
49437
46298
24418
50374
45785
32386
54953
26856
38003
44830
26105
37212
44580
33487
31622
24583
47030
26661
29822
32797
45182
52029
49482
33882
25937
36031
26068
20911
53637
51052
47622
50904
37173
45710
17485
41570
38621
23030
23082
24483
42366
52412
40254
23359
47465
20393
44573
37383
24366
46202
39563
41600
33947
34788
43050
27931
27537
38784
33218
35435
22060
46349
54829
37155
42486
52581
53761
25753
39199
42048
35280
38517
41590
19495
37968
39323
32881
31544
43158
30720
32484
44768
34868
37077
47178
43328
34666
35499
23386
32538
23560
34120
34308
46260
42599
23317
56405
21191
36105
39052
30546
42544
42699
35926
25606
28533
43664
37085
28582
34288
43860
42631
37566
26469
44300
37110
34181
41669
45147
47109
30659
39672
43993
54530
39096
36699
48541
31267
50797
38814
43899
50723
37484
27538
43539
30317
46510
32871
26526
32746
45172
55809
39797
24738
34373
45541
26856
44649
38541
54547
53461
33395
36962
23764
37564
44295
18245
48595
48608
36434
39299
26513
37572
48087
41634
35619
17577
47960
25847
54449
34810
35515
40040
24867
24025
22996
26266
39966
41726
53120
27167
51086
44868
24842
27958
45991
40348
27168
51375
54074
51816
31352
35531
36763
49803
49618
28670
50575
40450
35230
23411
47726
40703
35196
47094
31360
33617
44546
46005
26269
20731
50008
26406
29031
52320
42466
39121
31679
47094
41894
28743
26934
51885
41806
21985
42248
34041
43782
32983
26266
30407
32723
51688
36570
40728
44623
53952
54043
34611
55257
36396
52456
37670
50668
50766
30122
30695
28671
54130
52073
55786
34356
29573
49356
43372
48295
54285
26021
39787
41938
29338
48488
48118
51563
38341
35165
32308
35328
33353
25379
47404
29100
47359
33684
28873
47350
56134
40156
49961
28213
50031
36354
30238
27911
50825
37925
42169
32784
52904
40638
45205
34014
29392
36367
33455
51340
28349
43395
27994
34054
32497
49277
43902
24989
41536
27049
48783
47361
39801
34967
27213
30019
35493
20272
31167
24131
58439
32191
46799
19142
40195
25963
37283
35756
48585
39935
28751
28551
31367
40223
35528
52689
37696
31347
33390
41219
31802
47792
37373
58155
43662
50308
40694
51356
35049
33552
42708
49203
27279
37403
43775
47762
34009
28335
31349
52042
47919
28620
35743
33605
46093
27014
37683
54068
29479
28257
52045
26869
58583
38665
34140
53026
27402
40323
32395
40665
50415
42165
22394
46800
28048
42874
26469
35604
27909
43439
47516
23200
30339
34952
28941
24590
27392
45051
31123
37326
44340
45674
47577
45723
53579
50133
39748
30999
52611
30240
26148
32378
49201
52262
30564
31364
33028
35187
23425
31926
23474
47790
53126
26382
32623
38281
37062
34676
48671
42538
48048
27640
31320
50894
23124
40810
31712
59717
35576
43028
55245
47253
44583
51794
38029
55893
44080
32804
56659
35768
29589
25340
39562
23155
25759
54182
39819
40585
46172
34332
43327
20382
48061
52596
30898
34368
57936
42537
30051
50786
34750
44989
26716
21313
56367
35759
28338
55773
24539
41109
24287
27706
29945
45300
56237
30670
35080
27089
31144
49148
40865
54312
37182
36280
30513
29513
26521
40068
25117
26317
43997
51031
35755
37028
26476
38654
38985
48403
47600
33529
46991
33333
34549
50268
27123
36596
39102
39521
41855
51071
33643
29166
37387
40164
31391
58887
38771
34768
36709
55706
57041
32493
23351
52185
49833
33599
41267
30548
37785
59043
26017
35882
39827
50473
26194
45211
33448
30697
28751
36955
42713
27072
42457
51231
42879
47029
38443
31901
52873
35969
50810
32926
47342
46978
53051
51620
45424
56039
35578
49324
50484
42620
52429
32997
53398
40379
44244
31191
45377
31657
44706
37155
34639
50015
50537
19831
31021
49025
22274
57149
43592
35406
51611
37084
34285
29796
27175
35990
47085
49493
39299
49093
46892
54065
33349
53928
46357
23612
58985
43233
40063
47661
52200
37515
28999
60915
33365
33981
51107
47413
44202
44378
46893
58438
47616
37501
39682
26573
36254
42977
49678
34424
28676
44443
44513
55051
44458
45045
54526
50992
41297
25651
37186
51146
53226
27062
32975
43969
27600
47768
37259
43126
53252
47245
34588
46893
33998
35997
48243
36627
24109
51432
30106
28987
36691
52142
32586
41074
52126
56738
34594
42355
56798
32636
45793
28895
36370
41827
55131
40946
55559
46507
43276
48246
36873
38880
43389
44122
41191
46666
42654
42643
37104
51633
29875
36337
28666
41038
25178
40774
49560
27382
54740
37278
59524
33624
49168
40588
60771
39618
38166
34018
45242
33630
32782
46200
41382
50962
30157
55415
27126
40380
27660
48853
34818
32511
27685
37874
33070
28867
43290
43060
22169
49367
50913
44059
28571
49412
36944
43228
37349
48695
54553
47260
26390
44210
50661
48727
50394
29031
49482
31520
35641
30942
20907
38266
40698
60150
33581
57307
52334
42317
34294
24559
47157
45162
33504
30508
37242
24337
24734
36029
21196
25615
34813
36982
55278
51964
48549
53929
38059
21242
61286
49133
43426
22441
41293
26621
43700
32689
39501
51491
30317
57588
49851
48531
27394
37290
54618
37103
36669
51147
22848
27948
37399
52081
49982
45035
27720
43494
43361
44024
27724
49157
57171
55056
35938
51529
29842
35928
42487
46150
32703
34573
51844
59660
23571
31229
50526
36309
57869
56167
38932
51254
55546
55394
33328
57986
44506
34304
30103
56072
44159
36380
51379
46143
47427
33394
49693
24202
49656
50706
34174
51665
31944
51247
23308
55814
39356
41858
36732
34288
54306
31572
43364
49002
58162
53258
51356
36144
26819
23124
38917
45668
51451
59147
28417
47796
35650
28031
37182
41543
51687
57119
28398
32255
26234
55159
31571
26606
41518
49924
54904
33402
51488
61813
29514
27208
47987
55624
31813
22377
44808
57202
54427
39611
26727
52747
30101
36359
42478
31432
33288
39295
45055
53538
51876
26919
54105
36432
30880
27146
49734
32913
48567
44448
35039
24144
56828
44674
38172
48112
36059
54258
34342
41034
37902
32911
43096
46238
34048
28928
55592
40905
27594
57846
28270
52641
25306
24145
52548
49620
44100
38420
31489
51750
39016
36458
57569
32135
50148
47347
57026
35071
35442
43324
29683
35139
28206
52562
45397
56707
32443
59512
34538
31696
35485
29688
28725
52405
51605
46445
34615
51712
35898
56660
29366
48540
48497
31225
31377
30275
42591
35145
42129
30331
33957
40792
31057
43315
50752
26579
47071
47398
27915
46401
34971
51220
55174
59908
41877
44242
42686
48207
42612
45434
34893
52694
52763
37776
28055
42098
53951
41588
39255
53052
41310
49304
28225
52220
58757
46171
45461
25757
37611
39301
38174
33004
31399
33485
60745
40644
58583
38612
46756
42728
42086
41497
30937
29553
53639
39105
34514
47433
57920
53639
37880
37462
52333
31525
25558
49139
47443
25943
51018
32165
56386
40616
40411
43110
58354
58807
51346
46568
27653
31406
57363
52367
51915
58331
51387
58772
32505
31782
37742
29741
38822
58389
39154
51895
52935
43694
47184
28004
44370
62379
43453
53900
28327
31715
32833
46396
44868
47786
52830
23227
33872
51967
41360
51546
49023
44452
44408
29403
43314
57369
33507
60486
29644
46335
54382
35265
37726
45437
37534
50080
43776
56213
36274
44398
43255
37857
41882
45836
48632
57341
48656
54367
51570
35649
43957
36239
58497
39482
27227
26868
55371
41900
52210
40495
39024
49294
27309
39016
60208
41684
53189
55985
38911
60695
46189
52150
44692
48419
48894
56070
31267
33324
23892
43662
42156
49695
58021
49964
51563
29950
31282
50878
29758
35191
28568
43110
39729
55199
32870
41044
23466
46419
58370
30045
45075
33376
59415
42159
57070
49300
56174
44162
48811
57386
47981
54012
44137
45407
24631
38146
34223
26641
28947
38151
54501
27963
50196
44716
37558
58065
47381
54865
59560
54274
36137
32696
38054
44159
47613
29986
48703
52664
48726
44648
43124
28180
55441
48995
50827
46916
34212
44228
41792
49094
40471
26647
38284
48923
44279
27483
52814
56848
56703
36652
31009
44192
43444
29296
50051
41415
55091
29553
28717
42431
43016
50864
60936
56608
51906
33718
42860
38029
45141
61645
54533
35234
62421
32089
38175
54754
32193
39085
58256
54857
43292
32374
38783
38098
42033
46477
34189
31572
55492
29031
34899
53971
49586
42302
38411
48705
41152
56059
56456
40147
45205
41228
27509
50292
45690
55181
47895
27731
56919
30026
51874
54804
44762
33237
29350
36701
32157
48158
60680
55399
26782
41802
53172
54868
30668
54565
30779
36645
55081
25469
35576
51828
27709
35652
54021
29640
36988
26047
30106
43250
24629
28316
39135
42500
49055
52707
31812
60834
32796
34590
57358
34076
44343
23467
50677
41092
39114
45606
59082
38114
44879
33958
44368
37474
39908
53843
47913
54306
54537
34499
39761
43518
46018
37484
23692
44293
58241
42116
30027
27748
55739
42880
41938
23472
60345
60106
32661
53523
43445
39461
48963
58080
37553
36318
52932
43718
52795
58794
30283
55789
52671
59090
34191
42700
58813
36715
35729
44654
38925
51422
35680
32504
47418
55675
59292
28169
40926
41335
51126
39519
36878
42777
33204
34499
46292
38311
48523
45944
41499
50979
28684
59190
49087
34295
52354
34049
55859
48223
35456
36240
49700
37419
39207
39794
52089
55162
53311
50341
41738
52516
30635
40237
40687
37543
43043
40472
57164
50186
55936
58504
47848
33413
46889
57946
41817
42712
32777
39304
52012
34149
39054
61344
43123
56997
47542
28281
47205
41026
58520
40962
36233
47590
56914
57277
41338
34640
35438
33904
48141
33531
32727
34905
53723
32620
59711
34786
28105
36768
45291
40267
39584
40211
42068
44240
49560
57226
54107
57136
33121
32964
47440
41238
57799
31959
27006
59181
44093
49344
31899
46809
26376
49401
52765
28855
46269
30453
38213
46352
39257
52307
47290
49596
39183
42770
38813
50048
52333
31645
39521
37024
58846
54670
53062
47989
53927
53794
57700
40772
34015
50897
32526
45200
55485
45283
51407
51642
46160
35267
53906
56429
56064
35791
38501
41092
36927
57068
41782
29677
46788
56001
51822
52977
47421
37624
62908
38944
54644
61536
50661
44524
56570
60145
32694
56091
36249
43330
32866
51670
35010
47547
54950
25964
59581
55028
44586
37213
43861
43442
45161
52120
47160
35060
46671
41186
41729
48201
36855
49575
40882
46171
53108
36073
33468
44842
32140
36987
44467
35877
41166
39698
31586
33466
39435
45930
49588
35291
31887
55129
43817
47494
41735
61564
62898
44968
52433
43966
38250
28762
49934
57041
33902
33032
41698
39884
37175
43463
40504
51877
39577
40669
31764
54440
56554
52668
31927
43585
50488
58718
48821
48892
57753
26487
48630
59731
38457
42704
28278
32559
38592
44996
42114
39185
48590
36576
55831
30039
43410
40564
40592
51279
36336
54115
54503
41932
57080
55509
45135
38550
43445
32393
43440
59624
38072
43315
56260
50206
40584
58964
52966
43643
51835
27956
54056
34171
57363
64113
61064
36084
41284
37551
59733
43910
55456
44545
42871
48482
57358
61609
30768
31800
55305
44515
61038
48374
62180
34946
55531
61278
48070
52638
46537
59641
38153
49241
37530
36584
52133
36977
57743
36554
52499
51573
62319
40735
26214
49672
41968
37899
31931
31667
33716
58596
51844
43881
38061
47696
55023
36889
62773
38526
60054
42762
55703
60344
49466
59045
50399
50370
43403
50110
58402
50612
50087
57804
32685
58102
51166
28425
45707
50554
54835
37927
35136
33848
58310
57482
43206
62232
37416
60147
33104
57775
42973
35337
32575
58673
33226
47821
62565
45862
48108
33149
38941
64809
39884
40855
66241
48599
50323
45553
40817
39246
47693
47943
48122
42607
60896
38475
56235
53481
46615
44805
57071
52150
48363
51034
51789
58836
33445
42927
54897
44927
38220
37271
47454
51368
62852
37043
48320
55291
37020
41446
57807
49630
37824
56231
32888
36521
49700
37774
54515
57900
54635
32887
43103
58271
53304
54008
39302
49977
63766
45747
32219
36830
37784
54254
36384
42423
39709
56270
37378
47734
58389
31461
33642
36211
59221
48877
47840
36369
43324
45712
43387
52699
36815
47264
41661
56954
59967
41663
37612
57046
53106
52333
35181
57204
41261
65492
29497
60082
57541
38123
49802
66642
50546
60031
52717
34481
60840
59577
41378
47519
55695
53333
55636
30365
59210
59865
58948
31113
62171
58632
46993
40491
35148
55757
48943
39659
60210
37627
52582
33012
33815
37709
58953
48977
58114
36990
43122
34356
41008
53399
38063
53941
26992
37962
54833
32990
52830
54895
41659
61654
35192
56299
34697
35160
46558
31195
52327
44615
47112
41736
44441
60198
42056
48203
37395
62496
67529
40564
64733
44152
49840
54021
57207
43835
56043
47731
35952
55299
59712
33497
41148
49920
60480
35842
40631
55274
51303
33194
40398
56149
63097
60973
63828
29550
61244
34122
56924
38405
43969
38557
56236
47709
48519
43567
43331
55957
60407
62355
58860
28869
47183
52490
51067
51046
30394
49847
50189
37009
45224
46501
54187
58261
37825
43747
58840
61923
40055
51137
33595
34843
64600
41420
47672
57638
43871
59330
36099
37910
45299
56065
42813
48719
33374
39025
65059
63757
60049
67149
46442
42044
30901
43003
65446
62657
60291
35424
59362
68894
37936
58170
38345
60652
58747
56759
51429
38438
43340
52803
39268
51306
37990
66800
50586
51863
50054
33506
53158
31583
55027
62320
49586
38819
53202
41101
49188
54751
51978
53714
50360
47956
49073
42163
40854
58826
29842
28806
42253
55010
57844
58098
29507
48802
48540
37251
58473
61295
39661
44338
38730
37314
40090
54508
43794
63205
51683
57838
50565
35298
58762
46501
35606
55354
34204
32354
56015
43926
37223
48613
41962
47413
44557
37683
40880
28074
48489
37114
55712
58081
33314
39733
51830
50472
59577
60743
59774
62186
60998
46696
30637
58526
33624
36068
50145
45358
50675
48213
35019
40530
59087
56368
54598
29968
50433
58990
36145
47536
53688
47262
48948
61527
54354
41825
37229
59948
55441
58588
52077
41367
57743
48971
34320
36427
49225
42411
57161
60727
51720
45379
37821
48561
34339
56892
51571
46146
32686
32061
55372
31838
53527
45979
57078
38386
59121
36311
56491
39538
38514
48162
31558
35257
57813
61105
59659
59282
34439
30707
39404
51767
38553
36139
46483
41741
29961
53679
67097
49681
57587
50133
48074
34927
65163
55795
48476
36358
61950
60699
38653
44380
45476
56435
46411
46228
55767
40551
42397
53931
54728
67839
52710
65440
47377
40707
54447
37295
44193
40608
67685
41359
47895
40877
49795
37008
38096
38915
65907
37272
51999
56614
44109
39372
42444
38733
41213
51925
51633
34670
37620
31506
48573
30942
50219
58799
54662
41281
53397
32262
54897
42029
37018
66500
33660
67353
45289
33687
64341
35537
34508
37507
53559
56310
63284
62456
47299
59112
50032
30249
62946
50762
47280
60828
49899
44433
49020
58983
51314
42849
37157
45385
50243
34836
39726
49636
31280
62886
50927
63370
48451
45691
55494
45677
39259
54439
52394
47367
57332
55454
47196
39337
54746
55505
58869
58355
52119
43250
51021
42541
40836
60867
31969
29946
46280
46466
64023
65810
62307
43933
57715
67374
60610
38949
49470
29385
55746
41341
30348
40322
58136
49078
62616
55735
36896
61463
36157
53634
60524
54670
47952
46456
37106
38264
38173
69079
47140
45123
53999
61918
52956
32904
58464
40554
38858
42082
36840
69036
54610
59596
61265
42953
54970
56109
45080
48502
60080
63574
47868
32931
55907
34470
53702
57314
46798
56221
33476
67693
41728
40030
51059
33857
35186
39491
37775
59648
55856
53857
56280
58781
43574
48869
60453
57939
43626
36392
48909
37951
40349
61749
60761
68500
33703
43171
53968
53069
60008
44494
36012
49418
58834
38200
64916
39820
60738
46152
59847
69590
51461
50089
33371
53910
58182
41485
55004
53905
41189
38235
37115
52876
49613
36796
58290
43691
52372
38951
61044
50096
51208
45901
49767
67918
62133
62303
51260
58806
51928
35692
54056
63806
61188
41769
43251
35465
44453
39791
57421
60033
33237
57115
42514
41892
49800
63654
53984
56530
68242
41447
45725
65155
69528
51935
47877
40187
62867
66086
65213
54196
42288
53954
66536
39779
34920
61301
40697
61839
46291
39125
43590
41925
38819
48575
49199
69055
58737
55328
36826
60256
45561
51439
60578
54521
51835
60403
59929
59760
62396
41967
45190
56396
51703
47035
44314
44524
55392
52525
66803
70009
49940
67436
36656
39908
47694
45333
33367
52294
59310
37184
59879
54908
57571
55067
59906
61061
62952
59765
53594
63069
49505
38401
35876
54089
50498
47226
63123
63562
47540
58168
51913
44388
51291
47638
40510
50661
41856
42654
48039
61473
68249
53465
64664
62317
53670
52431
61183
47316
39538
34057
49863
66474
61072
44791
65336
67742
55795
49450
64564
32685
36887
40187
62584
51362
37458
59037
40610
43467
33047
38629
47581
57591
39755
62002
68731
45335
67393
53927
43379
63055
71686
47059
42020
59727
46033
62573
60279
57621
38056
68013
42332
51844
54877
44006
49706
45593
59348
67798
57152
54099
52520
48291
43419
52418
54614
43633
59985
61090
44100
52869
35486
43899
67706
52590
43901
47884
38829
67422
41767
57969
35391
57340
36584
37101
34483
53163
67899
49956
39724
47940
44942
43016
58926
64663
55957
68925
63699
52715
64127
39243
39276
57459
43042
43744
46385
48502
54932
50486
51643
50844
37334
48902
42153
53367
39491
63782
46206
44905
33419
56926
42240
40476
35662
52488
68291
39728
40191
60419
55361
37317
32792
37253
41080
49535
61815
66732
48844
68428
53257
58262
60452
54227
49427
49116
55152
66417
65443
46928
33990
35201
35190
44609
61567
55686
60373
59214
66718
47046
40410
67527
36881
49419
43327
44413
54901
49120
61296
57877
39085
42666
50395
40014
42287
57377
52537
56753
60617
52967
43828
54547
50616
34754
51938
59520
41511
46939
48315
48168
61502
67964
55371
60002
48321
42916
43160
65980
49456
48251
45457
58967
50133
57282
45631
61507
59956
55474
63939
33896
60874
51456
61490
46511
62708
49134
63604
48761
52410
43521
62175
52807
52365
55772
62403
35913
70539
55347
65534
54048
52480
40759
47027
52273
63020
65643
36777
58730
50682
58775
60018
36702
64817
60223
55828
51493
56043
60205
53521
65529
50113
67815
58108
47479
51789
68547
71159
64978
62966
47277
51783
40030
67566
51232
55778
51305
48776
51743
70534
36636
54005
44046
50747
45421
64845
70595
48289
67148
57582
66715
62452
46041
49003
50992
44785
48631
44544
54838
37324
53004
56346
49517
70934
40618
55969
59184
61103
64226
35594
40989
45840
45429
55317
43014
64242
46125
44870
62592
39191
54287
52135
53740
43977
68935
64755
42446
44227
50502
42807
62897
50608
42201
64111
40254
46776
50665
57441
63724
48673
44937
49581
40573
58881
65978
58327
41040
63084
61656
66470
68831
49140
47097
54881
54361
51651
56787
41734
59070
48180
59455
49371
50882
59001
39046
61533
40717
45854
45912
42381
66374
41635
47611
58610
42966
58786
63847
47788
34648
57806
58090
68786
44175
49450
39301
47893
67731
69535
57750
64976
59474
70283
42878
56449
46017
38472
43863
65171
61517
45722
68850
50619
52795
61983
42059
58829
65975
52235
64629
49193
64403
40817
47647
46030
65313
69900
51766
47117
42818
54117
64859
37916
51249
64438
42074
54828
46079
68559
44972
61692
56507
36053
58914
70254
43224
48381
42842
64608
44944
60367
43588
57729
39170
52494
64579
64634
50734
53253
62191
53221
48143
57146
65140
38367
64326
58076
58602
37912
47317
69895
50913
57965
41019
42996
58032
67795
61457
67880
58549
46046
64908
46276
35121
44377
64780
52292
50962
45669
41540
46359
73264
49457
41274
61432
35820
38648
69107
63941
40404
58193
35567
53852
47937
39440
49794
46889
53083
50635
60189
61003
48770
58004
53416
59018
60099
48919
55672
65280
66302
49471
48088
51110
42127
49131
45945
61294
50148
63971
63052
33708
62143
47231
68561
66292
59619
66649
54828
55005
41902
59337
69406
69345
63834
51418
46271
53654
64702
67248
46563
58301
46952
36409
38069
40374
46682
60571
52963
39304
49831
59063
65784
41590
56844
66302
51378
48087
43879
48700
60404
50488
70536
58267
43208
44008
65864
44368
40779
55281
61635
54636
63062
67748
42899
66828
55248
43881
59794
63983
65404
60364
41383
55541
61061
46468
70592
71792
45367
72895
50459
52714
46982
35767
42195
69494
58530
69325
57067
70359
61409
39682
70306
51364
51354
38902
63302
65989
60592
54366
42983
59434
61983
55601
62615
54978
50999
41573
44719
71139
69611
51701
69013
44774
53007
52937
54789
36102
37352
69357
50327
37392
54751
58337
51793
56058
57600
36252
37344
46231
50437
44732
50518
36792
66957
60186
50627
45161
62941
35250
52317
48515
39122
52758
46125
57484
57998
71980
41296
54603
61253
45233
54546
61356
63683
57319
41850
38925
51016
53610
50659
68732
48549
58420
43331
43532
61442
59525
55809
67502
50328
54358
54178
67201
40593
66297
55444
42647
52356
40940
39321
42526
63136
66893
63180
56563
60460
47368
36391
45950
46490
51700
51239
56067
46079
50986
58629
65657
54945
68445
42508
63601
67067
62996
59151
63127
66119
58396
64246
54317
60778
73806
48659
66323
56819
37984
45697
35859
44771
57249
55230
61692
67678
54425
72202
58549
51399
57222
68732
73104
60782
36467
66788
66368
60809
68328
43670
47166
68191
59505
49598
50085
60450
42831
55477
46835
52019
52908
63535
40873
41563
55641
58666
70181
66690
69758
69538
48121
59877
72546
63046
44863
49530
51249
50291
57813
69749
52884
45918
62640
51119
44501
42560
51997
55144
54105
51570
47297
44884
45328
64275
65523
51072
61460
70424
39338
66105
55198
55670
68317
67202
56296
43068
63230
63076
73646
68182
66983
66831
65717
50019
45796
59163
64852
58076
48244
55705
56222
43857
41763
56347
42358
57514
41159
64622
62657
38388
60272
57006
40367
69318
60384
54334
49847
58983
58548
47057
52585
56270
63014
50203
66142
58822
46422
45595
47237
41000
44553
44289
67313
69829
58601
37638
48550
66501
42859
67256
45452
47974
58520
62884
60563
68811
51089
64215
50350
66323
75580
60845
59153
66489
67599
66667
58616
46223
46252
61318
60110
45578
54210
63648
51101
53089
60807
48514
40665
69171
51551
48176
44393
44681
53840
70997
50340
73289
39430
48889
48076
46535
58218
46089
49900
42405
67213
54580
51346
66385
54870
60291
54846
55042
49002
50219
62310
47162
52738
45421
61894
45703
40754
51597
63161
52309
65651
62206
56489
57319
74296
74499
68229
45245
67623
43988
49323
67002
63651
61324
48741
66221
53054
52398
45574
56726
55891
49935
51908
54892
51415
60337
68798
60654
59150
51543
44809
61913
71868
52961
57277
45218
69547
36827
52815
56518
69953
40812
58182
60480
63541
47859
73441
62416
55445
68863
46522
58279
50219
48784
43366
57268
62407
55706
71597
64359
51217
45183
57161
49818
53042
68479
51820
63850
57937
59221
49865
46609
56216
50214
40942
46028
46538
67671
54549
52604
54313
59029
52133
53899
44591
44431
51964
63606
59619
57512
40572
68794
65696
47260
57492
67373
46316
62820
64814
40331
56406
62281
54389
61912
56377
59643
40948
63369
48477
66261
52330
55492
66327
57872
71754
63022
58318
42429
59037
41707
41489
52091
36819
52919
69404
54924
72534
49347
64795
56402
57181
42669
61907
58192
69060
48043
55731
42308
42453
64840
57614
65212
57057
61530
65303
47139
67707
45299
57995
59111
39310
55423
61618
70717
75359
54190
62761
67802
42057
63746
41055
41591
47124
72446
55279
38508
52356
48278
50310
70266
65224
68116
49099
56495
72101
51351
60905
66071
71758
72823
40668
65493
56218
57573
48437
45494
48398
58467
55545
39739
57708
69449
62507
62096
62166
75479
48820
68470
45757
71111
45794
73247
45370
60673
46688
69225
46190
44628
61456
51114
54405
46536
62327
63979
63814
62023
54453
68080
48167
63873
44491
70948
62585
53197
71687
60388
65107
57331
65493
68051
49930
54987
57018
65292
36313
56432
45147
61369
66499
45817
54606
62168
74093
74885
50992
56516
52617
38901
54082
66620
56570
44447
47774
68148
55740
49669
57518
72926
45482
46299
52022
71934
43212
73544
60600
56569
44510
49201
45886
72240
38335
67820
49743
54446
68085
57424
63234
56794
64954
47159
52745
56754
51662
46848
67255
56006
47265
60767
58386
50702
51047
43997
43292
39800
39374
59552
68470
64429
57612
44222
40824
54094
45217
63762
48919
43559
51502
61400
53015
51260
52415
43517
59058
56046
63105
49412
65924
64934
57966
43346
56474
58548
56946
51673
52512
59779
57254
46063
56867
50386
60340
52481
51899
39198
48005
69535
46099
57985
60945
64455
53990
49485
42799
55708
43151
68789
46060
47382
58983
70251
48053
39770
48496
59046
49720
40924
66358
68085
76764
57081
64190
68152
64982
71580
56572
46780
58543
54165
46542
59622
57359
57218
54224
60678
63013
69618
61961
44966
54802
45565
72968
44038
59230
43861
75429
59283
40119
59405
41763
42354
63787
66048
74303
51541
64378
52329
44652
59252
52143
51578
64419
55686
68006
37345
61179
60042
51317
70352
60024
62151
60607
51479
59141
45587
52337
46337
49197
53218
61292
56998
67830
66894
64967
56102
65042
53105
60771
65171
39104
55647
66860
62421
56358
75254
44776
52051
44687
67368
44189
69200
58301
39918
39081
59805
50645
67433
51528
57668
67164
52586
56691
59993
64814
68127
59773
42692
59703
68998
45255
39794
66716
49837
70381
53302
74472
40457
58423
38454
49943
55676
47316
66559
68467
50739
71709
68598
58503
52269
54773
59617
55502
61147
62109
39845
56020
76111
46998
42713
47269
51651
40109
66246
44256
58117
47094
44155
50596
58251
58335
56981
62501
59009
51871
70494
75041
61419
49871
71415
45509
47620
46188
64602
61316
45772
57285
64551
42889
62484
41529
74120
56280
39857
55669
52680
77365
48591
47423
70080
59911
64356
58190
46293
51121
51581
60226
58327
68359
65191
65077
46855
68361
43489
57239
48703
63993
50162
69413
68934
42707
72168
61888
67586
60318
69320
77671
71613
45462
75501
74743
55718
67718
68554
52928
50349
72334
61008
44888
63425
70112
61488
45195
43159
68313
63486
73337
59835
55165
52688
50131
69196
63568
43532
52629
52157
69819
53266
56543
67095
46754
54089
68059
63119
47790
78317
54871
50543
57565
62259
46473
66204
51028
41270
65605
58663
66418
72163
54571
56342
63464
62358
45174
40548
67398
72388
54113
75465
64267
63152
59767
60233
48118
62182
62752
50942
59895
74500
38894
63542
69731
49207
50513
46891
60967
54229
49788
59752
50101
69205
54524
49499
62245
63765
62314
72862
43658
75115
68519
71829
57562
72395
53898
68052
60473
67541
48958
60793
47300
55409
46690
46560
50655
60631
75410
61239
66799
68817
65935
48881
56881
59994
76913
39576
46783
72629
67224
58125
66047
63028
70922
75041
52239
53008
62786
55373
50033
40470
47961
50917
60079
69609
65457
64179
56585
46165
67327
53786
58112
70444
58338
44546
48171
67124
55620
61262
74593
42864
64068
55198
63423
73876
50826
47253
61933
60304
57330
69660
73384
54292
64684
49289
71605
57866
73402
54606
72656
55916
60155
61898
68048
54782
67118
65184
55274
41702
57758
50013
62137
63687
65175
54817
72823
47936
52145
44008
56000
62358
64175
41255
48239
47174
51693
43991
50368
46396
55936
66226
58698
63079
48991
44089
52334
51796
57655
59078
49294
73787
66062
64428
54721
58810
79635
71260
55629
54047
46887
41694
77859
62907
69154
68605
70887
61454
51676
42724
54102
58014
59410
45048
71445
50052
54336
78023
56731
60601
65076
53882
75277
65797
40151
49829
65168
78162
56251
48158
65071
68492
62087
75429
56433
57986
56761
62900
75355
60366
72209
55299
74515
64709
44213
67673
68489
75785
60360
57088
55223
63618
58981
59667
61499
48643
49320
61325
74516
48057
56303
45592
62784
54351
51450
54438
49636
50430
72333
55154
40234
68422
53258
73430
45774
50488
49505
62236
47303
39648
63117
38783
54705
51765
57879
74712
61638
62322
51501
44100
57810
66695
61781
49710
50881
72625
57862
61882
67572
47511
55955
54272
44447
57955
40967
48313
46119
41936
64217
64621
68336
75577
55101
62233
57017
64056
49932
59673
42669
71618
51240
62320
49128
47448
66931
74533
50855
70269
50473
62894
46139
76272
53605
54836
41946
50184
43933
57985
46469
49774
64669
50028
66888
56675
56829
47295
62069
58631
61245
43305
63831
69337
54726
55266
54112
48796
60520
59672
69509
57419
59318
61900
71683
72644
58119
60313
68240
59780
52807
65278
64130
58762
61950
76867
65535
73228
52526
49735
69135
64050
48819
55816
63793
53916
65931
58258
56253
63620
67235
55972
67420
64593
69756
44680
61392
62737
69937
72421
69030
73057
70549
58709
57559
55038
61868
72495
66123
75857
54414
48280
61751
53018
63797
78235
69839
59183
76389
75118
50202
77025
66928
55185
46860
66655
44643
68727
70583
56502
47263
66756
45882
67734
74565
43066
67020
53619
44137
61789
75637
68503
77457
72052
53162
49870
48615
40938
70662
62149
76547
64397
65055
59358
63554
51490
67764
63575
49112
53100
59345
48891
67062
76578
69186
54568
49809
52222
49664
52389
62171
56641
71962
48424
68079
71226
67786
50876
62956
54183
49337
73193
73609
68424
67032
61498
59744
60641
60775
66248
67641
60667
56796
69398
44869
48328
56995
58301
71146
56314
45017
68788
60451
63984
55117
75168
63176
67026
64656
72233
49069
72221
61090
66859
55734
71439
47988
44938
68930
71979
50755
43994
70946
75272
67456
58717
63142
43137
47049
52871
62845
68983
67162
53209
51878
54901
43717
59559
67451
47594
45048
67156
63572
67847
56067
69555
66601
65135
62150
60163
58482
60204
49997
45840
51854
55057
57658
66038
68939
62549
52768
69447
72714
42922
54227
69049
46771
50598
68720
60158
57554
41551
46151
61235
62974
65187
58745
54754
42484
70353
70777
57252
67286
68723
49693
71909
68365
50373
62765
73917
60309
68038
61645
51244
67930
46493
51870
64723
62882
74726
66059
55569
53251
55879
75179
71851
57049
48260
63952
68880
49264
45543
68320
56834
60751
45880
58502
60517
54971
72454
73714
65974
53687
72166
60417
53115
57085
47187
68467
42956
60344
59507
71232
44572
73468
58418
63311
68373
64786
60333
62471
64808
69463
58073
62640
48024
57420
73778
66071
63225
63808
50746
77602
57680
72541
62170
71767
63134
73099
70765
72351
81262
49433
50798
64947
58569
75047
65522
50457
74964
58035
71944
66190
52187
55650
44435
62563
68243
72327
52627
62036
60056
50061
74376
49292
69919
69646
72269
49532
78558
48187
66473
43221
75815
67271
74191
49472
77564
70608
55631
68463
73853
55392
72006
50513
77420
51025
77825
61759
53527
46991
56316
62460
50782
53149
60602
74126
57229
72350
75007
50659
65286
71760
62039
46520
55276
70820
71366
73834
44623
70488
64405
42311
49615
76932
51409
70667
42075
68664
76302
69988
57208
69829
71547
60034
58520
66753
52449
76347
46088
72180
66399
69678
47355
63566
65073
61682
59939
53530
65726
71721
67265
53315
59136
64092
59291
69584
74334
42776
62648
45851
72919
66912
46032
70263
72971
73348
74763
56432
50243
54622
63809
60356
78942
70533
69393
62198
52793
59284
74529
66868
69163
65441
71219
62875
78100
73576
50313
44584
61886
52688
57591
65322
71005
62548
42091
65313
59786
70421
56486
57665
60978
78341
67886
69811
68623
61300
52360
75330
70991
71142
48966
52419
82229
52332
72276
72895
60473
56591
61576
55489
77506
65169
78111
79007
67540
69961
67979
58826
53382
72674
58640
69606
55708
58350
50174
71109
75153
55168
63169
56702
62848
55009
60712
43646
55105
55298
56620
48579
51330
58396
62387
54804
47733
65489
63699
59685
66558
61114
49722
59285
61218
50008
74052
48799
67523
65724
54798
53291
72801
69284
70851
75832
53556
70042
53640
53110
54613
70642
68409
72451
81840
49391
58348
55732
68266
50893
56007
48876
81723
67426
63512
62709
59978
62652
64245
71113
64384
65089
45101
59524
55397
50380
50260
74459
45061
66423
52138
54285
55953
54146
69701
66730
52400
72211
71512
71083
49139
66198
72636
54328
52192
72357
81369
63794
53244
66012
70312
52612
44370
54464
74040
62624
78942
58266
74307
56915
57044
72870
52365
70560
45603
63961
78437
51281
62601
61357
53637
74834
67586
62586
74971
67531
50992
65959
70553
64255
51904
73735
66402
59566
46086
75290
51860
76630
64509
54213
58502
80364
69283
62447
72655
71898
64129
58671
50163
50589
79530
43969
63052
74128
63284
70888
67846
77556
70106
78447
51894
62029
69264
62878
73010
72629
61148
63588
62422
74781
52212
63925
49640
79358
71865
64107
57301
74339
55317
46717
57903
46720
80788
55817
70079
59254
76331
74510
57450
61922
61656
69484
53573
61961
50525
73468
64779
58669
55056
61535
50296
51996
60434
50654
48208
55287
60314
63522
75363
57435
60241
56982
64241
76081
78443
49834
74556
51214
70050
75372
52027
52997
78335
73325
69110
62559
62663
60607
71124
44197
72837
75667
72497
80337
70651
69684
57154
70359
76113
56193
56127
61880
68543
54880
76704
63801
44070
60764
54184
48368
45008
48654
75676
69991
44402
57942
81605
76044
58203
51157
74024
63832
50936
77511
66842
72477
70755
82254
57767
53024
61642
71404
71670
54219
83298
56177
57200
60056
70253
56382
78688
71855
53523
47656
53312
56414
54921
64784
72617
74593
64178
49360
58885
80747
74760
55162
53370
63028
67808
48906
69016
64177
49599
54573
57299
56039
80038
70034
72866
76763
77007
53003
77349
54639
53174
73026
78172
72702
70387
58094
68040
79667
75936
68640
50759
72203
49570
68795
61565
68648
68680
46538
57385
58684
59678
50425
50044
71741
73014
59626
81540
47309
74973
73869
67889
64868
75755
77020
51013
76418
73350
59020
56837
68361
67003
50443
53293
56590
75719
62520
58418
55902
81470
54535
67888
55854
47553
57281
56381
58798
74921
54980
81951
64418
69864
47101
66470
56813
51319
62954
54138
74184
78331
63142
53962
47309
53171
73768
52702
60942
64051
63382
75205
47684
78914
55947
57379
74937
70815
80726
61595
54273
52047
69125
70219
76542
75556
51872
48097
74716
48908
65411
62293
54265
69313
65655
56183
49418
49682
45910
48368
58229
71745
63326
78404
73901
66790
51180
80077
78323
83756
57515
60737
69445
77961
54109
63989
53624
81239
62920
56261
52353
61239
63984
55635
59913
82995
61265
74736
61620
68630
80324
49230
47597
50875
78985
59988
69523
53236
63383
56615
47701
59097
73404
55993
46789
50552
58743
48133
73900
52351
62116
76133
51179
67936
54672
70089
75247
66715
80777
51854
58388
50469
81982
80503
70567
67736
76668
47027
49393
66709
77438
55126
71362
52331
66786
62510
64862
61524
54950
81784
48267
58853
63032
64261
71320
67229
74487
83692
58325
59347
66254
60845
60288
62002
81123
55382
68872
56567
68099
75483
83446
58779
71523
72556
50922
51099
77835
48908
68345
57471
71834
64833
55430
77752
82699
83521
54867
59284
76372
61681
67504
46468
56327
63106
46812
68710
65571
63862
56161
54259
64206
56426
50683
76643
69479
78992
77322
72878
76355
65872
65875
57371
79738
68888
59885
60649
57485
64914
80094
69296
68908
74268
63329
55824
57088
75765
64180
66987
61455
68856
56222
73160
53117
53522
74364
76564
78739
61417
61282
75050
67116
66970
53512
84429
74930
62769
67828
70764
62781
63415
68907
55736
52008
47495
59958
55299
82200
66901
73415
68936
58477
70127
77506
73893
67224
72533
68945
67444
64761
80438
83138
64725
66611
55144
73363
47317
60258
64222
77746
77858
46331
68667
83948
68955
57637
65758
50348
76282
65616
64998
66112
78236
58387
83841
83037
65062
69084
63307
60169
74564
74097
82723
50798
56200
63654
70939
60605
73602
59348
49714
59802
76211
65614
51147
56554
65340
59032
64893
63661
63322
45054
68977
60278
71869
70083
46844
71891
71234
75757
49564
66969
70896
85964
67501
72655
60581
51788
70433
70080
68307
78715
75711
54453
56430
73807
77361
60422
56540
68822
66365
54810
53100
58674
71845
63450
76163
72593
67103
59757
81120
57824
75693
59515
66637
70711
62646
72689
81926
50051
52511
67824
54880
74215
57404
64949
84646
53216
78559
50111
63954
75330
59288
56866
69667
68029
72631
68872
76909
80922
66960
65637
80439
56321
65439
79817
78198
78024
64769
73486
57885
55777
52555
65996
67552
69423
50081
61442
61996
62150
58380
77673
57913
54223
52248
71824
65298
57420
61604
77240
48326
71401
76971
54815
58819
63443
75605
79197
66609
60018
57630
62716
80764
55311
63737
83169
81110
84732
66958
59805
57567
63188
75693
81760
51516
55365
59339
76526
60768
50062
81371
62542
78247
55048
59599
75269
77186
78657
59044
72163
57050
49032
52630
50737
82096
59784
67153
70537
65585
76295
47020
57004
64146
70291
62659
57518
71095
66994
79064
68916
64754
72947
80884
57590
60868
82489
69948
66083
50251
51866
75275
54434
66824
74720
71512
79975
70350
66439
57653
73953
48479
52978
61929
50474
70642
60359
59516
81852
74249
58593
79716
83548
65875
83387
55513
65254
54697
54686
54669
62872
74292
65512
69614
60290
69420
51469
67216
77673
70762
55458
58563
80219
49275
54832
73932
48719
69814
76812
62417
83190
80861
78561
75817
59183
55324
85042
68907
57060
63944
68353
69162
80129
64590
65699
84848
52673
65015
82531
55202
72459
72414
54490
59426
56795
74008
61772
79014
62949
78349
63312
56110
55746
61311
66219
67987
68400
58499
78105
69441
61817
62544
56583
58930
48315
72315
64607
52817
71208
61639
76242
86634
52357
78710
60006
57625
55481
69796
63466
83391
59024
59154
54671
76139
51154
60733
67617
80730
54190
72934
54513
48730
65960
77487
74331
53630
63110
53462
76532
56350
72584
72943
72010
67289
67231
63962
70292
71909
59500
75580
79057
80783
76383
62732
73576
78998
79587
65581
77076
66671
68883
51976
79919
47728
70325
54509
74008
52258
68436
72861
77090
71638
69609
68545
66018
72116
74190
85973
73198
58899
69649
73510
60419
64661
70693
74968
84658
75241
54537
60104
79882
65813
73403
46761
66142
50132
55314
62481
54562
66775
56522
51911
78532
75926
74939
51164
55906
71426
74758
72236
58273
70139
55345
67900
77297
52138
52298
69773
60225
49845
74038
63545
72578
69100
62277
82294
57190
76064
61398
52653
84144
53436
52954
70633
67025
56638
55986
76699
77391
76897
51540
73667
80169
70718
70237
77270
51974
71149
66108
50126
67125
61564
63646
59580
72830
68385
55090
51191
64880
73364
72293
59810
66028
54440
63782
60230
74133
75083
57401
67276
57158
70504
58527
76343
86741
78347
51828
75141
54963
79704
53504
64595
50961
56594
69244
51036
54308
51267
54211
75704
66092
76613
57617
68515
75747
61140
60626
76966
58334
51268
56322
84359
77612
62575
75078
78809
52679
67727
78099
54990
58599
58569
80976
58182
80829
59510
74487
71561
73014
66045
82272
84913
68753
65031
70226
83060
78836
72740
69281
75427
51064
56186
73820
76611
79283
77499
56303
60126
68167
50821
75394
70346
60146
62932
71424
76491
71352
56383
54489
60608
55011
60062
60016
85752
62385
81250
64610
60240
67093
56847
54580
67721
53617
84414
80896
81576
73199
62352
68292
76567
81444
52862
52723
70016
58663
68037
59309
84136
69557
65754
56530
53779
70861
54675
62310
67507
65204
56840
55195
65196
64811
66444
70994
52138
62718
70609
72974
52755
82728
74292
78132
85911
83133
75810
67520
86550
65725
64472
83783
51183
82595
61613
55992
83960
60591
70749
54538
51370
72308
72150
71710
55304
75492
60388
54790
69392
78493
84260
57069
56387
56690
74689
79205
64084
72613
60990
75667
70713
64209
80130
71223
53636
67628
70567
87877
51086
72442
54602
54107
80138
64783
61024
57911
82196
73925
69857
80626
60872
71067
79717
69595
58022
84847
83132
72224
81560
59128
57356
78992
57372
79117
56946
64591
79518
77501
61870
55621
83755
80226
71163
71126
72482
74721
81083
75582
61545
53372
61265
57986
54231
78056
79083
58231
66380
81227
62375
59667
69896
62521
79129
79152
80892
70013
85255
62127
53542
64081
48997
68769
75246
78884
61139
76377
66557
63178
73705
82934
55682
53502
62942
79104
73498
59369
52476
85764
60112
62559
71357
66079
71428
58291
65022
69710
58849
77984
73057
60194
79084
63804
73300
69994
69457
65375
49806
57294
84088
61859
73663
70248
63579
54443
74294
52855
58240
75502
82821
72351
69614
83616
55837
76752
60937
70146
85317
69197
55617
67500
75990
62461
55958
75939
65037
59639
76730
72139
79299
67469
72012
77243
56215
80031
86065
60384
69294
73595
75048
50538
77244
62029
62904
73226
49826
85281
78043
64818
63027
53659
84665
69292
55048
56276
64479
55924
58958
62632
80073
50177
70574
58051
65211
79221
64296
73197
65091
79785
70176
79774
69758
56304
89355
61426
60324
70377
62942
61579
62044
63974
67842
72456
66625
75269
51502
79618
49845
83759
82922
74563
83016
70204
64533
72509
59727
85286
66520
80497
86932
59059
64384
66251
56854
74186
52131
53598
85482
82559
59791
57457
56298
65327
55472
74145
57223
74895
66556
86419
78628
58807
72575
89689
77360
78553
71508
72001
79832
78685
74492
68044
64546
78727
82296
63462
58962
66311
60544
80477
64857
61065
70684
64389
65871
69954
78837
62525
66697
64433
63508
87440
55852
84157
76876
77173
76246
55529
82386
74633
53972
58360
83934
54968
64921
60573
68013
85356
75186
78353
75825
74371
67001
72593
63873
74521
88544
82646
77509
73453
78649
62004
74274
60533
63240
73619
84539
52449
70894
72640
77717
64963
67227
62708
73777
59068
72335
60088
67101
82145
84441
68134
88063
74311
54450
69627
62120
75480
73707
82278
68489
80414
83240
72431
75501
85686
76333
63556
71070
57792
54212
64248
79511
56837
54111
62813
60348
82761
66166
72488
73907
64555
70446
62960
66103
77080
83068
83170
68375
89498
67533
57884
69793
72769
70176
71232
65889
57091
76748
89394
78363
62482
71711
70613
61129
75066
80681
63790
64671
81630
77144
73721
69764
80464
72110
58543
83957
71307
63016
82432
88906
65156
81690
65112
84518
66707
51465
61237
62354
71504
66082
70937
68480
62724
79181
72205
83052
73619
84257
85077
52317
80644
62312
70178
65786
74225
70689
79157
82427
56724
73067
54966
77420
69350
73454
64747
77476
67051
78522
55384
77576
58052
76616
73231
81131
86460
68530
64884
86146
77290
68848
73273
63949
61379
89737
72634
77666
81704
81053
65541
50847
75240
69207
58419
66296
80594
85686
79186
67572
81425
61128
81522
72882
61479
63158
82820
71731
72342
61654
59832
57628
73867
88356
54673
84260
67184
63718
71173
60982
69068
79272
60430
78206
62641
85188
75699
78840
76281
56384
70251
68350
81135
90169
80466
70793
85934
75580
84714
84906
68979
82246
81441
83183
65837
61733
74870
58310
78499
84611
82991
60082
62610
73573
70513
73068
67508
60583
60402
81995
69924
67556
54353
67610
67781
85186
83277
75908
71220
60908
85123
81783
56862
60535
79628
62000
62432
63702
85693
74472
73256
82986
83424
82275
54657
70821
58446
71208
81050
71586
82846
79302
71919
61118
75437
58867
77991
73723
71450
72728
60500
69103
75281
74803
67896
59054
70378
78029
83454
75651
57744
70151
73183
73242
74390
68637
69513
89437
67562
72312
69591
59529
78689
65734
64588
60188
58835
83479
80303
74736
52566
75554
59028
85762
70377
65387
77121
56286
71427
82658
77848
64036
71079
64287
71770
82978
77776
86618
80228
60307
80553
81307
84098
67424
83755
65350
80290
78727
60964
65117
73176
68129
62184
68519
61297
86470
86412
58945
65570
81294
67629
58577
77765
84676
67988
82237
68117
75013
82374
69035
53488
62484
60560
81233
58718
84622
61122
71295
71989
61172
56797
59335
64821
90690
72039
80698
81448
54692
68183
83818
79817
65202
76384
59482
67274
87511
71850
74258
77712
74823
76753
75798
60085
63008
69947
83309
79707
65872
80151
90369
69857
56425
83692
59584
65326
80577
86275
56357
66404
72301
71266
68635
75387
83113
79687
80422
74732
83784
63612
84704
89068
70213
65669
60306
66270
62529
59745
74725
72669
68825
70634
68918
77287
77903
78375
62201
67725
82421
70845
86808
85924
84639
75845
85530
61672
72946
57690
72692
86721
81554
54381
83660
60333
65450
63266
89222
54565
80644
64982
90684
56361
68470
55626
52084
72064
63810
63562
63922
64584
76817
66205
83614
84321
60792
76436
68446
65586
79267
68829
89939
59260
61927
60946
62672
61811
83535
63007
77487
58830
61693
58228
79211
85771
83098
81321
65510
77816
91280
74802
66490
84168
88188
61805
85769
83238
72502
80412
89227
84304
67971
58016
70896
76874
72150
85154
78125
55003
85671
80859
82805
80231
86214
60107
90807
87637
76271
75850
81642
80722
69808
73993
71314
77762
90552
57640
75336
60363
56247
76114
66093
61588
76933
62250
69697
63194
89105
54950
67539
83360
57234
67436
68909
68254
61453
83309
75967
87076
63112
77784
67964
64891
85231
81458
83921
79548
78672
75761
84053
79341
65242
75062
64258
86836
77986
82709
84549
70549
78491
69806
58286
79540
73366
76571
87900
81914
93628
70602
83089
79487
69600
87962
57746
71849
62264
59884
78737
88422
64978
84925
68866
66072
91494
69742
76630
87599
64110
56870
77437
70895
60454
73043
90127
72784
83501
85823
66982
85566
65909
79065
67790
76592
57453
66665
58060
59862
77697
61402
64598
64336
69222
62958
75527
64371
75657
67667
69642
86742
74376
91846
64070
90952
75990
67076
56119
89759
75048
77025
67028
88321
60908
80481
68999
72896
64055
89497
78815
79376
62427
80680
76581
72056
84591
84031
83249
58949
89479
79822
84835
84302
89312
73012
60360
90032
83781
78424
60372
85767
59571
69189
77938
85537
65533
77903
67178
56623
62360
71365
70172
69583
56543
66431
83049
79129
54736
84074
86074
83461
84222
62345
80966
65694
82298
66348
68976
53891
67579
91147
69167
72988
73254
65140
87464
74992
58006
87299
85885
84575
83339
76206
58048
56183
72050
79332
87767
69595
81237
85548
91618
87901
76022
75237
66890
55438
83792
66753
53526
76183
65462
66308
76706
70752
58837
83969
62735
71975
65940
58567
85448
61757
71749
85977
84967
59560
72543
80411
56935
84524
69206
78003
72264
80332
75321
72845
57642
79384
83371
71039
60492
62207
81002
79372
58168
65818
87797
80809
85134
69521
86896
78647
64196
70371
81641
65254
70196
81724
77843
68822
53288
74537
64170
58649
88259
63356
79351
69510
76659
82134
86905
90071
60797
53751
83960
63929
82772
93324
83234
67056
59457
58617
78225
70941
55321
58655
89333
86669
85313
82886
86216
67279
63204
69702
65962
90829
79782
84713
88499
74254
89044
73866
84702
69813
91769
93034
58722
74487
59749
72546
75574
75498
77139
80172
78658
74069
74691
72975
77353
61416
77410
67634
80336
68444
78294
70355
71423
82650
86111
81397
70260
83864
59737
72577
62889
58551
77869
79325
58428
85184
69255
69468
70748
54146
79988
86834
76588
87852
58147
81475
78141
92443
77104
66627
64707
62384
78724
67314
72296
76648
84142
91185
66717
89167
81378
64876
83914
80955
66973
87037
58941
90260
76852
91858
80059
58263
58132
72681
67272
57203
62537
81552
66175
71739
76461
79679
72300
62858
78808
67780
67853
65915
87029
84651
68609
71117
80072
77256
71181
81904
69942
82808
65849
71909
84859
85881
94029
64459
91742
76054
91755
67053
89860
66428
82802
72863
73123
71479
65647
58661
80975
88783
84340
70128
77144
79737
95164
63987
67791
84586
85064
87995
66948
62065
69291
79747
86428
70735
56086
84702
61711
59426
88383
71422
64561
74912
75380
83326
68789
72540
83089
85905
64230
58289
66331
75936
59252
58320
76786
73020
89960
74454
93591
67282
74434
75105
73957
69784
67718
82566
70185
81703
81266
72590
73814
66254
84909
79348
58378
71761
89945
66974
67048
64796
80929
57643
66703
83642
72339
77644
94697
92989
78695
76860
84527
78283
87155
69495
72301
63640
73879
66429
72824
85069
69804
85850
79365
87649
68947
80013
73453
85772
66518
65423
85025
63562
87868
68035
65922
83623
81343
92770
71453
70227
65175
64558
61294
85813
81015
78509
56194
55682
90884
74918
63523
64033
84263
62141
85609
88838
85850
71924
65866
59379
78622
83590
54426
66521
74161
89239
78378
56550
85069
56626
73901
92358
59787
83511
91167
86269
82461
66399
92581
71496
82100
79427
68616
67271
63014
79503
61277
89470
61352
87800
76028
90657
65647
65172
64377
77337
73599
80680
80683
64711
80620
75888
68990
72796
72767
67280
71816
84621
88262
71659
60821
74524
64360
77485
60111
73235
78694
91403
83232
76023
75244
78393
66142
68954
88888
80884
82792
84998
89123
94167
63326
88393
67946
86887
78451
83142
65890
63819
88119
90754
84202
81522
57857
69397
61745
86916
72750
60205
75115
77171
71180
62184
83688
63055
82534
65962
74755
67577
68969
77014
72745
78216
81787
92242
75830
90173
69635
91898
78314
75032
81306
59369
78904
73098
86385
84772
72573
65230
72392
93216
67339
61177
65135
57334
92472
86535
85528
89067
60107
89448
65818
75720
74168
72272
68547
84330
58186
72465
67819
91033
70330
72776
72370
89366
74604
88248
78112
61951
64711
84288
62108
64700
86671
67540
83732
86806
57848
63165
91974
87489
89540
92493
88451
78216
64782
73805
79858
71117
84438
81578
88465
74691
68638
77484
56357
82584
64641
75221
94694
65195
83538
84735
64250
87837
70713
85714
81269
78956
63618
86351
86778
72830
62047
66177
75990
70943
74434
78470
86384
69840
58876
64439
64993
80238
59890
84919
66912
84715
83807
60939
84796
60929
75089
85313
58447
80535
63774
67251
79939
68808
67231
66568
68881
91535
86661
86216
70753
65389
92200
63994
71922
84704
95170
86511
61814
75822
90767
75143
60409
64921
87574
66465
63646
65684
69766
85951
62009
82852
96207
70035
58154
64183
83970
88103
63769
66892
77626
69589
76746
76028
84542
68428
72620
92544
72305
92465
62411
84996
61931
69345
92250
72267
91249
65460
87388
66377
77016
67675
64863
78677
65519
65867
87294
65998
87471
67777
68238
65764
80173
96252
78610
79642
64885
63717
95967
95640
78828
73975
79709
90422
83560
71738
63577
82744
78857
74921
70932
67947
91213
68375
80158
82598
79720
81136
70700
66462
79599
79917
80599
87569
91258
73847
65358
74073
74158
70009
83411
76919
65639
91998
82992
85830
74765
81547
65447
74978
82608
83048
88328
84846
78334
62089
68870
86425
70160
85677
70052
97412
78464
69325
62088
75618
86815
68340
91369
69314
95840
65532
67262
89326
68869
93987
81165
73134
77436
66134
75147
75425
65291
73992
65771
82180
91548
70180
75951
77450
88702
64253
68569
69254
76809
89937
87322
65162
74955
69220
72310
66212
75990
80237
89972
89274
80201
83510
92315
66245
89168
94410
80647
88847
92865
78911
67887
63446
81404
60456
90365
80558
68245
84686
81879
80608
78243
81444
70235
69707
61133
61752
84712
88233
73159
77726
81578
75601
87728
74615
71329
71760
61011
77231
92142
70220
75040
64216
90388
86002
80516
67450
72682
87725
75318
70124
74221
67423
76018
88237
66480
72089
82317
83188
65165
88521
63947
78450
81919
82224
80999
64752
62011
82914
67970
85318
79611
84290
64320
91510
68463
79006
58045
85974
88327
74875
86840
83512
68503
63864
74472
85222
77901
92477
77822
80936
79962
76667
72724
74621
65862
72131
81897
85458
67674
64154
83063
82292
79163
91671
71959
65040
92142
67785
64162
71422
90657
89046
73854
84226
70829
83407
87752
69686
64446
84880
83681
79920
85184
76103
87987
64782
72730
85030
78544
62912
77823
79148
90776
92058
71083
71903
87341
95901
94689
73654
79059
69207
88031
78284
78266
63763
76229
80311
68378
77131
90760
77950
88007
63003
64555
71541
78731
76891
57999
68501
67325
82127
69244
81442
87302
79402
84728
94204
74328
78437
79242
88566
82593
95407
82277
65171
86197
74221
77451
65660
76199
85941
86248
89485
97689
84802
87150
73181
65775
83332
77253
68637
82134
62558
73842
89800
85639
86566
65282
84746
61680
88237
82366
69607
92075
60425
66179
78915
91693
80645
91461
77525
71470
79403
84274
89946
98024
66267
73707
81370
79223
81088
64955
93140
74988
75460
62129
86660
71241
76420
91345
78967
70633
82459
80235
89519
82082
92487
94594
75005
82605
77053
82585
70113
88427
91459
64561
77879
79523
77615
69460
61358
75877
83131
58050
80326
66619
71412
76409
72552
73199
93894
84876
76606
72070
76309
78173
79082
97362
72167
66301
76170
65774
65467
75733
79096
73232
64442
69549
91597
77500
63584
71711
75038
91391
72898
75331
79342
91016
94401
95221
66323
80926
80992
96320
89966
66242
93163
73075
85798
78573
70786
92391
82495
71002
69825
58737
96133
98490
73908
63745
76507
82549
86666
85965
66439
82725
67818
72854
80692
