46619
30649
28511
23066
36555
28755
22956
22245
28417
18027
30935
36550
35363
43222
32179
21723
38570
33785
33809
29047
17829
20385
42595
47060
27658
24791
22387
13599
19662
30372
34355
41029
36564
38020
24352
29454
16769
29761
37006
33392
46938
16684
38584
27931
41163
30993
25827
12366
14285
47645
23818
34480
30297
24882
21264
24855
25872
40203
34602
29860
22123
38350
21930
29916
35348
26973
32383
34397
30969
37111
18524
11255
21806
22012
40201
41294
26720
14533
36044
26038
36284
17249
15312
33495
23576
33325
29240
27163
23859
13067
24643
41473
33051
36231
17953
20722
18958
21370
42564
31704
35586
13770
26548
15208
31339
9826
28086
29346
28923
13052
22858
28165
26120
19100
24707
44847
36094
24262
27015
31377
27532
40877
45385
25476
23845
39434
31545
31665
29624
20696
24920
44986
12495
28095
32813
18275
40065
24287
29619
25682
15828
34916
20855
43601
35052
27691
12642
24901
10067
38695
39654
44322
31138
18575
34621
12890
23064
25036
21922
23234
17984
49164
41781
26524
36481
41664
37405
23659
36037
25887
21277
40522
33978
35474
29137
17810
45797
21144
25449
28631
17733
29419
28193
29376
17516
39510
46240
43578
38507
26425
20961
18371
20258
26981
32971
16660
36833
28164
37288
17471
15902
43238
18828
29158
37857
45592
42300
40658
36126
26772
33692
15674
30200
33653
27571
41914
23057
16808
32518
18293
49753
22143
18324
31961
24761
13803
31227
42819
15975
33803
35107
25639
32396
41980
18820
42346
26150
28282
25968
25076
37346
36466
33804
15906
36697
43020
33742
30554
29489
48505
13942
44448
33511
33756
36131
17165
37692
25298
20385
40720
17115
30556
45367
12999
35859
23306
41816
40765
16183
29501
24224
40363
36420
20192
33424
19057
41937
43648
13979
17603
32064
42227
21675
31079
36688
31772
24820
35241
41706
43485
20244
41388
33706
28500
43338
23684
29013
20855
28734
37066
23323
39438
39207
13860
28265
20235
34693
23780
22295
28373
42969
30182
32169
19830
32743
16958
37940
29141
45779
44367
13426
37389
38645
16251
48983
46556
36812
40055
25271
36754
17617
50910
22452
42921
38449
22348
35405
19497
43785
25957
10464
18789
13766
13753
23357
25597
23352
22615
15375
19482
31581
33668
29730
17119
32660
22143
41728
46090
24802
26901
31072
20556
39666
30990
10960
45572
19917
12618
38239
31821
16516
32135
23851
14230
17661
24706
40818
47981
9644
51018
48557
49323
45122
28963
16986
39182
28136
35239
45995
25068
46438
17180
24455
35692
19004
48755
39923
26790
16139
34876
34127
38015
12963
38614
31505
31895
40220
17810
32139
35576
19379
16094
17863
30884
31277
21513
39382
22428
42812
15401
38827
48943
25789
24879
38674
28549
32612
25290
45589
43059
44631
23330
31310
41897
17892
24187
19441
48975
38884
46240
31424
30162
41156
30130
26005
27430
19042
40483
40380
12264
22394
11515
35640
28452
26272
24196
30090
22434
18450
16596
21166
30471
35861
23725
37603
11667
19131
24425
37685
34446
14640
46748
30059
39849
32099
36320
36364
43884
22176
46530
48312
27104
39326
43173
46563
25261
37153
35708
36647
21823
17479
27781
25848
45843
15524
27019
19469
26044
34844
50131
38055
29337
37846
42844
37695
19244
24777
39881
49498
38286
36748
39636
24530
32124
35560
32491
32000
44481
29035
27304
18002
18663
38189
18135
43813
32822
20733
32205
39074
33046
32158
12629
23230
37235
42313
35024
19496
22670
50788
22079
38689
12659
30342
37670
33905
23715
50167
42376
32266
11367
28633
21113
15519
40821
31638
19319
32709
18780
27691
23124
41539
43055
28766
39644
35809
22706
32547
30916
49241
48849
28193
43699
29848
16632
28172
35322
26689
33392
39345
46686
42822
33057
41426
45872
33296
41362
31967
30857
36126
24167
19763
26134
35666
17673
17849
43188
39768
14436
28099
17946
13660
24050
45638
43424
14039
17571
47693
23032
14854
17697
40842
19442
28790
49715
32034
26626
27928
21987
46346
45650
32897
32857
19589
24880
49216
11385
34481
28447
23040
33276
20863
30794
15336
31578
43930
13854
45781
10339
27548
25743
21845
31567
40344
45535
26399
23315
28355
28939
28793
47102
22455
34225
30801
26802
29528
18750
47978
26608
23158
33097
14203
34975
23004
23310
42776
41566
45226
50139
38708
30203
38531
29356
21508
34426
29723
38790
19450
19219
30106
26972
14160
35468
39267
33769
33331
39388
19269
33323
25872
24276
22618
27248
26671
33895
27462
29970
51869
42860
24327
33485
39682
11437
41425
37566
34102
41878
39432
39280
27084
44761
45719
14206
38641
49308
32600
47230
44436
41080
21304
18333
42666
32234
25366
17648
29673
20266
20316
28458
41307
21109
20715
29555
39907
24417
46621
36753
27105
34802
37498
25983
25055
43861
24887
38468
43290
35069
13246
23822
41756
26227
14162
18794
26242
49295
49585
22094
42570
48529
15626
38380
44484
23788
36389
37550
23277
22828
27000
16782
18430
33814
35418
32494
15301
34721
17750
38715
26637
40893
34695
38995
44148
40753
40000
33021
42123
36203
45247
22426
21810
20737
16255
45920
34815
37655
31808
36801
36478
37750
53024
33535
42220
39361
31395
33507
46366
46172
37138
45572
49125
22003
43737
41383
50625
20590
35334
39819
34137
42745
14417
37753
29971
34852
19153
27372
43117
39777
48054
19333
12479
21837
35580
19612
25551
39490
22643
18393
27586
40639
25538
27428
35194
28662
32021
30230
44403
17285
35990
51650
26227
35616
19842
13111
24807
35454
40328
34763
33350
17278
23074
22820
36739
19690
18661
27893
33526
26476
26080
24972
18710
37963
43446
30227
31405
33585
42907
35905
47998
18317
20025
17400
22480
38083
12769
27698
18362
50797
36829
30218
47972
32534
39457
29965
41827
41546
24832
22953
33950
33768
44103
44877
52378
31133
32736
30644
22276
23762
25720
42726
32594
46071
52421
45411
17760
45174
36685
41484
37508
47599
16774
25191
41804
29668
17915
21521
38752
43510
13639
33031
40667
28332
16013
43590
27344
25464
21795
21585
28872
20165
20716
44895
30331
17093
42691
29450
24030
49367
21743
21713
19068
33940
15843
35015
46808
38184
44902
39098
31437
21664
27427
31648
43647
35739
25347
37016
33929
33683
23263
26683
22127
32191
21785
40798
24147
23646
47530
25976
40282
26961
40023
25687
23494
14222
47482
29359
28920
44913
27789
21699
41626
33156
50412
33988
41247
50349
26389
47936
35600
25150
42261
23809
41820
22321
35626
26209
34709
20458
29482
41435
34363
46166
41756
33665
48222
22605
41488
20370
38766
47043
32037
39567
48480
43004
12607
27469
33526
35798
15725
23951
39013
43148
37542
39714
26010
19651
14954
28315
45396
21626
22447
34745
34674
45380
30627
37970
28068
37387
36763
37177
46181
43308
35936
14196
24056
41012
19755
32753
14590
31595
48083
28930
50828
16349
43484
33799
32447
32524
29499
20153
37473
32430
29343
15347
21231
44017
47672
36383
38349
30728
41588
33086
31662
46256
23031
27762
25368
27914
22621
49699
16997
23235
52789
35920
16583
34248
49184
45357
47801
29174
39211
36688
20797
18832
51465
31702
26942
47707
33344
50745
43498
25719
49363
27953
20638
24618
46203
21586
38343
27222
37105
47127
27877
40328
23481
35486
41390
29321
43229
36570
22811
36347
23122
19204
33860
42727
47154
22871
22331
20945
47228
26711
32755
39278
29102
27559
27262
20287
22468
25458
33704
23116
22564
17854
33215
26554
45001
15094
24166
26859
45624
28892
22342
15339
40863
37440
20412
34196
18681
32094
42055
47907
38192
52812
44021
21178
31146
16627
19794
34134
53948
36287
29257
26920
33313
34858
21294
24106
46870
38025
37902
31379
15462
33279
34255
26502
47739
43805
43704
37015
46209
25729
29143
37324
25226
23450
13677
33456
33031
49461
41044
40911
40301
39098
40687
18022
21539
19010
41799
44951
35069
27317
42528
15866
44857
32725
17600
34677
31177
47525
42409
44954
27780
34805
28345
22495
31913
33931
20809
30836
31469
25607
25381
14587
43899
30038
25773
42195
39647
27221
22816
49313
35049
31425
20802
40600
42148
40236
33017
24866
44086
43898
43706
47205
43793
15030
33722
21170
24266
34065
18040
50888
16490
36590
29907
31539
27166
30583
45327
34271
22855
32619
39964
22236
26686
36946
28202
27773
17514
39153
49549
30971
45314
35354
22019
46260
38737
22677
46904
30763
23728
28375
45311
39524
41281
26614
22684
43458
23344
24601
32229
46975
44764
29011
31932
32884
17256
18017
42961
33825
42765
26667
43731
40575
37601
29450
25441
42191
28811
29949
44691
51924
46835
32054
46881
16120
43174
18947
29683
44339
38917
37042
13592
43479
25851
21593
43780
38958
52543
43941
38499
48346
38142
29638
25369
36583
47702
23494
35709
14006
46640
34560
24324
25300
45477
41801
27812
32087
51173
28371
16765
23537
37003
38826
48272
33530
19438
27917
41773
50028
34964
19726
47834
51649
23306
23305
27619
38506
39977
42589
26159
30099
36498
37345
42347
33327
46243
15262
24878
20438
23031
23439
15384
36622
33043
35529
15604
43541
30507
32136
50002
20065
39962
26288
28641
32182
25194
46242
38579
16158
48444
29522
26154
30962
33575
44709
31644
23710
15426
30515
33999
32719
44396
28116
37849
33700
53458
32573
41904
27351
37726
31662
13167
38396
49348
31379
29623
26843
30406
23458
23030
23113
21426
36587
30381
21912
31793
37246
21376
35259
33016
30354
21267
39556
20577
47656
27294
19611
36321
35137
35698
20335
54104
26523
38458
35224
26530
52783
50824
23665
27396
16585
18790
23174
32326
27461
25715
43972
36725
42090
24562
44162
22893
31867
47524
44617
28086
22644
20744
38797
24804
40933
46488
32213
51961
38911
33963
37554
20544
32716
47168
39847
22223
24698
22584
26977
37643
37824
50229
29445
47160
22818
19560
35357
27421
45694
38960
46691
19430
25722
44305
32626
22528
36346
37622
42387
28162
44941
49318
24943
31839
32740
39798
32545
39649
34301
38226
48849
28643
41535
37141
49052
50091
17327
23589
35624
51697
33183
53136
30736
45381
48988
45328
35677
42015
29829
22247
31691
48226
46844
26950
44539
43326
43097
24893
50284
48080
30966
19956
25162
30638
25200
21315
36664
28771
46059
37151
31018
46979
33428
48543
36287
30115
28892
30052
41828
32039
38918
30015
41451
15912
32980
31132
49465
48690
33588
45414
41283
34126
34143
44983
40293
44079
23341
42602
34499
37820
48853
27858
45200
29246
24191
31884
39504
34342
31387
40081
29630
49049
28376
32214
22244
46364
22040
27634
17438
22904
16546
38367
21341
24728
42111
40122
29826
49581
29893
27240
26589
40553
29686
25097
20850
51293
27133
25576
18275
34471
43692
31629
30010
52264
30089
49794
24198
15145
37415
16968
32143
50304
21019
48692
36091
25148
18356
47178
31894
52056
23589
43456
32520
34541
28185
42421
26652
42363
31240
32232
27157
22822
39362
24705
45817
37538
29395
27034
41916
37662
51205
39619
31609
47195
39340
18050
32237
25881
33286
25275
40712
37128
18454
37954
47296
20198
21059
47123
35378
40683
47028
35883
43044
20003
40656
42921
31951
36826
50141
33154
29920
27424
44895
29480
47977
50968
54106
21585
31451
40172
48596
43276
26961
47385
22621
50010
31467
28553
18468
32293
20365
47810
28629
36877
36109
26837
28188
31532
49916
46833
45280
41164
25653
43495
30585
42005
45487
18848
28476
48891
21204
35928
45155
36365
29375
38376
40692
36866
36769
46814
37602
20381
35930
35216
33661
28938
19468
30533
31425
30805
30555
43632
44167
45149
23920
44881
44338
18352
49626
41847
27162
26346
44937
48633
23445
24091
29398
20255
20778
49862
41911
20305
23892
40366
32381
30975
22840
51135
44417
51933
42764
36120
40750
34735
21491
41095
19988
21814
53901
49941
37201
32798
26341
32266
50279
37076
54574
48955
34054
36657
42600
35027
32191
36728
34075
18569
50678
36587
37712
19862
49350
31941
25705
27758
34265
42792
49133
49927
25745
30900
31381
38090
50551
29734
47641
40442
35490
25880
56804
51424
25349
23881
27383
39632
55245
29261
21842
43792
47427
53065
25021
38227
45370
18795
35769
51136
53809
29296
23403
51935
40522
50196
25560
40275
47605
28815
55458
46618
28697
30011
31908
29608
31142
34302
29015
49707
28418
35140
33383
22383
42501
38325
46300
51667
43077
27009
54493
28286
26771
33995
35077
47148
55319
44785
27500
43389
34194
33364
49869
44625
31150
34601
24965
42462
46783
33927
24178
44708
26322
30926
31258
22247
35942
54668
27027
38558
57821
29237
37348
41728
34866
51662
48534
20874
49462
25284
36525
45456
33228
32626
45629
49174
52016
29991
49379
21946
51575
44370
53713
33749
31538
42529
25013
25445
33522
29451
20307
50413
38479
38103
29710
46375
49852
40496
27914
44462
32448
37824
36367
48174
27564
20650
29679
30186
36166
48592
52123
39005
49070
46521
33699
43361
33766
54087
43890
32970
50112
40467
42437
46204
36406
43949
39517
34501
36679
52531
50590
45112
34951
30485
52223
41605
34623
37759
23443
42657
36228
37971
45897
30706
35857
30147
37895
49706
44310
31125
53410
40649
27882
58388
47684
37856
21265
50287
26571
20464
47137
27291
46439
31770
38801
29705
30203
47875
46323
23115
28430
33052
50651
23646
54488
30136
39724
32955
30420
49316
42914
19524
28710
52469
50072
27969
32781
49034
41081
33839
29865
50425
31248
22934
49128
48024
44157
29078
48831
48041
26898
45728
32621
28955
18209
48592
19971
26029
20348
22676
31145
50248
20233
34694
27547
36531
19017
55270
49524
44023
45700
52932
53258
37966
48747
38479
39080
36121
53435
28201
24891
48141
42206
29960
25916
58132
25696
28577
26462
32367
28426
45093
55586
40928
57202
47330
25424
38719
48120
31761
39210
45956
37341
22148
35734
29185
33336
22847
31038
35418
20735
48861
26763
49890
30249
44982
31295
29545
33372
48150
50676
50231
53054
36705
40337
31437
32323
26633
21301
41740
19400
27862
53673
53806
47910
23127
23597
47857
42926
46909
29060
42365
34082
55713
50916
39678
36686
34612
38073
58117
35222
32464
57215
32070
35918
57961
54339
31801
46243
44226
31490
27601
26744
22237
32974
20390
46903
31488
46766
53366
24191
29125
23274
49209
32182
36991
58039
22189
31829
50161
25904
25340
30128
25260
57337
46698
43654
42079
32879
30372
54155
40900
34829
35921
27471
37246
54467
45459
35392
37822
44697
50577
53074
33727
37876
49215
42881
28485
47800
36554
35412
25996
56387
46203
30986
39554
20136
57102
52704
25800
29079
34882
37068
32551
36036
51886
54065
37335
49406
48328
27890
44191
31826
19622
36575
55965
41574
26403
26469
42873
27149
59651
38160
39612
51494
54308
29953
29252
28535
41741
26337
29125
23928
44603
52764
38455
42776
42877
55260
39846
42233
22835
21389
31753
27834
37065
54676
42112
20871
38727
40967
44620
48090
23324
50602
36256
32317
29456
48564
46420
44108
44569
33960
31037
53507
28734
49985
42102
40654
45544
48078
50656
26888
26214
54615
39468
40707
31370
24372
38554
51900
35191
38599
44481
23730
51688
43013
27635
51960
25386
40171
56492
40580
56881
23673
31926
44892
46835
57962
43899
38279
51291
40243
29358
28579
37279
46598
42952
41271
41786
45924
24392
53970
36517
25935
56510
36974
47739
50320
42993
27610
22486
36435
36128
37636
33879
31281
28141
50413
26517
54354
26037
49898
29348
26772
59294
42802
51555
26396
45838
45178
40253
50733
27033
38806
38166
53840
22601
32491
45093
36514
31779
57656
24022
46122
48830
26667
51083
36876
43941
58615
28004
32826
29157
44481
44834
54045
36773
25843
43210
46299
25366
44208
39960
51188
34979
50271
50216
46701
46488
52243
34101
48635
28025
37786
48860
49558
42694
34181
31280
27868
25790
47069
29933
43270
28634
28626
20507
48132
54034
43254
38619
34112
51013
36056
29886
37325
40463
54539
31323
27338
42711
37106
28031
47815
53720
29214
28658
50751
26659
39227
33106
48038
28236
38322
30987
48023
28247
53059
24808
39230
49861
31574
38125
29049
37558
31915
53483
45681
31394
50583
28653
35438
43177
51350
50012
32410
54322
40545
51502
51695
29198
52316
29569
54867
52953
30333
32850
51290
27114
21278
34617
25299
42252
34466
33893
43260
27151
47834
38881
49680
41232
34247
52887
35122
52595
40374
33601
34174
30247
37482
53490
29515
31775
52023
30059
26559
60835
44945
46320
41542
58014
24699
26760
37906
37716
34676
52501
47521
53398
50592
36273
33965
35884
35276
34369
57125
37899
39688
47007
43966
24005
43903
45415
43824
53906
40512
53009
29160
45476
47819
46982
58698
32856
36928
32186
32077
32541
34410
56507
54773
32437
57506
33054
22312
40620
32693
51467
39208
24598
53444
51736
27477
43487
40801
49544
41390
40485
40978
51450
33633
40632
48571
40506
29873
54418
40663
36391
53982
31610
36332
24759
33791
49289
30027
30573
47131
50550
30148
43422
38088
37723
31167
43427
48166
31357
51896
54735
39161
48592
55334
49314
33122
35494
40114
37847
48334
36839
54459
57443
50493
33216
39129
47035
53691
57890
43329
39469
47235
25610
48657
50075
45078
36153
29754
47165
30638
25667
54604
43614
33746
22426
37743
28328
51166
34118
27542
28707
28186
33801
50266
29649
57654
33438
28945
34389
58333
39196
36629
45481
44485
38819
34625
53210
48035
51667
55152
60181
31925
52870
44436
49874
33993
35104
44595
47543
48098
46940
27181
38354
53000
37491
36091
51548
50018
56744
28243
30286
28548
28296
36262
55017
46732
37103
48837
53797
30140
32807
53838
61380
39368
46094
47079
37650
35617
38879
53395
25841
29378
28001
62167
58535
53501
51405
32330
44401
28313
46634
53430
34802
23848
59885
46690
48024
37453
53053
52002
53132
44783
54887
37910
45067
28716
35129
45195
49130
31095
54117
45332
26291
35980
58325
60539
56418
49293
38275
40122
55481
34285
27291
53023
27672
38004
31855
47056
41554
51109
49116
54280
46005
34168
27958
52262
57397
58082
24982
46682
33368
57960
47883
48110
51506
61317
60231
25951
44426
27469
26861
35767
36938
44206
39467
28323
46329
28961
51723
40788
43569
39492
35088
41860
44173
33227
51044
36368
47177
56421
53165
31677
47483
53874
51671
58765
53535
31697
52934
52198
46672
50377
42674
35352
40556
35174
31414
28901
52158
50603
34838
40488
32546
40468
37305
32399
51343
30777
31899
52249
39908
34248
39626
44341
45900
55376
33225
33888
41061
36676
40895
40588
51696
37673
32622
56352
49668
41112
47980
26568
29875
53842
29808
58145
44754
29148
30398
31299
60763
37079
36753
33548
35561
41215
55010
43372
32236
39796
35956
31728
49836
54831
32259
30634
49801
55154
57747
45959
57335
37273
33611
37029
57337
34799
59489
39449
41884
44943
53128
56141
31943
56552
53064
51361
38476
35091
49913
50592
59397
53252
42205
33622
42379
30309
25347
35406
28467
45166
57678
46711
35078
55088
56676
52507
55721
40025
44713
34912
54011
33781
27354
57291
59269
38842
44059
51194
55097
35453
55087
50895
29700
39743
28808
49516
54606
37386
47462
39851
55797
52390
58039
46913
51896
40066
42322
50661
44451
52831
41185
57462
55004
27685
45234
25634
45021
62068
49079
43194
31192
46394
57196
27647
41230
25815
28923
23559
60044
55036
54911
38199
60606
45067
53803
34841
44742
49840
42265
28495
27002
43571
50315
48200
51067
35660
38769
29219
41818
52032
25464
41567
23348
51080
58973
28972
34992
56603
43113
40395
42435
31950
54401
42347
60259
43303
58362
40518
54498
50192
40785
39411
43036
32879
55301
55713
36844
53091
41366
47729
37056
36480
24337
30200
30879
49752
29191
35321
32743
58198
44731
36200
39483
55729
34616
52597
43282
43013
28320
41236
36813
43582
56629
44310
35973
39078
49820
28515
49285
29946
55782
57579
45953
47679
50470
32814
62246
29466
49379
38664
48102
46762
41087
35054
42377
29885
28861
46597
49042
35284
57422
52440
39770
50201
43007
32881
60148
45036
34547
55129
60811
49464
29616
45977
40573
41134
54457
32031
41772
49077
53434
50779
57109
57462
42597
56447
46566
40622
55486
49562
56056
45852
27748
42769
34421
43999
50268
37612
32691
44781
40732
48117
47570
39758
47103
33412
47915
26233
59490
37234
43594
41005
60005
63626
40159
32696
29901
34387
62350
46986
31630
32373
28602
40950
47714
59428
62254
52956
60102
34615
50016
56057
45347
50847
26888
49631
52858
36306
45852
45764
56246
38250
45972
56631
28354
34268
33083
37179
45835
38895
38608
47531
52745
60769
36295
55428
53963
44504
44021
50127
45983
49223
25884
33143
48249
38925
35767
33850
52728
55464
43632
56473
36713
42897
30214
58473
57780
58023
42483
48241
41010
33348
53465
51217
38459
41946
54615
48423
45456
40786
58519
36795
28740
36137
51500
36592
54112
45213
50631
25467
34305
28206
48178
55486
39520
33721
46651
62414
28841
56767
32941
33680
53466
40480
59206
49260
47244
37017
38183
62786
35823
32305
46453
58017
65657
30380
40708
51927
51442
32790
51122
53169
45113
46271
28494
27845
45847
32123
56667
35225
40365
50930
32516
35544
57186
44745
48722
42061
54075
56628
61033
47507
57328
54109
64733
52013
44479
52089
45019
36119
52560
29940
45288
57319
50207
41383
44156
55379
38497
36981
31581
63187
33542
53648
34184
44492
43013
44699
61614
48186
43477
61081
57031
36869
32664
40035
36290
45087
47870
47685
46109
32460
54921
28070
36492
47439
50925
47015
51277
27402
36611
57235
51062
55655
53324
40710
46236
40699
36465
46644
40909
37677
55435
58769
50679
34618
53914
39044
38546
49852
33312
49082
46884
59201
35730
38798
30619
42453
40715
38824
56708
38347
60459
62887
58824
31259
37283
47969
40184
32282
40763
27146
47932
57659
52592
53245
29028
45483
63028
54127
52080
55302
51512
30128
44974
53203
49807
50962
57162
65056
36929
30869
36154
52739
61487
34819
59414
40138
36835
42483
39872
47319
44899
34487
45977
32040
56344
26283
62378
33031
46567
59738
35838
56818
32983
55477
53999
54747
56543
36966
34656
25263
46213
49229
59646
45008
52577
35009
38621
43625
60810
57265
62304
60749
56381
38328
34489
49164
31762
31832
26685
32353
43803
32363
38612
41425
54136
34202
42519
49720
62983
56580
63624
45410
53087
46725
41178
42698
61915
30438
58792
62326
35758
44241
55469
59639
32546
42759
36904
55379
35128
36816
41567
33557
56016
48424
41770
53950
48016
28582
51559
48579
52916
45446
45025
31623
46885
49037
31539
55572
55472
52177
61604
36836
53314
62184
48591
58020
45576
60609
26575
49270
30034
62171
49714
43256
60626
38143
52716
46496
41037
36324
37067
49809
40894
57435
56810
41047
38436
44159
55573
56997
56402
31388
27757
46748
34715
45474
43250
35603
27118
35469
61521
41402
56991
34955
58724
26602
34980
58513
64188
47714
32217
64401
42310
41417
32956
55645
60655
41650
55197
56148
47278
35995
39570
49887
58609
32947
43336
41809
43758
39239
59209
45505
42298
53754
58590
65173
51453
34959
37877
43366
28251
44224
32170
34944
38181
30240
56033
39172
34334
59727
31767
56002
33950
36285
47469
38249
45505
44703
59382
52136
48672
39228
57275
41765
31862
43052
64646
30912
41864
40531
43323
30941
37609
33917
57863
57786
49827
51362
37209
42721
54429
29839
36780
33759
61001
48371
27792
46396
42298
49910
30563
37684
33145
41309
42308
50885
39241
42491
62316
49152
49765
50712
29355
61124
33754
54178
48930
42707
63298
52654
34860
37961
48618
47383
55635
40066
53307
52693
42483
54785
33746
42489
63453
30423
39840
45417
32398
47720
48839
44169
29038
46693
29734
53323
44316
35159
53220
57140
38110
53496
56647
50916
38837
51923
53733
33614
47103
35694
35383
55897
56733
47295
34082
38144
35725
34473
40324
66103
48760
65379
45046
29146
56022
51797
35033
53099
41423
41408
31464
57102
53898
31956
58450
32807
56166
43914
60826
46265
37003
37830
31102
30651
51853
51336
31557
40395
57026
36133
53302
39251
63793
53645
48510
42303
32967
53109
43795
53775
46395
37900
34614
38776
31980
51344
57451
49057
63221
47968
35398
50196
33774
52263
45022
58119
43807
52934
42444
46007
42566
58881
46839
32571
63127
60580
47820
46807
41920
29272
37027
33134
49571
63599
44703
42325
45210
56342
41816
53641
32606
31907
58087
36938
52782
53428
39998
57961
41708
52408
50095
59481
49333
64048
50540
45806
50873
49188
46392
52332
50564
42587
40538
61493
38971
34014
54737
35069
56567
61774
64814
62095
61826
42546
61197
51753
32497
49566
47077
58463
48549
51870
60713
44343
38491
46137
42565
32743
50350
55552
30399
44188
34570
45325
57838
44960
50941
35852
33552
54571
53305
40024
42188
32738
45346
56587
46032
56320
59328
35356
62436
51750
53881
37596
28535
42840
50088
49462
43140
38129
30212
43995
54778
47519
37508
44790
56331
29974
35604
60221
50553
47645
29158
35509
39323
41640
47640
35593
54403
51457
34565
59132
47563
32402
37819
41417
44522
64591
35432
47261
57778
41110
32980
49537
45917
40665
46763
34083
42230
47645
42585
41720
41624
51674
58543
61989
65230
37759
45571
58637
57616
55885
49796
38122
53220
61151
39237
31728
50790
33984
44945
54725
49343
46557
54904
41061
59613
53469
37425
47921
37385
63589
49986
60682
37073
34846
46005
63698
41359
59505
53212
38249
60033
45822
33541
38642
41248
29366
37567
63498
44863
36403
60971
48554
58774
38660
53732
56920
36639
63810
29702
42056
42756
45991
55802
61127
55698
62155
38572
63082
59926
42396
39793
58688
37170
57169
28090
60321
61470
45065
52998
62905
47227
52104
60064
43961
53083
33292
34422
62245
42112
59322
52387
53837
61778
49787
43869
38659
38547
56502
60249
42003
60958
57383
45984
41270
33498
56976
47490
47592
56297
45646
51911
38808
50953
55934
48136
34372
59651
59347
43663
60314
60432
57757
40692
51624
59935
54939
47076
56290
64388
38652
37878
32261
67346
55590
42699
32194
32169
57757
54596
42975
53262
50500
37804
61470
34910
43803
42231
43643
41032
57475
39735
39913
62244
27372
38666
40083
51125
40292
38041
60251
46470
48212
58695
61784
52134
34213
42974
32192
56853
58307
41313
38892
38248
55513
38900
33196
41933
36522
53938
42308
32158
49255
44135
57483
37708
42940
65126
50502
48980
54033
34724
43396
37750
48891
44590
55495
53972
34679
40531
39674
38428
41422
37408
61055
36099
37902
47551
67473
50562
39769
51451
40394
42903
58126
42424
49331
50531
32471
43074
33597
58092
60701
32959
57428
35559
39589
55940
60580
49494
34063
49447
56995
56469
42964
53372
55871
55210
51455
47115
57738
39362
52166
61710
55412
35839
57001
64782
53061
46881
65910
50161
65026
38461
59721
36525
40114
46448
49420
56061
58825
30464
58393
51387
58658
32034
45512
60204
40081
40131
54824
57127
30220
49226
47530
50252
39104
50369
48634
63629
39870
38039
41875
63922
43712
59748
52861
37307
44830
54258
59114
67010
51916
65680
60032
44076
37239
52159
51496
37081
49986
50225
52314
58568
39734
48953
34496
59182
39904
49224
50341
61792
46141
41720
54550
66303
58535
61532
62125
38014
57020
62029
39263
60577
63009
44280
48882
47405
67918
33133
39974
39691
45186
60506
38690
60306
48025
40801
39180
39758
60830
34209
35565
47691
37590
58192
53411
45558
56483
35989
45194
58650
52794
37151
41870
64860
39012
52531
60225
46152
40668
42261
43619
53703
55158
36158
63989
46106
54724
42397
52961
59486
57928
56556
39634
35591
43690
59836
65000
36397
42422
64421
48943
61771
37084
69071
57333
57859
63039
56553
48728
56000
33411
65439
63237
37346
66193
41947
37841
44528
63257
37647
48500
44416
44964
40777
40916
60150
34214
56065
52600
42061
63808
43066
35395
44264
60538
65311
44146
61190
45865
45010
42334
51229
42274
42178
40019
39798
46720
56166
64349
61790
52973
42977
68960
49126
62789
50357
42979
42592
70196
44975
58282
35185
63376
45418
43938
52513
50475
63789
57260
69044
53769
34438
58560
36648
63278
58648
38261
58507
48924
63832
58104
61891
42663
41362
42154
35848
64015
68819
41229
51794
60326
41978
61614
54034
42120
50382
34250
57264
60473
39596
54910
50304
61020
55087
37953
47807
49552
60726
68171
44066
63669
40735
66091
50159
42970
43740
53492
36509
38426
48931
70476
48006
48282
67247
46143
65477
47809
42696
67715
59577
63400
39392
41655
47816
58659
54480
34432
61936
59816
45494
47266
41218
39733
61045
38370
62841
33761
42703
37405
50964
59292
53326
45562
42835
35907
56765
40044
54586
63067
57564
52209
51171
69364
39867
35562
52353
49197
44350
61078
37187
64413
64910
50096
36097
39041
62568
60901
53205
63545
66547
56454
39513
65830
66430
57390
42100
54650
54235
66160
52086
43165
51439
50188
33065
48774
61512
53072
39518
60374
61971
35508
53253
66312
51772
47764
42308
54729
39144
47716
38199
39685
57793
69199
53403
48930
60077
61215
48569
47698
68874
63392
58884
50961
50949
60767
46851
49187
41282
53288
61317
48934
40875
57127
48655
44223
58903
69968
41740
44521
47502
62401
62762
51383
65919
34726
49076
39184
55824
54515
60117
32375
45198
54155
55302
62256
45932
31149
53459
40895
67111
44579
67918
37798
35689
60306
68625
37858
34060
39502
39657
40890
50199
64776
40945
48773
59666
32933
56689
51051
60171
50382
70293
42802
43120
57488
38462
34225
47279
47472
43560
62368
65037
71752
52503
40711
48429
60566
62164
45144
62393
58590
60749
45923
54111
36551
55625
36004
48505
59509
55031
47245
64659
38642
38212
55046
64774
51016
51747
36927
41944
59767
44018
65579
48825
56246
37112
39445
40813
56413
40074
62332
55274
67792
40906
32624
63832
63765
48196
64619
42702
58872
47777
39354
55387
33025
42022
39735
49006
64752
51527
64561
56616
63952
57004
39260
44677
51103
41082
42115
58457
42361
50160
52131
56802
59679
38879
66992
40253
41220
42557
61676
49563
61226
61157
42516
70483
52529
36828
45732
51285
57860
61236
54287
38916
62762
42219
50846
49684
65696
54699
46956
40937
40763
54750
32693
55762
45832
70911
46387
58046
54579
46226
43449
59583
64244
60558
37966
57890
40397
50643
40440
56545
63769
58762
66702
53942
35332
45265
40531
58804
50411
33321
44347
43059
32192
65459
50519
51825
41456
55140
60323
37290
66035
39134
66569
67689
52065
46007
55190
56628
36587
34932
51305
58524
34246
62846
42631
45753
67969
52333
64466
44902
40434
35432
53744
38721
54962
58857
35160
62021
64828
47238
62002
54198
45685
50300
44408
54672
58463
54601
51821
52062
55560
45548
45579
64120
51850
59392
47907
51450
58086
70471
64127
49693
51012
66320
46349
58051
55943
55707
31904
35953
52064
43660
53310
59821
35989
57956
61224
42737
64664
46641
66690
42372
53783
42485
54540
62064
65553
48222
58827
46758
38541
64807
66766
57128
64409
42329
50215
44458
57290
54246
66438
60022
40406
60651
45947
41228
48254
63071
32553
50302
68589
46568
41635
56995
51400
45310
42456
61380
51154
44260
45263
44022
48439
63346
54443
61411
44827
70352
66618
63883
64295
71353
54727
54183
67234
59458
47694
41796
65731
44621
47040
63229
36253
38003
40097
53535
45311
60180
50637
59448
69823
57675
60181
53305
37664
41606
68406
45397
50186
49921
44781
47170
73348
49025
49153
44549
52318
44839
40055
47698
53038
66925
49343
42126
50560
60112
37696
41314
67451
50016
66120
61003
38125
67079
46479
43665
60264
54741
44709
59013
43516
41232
43218
35505
37202
40684
67201
41224
53053
63194
57124
56137
41281
64678
55845
51436
38742
71116
68972
42813
48272
39652
52314
51863
51388
62606
62144
54775
34241
50263
50567
53254
53778
60344
52460
41319
39119
60925
58381
38007
45129
54712
57961
37676
62937
64285
52123
37520
57104
69423
65278
58188
69994
55870
44347
46809
37982
47203
64313
45944
46930
65065
69034
35546
36546
58577
56214
48505
60403
43669
44559
61639
58001
66716
64363
45167
49971
39810
46108
63257
34629
59823
53591
59253
47899
63157
39540
67110
63089
51069
70788
43991
53226
66010
43823
57621
52714
56488
40033
68960
57592
65146
59686
65685
51071
55367
55411
63506
37292
58458
70707
47059
62360
47427
52207
47651
63676
64567
68024
54036
42994
64032
70182
54434
42301
43553
53489
49205
56877
49419
50043
66561
53268
61198
53630
58567
46349
63445
48735
65597
43490
47213
33479
51581
58292
47697
47206
45565
38023
49249
60526
50702
49941
45570
56512
40719
53130
35861
37183
56184
46195
58266
56550
49772
67168
53213
41995
67994
41366
68635
69840
50187
57685
63109
44204
72152
43752
55987
48539
67215
44830
40354
54450
69785
40198
59050
59879
61824
56928
38779
66051
37646
47163
47086
47266
56877
52319
58901
69984
49216
41138
68603
39637
73350
38459
57794
65321
42606
55067
37651
71812
45410
67237
44770
51062
59617
39161
62228
41902
49603
38200
36411
47963
54121
43692
50418
54140
45749
35439
45940
60047
67165
45898
39046
54292
60391
59411
64842
50164
66129
38136
54802
47264
53359
46659
43608
53242
66276
65736
39645
65001
48412
46382
38862
65674
60455
73092
55239
55606
51487
49268
52370
64445
51227
59357
59293
46881
48724
45442
47493
60905
62333
57381
61587
72108
72284
55581
59545
69120
49552
56791
55619
40839
37578
63066
65660
40235
62387
55669
63935
46509
47717
52493
41583
64012
73907
65976
41424
66806
34922
37415
41478
63587
46399
70721
56610
62097
50029
40460
60574
48354
62326
61797
73151
58385
44431
43324
56818
50061
66930
46254
44458
38752
39459
39602
59534
69756
51349
72161
52697
62928
53605
51691
65275
51522
45115
59974
43352
48865
58459
35672
62030
45698
60072
43359
54485
71133
66636
42427
49226
65287
73310
45500
59058
69627
45527
51847
49862
51823
68195
55344
57961
68807
55796
70001
57061
48181
59516
57195
44782
49528
38179
54914
46025
45281
61448
56142
49320
40451
57492
48419
47631
68010
52900
69112
43351
57522
36458
51264
43272
55000
59504
65779
67178
67778
45368
67454
38918
50980
45180
43675
56439
51968
47650
40028
72574
63510
63680
56127
47968
66072
39371
42552
43741
44738
74938
50414
65110
72362
53056
42400
50519
58963
62538
73854
69680
68019
56768
61823
68907
69683
47707
64682
71126
65737
46842
64263
48327
45758
51987
47716
45753
55063
54247
51598
43073
37090
40110
50607
34181
43444
61409
66490
66535
46430
41647
67064
37864
66401
72918
64726
45604
52750
49726
53141
51269
57961
49988
43364
48207
44206
59881
59396
60829
53066
50463
43033
63411
56552
44195
59368
41801
65307
53198
65313
54733
45296
48649
68140
45303
51923
52287
45318
57911
46025
61156
67988
65218
65843
54186
39865
61505
63144
42469
54890
61509
62277
55858
62566
63062
73468
40416
52275
53266
67039
50939
47052
59467
58074
71327
60615
53596
66998
55405
56322
54927
39685
50506
41480
51599
71307
54377
53542
44599
50771
42370
60945
65046
44200
40465
58902
45692
39250
59166
68648
46659
66360
65671
64692
50939
52410
42798
49420
51154
71351
60868
45039
70565
67949
67893
46202
64289
64789
50852
53641
53148
43703
65305
66729
65280
47164
60010
44175
65203
58952
57264
72031
53795
57627
69525
41875
45224
62433
50133
45997
61575
74346
45675
63234
54353
39555
43000
38673
56688
69880
64611
47303
57988
45513
57889
61357
70553
73311
51553
61502
72077
47692
64530
58541
46650
61253
75362
67776
51218
39701
56341
63738
40265
51977
50175
74803
65833
41916
65452
58530
71761
43307
44269
43628
45285
45868
71278
53693
50119
65550
48815
49148
61810
44430
55380
55742
67774
59110
60702
67809
61867
50324
47400
66646
51986
58368
69433
48869
57745
49943
70585
63826
61818
68409
51304
50689
58621
49702
60201
66512
53340
53670
61254
65021
46152
59631
51461
62856
65291
55440
69047
63265
44742
56366
51952
41452
42391
67333
66628
59522
62722
55334
65555
67827
53470
69585
58614
75689
65471
63942
53090
66189
42448
53201
64511
41067
41172
39260
58587
49753
54426
58086
69402
62932
59036
47252
71691
70061
74410
51454
49502
53072
52313
63253
47490
63332
52388
64493
64514
44852
47160
43125
45938
69590
52037
69085
56126
53682
66055
55722
54735
51984
73799
69608
62307
44143
55829
59126
43866
37391
65496
46886
66632
40886
53413
65379
66586
66960
42419
55953
57771
55377
48669
64735
39071
47504
64570
72133
67945
49073
40061
53208
50226
44290
45721
74949
65671
55148
41963
71369
45258
69100
45347
55410
70114
40000
47794
47093
47113
58221
38967
38022
41914
67165
44968
66822
66907
54021
44457
47735
63010
43626
66453
59612
64674
64062
44034
37485
48449
66682
63516
75493
64362
66692
57651
57664
46154
51252
57820
58885
51045
71607
52984
41171
54980
51681
48069
56604
63778
71478
63118
62196
49169
65945
62077
58982
68472
65911
74991
43892
46426
47401
52267
40126
57665
47775
61304
58095
50730
72446
45759
43257
61157
48829
67982
52411
63126
45174
49849
47515
61244
47148
48907
62319
53946
69473
62216
66862
64284
51420
53426
47910
45965
55226
73742
70102
53688
39327
38398
56683
45453
42979
44903
46669
66208
70508
42055
63157
43263
68592
50289
69658
48892
51975
47950
61357
43883
72386
47541
50995
58275
61426
55766
67281
58559
63712
57366
41511
75992
68734
66887
45158
61716
52920
50916
69937
66238
60105
67179
55365
66654
44019
63402
65542
72043
56511
50763
64128
51796
52301
51868
75392
43485
54868
42083
54350
64739
47637
64204
60329
62444
74983
67180
71215
73536
54402
64224
65664
66787
43452
69435
51605
38779
66684
61874
47105
69710
51506
52566
73715
72952
54782
56428
44119
64699
63645
53902
64382
43383
51181
59844
62547
44990
53610
67786
64908
56642
73499
76653
59006
60986
60508
47418
55464
70952
72455
55533
68893
51846
70798
54217
53105
46522
65569
59436
68376
47048
49978
74403
53562
38638
64720
52879
69299
66961
66780
50246
58715
62640
48313
65012
48563
75580
46132
43511
62614
53612
45697
64883
69097
70395
62227
52480
46669
56558
46011
67738
75553
50541
68256
67901
64341
51399
48211
70221
45147
65230
77620
47973
74511
56261
59579
53925
59119
55005
70037
67634
54288
41631
57175
53075
55480
60710
56577
68917
64799
55179
71607
70945
63746
64829
60163
64270
63257
54400
69843
57582
56807
68643
65489
47280
44641
49455
74099
59568
61285
70961
45843
69251
77385
50283
56986
69082
69092
52527
57478
57398
61178
61173
65150
54239
52630
56556
48115
61595
66573
51506
46839
56130
53103
73870
63384
72441
54355
53256
56280
48322
45645
54870
55788
51265
59745
72562
70243
69866
63799
78541
62351
46663
63139
59196
50348
52229
47981
62587
65110
64573
75813
65817
46799
60836
54754
57368
49901
73549
63046
55961
55345
42613
65511
69390
63746
50275
46144
46624
64830
67494
55102
68800
47836
74717
48698
48489
70155
64642
65712
46662
67628
51553
66659
62856
71912
58999
68504
56250
54239
57272
54346
65776
57368
48626
37748
46558
59791
43131
47848
63814
42587
51244
63873
62099
57073
54657
51728
61915
52176
61721
65786
55112
76951
56843
71361
67121
58824
46939
73976
63023
65547
71100
49904
48187
58715
48656
47560
48202
65719
49850
72952
48172
40083
44291
59414
68458
50953
65502
50579
69008
66746
48454
78744
49441
46223
71016
56145
75089
75732
54494
52895
70443
54211
43437
53102
60473
44755
49422
71956
61354
66001
57938
49687
57353
72896
69786
54957
69992
57353
73542
54393
54142
66710
70628
68758
64349
69132
68719
77400
68493
64283
53950
56599
40061
69199
48455
49481
49646
78947
63621
68789
69828
51102
62448
51566
73686
44943
60896
61023
56849
65412
64648
41646
68687
51322
69650
58928
46422
51962
68888
60327
73257
57791
54145
59000
60778
43082
57098
68280
55434
56601
71950
51266
60371
53884
70969
53775
51234
74362
72960
76879
64213
60620
41512
53831
48662
42726
53769
56949
54886
66465
65358
61596
42594
46830
68095
63052
53105
71535
76666
68076
59692
64230
45841
62101
39766
63257
66704
47544
64843
60837
70158
60814
38375
53845
50863
50012
42642
52804
63967
57780
64211
70523
69355
53002
45017
75290
50688
70891
71172
57394
52329
63513
67991
61922
64050
51617
73783
64684
42636
71716
69633
62116
64968
57449
43358
62451
52309
68870
68397
61005
58596
66265
44475
64523
66109
50677
73985
69988
62234
78226
56001
59719
52911
45810
55286
69640
68045
55276
54868
61857
81028
59511
46508
64114
46570
74886
52472
45425
52980
68788
55609
73039
57106
60028
67326
67696
70674
77139
56518
72600
54896
56861
57171
64952
63083
69277
57416
45048
59414
52099
53337
47884
52362
54611
66361
48225
56237
62777
65703
57384
76982
71651
59372
56432
52797
51059
48884
49690
75746
65417
68532
44721
57965
73919
72620
47391
47286
67041
44319
51185
67325
71740
66381
40440
66575
41620
50245
59632
62998
68151
55141
70473
66619
55452
52153
73318
54186
44228
60099
66520
53857
51793
60404
48513
50379
80616
76441
45773
68792
53158
64509
68560
58233
51777
66532
48461
48402
68617
51961
42887
72675
65822
61793
75090
53474
61171
57877
44253
54891
55732
46182
44983
56701
60953
56192
75401
51109
47738
41963
74583
63295
54052
60008
49339
55613
66511
65622
60759
75164
51661
55621
57810
71812
65507
78435
58861
62528
66352
64467
61563
50221
56057
40365
71168
69058
49057
70768
65336
67442
60247
68602
48930
67878
58917
76437
67095
57682
56380
58024
55893
62999
71241
44880
46859
55838
72425
70835
70549
58157
77272
74813
49139
47483
60363
60920
56726
76799
66000
51402
55137
46134
65400
59941
66259
70804
45616
60419
71704
60433
72452
43992
77471
66106
51469
72991
67782
57885
60532
70380
63609
43783
65023
48845
60674
74654
56072
66683
46414
70173
52202
71763
70935
60284
58590
48514
70735
55200
55539
55493
52081
61936
67930
44732
63376
58257
46562
44825
60841
49111
62687
67984
51123
48928
51620
66259
79259
70688
56384
64178
58948
57059
74226
55837
43398
73288
76639
63187
60309
50831
75754
75491
66017
43756
53935
58055
44426
60993
62884
60436
73031
42927
69733
48434
54448
49969
49033
69750
64023
45658
68194
61985
56661
70365
59466
74472
47379
53942
58730
51085
70948
57696
45400
68830
63476
50934
70236
48397
71561
60540
52343
46779
44374
73580
79635
76435
67986
54393
42317
46865
58783
62929
55617
73220
66271
73025
46563
44899
74056
54508
60089
66446
60797
54773
65310
58932
50216
60122
76987
76488
54603
60171
72864
48586
62761
55197
67054
63409
51320
68683
76852
55972
52563
75298
71396
74103
54112
60654
44490
71074
55826
54970
57838
56414
73666
63226
52640
63933
48931
55105
60073
56593
50240
66401
66860
72006
69298
53381
68701
56623
60819
59624
68270
56610
56388
77412
46429
63745
54997
67952
78261
74919
53241
48778
74464
64666
51401
56353
63115
61178
47846
52974
55559
64136
49405
53553
71691
53686
71093
59105
71843
66325
62656
69531
69867
60086
61732
45198
55950
72992
72552
56587
70641
53539
75212
73039
51210
75529
66186
63511
75669
64360
61731
49903
59272
67777
80721
78673
57236
73016
71385
48229
61609
57126
55906
57832
59349
74222
60192
65925
50177
54492
71639
56520
43777
62158
69336
66326
69756
65235
75643
43337
62357
58208
78724
49743
71348
61769
60225
69369
74590
81723
50882
70047
61802
56931
81162
44569
47648
62475
60947
63986
76105
68742
62322
58606
53775
72899
66670
74310
64015
57189
79059
63162
48917
52746
69122
52363
79441
48865
50188
65305
62872
70766
62569
73583
50539
59416
66054
62588
42951
66817
49673
59541
76864
49661
55567
70624
69203
45810
65790
53662
72518
59903
45105
44988
58541
75268
55409
54134
75213
72123
63697
71697
74664
72292
56394
66611
70850
67380
46277
61969
56684
46967
45437
67711
48264
66600
60160
77566
60089
66612
61100
69633
46841
73004
81365
55303
55003
64677
67491
69184
70228
54014
58994
56555
57328
49318
77888
72207
48760
75172
50099
69272
43683
67817
59942
67002
78756
69954
43631
80174
76296
58301
69500
59878
76695
59663
66461
80368
62381
46502
73822
51079
59311
71014
77199
72136
52106
72474
57901
59401
60049
66186
51121
44758
52970
53676
68626
44208
53750
64591
47967
68271
76920
65017
64721
53572
59630
62244
50530
68761
66354
68897
48798
61945
70693
75572
82615
61144
64867
63527
59236
58530
68452
79709
62589
66547
73575
54371
66283
62261
71524
51180
62236
50109
63841
69291
72233
66441
61195
81756
66874
63411
73612
66191
49925
49937
58576
50271
65154
59540
63436
65833
67425
52946
60948
60211
70283
73621
53874
47589
49611
55668
77271
69830
60748
46146
59727
59983
65143
70796
64081
71238
64003
52840
49460
79108
61083
68352
79186
51354
70864
56165
53721
58420
77119
45273
50913
48401
60097
65399
73145
55147
56991
73064
68880
67626
75167
61521
76951
53690
59262
47662
51936
64095
73630
67226
72158
55966
62039
75416
51106
74159
57863
75178
53237
77704
68095
73845
50427
63938
59422
56609
60569
74810
80187
57798
67912
66870
71758
74885
77581
53619
49423
70870
77869
55098
58541
77931
68040
50182
58745
59364
80071
45320
66018
77784
71272
63543
64994
56219
59172
75012
74150
46929
68556
60062
56891
63172
55461
64053
53718
64548
55278
53388
52658
51184
62554
54498
77153
50628
65603
74876
65065
57296
75785
70198
48544
59334
66108
47454
51707
57186
62246
83297
52587
61805
68509
55885
74189
75096
51029
83109
73785
66848
72737
72781
46471
63835
75626
61555
54196
60945
56377
53672
59776
74843
63651
78670
67610
61621
64208
71393
49805
80652
63388
74119
73744
78009
55242
69403
53105
64710
50272
66241
71297
67590
47239
63020
53639
80006
77178
55788
66217
56731
76513
69301
69382
67006
66315
54327
65214
49812
50851
56683
54247
59022
74122
52899
58330
73665
68433
56575
46617
54885
50132
67894
79303
71649
65833
57077
65331
67136
77752
50367
53281
50546
48966
77141
57340
53274
68613
44489
81729
68368
54654
79433
77202
58773
78093
84026
79592
74804
57064
69257
70407
46948
53277
62233
77570
51373
67148
76292
61308
52304
62878
68245
56918
53470
58070
50041
64231
76615
73965
77290
65700
53226
46930
68319
74234
80798
61807
44244
55856
62309
49127
72204
46453
55861
61246
70774
54389
77222
56723
70716
57318
49459
55338
69714
51041
64496
77807
73284
61470
66087
67729
61164
52529
55953
60119
69423
76733
84454
77516
77817
57871
62487
60864
83969
75388
59799
54435
75573
79409
74560
76115
80109
57992
56973
71917
48510
60793
57578
74094
66226
75585
56047
63712
72117
73423
73420
63533
64642
55002
60035
63580
59807
68632
77294
79241
75392
47063
70405
73296
80877
84140
53435
65369
64340
51471
49008
61718
76804
52825
73880
83035
52381
67083
66955
70705
71152
61454
70575
70825
61707
80027
62715
51332
48639
61351
52205
65100
49865
71769
67933
58817
85029
70291
77853
81575
64242
47563
65563
57666
68729
84428
60765
53580
72439
47460
75646
53203
58558
57459
76212
73693
76434
78563
72076
82380
55880
49199
60095
72844
77442
53226
61824
62535
58261
59173
62749
66582
57684
51621
82266
46786
65719
80355
63010
51540
67056
64936
61585
48582
51952
55257
77947
54610
51838
80739
78848
68345
77431
58314
68703
59172
71545
61516
78945
49186
48358
76297
82190
69078
50760
74719
74037
68380
81321
50922
75682
57730
67383
60222
78386
63363
72011
82222
49495
73045
70355
77641
84294
68741
74274
59813
70023
70360
55541
71891
62709
53125
50610
60107
75369
51836
69563
60397
69033
65546
67505
76325
60633
81000
65770
81277
54885
80868
63744
61670
66764
56547
69540
78619
61666
73610
69721
58455
78100
78181
57561
78499
55966
55209
59408
79437
74638
75243
61811
67081
80481
50263
75658
76465
50828
71472
83887
76590
69599
53361
73926
60695
66626
60970
72659
76219
70338
71631
52838
75141
78662
61138
64264
73029
51269
51781
71058
64715
62066
70247
62647
56056
72160
81291
63242
78624
85329
63178
63635
79129
58876
57732
72603
79157
55810
59332
78315
84813
64558
69724
55262
64596
76786
48792
53640
76043
70716
55333
65808
62639
60736
47853
50891
71433
55556
62772
70038
58113
84818
73987
55069
68300
72296
55467
63373
74399
66890
57490
72860
49229
54022
70514
76894
61565
74236
63091
53881
79146
82478
58962
76852
52944
65772
75202
52955
55334
63446
74587
74815
61561
76747
66689
84036
83148
71034
68484
60033
67624
62227
53886
52943
60099
67776
69184
55378
56199
61958
59645
62761
82411
59796
72564
48621
52704
50929
67415
57224
70437
55794
71614
77368
50504
77220
55645
66032
79348
73457
56868
63396
82152
52547
71720
81988
76888
75157
72693
53138
77397
75159
57116
68518
64332
52604
51772
72059
63751
56784
60423
72866
79074
60038
75433
62948
53638
75524
73066
68706
57109
58509
47290
73098
55634
66307
69094
72751
62488
69064
67957
69355
53193
73203
74029
74817
74125
47281
61979
76184
53701
75980
75567
83790
52055
82749
60910
79050
72179
77145
52974
59078
73637
72425
70171
57107
82732
83537
63973
61184
54450
79058
71560
72018
69813
67013
68469
63050
78128
80672
52994
60494
80519
73474
75371
54894
58106
86482
64652
75289
51815
51475
62900
67436
60879
61621
80521
69352
56034
79235
87695
76205
85841
60298
74185
63426
72596
65288
61679
54676
61649
82242
66082
71461
71673
75241
71474
68416
51147
59111
75677
56083
54916
76594
80046
64664
62034
80278
69864
54535
58466
74163
59005
80845
54124
83697
71540
77310
60095
65670
64893
55403
62915
74437
64478
72184
85334
57474
65739
71781
56265
73387
57248
69633
76799
67992
75043
84799
70718
64388
59560
49012
76885
78375
78635
73853
58661
67673
74259
60482
56377
80211
57130
64570
81479
80392
76943
66658
65332
67580
69738
59130
76943
75187
69055
62958
75519
71283
58397
54901
65725
53409
82080
52818
78660
62964
79983
67598
76195
55379
73618
54847
51023
60520
67040
85370
62298
51620
58220
73042
55087
77334
60317
59779
75417
81196
61985
58440
58763
69211
63393
78131
61203
55033
76433
60714
67085
57424
66887
83393
77751
57538
66175
67997
59248
73792
86230
83869
53931
83026
68653
81929
67779
57443
60333
83601
59635
72824
74210
54621
68106
68860
54631
78841
80606
85769
57154
54225
74317
60493
78642
62971
62779
88708
79577
82999
83751
70728
68991
59144
77562
85286
69571
60791
65207
53693
72812
84434
84576
69208
67528
56045
53466
88445
66384
66269
61532
67095
60971
51604
63193
63530
78760
73864
62607
55869
63473
79772
79424
61860
61956
79403
54708
56969
58492
76122
52904
72710
82175
82260
48499
85499
56999
81395
74963
62163
74651
63876
82187
85809
74098
66609
62196
79665
65116
54606
75854
64478
70025
70306
55950
76170
72228
66282
80992
61095
80574
65855
89228
57458
69791
51686
68412
80727
77135
84104
81589
75822
74936
74129
58213
63260
51142
81163
66566
77035
79531
64157
84123
60256
80549
76699
58400
80300
52397
56914
54153
86252
63906
83862
55539
71809
56312
87578
82078
57098
60001
64438
83170
72366
75875
71111
56134
86192
55997
54095
54493
71921
66046
58903
57913
66039
79436
86837
59284
52053
68013
80763
87051
59465
69644
72640
72106
86110
69073
63397
75685
64276
58780
64865
69189
79319
63844
83991
75248
58415
65048
65021
90348
76950
60394
86576
66687
59755
58716
77039
68005
81837
71616
81940
67635
74398
76687
76465
63844
80472
86283
57331
73401
67052
57763
84718
69187
80836
57430
62179
61602
61324
73912
78711
75221
70247
86414
76514
83241
66586
62646
72315
58525
66917
71608
78728
77271
68077
58171
70660
76720
77877
67641
79742
66440
51046
62398
51232
82715
52583
65176
79796
81928
61275
84226
79571
60450
71334
74999
69831
61858
55009
72337
63884
63711
76975
54036
55259
67340
76925
72892
79814
85921
67744
76243
59733
57162
73911
86998
60741
83656
72712
58052
63678
75109
73750
65688
57780
82898
62234
68801
56107
56683
85916
79004
81072
69006
56028
63861
70931
54821
59459
79203
71895
85602
63911
53512
62565
70541
55016
64598
76993
82376
85205
73088
62912
62017
55123
51442
56692
80620
80328
77867
57905
61290
66196
79054
64744
64757
68609
66090
74407
86690
74508
75998
68973
71325
74958
69491
72737
79859
65811
77941
68046
59556
57710
75687
88967
78277
79068
54644
79494
70979
86691
73924
57525
73525
78111
65262
54621
84718
75540
56197
59804
56161
81381
78100
81749
76592
68828
74017
82885
59511
72215
59748
65566
82628
64791
58299
81818
82763
74846
71361
75507
73697
67963
62642
71835
87363
83447
67455
67983
53174
70255
58555
56345
70844
57910
58661
63470
84229
50445
86835
65724
71408
72099
72978
53509
81566
58600
82837
62426
72408
70275
53155
86164
52369
68508
84184
57030
55174
80928
82664
62856
79162
80955
68505
75496
82024
58738
66546
79737
78253
75156
74690
73246
60928
67654
58488
74586
82656
78450
70805
69075
85333
60041
69975
62137
83001
65775
81915
57369
54689
57700
85914
53335
73255
81158
81331
63699
79146
86000
83155
70388
84717
70198
81191
65865
56117
56212
83400
80442
70673
66235
58338
71204
79205
78519
83966
78750
58362
63412
59441
79642
72673
65383
81964
81309
80327
84152
65256
70416
75792
76103
84609
71091
77722
72536
72281
85393
72651
85423
84488
70126
68220
77766
59616
56735
89602
80259
71135
56703
65583
76536
84895
70085
85545
89818
70128
82100
56923
76830
70847
65694
52920
60195
55403
77215
81585
86602
58763
65360
86853
68044
70652
79635
72613
60903
66107
72975
92060
62295
81793
59491
68008
82027
82200
85762
63540
80614
61767
56236
56996
68627
76176
55305
87251
88808
78325
73602
81280
79292
66925
69030
89972
85838
65660
70437
75029
59241
84573
51768
63255
82902
78441
64295
52011
62350
61347
58948
71345
81695
75551
60770
75361
89566
75275
87059
82200
83124
81881
61811
60589
89103
58387
53604
79465
60234
57259
78589
55861
63299
71507
89846
58039
82602
81285
77498
58179
74489
71419
68692
84055
88683
54827
62818
82684
81626
70915
60586
80509
78636
57079
80861
82359
59755
79658
69369
53218
82466
79697
56748
71961
71943
71164
87471
53160
74213
76178
70279
66115
74187
66116
64082
62926
84737
64470
52873
64441
66904
82916
62358
55425
76955
60382
69473
79307
65743
61130
57685
60879
82441
86703
87474
66761
88263
77378
59551
76886
59682
57975
77591
55833
81504
65180
82790
81437
61245
61015
86499
64044
76328
65218
59901
71739
60861
78253
82417
60983
71075
74888
65380
76403
66508
71643
69969
62800
65212
61293
79397
66973
57759
70138
65167
74195
70594
86159
75658
59773
75575
88816
83783
78636
66012
75163
72306
85056
90136
69072
62887
81290
86203
73089
78381
57612
64234
71599
86290
63725
63631
65327
66821
72775
75491
61196
57461
64151
75179
79954
66038
62747
66001
91349
84824
80321
84546
64718
61423
75457
70250
51818
64232
71839
76651
78760
77744
68541
78980
75268
69724
69266
57381
61591
79206
81641
58301
85473
67279
91208
59965
82070
77708
84015
70901
55440
71743
85649
86957
75783
62522
68536
78476
62549
70688
85087
63568
89762
90967
85802
81562
81095
58460
64723
70275
85389
80715
77552
80591
67966
90326
75632
55994
56954
91750
60682
67549
69668
58480
67041
64168
80400
78788
54669
80299
84348
90073
75469
64440
54850
66218
80394
85598
74751
77949
70076
88378
77007
62692
64418
63283
69569
60778
56821
79755
75730
56178
55617
55034
80172
85508
64813
82016
75263
60545
60726
87044
60630
75817
76511
67470
61518
62912
91128
70880
59450
73272
71049
82332
62664
75962
63075
71936
69109
92771
57479
74588
73803
93563
69139
58875
81149
91331
74617
79539
72582
78768
80604
68720
82974
57175
81571
68182
84016
83183
63569
74127
66034
76544
83314
53676
66186
67023
89111
64522
82389
72021
73536
82086
70754
90146
63511
64405
67594
57531
78838
66503
77211
64627
78253
84743
69833
55075
76102
74164
88857
73458
59275
89873
64437
68600
82700
74803
84733
62396
72356
74455
89486
78891
78750
73510
61705
61118
91459
58545
87320
75225
73190
67475
61066
72676
59446
82862
89343
75845
73022
89873
69420
83262
86006
91170
56071
66950
73021
67822
81938
88124
67804
88361
82641
87808
87646
58097
72777
84380
67805
67482
72152
85383
84714
74102
67926
58042
68529
71375
64690
81395
67801
79418
76608
68033
59263
77582
61529
88925
62118
56999
66950
71499
73668
79227
74306
81995
72374
58936
62756
64049
67519
69568
68203
77623
63227
92627
59189
59710
85557
64617
75025
62728
76487
77152
90241
91970
80797
73642
58848
63637
70204
79717
89137
67192
88962
87569
86341
70187
89497
66678
71887
77905
66685
85124
85055
77467
77640
86724
89683
61056
75621
57644
81418
70436
58871
85993
62567
62716
74870
79194
80054
92741
81794
63425
75803
58712
67387
65749
72756
68238
66255
59234
78492
78929
81689
81002
72327
81069
71791
76443
71020
88369
85750
71976
65830
91323
59597
87767
77135
82466
72891
83526
83786
63407
83687
80075
68162
61214
84156
84198
82144
84605
68740
69348
63211
60811
70177
89045
74039
63118
63567
61233
85533
75977
67222
75984
92144
83040
67197
69592
62874
72197
78916
68797
59521
92845
89057
74339
78062
76350
77506
73270
80690
91615
73124
73739
57372
59663
84793
65208
79992
73920
83241
62641
77805
89341
70066
61655
89073
62809
72278
72467
83825
92838
59395
66652
71304
87209
73406
90152
64668
63224
78288
63647
75862
80048
71168
91049
89983
71930
88755
62797
95613
81005
72221
65588
68854
57379
64187
60732
93126
72047
62322
61892
79370
56111
87903
78086
66147
65258
87350
80307
67289
86791
79306
85837
62342
66648
62141
89238
77462
67642
65911
70104
81958
81334
65755
84183
85213
71744
66827
66918
58910
69837
57608
79354
88148
79900
74228
66295
93215
64850
81589
59646
69022
63888
66137
60045
64656
79931
77811
58905
57129
68498
79218
58294
57598
64253
67991
89992
79988
72230
71849
59018
55855
75570
70607
91416
64608
77385
56387
75694
66489
88893
77904
83045
77566
79578
61033
60095
85958
62692
90140
74714
64783
69165
81042
66257
90911
82372
68296
74882
59534
84515
69320
81769
77944
62685
80780
72075
66686
63235
61938
77830
83470
77244
84030
80578
82698
61929
70007
94203
85062
92090
86102
70001
75327
76658
64304
95800
61938
71857
63227
55064
81681
84299
64826
80795
73187
81672
78140
65648
89382
60956
68852
88632
64153
67584
69514
85137
85499
85199
58822
90624
63388
57082
71170
86433
85675
83594
88159
86514
58319
65879
71943
63840
77226
81809
61100
83410
91442
86953
55567
73639
73257
63926
89773
65000
76465
63362
80536
86799
67435
87468
69080
69112
62882
74680
77352
81880
65031
66913
81054
83605
63224
91588
71572
86246
92635
64653
90255
64702
84711
56563
83414
61776
60128
70401
56309
85934
69086
86061
63165
73140
88656
86623
73453
83600
66758
79905
86288
66598
59957
61978
62324
57647
61672
91364
72365
68713
81847
83265
71873
84799
69452
59582
67921
65463
79470
60092
74465
82532
85540
64221
75082
74621
85964
67140
90055
89381
87385
63074
59597
88487
85444
60248
78462
94281
75900
93953
55484
91065
75372
79465
65833
79140
79818
74013
86611
64693
74050
88176
86283
92605
67111
74718
64218
84070
80979
70207
75243
72582
65292
88570
80347
62089
79773
87320
63939
68793
78964
88275
70809
77482
77798
85584
83174
90981
90745
87267
79161
64094
61916
88034
93680
81714
71639
75221
65219
64717
75579
62150
88007
86788
75769
75714
73436
85143
71501
65854
84761
71163
93761
67375
78832
63105
86554
86458
89434
85901
65148
82680
69305
72914
68639
78640
83383
78582
87567
79590
70995
77717
76321
75329
60921
87615
83983
88766
79601
95468
72650
79126
85672
66784
81695
76521
66192
87413
80331
86322
79323
63261
82434
93559
74404
68706
74307
69674
61012
80797
94748
85457
64557
62409
71109
93487
63627
75827
78175
76340
76167
76201
87263
77418
95534
67542
83439
70425
81145
63150
78761
80164
70481
87957
89678
77531
83706
93987
80134
70519
64442
92947
67587
67383
75205
79965
90453
63987
70649
76786
66957
59664
93227
64004
68422
64106
77035
75167
77543
69912
70082
83456
92743
66522
74218
81579
80799
87949
67166
69939
93104
67861
92511
85486
79035
96811
62465
88163
84785
74924
89540
65644
71325
80703
71286
59773
80096
75828
72675
73649
90463
62307
64446
71575
93572
70890
78303
77293
69613
80738
69273
78868
88400
91165
76193
84279
80141
74175
81516
70144
60192
74019
91698
70892
82249
70933
58587
83326
81863
76035
62188
63229
88110
78891
71037
88501
70371
72013
84016
95725
73586
92262
78097
79836
62069
87491
65919
74807
73736
87612
59263
64542
65740
91863
65391
77326
78808
68456
96237
91629
79532
76288
77194
63501
71959
91822
77563
82764
75797
67073
78155
68642
68773
91211
82250
94009
87814
89701
77682
90558
77424
56707
74858
86646
89866
78524
85689
65525
76331
82513
76867
78710
93307
89337
78923
88258
85192
81260
82646
67707
69543
77025
72307
83001
80413
70447
88370
78832
81746
86638
86572
64483
80131
87764
79738
90748
57516
91618
72603
60709
81230
86232
85760
90956
75376
87513
88787
79900
73011
85898
67632
86982
66900
63814
87639
71808
94922
95896
62651
61592
81159
82674
62054
80506
68804
64603
76426
90980
92575
87062
74889
89489
90683
60737
90000
67950
97249
71831
74605
65919
87471
72749
67308
72656
74813
87414
92003
91434
86323
85933
90207
92413
79283
88448
83479
83258
85149
89980
83390
90988
92572
65367
93470
78111
77521
61359
78381
88139
87550
92327
68412
96031
71905
91443
93822
63944
68866
94624
59544
69749
83014
79850
58430
81691
79082
93354
90514
81454
67327
78226
80758
88892
88356
75224
59919
82622
82984
82020
73102
74559
83122
62482
95256
89644
74544
77454
91398
83800
71543
57848
65168
76975
81571
66503
84632
67573
90006
79588
93765
69699
86300
64026
79071
81666
80322
73917
95579
67221
85581
69734
76662
73726
92906
71011
62046
65950
83682
62561
61337
85036
79705
67568
79239
65260
66325
80308
66918
81114
58442
94320
86569
80934
87994
75151
74197
79959
78082
78188
68928
72292
75349
97624
58141
70899
92103
91649
82622
78435
62823
89446
88907
85855
67839
82470
71940
91471
95420
84053
70305
92111
89291
81898
66297
77084
86306
90502
67176
65451
92852
77867
85773
68998
82293
92096
68529
78416
70293
83159
66007
91171
69060
61997
75400
84491
69310
73063
85414
74146
94018
63660
81927
80741
92693
67272
82110
95400
85538
84433
90059
65471
59165
63762
67656
72229
88767
73690
63821
82974
78662
77223
59565
81474
61388
61846
92760
79556
71755
67400
83099
78674
77467
65820
70472
92883
72465
72362
82809
72180
62917
77876
73784
71116
73533
90609
65943
79722
79971
89856
78115
69449
78354
93404
63578
73047
94054
84056
60451
76277
83482
86750
63263
75459
83983
80694
86820
90503
83769
58689
59684
88620
66578
93349
75553
70430
89706
86086
89547
61039
94962
86797
72100
66693
90327
76657
86890
88489
62272
60577
85703
72122
76093
66160
80190
70557
93848
68990
76408
91202
78937
96594
66373
68655
92059
72803
63678
91462
78064
81765
98186
87992
87615
77407
72588
82807
69850
64653
87777
67819
65420
66938
66577
90630
84825
73425
77557
80293
71659
88897
79371
63935
76526
98087
63447
58491
73053
80037
69871
60696
96054
82843
72809
87504
74212
69452
94707
87874
67356
80715
84820
63345
91323
76596
89754
77899
61525
72263
96935
65823
71938
86974
95127
77801
76638
89474
80774
76713
86794
66256
76896
65792
76887
65442
67407
60749
90736
68984
85456
63865
60087
93486
86600
78806
85603
67867
67948
96304
73445
72306
76093
78134
73397
81994
94283
89849
71538
78686
86443
65296
75589
78570
97351
86944
72351
61160
72754
81771
69417
84480
71294
67135
90988
85317
73001
78642
77457
65091
89713
60813
81103
63824
79993
77040
69454
72264
74790
67850
77081
87910
73720
69044
68028
71642
91346
74261
88825
87640
81932
92112
62142
69715
72275
92429
76131
74193
88693
85059
69507
89287
69545
82690
66808
90467
73712
85304
88552
70386
83146
89836
83621
76729
64266
95250
85469
82446
70912
80736
62241
66312
83008
69000
67428
75482
78956
97704
63780
82474
85103
86144
68352
85204
84413
82210
93008
68226
68421
70208
80581
