{
{
{0,0,0,0,0},
{0,0,0,0,0},
{0,0,0,0,0},
{0,0,0,0,0},
{0,0,0,0,0}
},
{
{1,24,7,4,25},
{9,16,21,10,15},
{19,5,13,18,6},
{2,23,8,3,22},
{12,17,20,11,14}
},
{
{1,11,20,4,12},
{22,16,8,23,15},
{19,5,13,18,6},
{2,10,21,3,9},
{25,17,7,24,14}
},
{
{1,15,7,4,14},
{9,23,18,10,24},
{20,5,13,21,6},
{2,16,8,3,17},
{12,22,19,11,25}
},
},
{
{
{25,4,7,24,1},
{15,10,21,16,9},
{6,18,13,5,19},
{22,3,8,23,2},
{14,11,20,17,12}
},
{
{0,0,0,0,0},
{0,0,0,0,0},
{0,0,0,0,0},
{0,0,0,0,0},
{0,0,0,0,0}
},
{
{12,4,19,11,1},
{24,16,8,23,17},
{6,21,13,5,20},
{9,3,18,10,2},
{25,15,7,22,14}
},
{
{12,4,20,11,1},
{15,23,8,16,22},
{6,18,13,5,19},
{9,3,21,10,2},
{14,24,7,17,25}
},
},
{
{
{25,15,6,22,14},
{4,10,18,3,11},
{7,21,13,8,20},
{24,16,5,23,17},
{1,9,19,2,12}
},
{
{12,24,6,9,25},
{4,16,21,3,15},
{19,8,13,18,7},
{11,23,5,10,22},
{1,17,20,2,14}
},
{
{0,0,0,0,0},
{0,0,0,0,0},
{0,0,0,0,0},
{0,0,0,0,0},
{0,0,0,0,0}
},
{
{12,15,6,9,14},
{4,23,18,3,24},
{20,8,13,21,7},
{11,16,5,10,17},
{1,22,19,2,25}
},
},
{
{
{25,11,19,22,12},
{17,3,8,16,2},
{6,21,13,5,20},
{24,10,18,23,9},
{14,4,7,15,1}
},
{
{14,24,7,17,25},
{9,3,21,10,2},
{6,18,13,5,19},
{15,23,8,16,22},
{12,4,20,11,1}
},
{
{14,11,20,17,12},
{22,3,8,23,2},
{6,18,13,5,19},
{15,10,21,16,9},
{25,4,7,24,1}
},
{
{0,0,0,0,0},
{0,0,0,0,0},
{0,0,0,0,0},
{0,0,0,0,0},
{0,0,0,0,0}
},
},
