748
2397
4139
4681
1003
1592
7282
3721
7512
8414
2295
5706
9973
1888
525
1579
2681
6911
1711
10
7699
6778
1315
8941
8186
7544
4315
4567
6973
7406
5344
8205
6368
5341
422
813
5187
224
4533
4953
7549
9592
9777
8986
2843
6495
9844
9322
7360
7718
1791
3218
7517
7119
4467
1344
174
1641
9053
410
6837
9992
2730
3695
4485
8360
6760
650
7194
5293
6104
2069
4949
40
9573
3607
2821
8396
1000
4213
5851
7573
3912
3458
368
2986
1125
4134
6979
3669
4424
9695
6172
7682
2196
3634
5028
526
3487
6654
5838
6632
1447
9834
6725
4321
1489
2827
5911
4113
7056
562
455
7365
1728
8773
4734
1088
7224
9321
6891
6940
1074
5241
5668
6466
8638
5361
4036
7371
5071
7168
1925
2891
2982
1266
5528
5888
5133
6057
9245
2898
6329
5769
8894
3103
6148
9533
2026
633
6870
4448
6951
8143
2684
160
3588
378
7085
2168
5699
1323
8058
7619
5958
8
721
906
764
8164
8004
291
3863
1742
9701
8531
1424
5408
505
4600
1065
6289
2122
6378
84
3740
7927
2842
6420
5054
4030
3132
6290
3948
1449
7393
5466
646
1038
2640
1559
1540
513
2726
3108
4675
7190
9549
7971
7807
1068
7616
9509
426
236
280
9975
2712
8119
3090
3889
8701
3
8313
6792
5763
7797
2935
3395
9345
3795
2750
6780
3942
1874
8130
5250
5278
7973
5492
2913
4676
2554
4058
2896
4863
3699
3599
6968
853
8760
1786
4350
6879
8058
1205
4130
4808
3552
6279
10
2237
4236
7518
550
4680
3250
2103
5604
5870
5393
2726
7188
5648
7565
9424
7168
6088
2069
9579
8281
5842
4357
6694
5113
8755
3767
7965
5424
6630
3030
7189
306
9589
841
9287
1546
4536
3729
2000
6642
6986
5842
8630
8575
7546
8959
9602
4542
8207
7538
5789
7779
108
960
9350
784
299
5930
4569
1982
7197
5556
7529
5235
8273
9100
7602
9593
1866
4826
4164
7795
6087
402
3351
7965
1487
8350
8648
2018
4076
8879
8208
9473
838
7188
3058
2012
5427
9020
8842
1463
5255
8967
5379
3658
5415
1952
7716
9819
2676
1644
3291
704
1716
887
8444
8923
698
5246
5192
392
8817
5714
4174
5252
5924
2085
382
3502
916
9154
6187
7264
9079
1728
4294
7049
7545
1933
8424
303
1821
4316
1690
3729
9614
6710
2488
9821
800
1421
3633
109
8462
5499
4015
1098
6876
4584
3413
8783
7027
8375
8430
3222
583
7855
7447
4559
8317
635
6976
95
374
8646
5989
6762
6834
8385
6014
4270
7337
647
8323
3150
3715
1927
6471
6521
9327
9932
7304
409
4643
1656
9405
4196
6299
8783
6321
4142
6295
2819
4531
9341
8949
6283
6307
8630
205
7810
5902
739
9337
6132
4167
6037
4243
1392
942
1582
7310
4584
3731
8733
7559
6786
9455
1196
5413
8882
5167
3483
5626
4616
2474
6984
6643
8992
1910
3102
6867
5411
4758
821
9671
3117
4750
3940
3121
8946
5624
9269
4935
9069
8302
3814
2231
1633
415
4311
9563
5687
3595
6585
8055
8280
4120
914
3206
3789
9553
5059
1954
5181
785
196
6353
2995
397
2942
3045
7405
6782
4860
6720
492
4390
2847
9617
5603
7222
6103
9803
3716
88
7105
9102
4765
2524
7783
7606
5714
8010
9159
1688
9928
7019
4939
8106
1857
5900
9105
9574
9823
4464
236
4558
4333
1924
1553
6828
6502
3111
6763
5059
9693
5949
7270
1240
9598
5282
4673
1463
2216
8541
7720
5655
5781
2915
1662
7963
2049
4462
3304
5441
4481
3785
8247
7067
3672
1698
5774
3832
4991
1663
6618
2517
8682
8977
6176
6369
1829
8116
5587
3251
4207
3789
789
4658
6722
7998
2444
2140
4350
3539
6623
2762
5150
720
5505
2946
6555
2952
5699
2229
9839
2154
3428
6073
9477
8451
6810
6381
9909
922
7268
2948
8597
8990
9872
2422
1366
4106
2063
9380
6896
9311
7349
9853
9532
9338
6779
8849
2639
3568
6501
8142
7050
8445
5903
2621
4828
7835
5268
1385
7056
2118
2405
6720
3780
9537
1758
1471
7301
3628
5528
7365
2337
4462
5900
2346
1659
7467
6986
1906
3277
4251
8524
6710
17
7781
2606
2039
2838
8672
2048
1827
3362
7656
6003
8678
7962
8078
7067
392
8523
4081
4699
9043
5826
4402
912
8187
2528
6353
2014
9982
4441
468
7007
3331
8687
6612
3170
2847
79
1816
340
644
2998
2658
5281
5347
9879
478
2879
9242
6552
6307
734
479
6711
1984
3591
8611
2387
5715
8476
9014
4276
2196
7007
4528
6710
753
2584
6289
6543
9454
7374
6076
7894
8102
2214
1058
9367
6585
6106
4431
5243
4234
1932
5675
7292
4263
8986
4172
9397
9177
6281
134
3204
7942
9871
7335
3950
8590
3165
1796
2980
3795
6430
8910
5777
4369
1954
9248
3409
6567
5041
4131
6795
2604
8023
5367
8049
225
1083
2394
5151
4721
6998
7878
3590
1215
8517
797
8382
5221
5972
3407
1633
4426
8955
2769
3380
637
6937
1913
7357
4381
3767
9522
6520
814
8635
9292
9746
3463
9699
2315
2838
8943
4178
2195
2187
5459
7398
3060
3566
9230
4029
5269
6608
5507
4692
6925
3127
1149
5954
647
8785
6332
2398
581
6311
6085
4542
7343
3202
8317
1216
6388
7734
2226
8548
2118
9967
7342
1892
2284
1847
6586
5508
5205
3039
5508
6522
4391
8512
6369
7279
1905
2713
2047
226
6242
6420
792
5143
492
710
5945
1891
275
6481
3885
7872
329
2903
8770
6989
6423
7965
2384
4477
9115
4991
9380
3111
5129
7096
7431
8014
1029
6720
4726
9903
6203
7093
3394
412
4503
5536
9972
9398
5970
8937
6535
6311
4628
3536
4040
3938
5895
6382
8866
9871
8045
5585
7146
1534
1858
7046
7161
392
2781
8674
1543
8570
6892
8998
1773
2700
2816
7246
2877
3115
282
4360
812
2375
8677
2635
7667
2932
6873
3645
3869
1286
2109
443
4167
6900
7318
1759
7779
7835
516
6920
7886
4028
1177
4692
7572
9775
3430
2253
2491
4044
3376
4253
8182
5699
1355
2478
1544
677
9547
6643
2584
9481
465
961
3765
7452
6658
4529
3704
7696
961
335
2319
5067
8496
7687
4584
563
2059
7412
5833
330
5157
588
6037
1441
2151
7073
8197
1498
5150
1553
5142
7728
4085
1471
4648
9402
2535
1367
3032
9525
9225
3469
1582
3654
7507
8783
4970
527
5748
6360
797
8955
2443
9129
5284
8860
8670
9789
2523
4517
3191
2429
2435
7268
4964
1542
2299
2458
6365
4098
5226
3192
1585
4599
975
5724
1848
8990
1911
8929
7347
3058
7149
6809
3643
3766
6206
4450
6810
577
2309
7014
1497
3926
4525
4739
5506
2813
849
8250
8790
2634
6199
4301
1024
5620
4494
4756
5092
4362
1391
9498
2238
538
8748
7257
2850
4066
4158
7534
8039
6499
6342
3792
1566
1802
4854
5340
6318
618
2944
3481
9629
2019
5498
7088
208
9933
5934
1598
5708
1938
3352
8873
4927
7385
8078
7470
9910
299
8252
3648
7955
8570
1976
3868
3787
7094
8161
8384
7148
3547
32
1595
8981
9570
1303
69
3222
3678
4727
7480
4242
3301
8114
4082
9569
5312
4004
8680
2754
302
5835
1010
4801
4664
3037
8413
6387
2151
1105
1449
1809
8417
1831
921
9449
2692
6171
2132
9505
7893
9697
4698
6496
2370
1522
362
5276
4812
4459
8604
2170
4590
7840
9451
1655
6400
2502
5794
4033
1786
2126
8213
5083
4667
6681
7192
1963
7227
4058
3984
1730
9913
9356
7657
2973
1534
9723
5001
1150
6988
4276
3553
5055
7972
6952
7904
2298
8240
6062
7186
6454
1244
6079
4134
5037
7715
1497
3393
3600
5476
7165
8212
4911
7102
1533
6135
1138
2706
5977
1010
2495
1236
832
2676
47
1452
1243
8351
1194
5878
6606
2809
4375
3094
5800
361
5421
627
8768
8061
2539
5308
3236
7865
7004
2388
2422
6605
726
7558
5683
8306
6671
1522
5897
9117
3237
4282
5589
7696
4358
8392
3908
2948
272
5002
9922
8657
2350
8587
1877
5125
2008
1241
2363
3084
3905
7730
8973
8461
8880
3445
4828
2298
6759
8881
9495
4334
2283
5962
9900
6514
9723
3481
2467
4602
3195
1723
3687
9419
8542
936
894
8275
3035
7205
8602
8029
9438
3098
7283
3390
8980
8033
1708
8083
9888
106
3088
9963
4278
6921
3274
6147
4360
4022
1151
165
7297
7696
4135
6038
721
1339
178
5163
8693
5953
2688
6178
872
506
6148
1651
7882
9323
4334
4033
8499
2472
4295
9436
5620
7755
7075
3739
393
2142
3371
7801
3977
2371
8516
386
5329
5903
5639
1558
702
936
9767
3549
6324
10000
9247
5674
3456
4927
3639
3893
796
8004
9734
5294
5398
4859
197
6136
9650
9569
120
9366
8167
9228
2311
5906
9038
6980
1144
7301
3571
6372
2270
6185
3544
4508
916
7521
3103
2614
9496
8195
6599
455
740
2703
6628
3397
633
7405
8194
3679
9511
7818
3650
47
7701
2859
219
4887
9940
6763
7667
6141
950
6586
1316
8364
9618
6006
731
9893
7049
4991
6962
7283
254
6844
9228
9511
3877
5606
1067
8250
2481
9816
1628
7128
6655
3008
4364
8050
1292
5156
6722
1054
8122
1728
7653
1590
8989
3893
6776
8244
5606
3544
1802
7984
8845
9815
4066
1071
127
8925
9394
3340
7758
3044
6781
3381
9499
776
9340
422
7024
6293
8396
8807
7438
2349
8182
1288
7324
4231
5807
8004
5369
4060
9334
7622
788
8880
3825
2835
176
1523
7278
5842
7419
5802
7859
9869
4873
8976
6005
8867
1183
2151
4492
7911
718
9322
5200
2553
4459
3721
1580
6282
4678
3716
8681
3593
758
658
5419
5649
624
1669
2988
5884
1579
5112
5787
905
5886
9889
521
6635
4482
2826
8050
8588
716
145
3520
3894
3937
4988
8207
9679
6976
9803
1108
2881
1082
8112
7996
2703
4712
5137
4489
8211
6349
452
9660
1202
8044
4274
7290
2576
4727
8718
854
3586
1480
797
7634
7090
4799
9321
8060
7659
1597
988
7772
3966
2033
2090
3940
7017
5135
2366
8080
8591
896
7026
6295
6790
170
8993
1217
1794
4614
4964
7685
1071
7877
2667
8924
7936
8593
575
3312
2584
4026
1203
8260
913
9625
2447
1583
7608
2532
8960
9811
5242
1843
9297
7615
3283
817
3304
3454
7184
3234
9311
5272
9085
2950
898
290
899
710
362
1917
5445
6222
6777
7157
3603
8474
5966
329
6367
5313
4469
2213
1843
8995
2404
7041
2895
7840
6475
9911
9514
8944
344
3189
1646
4609
4886
1523
1591
7760
7936
3663
7553
8597
289
8622
595
6964
2870
40
7945
2002
5764
5524
4692
8754
5461
5024
5048
5678
5658
45
6506
507
6740
8771
262
1548
8533
4653
3656
9561
2817
2376
4830
6936
9107
4781
5946
63
1788
5110
5765
1209
8254
6787
8995
2014
1569
8330
6475
5777
3929
497
2075
1245
2401
4657
6745
8972
9982
1699
5222
9267
2640
7652
6873
5037
3567
2436
4798
2407
4280
7043
5798
3000
2755
5160
8662
3438
9277
1173
931
713
5031
9689
1464
1440
6670
1118
88
2664
8413
3794
1109
9776
7173
8449
820
2136
943
5858
8649
7914
4311
4738
2302
6479
1921
3999
9930
9508
3653
6063
3916
6294
1664
9376
2336
3539
9128
8287
9642
6159
2178
1303
5536
85
8180
8766
1167
5273
1294
8905
3899
8185
2142
2912
2586
154
9201
1718
5332
441
9924
2811
1613
4793
8005
7015
2883
7405
130
3382
5035
7381
2919
7240
902
9031
8553
6544
7344
2437
5800
3393
8491
3279
3733
5016
255
3390
4643
5324
8396
196
6483
145
6903
6470
9844
6580
5758
3121
9495
4403
652
1998
7444
7341
4660
2211
825
4479
1422
7126
3686
1778
5367
6887
597
4028
4278
1544
3477
5594
9937
7999
7577
4762
6760
114
3850
7826
224
1026
9759
4455
2914
8358
9872
311
5317
6127
6100
1767
4657
479
5752
4278
8827
8945
1328
3351
1174
5648
5139
6240
6898
3754
6010
5069
6363
5802
4128
8246
8544
8809
8789
9147
2665
7606
4429
9834
583
5526
9536
2499
8533
10
9813
3993
2593
8621
2637
3628
9139
5078
1577
9005
3151
3288
1209
1208
6692
5930
322
135
1385
1938
3453
822
8281
4116
528
8711
9487
6088
7709
7487
807
8395
1604
2390
1575
749
7713
8993
697
2878
4434
608
2784
8989
169
4699
3914
7211
4193
9981
6481
3747
6021
4880
9885
2405
728
9209
4391
8260
3357
9758
9911
5672
9518
7288
664
9717
1947
5731
5024
7047
320
2825
1584
2916
1570
9291
3066
5053
7390
3521
3911
425
5451
9784
172
6934
4978
1347
2592
5148
1200
9598
3785
8424
4469
190
5810
5644
7509
6617
3538
9933
7855
3846
1226
1608
5335
6916
7495
7579
8795
7497
746
6388
4032
9332
6951
8440
4428
2171
9723
8922
3248
8037
687
5008
4125
2173
556
7953
776
3861
4123
8572
6266
3506
859
4890
6235
8637
2216
7722
5724
8309
3899
6062
7298
94
8999
9654
9897
1285
8229
1361
9298
3679
8585
4475
7799
7524
1514
643
5443
8396
9831
1585
1704
1663
1263
7595
7746
4654
6223
5473
6585
1910
891
2570
5878
6611
6336
698
5658
7278
1256
2772
5909
620
3303
7531
2887
8588
7521
1002
5400
4360
6027
7104
9506
7698
82
732
5687
1848
5425
1109
8090
8029
4236
2372
4652
2502
5474
7483
4199
1964
3873
8442
9426
9748
4240
1808
4499
3820
7202
4380
5509
3581
8417
7998
6613
5721
2774
3141
4596
140
7812
5313
1727
6905
113
7384
7192
5598
1535
7731
5102
8251
4548
6453
8522
4082
8239
9755
2148
472
3989
5898
3649
8670
3034
9247
8415
5564
9344
3927
4791
7305
6465
2360
1928
9263
6711
4628
3842
172
9668
7406
7559
9740
933
8538
1874
7184
3073
5724
3498
485
3536
1982
8893
3286
2137
9191
5396
8012
8129
8811
3718
1508
6614
7364
3141
6647
7715
2194
6694
3000
7024
8313
9300
1416
6644
4930
5216
932
4436
2771
9890
3747
3681
2395
8496
8599
2421
9429
5932
8966
1356
8392
3879
9111
9688
7696
1113
2816
1910
1792
3983
9660
6969
907
7159
3286
8802
5380
8502
4013
6154
4285
6369
7809
2262
9938
8058
4670
9706
2215
7515
915
1719
4081
100
3717
4859
7747
6545
2140
6462
7091
6879
1683
9390
1228
8864
3810
8159
3046
7775
8353
4536
2684
8967
5352
5782
2178
2246
7621
8076
1516
4818
174
9572
6875
1961
6961
2092
6947
4486
4825
65
1395
4253
3100
5039
9740
9197
4672
5967
417
7745
6738
4144
985
3028
3042
7511
8747
6749
8038
167
6552
4558
5057
8617
8420
2162
3886
1662
5299
5529
7681
2430
5189
9514
796
5724
7221
8115
5008
10006
3046
3896
283
9583
9042
1397
4342
4846
884
8038
4569
3226
3437
8499
3519
9644
21
689
4800
5822
633
5118
9896
7050
230
2321
3351
5561
747
888
5571
2559
4984
4691
5247
4268
962
6169
3233
2290
8033
924
8627
1422
2566
8960
2549
6392
2117
6438
5985
9854
339
5099
4312
4110
7099
5550
5932
8767
6843
2420
797
7113
271
5790
2652
9304
9867
3810
5712
313
7366
6256
6221
235
4678
3530
8856
2822
6517
1208
2421
3102
2982
604
1587
7998
4031
2693
3781
4079
1610
7258
9523
3667
9991
8009
3795
5884
9293
8391
6588
4491
1015
9522
5066
1911
8119
8386
9656
3715
1161
4641
8703
8808
7266
9161
9703
8881
1123
3925
4006
7444
8328
6392
7785
7213
62
306
9480
585
7890
372
8275
7544
3750
9912
5928
1307
6847
5466
9752
8335
4031
2014
7679
3255
7107
8421
2404
4123
1950
6797
2701
2539
1391
912
8725
2303
5860
986
4215
3700
4839
9438
3843
9935
2247
4881
8634
3349
2334
196
1431
9303
8577
9229
7807
8601
4967
2070
1341
6844
1906
3099
9211
4847
3643
8340
3698
5702
5077
1035
1662
4680
8957
1162
5451
5532
3653
5616
767
7911
3629
5117
1829
46
5101
9288
7583
4333
5718
4615
3566
6432
2717
8237
3837
8910
9112
9851
3104
716
6118
9871
3031
3122
3665
815
68
475
504
4479
9843
2643
4647
8226
6379
3796
6541
6455
4369
3461
3083
3055
1675
6702
6061
244
9647
3327
425
3341
577
3378
8237
2770
1222
836
9221
387
1960
8603
6692
4948
5655
8874
6463
7228
9680
2497
7341
8649
8354
3249
8553
1418
145
7867
9011
9439
694
2096
3227
7385
9150
5530
7318
2356
7557
3064
5010
7323
9861
7601
3018
5785
9760
405
3324
3919
8530
5006
6695
5723
9053
7045
6323
5156
9957
7444
4100
151
2458
1295
5716
2761
3257
9767
6430
8240
1034
5400
7589
5461
3038
2285
2632
8963
388
700
6053
7545
7876
6966
1855
6541
3030
7284
8830
6062
4225
9812
3110
1472
5449
2118
8080
1981
7646
5988
4689
795
647
6470
5359
6429
2931
5255
6155
2729
1375
156
1684
7490
7635
293
4049
8970
7724
327
8963
4338
6263
7917
5386
4197
8688
5020
3705
8693
1966
4327
8249
602
7634
6770
2284
4416
5311
1942
515
9548
8285
9836
7459
5419
2055
5297
7284
672
6096
9580
1301
6221
8421
8738
8640
2336
9610
9119
4717
7196
4371
6957
9040
7072
4976
6425
2686
9564
6544
4016
9944
7806
6589
7230
8851
1139
7423
6332
5731
4078
3057
3688
8151
1310
9290
5023
8597
524
7053
327
6313
8169
8471
4614
1613
8408
2603
8647
5541
279
3708
5807
5024
4181
4820
8763
780
1792
9386
9780
6746
2113
7276
9266
6473
7023
5021
8878
2437
7244
2564
9677
3941
5309
491
9010
7071
5805
3566
7747
1952
9720
7089
7983
4393
1170
895
7415
911
7146
8181
4220
1476
8597
8159
2865
1454
3404
2376
7816
8182
9654
9665
7156
2399
3266
1877
3296
3961
3895
3026
417
305
5733
2713
51
5101
3186
627
1758
6800
2268
1443
680
2047
6272
9358
3499
5141
7924
7756
2963
4759
5105
6733
9271
9806
503
3276
602
2242
1615
5974
6317
8154
8050
9756
4586
1961
6057
5873
1671
6977
8405
56
1686
9599
6470
118
1142
5057
4503
9614
9140
7875
575
4934
5595
6637
7205
5431
5400
5169
6230
4657
2824
9741
8439
405
8635
5201
8303
2523
8048
8265
9250
5706
2925
452
7923
5300
2543
6626
3500
8268
6371
3628
1398
1631
5761
9778
8615
4652
6540
7451
7114
4076
467
4005
7051
3916
3586
5134
3539
1631
4390
2828
7188
5143
2491
8936
3508
3765
8755
8644
8039
9187
4652
6326
8627
9806
3630
2859
4095
5963
3861
8326
9471
6406
878
2890
4240
5054
4743
4373
4005
4874
5795
5147
5571
2532
1078
3754
8228
8440
1536
3628
5341
7820
3608
4497
997
7940
9154
3193
7241
7598
8689
3545
7487
4010
8140
1753
680
1627
7221
9363
2141
3622
5496
441
261
9186
4985
3573
863
3824
2379
8764
4078
3116
4071
4005
3640
4779
3951
3677
7986
4026
4681
3913
3821
2495
5935
7611
2902
201
6628
3624
2871
3705
1449
9725
8810
6119
1430
8618
5956
7216
8610
4024
5897
8848
6719
346
8349
7154
8256
2701
5763
3864
9318
1445
7042
3885
9933
8535
4884
8751
3635
2673
9075
9812
8081
5426
7700
2380
2919
7831
7835
6439
5334
6153
9311
3983
8956
8027
7644
7362
8454
7498
1284
8758
1904
7674
7268
8111
6060
3418
6963
7903
8762
4046
9368
5982
9625
3594
5402
9791
8124
6757
5838
4162
1460
5298
351
4125
6184
9154
3094
3518
2327
292
4194
6180
6147
3088
7882
9116
2806
8236
4918
2112
8134
585
6315
8201
6858
2315
5680
6690
4769
2030
5709
9774
4065
874
4215
3613
3838
1798
2305
6525
5526
5936
514
1553
5184
1964
8415
6249
1735
2664
7471
5478
2270
2239
8614
1034
8715
9721
8886
6117
2381
871
7346
3012
7902
325
3002
5169
7730
690
2265
1646
3268
840
8509
8831
1318
6628
2687
7309
1261
186
8419
4745
2875
2448
77
6949
2560
2701
8297
3420
4844
420
9103
9627
7305
118
8404
4452
8777
8847
9572
548
1319
9843
1775
9927
8328
8676
548
6077
9874
9884
1329
2303
7204
7055
8593
1694
8451
2272
6603
6938
8196
7933
8790
3753
7266
5675
4845
5822
4249
2661
9804
4822
7497
1175
5790
1539
6310
3393
3566
3281
8872
8043
213
7348
9308
2960
7628
9223
6264
2709
4271
7184
3752
7348
4916
7936
1264
8710
2212
9090
9605
3815
6975
941
3173
9292
7917
5812
5965
368
6574
7893
6649
3059
5355
4514
2756
6457
7608
769
9548
1396
9092
7194
5512
7071
2299
5396
4110
1882
6246
3197
867
3415
4558
5800
5342
3084
2501
5443
2163
6977
8638
1455
1213
2244
4027
7258
7147
1677
7009
5858
1901
7178
7328
2955
2386
5532
9231
7144
828
9953
2479
6952
1232
611
2030
264
8326
3815
8243
5731
8834
5928
8666
1178
6537
5525
4079
8083
2174
3983
484
1300
2599
6967
453
3562
8152
5148
5945
5261
5368
9434
3015
3578
8717
1388
96
8134
3537
3259
7551
8946
4931
8819
6910
305
1487
8954
3583
2239
8391
1614
8799
2049
7546
6149
3244
1222
7212
5692
7914
8098
4193
8514
1227
3051
5061
4988
6598
7140
1766
5722
3316
2508
405
3535
927
3486
4840
2198
8487
9063
5936
4764
8304
6381
2030
7296
9511
1984
6408
3696
2756
2737
8821
9397
2666
7204
3077
2930
45
4042
5109
136
5627
6089
5190
2444
796
8945
4464
6777
8474
4719
4953
583
3650
9152
9378
5900
4869
2802
9613
9773
7048
5361
9593
9849
2202
3211
374
176
6337
6463
1356
4057
4908
5445
9427
9735
6608
3139
9079
4974
9347
4068
6865
2842
2921
760
5530
9324
7332
5136
5443
6287
4938
8591
6419
6587
1873
7596
3748
7817
7332
3267
7071
5178
7743
5540
388
2030
8878
5997
8269
1331
538
7463
766
2448
5372
8540
2742
6320
4090
5173
6905
2903
2695
4442
7800
9473
3360
3644
6712
988
959
8494
6933
23
4706
2546
6006
5948
5540
6602
7581
9759
5895
9783
8164
9109
1280
5968
8881
347
2567
5165
9267
7852
3884
3458
1190
7825
1275
1061
8550
1843
4092
8586
2639
6687
2600
190
2538
3411
3295
6782
6894
1991
6027
8082
8577
1818
9586
6468
3877
2487
9126
3366
5838
8251
8469
5729
5530
3810
3971
59
2000
5601
3644
139
4399
2575
3584
2725
2819
9634
7503
5529
5459
2942
7428
6223
797
9439
7182
2841
3827
9651
4058
5136
7805
1020
1972
78
3310
8031
3648
4013
72
6126
4424
5450
760
6130
1742
5364
3881
7683
367
1502
4126
4948
2942
1442
986
6676
2389
5273
1116
4680
1417
4792
7416
5574
4923
336
1889
4253
2035
1391
7709
6485
9947
3006
3384
9234
5982
7216
8165
4350
6388
54
4514
309
6024
3842
9179
2966
3173
5093
1038
781
3787
212
2725
551
1923
1425
2138
1143
9602
3179
3402
1666
1131
3295
2819
9005
3413
8978
3840
4302
6643
2805
5283
2029
5645
1216
7466
5596
8716
6695
6225
1191
9178
1804
5477
7714
303
5367
6627
9993
957
6216
2968
7292
2234
3528
7943
2882
2357
3583
3850
7637
3448
6820
582
5191
3509
5184
9036
2893
2405
5516
65
5373
6786
2352
9043
6144
5891
5847
4410
8197
7388
4840
4262
8777
643
7052
504
2654
6257
6355
1152
3359
7125
3150
4467
9951
3490
3196
155
4153
8226
4880
714
6400
9588
7216
2746
6466
6524
4805
2753
8925
1504
670
7179
7739
9693
1679
5447
2285
6542
751
4865
9966
8254
8457
1678
3001
9712
1844
8401
7714
9768
5540
8284
955
7628
2697
4986
1175
9221
4044
9166
1025
8761
5587
7507
7939
7877
9183
2057
8973
7649
4491
6616
9829
8237
2024
6515
9991
7708
3171
4742
603
3475
9449
5608
5135
2944
4177
8294
7862
7168
98
5189
4534
5081
274
1414
4539
1124
2109
7877
1030
8546
8948
6923
2333
4556
9093
8676
3045
5798
6944
611
4208
805
9404
5249
2854
843
8735
5225
7797
2097
4620
9787
1577
6617
7700
3293
6779
5879
8421
527
6775
3349
6315
1206
5956
8113
5216
436
5804
7818
1385
3349
5969
7101
5050
1790
8802
8697
124
1997
9724
4156
6526
8732
672
6119
1950
3095
2519
8644
7519
2241
3943
2722
5739
4977
8498
6507
9913
9011
3976
3071
7882
5769
6510
5204
8578
68
2557
1341
1751
3417
5240
815
4790
1628
6652
452
2478
8724
9538
3543
4396
8258
1724
1480
3471
8303
4394
1950
4231
959
533
256
8169
9267
4592
413
4994
5699
2497
9458
4575
9150
4165
9110
2029
1124
2080
8329
4109
1594
2165
494
5878
829
7419
893
6004
87
3271
5819
512
8008
4003
1675
8537
5661
8625
9284
103
162
6538
1805
6581
9539
7488
3219
4650
8202
6863
4371
8885
5602
7329
9924
9611
8520
1827
5082
7885
9610
8194
9853
6473
8019
388
8742
1711
5356
318
9647
9045
5552
4985
2023
4617
4843
3828
6416
8525
1128
403
7981
9226
5754
9904
7563
7306
2087
5045
9035
4519
6086
3199
9938
831
4445
5013
1443
2043
4671
6427
2638
7964
1796
9466
2994
2220
617
4317
5746
5837
3259
8502
191
2515
7372
388
4487
7976
7810
3955
5908
2634
8417
5351
3293
6742
932
412
5119
5753
980
9960
8526
5276
8677
1472
3893
3879
4799
9636
8391
2059
3974
2367
2926
6470
6914
5751
8980
1132
4050
1552
6210
9551
4414
9429
9420
9285
9740
936
6934
7851
2724
4567
4581
8701
5039
7852
214
6677
3139
1655
5993
9029
2014
9210
739
8042
2178
2008
3064
6024
455
2893
6319
3745
1336
2147
7162
8880
6803
357
6448
7455
4228
7286
9472
7563
5572
6371
5765
5111
1567
6831
7607
8584
28
5189
8910
6886
144
4315
7732
7408
9911
987
6774
5673
5590
2893
6901
8582
800
3509
9075
3431
3273
5558
9785
8088
3825
770
3473
8840
4100
7913
5371
3867
5616
8327
1326
3481
1912
3207
9814
5395
7947
5414
9561
3011
4978
5401
2580
1147
3007
4625
6055
333
7140
7441
7067
2684
6791
7829
9645
3012
9480
3229
9119
3337
9220
1869
3291
4931
1973
1349
4963
4392
6882
3925
1825
7163
6641
1770
4182
5007
5246
8475
3307
9438
7712
9611
3172
8887
6064
8027
9090
4635
4855
5672
9763
4917
8248
5909
7879
5387
1618
4470
8617
5720
8076
8328
1499
8482
2105
6419
3057
7185
3239
1158
8131
1371
8739
404
1738
2398
6356
2944
3983
7612
9419
9849
3435
5062
97
8844
1511
889
6034
9092
8885
4465
1955
9661
48
5792
3990
7087
1647
6652
4057
6096
5313
8504
9027
5563
6653
4645
4038
1545
9155
4403
9927
931
143
7842
2284
8622
4867
4465
7999
5303
2569
8895
5632
7359
3211
4968
8389
4928
2200
1285
3436
8221
3429
7271
6615
2742
6786
1453
150
5935
592
1223
1180
4928
918
621
3898
388
798
9971
9995
7668
934
9044
3577
7152
2862
891
6196
3664
509
7234
6266
3383
698
1351
949
3030
2926
2234
4338
6907
8971
1840
6489
5593
4997
3420
4782
4999
9402
28
8234
595
954
4595
5307
4088
2757
9488
9993
1669
2650
3608
6968
5666
829
8752
7657
2983
3768
4233
6314
8627
8532
2887
4620
5335
4326
6516
3584
4348
1703
9111
2051
4853
3228
7109
2678
1773
3796
6779
9133
7075
9944
3644
7842
6092
4777
5563
2307
7899
4131
2548
6297
9576
4725
8663
2449
3223
1276
2852
9075
2328
5264
877
4290
4653
5400
2655
2798
5779
7057
4430
8313
8780
4918
3177
110
2502
6053
1904
3475
6090
2453
1074
2045
2636
806
8784
5906
9287
8296
9455
537
7733
6614
8592
1170
863
3446
5195
964
9365
4207
1462
8063
9474
4147
4305
2289
7984
1472
4021
9415
857
3288
3038
7605
6716
3527
5778
8780
4623
8084
728
3307
7075
5877
1990
7032
6524
9592
5531
7540
8367
3137
8743
7521
4716
5426
8211
2681
4189
5704
2738
9039
4332
7318
1925
8801
5041
1624
654
3047
8851
5984
2821
7701
9742
3262
8438
8279
5342
1193
3647
219
8740
1102
8074
2252
9462
1748
2187
9410
8658
7955
4361
1673
3296
4016
2117
9476
3890
6984
5396
7552
5372
498
1349
6596
7379
5181
6066
716
7646
8247
4576
711
4935
359
9872
3781
5026
2038
7281
2748
2506
9912
3018
1942
335
689
4905
8892
583
8549
7327
7422
9256
1421
5709
1590
4214
4901
9860
6640
2404
5397
2092
6684
1405
9492
1349
8456
9938
2081
3961
6150
8254
4752
180
3795
6860
6727
2588
2460
6621
8936
3010
7136
3046
5426
7706
8085
5182
6797
3789
3196
807
1393
7924
3879
6847
7371
8532
5822
390
9314
3041
7368
4325
7369
9805
8502
40
162
3990
2692
1041
748
2184
8173
7020
5400
4533
9213
7870
874
4656
127
8857
8354
9229
9832
1696
5815
9381
8270
5511
5896
4152
6836
634
6223
7695
6223
6983
2317
874
4775
9123
1129
95
5346
5739
7296
6967
2647
8735
669
1557
5524
9692
6180
7952
2398
4792
8466
9184
5865
3039
13
9536
2320
348
2594
4247
4283
2260
3083
8999
6898
9162
7218
241
7793
2410
9673
3565
9265
2007
3281
7197
872
2150
2202
5295
8232
413
7188
898
6120
4526
1773
7228
4056
518
2276
6262
2959
20
5719
7393
5799
4576
6538
9068
7397
9297
3697
444
428
3168
3048
970
7738
5781
6295
4875
9214
1718
7551
9148
4347
2891
7582
1564
5586
8048
1556
3036
7774
32
4735
2568
8085
3111
8558
4294
3567
8975
6784
1362
8288
7759
394
9544
6775
1955
4616
4305
1421
6960
1365
4640
4029
9580
5627
6435
7524
5386
4756
8868
5591
1838
5638
2955
8791
5171
7367
8420
1852
4899
6323
2017
3500
7623
6268
5732
5737
3954
2855
9151
9867
8214
9775
3946
1683
1370
5527
5213
9261
6209
5900
4779
3697
7057
2224
5694
7984
3914
1136
4837
8974
8778
7110
5292
484
7381
494
9388
8056
5405
1272
7558
46
5081
928
7790
1121
3122
504
5590
5994
5591
7424
9264
6676
3877
2392
8616
2214
1970
5015
4077
6937
5192
2222
4997
7897
8211
2184
9610
3708
2195
498
796
7263
1585
3764
9179
4133
9330
9097
5217
5126
6211
4047
8845
7638
9124
4554
6090
1112
7966
7962
4686
1047
526
9327
3023
52
4614
133
9519
9019
8463
3492
5527
1964
8991
5855
2958
2695
9329
7095
424
5119
453
8054
9425
2225
502
4205
6360
8819
8461
7014
6918
5481
8907
7251
8727
3143
2076
8433
3302
4033
6682
6119
2375
9898
8101
130
8552
4306
4049
6308
9413
2118
2158
7028
681
8526
3006
7431
2572
5796
5865
857
6440
5019
7144
2178
7875
6568
581
2648
9162
9626
7781
8097
123
22
7177
3388
4532
7737
5268
1620
676
7827
1087
5259
2070
1451
3680
508
6109
6288
2991
7450
6943
1328
473
6967
5987
7569
356
410
5384
3995
9106
3215
9751
4713
5098
5858
2862
63
5473
1867
7023
5223
57
3438
9890
1019
7933
4995
1199
306
3704
915
272
4573
5586
4293
1819
1403
2707
2814
1937
7379
5779
7083
3957
3295
5282
683
7542
7811
2715
8564
3828
15
6503
6502
740
6605
9450
7569
1276
2632
747
756
1084
1247
4002
2295
8727
3316
8803
8586
80
6048
8530
3117
4567
9673
6257
3796
2456
3863
3517
10006
6963
2790
9063
6203
8680
8115
221
1672
3016
8592
5160
4097
5158
6026
2954
2240
5593
2221
6153
9110
4678
9573
6316
1354
4498
3840
712
3044
7981
1673
1089
8873
7630
7578
1993
6150
8972
2960
2498
586
5707
267
3143
1617
6552
5255
8261
9726
5913
7328
2054
1821
6168
7068
7720
497
5368
4296
5213
4355
8200
275
3422
9605
7740
6608
708
8564
9130
6308
5798
2346
122
6968
3076
3353
4309
8262
364
6202
9730
8629
1351
7380
914
1613
1588
1243
2997
5133
4609
4192
5125
6522
1889
169
3992
8923
1650
2436
8356
9207
1871
4778
5404
1338
2368
4228
5471
4981
6731
4678
7712
1396
6071
6932
6703
9507
7040
1524
9348
5834
4568
7280
4568
5640
3054
8068
9388
8098
8961
5053
3301
1938
5941
4105
3952
7719
1181
9898
5548
6318
295
4997
2593
6421
123
287
3718
6300
9138
8787
5534
8854
1508
7925
7154
6616
9034
9328
4519
2277
6941
7931
4089
2323
7082
4444
5495
3517
2384
4993
7144
7529
3229
178
1242
4814
8537
7108
2089
3071
2843
2414
103
2111
217
903
5626
1010
1457
616
7840
3356
4037
2167
7806
352
2205
7383
6154
8758
9761
1564
1629
8209
5574
5008
7118
3708
2180
129
9615
8150
7145
1128
967
4127
9413
8079
9130
9868
6754
470
6464
7415
1715
6563
4934
9106
3704
2657
9514
417
370
1149
9389
6885
6424
6016
3857
5894
4729
4526
2101
1838
5101
2843
2712
9228
2954
3881
1497
4386
1150
881
127
9554
1112
3433
9606
2610
8002
3302
5961
7555
8709
3624
7836
5590
7095
5617
2357
1523
5019
3295
6563
2109
7608
2657
4758
2604
8488
5795
5014
8573
3054
8241
7296
5300
2810
9717
6089
5579
9739
1886
5427
3657
9206
5345
1509
9419
4856
5615
4982
2719
2697
6297
5569
679
7497
3281
4026
8543
7839
2632
6860
3393
2854
3447
3968
5205
136
407
9490
5289
4796
9868
3813
2870
5785
8936
3340
767
5624
3481
8734
4445
9694
951
8846
7506
3560
2440
9749
8728
7515
3055
9279
185
2347
5645
2340
1637
8190
7754
9462
2357
601
6709
7022
983
8494
6198
7902
6828
581
5697
9745
2168
7267
6165
410
5322
8559
3539
7158
6824
5887
9068
652
5549
4651
8459
1751
2305
2862
4085
3628
7995
5005
8037
4660
6058
8887
7899
9126
5048
7439
9123
6605
3710
2640
9044
3773
2207
2987
3895
10000
8156
5485
8190
7574
8616
9508
7542
2588
7182
8057
6402
9602
2912
9901
3570
4349
170
7973
3727
5870
7960
7242
3208
8723
9631
3208
6178
4745
6657
1482
5062
7823
7725
4222
589
3101
7032
6178
6063
2394
2291
9225
9284
7789
3578
1901
3123
4994
2052
8551
3183
1115
3458
3957
4076
9929
6608
4124
9649
6641
8228
3331
6153
2406
6681
4409
7355
8733
1896
6193
1566
8923
4357
6721
1599
402
7269
5664
1652
5882
4811
139
6661
769
7925
8567
9801
4540
3581
1690
9685
4635
9627
3714
4385
3416
8392
8059
753
3048
7784
9348
2701
7842
9389
5333
9664
3351
4335
6379
5938
3516
891
65
4475
3996
303
9715
2266
1925
8919
5291
4794
8835
2337
2283
2279
8085
6111
9388
1095
5786
590
963
9002
4074
1916
4044
3551
2503
3732
5150
9108
1183
4338
1457
9893
5621
7888
9900
3665
3149
4417
8846
6423
7870
1996
7465
184
6343
8300
4760
1274
8259
5534
6194
5182
8346
8207
8815
4886
864
6565
5015
4922
9167
2124
7871
7127
2889
3107
5186
3578
9312
9362
4723
7398
927
9069
2135
7773
9263
365
7734
2793
3049
9167
5835
1345
1137
9727
5208
3970
7175
330
5542
3460
4818
799
7252
2789
5397
5792
4152
6384
891
803
1223
6213
2170
3830
516
2214
5699
4694
2082
9026
6827
825
3002
746
1843
4231
4085
3811
1207
568
7380
5885
1418
2962
8697
1403
6864
8812
4704
8930
6593
5389
445
8070
7917
2589
622
2513
4994
8723
9980
4275
5386
871
1385
1291
2133
9641
5740
3782
3580
9771
2766
5938
7615
6229
8568
4731
1518
196
7921
8014
5739
2392
8737
4591
7183
5548
7345
521
5236
2801
190
8441
3212
9231
2105
789
9503
4149
4724
7180
3405
7399
3195
8747
1998
5710
9307
2027
4927
4846
7518
9181
1143
2539
1524
8723
2482
7200
5962
974
4247
2972
7962
4698
909
9688
3470
4240
1862
4537
767
8589
460
6899
3813
8110
2573
2242
6231
2725
4058
2783
8580
9447
1100
2981
5526
9246
878
9211
123
6408
9061
3108
7144
4675
1119
5092
9812
6534
5837
4882
6084
7286
4720
7482
3221
410
5012
5327
3440
7176
5451
9040
5833
6972
9730
9497
37
514
5178
9643
3051
8690
9708
2607
5888
1797
9390
3904
6675
7037
4655
2099
6637
3930
7491
7533
6019
4314
5707
3842
4309
5784
323
372
3262
9619
2251
3838
8608
612
1173
4373
4298
77
4796
7321
619
7130
8399
3001
7451
4590
3615
8998
2620
3528
5597
8594
5873
3095
4990
8947
4811
7137
348
6445
4301
7384
187
4405
2733
8900
9882
5670
127
3955
5560
2586
7018
942
6739
358
4576
7579
8275
9675
6896
5618
879
1681
1006
100
5428
1785
4488
5537
77
5026
815
6517
4752
985
8129
884
2136
4832
9180
3387
6874
6732
7088
3837
910
6681
7176
4579
8005
7278
1461
6178
6430
3357
45
4940
1205
9273
305
3869
7256
9024
1741
8565
8620
7278
1087
5326
329
473
1156
3112
4997
971
6968
8051
8422
4494
8196
6409
7826
3391
9485
9618
3811
2490
3478
1921
5179
8176
4910
7314
7990
1579
6233
2051
5345
1441
4649
6704
6460
4067
5707
167
9969
2665
889
2576
735
2839
9704
4946
4412
5664
8944
7817
1651
2595
9462
9813
6343
3381
5516
1161
5952
7466
3792
9351
7625
1547
9505
5473
9396
8020
185
4901
4747
5420
9591
6862
4287
2800
8733
5375
4938
4109
1067
7037
6957
709
710
7192
7752
1999
6994
6754
7312
5377
694
2239
6809
7731
9218
3795
2941
1790
2692
2154
2002
9615
7623
2193
4157
4271
913
1137
8388
4744
1912
8930
6447
7112
9491
2197
7842
6890
7895
9957
739
970
3339
9596
9506
4632
230
8080
4964
2793
6631
5268
1900
1739
899
7774
9339
4318
1422
8830
7839
1660
5958
5635
9013
8968
1048
2364
129
8426
8021
3663
6932
1045
3204
8563
7472
4122
8105
4117
8812
564
5300
6960
4223
9531
6589
6716
477
9230
9488
2462
2266
3758
3134
2511
6030
428
4957
2804
2964
3871
9060
5840
5677
2058
16
921
7109
5222
8945
6068
6864
1636
1106
1376
7090
8031
1875
7979
2134
3912
2655
4935
2647
19
1019
3941
3328
3043
9883
2604
8498
5802
8057
5819
7207
3159
5224
2050
2580
3296
95
5991
3306
5984
9208
6307
900
2088
956
209
8584
946
8475
5241
136
6588
7977
2589
1791
4650
5868
7570
2010
1732
9533
9372
7917
2530
4548
3980
619
1710
7220
9955
9177
1594
5835
880
4565
2525
1446
1064
5993
6909
299
1789
3086
4846
7338
6646
4291
6475
9890
7110
7640
4885
3632
1529
2620
8864
2295
3658
7671
7920
6362
4975
5020
75
4701
5090
8325
9496
5016
3758
3032
330
6873
4073
1201
4869
9956
6665
1111
9298
1411
6078
5368
3766
4750
5184
5114
2825
6274
5649
5426
2774
4352
7511
9119
9846
5916
4077
1325
7494
9209
1633
7117
6539
8419
4553
7235
9936
7631
6773
1376
7642
5117
4461
8861
4214
3373
8032
8908
2266
2172
1038
9275
1131
9016
2031
7275
1666
8766
7060
2423
233
592
4255
8238
8122
2035
2620
6976
544
9307
1459
7234
9116
7278
7769
3002
7
5406
2957
3617
5972
1699
2545
2398
2991
7717
4183
4842
5253
9012
851
2232
1583
6669
9581
4424
3649
6588
9061
1751
5671
4883
1396
6785
4575
2446
7309
5864
9599
1534
8153
7564
2672
6627
6399
7520
3497
1060
4485
9259
6040
2044
8409
2076
6787
3129
4266
4895
134
1622
9893
4768
6657
6354
2553
9560
9374
6514
7742
563
7897
2288
3133
4064
1370
7326
7849
7113
5
4974
3884
1620
4278
9876
5626
8752
7924
3286
8926
1150
9290
9580
2261
8640
6176
8710
6901
9637
7233
6537
6246
5402
6836
745
1485
5787
5240
4785
4680
1628
2047
7624
9084
548
4075
3403
5048
8608
7194
2360
1672
7608
5900
4447
7176
6998
3630
9375
2639
7688
2602
2657
7106
8098
5719
7146
7814
5805
4112
9946
3734
7213
5313
2880
8725
6402
1188
7966
3925
8117
7534
3747
1061
9723
9994
7175
3149
8221
8218
5661
7330
8582
8207
7245
6681
1769
2790
3635
2204
5314
8405
612
894
2776
3628
1456
592
6650
756
9557
5376
1727
3529
305
6447
6606
1392
150
1825
3227
3936
5413
8218
4945
4885
7195
5548
3420
5687
817
9855
9467
2247
9114
6668
2944
2816
9224
3740
9003
5738
9536
6570
4081
9081
4389
301
1285
6042
9138
8682
7775
1587
8477
7395
1633
3121
2384
4219
6212
8300
3022
3766
2009
1483
9413
8287
3528
3114
7607
4362
5870
2308
6144
3457
6070
9951
5832
8899
4642
2867
5773
1037
9302
8613
4426
1660
7446
5674
6916
8636
3339
6953
287
9616
1505
560
4557
4839
4327
4493
2361
8967
9671
330
6937
7576
5118
4736
2681
2571
6348
6084
1328
9873
7951
7612
2265
6646
8953
3540
8818
1777
6930
8038
6544
696
1129
4283
8678
8827
9347
9650
4524
2598
3678
7386
4244
7691
369
3973
8506
7527
9700
5678
6093
1892
6544
586
9237
6893
4868
2849
8781
4765
8290
1275
1286
2518
1878
1085
1842
1661
2964
9973
1172
3209
9913
6453
3614
3967
7169
3348
8330
1724
1031
4747
4862
6060
1941
6958
2617
4067
9061
9828
1809
8365
5378
4707
2651
8825
6396
4527
1229
7769
849
8397
4135
6724
47
8883
6847
4861
3984
4397
9191
7799
4217
6409
9497
293
4448
7949
9731
7785
2451
7576
3937
8936
2384
3534
5422
534
4247
1489
4707
4582
351
5495
6452
6829
2519
6440
6131
6774
7782
5090
2660
2216
9058
9295
6337
6079
3452
3687
6371
8299
958
6782
1648
2588
2866
2723
6154
4467
8597
759
8710
1350
4534
1789
1290
7968
4621
8240
9004
6719
1718
3810
2552
2667
1980
9420
1074
9981
8287
5037
6917
1419
6384
8802
5546
1537
2421
2131
7541
9182
6448
5859
6105
3579
3159
8937
1786
7070
4235
140
7264
4634
4286
4993
492
997
7379
7275
5425
367
594
6515
1683
723
5124
4141
2749
7791
4216
7834
4730
4926
6895
3579
8611
4153
5086
7519
2506
6857
9678
6510
5038
2733
1851
1294
6338
5643
4008
3148
5363
3658
7867
1088
4141
9490
6833
9917
7003
8942
4235
1987
7161
6368
5665
5514
346
3769
4983
7249
8357
1498
2638
8153
1206
2887
6060
6946
5657
6894
8013
8827
1032
2186
1517
9097
2341
2051
1774
2453
1634
4170
5484
7271
2938
1635
3307
7652
2993
243
8980
3723
1817
7958
3342
9121
3142
3623
6733
4977
2122
7606
2871
3283
8101
672
8495
5991
5991
5338
5069
9114
2351
3058
3712
2325
4815
4716
7642
9952
869
3824
9270
4920
6151
2072
3129
8533
3067
2388
8099
9387
9047
8165
4167
9664
7922
8256
4263
8458
9631
858
8487
2190
4032
2026
8814
8286
587
631
6099
5666
1679
1758
6863
2122
4021
1259
6112
6763
6082
8166
9969
3158
681
4089
2720
2
6578
564
6740
6996
8964
4922
8865
5534
3536
7958
2332
1624
9258
9905
1084
8080
1153
9531
5788
9829
8753
4539
6900
7461
8731
5476
7004
8029
4100
5205
5967
2801
5711
5313
3468
2018
9056
7614
643
6967
322
3995
3333
5662
7461
9988
9567
6976
5840
9210
1393
8387
820
1414
9904
8946
5187
4379
5314
4519
6097
6113
2338
1152
1015
501
238
4424
2789
9326
6550
4143
5227
8434
1898
2513
5015
4437
6727
2534
8477
9214
6619
7252
918
6907
103
1065
2363
9939
8979
5245
1971
4717
3935
9839
780
7821
9666
9366
7439
801
8818
5174
5317
4249
3942
7216
8066
8643
6402
1223
9844
9910
8813
2140
5096
6759
2500
1698
4761
2429
4225
1023
420
3656
8632
768
410
9912
2689
2924
2381
108
6602
2445
2091
2245
710
5346
5047
7389
7775
7238
1599
8352
4977
186
3763
395
7577
9350
101
2240
9062
2964
2066
6101
5784
1125
4794
6648
415
2926
6358
1667
6882
7912
8102
44
7128
1547
4936
3793
1305
2615
6876
2638
3415
6786
659
7659
9516
2495
3141
7755
3698
1673
8785
5402
3628
433
2548
3107
5651
3235
8112
4946
8837
1411
125
8376
1074
529
984
5430
6137
417
4433
7031
721
1794
3204
2867
7206
9867
9804
6635
730
4890
2147
1923
3729
120
2336
4045
3361
6984
2598
423
742
4665
5626
7754
9660
849
1269
1269
8301
6546
3255
1090
3270
7541
3102
2796
2240
6225
242
7635
2107
8028
9593
1999
465
7145
115
4885
9905
3929
7261
4455
9053
7480
9547
2506
8426
7156
5587
10004
4291
3037
815
3166
8900
3406
6696
9337
5201
3342
7936
5599
5309
4612
7398
4414
6950
8523
6574
7188
5023
2735
2525
4466
5397
4609
1236
5755
9656
1632
2227
9370
3009
6869
8633
8291
5665
368
6124
498
797
6304
5529
9076
9301
856
1132
7384
9837
8438
8079
1904
5252
297
7336
664
180
7350
7032
4886
9831
3412
7061
9382
5108
9038
9163
176
2945
2911
3905
7724
9186
707
4909
664
324
5113
1777
9571
1462
5840
3968
9332
4260
6780
934
4748
5324
2548
8613
151
5213
1538
7185
7294
3841
6968
2870
3879
4797
4322
3792
1049
6065
6405
7717
4583
853
259
8077
2905
2357
2424
4568
308
4524
1286
3675
5121
2081
475
2518
9382
1203
8761
6310
8331
1269
4557
3906
6499
6073
2091
8220
1581
4196
8003
3072
2836
914
8924
8348
1450
3679
3835
7225
5820
6726
4075
7519
4559
5991
3633
7073
9314
9266
9563
4866
9874
681
291
3083
2598
5589
8183
1744
8359
9463
1201
3618
6840
1435
7398
6272
890
2978
9519
9508
4391
1870
2609
2091
7877
9018
7090
4982
9519
9887
1892
9784
4003
289
3460
6043
9347
7196
3828
2430
4453
271
1589
3813
9877
2758
6494
9884
3439
4246
3197
9394
8693
6415
8867
5857
9572
5359
5157
3263
5498
311
4132
9239
4
3243
2804
5552
5569
3556
6270
908
3639
629
819
1756
3864
7905
3550
8594
6319
9823
2602
92
2880
2671
5459
6525
208
7247
7020
9874
2054
7942
7155
8156
8398
6797
1567
1293
5732
9153
7468
7042
1317
4070
714
5254
1538
7954
1890
4657
609
63
501
7691
2687
9849
610
984
1246
6234
1232
8875
3441
6416
6087
6654
3216
857
2909
8144
561
3261
4394
6290
9408
5777
9724
7605
9374
2199
717
2127
5287
8825
7969
8544
6183
1525
9446
2732
1532
5408
4503
3617
3203
5478
5568
2437
2983
8917
952
8597
8700
6731
2354
3130
6451
5490
7710
6921
4588
7666
3577
5926
7257
755
1558
8131
5645
3485
3888
8552
6742
5123
7798
6990
3415
9905
2875
868
6742
5501
9928
938
2750
7614
7994
491
9762
5632
2565
2586
35
1003
333
6858
3786
4472
2579
2480
6024
9536
4198
2580
6466
3611
3679
3411
6204
2789
3257
201
8757
2837
457
2583
9963
8469
8858
2274
1936
2605
1560
822
1948
8615
4376
1568
323
122
5284
978
2094
5658
3366
7120
7629
4551
87
4927
7340
4216
9976
9486
8549
6538
7112
4876
1116
8333
7105
2192
3442
8643
6834
2763
5992
5599
9868
9994
4934
5945
407
4304
9013
7841
7352
9746
3789
2959
6601
3818
4593
590
3940
2808
3472
3130
4317
7733
2194
2295
3050
8361
7403
9759
6956
1510
6601
8484
1155
636
6517
6078
8552
93
5873
1593
6281
7343
9851
9327
75
8397
8525
1455
7735
3204
1703
9592
303
881
4059
1260
7499
1325
926
5732
1794
1195
808
4625
6813
9376
6711
4387
657
6083
3311
6979
321
283
5279
7670
6076
8500
7000
7534
6294
4105
2792
8524
7453
9016
1027
894
8003
3301
5124
7600
7065
4270
1223
2529
7132
5807
1192
8415
5734
852
4208
5839
7061
5749
3929
6726
6453
7489
3940
2467
6421
571
3271
6068
2908
4210
9439
3037
8549
7353
5298
3657
8174
7652
7692
6097
7399
1474
6217
2904
9077
8660
3159
7356
2865
1912
2887
3761
9246
3858
7041
4642
7764
9365
8159
5154
8476
6981
6529
9936
3117
9098
7647
5098
9075
7807
9132
6556
5346
8656
5427
3862
3059
8940
4063
8040
573
1153
8012
1018
5646
2879
8033
7854
7662
2222
2123
9726
1846
8778
9228
8641
766
9622
1370
412
7321
9394
7919
8085
4917
7092
2975
934
2950
8982
6601
779
9573
716
9711
6969
8838
8280
4135
4156
5425
2644
8816
3316
5485
3264
9981
3882
858
6918
1571
454
7000
6659
826
8415
1474
9527
890
8390
6800
2703
4991
4138
4699
9446
6823
8922
8947
9446
9601
3315
3434
4725
2058
4232
8912
3259
3418
450
4027
6076
4158
2285
7059
1732
2013
5978
7336
6001
7447
3051
9168
10000
5999
7710
4847
1400
8831
7492
4062
7889
853
6216
909
7894
8731
8825
3853
170
8509
2970
2252
5201
9710
1267
1619
275
1064
7904
9564
2802
6097
6134
4246
4844
1890
3137
7319
6822
6516
1902
4938
8145
2119
8621
8015
280
2054
8176
613
1369
2089
7604
1729
7215
853
890
552
5939
1887
9788
1458
4379
5099
2208
3314
3059
8759
8779
186
8239
2851
5545
3508
6202
1913
1448
695
5476
3546
6667
8790
9576
6168
943
3244
1865
2618
658
9086
8043
620
9304
4160
9525
3418
7956
9485
3923
3867
7714
9089
5773
173
7055
6807
2349
8167
4932
1913
3491
237
5944
3490
697
2076
2662
5957
3853
9371
374
6835
4692
821
5835
4106
1376
2167
9258
8774
8113
7345
653
620
10003
7171
5407
3892
337
9432
5065
6788
7912
9495
6620
520
8457
3431
6754
8839
4594
1171
5538
1889
9585
4590
6246
3765
6734
1494
2336
6426
2953
9465
7303
8688
67
5174
1609
4575
8992
8994
2515
3219
1205
1583
3807
2861
1554
8607
6385
4596
1528
9565
5348
1939
5625
47
4056
3854
3522
9444
7336
6762
5549
9466
6975
1525
8665
6726
6895
4037
4743
1385
7021
2620
1422
2529
1061
4018
8270
3413
9569
7922
6621
8642
6418
6611
2066
3134
8847
6858
8166
3789
6229
5205
4706
6993
1264
1607
4011
8240
9640
724
8510
8787
2873
8969
5728
7955
9930
9920
4523
6489
7758
738
5186
9588
562
1682
8992
3784
6729
2802
879
8906
6278
7467
4231
5222
7330
7457
1489
6285
6595
375
7390
5137
8010
4231
4659
9709
4011
7468
8386
6835
1991
9770
1637
3968
2479
8079
5502
762
292
3419
4283
8353
3923
9960
8721
6150
2120
5318
7015
6755
5850
7877
9418
7003
2441
5854
8174
9964
1700
2793
3697
8876
6490
1185
3767
7332
42
8802
7129
3930
6899
6925
5330
7645
503
5564
2592
5353
9466
7885
6750
4997
354
6285
9687
1140
3196
8983
3076
5508
9887
5861
525
6387
5837
7857
4
6825
8254
5492
5902
9628
2340
3976
8943
4937
3576
4913
2994
1731
396
6024
4431
4980
1179
8652
838
8311
1445
6647
9768
4825
9308
400
4108
764
5749
189
7621
9141
7870
3867
59
8729
5799
2466
1745
2982
3253
9994
8421
8840
8931
1448
6320
8133
2736
5466
596
1925
4139
8045
9575
9622
6240
2759
4917
6231
7570
7963
6615
6989
6111
8010
7621
9270
7097
2128
6336
5394
1060
5401
7728
5280
6182
704
7040
5990
1848
6644
653
1769
8534
1706
8360
3535
5539
2189
9454
4865
8396
6225
8258
3073
7772
9942
1949
128
1998
6722
4882
8586
905
5951
6553
9388
3546
7801
4287
6368
7952
8057
3368
7039
5462
2814
336
2163
1842
3679
5338
5472
7852
4240
3553
1754
7559
1211
2838
8375
6862
7609
6720
3882
4011
5022
3134
636
758
5816
5555
4389
8878
9066
8330
1018
8693
1111
8164
4670
7988
865
1819
7276
4184
7173
4572
523
3925
203
3314
2265
267
1567
8171
3667
3601
668
3883
3051
2245
50
5146
5897
5023
1586
3690
5770
6263
214
1296
9072
2591
4915
7613
1538
4276
7455
3439
8702
399
1629
1249
9689
4714
9534
7944
8624
8030
1610
1171
3701
8489
2009
9277
4101
1999
2379
5901
6947
7870
1047
6615
6968
5887
3430
2425
3882
9842
4222
9496
300
7159
8606
446
7882
5832
6086
6632
8674
5363
1744
7687
6237
3958
8109
7612
5660
3053
1481
8331
4768
1239
1776
5285
3760
8216
4340
4731
7646
8850
8239
7245
7773
1872
943
9664
9186
544
7262
7670
4513
5660
4992
8737
4066
2292
8782
9312
3960
3525
4594
190
1039
788
6030
6658
8113
4683
8161
3651
3087
3809
3202
9351
3417
5370
125
1742
6038
7587
9424
5649
942
4412
4989
5914
3322
5810
4245
3332
3312
5402
5592
2793
9869
2345
2415
5514
8494
395
3606
7181
5153
5479
6879
4889
7294
7164
8416
9695
347
5878
4087
6993
929
1139
6176
3323
1105
1605
4502
9721
3561
3724
382
4244
5428
5733
7230
254
2072
631
3802
9917
6384
6689
1063
3725
2001
236
2669
6570
6693
9785
9499
3352
2074
9605
42
3980
6451
2830
4068
3433
4297
835
4367
948
6822
9484
7448
1657
6965
5761
3208
6188
5868
99
2736
3440
298
5507
4898
2464
1651
9651
7470
7047
5183
3375
1798
6331
1175
2774
3343
9868
6943
9561
148
5301
2938
985
2591
4465
8126
2142
642
7614
9383
9388
7630
849
9008
675
8543
589
3131
3060
3486
9798
9151
1145
4820
3784
7641
755
8792
84
9378
9822
5263
6825
1812
9397
6871
8311
7851
4718
9715
6387
4383
9854
8268
6995
4012
281
431
6408
9968
1555
4482
1092
7439
8770
2214
3579
6276
2040
9503
4180
5769
5478
7166
7421
3438
7210
7838
8968
1958
1422
308
9597
5036
1132
3411
6131
1548
6684
3336
8212
3356
1860
9857
7655
5264
5028
7867
170
7733
1055
7149
2612
6169
3547
9223
4829
883
9271
5881
125
5797
5968
8901
2616
1139
903
6179
8558
3555
1757
9580
7714
9454
6015
7768
7750
7841
6288
5097
112
5111
8889
6185
1501
4043
8135
4709
1722
2837
350
4458
604
7639
4162
7472
3950
8546
3240
6506
4132
7051
7031
8924
9424
8140
6540
920
7428
5122
3196
3548
4871
5760
9685
5193
6843
3074
1702
2051
1475
361
4014
925
3469
6376
4647
7020
6181
5187
6309
588
306
5425
9311
6449
4206
4545
2249
2799
627
8361
6671
9141
484
8272
1182
1022
89
2771
7088
3668
5760
8696
7032
1691
3568
1586
1115
1339
7382
6540
6997
9117
9969
2997
4927
7100
3574
1901
1634
3880
1756
8348
424
6491
9968
5032
1689
4395
9918
2912
2292
4703
4610
7285
3356
3256
5208
4226
2825
2582
218
7761
4948
2125
1251
9296
4359
896
8370
277
2347
9623
4830
2071
5637
7330
108
5560
7750
5251
7676
5922
3546
7666
2748
2643
5311
7065
3048
8608
7976
7725
8744
7447
4232
1819
7491
9997
6592
7929
5901
8963
5365
9580
8229
552
7910
2218
4534
6345
9007
6991
1635
35
350
5524
2460
6146
5986
875
2804
493
6670
2833
4535
354
1695
4254
2323
6294
2477
2306
1385
9927
1464
2068
6433
3731
860
8620
4378
3579
2357
8779
3980
2781
5546
5058
5711
2698
6878
6961
8650
6150
8376
2818
9358
240
7996
230
5359
7898
7361
793
8053
9149
5567
1222
6887
5231
1851
3425
576
3284
784
6443
496
6988
2963
9362
5785
7900
1849
8554
2331
7794
9317
3169
5481
6547
5932
3427
2560
1061
315
5459
7737
8154
8357
5786
1038
1824
5187
5864
9142
567
2193
88
4631
3308
5343
3465
1195
6074
8311
1012
1431
2100
7706
896
918
7950
9010
3287
8325
1063
2621
6206
972
8064
3146
4961
4541
6672
894
5183
5656
3420
2368
4446
7961
231
4063
612
1990
6723
3194
4915
9214
9292
4975
4440
979
5320
7481
7226
149
5883
5299
7295
5580
8608
5863
8888
7495
7968
7418
4911
5943
2477
7228
5147
9310
3557
5117
3586
804
6207
4380
5923
9043
4990
8737
6388
9321
9253
3515
6204
9464
8263
1533
2591
6966
9661
8891
6578
5066
3210
6440
3734
5360
4152
4098
8670
5349
52
4755
260
4448
9470
7388
2925
2019
1258
5057
182
5222
5791
9543
159
9386
8974
1783
2359
5645
3971
674
6910
7470
7080
9186
5803
9049
2997
7812
6116
3231
7552
273
231
5926
9026
9133
7983
7021
7609
3473
1795
3272
3824
3564
220
3936
5042
7351
7653
2473
1419
9066
581
4444
1723
9942
5275
3108
8350
9498
9979
4692
7158
8745
1764
4177
3260
8914
5416
6075
4568
1935
5268
7159
4585
8706
9893
1233
3671
2258
7826
5847
9908
8670
4714
7513
1417
3091
1946
4798
3481
3469
9242
6603
7583
2022
8902
307
9517
8907
3420
5293
5026
4870
4367
7988
1172
6922
4328
169
2467
3789
4781
485
9302
7878
7891
3267
1143
3173
8376
7053
7257
1849
141
3862
2599
624
9231
9660
1947
9482
1271
6719
8906
9252
9871
5184
1333
5658
1136
6335
6525
260
9895
9867
4654
8893
4486
1765
2465
7180
779
7829
4028
5139
7709
287
5416
242
9074
5908
9395
887
9743
5685
7578
7590
6147
1742
4162
8768
6486
3689
4267
4409
7470
5050
2762
3553
883
3244
2090
1317
7356
4090
3107
7993
1070
1679
3145
9963
8759
2249
6083
2628
3523
5524
6172
9109
5669
3354
2685
5066
9119
6768
7509
1594
9939
8920
2676
771
8057
7363
5515
1572
3213
3504
5914
7762
4183
4050
6232
6307
3430
6879
8462
8750
898
6983
5429
9334
3189
7880
5267
4157
8619
9552
8578
1122
6366
6113
8495
254
9575
968
6847
8124
4564
2480
4950
4938
9552
5424
7968
6596
2635
6635
2242
1033
4234
7386
209
7339
1870
9851
5786
9219
3004
3788
4213
5388
2809
1939
1211
4407
2587
4887
2752
9809
4115
856
1108
5876
7319
6958
8987
4235
7237
3315
1391
4648
9735
791
3045
37
9940
3624
9652
4384
365
6612
2639
6716
7967
6020
7756
2877
9151
784
9875
5972
3278
7781
248
6319
9704
6271
6078
6359
5993
2088
1405
6592
5521
122
8645
1515
7526
4555
651
361
537
7833
5831
769
7308
7170
2631
5056
6558
1077
4169
6779
3096
8288
6189
5635
6809
6726
6889
7973
7916
329
9956
2535
8795
6065
5995
1973
2321
6511
5957
5000
7126
8010
7336
2754
2331
2131
6864
9336
422
5373
5731
6494
2581
1024
926
9732
7042
2338
1039
8555
9676
7267
5031
2109
6768
2767
6373
5487
9496
2816
6858
29
6135
7818
2645
6487
9249
3187
9270
1493
2071
9426
5600
7985
470
6280
4734
8988
9008
2555
5458
9793
733
4342
9452
9206
4248
8370
8710
612
2926
9691
9799
8921
3694
4450
9460
6288
2367
4106
3340
4566
2887
2243
9556
3387
9459
1516
1621
4095
4820
6273
4532
2398
2238
7112
516
8006
6057
525
4331
420
7300
6318
7781
5843
1286
3912
209
102
7811
3664
5358
3629
9490
40
5134
6240
8700
9557
3262
9640
6915
649
7077
3263
1063
761
5776
2615
3677
718
2980
1173
4312
1793
6512
3317
54
4659
1483
2427
3032
8897
1915
1310
3179
2962
8455
2196
910
6086
687
7009
5539
9455
3176
4826
6603
5319
7434
2836
8785
4949
758
3632
3875
1025
2624
1469
5235
8969
1770
598
4018
9711
3249
3761
1352
1705
2372
6181
5790
6912
177
9282
8260
4077
6955
5930
1141
2946
7563
2195
1106
6246
1089
1150
1705
8328
5057
4486
6232
1050
6576
2502
9278
9332
4916
9494
7570
5833
9567
3647
5801
6370
1505
2567
3022
7520
7800
1050
4985
843
4362
1844
3884
9864
4929
6148
732
7684
5866
9859
4804
1914
6409
3789
4953
9584
5590
2587
8292
5669
165
5402
6141
390
8986
9999
4674
3065
5361
4422
9920
1222
6132
2257
1828
4105
874
3491
2419
4153
3577
9209
6863
8761
803
2479
8131
4528
5587
5947
939
3525
964
989
8119
5172
9376
3503
3843
5169
1349
9526
3537
3175
6033
2066
6743
469
4882
6593
913
9715
1808
6868
4666
6165
5806
6210
3221
6440
4021
5771
4349
328
850
8340
7574
7018
4387
940
463
3440
4815
9100
5898
5489
6646
5022
393
6718
3668
1230
9828
8415
2598
7640
8991
9043
5232
2440
9090
6561
8415
1059
9458
1399
1865
4354
363
4337
4016
9904
915
5552
7298
6719
7564
2392
2085
5574
3257
3329
6762
6743
1298
3985
6040
4533
5658
4408
6652
7584
6428
1996
1195
5271
8181
9368
5630
15
7197
7838
5699
6684
5962
8761
3736
7898
4000
1476
3622
6810
1096
463
1244
8566
3666
3355
5138
4877
2225
1632
3969
6407
745
6203
1461
4812
8538
7482
7870
1589
1679
6192
5701
3327
9052
7790
7373
3985
2888
8644
3654
8166
4387
1180
3903
4867
6139
1106
8729
6150
7440
9259
5319
5110
6852
3197
4193
55
7891
9633
7822
6554
7278
7463
7186
2372
7853
4715
8827
5541
4396
8309
5929
5927
2587
8335
1959
7433
2277
7908
6435
4461
5332
5985
3571
7606
4940
9889
8922
8464
2385
346
2785
4397
9758
8419
1660
3088
6312
5646
8311
636
6854
2268
5380
2898
5919
3866
870
8110
8002
3973
6414
190
4114
2140
370
9480
1704
8910
514
2969
598
6627
8805
5987
6589
2051
154
3628
9517
8031
5657
396
4869
3893
6606
1240
4928
175
4226
5724
8937
6766
6710
2073
2777
5799
8392
5412
1171
9592
877
6341
3736
8789
2370
7304
3380
4224
4261
2759
1190
2341
2847
6347
4596
903
1163
7758
6809
7521
3092
8665
2343
5951
6028
6747
1165
4870
7932
8104
1865
8783
1440
331
3230
8988
2185
6894
8957
9524
9600
7878
5861
9236
7931
4495
6184
4660
8143
3906
5317
4730
2633
6255
9126
1191
5304
1934
3563
2786
2239
3553
2708
9362
5373
7159
5385
927
568
1110
2495
5168
8543
7847
196
6445
6175
5191
3916
1754
2161
4944
6187
1241
8890
3355
3893
7911
2829
7528
8511
3119
2962
1290
2330
8194
2784
1127
3862
5292
5950
3262
8916
9515
8660
5143
8195
1625
2375
4760
9062
1219
4283
5024
9215
4956
1194
1120
9730
6641
7426
4674
6992
9840
2872
611
700
2169
2109
6025
3695
24
1171
9866
7610
5745
2883
43
5705
8223
3405
3125
6000
466
2459
9478
9845
2846
9301
5108
3054
3647
5551
2607
3373
8114
6249
7801
4979
8594
4533
5904
7790
6869
7084
3462
1351
60
1099
6096
1045
2745
2847
6474
2474
2131
2665
2859
4080
9038
1377
2395
4729
6882
1973
3396
7470
7437
2957
1569
9257
7099
7840
133
4958
6505
4815
9183
7691
7574
9351
9892
1168
7462
2302
2741
94
8993
82
579
2524
1830
3304
2307
6978
2773
406
8548
3133
499
9949
7772
352
6156
6181
2771
2475
9274
1934
9602
7098
1240
295
6705
9792
9967
7052
7224
2672
1555
6989
8824
1639
5780
1129
5543
1801
2801
8627
2187
5074
1856
8558
961
9932
526
499
1463
5040
2003
7484
814
1388
437
8823
582
5743
7893
4951
7675
6429
427
8930
7014
4554
7370
8769
9757
8523
9428
3453
1134
9792
9199
4465
9213
1970
5529
4971
5710
2441
6035
8999
6254
7605
2264
6656
3739
8476
7416
7336
2531
8113
5090
2079
9618
9929
2196
6791
2
7283
2705
7118
8101
7771
2420
5003
63
5528
817
5416
8309
1916
406
1786
6695
4912
5143
8524
9440
3631
5688
6490
8379
723
6535
7022
4700
6216
9109
1104
8562
8605
4709
4366
9136
2964
7481
3300
7434
1795
7591
4694
6917
8986
5600
1786
8132
1799
728
6755
3827
9709
1293
3300
3090
8144
1521
5142
7532
1918
5636
5881
4597
4284
7361
8734
3071
6037
1316
5213
18
2895
788
7195
7999
9730
2714
484
1132
6212
101
7304
2857
5986
1270
7694
4311
9005
8074
6195
9925
4563
9676
1053
1799
7012
8748
310
4883
6887
5904
6775
5489
5154
9487
4771
7384
6874
3926
7218
6462
2106
3133
429
8697
7637
2049
7203
3816
6781
2369
7870
4005
3062
214
1055
6204
8799
1645
2012
5145
2380
4951
6079
7755
1100
7860
3726
2159
2087
9977
1025
6543
7329
6554
5006
8963
1182
791
750
8825
3364
7227
5512
3991
4043
5744
9511
4648
8507
202
312
6768
6308
8341
9091
6241
4241
7030
6777
6300
9372
9343
7194
9836
4285
2323
5744
6690
9231
3694
4873
882
552
7815
5196
9918
7184
9718
5572
3803
1483
3199
364
995
8912
9208
9698
1406
1388
5711
4953
1670
5385
6129
2517
7247
9028
5613
5517
3950
3501
2460
2947
1042
8260
1526
925
8932
1548
9103
1683
2996
7475
5960
8479
5914
3579
3068
5771
889
6598
3449
8491
4888
8419
3746
7092
1718
2240
5291
4994
5426
2122
5404
3153
5812
5743
4128
420
584
6588
9169
246
367
9029
824
7760
3574
3208
741
1515
4557
472
2809
5226
2462
1814
1940
2742
5831
1248
7682
9561
3618
243
3336
1661
8258
9238
6146
8594
1043
1830
555
2235
4777
5300
884
4567
6060
7596
5020
4838
8365
5938
777
1894
4483
4042
1946
6816
2660
8554
1631
273
677
969
9217
3019
7012
240
5449
6793
2761
6390
5060
9362
5207
3936
4667
7439
9927
2235
7579
7660
3228
5408
3851
6088
9975
2688
173
1779
5418
3296
7724
6356
4258
880
860
6338
9515
7468
4261
2649
94
9683
597
2373
7940
3384
912
2722
6953
473
8515
3736
6559
2396
7236
7704
688
590
8328
9157
8955
3777
107
9020
3600
6531
866
881
1439
2133
1838
9267
1237
4552
2411
5203
9812
7430
1933
617
5615
7387
9540
3680
7881
3688
8230
3843
7983
1076
5605
3359
5586
6175
9095
9751
5752
4482
4413
2185
510
2044
5868
4949
4362
3543
4874
1166
2
4269
6579
9473
6872
8911
2036
5784
8991
5357
6533
4019
8769
4744
4717
4369
2502
4328
5647
7033
5156
316
2994
5244
3691
2148
1900
6668
6174
111
1615
5432
4652
3890
9036
7592
4514
7294
5401
6637
5575
4007
6962
8306
1568
4603
5484
8006
6789
1611
5963
1852
6249
7475
8274
5175
1352
8163
4454
3374
9058
7386
5138
7798
8632
395
7310
9402
4723
2125
9280
1243
2784
5858
8789
1365
344
1250
8091
1360
5391
6231
6081
6349
2428
4302
8391
3101
1254
5515
3127
3362
3935
3737
6824
1779
7880
5515
846
6208
8021
3146
1846
2169
9778
6155
5785
792
8008
4874
3698
6801
4649
7583
2490
424
1518
8406
9151
2844
6028
3392
7704
5520
8494
6523
7347
8745
7541
7012
7378
7305
951
1766
1207
6500
7214
2545
1405
9898
776
8706
1873
8617
5068
7035
1339
22
8317
246
2216
8531
2941
4365
4545
4576
2332
5007
4348
3293
3617
7780
1349
2090
2787
699
9716
9450
8507
6299
2300
9801
5207
2297
5073
7965
1033
5709
2927
7440
6255
1945
5417
9633
5902
380
2903
8800
1209
4083
5444
5457
773
2528
5478
8350
1793
9376
2761
4305
1209
9400
2786
3048
8305
5810
5286
8825
4846
7312
6141
5669
9265
3710
3381
4319
1067
4367
525
4752
2160
1595
8467
355
6965
7389
5679
2407
3995
183
2995
2511
3808
7945
1387
3627
4696
2604
7015
9649
6203
8273
6418
1269
5374
4146
3945
4107
3766
165
9516
6448
8238
1695
7789
8059
4654
5930
9653
5403
6191
5289
2508
503
1499
9906
4010
9949
7450
762
8801
3895
5927
1314
2692
9322
9718
8291
253
5779
4198
9464
5613
9451
4445
5938
4410
6017
2204
9382
254
3212
9678
8788
7146
6023
9663
2986
8379
3789
4318
9766
9
3458
174
1448
3046
875
9261
7835
210
4322
7380
6722
9878
8665
1642
9741
1638
3504
3467
5313
5253
492
545
7721
8684
4190
826
1053
2581
8397
7728
4790
6174
7278
1284
9226
4891
5755
3444
1353
1157
11
1118
6620
7348
1760
6817
9917
5610
1690
3713
3038
9467
4237
2832
521
3019
9017
9089
2540
485
6955
6549
4016
151
8954
9707
8798
4308
1809
8051
7135
7605
4743
486
8017
8785
7954
3744
5839
2233
2469
7071
3113
2446
4467
1554
3130
2609
9660
3013
9703
8329
5981
46
2631
5321
5728
4295
1925
3118
4188
6813
607
7443
6909
8567
9487
294
4412
4050
8780
9411
1222
5369
3768
4894
6976
770
4649
5773
4303
3940
6043
2917
6347
992
6397
7517
8121
6343
2722
3620
2338
4760
7900
4151
1798
736
7655
6539
4571
9765
2540
3291
1014
7326
2161
6192
2993
5114
5495
1752
9401
3539
5015
2631
2836
5379
6942
5515
4432
3878
5159
8061
6624
5655
3726
4181
9908
6337
368
3233
4732
1498
1089
1045
9163
9238
4933
2732
9398
4418
8912
2982
9524
7585
5331
7925
8076
7701
7694
106
3340
233
8263
2657
68
4397
6099
9998
3444
7969
7598
3601
4268
7417
3403
7269
7495
5286
8176
7251
2278
1659
259
6645
6810
5699
7966
3770
6645
7713
1750
6785
4767
6383
8223
2211
3225
8285
7014
1208
1718
4256
8315
6920
8533
1579
1976
6660
8614
2905
8241
2661
2638
6289
9485
5541
8753
2601
1988
219
9545
7075
3101
9474
8429
2817
1218
1617
926
7688
4671
9403
3741
5649
7843
4993
8696
8777
7283
8452
5922
917
8950
5209
9725
6893
9950
121
9314
9158
6563
1509
5622
883
5925
8911
1226
7399
1274
5517
2089
6529
4168
1946
1116
9261
5418
5112
3039
4906
9162
2503
917
4950
3283
5837
6222
9195
7421
3828
6152
6196
2199
624
3275
8365
1619
4109
6346
9380
2361
3093
2785
1939
767
9560
4103
3019
2564
6422
8445
4240
313
9333
9680
3555
9439
6303
5115
3718
9503
6083
6299
348
3130
4329
7298
2816
5489
5339
3208
968
3128
1352
1645
8361
2349
1765
2263
7359
4062
4034
3046
9991
8853
1748
6908
6724
6806
5232
8043
7467
9832
5489
7588
6774
3655
2476
4035
2388
9403
4175
461
5985
2963
3681
3147
6434
1610
5668
386
9428
499
7659
9449
3054
1664
2399
8267
7689
6823
9345
9535
6470
6229
8410
2278
1243
9786
4426
9355
5170
9937
3838
8412
539
8245
2035
9017
9841
8471
4935
1014
8332
7119
1031
5312
5280
773
3652
2722
4755
3124
9726
1268
7265
8688
5300
9874
2187
5289
5590
1472
77
2041
3939
2974
3031
7864
5721
458
7090
3298
6807
7759
627
5215
6619
3276
223
1499
2154
9317
8997
5035
6926
4909
4644
147
5168
5110
3824
4428
4004
5980
479
1824
7806
7923
8701
1944
1162
6202
5216
4097
2572
5735
9907
767
54
6753
6299
598
2287
3005
8480
153
6250
5150
7995
1339
5403
1717
4307
5493
5957
4345
9165
1631
296
3878
8331
3176
5794
8419
5493
9364
1697
4678
1435
7756
7719
2165
619
2570
4673
9369
4202
9192
8026
9388
4635
9628
3535
3052
1282
3880
1382
2893
404
7741
1638
6316
2130
5386
8122
2805
6205
6259
3661
3270
3868
1355
8821
6898
7187
4146
4121
8685
6648
3066
8031
3453
4482
979
8224
7688
9851
6648
4266
7912
355
1678
9173
3947
5760
5414
1264
4007
2905
9938
3257
9771
1722
1359
8771
3899
6757
990
7640
9916
7303
5563
896
5756
8349
6447
8525
8944
553
777
3162
7338
4409
630
6110
1942
6518
3822
1350
801
5576
2503
4390
6731
7797
95
6961
328
9901
6649
9428
4304
994
8277
3770
6201
1138
4383
3542
6205
445
9342
8300
8331
4540
1828
6481
2851
5954
4577
8340
6698
2250
3365
6264
105
5832
7883
8310
8090
4792
5543
2643
7696
6783
444
8125
2030
10006
6080
6130
9134
2080
9049
3436
786
456
8741
260
4321
1681
2264
7525
9330
9689
3801
3039
8835
2040
1845
365
6206
8798
657
6364
3409
6819
3351
1225
1026
308
6576
3705
7916
4238
7259
3935
9708
8525
8606
776
437
8548
1296
3072
2598
8598
538
2943
6784
8137
5075
7054
1819
1168
4635
3968
7008
3243
4676
6529
3600
7132
1497
430
2613
6818
9902
3261
5019
6907
4546
7336
7150
2896
8245
4669
5653
9010
5399
8720
9824
7131
1993
2243
5741
7371
3282
6838
6765
7857
5163
9794
904
1819
6743
6544
6199
7690
6269
7028
332
8680
8817
4937
920
3774
8812
6764
5058
1233
7786
2976
948
4549
6607
7694
9876
8365
2973
5555
435
8977
4133
9070
1368
9050
6134
6750
2075
3055
4464
7610
6134
7279
7726
438
2190
7843
3372
7794
488
1673
3329
413
6943
4902
7165
8929
2987
5017
9211
9729
8004
5191
4749
5222
3615
6507
4511
3621
5298
7163
383
5743
8321
2724
1990
5863
677
2689
2213
5708
5668
8739
2062
9292
7523
9851
4478
2515
5540
7592
1899
7545
1850
3558
2112
4723
2748
6431
7212
431
7822
3296
2658
1158
6971
283
3319
6454
6646
9776
3299
7247
5821
8741
6225
6202
9306
7026
3244
5217
1318
3783
3582
2568
8582
4604
8391
7693
4804
4800
8
3346
9558
4595
2491
8580
3906
4198
1010
9614
5754
6691
2561
9254
9015
3585
6841
3060
1835
3523
1931
9241
7556
3537
6433
2856
3322
2935
9530
6847
5605
1320
9503
18
4541
860
4251
3237
2302
9690
8334
5936
4192
3881
4209
2054
5223
8902
3863
5471
5162
1633
2094
2010
2982
1099
1734
3212
9775
9336
1431
4197
5269
5207
3924
7944
6704
5909
8653
8411
4035
6237
703
7029
6651
7719
7914
8814
8506
8936
2169
978
9967
6397
7555
8931
7667
5142
8044
4325
7455
3920
731
4234
908
2941
2783
5366
4297
2910
9935
4612
1657
8008
1654
5285
5859
8761
2153
8203
1829
4151
6064
1584
1237
3607
5449
403
3154
44
2456
4383
1597
520
6918
949
4169
6069
2221
3981
2984
6181
8616
3586
328
2987
8098
2333
4027
2276
9856
1406
916
2462
4002
6278
9426
3685
6172
5593
7135
1147
6807
9355
1270
369
5592
2955
8930
3318
1153
695
4455
3443
1219
8156
658
6163
8173
300
2464
763
8714
184
3932
6473
9015
4748
3969
3080
338
4765
2947
7917
4356
541
4496
9193
1075
8755
6066
6787
652
7610
2527
1024
6848
3803
7244
5668
9604
5100
7683
8366
1245
5728
170
5394
1145
1197
7119
6128
1648
3247
988
1007
4791
1023
1553
9836
5264
3379
9350
3097
684
5942
8264
9913
525
2225
8353
54
7433
4282
8067
1691
8562
5727
1580
5673
717
7248
7387
2393
8142
7276
2646
635
3214
7945
8494
7737
6685
577
6860
6302
6443
7613
1274
3928
4875
8072
7323
5576
7605
5203
9490
9629
287
9102
5827
5408
1047
191
7975
1579
5744
6404
6522
7983
3603
5495
1063
1991
7973
6858
7105
4408
897
1772
5654
2966
6957
8193
7600
2927
3608
6835
4771
6983
4020
3938
9152
859
27
1318
3960
8615
7035
6174
1889
5961
541
4139
3622
5501
2204
8429
1415
4538
9287
1430
2278
9539
5936
2036
6095
6657
4128
228
4890
7890
5390
470
4289
8943
5221
6599
5010
5430
6093
6479
7072
1370
3229
8846
7811
1972
5805
5810
6547
530
9705
3764
903
5408
3511
4752
8341
5318
318
1538
5030
5704
976
8689
8387
4932
1195
4498
2786
9410
9161
7731
4305
558
8171
6958
1650
3756
6005
9499
5182
1331
5872
8024
4396
5647
4707
2343
3252
5417
1385
997
1224
8618
2965
8538
6912
119
4802
4683
2608
8639
8710
4731
325
3943
2701
7142
9033
9112
9581
4990
9960
3877
1720
7237
8580
4225
2220
3513
9290
1374
5904
6251
6666
878
8480
3352
3971
4101
2655
7325
5357
620
7410
1550
8511
5585
6686
3548
4288
9087
7008
5231
9184
6342
9272
2867
4827
1217
7909
6656
5372
3839
4849
8263
9018
4316
4115
8557
4775
5541
9427
7692
7210
5604
7480
7201
6316
8985
5327
2160
9975
228
3584
6878
1004
9545
6189
5020
7489
3683
4352
787
6175
5564
2895
4392
7397
8307
3841
6970
8190
8463
795
8534
4814
7117
4180
1928
3648
3028
9510
638
2320
3221
5025
3411
6632
1939
8752
3857
5716
7351
4738
5377
1008
6161
7201
8416
8396
2265
7910
6635
4012
5908
9952
7304
2114
7060
4939
3783
8813
686
3493
2126
7003
2135
8439
3352
5813
1881
3717
35
5607
3385
9057
675
3268
4894
3546
9150
265
6147
5204
5588
454
8290
5219
368
9320
2155
4852
3486
8284
1121
5932
3312
9838
954
6435
7613
5021
6669
8076
5780
6214
9654
6623
6462
2582
567
4655
4034
9583
2979
3160
9305
9889
9638
4177
1297
3441
3889
8898
3203
8721
9963
3350
1727
8706
9680
4745
8298
9062
6365
5788
9982
4774
6995
3386
1680
2175
1914
7676
4005
2808
1811
7694
4496
7658
9672
8090
5607
5725
4288
6908
5049
5084
5336
8247
1735
9908
6479
260
6369
9031
4034
3239
7741
21
5048
6428
498
7902
6968
2345
1298
8284
1894
5132
8783
2328
5712
5508
4082
5767
5506
2069
34
2535
1703
2098
4738
2194
1550
3091
5293
3533
342
7049
8775
8199
4533
9739
8220
7927
9009
7665
6263
7150
1310
1371
9857
4524
7175
910
7438
3431
2427
7998
7917
3369
3147
8996
6055
2823
1408
2547
4917
10005
4219
1850
7110
2198
2636
7402
7310
1593
8902
1734
9693
961
3701
6469
3571
1212
915
5741
9660
7348
5123
3033
1747
2723
1705
247
758
7165
5926
3136
4333
8934
5506
6237
8949
3384
7940
3441
2905
9097
7837
1932
4239
8619
6321
5156
3015
3802
3666
817
5797
1115
7975
1019
5519
5437
5689
5710
1765
3715
9229
8064
1466
8033
2523
4058
9295
6313
4163
3891
2850
2922
7855
8578
6357
3826
809
1441
2683
7117
3815
6008
9728
4060
6669
2573
7360
9301
3701
7375
2568
2720
4248
2523
3284
2616
7717
1647
2187
4781
2963
7423
4327
2514
8723
4371
6161
5416
3788
6996
5860
82
9819
9030
5195
9059
150
989
1404
9567
1213
4422
8430
1217
2206
5900
2885
6218
8327
4524
4220
7630
3594
1650
3232
9771
9418
7218
7528
2985
3595
9422
8630
9190
5108
3377
5426
2934
6152
7467
6835
628
4292
260
3308
2145
6743
6349
1635
2741
3303
8228
4524
9405
606
5620
2539
7652
4955
1378
6133
897
6151
1402
8672
5193
5223
893
1155
7966
3409
6563
3912
7309
930
1091
5410
2326
1127
8153
8234
4955
3460
2300
3469
3282
6494
7510
5215
2611
9389
4870
4623
5719
4758
3469
266
5265
4816
3720
6857
7514
3333
2230
2257
7902
3859
9490
1282
1213
4089
1003
6548
5850
1169
3742
6209
1192
3840
2768
2132
722
6548
2515
1674
3739
1766
6554
2050
4976
8507
320
8777
2610
7257
7513
2341
2783
5781
3873
883
3298
9010
7909
7718
38
4019
6132
4863
6972
5602
6681
9287
5879
7804
9983
3371
68
914
1444
4523
3154
4590
5894
797
798
6798
6085
2860
1013
5866
4534
8465
2048
5302
350
6855
1220
5066
2009
4460
1111
1987
9304
9388
7305
3854
7847
5366
9443
7024
3127
4127
9341
4816
8736
5055
3517
3766
3987
1192
302
9254
1864
1108
4369
5584
168
1898
2782
2894
4752
2919
6311
1981
4866
7679
2287
7162
2246
8516
8572
7494
4325
1905
9738
1868
4718
8040
1381
2576
1350
7447
6944
4671
9901
562
7014
4630
7777
1451
2668
3838
2223
7010
9419
2852
8234
2792
9341
6450
4449
1695
7077
4415
5792
8392
7082
950
6346
8844
8112
5215
7457
8059
5683
4335
3732
7063
2751
8126
5518
6617
78
5146
3890
3330
3675
6367
543
5586
4712
579
8695
2078
8812
8688
2341
2748
176
3999
1903
8239
1349
9568
6610
2575
5739
4759
6343
2873
6054
2063
5361
3706
1196
3478
7282
3230
3581
7912
6800
3233
2200
5128
8253
9659
4797
3131
6882
8328
1897
7686
6018
6203
1498
3291
4558
2430
4020
6278
914
4080
4758
8644
4740
2449
2284
6844
6872
4681
7869
3082
7917
7716
7372
4299
8554
6321
680
4997
10002
1989
7716
4403
4371
3803
1514
3489
6720
3320
9001
1635
1222
8820
3099
5653
9157
4528
6239
4452
780
3190
7091
6191
3136
6497
9623
8374
8937
236
147
3881
2615
5351
2687
5902
8415
8328
3598
1775
959
4996
4262
5559
4129
1750
1894
7257
9397
6451
6258
2713
4561
7588
814
1636
9709
9097
8080
9671
317
5932
9279
1183
2930
2531
6963
2524
27
5031
6995
7360
1598
2182
3797
6799
7221
7072
4981
9173
3517
7968
9362
4501
7122
7596
5990
3683
3343
9022
3595
1659
1650
3567
3834
7052
8377
4411
6711
5861
6722
2506
8569
8137
3650
5736
9843
8375
7754
9237
4169
5563
8430
4740
3999
8235
6890
9709
9667
6903
933
7888
2052
4433
8442
337
1776
845
6099
6334
8436
9885
7919
3068
7239
5674
1547
6508
2772
7256
6358
3591
7654
6875
9239
7449
9701
315
759
6167
9601
8224
214
7018
131
8733
9794
1837
4534
301
6964
5408
7919
6632
6413
1159
3160
6137
9745
2597
2997
6844
7736
6541
5757
9145
7376
2558
3352
9341
4189
3834
9906
6065
4090
398
5864
5433
6610
6754
2744
1891
276
3546
9101
837
4441
268
9300
9939
9754
5584
5624
8110
6857
2422
1183
1038
8161
3254
3684
210
6412
8790
1669
43
4819
1832
8139
4430
6785
4360
6745
7267
2266
9071
7164
2986
9921
4726
692
9411
6076
7183
9201
1081
3884
3875
6943
9066
9904
4909
3966
7397
6655
7569
199
8233
213
1700
3279
9834
889
2596
8876
5376
7193
6508
5810
4216
3568
7284
3143
2321
9634
6035
5200
5481
2469
7373
3384
3869
3193
1305
9744
8633
2224
9707
3080
5282
4349
8524
7067
1310
9360
7876
5068
6027
3301
2285
2261
1951
4920
338
8840
1565
5914
6202
929
1537
9652
7577
7555
9783
6645
5403
4786
4692
345
7757
2021
6490
3762
5502
9542
7154
8085
6830
3133
7194
6981
8448
9669
2501
5629
698
2599
7506
2256
1533
8669
3872
4315
1924
3970
7732
1898
1564
8576
237
8956
7078
5842
6200
7133
213
6305
7218
8147
3711
3365
5969
5347
5801
9011
960
6029
2730
7377
2422
2672
5035
6447
8331
3916
6295
5383
6653
7274
1253
732
5621
3468
8161
5019
8906
5941
5382
9276
1035
3484
9306
8699
2498
6550
9720
7367
8512
8277
5858
9450
2951
9817
7333
3407
4748
7168
8682
3546
1544
4987
8939
1393
449
4909
2858
3195
7180
454
402
745
35
6113
1433
563
5152
2818
548
5286
172
1553
1250
7612
8732
531
2192
8527
9606
6593
6296
5052
7720
4361
3274
5876
9376
8066
3380
1005
7596
7291
7211
1735
7058
5708
9734
8692
2742
9406
6883
801
3450
9998
3127
3594
2439
5414
9057
5247
9514
8291
2587
6958
9144
5056
5178
6959
5406
3637
6566
4865
6045
555
4854
2087
3549
2336
1734
5725
7328
2711
7369
5311
2571
9488
4593
8532
1413
4541
2929
452
7294
1355
928
8716
4907
3738
2090
1227
2805
4661
2901
9877
8774
3882
8523
6278
3809
169
8188
4922
5917
6653
7604
4897
6319
6000
4880
1280
6718
9224
7082
2610
2929
9810
3636
7834
932
7998
5667
1449
4689
8606
353
4923
9071
4280
9665
5539
2807
2656
7142
8774
2670
434
9901
2157
6448
9002
5754
2073
6055
4974
2026
3326
3892
9698
9908
4689
3917
4760
1358
8392
1078
9478
3630
8642
3923
4876
7438
9030
9132
7807
2009
4549
6214
9094
8412
364
9
2960
4109
4529
9620
3244
390
4256
9849
6335
8441
206
2650
3243
1589
2003
7915
6354
7598
10005
5830
997
9084
6285
783
7201
7446
6348
5117
7589
9658
1204
5584
3091
1446
2853
2391
2821
753
8587
3263
3290
584
790
9947
4014
3355
4220
3982
5397
2462
6293
4647
589
7730
8656
2529
6403
4440
7199
8267
1013
5194
1895
3642
569
1699
1503
6774
7964
5469
6834
5819
9298
8780
364
6848
2174
706
6668
2945
1564
3726
3720
7008
8970
8020
2839
9740
4757
2410
1680
862
1968
4172
3610
1960
2650
6958
7405
6442
1306
4552
244
1786
5021
75
9463
3868
3736
8836
6048
7989
5788
3211
799
7806
2831
9558
9122
2572
2396
4639
8247
4295
3474
417
3965
2950
412
2490
8102
3877
8576
8201
5600
8376
2604
5189
681
6180
2192
3744
7457
7496
5239
111
8826
2296
489
3516
1274
9945
7348
417
2972
2418
1756
7405
8361
317
7905
1822
6301
922
2206
6800
2448
1166
427
3609
3098
4801
1551
5965
4504
8522
3514
7340
3919
6777
1936
2021
2773
3323
953
2482
4226
2744
6699
8734
1737
7217
6492
7283
7246
2449
6458
8085
9676
6683
5626
1568
3005
112
1856
1964
7683
7038
7225
4682
1574
6691
1807
4253
1945
7544
2684
9265
4969
7309
1478
1787
6556
1749
8626
7455
345
3638
1018
8252
2210
3470
3991
8889
3181
6646
499
2113
87
3175
2166
9628
960
9294
7754
8838
5300
7722
7519
4238
7297
907
1841
3768
6421
6614
3408
5675
9559
9473
1151
2993
5721
2884
1268
4948
321
5742
4486
5818
6327
9106
8173
8732
288
8100
6464
5499
4324
4681
45
8051
5974
4698
4325
6473
5716
3230
9242
8077
310
2400
9309
3463
4090
8470
2988
9540
3780
6192
3988
5077
8861
8521
2777
9093
4049
533
4606
2129
5113
1812
4761
220
5754
2909
6880
9381
6734
7961
231
7883
4433
599
4347
6208
6521
6835
2919
945
3908
2587
1337
1640
6901
7390
6673
9596
1557
1170
79
1321
1748
1555
4106
2587
6010
5484
523
8103
3840
8465
6002
3153
3869
1836
9862
6991
6924
2183
915
6732
5606
2772
2189
1154
7124
3050
392
7519
6501
2673
2131
9434
6194
7892
3498
8548
5001
3208
5003
8639
3072
5989
7033
153
2923
5838
3890
2572
934
542
2642
6570
2962
3394
474
5681
5078
6315
3638
1594
5106
4391
9925
1959
1809
9389
1891
4091
8127
5878
9513
8984
997
9917
3389
2526
8704
3643
6871
5822
1117
8217
2207
7583
5370
5037
7859
7541
3608
1394
3301
5032
9839
7978
2152
7738
4487
7226
7737
6347
8511
1393
4757
8265
3763
2124
1179
5425
5305
4092
1481
5283
6988
8810
5966
8908
5849
4155
2260
1329
7189
6079
1073
2690
1308
988
7170
1839
8815
5772
9378
7909
2486
8802
4605
9590
5209
6231
9676
4073
1637
8912
289
5966
4369
385
3172
4269
46
7312
9992
4880
9173
7683
5911
4990
818
5824
8219
8114
7258
1590
3916
5825
9227
1051
1234
1911
3501
9318
7251
3967
3075
5453
3574
9630
6567
2950
5254
1250
9514
882
8676
2754
9927
2638
4449
7287
4119
2368
7480
8957
5339
8374
7154
4370
2282
8811
7726
71
9697
6904
4100
7879
8306
3514
1875
4001
8479
7679
5192
489
2048
7728
8085
9474
2365
384
1091
8318
4981
1845
8382
3049
934
359
5580
7099
6768
3584
9139
3311
6001
4672
9793
979
4209
4197
9236
6364
648
3078
5643
8737
3466
1149
5638
4393
3537
9433
704
6887
8092
5997
8891
2756
1902
6066
807
2319
2409
3276
1070
5935
8874
2777
3128
2377
2970
5959
6251
88
6993
6922
4282
9697
3562
2966
8883
3801
3401
4821
36
1374
7561
9350
4942
625
5115
8979
4711
893
13
2834
3778
6446
1180
3769
9012
5880
2613
1243
15
5846
1325
2796
7556
3903
9286
171
8726
4672
9137
165
4424
99
640
2589
914
7310
3303
249
7610
4652
7536
7178
7618
9390
4590
7097
1633
5297
268
6601
3841
5031
1428
6976
908
4106
2771
3371
3205
9152
856
7567
209
2529
2630
8228
2980
8872
272
9104
8608
4727
8461
8011
9213
1863
9202
1339
5057
8775
2828
99
8831
9103
9823
3451
6120
2198
4736
3445
3515
8377
3075
6331
9112
6422
775
6465
5204
1739
5718
1128
7662
6376
2084
2189
7501
9507
8982
6935
5722
2126
6477
5667
2876
7904
3380
8774
451
8641
8621
556
3377
1725
7681
6142
8763
191
1803
4536
2520
5834
1323
9129
2376
6240
9857
9875
5664
8953
1455
7927
7537
0
9908
9843
3874
7466
7084
8584
9986
9338
3198
3510
4684
2984
326
1682
2817
4118
7329
9739
762
1172
3843
7432
2255
7439
7151
1409
4272
9876
5663
844
8017
9710
352
4208
4765
7403
8161
1380
4873
3017
3081
3405
2003
8633
8255
3584
1715
5021
4220
2044
269
7803
5964
3848
9730
9371
5399
5368
9336
7799
5414
9453
9775
3490
2960
4403
3271
3721
3626
6659
222
2595
1224
6964
369
1288
3472
6982
2218
7805
6840
41
2231
4646
9627
2646
8532
7282
9088
115
3904
6110
3997
2650
6923
8447
6150
5926
8744
7107
3655
1478
9625
8868
5016
7571
8285
1039
8483
9410
3712
6868
15
3030
1727
4974
4210
4449
6702
980
5441
7725
6945
8692
5051
1571
5264
1160
6135
8638
9082
4919
3261
9720
8794
4106
59
6
6466
535
8277
2714
6929
6602
7919
5939
2808
8873
8345
5934
5706
6865
4370
8256
8186
7803
3333
4800
8052
1220
1743
1008
7326
7180
4470
3738
1383
4991
2319
3357
9603
9376
4236
9800
8905
9324
3293
2663
6029
6764
2147
1499
2228
5756
4169
7236
7643
4760
1852
9393
6934
1656
5711
4926
8916
1456
6561
3763
451
9509
9965
9700
605
7856
3721
2582
9037
8002
5342
2638
1487
9498
7775
371
3006
9204
7827
7390
1346
7354
5454
3290
1996
6269
6655
1889
9998
7800
2511
7837
6541
6473
5459
995
5141
3268
502
7356
1977
6806
7853
2368
6411
5798
482
5279
7739
9530
7036
7186
6491
7730
2971
1265
4213
8345
1285
5646
4344
3763
7167
6859
4692
5062
8544
1150
5171
9536
8371
9426
9252
1767
4122
6873
8213
7924
1410
2765
2849
2014
217
5046
5668
6680
690
5035
6623
7938
6136
9581
7861
6272
7729
1953
746
5871
9746
3665
7804
4073
4074
4347
4550
9120
5777
1885
692
4423
8336
2162
3691
9111
8832
3296
4873
9783
4518
5389
7469
2879
3438
7187
2430
9339
6107
6132
3227
5237
8456
2661
9043
9663
3329
2765
1240
8632
4994
3821
