45722199
45722199
45722199
45722199
45722199
45722199
45722199
45722199
45722199
45722199
45722199
45722199
45722199
45722199
45722199
45722199
45722199
45722199
45722199
45722199
45722199
45722199
45722199
45722199
45722199
45722199
45722199
45722199
45722199
45722199
45722199
45722199
45722199
45722199
45722199
45722199
45722199
45722199
45722199
45722199
45722199
45722199
45722199
45722199
45722199
45722199
45722199
45722199
45722199
45722199
45722199
45722199
45722199
45722199
45722199
45722199
45722199
45722199
45722199
45722199
