428193537
65536 3 3 2
428193537
65536 3 6 2
428193537
65536 2 4 2
428193537
65536 1 6 1
428193537
65536 2 4 2
428193537
65536 1 6 1
428193537
65536 2 4 2
428193537
65536 2 5 2
428193537
65536 2 3 2
428193537
65536 2 4 2
428193537
65536 2 4 2
428193537
65536 1 4 2
428193537
65536 3 4 2
428193537
65536 1 4 3
428193537
65536 2 4 1
428193537
65536 2 4 4
428193537
65536 2 4 2
428193537
65536 1 4 3
428193537
65536 3 4 2
428193537
65536 2 3 3
428193537
65536 2 4 2
428193537
65536 2 3 2
428193537
65536 4 3 2
428193537
65536 2 4 1
428193537
65536 3 5 1
428193537
65536 2 4 2
428193537
65536 2 5 1
428193537
65536 1 4 2
428193537
65536 2 4 2
428193537
65536 2 4 1
428193537
65536 1 4 2
428193537
65536 2 4 1
428193537
65536 2 4 2
428193537
65536 2 3 2
428193537
65536 2 4 2
428193537
65536 1 4 2
428193537
65536 2 3 2
428193537
65536 2 4 1
428193537
65536 2 4 2
428193537
65536 1 4 2
428193537
65536 2 3 2
428193537
65536 2 4 1
428193537
65536 2 4 2
428193537
65536 1 4 2
428193537
65536 2 3 2
428193537
65536 2 3 2
428193537
65536 2 3 2
428193537
65536 2 3 1
428193537
65536 2 4 1
428193537
65536 2 4 1
428193537
65536 2 4 1
428193537
65536 2 4 2
428193537
65536 1 4 2
428193537
65536 1 4 2
428193537
65536 2 3 2
428193537
65536 2 3 2
428193537
65536 2 3 2
428193537
65536 2 3 2
428193537
65536 2 4 1
428193537
65536 2 4 1
