****************begin do 500 0
500 500 0 1
****************begin do 499 1
499 499 0 2
499 500 0 3
****************begin do 498 3
498 498 0 4
498 499 0 5
498 500 0 6
****************begin do 497 6
497 497 0 7
497 498 0 8
497 499 0 9
497 500 0 10
****************begin do 496 10
496 496 0 11
496 497 0 12
496 498 0 13
496 499 0 14
496 500 0 15
****************begin do 495 15
495 495 0 16
495 496 0 17
495 497 0 18
495 498 0 19
****************begin do 494 19
494 494 0 20
494 495 0 21
494 496 0 22
494 497 0 23
****************begin do 493 23
493 493 0 24
493 494 0 25
493 495 0 26
493 496 0 27
493 497 0 28
****************begin do 492 28
492 492 0 29
492 493 0 30
492 494 0 31
492 495 0 32
492 496 0 33
****************begin do 491 33
491 491 0 34
491 492 0 35
491 493 0 36
491 494 0 37
491 495 0 38
491 496 0 39
****************begin do 490 39
490 490 0 40
490 491 0 41
490 492 0 42
490 493 0 43
490 494 0 44
490 495 0 45
490 496 0 46
****************begin do 489 46
489 489 0 47
489 490 0 48
489 491 0 49
489 492 0 50
489 493 0 51
489 494 0 52
489 495 0 53
****************begin do 488 53
488 488 0 54
488 489 0 55
488 490 0 56
488 491 0 57
****************begin do 487 57
487 487 0 58
487 488 0 59
487 489 0 60
487 490 0 61
487 491 0 62
****************begin do 486 62
486 486 0 63
****************begin do 485 63
485 485 0 64
485 486 0 65
****************begin do 484 65
484 484 0 66
484 485 0 67
484 486 0 68
****************begin do 483 68
483 483 0 69
483 484 0 70
483 485 0 71
483 486 0 72
****************begin do 482 72
482 482 0 73
482 483 0 74
482 484 0 75
482 485 0 76
482 486 0 77
****************begin do 481 77
481 481 0 78
481 482 0 79
****************begin do 480 79
480 480 0 80
480 481 0 81
480 482 0 82
****************begin do 479 82
479 479 0 83
479 480 0 84
479 483 0 85
479 484 0 86
****************begin do 478 86
478 478 0 87
478 479 0 88
478 480 0 89
478 483 0 90
****************begin do 477 90
477 477 0 91
477 478 0 92
477 479 0 93
477 480 0 94
477 483 0 95
****************begin do 476 95
476 476 0 96
476 477 0 97
476 484 0 98
****************begin do 475 98
475 475 0 99
475 476 0 100
475 477 0 101
475 484 0 102
****************begin do 474 102
474 474 0 103
****************begin do 473 103
473 473 0 104
473 474 0 105
****************begin do 472 105
472 472 0 106
472 473 0 107
472 474 0 108
****************begin do 471 108
471 471 0 109
471 472 0 110
471 473 0 111
471 475 0 112
471 476 0 113
471 477 0 114
471 484 0 115
****************begin do 470 115
470 470 0 116
470 471 0 117
470 472 0 118
****************begin do 469 118
469 469 0 119
469 470 0 120
469 471 0 121
469 472 0 122
****************begin do 468 122
468 468 0 123
468 469 0 124
468 470 0 125
468 471 0 126
468 472 0 127
468 498 0 128
****************begin do 467 128
467 467 0 129
467 468 0 130
467 469 0 131
467 470 0 132
467 471 0 133
467 472 0 134
****************begin do 466 134
466 466 0 135
466 467 0 136
466 468 0 137
466 469 0 138
466 470 0 139
466 471 0 140
466 472 0 141
****************begin do 465 141
465 465 0 142
465 466 0 143
465 467 0 144
465 468 0 145
465 469 0 146
465 470 0 147
465 471 0 148
465 472 0 149
****************begin do 464 149
464 464 0 150
464 465 0 151
464 466 0 152
****************begin do 463 152
463 463 0 153
463 464 0 154
****************begin do 462 154
462 462 0 155
462 463 0 156
462 464 0 157
****************begin do 461 157
461 461 0 158
461 462 0 159
461 463 0 160
461 464 0 161
****************begin do 460 161
460 460 0 162
****************begin do 459 162
459 459 0 163
459 460 0 164
****************begin do 458 164
458 458 0 165
458 459 0 166
458 460 0 167
****************begin do 457 167
457 457 0 168
457 458 0 169
457 459 0 170
457 460 0 171
****************begin do 456 171
456 456 0 172
456 457 0 173
456 458 0 174
456 459 0 175
456 460 0 176
****************begin do 455 176
455 455 0 177
455 456 0 178
****************begin do 454 178
454 454 0 179
454 455 0 180
454 456 0 181
****************begin do 453 181
453 453 0 182
453 454 0 183
453 455 0 184
453 456 0 185
****************begin do 452 185
452 452 0 186
****************begin do 451 186
451 451 0 187
451 452 0 188
****************begin do 450 188
450 450 0 189
450 451 0 190
450 452 0 191
****************begin do 449 191
449 449 0 192
449 450 0 193
449 451 0 194
449 452 0 195
****************begin do 448 195
448 448 0 196
448 449 0 197
****************begin do 447 197
447 447 0 198
447 448 0 199
447 449 0 200
****************begin do 446 200
446 446 0 201
446 447 0 202
446 448 0 203
446 449 0 204
****************begin do 445 204
445 445 0 205
445 446 0 206
445 447 0 207
445 448 0 208
445 449 0 209
445 486 0 210
****************begin do 444 210
444 444 0 211
444 445 0 212
****************begin do 443 212
443 443 0 213
443 444 0 214
443 445 0 215
443 451 0 216
443 452 0 217
****************begin do 442 217
442 442 0 218
442 443 0 219
442 444 0 220
442 445 0 221
442 451 0 222
442 453 0 223
****************begin do 441 223
441 441 0 224
441 442 0 225
441 443 0 226
441 444 0 227
****************begin do 440 227
440 440 0 228
440 441 0 229
440 442 0 230
440 443 0 231
440 444 0 232
****************begin do 439 232
439 439 0 233
439 440 0 234
439 441 0 235
****************begin do 438 235
438 438 0 236
438 439 0 237
438 440 0 238
438 441 0 239
****************begin do 437 239
437 437 0 240
437 438 0 241
437 439 0 242
****************begin do 436 242
436 436 0 243
436 437 0 244
436 438 0 245
436 439 0 246
****************begin do 435 246
435 435 0 247
435 436 0 248
435 437 0 249
435 438 0 250
435 439 0 251
****************begin do 434 251
434 434 0 252
434 435 0 253
434 436 0 254
434 437 0 255
434 438 0 256
434 439 0 257
****************begin do 433 257
433 433 0 258
433 434 0 259
433 435 0 260
****************begin do 432 260
432 432 0 261
432 433 0 262
432 434 0 263
432 435 0 264
****************begin do 431 264
431 431 0 265
431 432 0 266
431 433 0 267
431 434 0 268
431 435 0 269
****************begin do 430 269
430 430 0 270
****************begin do 429 270
429 429 0 271
429 430 0 272
****************begin do 428 272
428 428 0 273
428 429 0 274
428 430 0 275
****************begin do 427 275
427 427 0 276
****************begin do 426 276
426 426 0 277
426 427 0 278
****************begin do 425 278
425 425 0 279
425 426 0 280
425 427 0 281
****************begin do 424 281
424 424 0 282
424 425 0 283
424 426 0 284
424 427 0 285
****************begin do 423 285
423 423 0 286
423 424 0 287
423 425 0 288
423 426 0 289
423 427 0 290
****************begin do 422 290
422 422 0 291
422 423 0 292
422 424 0 293
422 425 0 294
422 426 0 295
422 427 0 296
****************begin do 421 296
421 421 0 297
421 422 0 298
421 423 0 299
421 424 0 300
421 425 0 301
421 426 0 302
421 427 0 303
****************begin do 420 303
420 420 0 304
420 421 0 305
420 422 0 306
420 423 0 307
420 424 0 308
420 425 0 309
420 426 0 310
420 427 0 311
****************begin do 419 311
419 419 0 312
419 420 0 313
419 421 0 314
****************begin do 418 314
418 418 0 315
418 419 0 316
418 420 0 317
418 421 0 318
****************begin do 417 318
417 417 0 319
417 418 0 320
417 419 0 321
417 420 0 322
417 421 0 323
****************begin do 416 323
416 416 0 324
416 417 0 325
416 418 0 326
416 419 0 327
416 420 0 328
416 421 0 329
****************begin do 415 329
415 415 0 330
415 416 0 331
415 417 0 332
415 418 0 333
415 419 0 334
415 420 0 335
415 421 0 336
****************begin do 414 336
414 414 0 337
414 415 0 338
414 416 0 339
414 417 0 340
****************begin do 413 340
413 413 0 341
413 414 0 342
413 415 0 343
413 416 0 344
413 417 0 345
****************begin do 412 345
412 412 0 346
412 413 0 347
412 414 0 348
412 415 0 349
412 416 0 350
412 417 0 351
****************begin do 411 351
411 411 0 352
411 412 0 353
411 413 0 354
411 414 0 355
****************begin do 410 355
410 410 0 356
410 411 0 357
410 412 0 358
410 413 0 359
410 414 0 360
****************begin do 409 360
409 409 0 361
****************begin do 408 361
408 408 0 362
408 410 0 363
408 411 0 364
408 412 0 365
408 413 0 366
408 414 0 367
****************begin do 407 367
407 407 0 368
407 409 0 369
****************begin do 406 369
406 406 0 370
406 407 0 371
406 409 0 372
406 432 0 373
****************begin do 405 373
405 405 0 374
405 406 0 375
405 407 0 376
405 409 0 377
405 417 0 378
405 436 0 379
405 448 0 380
****************begin do 404 380
404 404 0 381
404 405 0 382
404 406 0 383
404 407 0 384
404 409 0 385
404 417 0 386
****************begin do 403 386
403 403 0 387
403 404 0 388
****************begin do 402 388
402 402 0 389
402 403 0 390
402 404 0 391
****************begin do 401 391
401 401 0 392
401 402 0 393
401 403 0 394
401 404 0 395
****************begin do 400 395
400 400 0 396
400 401 0 397
400 402 0 398
400 403 0 399
400 404 0 400
****************begin do 399 400
399 399 0 401
****************begin do 398 401
398 398 0 402
398 400 0 403
398 401 0 404
398 402 0 405
398 403 0 406
398 404 0 407
****************begin do 397 407
397 397 0 408
397 398 0 409
397 400 0 410
397 401 0 411
397 402 0 412
397 403 0 413
397 404 0 414
397 411 0 415
****************begin do 396 415
396 396 0 416
396 397 0 417
396 398 0 418
396 400 0 419
396 412 0 420
****************begin do 395 420
395 395 0 421
395 401 0 422
395 402 0 423
395 403 0 424
395 404 0 425
395 411 0 426
****************begin do 394 426
394 394 0 427
394 395 0 428
394 401 0 429
394 402 0 430
394 403 0 431
****************begin do 393 431
393 393 0 432
393 394 0 433
393 395 0 434
393 401 0 435
393 402 0 436
****************begin do 392 436
392 392 0 437
392 393 0 438
392 394 0 439
392 395 0 440
392 401 0 441
****************begin do 391 441
391 391 0 442
391 392 0 443
391 393 0 444
391 394 0 445
391 395 0 446
****************begin do 390 446
390 390 0 447
390 391 0 448
390 392 0 449
390 393 0 450
390 394 0 451
390 395 0 452
****************begin do 389 452
389 389 0 453
389 390 0 454
389 391 0 455
389 392 0 456
389 393 0 457
389 394 0 458
389 395 0 459
****************begin do 388 459
388 388 0 460
388 389 0 461
388 390 0 462
388 391 0 463
388 392 0 464
388 393 0 465
388 394 0 466
388 395 0 467
388 443 0 468
****************begin do 387 468
387 387 0 469
387 388 0 470
387 389 0 471
387 390 0 472
387 391 0 473
387 392 0 474
387 393 0 475
387 394 0 476
387 396 0 477
****************begin do 386 477
386 386 0 478
386 395 0 479
386 443 0 480
****************begin do 385 480
385 385 0 481
385 387 0 482
385 388 0 483
385 389 0 484
385 390 0 485
385 391 0 486
385 392 0 487
385 393 0 488
385 394 0 489
385 396 0 490
****************begin do 384 490
384 384 0 491
384 385 0 492
384 387 0 493
384 388 0 494
384 389 0 495
384 390 0 496
384 391 0 497
384 392 0 498
384 393 0 499
384 394 0 500
384 396 0 501
****************begin do 383 501
383 383 0 502
383 384 0 503
383 385 0 504
383 387 0 505
****************begin do 382 505
382 382 0 506
382 383 0 507
382 384 0 508
382 385 0 509
382 387 0 510
****************begin do 381 510
381 381 0 511
381 382 0 512
381 383 0 513
381 384 0 514
381 386 0 515
****************begin do 380 515
380 380 0 516
380 381 0 517
380 382 0 518
380 383 0 519
380 384 0 520
380 386 0 521
****************begin do 379 521
379 379 0 522
379 380 0 523
379 381 0 524
379 382 0 525
379 383 0 526
379 384 0 527
379 386 0 528
****************begin do 378 528
378 378 0 529
378 379 0 530
378 380 0 531
378 381 0 532
****************begin do 377 532
377 377 0 533
377 378 0 534
377 379 0 535
377 380 0 536
377 381 0 537
377 405 0 538
****************begin do 376 538
376 376 0 539
****************begin do 375 539
375 375 0 540
375 376 0 541
****************begin do 374 541
374 374 0 542
374 375 0 543
374 376 0 544
****************begin do 373 544
373 373 0 545
373 374 0 546
373 375 0 547
373 376 0 548
****************begin do 372 548
372 372 0 549
372 373 0 550
****************begin do 371 550
371 371 0 551
371 372 0 552
371 373 0 553
****************begin do 370 553
370 370 0 554
370 371 0 555
370 372 0 556
370 373 0 557
****************begin do 369 557
369 369 0 558
369 370 0 559
369 371 0 560
369 372 0 561
369 373 0 562
****************begin do 368 562
368 368 0 563
368 369 0 564
368 370 0 565
368 371 0 566
368 374 0 567
368 375 0 568
368 377 0 569
368 378 0 570
****************begin do 367 570
367 367 0 571
367 372 0 572
367 373 0 573
****************begin do 366 573
366 366 0 574
366 367 0 575
****************begin do 365 575
365 365 0 576
365 366 0 577
365 368 0 578
365 376 0 579
****************begin do 364 579
364 364 0 580
364 365 0 581
364 366 0 582
364 368 0 583
364 376 0 584
****************begin do 363 584
363 363 0 585
363 364 0 586
363 365 0 587
363 366 0 588
363 368 0 589
****************begin do 362 589
362 362 0 590
362 363 0 591
362 364 0 592
362 365 0 593
362 366 0 594
362 368 0 595
****************begin do 361 595
361 361 0 596
361 362 0 597
361 363 0 598
361 364 0 599
361 365 0 600
361 366 0 601
361 368 0 602
****************begin do 360 602
360 360 0 603
360 361 0 604
360 362 0 605
360 363 0 606
****************begin do 359 606
359 359 0 607
359 360 0 608
359 361 0 609
359 362 0 610
359 363 0 611
****************begin do 358 611
358 358 0 612
358 359 0 613
358 360 0 614
358 361 0 615
****************begin do 357 615
357 357 0 616
357 358 0 617
357 359 0 618
357 360 0 619
357 361 0 620
****************begin do 356 620
356 356 0 621
356 357 0 622
356 358 0 623
356 359 0 624
356 360 0 625
356 361 0 626
****************begin do 355 626
355 355 0 627
355 356 0 628
355 357 0 629
355 358 0 630
355 359 0 631
355 360 0 632
355 361 0 633
****************begin do 354 633
354 354 0 634
354 355 0 635
354 356 0 636
354 357 0 637
354 358 0 638
354 359 0 639
354 360 0 640
354 361 0 641
****************begin do 353 641
353 353 0 642
353 354 0 643
353 355 0 644
353 356 0 645
353 357 0 646
353 358 0 647
353 359 0 648
353 360 0 649
353 361 0 650
****************begin do 352 650
352 352 0 651
352 353 0 652
352 354 0 653
352 355 0 654
352 356 0 655
352 357 0 656
352 358 0 657
352 359 0 658
352 389 0 659
****************begin do 351 659
351 351 0 660
351 352 0 661
351 353 0 662
351 370 0 663
351 388 0 664
****************begin do 350 664
350 350 0 665
350 351 0 666
350 352 0 667
350 353 0 668
350 371 0 669
****************begin do 349 669
349 349 0 670
349 350 0 671
349 354 0 672
349 355 0 673
349 356 0 674
349 357 0 675
349 358 0 676
349 359 0 677
349 372 0 678
****************begin do 348 678
348 348 0 679
348 349 0 680
348 389 0 681
****************begin do 347 681
347 347 0 682
347 350 0 683
347 354 0 684
347 355 0 685
347 356 0 686
347 357 0 687
347 358 0 688
347 359 0 689
347 372 0 690
****************begin do 346 690
346 346 0 691
346 347 0 692
346 350 0 693
346 354 0 694
346 355 0 695
346 356 0 696
346 357 0 697
346 358 0 698
346 359 0 699
346 373 0 700
****************begin do 345 700
345 345 0 701
345 346 0 702
345 347 0 703
345 350 0 704
345 354 0 705
345 355 0 706
345 356 0 707
****************begin do 344 707
344 344 0 708
344 345 0 709
****************begin do 343 709
343 343 0 710
343 344 0 711
343 345 0 712
****************begin do 342 712
342 342 0 713
342 343 0 714
342 344 0 715
342 345 0 716
342 397 0 717
342 399 0 718
****************begin do 341 718
341 341 0 719
341 342 0 720
341 343 0 721
341 344 0 722
341 345 0 723
341 398 0 724
341 400 0 725
****************begin do 340 725
340 340 0 726
340 341 0 727
340 342 0 728
****************begin do 339 728
339 339 0 729
339 340 0 730
****************begin do 338 730
338 338 0 731
338 339 0 732
338 340 0 733
****************begin do 337 733
337 337 0 734
****************begin do 336 734
336 336 0 735
336 337 0 736
****************begin do 335 736
335 335 0 737
335 336 0 738
335 337 0 739
****************begin do 334 739
334 334 0 740
334 335 0 741
334 336 0 742
334 337 0 743
****************begin do 333 743
333 333 0 744
333 334 0 745
333 335 0 746
333 336 0 747
333 337 0 748
****************begin do 332 748
332 332 0 749
332 333 0 750
332 334 0 751
332 335 0 752
332 336 0 753
332 337 0 754
****************begin do 331 754
331 331 0 755
331 332 0 756
331 333 0 757
331 334 0 758
331 335 0 759
331 336 0 760
331 338 0 761
331 339 0 762
331 340 0 763
****************begin do 330 763
330 330 0 764
330 331 0 765
330 332 0 766
330 333 0 767
330 334 0 768
330 335 0 769
****************begin do 329 769
329 329 0 770
329 330 0 771
329 331 0 772
329 332 0 773
329 333 0 774
329 334 0 775
****************begin do 328 775
328 328 0 776
328 329 0 777
328 330 0 778
328 331 0 779
328 332 0 780
328 333 0 781
328 334 0 782
****************begin do 327 782
327 327 0 783
327 328 0 784
327 329 0 785
327 330 0 786
****************begin do 326 786
326 326 0 787
326 327 0 788
326 328 0 789
326 329 0 790
326 330 0 791
****************begin do 325 791
325 325 0 792
325 326 0 793
325 327 0 794
325 328 0 795
325 329 0 796
325 330 0 797
****************begin do 324 797
324 324 0 798
324 325 0 799
324 326 0 800
324 327 0 801
324 328 0 802
****************begin do 323 802
323 323 0 803
323 324 0 804
323 325 0 805
323 326 0 806
****************begin do 322 806
322 322 0 807
322 327 0 808
322 328 0 809
****************begin do 321 809
321 321 0 810
321 323 0 811
321 324 0 812
321 325 0 813
321 326 0 814
****************begin do 320 814
320 320 0 815
320 321 0 816
320 323 0 817
320 324 0 818
320 325 0 819
320 326 0 820
****************begin do 319 820
319 319 0 821
****************begin do 318 821
318 318 0 822
318 319 0 823
****************begin do 317 823
317 317 0 824
317 318 0 825
317 319 0 826
****************begin do 316 826
316 316 0 827
316 317 0 828
316 318 0 829
316 319 0 830
****************begin do 315 830
315 315 0 831
****************begin do 314 831
314 314 0 832
314 315 0 833
****************begin do 313 833
313 313 0 834
313 314 0 835
313 315 0 836
****************begin do 312 836
312 312 0 837
312 313 0 838
312 314 0 839
312 315 0 840
****************begin do 311 840
311 311 0 841
311 312 0 842
311 313 0 843
311 314 0 844
311 315 0 845
****************begin do 310 845
310 310 0 846
310 311 0 847
310 312 0 848
310 313 0 849
310 314 0 850
310 316 0 851
310 321 0 852
310 323 0 853
310 324 0 854
310 325 0 855
310 326 0 856
****************begin do 309 856
309 309 0 857
309 310 0 858
309 311 0 859
****************begin do 308 859
308 308 0 860
308 309 0 861
308 310 0 862
308 311 0 863
****************begin do 307 863
307 307 0 864
307 308 0 865
307 309 0 866
307 310 0 867
307 311 0 868
307 486 0 869
****************begin do 306 869
306 306 0 870
306 307 0 871
306 308 0 872
306 309 0 873
306 310 0 874
306 311 0 875
****************begin do 305 875
305 305 0 876
305 306 0 877
305 307 0 878
305 308 0 879
305 312 0 880
305 313 0 881
305 314 0 882
305 316 0 883
****************begin do 304 883
304 304 0 884
304 309 0 885
304 310 0 886
304 311 0 887
****************begin do 303 887
303 303 0 888
303 305 0 889
303 306 0 890
303 307 0 891
303 308 0 892
303 312 0 893
303 313 0 894
303 314 0 895
303 316 0 896
****************begin do 302 896
302 302 0 897
302 303 0 898
302 305 0 899
302 306 0 900
302 307 0 901
302 308 0 902
302 312 0 903
302 317 0 904
****************begin do 301 904
301 301 0 905
301 302 0 906
301 303 0 907
301 305 0 908
301 306 0 909
301 307 0 910
301 308 0 911
301 312 0 912
301 317 0 913
301 398 0 914
301 400 0 915
****************begin do 300 915
300 300 0 916
300 301 0 917
300 302 0 918
300 303 0 919
300 305 0 920
300 306 0 921
300 307 0 922
****************begin do 299 922
299 299 0 923
299 300 0 924
299 301 0 925
299 302 0 926
299 303 0 927
299 305 0 928
299 306 0 929
299 307 0 930
299 394 0 931
299 396 0 932
****************begin do 298 932
298 298 0 933
298 299 0 934
298 300 0 935
298 301 0 936
298 302 0 937
298 303 0 938
298 305 0 939
298 306 0 940
298 307 0 941
****************begin do 297 941
297 297 0 942
297 298 0 943
297 299 0 944
297 300 0 945
297 301 0 946
297 302 0 947
297 304 0 948
****************begin do 296 948
296 296 0 949
296 297 0 950
****************begin do 295 950
295 295 0 951
295 296 0 952
295 297 0 953
****************begin do 294 953
294 294 0 954
294 295 0 955
294 296 0 956
294 297 0 957
****************begin do 293 957
293 293 0 958
293 294 0 959
293 295 0 960
293 296 0 961
293 297 0 962
****************begin do 292 962
292 292 0 963
****************begin do 291 963
291 291 0 964
291 292 0 965
****************begin do 290 965
290 290 0 966
290 291 0 967
290 292 0 968
****************begin do 289 968
289 289 0 969
289 290 0 970
289 291 0 971
289 292 0 972
289 394 0 973
289 396 0 974
****************begin do 288 974
288 288 0 975
288 289 0 976
****************begin do 287 976
287 287 0 977
287 288 0 978
287 289 0 979
****************begin do 286 979
286 286 0 980
286 287 0 981
286 288 0 982
286 289 0 983
****************begin do 285 983
285 285 0 984
****************begin do 284 984
284 284 0 985
284 285 0 986
****************begin do 283 986
283 283 0 987
283 284 0 988
283 285 0 989
****************begin do 282 989
282 282 0 990
282 283 0 991
282 284 0 992
282 286 0 993
282 287 0 994
282 290 0 995
282 294 0 996
****************begin do 281 996
281 281 0 997
281 282 0 998
281 283 0 999
281 284 0 1000
281 286 0 1001
281 291 0 1002
281 293 0 1003
****************begin do 280 1003
280 280 0 1004
280 281 0 1005
280 282 0 1006
280 283 0 1007
280 284 0 1008
280 286 0 1009
280 291 0 1010
280 293 0 1011
****************begin do 279 1011
279 279 0 1012
279 280 0 1013
279 281 0 1014
279 282 0 1015
279 283 0 1016
279 284 0 1017
279 286 0 1018
279 291 0 1019
279 293 0 1020
****************begin do 278 1020
278 278 0 1021
278 279 0 1022
278 280 0 1023
278 281 0 1024
278 282 0 1025
278 292 0 1026
****************begin do 277 1026
277 277 0 1027
277 278 0 1028
277 279 0 1029
277 280 0 1030
277 281 0 1031
277 282 0 1032
277 292 0 1033
****************begin do 276 1033
276 276 0 1034
276 277 0 1035
276 278 0 1036
276 279 0 1037
276 280 0 1038
276 281 0 1039
276 282 0 1040
****************begin do 275 1040
275 275 0 1041
275 276 0 1042
275 277 0 1043
275 278 0 1044
275 279 0 1045
275 280 0 1046
275 281 0 1047
275 282 0 1048
****************begin do 274 1048
274 274 0 1049
274 275 0 1050
274 276 0 1051
274 277 0 1052
274 278 0 1053
274 279 0 1054
274 280 0 1055
274 281 0 1056
274 282 0 1057
****************begin do 273 1057
273 273 0 1058
****************begin do 272 1058
272 272 0 1059
272 273 0 1060
****************begin do 271 1060
271 271 0 1061
271 272 0 1062
271 273 0 1063
****************begin do 270 1063
270 270 0 1064
270 271 0 1065
270 272 0 1066
270 273 0 1067
****************begin do 269 1067
269 269 0 1068
269 270 0 1069
269 271 0 1070
269 272 0 1071
269 274 0 1072
269 275 0 1073
269 500 0 1074
****************begin do 268 1074
268 268 0 1075
268 273 0 1076
****************begin do 267 1076
267 267 0 1077
267 268 0 1078
267 308 0 1079
****************begin do 266 1079
266 266 0 1080
266 273 0 1081
****************begin do 265 1081
265 265 0 1082
265 266 0 1083
****************begin do 264 1083
264 264 0 1084
264 265 0 1085
264 266 0 1086
****************begin do 263 1086
263 263 0 1087
263 264 0 1088
263 265 0 1089
263 267 0 1090
263 268 0 1091
****************begin do 262 1091
262 262 0 1092
262 263 0 1093
262 264 0 1094
262 265 0 1095
262 267 0 1096
262 268 0 1097
****************begin do 261 1097
261 261 0 1098
261 262 0 1099
261 263 0 1100
261 264 0 1101
261 265 0 1102
261 267 0 1103
261 268 0 1104
261 398 0 1105
261 400 0 1106
****************begin do 260 1106
260 260 0 1107
260 261 0 1108
260 317 0 1109
260 355 0 1110
****************begin do 259 1110
259 259 0 1111
259 260 0 1112
259 261 0 1113
****************begin do 258 1113
258 258 0 1114
258 317 0 1115
258 355 0 1116
****************begin do 257 1116
257 257 0 1117
257 258 0 1118
257 318 0 1119
257 320 0 1120
257 322 0 1121
****************begin do 256 1121
256 256 0 1122
256 257 0 1123
256 258 0 1124
****************begin do 255 1124
255 255 0 1125
255 256 0 1126
255 257 0 1127
255 258 0 1128
****************begin do 254 1128
254 254 0 1129
254 255 0 1130
254 256 0 1131
254 257 0 1132
254 258 0 1133
****************begin do 253 1133
253 253 0 1134
253 254 0 1135
253 255 0 1136
****************begin do 252 1136
252 252 0 1137
252 253 0 1138
252 254 0 1139
252 255 0 1140
****************begin do 251 1140
251 251 0 1141
251 252 0 1142
251 253 0 1143
251 254 0 1144
****************begin do 250 1144
250 250 0 1145
250 251 0 1146
250 252 0 1147
250 253 0 1148
250 254 0 1149
****************begin do 249 1149
249 249 0 1150
249 250 0 1151
249 255 0 1152
****************begin do 248 1152
248 248 0 1153
248 249 0 1154
248 250 0 1155
248 255 0 1156
****************begin do 247 1156
247 247 0 1157
247 248 0 1158
247 249 0 1159
247 250 0 1160
247 256 0 1161
247 257 0 1162
247 258 0 1163
****************begin do 246 1163
246 246 0 1164
246 247 0 1165
246 248 0 1166
246 249 0 1167
246 250 0 1168
246 256 0 1169
246 257 0 1170
246 258 0 1171
246 301 0 1172
****************begin do 245 1172
245 245 0 1173
245 246 0 1174
245 247 0 1175
245 248 0 1176
245 249 0 1177
245 250 0 1178
245 256 0 1179
****************begin do 244 1179
244 244 0 1180
244 245 0 1181
244 246 0 1182
244 247 0 1183
****************begin do 243 1183
243 243 0 1184
243 244 0 1185
243 245 0 1186
243 246 0 1187
243 247 0 1188
****************begin do 242 1188
242 242 0 1189
242 243 0 1190
242 244 0 1191
242 245 0 1192
242 246 0 1193
242 247 0 1194
****************begin do 241 1194
241 241 0 1195
241 242 0 1196
241 342 0 1197
241 424 0 1198
241 430 0 1199
****************begin do 240 1199
240 240 0 1200
240 241 0 1201
240 242 0 1202
****************begin do 239 1202
239 239 0 1203
239 240 0 1204
239 241 0 1205
239 242 0 1206
****************begin do 238 1206
238 238 0 1207
238 239 0 1208
238 240 0 1209
238 241 0 1210
238 242 0 1211
****************begin do 237 1211
237 237 0 1212
237 238 0 1213
237 239 0 1214
237 240 0 1215
237 243 0 1216
237 244 0 1217
****************begin do 236 1217
236 236 0 1218
236 237 0 1219
236 238 0 1220
236 239 0 1221
****************begin do 235 1221
235 235 0 1222
235 236 0 1223
235 237 0 1224
235 238 0 1225
235 239 0 1226
****************begin do 234 1226
234 234 0 1227
234 235 0 1228
234 236 0 1229
234 237 0 1230
****************begin do 233 1230
233 233 0 1231
233 234 0 1232
233 235 0 1233
233 236 0 1234
233 237 0 1235
****************begin do 232 1235
232 232 0 1236
232 233 0 1237
232 234 0 1238
232 235 0 1239
232 236 0 1240
****************begin do 231 1240
231 231 0 1241
231 237 0 1242
****************begin do 230 1242
230 230 0 1243
230 231 0 1244
230 238 0 1245
230 239 0 1246
****************begin do 229 1246
229 229 0 1247
229 237 0 1248
****************begin do 228 1248
228 228 0 1249
228 229 0 1250
228 237 0 1251
228 413 0 1252
****************begin do 227 1252
227 227 0 1253
227 228 0 1254
227 229 0 1255
227 237 0 1256
****************begin do 226 1256
226 226 0 1257
226 227 0 1258
226 228 0 1259
226 230 0 1260
226 231 0 1261
226 238 0 1262
226 239 0 1263
****************begin do 225 1263
225 225 0 1264
225 226 0 1265
225 227 0 1266
225 228 0 1267
225 230 0 1268
225 231 0 1269
****************begin do 224 1269
224 224 0 1270
224 225 0 1271
224 226 0 1272
224 227 0 1273
224 228 0 1274
224 230 0 1275
224 231 0 1276
****************begin do 223 1276
223 223 0 1277
223 224 0 1278
223 225 0 1279
223 226 0 1280
223 227 0 1281
223 228 0 1282
223 230 0 1283
223 231 0 1284
****************begin do 222 1284
222 222 0 1285
****************begin do 221 1285
221 221 0 1286
221 222 0 1287
****************begin do 220 1287
220 220 0 1288
220 221 0 1289
220 222 0 1290
****************begin do 219 1290
219 219 0 1291
219 220 0 1292
219 221 0 1293
219 222 0 1294
****************begin do 218 1294
218 218 0 1295
****************begin do 217 1295
217 217 0 1296
217 218 0 1297
****************begin do 216 1297
216 216 0 1298
216 217 0 1299
216 218 0 1300
****************begin do 215 1300
215 215 0 1301
215 216 0 1302
215 217 0 1303
215 218 0 1304
****************begin do 214 1304
214 214 0 1305
214 215 0 1306
214 216 0 1307
214 217 0 1308
214 218 0 1309
****************begin do 213 1309
213 213 0 1310
213 214 0 1311
213 215 0 1312
213 216 0 1313
213 217 0 1314
213 218 0 1315
****************begin do 212 1315
212 212 0 1316
212 213 0 1317
****************begin do 211 1317
211 211 0 1318
211 212 0 1319
211 213 0 1320
****************begin do 210 1320
210 210 0 1321
210 211 0 1322
210 212 0 1323
210 213 0 1324
****************begin do 209 1324
209 209 0 1325
209 210 0 1326
209 211 0 1327
209 212 0 1328
209 213 0 1329
209 221 0 1330
209 222 0 1331
****************begin do 208 1331
208 208 0 1332
208 209 0 1333
208 210 0 1334
208 211 0 1335
208 212 0 1336
208 213 0 1337
208 221 0 1338
208 223 0 1339
208 255 0 1340
****************begin do 207 1340
207 207 0 1341
207 208 0 1342
207 209 0 1343
207 210 0 1344
****************begin do 206 1344
206 206 0 1345
206 207 0 1346
206 208 0 1347
206 209 0 1348
****************begin do 205 1348
205 205 0 1349
205 210 0 1350
****************begin do 204 1350
204 204 0 1351
204 205 0 1352
204 210 0 1353
204 215 0 1354
204 216 0 1355
204 217 0 1356
204 219 0 1357
****************begin do 203 1357
203 203 0 1358
203 204 0 1359
203 205 0 1360
203 210 0 1361
****************begin do 202 1361
202 202 0 1362
202 203 0 1363
202 204 0 1364
202 206 0 1365
202 207 0 1366
202 208 0 1367
202 209 0 1368
****************begin do 201 1368
201 201 0 1369
201 205 0 1370
201 210 0 1371
****************begin do 200 1371
200 200 0 1372
200 201 0 1373
****************begin do 199 1373
199 199 0 1374
199 200 0 1375
199 201 0 1376
199 212 0 1377
****************begin do 198 1377
198 198 0 1378
198 199 0 1379
198 200 0 1380
198 201 0 1381
198 212 0 1382
****************begin do 197 1382
197 197 0 1383
197 198 0 1384
****************begin do 196 1384
196 196 0 1385
196 197 0 1386
196 198 0 1387
****************begin do 195 1387
195 195 0 1388
195 196 0 1389
195 197 0 1390
****************begin do 194 1390
194 194 0 1391
194 195 0 1392
194 196 0 1393
194 197 0 1394
****************begin do 193 1394
193 193 0 1395
193 194 0 1396
193 195 0 1397
193 196 0 1398
193 197 0 1399
****************begin do 192 1399
192 192 0 1400
192 193 0 1401
192 194 0 1402
192 195 0 1403
192 196 0 1404
****************begin do 191 1404
191 191 0 1405
191 192 0 1406
191 193 0 1407
191 194 0 1408
191 195 0 1409
191 196 0 1410
****************begin do 190 1410
190 190 0 1411
190 191 0 1412
190 192 0 1413
190 193 0 1414
190 194 0 1415
190 199 0 1416
190 200 0 1417
190 202 0 1418
190 203 0 1419
****************begin do 189 1419
189 189 0 1420
189 190 0 1421
189 191 0 1422
189 192 0 1423
****************begin do 188 1423
188 188 0 1424
188 189 0 1425
188 190 0 1426
188 191 0 1427
188 192 0 1428
****************begin do 187 1428
187 187 0 1429
187 188 0 1430
187 189 0 1431
187 190 0 1432
187 191 0 1433
187 192 0 1434
187 468 0 1435
****************begin do 186 1435
186 186 0 1436
186 187 0 1437
186 188 0 1438
186 189 0 1439
186 190 0 1440
186 191 0 1441
186 192 0 1442
186 467 0 1443
****************begin do 185 1443
185 185 0 1444
185 186 0 1445
185 187 0 1446
185 188 0 1447
185 189 0 1448
185 190 0 1449
185 191 0 1450
185 192 0 1451
****************begin do 184 1451
184 184 0 1452
184 185 0 1453
184 186 0 1454
184 187 0 1455
184 188 0 1456
184 189 0 1457
184 190 0 1458
****************begin do 183 1458
183 183 0 1459
183 184 0 1460
183 185 0 1461
183 186 0 1462
183 187 0 1463
183 188 0 1464
183 189 0 1465
183 190 0 1466
****************begin do 182 1466
182 182 0 1467
182 183 0 1468
182 184 0 1469
182 185 0 1470
182 186 0 1471
182 187 0 1472
182 188 0 1473
182 189 0 1474
182 190 0 1475
****************begin do 181 1475
181 181 0 1476
181 182 0 1477
181 183 0 1478
181 184 0 1479
181 185 0 1480
181 412 0 1481
****************begin do 180 1481
180 180 0 1482
180 181 0 1483
180 182 0 1484
180 183 0 1485
180 184 0 1486
180 185 0 1487
****************begin do 179 1487
179 179 0 1488
179 180 0 1489
179 181 0 1490
179 182 0 1491
179 183 0 1492
179 184 0 1493
179 185 0 1494
****************begin do 178 1494
178 178 0 1495
178 179 0 1496
178 180 0 1497
178 181 0 1498
178 182 0 1499
****************begin do 177 1499
177 177 0 1500
177 178 0 1501
177 179 0 1502
177 180 0 1503
177 181 0 1504
177 182 0 1505
****************begin do 176 1505
176 176 0 1506
176 177 0 1507
176 178 0 1508
176 179 0 1509
176 180 0 1510
176 181 0 1511
176 182 0 1512
****************begin do 175 1512
175 175 0 1513
175 176 0 1514
175 177 0 1515
175 178 0 1516
175 179 0 1517
****************begin do 174 1517
174 174 0 1518
174 175 0 1519
174 176 0 1520
174 177 0 1521
174 178 0 1522
174 179 0 1523
****************begin do 173 1523
173 173 0 1524
173 174 0 1525
173 175 0 1526
****************begin do 172 1526
172 172 0 1527
172 173 0 1528
172 174 0 1529
172 175 0 1530
****************begin do 171 1530
171 171 0 1531
171 172 0 1532
171 173 0 1533
171 174 0 1534
171 175 0 1535
****************begin do 170 1535
170 170 0 1536
170 171 0 1537
170 172 0 1538
170 173 0 1539
170 174 0 1540
170 175 0 1541
****************begin do 169 1541
169 169 0 1542
169 170 0 1543
169 171 0 1544
169 172 0 1545
169 173 0 1546
169 404 0 1547
****************begin do 168 1547
168 168 0 1548
168 169 0 1549
168 170 0 1550
168 171 0 1551
168 172 0 1552
168 173 0 1553
****************begin do 167 1553
167 167 0 1554
167 168 0 1555
167 174 0 1556
167 175 0 1557
****************begin do 166 1557
166 166 0 1558
166 167 0 1559
166 168 0 1560
166 174 0 1561
166 175 0 1562
****************begin do 165 1562
165 165 0 1563
****************begin do 164 1563
164 164 0 1564
164 165 0 1565
****************begin do 163 1565
163 163 0 1566
****************begin do 162 1566
162 162 0 1567
162 163 0 1568
****************begin do 161 1568
161 161 0 1569
161 162 0 1570
161 163 0 1571
****************begin do 160 1571
160 160 0 1572
160 161 0 1573
****************begin do 159 1573
159 159 0 1574
159 160 0 1575
159 161 0 1576
****************begin do 158 1576
158 158 0 1577
****************begin do 157 1577
157 157 0 1578
157 158 0 1579
****************begin do 156 1579
156 156 0 1580
156 157 0 1581
156 158 0 1582
****************begin do 155 1582
155 155 0 1583
155 156 0 1584
155 157 0 1585
155 158 0 1586
****************begin do 154 1586
154 154 0 1587
154 155 0 1588
154 156 0 1589
154 157 0 1590
154 158 0 1591
****************begin do 153 1591
153 153 0 1592
153 154 0 1593
153 155 0 1594
153 156 0 1595
****************begin do 152 1595
152 152 0 1596
152 153 0 1597
152 154 0 1598
152 405 0 1599
152 491 0 1600
****************begin do 151 1600
151 151 0 1601
151 152 0 1602
151 153 0 1603
151 154 0 1604
151 210 0 1605
151 402 0 1606
151 492 0 1607
****************begin do 150 1607
150 150 0 1608
150 151 0 1609
150 155 0 1610
150 156 0 1611
150 241 0 1612
****************begin do 149 1612
149 149 0 1613
149 150 0 1614
149 151 0 1615
149 212 0 1616
****************begin do 148 1616
148 148 0 1617
148 149 0 1618
148 150 0 1619
148 151 0 1620
****************begin do 147 1620
147 147 0 1621
147 148 0 1622
147 149 0 1623
147 152 0 1624
147 153 0 1625
****************begin do 146 1625
146 146 0 1626
146 147 0 1627
146 148 0 1628
146 149 0 1629
146 152 0 1630
146 153 0 1631
****************begin do 145 1631
145 145 0 1632
145 146 0 1633
145 147 0 1634
145 148 0 1635
145 149 0 1636
145 152 0 1637
145 153 0 1638
****************begin do 144 1638
144 144 0 1639
144 145 0 1640
****************begin do 143 1640
143 143 0 1641
143 144 0 1642
****************begin do 142 1642
142 142 0 1643
142 143 0 1644
142 144 0 1645
****************begin do 141 1645
141 141 0 1646
141 142 0 1647
141 143 0 1648
141 144 0 1649
****************begin do 140 1649
140 140 0 1650
140 141 0 1651
140 142 0 1652
140 143 0 1653
140 144 0 1654
****************begin do 139 1654
139 139 0 1655
139 140 0 1656
139 141 0 1657
139 142 0 1658
139 143 0 1659
139 144 0 1660
****************begin do 138 1660
138 138 0 1661
****************begin do 137 1661
137 137 0 1662
137 138 0 1663
137 178 0 1664
****************begin do 136 1664
136 136 0 1665
136 137 0 1666
136 138 0 1667
136 177 0 1668
****************begin do 135 1668
135 135 0 1669
135 136 0 1670
135 137 0 1671
135 138 0 1672
****************begin do 134 1672
134 134 0 1673
134 135 0 1674
134 136 0 1675
134 137 0 1676
134 138 0 1677
****************begin do 133 1677
133 133 0 1678
133 134 0 1679
133 135 0 1680
133 136 0 1681
133 137 0 1682
133 138 0 1683
****************begin do 132 1683
132 132 0 1684
132 133 0 1685
132 265 0 1686
132 267 0 1687
132 269 0 1688
****************begin do 131 1688
131 131 0 1689
131 132 0 1690
131 133 0 1691
****************begin do 130 1691
130 130 0 1692
130 265 0 1693
130 267 0 1694
130 269 0 1695
****************begin do 129 1695
129 129 0 1696
129 130 0 1697
****************begin do 128 1697
128 128 0 1698
128 129 0 1699
128 131 0 1700
128 132 0 1701
128 133 0 1702
****************begin do 127 1702
127 127 0 1703
127 128 0 1704
127 129 0 1705
127 131 0 1706
127 132 0 1707
127 133 0 1708
****************begin do 126 1708
126 126 0 1709
126 127 0 1710
126 128 0 1711
126 129 0 1712
126 131 0 1713
126 132 0 1714
126 133 0 1715
****************begin do 125 1715
125 125 0 1716
125 126 0 1717
125 127 0 1718
125 128 0 1719
125 129 0 1720
125 131 0 1721
125 132 0 1722
****************begin do 124 1722
124 124 0 1723
124 125 0 1724
124 126 0 1725
124 127 0 1726
124 128 0 1727
****************begin do 123 1727
123 123 0 1728
123 124 0 1729
123 125 0 1730
123 126 0 1731
123 127 0 1732
123 128 0 1733
****************begin do 122 1733
122 122 0 1734
122 123 0 1735
122 124 0 1736
122 125 0 1737
122 126 0 1738
122 127 0 1739
122 345 0 1740
****************begin do 121 1740
121 121 0 1741
121 122 0 1742
121 123 0 1743
121 130 0 1744
****************begin do 120 1744
120 120 0 1745
120 121 0 1746
120 122 0 1747
120 123 0 1748
120 130 0 1749
120 249 0 1750
****************begin do 119 1750
119 119 0 1751
119 120 0 1752
119 124 0 1753
119 125 0 1754
119 126 0 1755
119 127 0 1756
****************begin do 118 1756
118 118 0 1757
118 119 0 1758
118 120 0 1759
118 124 0 1760
****************begin do 117 1760
117 117 0 1761
117 125 0 1762
117 126 0 1763
117 127 0 1764
****************begin do 116 1764
116 116 0 1765
116 117 0 1766
116 128 0 1767
****************begin do 115 1767
115 115 0 1768
115 116 0 1769
115 117 0 1770
****************begin do 114 1770
114 114 0 1771
114 115 0 1772
114 116 0 1773
114 118 0 1774
114 119 0 1775
114 120 0 1776
****************begin do 113 1776
113 113 0 1777
113 114 0 1778
113 115 0 1779
113 116 0 1780
113 118 0 1781
113 119 0 1782
113 120 0 1783
113 394 0 1784
113 396 0 1785
****************begin do 112 1785
112 112 0 1786
112 113 0 1787
112 114 0 1788
112 115 0 1789
112 116 0 1790
112 118 0 1791
112 121 0 1792
112 397 0 1793
112 399 0 1794
****************begin do 111 1794
111 111 0 1795
111 112 0 1796
111 113 0 1797
111 114 0 1798
111 115 0 1799
111 116 0 1800
111 118 0 1801
111 121 0 1802
****************begin do 110 1802
110 110 0 1803
110 111 0 1804
110 112 0 1805
110 113 0 1806
110 117 0 1807
****************begin do 109 1807
109 109 0 1808
109 110 0 1809
109 111 0 1810
109 112 0 1811
109 113 0 1812
109 117 0 1813
****************begin do 108 1813
108 108 0 1814
108 109 0 1815
108 110 0 1816
108 111 0 1817
108 112 0 1818
108 113 0 1819
108 117 0 1820
108 313 0 1821
****************begin do 107 1821
107 107 0 1822
107 108 0 1823
107 109 0 1824
107 110 0 1825
107 111 0 1826
107 112 0 1827
****************begin do 106 1827
106 106 0 1828
106 107 0 1829
106 108 0 1830
106 109 0 1831
106 110 0 1832
106 111 0 1833
106 112 0 1834
****************begin do 105 1834
105 105 0 1835
105 106 0 1836
105 113 0 1837
105 332 0 1838
****************begin do 104 1838
104 104 0 1839
104 107 0 1840
104 108 0 1841
104 109 0 1842
104 110 0 1843
104 111 0 1844
104 112 0 1845
****************begin do 103 1845
103 103 0 1846
103 104 0 1847
****************begin do 102 1847
102 102 0 1848
102 103 0 1849
102 104 0 1850
****************begin do 101 1850
101 101 0 1851
101 102 0 1852
101 103 0 1853
101 104 0 1854
****************begin do 100 1854
100 100 0 1855
****************begin do 99 1855
99 99 0 1856
99 100 0 1857
****************begin do 98 1857
98 98 0 1858
98 99 0 1859
98 100 0 1860
****************begin do 97 1860
97 97 0 1861
97 98 0 1862
97 99 0 1863
97 101 0 1864
97 102 0 1865
97 103 0 1866
97 104 0 1867
****************begin do 96 1867
96 96 0 1868
96 97 0 1869
96 98 0 1870
96 99 0 1871
96 101 0 1872
96 102 0 1873
96 107 0 1874
96 108 0 1875
96 109 0 1876
96 110 0 1877
****************begin do 95 1877
95 95 0 1878
95 96 0 1879
95 97 0 1880
95 111 0 1881
95 342 0 1882
95 424 0 1883
95 430 0 1884
****************begin do 94 1884
94 94 0 1885
94 95 0 1886
94 96 0 1887
94 97 0 1888
94 429 0 1889
94 431 0 1890
****************begin do 93 1890
93 93 0 1891
93 94 0 1892
93 95 0 1893
93 96 0 1894
93 426 0 1895
93 428 0 1896
****************begin do 92 1896
92 92 0 1897
92 93 0 1898
92 94 0 1899
****************begin do 91 1899
91 91 0 1900
91 92 0 1901
91 93 0 1902
91 94 0 1903
****************begin do 90 1903
90 90 0 1904
90 91 0 1905
90 92 0 1906
90 93 0 1907
90 94 0 1908
****************begin do 89 1908
89 89 0 1909
89 90 0 1910
89 91 0 1911
89 92 0 1912
89 93 0 1913
89 94 0 1914
****************begin do 88 1914
88 88 0 1915
88 89 0 1916
88 90 0 1917
88 91 0 1918
88 92 0 1919
88 93 0 1920
88 94 0 1921
****************begin do 87 1921
87 87 0 1922
87 88 0 1923
87 89 0 1924
87 90 0 1925
87 91 0 1926
87 92 0 1927
87 93 0 1928
87 100 0 1929
****************begin do 86 1929
86 86 0 1930
86 87 0 1931
86 88 0 1932
86 89 0 1933
86 90 0 1934
86 91 0 1935
86 92 0 1936
86 99 0 1937
86 101 0 1938
86 102 0 1939
86 106 0 1940
86 253 0 1941
****************begin do 85 1941
85 85 0 1942
85 86 0 1943
85 87 0 1944
85 88 0 1945
85 89 0 1946
85 90 0 1947
85 91 0 1948
85 92 0 1949
85 99 0 1950
85 101 0 1951
85 102 0 1952
85 106 0 1953
****************begin do 84 1953
84 84 0 1954
84 85 0 1955
84 86 0 1956
84 87 0 1957
84 88 0 1958
****************begin do 83 1958
83 83 0 1959
83 84 0 1960
83 85 0 1961
83 86 0 1962
****************begin do 82 1962
82 82 0 1963
82 87 0 1964
82 88 0 1965
****************begin do 81 1965
81 81 0 1966
81 82 0 1967
81 87 0 1968
81 88 0 1969
****************begin do 80 1969
80 80 0 1970
80 81 0 1971
80 82 0 1972
80 87 0 1973
80 88 0 1974
****************begin do 79 1974
79 79 0 1975
79 80 0 1976
79 81 0 1977
79 82 0 1978
****************begin do 78 1978
78 78 0 1979
78 79 0 1980
78 80 0 1981
78 81 0 1982
78 83 0 1983
78 84 0 1984
78 85 0 1985
****************begin do 77 1985
77 77 0 1986
77 78 0 1987
77 79 0 1988
77 80 0 1989
****************begin do 76 1989
76 76 0 1990
76 77 0 1991
76 78 0 1992
76 79 0 1993
76 80 0 1994
****************begin do 75 1994
75 75 0 1995
75 76 0 1996
75 77 0 1997
75 78 0 1998
75 226 0 1999
75 262 0 2000
****************begin do 74 2000
74 74 0 2001
74 75 0 2002
74 76 0 2003
74 77 0 2004
74 78 0 2005
****************begin do 73 2005
73 73 0 2006
73 74 0 2007
73 75 0 2008
73 76 0 2009
73 77 0 2010
73 78 0 2011
73 276 0 2012
****************begin do 72 2012
72 72 0 2013
72 73 0 2014
72 74 0 2015
72 75 0 2016
72 76 0 2017
72 77 0 2018
72 78 0 2019
72 153 0 2020
****************begin do 71 2020
71 71 0 2021
71 72 0 2022
71 73 0 2023
71 74 0 2024
71 75 0 2025
71 76 0 2026
71 77 0 2027
71 78 0 2028
71 196 0 2029
****************begin do 70 2029
70 70 0 2030
70 71 0 2031
70 72 0 2032
****************begin do 69 2032
69 69 0 2033
69 70 0 2034
69 71 0 2035
69 72 0 2036
69 172 0 2037
69 326 0 2038
****************begin do 68 2038
68 68 0 2039
68 69 0 2040
68 70 0 2041
68 71 0 2042
68 72 0 2043
68 171 0 2044
68 477 0 2045
****************begin do 67 2045
67 67 0 2046
67 68 0 2047
****************begin do 66 2047
66 66 0 2048
66 67 0 2049
****************begin do 65 2049
65 65 0 2050
65 66 0 2051
65 67 0 2052
****************begin do 64 2052
64 64 0 2053
64 65 0 2054
64 66 0 2055
64 485 0 2056
64 487 0 2057
****************begin do 63 2057
63 63 0 2058
63 64 0 2059
63 65 0 2060
63 66 0 2061
63 96 0 2062
****************begin do 62 2062
62 62 0 2063
62 63 0 2064
62 64 0 2065
62 65 0 2066
62 66 0 2067
62 95 0 2068
****************begin do 61 2068
61 61 0 2069
61 62 0 2070
61 63 0 2071
61 67 0 2072
****************begin do 60 2072
60 60 0 2073
60 61 0 2074
60 62 0 2075
60 63 0 2076
60 67 0 2077
****************begin do 59 2077
59 59 0 2078
59 60 0 2079
59 61 0 2080
59 62 0 2081
59 63 0 2082
****************begin do 58 2082
58 58 0 2083
58 59 0 2084
58 60 0 2085
58 61 0 2086
58 62 0 2087
58 63 0 2088
****************begin do 57 2088
57 57 0 2089
57 58 0 2090
57 59 0 2091
57 60 0 2092
57 61 0 2093
57 62 0 2094
57 63 0 2095
****************begin do 56 2095
56 56 0 2096
56 57 0 2097
56 58 0 2098
56 59 0 2099
****************begin do 55 2099
55 55 0 2100
55 56 0 2101
55 57 0 2102
55 58 0 2103
55 59 0 2104
****************begin do 54 2104
54 54 0 2105
54 55 0 2106
54 56 0 2107
54 57 0 2108
54 58 0 2109
54 211 0 2110
****************begin do 53 2110
53 53 0 2111
53 54 0 2112
53 55 0 2113
53 56 0 2114
53 57 0 2115
53 58 0 2116
****************begin do 52 2116
52 52 0 2117
52 53 0 2118
52 54 0 2119
52 55 0 2120
52 56 0 2121
52 57 0 2122
52 58 0 2123
****************begin do 51 2123
51 51 0 2124
51 52 0 2125
51 53 0 2126
51 54 0 2127
51 55 0 2128
51 56 0 2129
51 57 0 2130
****************begin do 50 2130
50 50 0 2131
50 51 0 2132
50 52 0 2133
50 53 0 2134
50 54 0 2135
50 55 0 2136
50 56 0 2137
50 57 0 2138
****************begin do 49 2138
49 49 0 2139
49 50 0 2140
49 51 0 2141
49 52 0 2142
49 53 0 2143
49 54 0 2144
49 55 0 2145
49 56 0 2146
****************begin do 48 2146
48 48 0 2147
48 49 0 2148
48 50 0 2149
48 51 0 2150
48 52 0 2151
48 53 0 2152
48 54 0 2153
48 55 0 2154
****************begin do 47 2154
47 47 0 2155
47 48 0 2156
47 49 0 2157
47 50 0 2158
****************begin do 46 2158
46 46 0 2159
46 47 0 2160
46 48 0 2161
46 49 0 2162
****************begin do 45 2162
45 45 0 2163
45 46 0 2164
45 47 0 2165
45 48 0 2166
45 49 0 2167
****************begin do 44 2167
44 44 0 2168
****************begin do 43 2168
43 43 0 2169
43 44 0 2170
43 76 0 2171
****************begin do 42 2171
42 42 0 2172
42 43 0 2173
42 44 0 2174
****************begin do 41 2174
41 41 0 2175
41 42 0 2176
41 43 0 2177
41 44 0 2178
41 134 0 2179
****************begin do 40 2179
40 40 0 2180
40 41 0 2181
40 42 0 2182
40 43 0 2183
40 44 0 2184
****************begin do 39 2184
39 39 0 2185
39 40 0 2186
39 41 0 2187
39 42 0 2188
39 43 0 2189
39 44 0 2190
39 366 0 2191
39 368 0 2192
****************begin do 38 2192
38 38 0 2193
38 39 0 2194
38 40 0 2195
38 41 0 2196
38 42 0 2197
38 43 0 2198
38 44 0 2199
****************begin do 37 2199
37 37 0 2200
37 38 0 2201
37 39 0 2202
37 40 0 2203
37 41 0 2204
37 42 0 2205
37 43 0 2206
37 45 0 2207
****************begin do 36 2207
36 36 0 2208
36 37 0 2209
36 38 0 2210
36 39 0 2211
36 40 0 2212
36 41 0 2213
36 42 0 2214
36 43 0 2215
36 45 0 2216
****************begin do 35 2216
35 35 0 2217
35 36 0 2218
35 37 0 2219
35 38 0 2220
35 39 0 2221
35 40 0 2222
35 41 0 2223
35 42 0 2224
****************begin do 34 2224
34 34 0 2225
34 35 0 2226
34 36 0 2227
34 37 0 2228
34 38 0 2229
34 39 0 2230
34 40 0 2231
34 41 0 2232
34 42 0 2233
****************begin do 33 2233
33 33 0 2234
33 34 0 2235
33 35 0 2236
33 36 0 2237
33 37 0 2238
33 38 0 2239
33 39 0 2240
33 40 0 2241
33 41 0 2242
33 224 0 2243
****************begin do 32 2243
32 32 0 2244
32 33 0 2245
32 34 0 2246
32 35 0 2247
32 36 0 2248
32 37 0 2249
32 179 0 2250
****************begin do 31 2250
31 31 0 2251
31 32 0 2252
31 47 0 2253
****************begin do 30 2253
30 30 0 2254
30 31 0 2255
30 32 0 2256
****************begin do 29 2256
29 29 0 2257
29 30 0 2258
29 31 0 2259
29 32 0 2260
29 328 0 2261
****************begin do 28 2261
28 28 0 2262
28 29 0 2263
28 30 0 2264
28 31 0 2265
28 32 0 2266
****************begin do 27 2266
27 27 0 2267
27 28 0 2268
****************begin do 26 2268
26 26 0 2269
26 27 0 2270
26 28 0 2271
****************begin do 25 2271
25 25 0 2272
25 26 0 2273
25 27 0 2274
25 28 0 2275
****************begin do 24 2275
24 24 0 2276
24 25 0 2277
24 26 0 2278
24 27 0 2279
24 28 0 2280
****************begin do 23 2280
23 23 0 2281
23 24 0 2282
23 25 0 2283
23 26 0 2284
23 27 0 2285
23 28 0 2286
****************begin do 22 2286
22 22 0 2287
22 23 0 2288
22 24 0 2289
22 25 0 2290
22 26 0 2291
22 27 0 2292
22 28 0 2293
22 127 0 2294
****************begin do 21 2294
21 21 0 2295
21 22 0 2296
21 23 0 2297
21 24 0 2298
21 334 0 2299
21 422 0 2300
****************begin do 20 2300
20 20 0 2301
20 21 0 2302
20 22 0 2303
20 23 0 2304
20 24 0 2305
****************begin do 19 2305
19 19 0 2306
19 20 0 2307
19 21 0 2308
19 22 0 2309
19 23 0 2310
19 24 0 2311
****************begin do 18 2311
18 18 0 2312
18 19 0 2313
18 20 0 2314
18 21 0 2315
18 22 0 2316
****************begin do 17 2316
17 17 0 2317
17 18 0 2318
17 19 0 2319
17 20 0 2320
17 21 0 2321
17 22 0 2322
****************begin do 16 2322
16 16 0 2323
16 17 0 2324
16 18 0 2325
****************begin do 15 2325
15 15 0 2326
15 16 0 2327
15 17 0 2328
15 18 0 2329
****************begin do 14 2329
14 14 0 2330
14 15 0 2331
14 16 0 2332
14 17 0 2333
14 18 0 2334
14 181 0 2335
****************begin do 13 2335
13 13 0 2336
13 14 0 2337
13 15 0 2338
13 16 0 2339
13 17 0 2340
13 18 0 2341
****************begin do 12 2341
12 12 0 2342
12 13 0 2343
12 14 0 2344
12 15 0 2345
12 16 0 2346
12 17 0 2347
****************begin do 11 2347
11 11 0 2348
11 12 0 2349
11 13 0 2350
11 14 0 2351
11 15 0 2352
11 16 0 2353
11 17 0 2354
****************begin do 10 2354
10 10 0 2355
10 11 0 2356
10 12 0 2357
10 13 0 2358
****************begin do 9 2358
9 9 0 2359
9 10 0 2360
9 11 0 2361
9 12 0 2362
9 13 0 2363
9 70 0 2364
****************begin do 8 2364
8 8 0 2365
8 9 0 2366
8 10 0 2367
8 11 0 2368
8 12 0 2369
8 13 0 2370
8 65 0 2371
8 69 0 2372
8 309 0 2373
****************begin do 7 2373
7 7 0 2374
7 8 0 2375
7 9 0 2376
7 10 0 2377
7 11 0 2378
7 12 0 2379
7 13 0 2380
7 66 0 2381
****************begin do 6 2381
6 6 0 2382
6 7 0 2383
6 8 0 2384
6 9 0 2385
6 10 0 2386
6 11 0 2387
6 12 0 2388
6 13 0 2389
6 285 0 2390
6 381 0 2391
****************begin do 5 2391
5 5 0 2392
5 6 0 2393
5 7 0 2394
5 8 0 2395
5 9 0 2396
5 10 0 2397
5 11 0 2398
****************begin do 4 2398
4 4 0 2399
4 5 0 2400
4 6 0 2401
4 7 0 2402
4 8 0 2403
4 9 0 2404
****************begin do 3 2404
3 3 0 2405
3 4 0 2406
3 14 0 2407
3 15 0 2408
****************begin do 2 2408
2 2 0 2409
2 3 0 2410
2 12 0 2411
2 13 0 2412
2 285 0 2413
2 381 0 2414
****************begin do 1 2414
1 1 0 2415
1 2 0 2416
1 3 0 2417
1 382 0 2418
2418
