****************begin do 500 0
****************begin do 499 1
****************begin do 498 3
****************begin do 497 6
****************begin do 496 10
****************begin do 495 15
****************begin do 494 19
****************begin do 493 23
****************begin do 492 28
****************begin do 491 33
****************begin do 490 39
****************begin do 489 46
****************begin do 488 53
****************begin do 487 57
****************begin do 486 62
****************begin do 485 63
****************begin do 484 65
****************begin do 483 68
****************begin do 482 72
****************begin do 481 77
****************begin do 480 79
****************begin do 479 82
****************begin do 478 86
****************begin do 477 90
****************begin do 476 95
****************begin do 475 98
****************begin do 474 102
****************begin do 473 103
****************begin do 472 105
****************begin do 471 108
****************begin do 470 115
****************begin do 469 118
****************begin do 468 122
****************begin do 467 128
****************begin do 466 134
****************begin do 465 141
****************begin do 464 149
****************begin do 463 152
****************begin do 462 154
****************begin do 461 157
****************begin do 460 161
****************begin do 459 162
****************begin do 458 164
****************begin do 457 167
****************begin do 456 171
****************begin do 455 176
****************begin do 454 178
****************begin do 453 181
****************begin do 452 185
****************begin do 451 186
****************begin do 450 188
****************begin do 449 191
****************begin do 448 195
****************begin do 447 197
****************begin do 446 200
****************begin do 445 204
****************begin do 444 210
****************begin do 443 212
****************begin do 442 217
****************begin do 441 223
****************begin do 440 227
****************begin do 439 232
****************begin do 438 235
****************begin do 437 239
****************begin do 436 242
****************begin do 435 246
****************begin do 434 251
****************begin do 433 257
****************begin do 432 260
****************begin do 431 264
****************begin do 430 269
****************begin do 429 270
****************begin do 428 272
****************begin do 427 275
****************begin do 426 276
****************begin do 425 278
****************begin do 424 281
****************begin do 423 285
****************begin do 422 290
****************begin do 421 296
****************begin do 420 303
****************begin do 419 311
****************begin do 418 314
****************begin do 417 318
****************begin do 416 323
****************begin do 415 329
****************begin do 414 336
****************begin do 413 340
****************begin do 412 345
****************begin do 411 351
****************begin do 410 355
****************begin do 409 360
****************begin do 408 361
****************begin do 407 367
****************begin do 406 369
****************begin do 405 373
****************begin do 404 380
****************begin do 403 386
****************begin do 402 388
****************begin do 401 391
****************begin do 400 395
****************begin do 399 400
****************begin do 398 401
****************begin do 397 407
****************begin do 396 415
****************begin do 395 420
****************begin do 394 426
****************begin do 393 431
****************begin do 392 436
****************begin do 391 441
****************begin do 390 446
****************begin do 389 452
****************begin do 388 459
****************begin do 387 468
****************begin do 386 477
****************begin do 385 480
****************begin do 384 490
****************begin do 383 501
****************begin do 382 505
****************begin do 381 510
****************begin do 380 515
****************begin do 379 521
****************begin do 378 528
****************begin do 377 532
****************begin do 376 538
****************begin do 375 539
****************begin do 374 541
****************begin do 373 544
****************begin do 372 548
****************begin do 371 550
****************begin do 370 553
****************begin do 369 557
****************begin do 368 562
****************begin do 367 570
****************begin do 366 573
****************begin do 365 575
****************begin do 364 579
****************begin do 363 584
****************begin do 362 589
****************begin do 361 595
****************begin do 360 602
****************begin do 359 606
****************begin do 358 611
****************begin do 357 615
****************begin do 356 620
****************begin do 355 626
****************begin do 354 633
****************begin do 353 641
****************begin do 352 650
****************begin do 351 659
****************begin do 350 664
****************begin do 349 669
****************begin do 348 678
****************begin do 347 681
****************begin do 346 690
****************begin do 345 700
****************begin do 344 707
****************begin do 343 709
****************begin do 342 712
****************begin do 341 718
****************begin do 340 725
****************begin do 339 728
****************begin do 338 730
****************begin do 337 733
****************begin do 336 734
****************begin do 335 736
****************begin do 334 739
****************begin do 333 743
****************begin do 332 748
****************begin do 331 754
****************begin do 330 763
****************begin do 329 769
****************begin do 328 775
****************begin do 327 782
****************begin do 326 786
****************begin do 325 791
****************begin do 324 797
****************begin do 323 802
****************begin do 322 806
****************begin do 321 809
****************begin do 320 814
****************begin do 319 820
****************begin do 318 821
****************begin do 317 823
****************begin do 316 826
****************begin do 315 830
****************begin do 314 831
****************begin do 313 833
****************begin do 312 836
****************begin do 311 840
****************begin do 310 845
****************begin do 309 856
****************begin do 308 859
****************begin do 307 863
****************begin do 306 869
****************begin do 305 875
****************begin do 304 883
****************begin do 303 887
****************begin do 302 896
****************begin do 301 904
****************begin do 300 915
****************begin do 299 922
****************begin do 298 932
****************begin do 297 941
****************begin do 296 948
****************begin do 295 950
****************begin do 294 953
****************begin do 293 957
****************begin do 292 962
****************begin do 291 963
****************begin do 290 965
****************begin do 289 968
****************begin do 288 974
****************begin do 287 976
****************begin do 286 979
****************begin do 285 983
****************begin do 284 984
****************begin do 283 986
****************begin do 282 989
****************begin do 281 996
****************begin do 280 1003
****************begin do 279 1011
****************begin do 278 1020
****************begin do 277 1026
****************begin do 276 1033
****************begin do 275 1040
****************begin do 274 1048
****************begin do 273 1057
****************begin do 272 1058
****************begin do 271 1060
****************begin do 270 1063
****************begin do 269 1067
****************begin do 268 1074
****************begin do 267 1076
****************begin do 266 1079
****************begin do 265 1081
****************begin do 264 1083
****************begin do 263 1086
****************begin do 262 1091
****************begin do 261 1097
****************begin do 260 1106
****************begin do 259 1110
****************begin do 258 1113
****************begin do 257 1116
****************begin do 256 1121
****************begin do 255 1124
****************begin do 254 1128
****************begin do 253 1133
****************begin do 252 1136
****************begin do 251 1140
****************begin do 250 1144
****************begin do 249 1149
****************begin do 248 1152
****************begin do 247 1156
****************begin do 246 1163
****************begin do 245 1172
****************begin do 244 1179
****************begin do 243 1183
****************begin do 242 1188
****************begin do 241 1194
****************begin do 240 1199
****************begin do 239 1202
****************begin do 238 1206
****************begin do 237 1211
****************begin do 236 1217
****************begin do 235 1221
****************begin do 234 1226
****************begin do 233 1230
****************begin do 232 1235
****************begin do 231 1240
****************begin do 230 1242
****************begin do 229 1246
****************begin do 228 1248
****************begin do 227 1252
****************begin do 226 1256
****************begin do 225 1263
****************begin do 224 1269
****************begin do 223 1276
****************begin do 222 1284
****************begin do 221 1285
****************begin do 220 1287
****************begin do 219 1290
****************begin do 218 1294
****************begin do 217 1295
****************begin do 216 1297
****************begin do 215 1300
****************begin do 214 1304
****************begin do 213 1309
****************begin do 212 1315
****************begin do 211 1317
****************begin do 210 1320
****************begin do 209 1324
****************begin do 208 1331
****************begin do 207 1340
****************begin do 206 1344
****************begin do 205 1348
****************begin do 204 1350
****************begin do 203 1357
****************begin do 202 1361
****************begin do 201 1368
****************begin do 200 1371
****************begin do 199 1373
****************begin do 198 1377
****************begin do 197 1382
****************begin do 196 1384
****************begin do 195 1387
****************begin do 194 1390
****************begin do 193 1394
****************begin do 192 1399
****************begin do 191 1404
****************begin do 190 1410
****************begin do 189 1419
****************begin do 188 1423
****************begin do 187 1428
****************begin do 186 1435
****************begin do 185 1443
****************begin do 184 1451
****************begin do 183 1458
****************begin do 182 1466
****************begin do 181 1475
****************begin do 180 1481
****************begin do 179 1487
****************begin do 178 1494
****************begin do 177 1499
****************begin do 176 1505
****************begin do 175 1512
****************begin do 174 1517
****************begin do 173 1523
****************begin do 172 1526
****************begin do 171 1530
****************begin do 170 1535
****************begin do 169 1541
****************begin do 168 1547
****************begin do 167 1553
****************begin do 166 1557
****************begin do 165 1562
****************begin do 164 1563
****************begin do 163 1565
****************begin do 162 1566
****************begin do 161 1568
****************begin do 160 1571
****************begin do 159 1573
****************begin do 158 1576
****************begin do 157 1577
****************begin do 156 1579
****************begin do 155 1582
****************begin do 154 1586
****************begin do 153 1591
****************begin do 152 1595
****************begin do 151 1600
****************begin do 150 1607
****************begin do 149 1612
****************begin do 148 1616
****************begin do 147 1620
****************begin do 146 1625
****************begin do 145 1631
****************begin do 144 1638
****************begin do 143 1640
****************begin do 142 1642
****************begin do 141 1645
****************begin do 140 1649
****************begin do 139 1654
****************begin do 138 1660
****************begin do 137 1661
****************begin do 136 1664
****************begin do 135 1668
****************begin do 134 1672
****************begin do 133 1677
****************begin do 132 1683
****************begin do 131 1688
****************begin do 130 1691
****************begin do 129 1695
****************begin do 128 1697
****************begin do 127 1702
****************begin do 126 1708
****************begin do 125 1715
****************begin do 124 1722
****************begin do 123 1727
****************begin do 122 1733
****************begin do 121 1740
****************begin do 120 1744
****************begin do 119 1750
****************begin do 118 1756
****************begin do 117 1760
****************begin do 116 1764
****************begin do 115 1767
****************begin do 114 1770
****************begin do 113 1776
****************begin do 112 1785
****************begin do 111 1794
****************begin do 110 1802
****************begin do 109 1807
****************begin do 108 1813
****************begin do 107 1821
****************begin do 106 1827
****************begin do 105 1834
****************begin do 104 1838
****************begin do 103 1845
****************begin do 102 1847
****************begin do 101 1850
****************begin do 100 1854
****************begin do 99 1855
****************begin do 98 1857
****************begin do 97 1860
****************begin do 96 1867
****************begin do 95 1877
****************begin do 94 1884
****************begin do 93 1890
****************begin do 92 1896
****************begin do 91 1899
****************begin do 90 1903
****************begin do 89 1908
****************begin do 88 1914
****************begin do 87 1921
****************begin do 86 1929
****************begin do 85 1941
****************begin do 84 1953
****************begin do 83 1958
****************begin do 82 1962
****************begin do 81 1965
****************begin do 80 1969
****************begin do 79 1974
****************begin do 78 1978
****************begin do 77 1985
****************begin do 76 1989
****************begin do 75 1994
****************begin do 74 2000
****************begin do 73 2005
****************begin do 72 2012
****************begin do 71 2020
****************begin do 70 2029
****************begin do 69 2032
****************begin do 68 2038
****************begin do 67 2045
****************begin do 66 2047
****************begin do 65 2049
****************begin do 64 2052
****************begin do 63 2057
****************begin do 62 2062
****************begin do 61 2068
****************begin do 60 2072
****************begin do 59 2077
****************begin do 58 2082
****************begin do 57 2088
****************begin do 56 2095
****************begin do 55 2099
****************begin do 54 2104
****************begin do 53 2110
****************begin do 52 2116
****************begin do 51 2123
****************begin do 50 2130
****************begin do 49 2138
****************begin do 48 2146
****************begin do 47 2154
****************begin do 46 2158
****************begin do 45 2162
****************begin do 44 2167
****************begin do 43 2168
****************begin do 42 2171
****************begin do 41 2174
****************begin do 40 2179
****************begin do 39 2184
****************begin do 38 2192
****************begin do 37 2199
****************begin do 36 2207
****************begin do 35 2216
****************begin do 34 2224
****************begin do 33 2233
****************begin do 32 2243
****************begin do 31 2250
****************begin do 30 2253
****************begin do 29 2256
****************begin do 28 2261
****************begin do 27 2266
****************begin do 26 2268
****************begin do 25 2271
****************begin do 24 2275
****************begin do 23 2280
****************begin do 22 2286
****************begin do 21 2294
****************begin do 20 2300
****************begin do 19 2305
****************begin do 18 2311
****************begin do 17 2316
****************begin do 16 2322
****************begin do 15 2325
****************begin do 14 2329
****************begin do 13 2335
****************begin do 12 2341
****************begin do 11 2347
****************begin do 10 2354
****************begin do 9 2358
****************begin do 8 2364
****************begin do 7 2373
****************begin do 6 2381
****************begin do 5 2391
****************begin do 4 2398
****************begin do 3 2404
****************begin do 2 2408
****************begin do 1 2414
2418
