485505303
910437096
480545619
213663947
40103689
689544653
853126514
529031904
549154669
975769841
843753032
110064863
596080907
431515009
599291490
840322359
539106412
122816359
484316697
23635588
758947965
70106238
891856300
877020098
65863434
955902911
143212358
512794135
392574497
233027548
208839596
880212812
193556806
395276029
730390372
636352821
276121070
923277059
967232747
741483657
449153565
564204442
90429355
290591400
131631453
207125267
640748417
581197856
946492379
761261435
483680391
340423699
91027396
616158523
433976021
804950963
357947373
890419333
878079267
260802048
415963752
516046727
659336890
480968858
264924876
391262523
347601350
978129000
665557141
360173940
91657712
315156372
448465750
230762585
624462257
839244397
412761649
863860229
44228559
890908507
352613659
364470401
298467523
781990294
464365839
853388210
751298143
813497525
815760705
54706417
953849928
527611869
488134531
848340017
191440293
28852638
590582990
351513582
958863574
337832451
165253762
303188323
231678049
663868143
902512631
922066445
284233617
89132070
697200535
20596319
287924712
218901061
94990342
470834111
571886528
642279164
794882716
320791755
320771667
296332329
120143248
567276104
268694506
947524820
932479459
314349149
181024682
14014185
340774399
838179461
476222996
823047106
133851498
139902694
871905556
469637897
829495767
914843119
38413273
552905274
954669723
598049303
442178601
437704881
868918418
923180366
520917909
285311860
686506410
772885283
667919641
181673625
591030857
953309403
579641382
54068086
589800718
733497902
523573147
4383912
805326880
900747179
622034125
18571779
662615136
769377554
903834630
953310885
101448835
128873968
530729002
112129491
708492448
795485269
835038110
856485972
939747838
93521970
7766019
237614459
894626660
289274658
202088060
179963920
614338682
11034895
450709597
470801348
65261126
29756846
606374144
703739786
197616803
198087673
539528822
108934029
227309472
23853127
226407215
962000461
89921326
842952285
338522337
955342012
198212253
985874939
738296726
849729487
590649336
170427268
746704218
216788312
772726630
899034
642036367
162745692
667381316
926866831
369649820
780066122
625423247
727654862
996789165
564672082
501441732
982584196
81032295
587034228
95689618
357559887
742961843
984014136
886305191
441487788
188321031
234857669
322153576
565875630
107424874
375693605
883787764
173316396
964087081
463361129
441501391
424228033
538789532
567270478
486697076
879205587
28722741
567124963
223361394
874439207
769145481
917240359
532048937
299101697
538894403
332938724
689681921
254426188
6275867
878341956
182162353
24540174
380694048
795539240
33425675
435669201
123044280
504020797
792733575
261944541
409232339
5158893
99075170
330435331
169321878
713034148
499976717
761188679
695104558
908466481
691428936
431353158
335680461
957872687
891632693
291764113
550150895
603050927
103874363
557999709
113243342
914436032
722504830
5747703
936136233
785932832
274772961
987403863
388750947
622334211
602555719
179418254
741678112
153903420
305700660
387280295
767629846
919386376
443695444
181543758
446548755
883534525
743446200
542197039
338265922
755068072
196908060
95662808
973184366
705323870
411606012
687391926
801770376
892827431
797561420
341195364
657040938
722962265
379789566
800078534
687728942
40580111
565435901
145337628
786069602
187008199
651520444
900854670
554028413
872551455
54309006
899830733
409383296
243256397
812249850
689308497
49327564
223068143
87002398
931284638
288681044
251481173
75838080
306038590
182590632
70704289
699737824
226564980
594865099
551162413
921144549
727047687
507041057
624480560
436854495
44755654
247444385
900208345
802140639
255914169
315562649
489444651
728730339
505912687
661374183
657934876
936954809
3609087
210955727
781992006
800990153
754314310
514427223
912337556
843051800
260668274
823688975
26449547
526594267
158360603
309582263
592841080
373864745
272205960
750856033
779867726
882133178
937874293
122141342
407059390
423578271
155904700
728296807
485737088
714936332
141357661
485922579
695617715
578869424
17553986
46343074
547724621
53368069
468105789
49296413
90999965
288265079
44900546
764526145
102101878
297329964
692516122
62904280
505247015
511305063
990163335
793301368
912452588
267895946
193161858
983995549
234175746
49725110
393644201
394186790
573927931
923197852
662930393
129710278
203339962
18775238
729756022
298252122
819371800
111777203
888091149
678740654
905359868
473965507
21562007
306339250
174765344
171626223
445394480
79291347
651056685
899332654
634552782
331421962
884106750
261711449
35873593
344010027
512189163
573972551
452025472
702874260
763001119
203732213
519318828
270650787
700710045
154431190
414373103
142075035
263385756
509868801
778575466
348302574
671716043
259739859
644964779
761261192
43756690
495348267
761838711
273094607
375674063
839050743
458191307
88728150
694168996
901098040
468959575
299735630
180993493
