315936346
353432301
488248018
292126976
19196620
887203422
637395466
965222870
766181828
42740131
134684656
5698465
376244138
991657848
809652497
582113853
120900748
450608064
988825822
988825822
30080600
120900748
159093989
771228892
523626514
809652497
934864978
369299491
206831249
629998930
838524115
417828944
593091990
305831800
133279691
700749715
225373185
92504138
502726015
292578363
398418292
700749715
152618925
285647313
904100025
502726015
767873887
502726015
838524115
435849813
767873887
438198745
134684656
620626006
936629210
720125259
965222870
101754953
936629210
722841026
120900748
875003802
328419309
412037503
923632457
53936381
965222870
94975297
358252655
328419309
76685267
281291859
376244138
120900748
353432301
869523533
174463728
435849813
840799728
544808702
700749715
383411653
964478170
964478170
737823175
174463728
133621129
999598517
771295529
376244138
216602680
152618925
93372647
53936381
649521782
350796497
398418292
398418292
629998930
6396731
281291859
470731994
705726505
965222870
566987880
862577726
93372647
788794729
964478170
936629210
5698465
120900748
403295876
285647313
620626006
964478170
700749715
36650664
305831800
607349760
532355936
485681474
147768374
93372647
28769777
720125259
230377642
470731994
767813224
339631357
862577726
488248018
328419309
875223405
60973127
417882204
720679635
910500390
470731994
582121364
230377642
29142065
544808702
376737058
30080600
698642567
720125259
44871253
92504138
437595784
87505636
427190399
33585467
9572782
965222870
30080600
120900748
988825822
26889133
964478170
496253968
779362746
779362746
514253095
485681474
617823476
988825822
489319883
789520488
157252580
832278282
376737058
230377642
5190990
92504138
157252580
964478170
764309966
124262878
893057546
629998930
571828559
987253150
999598517
999598517
923632457
30080600
815803205
465619221
92504138
700749715
328419309
813662919
968968493
76685267
369299491
541744500
887203422
771295529
44871253
999598517
376737058
700749715
257445728
737823175
987253150
720125259
41057702
571828559
406393490
36459144
262143327
965051837
83399087
147768374
72004823
9572782
999598517
814841044
514253095
514253095
531317153
582121364
120900748
328419309
152618925
65051464
771295529
944011025
999598517
495551385
134684656
571828559
470731994
889738210
968968493
435849813
315936346
544808702
893057546
133621129
376244138
965222870
174463728
618459791
887203422
593091990
60767591
564108375
722841026
101754953
809293754
403295876
114259681
376737058
965222870
571828559
147768374
412037503
988825822
412037503
823248539
111549818
893057546
159093989
159093989
923632457
835808784
488248018
988825822
29142065
488248018
737823175
809652497
150620810
965222870
489319883
220734566
767873887
297779766
174463728
120333339
593091990
728216258
895489235
700749715
645584451
771295529
53332410
376737058
779362746
582121364
789520488
809652497
19196620
93372647
972768509
376737058
152618925
76685267
225373185
965051837
403295876
495551385
415219359
328419309
477759829
571828559
809652497
489319883
667853688
36459144
119075546
895489235
292578363
174463728
150620810
92504138
720125259
353432301
174463728
999598517
415219359
152618925
470731994
779362746
341822640
92504138
923632457
119075546
544808702
375502230
593091990
60973127
157246206
779362746
324681360
114259681
972768509
417882204
93372647
722841026
624376221
405857398
403295876
629998930
532355936
887203422
333721347
9572782
911249327
120900748
133060529
571828559
235699200
999598517
999598517
923632457
698642567
823248539
911249327
564604161
936629210
248813816
339631357
30080600
18344548
406393490
532355936
333721347
292578363
339631357
887203422
111549818
5190990
532355936
923632457
9572782
174463728
133279691
911249327
83399087
737823175
273817507
9572782
157246206
766181828
339631357
495551385
988825822
779362746
174463728
92504138
93372647
672209109
485681474
376244138
91135256
585726984
262301098
767813224
649521782
488248018
340454045
928152356
928152356
441795294
544808702
672209109
147768374
230377642
898579753
23360252
893057546
120900748
911249327
292578363
920266818
541744500
936629210
720679635
502726015
771295529
412037503
488248018
415219359
412037503
18344548
582113853
862577726
19196620
83399087
369299491
779362746
571828559
564604161
582113853
9572782
502726015
987253150
230377642
285647313
767873887
972768509
722304153
764309966
582121364
9572782
991417661
230377642
544808702
36459144
120900748
618459791
514253095
809652497
593091990
339631357
832278282
315936346
560077459
999598517
965222870
582121364
489319883
838524115
709573864
910500390
9572782
219536219
120900748
544808702
230377642
5698465
514253095
964478170
700749715
315936346
893057546
502726015
700749715
584944680
965222870
607349760
91135256
131057577
564108375
273817507
53936381
9572782
230377642
206831249
893057546
766181828
403295876
109823788
485681474
147768374
988825822
376737058
324681360
488248018
875003802
333721347
157246206
779362746
893057546
403295876
514253095
771295529
853284336
607349760
422159966
779362746
417882204
133621129
987253150
564108375
53936381
412037503
936629210
488248018
923632457
625597175
767873887
988825822
544808702
936629210
411928327
624376221
30080600
133060529
285647313
454866315
964478170
832607931
157252580
285647313
423433317
30080600
9572782
835808784
157252580
488248018
722304153
809652497
607349760
737823175
965222870
139444054
305831800
779362746
120900748
411928327
26889133
92504138
564108375
220734566
642176245
417828944
15371248
44871253
815803205
328419309
147768374
531317153
893057546
875223405
689475806
292578363
470731994
964478170
91135256
875003802
27704948
225373185
315936346
779362746
720125259
893057546
813662919
22495716
376737058
9572782
532355936
914556472
358252655
531317153
281291859
76685267
460893598
514253095
376244138
60767591
367691766
987253150
532355936
41057702
353432301
488248018
9572782
495551385
771295529
764309966
376737058
411928327
564108375
618459791
315936346
564108375
285647313
36459144
9572782
376244138
477759829
514253095
369299491
720679635
353432301
28769777
667853688
618459791
809652497
29142065
818769972
575243155
285647313
403295876
514253095
83399087
15371248
963946532
324681360
737823175
722841026
178327568
353432301
489319883
720125259
788794729
936629210
722304153
230377642
411928327
893057546
671340117
26889133
875003802
375502230
477759829
376737058
893057546
53936381
93372647
607349760
767813224
93372647
910500390
934864978
225373185
911249327
887203422
133621129
720125259
415219359
779362746
576780084
910500390
465619221
887203422
4371920
133621129
285647313
618459791
411928327
134684656
174463728
281291859
809652497
328419309
398418292
248813816
485681474
23360252
26889133
910500390
895489235
964478170
649521782
119075546
193851828
514253095
411928327
22062644
220734566
911249327
315936346
315936346
532355936
333721347
9572782
114259681
65051464
965051837
91135256
438198745
101754953
624376221
910500390
435849813
403295876
417828944
65051464
489319883
305831800
514253095
134684656
764309966
23360252
814841044
720679635
53936381
114259681
737823175
502726015
823248539
53936381
6396731
649521782
788794729
262143327
230377642
771295529
230377642
532355936
853284336
5190990
133621129
987253150
809652497
281291859
403295876
314530418
964478170
911249327
720679635
281291859
292578363
835808784
771295529
722841026
988825822
411928327
514253095
532355936
315936346
532355936
376737058
480592585
411928327
771295529
563916323
911249327
120900748
353432301
488248018
514253095
815803205
689475806
720679635
436851912
328419309
814841044
41057702
963946532
767813224
262143327
767813224
862577726
230377642
965222870
585726984
30080600
194492636
353432301
220734566
980483235
147768374
157246206
324681360
315936346
514253095
36459144
554935183
980483235
607349760
273817507
485681474
629998930
120900748
415219359
823248539
968968493
417882204
544808702
514253095
305831800
281505689
28769777
230377642
667853688
91135256
305831800
65051464
406393490
41057702
737823175
220734566
165152667
152618925
169342658
771295529
5698465
722304153
629998930
649521782
988825822
60767591
999598517
403295876
76685267
809652497
324681360
225373185
965222870
178327568
647078036
281291859
788794729
815803205
764309966
514253095
53936381
779362746
376737058
532355936
206831249
911249327
964478170
629998930
495551385
767813224
936629210
901097976
786657372
700749715
999406566
93372647
532355936
477759829
427190399
15371248
544808702
832607931
174463728
964478170
292578363
965051837
92504138
159093989
898579753
238738004
720679635
133279691
571828559
488248018
775633995
285647313
502726015
564604161
376737058
764309966
965051837
65051464
42740131
700749715
489319883
722841026
767813224
722304153
19196620
823248539
339631357
934864978
890213774
988825822
83399087
225373185
421263284
936629210
328419309
564108375
292578363
292578363
415219359
134684656
705726505
720125259
999598517
157246206
152618925
988825822
582121364
502726015
809293754
412037503
489319883
112396613
281291859
532355936
375502230
988825822
109460292
152618925
292578363
541744500
53936381
169342658
840799728
406393490
358252655
467438916
764309966
911249327
152618925
147768374
809652497
131057577
544808702
958261776
514253095
206831249
315936346
850093267
911249327
488248018
788794729
91135256
889738210
862577726
417995147
532355936
988825822
133279691
225373185
417882204
26889133
771295529
629998930
489319883
376737058
523626514
965222870
114588322
33585467
76685267
36459144
560077459
700749715
893057546
737823175
893057546
415219359
934864978
101754953
120900748
838524115
134684656
411928327
875003802
193851828
531317153
460893598
230377642
230377642
564108375
406393490
821608892
281291859
134684656
9572782
131057577
36459144
514253095
219536219
823248539
53936381
508850622
988825822
60973127
377804037
353432301
353432301
376244138
120900748
92504138
93372647
532355936
376244138
720125259
460893598
353432301
225373185
134684656
18344548
120900748
441795294
579052006
112396613
895208909
165152667
720125259
438198745
339631357
564108375
544808702
216602680
292578363
489319883
502726015
489319883
157252580
467438916
165152667
838524115
828695308
406393490
514253095
514253095
33585467
489319883
230377642
83399087
489319883
972768509
964478170
514253095
133279691
629998930
230377642
338645509
593091990
910500390
19196620
911249327
853284336
36459144
423433317
809652497
988825822
485681474
262143327
30080600
134684656
91135256
193851828
159093989
593091990
466791279
219536219
999406566
531317153
376737058
9572782
60973127
564604161
411928327
988825822
964478170
152618925
720125259
114259681
607349760
582113853
460893598
403295876
315936346
353432301
700749715
219536219
488248018
585726984
91135256
607349760
460893598
779362746
340454045
230377642
375502230
403295876
887203422
965222870
514253095
114259681
514253095
42740131
514253095
417995147
607349760
532355936
292578363
964478170
823248539
403295876
353432301
398418292
514253095
205721609
720679635
607349760
353432301
911249327
936629210
531317153
523626514
403295876
230377642
532355936
514253095
737823175
514253095
417995147
134684656
875003802
358252655
415219359
650624375
923632457
120900748
120333339
93372647
417882204
305831800
489319883
807036246
38955373
376737058
281291859
504270590
835808784
489319883
358252655
495551385
875223405
898579753
495551385
788794729
133621129
489319883
403295876
65051464
281291859
645601672
523626514
5698465
809652497
147768374
564108375
564604161
972768509
339631357
18344548
560077459
92504138
858519208
771295529
564108375
823248539
6396731
828695308
417828944
230377642
305831800
53936381
771295529
966074901
564108375
120900748
353432301
838524115
999598517
720125259
875223405
30080600
514253095
818769972
339631357
467438916
593091990
667853688
353432301
923632457
672209109
412037503
33585467
376737058
576780084
53936381
376737058
324681360
629998930
83399087
766181828
44871253
902722141
415219359
470731994
593091990
93372647
832278282
779362746
230377642
936629210
60767591
571828559
353432301
23360252
225373185
53936381
415219359
403295876
53627353
413018746
523626514
823248539
821608892
315936346
582113853
377804037
779362746
133060529
470731994
999598517
629998930
910500390
193851828
76685267
514253095
779362746
121282167
806107011
124262878
52265670
92504138
315936346
353432301
618459791
722304153
403295876
629998930
18344548
779362746
958261776
771228892
617823476
514253095
523626514
415219359
531317153
667853688
563916323
342435010
911249327
823248539
285647313
809652497
999406566
324681360
285647313
853284336
485681474
771295529
134684656
328419309
460893598
460893598
489319883
376737058
634139252
353432301
544808702
914709968
532355936
839515699
965222870
353432301
911249327
835808784
502726015
564108375
809652497
928152356
53936381
485681474
647078036
514253095
152618925
720679635
532355936
120900748
593091990
315936346
93372647
571828559
101754953
120900748
460893598
165152667
607349760
618459791
887203422
965051837
544808702
333721347
514253095
809652497
504270590
460893598
315936346
147768374
285647313
988825822
764309966
571828559
821056375
333721347
165152667
585726984
531317153
460893598
823248539
576780084
544808702
225373185
720125259
377804037
29142065
376737058
893057546
120900748
722304153
964478170
571828559
923632457
968968493
502726015
60767591
9572782
618459791
441795294
5698465
532355936
412037503
225373185
847492317
314530418
6396731
923632457
340454045
376737058
305831800
771228892
150620810
964478170
133279691
41057702
488248018
988825822
331631981
972768509
629998930
76685267
495551385
489319883
489319883
174463728
92504138
737823175
514253095
315936346
789520488
483823055
9572782
887203422
460893598
764309966
281291859
898579753
593091990
806107011
316268261
281291859
779362746
460893598
523626514
813662919
944011025
225373185
936629210
415219359
936629210
911249327
262143327
514253095
809652497
771295529
376737058
885451304
376737058
411928327
921533232
235699200
779362746
582121364
737823175
813662919
964478170
788794729
111133852
532355936
629998930
9572782
771295529
315936346
809652497
532355936
593091990
544153850
305831800
965051837
315936346
315936346
262143327
618459791
133621129
305831800
965222870
564108375
788794729
582113853
53936381
460893598
403295876
893057546
415219359
720679635
914556472
893057546
485681474
147768374
963946532
76685267
737823175
174463728
120900748
174463728
564108375
571097010
460893598
972768509
972768509
333721347
563916323
930259712
618459791
76685267
120900748
225373185
415219359
689475806
133279691
353432301
489319883
174463728
230377642
91135256
29827022
593091990
417882204
417882204
720125259
585726984
9572782
124262878
840799728
485681474
788794729
923632457
764309966
532355936
403295876
771295529
412037503
914556472
225373185
968968493
489319883
285647313
495551385
502726015
532355936
987253150
672209109
305831800
353432301
101754953
230377642
766181828
120333339
944011025
337536320
324681360
305831800
383411653
23360252
114259681
93372647
38955373
788794729
983277101
44871253
315936346
489319883
720679635
722304153
544808702
41057702
964478170
76685267
776712827
814841044
887203422
823248539
262301098
411928327
722304153
532355936
219536219
495551385
700749715
165152667
502726015
488248018
93372647
645584451
460893598
19196620
895208909
629998930
514253095
722841026
488248018
582113853
262143327
988825822
642176245
893057546
495551385
9572782
911249327
206831249
225373185
285647313
786657372
174463728
700749715
502726015
489319883
376737058
895208909
116135122
987253150
823248539
618459791
523626514
376737058
488248018
779362746
9572782
477759829
936629210
560077459
618459791
76685267
828695308
607349760
52265670
767813224
788794729
76685267
514253095
489319883
607349760
514253095
607349760
677245954
376737058
564604161
720125259
315936346
240830591
60767591
489319883
376737058
582113853
5698465
93372647
230377642
36459144
262143327
582113853
305831800
514253095
838524115
425015596
292578363
618459791
618459791
60767591
642176245
216602680
353432301
174463728
19196620
134684656
485681474
862577726
823248539
771295529
771295529
920266818
324681360
705726505
159093989
3441217
564604161
23360252
722841026
412037503
911249327
460893598
427190399
427190399
150620810
92504138
514253095
618459791
412037503
771295529
936629210
135851455
5698465
328419309
502726015
964478170
405857398
248813816
134684656
838524115
576780084
411928327
495551385
898579753
60973127
689475806
965051837
9572782
324681360
972768509
813662919
411928327
560077459
988825822
489319883
576780084
495551385
174463728
898579753
585726984
488248018
5698465
813662919
467438916
411928327
159093989
564108375
375502230
147768374
764309966
83399087
133621129
133060529
189780849
814841044
60973127
965051837
988825822
376737058
532355936
340454045
988825822
339631357
174463728
353432301
134684656
92504138
262301098
502726015
324681360
377804037
514253095
411928327
230377642
963946532
972768509
257445728
488248018
30080600
571828559
607349760
30080600
230377642
544808702
988825822
477759829
415219359
314530418
141650889
169342658
887203422
417882204
705726505
489319883
9572782
965051837
999598517
964478170
485681474
114259681
42740131
936629210
625597175
987253150
911249327
369299491
60767591
607349760
936629210
585726984
887203422
315936346
262143327
809652497
465619221
813662919
809652497
720125259
406393490
19196620
41057702
737823175
281291859
174463728
620626006
225373185
564108375
295957072
645584451
174463728
477759829
571828559
174463728
887203422
225373185
508067767
607349760
120900748
809293754
999598517
700749715
417828944
436851912
893057546
230377642
76685267
76685267
340454045
720125259
544808702
230377642
700749715
133621129
963946532
353432301
905969943
544808702
206831249
965051837
720679635
230377642
412037503
571828559
376737058
532355936
767813224
93372647
147768374
502726015
489319883
554935183
564108375
928152356
560077459
92504138
779362746
353432301
219536219
333721347
9572782
779362746
315936346
398418292
720679635
328419309
720125259
786657372
9572782
564108375
911249327
823248539
376737058
914556472
582113853
174463728
936629210
376737058
544808702
488248018
353432301
445496309
502726015
887203422
773561487
618459791
60767591
44871253
42740131
840799728
135851455
809652497
460893598
571828559
159093989
532355936
333721347
134684656
174463728
219536219
593091990
566662070
376737058
328419309
436851912
436851912
732918462
964478170
514253095
911249327
838524115
375502230
5698465
791896137
514253095
377804037
376737058
262143327
19196620
809652497
477759829
910500390
571828559
435849813
996857296
576780084
544808702
875003802
328419309
358252655
809652497
435849813
488248018
6396731
775633995
9572782
968968493
999598517
342435010
219536219
133279691
305831800
911249327
65051464
152618925
923632457
823248539
225373185
174463728
315936346
33585467
120900748
514253095
42740131
415219359
489319883
514253095
887203422
225373185
131057577
76685267
415219359
60767591
502726015
206831249
677245954
168731564
737823175
376737058
376737058
44871253
737823175
700749715
152618925
470731994
193851828
779362746
789520488
120900748
999598517
965222870
732918462
262143327
398418292
911249327
30080600
76685267
983277101
174463728
120900748
358252655
776712827
616321542
124262878
767813224
564604161
152618925
488248018
972768509
764309966
19196620
502726015
667853688
999598517
315936346
44871253
268594803
732918462
65051464
582113853
964478170
672209109
333721347
771295529
152618925
5190990
502726015
119075546
779362746
36459144
987253150
987253150
230377642
514253095
813662919
246324109
779362746
887203422
134684656
134684656
771295529
403295876
114259681
93372647
133621129
340454045
809293754
618459791
230377642
225373185
488248018
771295529
19196620
5698465
806107011
489319883
328419309
292578363
720125259
700749715
988825822
828695308
30080600
315936346
809652497
607349760
353432301
823248539
987253150
133621129
649521782
720125259
230377642
767813224
720125259
514253095
157246206
764309966
285647313
489319883
53936381
119075546
910500390
862577726
53936381
999406566
53936381
131057577
908128475
911249327
944011025
376737058
623639480
689475806
642176245
965222870
689475806
764309966
720679635
809652497
893057546
134296411
999598517
964478170
451932815
582121364
292578363
647078036
544808702
987253150
53936381
972768509
157246206
767813224
339631357
328419309
206831249
544153850
999598517
76685267
353432301
618459791
502726015
980483235
965051837
923632457
958828
532355936
489319883
968968493
305831800
358252655
771295529
460893598
315936346
920266818
485681474
324681360
728216258
923632457
858519208
92504138
965222870
91135256
779362746
477759829
887203422
285647313
101754953
809652497
376244138
477759829
544808702
809652497
911249327
564604161
9572782
821608892
582121364
531317153
767813224
502726015
564604161
607349760
411928327
488248018
470731994
911249327
353432301
737823175
412037503
417882204
818769972
489319883
544808702
838524115
169342658
911249327
965051837
417828944
195143493
133060529
541744500
398418292
412037503
6396731
120900748
230377642
737823175
489319883
489319883
629998930
737823175
564108375
225373185
732918462
642176245
92504138
720125259
964478170
93372647
315936346
964478170
417882204
403295876
720125259
235699200
157252580
5698465
764309966
571828559
134684656
722841026
564108375
554935183
83399087
968968493
964478170
147768374
26889133
417882204
965222870
36049138
582121364
562249483
489319883
315936346
248813816
523732827
152618925
823248539
910500390
737823175
18344548
887203422
672209109
376737058
910500390
206831249
585726984
292578363
694967680
893057546
120900748
273288678
722304153
618459791
607349760
514253095
514253095
120900748
489319883
564108375
376244138
9572782
514253095
582113853
411928327
936629210
821608892
809293754
618459791
92504138
662202749
76685267
958828
641237582
823248539
564108375
141650889
564604161
544808702
720125259
607349760
65051464
157246206
485681474
514253095
225373185
771295529
887203422
700749715
823248539
514253095
488248018
285647313
771295529
560077459
910500390
315936346
531317153
700749715
624376221
285647313
477759829
809652497
157246206
173385521
838524115
42740131
134684656
649521782
532355936
488248018
489319883
412037503
629998930
585726984
987253150
815803205
737823175
36459144
315936346
607349760
470731994
230377642
230377642
230377642
9572782
411928327
20467084
93372647
564604161
779362746
541744500
564604161
292578363
220734566
292578363
786657372
489319883
771295529
571828559
417995147
722841026
988825822
411928327
415219359
988825822
65051464
133279691
206831249
514253095
582121364
923632457
41057702
193851828
919644777
411928327
285647313
607349760
825566478
629998930
653811677
629998930
936629210
593241828
412037503
9572782
219536219
889738210
333721347
737823175
435849813
582113853
564108375
114259681
958261776
92389153
689475806
532355936
523626514
134684656
415219359
147768374
944011025
133279691
771295529
720679635
39266744
157246206
923632457
764309966
815803205
582113853
582113853
353432301
571828559
76685267
771295529
823248539
771295529
532355936
225373185
618459791
720679635
582113853
174463728
174463728
120900748
987253150
423433317
607349760
230377642
832278282
914556472
9572782
761254646
728216258
460893598
694967680
766181828
417828944
987253150
134684656
353432301
964478170
174463728
120900748
911249327
423433317
436851912
934899976
109460292
488248018
39266744
560077459
965222870
972768509
544808702
305831800
353432301
193851828
225373185
532355936
425015596
532355936
222527825
281291859
809730933
656683869
262301098
544808702
133279691
564604161
764309966
120900748
222527825
489319883
814841044
60973127
488248018
60973127
342435010
806107011
134684656
964478170
120900748
376737058
305831800
403295876
767813224
415219359
514253095
29827022
564108375
273817507
911249327
18344548
963946532
577539403
248813816
44871253
532355936
39148807
225373185
245659669
582113853
157252580
887203422
779362746
605209194
532355936
720125259
593091990
722841026
582113853
832278282
377755760
809652497
262143327
544808702
532355936
174463728
532355936
576780084
910500390
165152667
124262878
489319883
525424977
36459144
169342658
417882204
832607931
832278282
415219359
936629210
564108375
936629210
531317153
485681474
93372647
333721347
285647313
764309966
875223405
376244138
564108375
489319883
417995147
230377642
134684656
789520488
988825822
273817507
36459144
206831249
764309966
667853688
893057546
980483235
720679635
38955373
965051837
771295529
488248018
607349760
514253095
353432301
898579753
593091990
76685267
965051837
470731994
26889133
629998930
788794729
987253150
910500390
39266744
771295529
174463728
5190990
582121364
41057702
230377642
147768374
629998930
832278282
502726015
964478170
672209109
898579753
134684656
29142065
26889133
285647313
488248018
788794729
968968493
134684656
771295529
999598517
999598517
480592585
376737058
893057546
489319883
582113853
292578363
788794729
292578363
862577726
412037503
988825822
988825822
767813224
776712827
157246206
593091990
629998930
485681474
134684656
582121364
936629210
174463728
315936346
771295529
285647313
988825822
53936381
582113853
44871253
36459144
898579753
353432301
133279691
91135256
339631357
988825822
809652497
412037503
174463728
634139252
835808784
134684656
582113853
700749715
60973127
767873887
415219359
435849813
220734566
477759829
93372647
353432301
560214541
30080600
353432301
514253095
564108375
893057546
42740131
571828559
225373185
911249327
523626514
582121364
965222870
815803205
19196620
225373185
225373185
281291859
571828559
460893598
285647313
273817507
936629210
174463728
809652497
720679635
331631981
488248018
815803205
340454045
340454045
174463728
174463728
585726984
250802056
999598517
965051837
771295529
114259681
165152667
134684656
564108375
936629210
914556472
544808702
923632457
936629210
219536219
417995147
965051837
700749715
720125259
773561487
460893598
41057702
853284336
488248018
285647313
178327568
489319883
377755760
376737058
417882204
722841026
232420026
405857398
771295529
771295529
926792994
406393490
840799728
477759829
60973127
814841044
29142065
835808784
44871253
406393490
809652497
964478170
476593854
544808702
514253095
502726015
120333339
93372647
134684656
377755760
722304153
92504138
771295529
667853688
898579753
485681474
488248018
315936346
92504138
965222870
114259681
722841026
629998930
607349760
898579753
18344548
887203422
972768509
93372647
980483235
737823175
460893598
720125259
29142065
605209194
292126976
134684656
467438916
618459791
53936381
577539403
376737058
225373185
5190990
944011025
415219359
923632457
40224494
403295876
672209109
376737058
353432301
358252655
53627353
417995147
488248018
230377642
460893598
624376221
532355936
285647313
133621129
709573864
720679635
17784675
874448249
571828559
219536219
324681360
324681360
285647313
898579753
417882204
582113853
720679635
705726505
39266744
764309966
823248539
292126976
720125259
101754953
467438916
412037503
972768509
963946532
788794729
722304153
823248539
460893598
101754953
53627353
114259681
823248539
564604161
411928327
788794729
281291859
700749715
76685267
523626514
764309966
564108375
968968493
114259681
576780084
134684656
219536219
225373185
910500390
544808702
618459791
131057577
52265670
618459791
12023265
911249327
564604161
767813224
114259681
722304153
700749715
119075546
134684656
273817507
225373185
700749715
33585467
324681360
700749715
732918462
315936346
18344548
720679635
936629210
571828559
315936346
314530418
120333339
19196620
83399087
544808702
898579753
36459144
250802056
488248018
965051837
887203422
988825822
315936346
514253095
809293754
911249327
700749715
823248539
324681360
125789193
281291859
737823175
262301098
927695901
914556472
398418292
607349760
9572782
514253095
972768509
53936381
514253095
159093989
292578363
144210293
268594803
131057577
417828944
405857398
887203422
412037503
412037503
92504138
564604161
618459791
120900748
914556472
441795294
353432301
720125259
174463728
887203422
771295529
518511318
779362746
488248018
44871253
411928327
70593899
165152667
281291859
134684656
147768374
377804037
637395466
417882204
977778161
119075546
17784675
983277101
441795294
789520488
972768509
262143327
120900748
809652497
815803205
988825822
333721347
700749715
700749715
131057577
485681474
281291859
417882204
874448249
965051837
629998930
936629210
377804037
593091990
700749715
505186939
972768509
764309966
544153850
147768374
576780084
206831249
353432301
563916323
840799728
972768509
968968493
40224494
563916323
988825822
114259681
677245954
9572782
134684656
607349760
133621129
376737058
544808702
514253095
700749715
720125259
436851912
93372647
488248018
999598517
415219359
142135897
488248018
767813224
564108375
963946532
809652497
315936346
403295876
928152356
544153850
964478170
927695901
999598517
582113853
593091990
532355936
705726505
722304153
412037503
523626514
936629210
898579753
764309966
689475806
134684656
134684656
838524115
134684656
488248018
60767591
92504138
285647313
134684656
818769972
767813224
101754953
411928327
377804037
813662919
629998930
502726015
101754953
809652497
999598517
9572782
672209109
514253095
887203422
514253095
65051464
564108375
544808702
133279691
281505689
722304153
369299491
119075546
813662919
135851455
821608892
159093989
964478170
415219359
93372647
222527825
582113853
767873887
83399087
328419309
771295529
523732827
53627353
571828559
111549818
403295876
964478170
5698465
