247009762
93075776
93075776
462218775
841087876
85218325
81802143
794758110
906441573
445563695
498648717
381716156
611161231
70761836
194918243
98647412
48786378
445563695
194918243
544236506
467686000
48786378
308842825
122626929
325388120
836690500
608893347
992613484
448257062
765316279
48786378
467686000
328272513
194918243
752433951
999938052
773752613
113247018
697208412
48786378
328272513
727160147
765316279
491585638
484385128
762764252
483874533
22816580
312528963
243085481
635747408
553289346
344016115
388201558
414837358
342284183
347565091
541231017
497179269
29494612
38337174
81802143
116950019
314714605
312528963
119160651
745315228
328272513
5508259
206742083
646195358
134833656
91397139
85218325
566516562
777997135
969976555
608893347
134833656
611161231
582391241
91397139
736308923
461113164
445563695
745315228
617653501
701935982
332847351
752433951
33093382
611161231
388201558
70761836
911885509
753448447
448257062
53374382
53374382
306128470
106346474
553289346
48786378
879811104
114740281
729429228
197445126
804333949
30307040
85218325
305500086
70761836
85218325
969976555
711481675
711481675
48786378
728492361
814235877
832875840
493770681
441333373
832875840
729429228
445563695
884606048
884606048
82682204
505524552
814235877
441333373
869256360
497179269
804333949
355302445
312528963
12260515
116950019
753448447
850643911
483874533
314714605
406388670
524604263
969976555
728492361
436778199
85218325
611161231
963277546
771672389
342374168
771672389
176762176
39072244
726208202
745315228
491152266
688932790
38337174
217981435
191628057
93075776
462152825
421115270
484340640
911765866
509176265
477747360
617653501
553289346
992613484
65157328
151586220
765316279
134833656
447109564
394634313
63924552
32710266
113247018
48793937
553289346
906441573
85218325
191628057
81802143
701935982
243085481
634015054
184072157
968726787
979584764
58918358
788595939
85218325
491585638
342374168
22816580
381716156
832875840
134833656
656258267
485711785
314714605
711481675
360509811
310291254
392076139
544236506
116950019
124452177
80568800
448257062
194918243
675760694
293484882
337250163
776889900
635747408
325388120
728492361
804333949
906441573
305500086
441333373
491152266
911765866
711481675
38337174
53374382
675039820
20765504
81802143
433700774
347565091
656258267
191628057
656258267
96134093
48786378
441333373
491152266
960199179
445563695
921783590
342284183
48786378
992613484
122626929
468495250
191628057
611161231
546085093
306128470
342374168
841087876
608893347
316554406
314714605
675760694
646195358
467686000
608893347
121287876
856621380
65157328
82682204
392076139
714221286
85218325
973724430
81802143
762356931
771672389
82682204
866906556
134833656
381716156
771672389
115836739
960199179
114740281
347542810
944306090
260268092
931422331
342284183
835145170
832875840
191628057
93075776
635747408
553289346
77642438
553289346
745315228
457003576
83082786
771672389
992613484
121287876
931422331
80568800
714221286
728492361
728492361
344016115
728492361
412713323
762356931
968726787
392076139
728492361
83082786
254736625
485711785
54291214
753448447
726208202
85218325
446964379
804370128
675760694
5508259
98647412
701935982
832875840
254736625
656258267
921783590
433700774
83082786
608893347
836690500
328272513
595957011
194918243
491585638
344016115
111914323
98647412
611161231
745315228
691893288
22816580
81802143
524604263
924539548
191628057
129312153
388201558
532917298
341800664
711481675
53374382
884968628
701935982
505524552
81802143
447109564
194918243
794758110
497179269
112086926
81802143
879811104
54291214
80568800
392076139
969976555
91397139
306128470
773752613
729429228
445563695
392076139
762764252
491877659
30307040
973724430
392076139
931422331
312528963
7008765
646195358
53374382
771672389
111914323
566516562
388201558
445563695
306128470
459504088
22816580
711481675
912142660
421095009
117693927
113247018
392076139
701935982
836690500
776889900
804333949
81802143
338952183
931422331
711481675
124917391
217981435
254736625
884968628
863634856
729429228
461774372
93075776
254736625
814235877
965489578
728492361
445563695
81802143
888721703
184072157
771672389
392076139
260268092
617653501
483874533
508206890
62693387
121287876
217480054
121287876
81802143
462218775
215630134
745315228
483874533
39072244
532917298
344016115
170843549
148325869
194918243
38337174
134833656
753448447
879811104
608893347
121287876
788595939
697208412
381716156
82682204
832875840
656258267
22816580
726208202
65157328
316554406
498648717
992613484
553289346
113247018
81802143
788595939
753448447
466632045
459504088
197445126
98647412
745315228
931422331
63924552
48786378
38337174
921783590
762764252
392076139
217981435
462152825
911765866
852889588
804333949
159761107
773752613
448257062
314714605
314714605
560826334
976496325
752433951
93075776
656258267
509176265
675039820
191628057
98647412
656258267
711481675
726208202
467686000
675760694
191628057
708554388
85218325
999767133
611161231
115836739
646195358
884968628
771672389
381716156
93075776
753448447
728492361
697208412
765316279
342284183
65157328
170843549
884968628
992613484
5467574
83082786
509176265
445563695
445563695
445563695
617653501
491877659
157218428
804333949
860338383
65157328
635747408
355302445
445563695
701935982
121287876
39072244
491585638
421878421
121287876
314714605
360509811
445563695
772973479
181198366
134833656
814235877
249490977
121287876
39072244
635747408
745315228
794758110
113247018
260268092
305500086
129312153
677565580
611161231
433700774
508206890
841087876
879811104
611161231
675760694
675039820
762356931
524604263
675760694
467686000
136107347
509176265
58918358
392076139
701935982
38337174
312528963
675039820
81802143
39846114
788595939
611161231
656258267
462218775
762356931
38337174
215630134
608893347
191628057
48786378
683393074
788595939
93075776
93075776
608893347
906441573
47308219
342374168
524604263
53374382
5508259
184072157
53374382
342374168
13235503
884968628
111914323
134833656
509176265
48793937
969976555
491585638
765316279
447109564
111914323
48786378
314714605
47308219
866906556
752433951
879811104
381716156
328272513
260268092
493770681
727160147
445563695
314714605
646195358
5467574
963277546
484385128
421878421
483874533
134833656
483874533
485711785
457003576
306128470
491877659
85218325
29494612
247009762
170843549
617653501
762356931
58319058
483874533
38337174
38337174
728492361
484385128
777997135
467686000
5508259
81802143
312528963
388201558
711481675
5467574
850643911
617653501
217480054
414837358
656258267
448257062
833189723
762764252
911765866
445563695
254736625
965489578
879811104
314714605
53374382
944306090
911765866
879811104
608893347
745315228
81802143
254736625
711481675
314714605
394634313
711481675
54291214
48786378
771672389
777997135
134833656
645139117
83082786
532917298
906441573
734970468
611161231
635747408
532917298
747564425
314714605
960199179
963277546
524604263
771672389
656258267
12260515
944306090
445563695
752433951
611161231
417577283
899767832
129876665
753448447
772973479
762356931
81802143
462218775
355302445
421095009
545887466
342374168
158248384
342374168
493770681
617653501
491585638
194918243
306128470
677565580
688932790
38337174
765316279
911765866
447109564
792671849
129876665
347565091
711481675
701935982
332847351
635747408
433126941
924539548
804333949
5467574
187045605
388201558
776889900
217981435
992613484
544236506
401527579
931422331
467686000
22816580
765316279
675039820
611161231
388201558
243085481
688932790
729429228
788595939
911765866
675039820
762764252
832875840
215630134
963277546
635747408
969976555
77642438
157218428
532917298
999938052
493770681
325388120
611161231
491585638
98647412
355302445
629926929
560826334
851264986
341800664
134833656
48786378
48786378
553289346
608893347
814235877
217981435
969976555
113247018
148325869
911765866
965489578
736308923
992613484
656258267
611161231
12260515
113247018
181198366
381716156
191628057
753448447
675760694
441333373
392076139
683393074
194918243
194918243
48786378
608893347
38337174
836690500
879811104
701935982
38337174
342284183
113247018
23693243
119160651
184072157
260268092
408375212
772973479
804333949
635747408
53374382
960199179
360509811
338952183
381716156
83082786
776889900
906441573
708554388
58319058
899071021
532917298
762764252
657984812
498648717
191628057
260268092
83082786
217981435
656258267
765316279
477790228
804333949
38337174
344016115
197445126
773752613
332847351
134833656
675760694
734970468
656258267
134833656
734970468
445563695
445563695
355302445
446964379
314714605
436778199
134833656
931422331
466632045
445563695
560826334
21140210
445563695
657984812
879811104
832875840
753448447
814235877
906441573
347565091
215630134
194918243
611161231
81802143
461774372
417145930
656258267
445563695
675039820
656258267
113247018
93075776
176762176
814235877
314714605
30307040
611161231
524604263
524604263
306128470
82682204
999938052
467686000
734970468
509176265
727160147
899071021
484105218
360509811
381716156
677565580
483874533
148325869
360942422
477790228
675039820
184072157
194918243
836690500
760367582
48786378
765316279
762356931
81802143
344016115
81802143
752433951
675039820
121287876
841087876
392076139
448257062
884968628
484340640
773752613
484385128
532917298
62693387
656258267
344016115
973724430
729429228
448257062
91397139
48786378
445563695
485711785
921783590
96134093
771672389
771672389
477790228
711481675
566516562
96493019
30307040
553289346
992613484
191628057
175292548
243085481
773752613
466632045
85218325
381716156
765316279
491585638
491585638
833189723
711481675
321214749
567607020
476567525
476567525
762506617
646195358
392076139
484340640
5467574
381716156
13116440
468495250
745315228
541231017
832875840
773752613
711481675
491877659
63924552
217981435
777997135
992613484
503154058
524604263
906441573
347542810
992613484
33093382
466632045
683393074
113247018
508206890
532917298
392076139
54291214
836690500
81802143
48786378
992613484
447109564
466632045
129876665
151586220
448257062
254633522
448257062
328272513
441333373
467686000
138637893
472775148
509176265
328272513
656258267
931422331
608893347
762356931
611161231
608893347
254736625
582391241
608893347
960199179
191628057
328272513
21971701
53374382
344016115
81802143
772973479
608893347
41970691
48786378
5508259
341800664
39072244
836690500
960199179
394634313
176762176
342374168
98647412
215630134
765316279
711481675
381716156
711481675
47308219
879811104
314714605
215630134
342374168
53374382
727160147
9436587
745315228
617653501
191628057
48786378
963277546
344016115
836690500
342374168
727160147
656258267
734970468
441333373
752433951
616758502
433700774
321214749
197445126
596473753
497179269
247009762
608893347
814235877
483874533
765316279
344016115
48786378
611161231
497179269
27664946
388201558
642138681
22816580
30307040
911765866
762356931
701935982
342374168
675039820
675039820
711481675
745315228
53374382
645139117
194918243
532917298
217480054
762764252
360942422
314714605
773752613
93075776
711481675
254736625
484385128
433700774
433126941
121287876
608893347
679799729
485711785
467686000
360509811
690997957
836690500
80568800
9816619
498648717
617653501
960199179
83082786
194918243
433700774
931422331
491585638
727160147
546085093
924539548
53374382
485711785
433700774
675760694
328272513
960199179
921783590
129876665
321214749
508206890
344016115
191628057
969976555
85218325
194918243
53374382
448257062
314714605
477790228
122626929
21971701
762356931
433788544
560826334
445563695
445563695
83082786
38337174
773752613
773752613
394634313
134833656
524604263
445563695
617653501
729429228
39072244
656258267
931422331
608893347
544236506
433126941
530578367
466632045
5508259
794758110
113247018
992613484
314714605
217480054
39072244
509176265
906441573
134833656
675039820
80568800
691893288
728492361
771672389
218519132
804333949
509176265
129876665
129876665
467686000
281875098
114740281
532917298
22816580
645139117
931422331
609156014
553289346
841087876
461774372
691893288
341800664
836690500
194918243
328272513
392462851
804333949
509176265
841087876
924539548
414624340
445563695
921783590
466632045
448257062
392076139
836690500
911765866
477747360
355302445
832875840
921783590
960199179
355302445
121287876
969976555
441333373
381716156
93075776
646195358
134833656
544236506
762356931
788595939
762356931
553289346
328272513
906441573
752433951
611161231
924539548
635524685
38337174
184072157
832875840
314714605
617653501
836690500
306128470
727160147
360942422
675760694
441333373
753448447
122626929
194918243
762356931
421878421
355302445
314714605
911765866
48786378
753448447
765316279
122626929
445563695
381716156
466632045
677565580
392076139
113247018
762764252
884968628
508206890
215630134
81802143
306128470
773752613
773752613
181198366
58319058
726208202
765316279
342284183
80568800
622577874
355302445
931422331
328272513
321214749
566516562
753448447
38337174
467686000
726208202
173485897
39846114
417577283
836690500
314714605
968726787
608893347
80568800
129876665
113247018
617653501
445563695
82682204
931422331
656258267
588038033
771672389
999938052
191628057
794758110
969976555
656258267
635747408
776889900
963277546
53374382
711481675
777997135
355302445
306128470
979584764
39072244
293809278
355302445
691893288
467686000
5467574
646195358
344016115
58918358
332847351
727160147
80568800
931422331
344016115
27664946
194918243
656258267
38337174
466632045
836690500
899071021
931422331
48786378
344016115
445563695
58918358
53374382
762764252
608893347
771672389
931422331
691893288
312528963
800864550
776889900
560826334
899071021
656258267
83082786
462218775
321214749
553289346
447109564
491877659
657984812
762764252
48786378
773752613
13116440
445563695
973724430
194918243
100210207
773752613
656258267
532917298
53374382
906441573
134833656
217981435
53374382
121287876
191628057
70761836
114740281
314714605
281875098
314714605
675760694
260268092
39072244
325388120
461774372
91397139
81802143
595957011
924539548
113247018
745315228
560826334
777997135
314714605
325388120
53374382
392076139
788595939
91397139
466632045
448257062
992613484
12260515
635747408
891032829
314714605
656258267
711481675
388201558
836690500
711481675
906441573
215630134
215630134
254736625
467686000
931422331
788595939
48786378
484385128
509176265
911765866
32710266
314714605
314714605
734970468
445563695
969976555
360942422
608893347
836690500
484385128
445563695
656258267
924539548
508206890
906441573
530578367
388201558
194918243
93075776
119160651
509176265
414837358
347565091
711481675
804370128
38337174
328272513
656258267
771672389
850643911
701935982
194918243
727160147
762764252
113247018
53374382
53374382
388201558
963277546
852889588
314714605
134833656
217981435
728492361
992613484
466632045
690997957
792671849
344016115
392076139
727160147
421878421
691893288
739385556
22816580
62693387
924539548
753448447
197445126
911765866
85218325
679799729
347565091
134833656
113247018
931422331
656258267
113247018
906441573
344016115
82682204
777997135
762356931
65157328
170843549
417577283
814235877
461774372
497179269
39072244
776889900
33093382
960199179
851264986
344016115
553289346
148325869
491585638
355302445
726208202
48786378
509176265
714221286
944306090
81802143
552268874
122626929
711481675
445563695
595957011
53374382
314714605
477790228
260268092
62693387
745315228
194918243
491585638
762764252
635747408
347565091
992613484
445563695
217981435
911765866
688932790
509176265
467686000
53374382
342374168
381716156
509176265
483874533
5508259
608893347
726208202
462152825
184072157
969976555
328272513
194918243
899071021
121287876
765316279
129312153
247009762
461774372
151586220
508206890
39846114
711481675
12260515
436778199
629926929
553289346
53374382
656258267
215630134
963277546
100210207
675760694
553289346
81802143
314714605
170843549
113247018
314714605
483874533
762506617
134833656
906441573
113247018
646195358
441333373
314714605
762764252
98647412
134833656
5508259
762356931
381716156
771672389
762356931
243085481
836690500
552268874
82682204
116950019
567607020
48786378
711481675
392076139
113247018
53374382
960199179
773752613
467686000
53374382
342284183
93075776
762764252
833189723
119160651
992613484
81802143
879811104
836690500
119160651
82682204
48786378
392076139
509176265
30307040
765316279
81802143
448257062
394634313
924539548
899071021
608893347
493770681
657984812
316554406
753448447
646195358
973072732
491152266
85218325
448257062
608893347
675760694
342284183
433126941
281875098
54291214
762356931
306128470
321214749
658117283
509176265
656258267
93075776
635747408
197445126
85218325
701935982
5508259
134833656
260268092
483874533
771672389
381716156
462218775
342374168
466632045
711481675
306128470
22816580
762356931
445563695
62693387
711481675
83082786
776889900
635747408
866906556
461774372
129312153
553289346
98647412
129876665
765316279
906441573
944306090
765316279
595957011
466632045
965489578
360509811
388201558
747564425
134833656
963277546
323740280
355302445
467686000
462152825
836690500
466632045
181198366
979584764
314714605
113247018
509176265
841087876
114740281
483874533
477747360
65157328
552268874
467686000
189481063
762764252
924539548
134833656
994249770
113247018
727160147
5508259
762764252
83082786
80568800
608893347
771672389
745315228
85218325
121287876
381716156
899071021
483874533
788595939
445563695
191628057
906441573
931422331
314714605
509176265
509176265
154360237
121287876
656258267
532917298
509176265
347565091
765316279
675039820
394634313
611161231
53374382
944306090
771672389
30307040
726208202
122626929
113247018
448257062
184072157
629926929
911765866
884968628
629926929
381716156
560826334
635747408
931422331
254736625
53374382
911765866
447109564
467686000
771672389
491585638
197445126
394634313
656258267
336755366
765316279
617653501
53374382
879811104
968726787
773752613
401527579
254736625
392076139
777997135
611161231
254736625
745315228
498648717
5226265
753448447
734970468
308842825
646195358
836690500
408375212
532917298
753448447
314714605
314714605
113247018
788595939
788595939
83082786
992613484
646195358
595957011
965489578
726208202
314714605
656258267
508206890
745315228
83082786
734970468
191628057
447109564
459504088
170843549
541231017
736736069
194918243
836690500
762764252
408375212
453526760
691893288
260268092
611161231
485711785
804333949
582391241
81802143
771672389
314714605
726208202
728492361
960199179
191628057
53374382
81802143
697208412
159534218
113247018
611161231
53374382
804333949
467686000
635747408
30307040
38337174
83082786
645139117
491585638
446964379
532917298
462218775
697208412
148325869
39072244
48786378
115836739
134833656
445563695
792671849
355302445
314714605
467686000
191628057
355302445
532917298
54291214
960199179
441333373
566516562
381716156
312528963
39846114
485711785
552268874
332847351
944306090
53374382
771672389
381716156
467686000
645139117
194918243
963277546
117693927
617653501
394634313
921783590
194918243
727160147
483874533
544236506
745315228
381716156
459504088
58918358
30307040
931422331
745315228
999938052
341800664
466632045
22816580
739509237
762764252
866333756
217981435
931422331
906441573
129312153
217981435
194918243
777997135
347565091
119160651
726208202
381716156
771672389
342284183
532917298
215630134
13116440
735091855
788595939
608893347
899071021
772973479
551227971
38337174
48786378
467686000
773752613
148325869
421878421
48786378
98647412
545887466
727160147
697208412
765316279
134833656
960199179
960199179
417577283
250112324
217480054
484385128
134833656
53374382
81802143
697208412
697208412
191628057
836690500
113247018
635747408
773752613
965489578
771672389
394634313
765316279
992613484
532917298
191628057
466632045
992613484
22816580
484340640
509176265
30307040
461113164
121287876
788595939
832875840
832875840
836690500
394634313
134833656
93075776
617653501
832875840
484385128
215630134
308842825
194918243
50686125
491877659
154360237
772973479
497179269
658117283
38337174
53374382
924539548
5467574
53374382
611161231
762764252
851264986
611161231
924539548
111914323
867008903
170843549
116950019
445563695
509176265
701935982
924539548
656258267
441333373
906441573
656258267
392076139
355302445
191628057
134833656
836690500
656258267
433788544
814235877
39846114
505088936
113247018
392076139
121287876
814235877
532917298
392076139
773752613
13116440
447109564
321214749
39072244
484105218
194918243
194918243
388201558
484340640
191628057
436778199
484340640
85218325
968726787
111914323
9816619
477790228
433788544
734970468
53374382
711481675
491585638
595957011
151586220
906441573
582391241
788595939
595957011
461774372
524604263
752433951
306128470
836690500
65157328
508206890
433700774
683393074
445563695
47308219
973724430
93075776
134833656
931422331
833189723
646195358
314714605
355302445
170843549
433700774
675760694
342284183
992613484
467686000
115836739
433700774
134833656
727160147
683393074
445563695
129876665
12260515
999938052
788595939
611161231
39072244
194918243
617653501
906441573
98647412
417577283
711481675
656258267
727160147
552268874
832875840
532917298
355302445
314714605
381716156
53374382
381716156
194918243
540622923
582391241
509176265
338952183
414837358
328272513
906441573
992613484
762356931
611161231
81802143
433700774
532917298
158248384
113247018
38337174
998875273
461774372
53374382
447109564
53374382
158248384
906441573
836690500
148325869
484385128
81802143
392076139
122626929
157218428
98647412
81802143
314714605
646195358
93075776
314714605
611161231
804333949
906441573
969976555
468495250
194918243
752433951
493770681
129876665
656258267
608893347
656258267
81802143
85218325
906441573
992613484
406859721
477790228
804333949
462152825
48786378
9816619
491585638
113247018
866906556
134833656
611161231
53374382
691893288
711481675
691893288
184072157
116950019
85218325
611161231
879811104
675760694
344016115
314714605
129312153
421878421
48786378
344016115
832875840
505524552
93075776
656258267
181198366
711481675
355302445
545887466
23693243
545887466
96134093
344016115
804333949
836690500
5508259
788595939
646195358
728492361
342374168
856621380
906441573
611161231
851264986
360942422
467686000
762356931
691893288
191628057
509176265
832875840
65157328
30307040
53374382
866906556
646195358
729429228
445563695
191628057
697208412
836690500
921783590
727160147
635747408
734970468
509176265
445563695
690997957
39072244
701935982
215630134
445563695
462152825
485711785
727160147
387694067
553289346
344016115
483874533
608893347
194918243
611161231
899071021
532917298
771672389
691893288
762356931
81802143
308842825
683393074
111914323
21971701
484340640
85218325
314714605
3194297
464326467
467686000
467686000
467686000
462152825
906441573
745315228
836690500
745315228
601399191
388201558
70761836
772973479
446964379
48786378
93075776
727160147
116950019
9816619
888721703
762356931
656258267
992613484
187045605
191628057
170843549
656258267
421878421
121287876
467686000
646195358
134833656
381716156
344016115
39072244
629926929
491152266
553289346
81802143
23693243
635747408
836690500
765316279
80568800
321214749
81802143
745315228
91397139
12260515
688932790
53374382
467686000
65157328
483874533
836690500
505088936
181198366
114740281
493770681
441333373
611161231
93075776
906441573
851264986
5467574
414837358
762506617
321214749
33093382
23693243
93075776
773752613
467686000
960199179
381716156
753448447
745315228
924539548
729429228
999938052
728492361
314714605
85218325
344016115
656258267
836690500
608893347
960199179
80568800
445563695
48786378
675039820
83082786
191628057
39072244
924539548
863634856
931422331
381716156
646195358
53374382
48786378
879811104
832875840
491585638
85218325
381716156
381716156
924539548
765316279
611161231
836690500
93075776
65157328
611161231
53374382
656258267
355302445
116950019
762764252
197445126
762356931
673821590
595957011
83082786
151586220
70761836
341800664
911765866
965489578
122626929
645139117
530578367
38337174
508206890
968726787
485711785
976496325
344016115
457003576
48786378
666522047
388201558
217480054
992613484
342284183
773752613
116950019
243085481
727160147
392076139
421115270
344016115
58191480
509176265
461774372
243085481
91397139
314714605
608893347
325388120
121287876
994249770
83082786
728492361
611161231
433700774
445563695
191628057
414837358
484340640
745315228
879811104
532917298
314714605
5467574
421878421
792671849
433700774
388201558
30307040
656258267
552268874
771672389
690997957
82682204
325388120
466632045
122626929
771672389
608893347
314714605
314714605
194918243
675760694
762764252
217480054
677565580
328272513
372826732
121287876
485711785
111914323
62693387
116950019
314714605
762764252
646195358
457003576
701935982
979584764
39072244
62693387
675760694
314714605
325388120
836690500
762356931
388201558
328272513
53374382
804333949
381716156
381716156
608893347
477747360
254736625
421878421
392076139
381716156
65157328
863634856
129876665
553289346
433788544
461113164
388201558
388201558
836690500
836690500
745315228
836690500
259110623
969976555
342374168
675039820
38337174
656258267
467686000
711481675
184072157
691893288
850643911
191628057
441333373
453526760
762356931
446964379
765316279
215630134
53374382
83082786
484385128
62693387
215630134
762764252
113247018
129312153
21971701
466632045
184072157
509176265
447109564
611161231
530578367
608893347
497179269
217480054
243085481
675760694
129876665
30307040
711481675
483874533
48786378
777997135
879811104
635747408
154360237
39072244
477747360
113247018
656258267
441333373
96134093
729429228
772973479
965489578
360509811
509176265
999938052
960199179
944306090
121287876
832875840
215630134
401527579
691893288
856621380
48786378
683393074
217981435
765316279
85218325
85218325
447109564
772973479
83082786
544236506
608893347
485711785
656258267
388201558
711481675
466632045
445563695
344016115
114740281
20765504
83082786
483874533
387694067
745315228
39072244
611161231
13116440
117693927
121287876
30307040
355302445
421878421
85218325
762356931
544236506
851264986
124452177
832875840
753448447
788595939
745315228
656258267
524604263
121287876
447109564
388201558
617653501
48786378
691893288
5508259
328272513
728492361
48786378
13116440
93075776
388201558
711481675
308842825
392076139
467686000
483874533
70761836
254736625
80568800
191628057
260268092
445563695
129876665
191628057
833585394
453526760
113247018
93075776
553289346
39072244
445563695
21971701
708554388
184072157
115836739
491877659
325388120
314714605
491585638
48786378
814235877
48786378
467686000
467686000
39072244
483874533
771672389
639126317
113247018
417577283
48786378
388201558
762764252
491585638
491877659
852889588
191628057
134833656
467686000
608893347
81802143
254736625
176762176
608893347
388201558
81802143
544236506
445563695
332847351
254736625
921783590
119160651
999938052
134833656
461113164
462218775
483874533
344016115
445563695
635747408
447109564
747564425
388201558
484340640
921783590
114740281
483874533
401527579
752433951
467686000
462152825
321162218
814235877
445563695
381716156
931422331
176762176
635747408
388201558
134833656
433126941
344016115
656258267
585890699
814235877
466632045
690997957
553289346
355302445
466632045
772973479
81802143
491585638
466632045
965489578
491585638
215630134
467686000
314714605
728492361
965489578
184072157
485711785
191628057
727160147
646195358
772973479
360942422
13116440
190775581
58918358
355302445
321214749
773752613
360509811
38337174
7008765
745315228
466632045
509176265
931422331
466632045
753448447
509176265
494966947
752433951
48786378
635747408
836690500
467686000
53374382
462218775
445563695
433700774
38337174
119160651
134833656
296810589
491152266
745315228
963277546
341800664
381716156
608893347
53374382
497179269
677565580
484385128
656258267
616758502
553289346
491152266
931422331
381716156
85218325
611161231
494966947
530578367
360509811
773752613
697208412
745315228
116950019
445563695
711481675
635747408
524604263
524604263
656258267
441333373
675039820
734970468
93075776
445563695
58918358
697208412
508206890
381716156
982266193
765316279
879811104
80568800
312528963
70761836
58918358
388201558
608893347
441333373
355302445
836690500
814235877
392076139
392076139
482545917
466632045
342374168
414837358
85218325
836690500
516790908
635747408
836690500
355302445
835145170
484340640
814235877
441333373
477790228
491585638
745315228
394634313
836690500
745315228
122626929
553289346
332847351
467686000
414837358
260268092
38337174
646195358
540622923
134833656
341800664
5508259
750546631
215630134
115836739
924539548
765316279
113247018
762764252
532917298
931422331
701935982
91397139
675760694
48786378
392076139
39072244
5508259
906441573
677565580
467686000
448257062
491877659
39072244
170843549
532917298
30307040
734970468
98647412
453526760
608893347
608893347
53374382
466632045
497179269
85218325
113247018
773752613
611161231
611161231
765316279
394634313
611161231
417577283
771672389
191628057
697208412
567607020
48786378
675760694
355302445
921783590
765316279
388201558
81802143
39072244
332847351
184072157
170843549
191628057
445563695
484340640
477790228
483874533
608893347
38337174
532917298
771672389
931422331
129876665
524604263
771672389
467686000
62693387
312528963
491877659
314714605
532917298
684099172
747564425
544236506
62693387
328272513
906441573
833189723
497179269
