24478
11026
4116
29512
9951
27007
31104
16697
272
25060
14354
361
2835
10248
2196
11761
25261
19457
12412
29583
10162
2313
11956
31356
12666
14007
30646
17391
20034
27171
21355
18273
4381
17294
25741
21905
6812
12608
6624
2947
29946
15588
26467
12293
29728
15095
29175
23703
12023
9469
29626
20775
24069
29231
1315
675
1373
24219
1571
28931
9336
25152
18270
14955
412
6571
6245
19006
20834
14195
14232
19292
16450
3886
14187
7578
20645
9239
13071
17211
2938
1575
26749
27419
3726
26254
14884
9428
4405
25082
25659
27660
20549
3483
8695
30611
8670
2185
28512
11693
21369
11517
26045
28081
1959
19985
5080
649
14498
1667
25323
27442
9774
2125
8045
1973
17557
20307
17843
29931
20926
14140
14671
27856
13495
7309
2207
7307
9955
31637
24569
32131
26440
2497
1691
20352
283
14647
18755
5176
21770
1542
17940
26475
10764
25757
24269
11609
7179
21213
8923
21426
21275
27577
526
30864
18302
22480
7189
3021
1178
29863
20330
23969
28005
22136
18875
25686
30956
1689
28148
23829
28544
9078
3644
8552
10356
20648
32720
10109
18431
30536
4734
4378
2848
4591
5849
14907
19507
24347
1705
26395
5750
19959
11994
5901
26558
15561
930
23073
20736
16217
18925
31939
16199
9777
22667
32640
12548
6006
8909
13660
23357
21778
17425
19725
20507
25223
3283
31531
21223
4458
30877
9290
1487
19490
14642
7313
28058
30756
17126
6272
13910
32351
12634
2222
18212
15099
28230
30096
2611
26327
15368
6753
31936
8779
29885
3555
8951
10585
8836
11504
22942
19473
27471
13354
12119
347
22608
32737
5535
13139
29057
20146
19294
6854
22199
31001
7479
13041
5698
2138
26673
22781
32020
8938
2759
4834
7613
28314
3532
3261
20966
27258
27385
8603
12679
14237
24757
22974
8642
18954
29263
20071
5872
3503
894
29014
778
17984
8986
16845
28168
15990
7902
27250
25825
14880
13212
28695
15274
22223
11414
15876
43
674
22687
21742
24800
31915
30178
31019
615
30369
10377
6777
7637
8720
18228
12202
3245
2595
11676
22234
843
606
13681
9297
17713
4646
10024
15070
23481
4604
26273
2560
27771
12844
22633
32644
28695
1535
17365
15062
9188
28843
21202
2709
2441
16623
8304
32227
17433
19590
26024
18313
893
32170
8535
358
13122
28959
20706
17314
31895
19990
6473
13494
31895
7128
336
5070
19031
19057
13046
4571
21733
22026
12901
358
12731
3386
13110
23248
17840
1267
6014
16173
32061
25707
12508
20812
10944
8552
24306
1647
30547
32371
29620
12974
20190
8008
13589
22480
23833
94
108
31317
16335
21300
9898
31862
10199
32565
12591
2569
20457
24600
3030
10652
19085
21227
413
22063
16566
6640
10209
27359
30848
11743
12544
30523
18691
23329
25679
31087
24222
15588
7960
13809
26310
31369
31183
12321
17502
12785
5344
24076
28582
18145
32655
12914
21118
27800
28901
9525
13777
890
25395
17022
7844
8704
17016
5941
26442
2226
29426
1329
15394
23537
5090
19143
31967
16962
23319
21710
10644
24292
6018
31529
26085
19709
6735
18253
21387
24452
5195
18404
4507
14912
10624
27184
1330
17630
14652
11379
515
18425
16216
30768
23635
31773
13894
13723
25245
23925
13964
27304
6814
8563
15029
9021
27572
62
8197
24187
31303
29137
22131
25899
7406
28166
2404
12135
11879
15197
31049
30942
14962
25656
22803
8481
19635
8058
18208
6922
30345
12247
15975
25609
2531
7819
29220
9160
27672
7971
20756
27195
27924
23103
4233
7380
30602
25579
2203
307
25365
278
14137
20971
17535
3563
14822
4463
32752
16835
31718
22059
12144
14500
15913
6276
4981
7444
29666
12067
32345
4404
22228
4416
29270
5031
22348
21186
29783
31539
13317
3751
18151
14428
5872
14324
24802
21602
7996
18793
2099
11632
12639
31429
23741
19900
14427
15974
14642
22617
30617
18760
22951
25416
13015
31266
19085
9545
25892
16835
25709
888
8900
22501
10198
10638
25882
9836
3633
19085
27385
22639
21408
1392
25353
31573
21330
32392
25773
7190
3289
19393
17258
9179
3016
1298
15438
14292
2793
16146
22228
12957
32147
32435
29802
17930
29834
7832
16396
16228
9241
15310
3292
25729
7679
14720
14845
31979
11950
31607
8485
29803
15502
15327
16315
20935
16863
25217
14822
16772
12927
23270
8398
31990
28893
11389
19644
20161
7855
5898
19368
12179
32498
15640
27381
19681
13309
29902
30775
30877
11275
30422
26044
3308
25113
4718
18898
25180
24062
11616
21549
28864
5414
1097
15154
20394
4207
292
30083
5137
12240
15884
6443
18715
13291
7013
7970
23353
26848
30063
10531
10959
15513
4034
12374
24501
11958
6846
17261
11136
13169
25217
7530
19721
16107
21436
19929
3708
1237
1555
20239
7553
16720
1005
15222
15130
10126
22877
18590
21771
27574
3951
6228
25567
20546
29981
25416
9453
4838
3978
17966
19745
12805
270
21079
2287
15233
11146
13146
26427
8798
27967
28625
312
2148
10899
25632
17996
23161
13370
6297
11826
4424
30422
21733
5872
17097
731
9232
13256
2447
30302
24199
28910
26067
30259
14596
18676
23982
18964
13279
638
20081
1958
24777
7030
20896
17905
18664
28374
573
17677
23711
3967
18367
17796
18220
27669
28346
2828
9857
8671
27970
16251
18267
4378
3113
3243
13186
5781
8284
21545
1143
11531
9603
13191
25443
23678
18205
16915
19354
30069
18058
22726
2957
29002
2225
4311
25348
20670
28492
11570
27063
6047
19243
5062
30860
6716
21383
20236
10388
20259
11365
4264
9116
9414
21965
30288
23256
2298
20446
19565
4827
22106
22944
655
109
9355
8632
10005
24081
5633
24941
7242
27876
4385
174
14936
22539
20211
14934
7941
1255
18455
24967
4421
1700
20488
6303
8577
559
10288
9235
1994
25377
5579
6931
4574
29655
26757
3542
1845
6692
29771
3363
8536
24100
19643
17566
7173
7007
14685
20331
32138
28399
12644
16979
31111
19953
23424
27735
6503
13094
9614
24084
14134
13562
3636
15824
24482
2058
28039
3669
12503
19683
2081
30801
20257
31296
13787
22196
7650
25194
32522
20650
30326
7386
13790
29191
15408
781
21727
10462
21547
992
13700
3871
1261
27969
23548
10734
14571
57
6904
15755
19408
23919
7133
5574
21092
10029
5442
22964
15819
27577
28339
5082
17132
30300
20767
24941
20202
24778
15626
18340
313
19743
20213
23916
17321
32430
12432
5081
20825
19129
20439
24889
6560
17
1131
1007
24335
26657
7734
30154
13315
30210
23619
15896
26470
26387
18068
3583
19597
16478
23446
16577
12581
23261
31643
12622
16398
22765
16552
8270
25754
31768
21061
21194
918
28457
16211
24557
30551
376
844
10713
4136
7871
25327
18149
5533
12159
29800
14637
14491
32515
1286
16857
13121
22824
30147
13873
9266
15504
17966
20756
23587
18038
9176
7439
27564
10603
4548
16567
30336
12659
14216
9858
31808
8962
19520
5100
31042
31239
17614
10300
1890
29903
1837
19907
4328
6688
12646
24928
10273
22961
7278
24219
15263
21575
18602
8263
18728
10315
8400
20419
27013
283
1550
24984
26814
5206
13548
24490
23671
12616
19703
26702
2529
9557
23990
17659
29943
16800
8797
545
20593
28085
21201
728
31108
27228
15906
30215
11718
21191
5106
2617
29091
13682
8692
6120
20844
13453
2714
10722
16433
17593
24026
4412
7809
10376
21393
139
22206
17516
16663
9522
12103
1354
8461
7170
31058
22209
14590
16104
18768
13194
12807
22083
21130
3977
11378
19093
20814
22377
29759
8508
23678
17848
19129
8433
13165
5565
14094
19625
26240
26121
17453
5695
3801
20085
5740
12611
18894
32358
2695
20205
5939
20872
8251
28951
5828
2068
24381
27961
1658
16089
23119
19833
10601
32102
4193
27269
17930
11985
1982
12754
31893
30303
20481
4012
3003
19424
18096
2074
26191
4932
31994
17686
1121
22633
28066
9926
8946
2613
1094
26434
27188
6383
23817
2502
1787
31864
16631
31557
27058
28838
7498
1460
8323
29597
10283
20811
8636
15289
15219
10169
24798
29813
8698
23076
14501
12785
11284
1595
17603
23938
24576
169
18316
4801
9229
23316
5558
19041
591
543
24795
1615
22638
23881
17787
9288
3298
3558
26248
8181
27605
847
24194
19294
6119
4037
14525
31818
16267
31343
3385
14446
22985
25471
18106
2910
26082
4626
24525
28064
7433
5726
6963
5719
17925
4794
14487
28761
21473
2775
19537
31536
15673
22015
24190
2581
7095
10964
8813
24286
14414
26012
16720
20412
24680
32146
29166
12718
12977
19524
7594
16393
23442
11172
8027
19247
26465
23498
9561
27405
1628
11556
31887
9820
1648
18343
22528
9532
17143
24088
31819
3539
26275
27581
9474
29024
28977
19048
1702
11002
10972
21749
13302
16266
29943
31435
23499
5197
18468
937
23826
17440
5674
29436
19291
30581
16009
11543
7597
5565
18325
2948
19490
10888
16574
21561
22956
20601
23037
19361
23373
23289
11430
2214
21402
23783
22515
28443
32742
2233
29720
20298
282
13245
16061
4363
30283
12453
12548
15786
4948
20175
6587
29759
8654
5650
32543
31106
4897
13408
3243
4325
12839
15968
23322
20156
13536
30073
21180
4683
26399
18313
7535
26519
29230
31311
9378
30785
29590
6533
31796
10540
14135
11836
2892
18901
20326
30269
21347
19725
6548
3646
5006
7604
3224
15130
957
4583
30781
16392
21427
31804
22599
8470
29775
30341
10121
28728
13927
27808
15760
31834
15157
9882
28668
8401
6194
24733
13396
2033
8484
27400
14334
19778
3051
12704
19791
32061
252
18750
14761
8213
7127
13422
7729
23628
28316
24153
21323
16530
23263
3487
21988
28538
12706
1587
17953
18003
32094
9034
27366
28364
23240
7725
14501
13806
15123
16665
9264
1044
16328
21778
3493
27378
10675
18674
18949
30491
7894
2729
15898
23922
30355
6828
16717
8120
26347
14522
24200
19814
31769
7474
6779
68
7978
26347
11871
23431
26682
18908
32069
10594
4254
11918
12590
10756
21648
6011
22439
9574
18445
28650
19724
28116
9764
2638
14186
30200
12256
32463
472
16867
18334
6614
27572
21605
169
17557
26714
19533
10108
1735
8604
905
17755
13131
14446
31306
28820
31078
8585
5247
29782
24357
20867
2378
21999
5516
13088
9357
24476
31790
1943
32228
5118
19463
2160
13960
28525
26830
12635
5999
1584
13564
18108
23130
24879
28860
20911
10107
28207
5441
4917
25925
13448
32464
23610
6498
16008
4551
27593
31976
25439
25963
23415
7178
13041
24832
6784
2053
29684
1371
32559
17992
20459
9338
24620
8819
32642
11670
12210
17400
29912
2595
3631
27440
10062
11363
6626
31966
13250
14073
15724
16015
7004
14542
4944
6082
7586
4320
15018
12177
20285
26167
26918
22647
692
22860
22989
22739
4744
16253
5547
3253
21124
16830
28832
26378
18105
16357
1871
5997
1525
7703
12788
322
356
7813
11684
27791
9433
13607
20655
1607
20911
30772
8336
28219
6080
30438
13090
17372
4291
6759
5916
3413
2891
27247
28805
28983
7783
22804
31880
25835
29539
7326
21746
13429
602
30402
32418
18957
17309
15598
28811
12560
3844
26482
29653
27437
26932
29666
7346
23498
28117
25160
25196
6064
10254
10013
16772
30330
13403
16843
22629
681
18943
15852
25760
5077
11159
22333
14690
15602
22003
12007
30909
31471
20687
2650
4157
20817
1202
21514
4710
25402
32264
9523
4721
26288
2927
23060
8672
12268
2981
14282
21359
25568
15608
13202
28584
20097
25068
9480
11836
546
20782
36
21922
9127
10043
11848
18912
10281
32409
15075
8218
25905
3187
17038
31859
30974
6630
3589
12416
17247
13066
9758
12321
26565
30763
2039
12545
3856
1959
11038
6772
25504
32422
26076
13452
17961
8053
25053
24120
578
25462
21397
9746
26267
25052
23523
24136
7802
8446
12671
23549
3159
17138
32417
22291
17436
2764
4558
11023
16020
21113
12923
24491
13861
28339
12623
1971
6806
3150
24370
30710
12977
13900
30228
32472
21554
17091
13541
5622
3387
12550
9948
17917
9706
19725
19288
16847
23001
2439
24639
5290
25995
23860
18972
13538
10483
4752
12762
29576
6358
3718
21984
8185
4276
12248
25502
21848
28395
24302
9523
4689
17844
4626
10444
14384
32315
2131
11827
9026
872
13238
86
21120
3528
17194
31024
9787
16225
15648
17483
22683
17614
21855
15341
18356
32329
26972
23652
5886
14894
6941
18409
22799
1245
3069
30720
5332
22715
32566
16297
8189
9695
32725
13044
29517
12272
17747
31577
24167
19058
29100
32246
10752
12986
20621
10887
11922
4638
10460
4644
24832
20881
8457
7132
27324
7524
22431
22341
8197
20657
26411
18032
2454
21811
30051
3410
18106
11186
31218
32447
16050
21989
7200
30945
16393
13881
28529
268
29037
28633
27170
4876
4701
5459
19226
27071
21781
8600
10203
22243
27851
12261
12844
568
3869
12472
31019
13227
10993
12135
5628
720
24229
2033
3421
28916
8704
11924
4304
5788
5523
13158
22052
4528
3151
32411
19733
29407
28809
9037
2883
15080
13015
14090
19612
26013
30673
19533
24282
28550
2571
24402
7309
28240
5853
2379
6351
17336
24511
29712
24758
24635
1640
987
4564
922
15161
4319
15402
12905
7056
10011
25590
9784
19780
18245
14330
23134
17039
20911
26166
11627
8323
30531
7192
22647
5899
12421
16939
18352
1058
4986
1390
9372
17678
8968
25932
28999
5237
1365
6284
6193
7208
26376
9114
29198
26321
23517
15514
19942
18913
8765
10899
29791
27674
19859
19158
26646
25362
24378
12860
17125
1770
1486
7469
7932
4368
28471
24822
24526
29584
26461
14731
7786
25209
12717
4381
24807
15454
11090
15049
2988
6963
14972
28307
32764
19521
15337
21805
5400
6481
8241
10435
12427
28994
4645
21984
3309
3047
9051
6045
12038
32525
24277
22336
9586
3959
2649
17662
27906
26068
26092
12867
2759
11982
28645
23727
387
7941
31010
15591
20182
19801
6906
24462
20430
29122
873
2904
27348
12404
19216
31331
31376
24899
10547
1842
21649
22107
18065
1394
1529
13518
5976
3982
8162
11890
3594
3767
29965
21324
3878
4614
25054
27767
2521
21216
19592
24914
3517
21732
25960
16097
20070
27713
18150
4220
9514
12202
500
15058
2213
4446
29220
26751
14346
10972
19655
31388
3306
989
1747
26369
20335
17889
254
32432
28177
4533
19387
24201
26408
23338
4966
21810
5581
20581
18642
6313
10592
9842
20924
24872
21148
22151
12298
31159
22056
22189
26895
30875
32480
5370
725
13977
26134
30625
17035
30877
8635
6508
9929
27108
20556
12003
16816
26719
4360
13851
7264
28575
16013
32556
6100
24846
32523
19022
23803
16029
25766
31461
17926
29667
23980
15552
3955
4822
31883
4504
17906
32577
26651
229
19694
3274
8776
3364
28639
16067
24608
18062
31231
1782
884
14198
27988
30649
14366
16895
18397
27914
2511
16397
20510
17028
19003
4151
23849
31450
31554
1360
15989
11269
27517
19977
13445
17776
15385
4522
26387
29642
1560
27164
25640
27627
30365
1522
26141
30907
4826
2447
13805
10227
22700
24798
4311
4741
20775
16300
9343
5499
14197
28063
25482
22203
18912
2215
3651
18855
26767
30916
21052
25336
28452
25021
7240
7395
26990
14334
4648
13371
7554
5361
27567
22245
18249
19720
21968
17773
20501
8173
12833
2
6488
14578
26624
13747
2455
2905
20562
298
4393
24692
17549
3991
30664
21095
29405
5232
14464
29310
15655
26251
22560
29958
11011
835
16208
25889
28830
32239
29210
25418
9898
26196
21227
23810
31810
22284
25605
21789
27784
972
12938
12421
12798
16158
19024
21830
11061
9979
23865
21573
13944
4748
8594
8571
13074
25131
30225
27541
18204
7404
28160
10450
31571
26007
9624
14430
13585
14634
31113
9177
6270
1084
23271
6098
19229
5435
2867
19083
31001
12158
16043
27375
24705
3672
8963
920
25016
18898
22365
18131
18110
21160
7024
28877
17566
6660
317
5592
4647
25133
30
24852
27269
8607
18823
10768
17316
15258
16002
13621
23258
2376
19184
7664
21010
22902
20217
25714
3759
9028
26925
14096
5750
4421
24624
31040
30775
8306
2298
20359
22399
8092
13340
28751
4822
8667
25289
26597
4683
21306
30911
24397
30682
28625
722
11214
10192
14238
23695
18286
2045
14352
3242
31029
24223
15399
26151
32678
12259
6754
20113
12213
20827
12096
20860
9377
1871
1138
10992
16836
11090
10989
26409
3574
22240
9483
11474
30115
6088
20312
22637
30881
21777
11132
27618
13794
29169
22470
24469
16553
26369
27920
26356
31620
29752
3887
30292
3419
3888
3226
14823
16465
2373
27822
10513
14904
5354
6276
7389
29388
23168
28509
19383
27728
25144
924
32328
28512
31261
19532
32170
24595
30909
28976
11767
11553
1553
801
2692
11442
16339
5137
26953
14395
20358
10849
18195
13656
24550
16154
10417
336
32158
5562
26706
17951
6721
19071
24847
18042
27217
11430
11599
24496
5377
9311
10060
13394
21021
28337
18282
3603
21286
10175
21422
14399
9382
28003
24705
25253
80
18664
7039
26269
19791
32761
478
7225
29728
27851
3138
23263
10452
9915
18682
13125
14458
24845
18330
1066
30671
12161
22729
424
29583
26099
5220
10089
10175
26918
8512
32644
20415
19541
24599
31170
13230
5356
16632
4015
12838
16363
30293
22487
18173
27397
18200
15227
5751
25621
9365
21523
2723
24753
16334
18099
20353
3354
2530
32552
23420
29091
18630
24602
32690
9603
19909
18887
15010
11530
30733
8218
21411
12757
10244
21601
30985
15283
18854
28820
28281
18567
18339
3421
13848
335
19344
31413
15034
25181
21127
2384
3783
4028
25648
27386
5834
11297
13451
26292
26364
12696
458
16484
15774
4131
12482
4644
3119
14077
6802
18641
9929
3421
24273
4572
353
2615
18004
21769
27543
31357
19803
21788
21320
30160
533
2239
31788
25330
21357
19439
2308
19901
2318
1712
3736
16615
6992
30775
16271
24382
24206
29726
9930
15288
27011
27549
18739
30622
9995
5242
29997
12726
5549
22535
28062
23341
5638
27361
29064
30797
7007
29174
1153
5682
9711
14713
21896
12657
28802
19071
8112
29776
4962
9583
8550
3366
24814
16173
6485
5190
432
5875
4270
22037
14832
21180
13042
15095
21046
6981
30737
18592
16289
18749
15002
9955
27073
17579
18101
11867
1315
6568
19351
31397
30962
16078
23166
19838
20457
14208
22565
3814
25309
17036
23944
27028
5435
22234
30852
17351
15286
8122
32017
2825
10353
13350
4446
21421
188
5319
11202
16237
16877
25224
26693
32599
14691
4736
31854
15904
24345
22743
25202
18615
20090
3181
7939
26519
17893
3622
4117
10904
2419
5947
31553
30645
24814
9470
12183
5845
31637
9646
14748
1748
28301
12133
20847
29205
3306
8429
7651
16848
11147
32209
15301
11567
9068
2447
10382
7900
5382
14227
27885
24510
14355
684
19194
32491
665
6504
28839
17648
28339
19355
7301
27429
31477
23323
24058
25597
16518
8205
30424
25222
6149
16013
21440
31383
863
3206
30813
31532
16054
31327
27773
12726
31511
14609
10897
13219
16180
496
923
6751
14136
11649
25224
20740
3764
28638
16120
11393
14084
2219
318
6793
11184
30366
16727
29944
19117
1390
4952
7223
14075
6286
29284
23747
4969
758
26257
30733
3435
23585
15402
13103
24741
25348
23551
8979
14998
14528
871
2921
520
324
30465
3164
17808
2914
29673
18892
8538
104
14024
14808
25361
9827
11188
27180
17088
11010
849
14466
17787
24067
9224
32358
6039
3877
12485
27052
24297
32611
15417
9570
148
31726
16458
32592
17172
15357
29922
11363
18776
18697
28376
26136
11559
10089
10283
27820
15026
26530
4363
3009
32767
13061
25818
23277
16873
32458
5164
26606
21347
24877
30121
10837
16326
9617
8197
19039
10237
22174
29488
28084
13490
24089
19941
27467
32291
19803
22447
21805
23907
3818
30857
13006
712
32072
4985
24928
32558
5049
15869
21218
16257
9297
19767
14261
30930
12512
22000
446
19534
9188
15086
17111
23162
22556
21129
12770
23733
11316
21015
17457
261
25835
28880
17269
22185
23116
24986
8327
6690
23241
25692
11322
1063
4912
29077
21017
4967
17192
112
17708
9258
7826
6173
23806
26055
16289
17579
13872
4270
5641
18037
15203
32438
136
10493
21588
28215
1671
9953
5294
10074
17483
6157
13184
32688
7761
31015
11164
24956
11491
15604
7071
7071
5316
9573
11486
16180
28509
3283
21105
21023
31336
18004
14353
12152
28603
31065
2819
17300
7604
788
11358
8171
25241
16845
22760
4965
2333
6904
13178
21501
17792
28488
16387
19290
3047
13910
19091
32102
18281
10472
8168
347
1202
12683
2210
15116
9948
17755
20057
16478
32688
21386
31182
4532
7031
31692
28198
17749
6572
25608
28244
5325
19032
4065
1515
3176
7321
18134
30720
19350
28225
11671
26574
24644
18368
16837
19383
29933
17549
9551
13340
25321
7252
24460
31481
3513
32166
30540
28119
2114
9284
30045
32237
29295
23015
5635
15677
18629
27964
27165
4294
21367
25010
28455
22533
25036
1966
11898
32711
7097
7910
20582
13202
8206
16167
19243
28680
17077
5431
28090
31196
25729
32020
10567
26417
3128
22009
10487
5837
11838
1131
15652
2595
27745
27295
14819
29291
30532
12579
20698
11673
26063
21546
10698
12113
6706
1294
20415
14198
12582
18875
14828
7079
29085
10777
5579
17705
21511
27207
21779
18327
14527
32197
25120
9115
8479
20484
6372
32120
5426
22900
8538
12127
31643
16713
19592
28390
30885
10895
20321
19719
15108
4814
7398
30853
12579
1753
30697
28512
28405
21121
28055
32037
11965
27903
19957
5312
20856
7991
21853
20062
28632
27791
6410
24527
26967
9006
14138
2752
26461
27804
14294
11804
31811
11108
15577
21967
18009
5302
825
8564
3036
10844
22228
29843
8142
22109
27188
12491
9356
12985
18449
31689
10340
28565
28369
9725
6815
10294
32112
14408
32183
18627
4526
20660
23866
7395
15563
4759
10343
30334
19706
24899
3743
8341
3823
31819
28971
20493
19803
5218
5467
16776
21911
7174
19216
19038
9742
1386
28006
29425
16165
730
12568
9941
20490
26288
25992
11214
4760
8715
16381
14485
22386
27383
23573
22353
29166
27347
24131
15037
21042
27044
6365
18868
13366
14914
9080
23636
17474
7122
15215
19599
11368
11890
2757
5365
10677
30782
10135
30857
26880
2977
21212
6268
464
12085
27952
26145
6422
31350
5707
25336
22063
1859
26378
27184
11504
26912
23844
3518
15990
15946
8923
3673
22976
17853
29491
1073
11510
8967
3630
21830
11912
26985
8225
4597
31678
16903
20425
29405
22032
26813
13047
8865
6622
4025
16756
2298
1265
16913
19914
23915
73
32332
8333
2702
19502
26945
29105
9298
29218
2605
29961
6437
12380
12981
14938
19508
25448
19455
7340
3475
32011
25820
8626
8732
20760
10875
21467
20981
11782
8440
23646
19868
20211
686
16913
11560
5141
15767
14633
7182
22411
15932
5065
30330
5495
18668
23547
32761
29005
22729
26819
1668
31202
26195
14948
659
23048
24913
16842
23939
21552
11071
19954
18434
28355
8780
1099
9050
31923
5782
8566
8188
32755
8401
31651
21732
18761
24435
19634
32381
27538
16467
14379
21443
10971
16578
19200
18557
31491
11735
32569
6030
26389
8421
22613
5395
15217
31780
1986
25853
25064
6435
15306
7685
30278
23825
1080
687
7365
30965
32541
15376
16786
27901
29087
20105
16998
21516
14540
25328
21317
28509
22586
10321
533
2892
13435
23708
7691
6688
26669
3064
9919
25891
20475
4220
15400
28528
31626
17534
19256
26391
27231
13675
1558
13116
3257
8520
23461
28611
27654
30939
4604
3593
28532
18998
4814
27935
22655
7937
6059
24120
20025
20276
25140
9041
15408
32674
29771
22264
7385
28796
9144
31531
23617
14350
24908
1717
22215
11028
22891
3380
7821
2870
2234
24509
4749
26794
2298
19777
28264
32681
23123
6667
12821
14620
20138
16007
15132
26782
14756
21422
7013
2945
10906
28221
29277
13985
18374
13347
7757
21759
23235
2683
2649
1845
2467
11067
13511
32704
31448
20331
11755
12138
6186
29740
29086
30333
8930
21099
28525
17970
30630
17096
15880
6172
30272
9111
30962
3160
19011
19157
19857
30822
6712
1108
2776
8244
6766
23320
11094
10918
27338
31571
26015
23754
1125
12487
21447
398
9600
12075
5031
11515
26471
26153
20815
31887
18974
7580
23357
18160
13575
14879
10202
26668
18991
14971
23457
13746
25835
12037
19572
28316
17901
22046
10159
5954
13306
24690
28374
15073
10910
28532
25870
5383
5919
19401
9959
12921
27888
19592
17278
482
30665
23607
27235
16250
9379
18740
2697
16821
17057
14829
27997
28897
991
27751
12125
1495
10410
25415
24666
10348
14005
16385
5908
17356
25294
18111
27030
17659
8416
1569
23381
26183
20651
31507
5575
26109
1274
26847
29752
27826
1454
1066
278
19785
25793
28198
21627
11466
6043
9366
7857
17256
10583
27878
14668
31574
15835
15968
7071
32381
29500
21975
255
12419
16237
6128
25439
12825
1092
23886
28162
21625
30140
8902
22864
157
9601
3039
14499
17192
2953
10751
28461
23071
289
14732
6835
30477
9741
6120
20005
1311
7488
8236
4320
12571
8269
3194
28879
13469
8352
9110
32742
27916
29758
25822
7386
25395
7287
32026
25913
14567
27829
21088
489
3265
26646
26532
20755
30698
12734
21895
10011
17982
18472
31217
15152
3569
19446
7409
15840
20564
26245
27942
30425
9508
24308
9223
7313
23482
28400
23517
3420
17437
19661
23122
31615
22116
8475
15014
9072
30632
16702
17091
11827
11382
12801
13843
6533
7811
20834
5361
24529
29496
3251
23750
10172
30020
12815
27753
9995
25659
22226
31925
31898
3515
20059
30296
13528
32484
4182
16050
14144
2033
11831
21630
27642
13345
4190
28220
15660
8522
6985
21087
6152
32033
29383
22878
30237
14351
25777
6287
24899
12474
10860
18558
22056
2262
29931
4179
14316
6350
8675
21159
2351
30376
24403
28725
23465
24810
8747
24797
19381
25702
26153
981
7023
25685
27024
8216
12202
10250
22971
22694
27061
14925
17112
21021
22130
11642
10094
21419
24424
9417
20166
2560
15023
12946
31410
15716
5746
23870
2119
20667
10744
8221
17664
24778
7254
19558
10725
27159
17248
16691
17694
6791
2174
11961
22142
32024
15912
30704
21928
11310
20294
5213
23393
1403
14926
17959
4756
1811
10121
19148
5344
2423
32695
22433
8074
14632
7013
4052
7572
25959
23740
11668
13460
7012
29668
7941
19782
207
4172
2512
5703
9594
26511
26014
23395
9132
7957
32642
28454
22735
8076
14148
13681
32682
10921
17894
28407
567
24018
21588
2661
13548
31087
3569
5622
17752
12887
7033
4960
18981
23399
29034
5663
2626
3799
14309
18347
17315
10733
29619
22397
11331
8641
19909
16876
15563
23253
2407
6382
15315
22913
19873
1058
30383
6993
1812
25130
30732
1728
4335
4819
27039
15044
25664
28880
4271
28376
7331
18692
19682
28443
24892
24351
7486
9782
985
4895
7219
24362
11300
922
3983
21842
7791
9677
32505
14409
28547
22577
3806
1619
1404
20461
21122
11567
1932
8729
15069
28708
25304
23699
5131
18731
31452
27987
10239
7965
28016
16157
24039
7218
16330
24029
9980
562
11261
8446
30665
31646
19235
10609
20795
426
22737
1527
21871
21664
19387
1022
30064
3742
9344
13850
11096
19094
17001
15784
24900
25
12529
31802
15580
32498
23761
11637
29530
12162
21481
18383
10848
10665
20766
17820
20540
18642
19148
3255
12872
18455
30362
14397
14507
26349
16452
27101
18200
28578
3665
15265
13477
25439
10585
15466
12153
24535
11285
20139
29461
31548
5305
8132
31395
25494
15724
5096
20616
673
29355
8288
19507
24811
10113
6990
20115
8589
20530
30873
27614
12775
6953
5084
19953
25950
6366
5049
32390
15809
5528
16596
6117
27101
15287
12240
27589
30609
4140
19323
14891
10688
26872
27018
31019
9810
4168
24460
20624
30818
7910
17863
30362
19231
2397
10591
3162
31461
10442
16235
31592
9786
25632
20841
23928
10810
28776
12405
18230
2605
31812
30862
5788
11097
11214
5665
21992
25448
24950
4755
18987
8670
3087
2274
19543
30541
21670
19603
6744
32083
29034
144
3692
421
17687
19822
15277
18210
26340
27989
19568
16584
24997
10495
5326
31998
25180
19592
6321
32169
19355
23002
2462
17941
5456
5843
11981
4607
31921
9948
4231
20948
17951
5771
10867
8917
6412
3962
28268
12453
24087
2748
28910
15239
1472
14211
31533
1502
21185
21142
26895
11140
30364
24349
1396
16487
30925
27621
8617
10816
23269
14023
3318
30739
307
10889
8562
19442
9631
17581
19264
22892
26666
1034
29049
30212
25302
2232
29108
26571
23407
277
23641
16810
7874
28207
31949
19067
12917
4504
9110
28405
15231
21864
24682
5511
31847
13554
2738
7648
8013
23791
10250
13051
3254
13427
7450
15770
20665
26362
19744
3177
13367
1178
2489
28589
21881
19624
31431
32127
26301
11775
21931
9974
23683
9396
12179
14858
23145
30169
32045
18664
32443
26268
11379
8743
19584
25694
27987
3161
5259
8086
6093
30305
4962
3468
3174
14960
29275
19139
12642
29736
12336
25832
12893
23803
32050
23405
18690
11292
5412
19712
8170
2529
5338
13723
17945
13580
25094
6282
30772
30990
4972
8908
18697
24206
3287
32232
1291
3881
2907
10427
7278
22347
17718
8076
29221
5126
5648
13256
10543
30338
28013
1538
11933
194
14075
15642
26390
16320
18645
4821
22647
31330
20607
26475
26752
10130
20423
28270
19417
24558
5670
26377
21213
18628
21189
29272
6189
29718
20582
6150
30457
32118
21598
24227
26735
23496
10373
17260
20046
8773
2698
32463
21825
30137
28256
18277
15658
26128
31963
18073
15025
27353
17060
23128
6043
6312
30750
12179
22345
22886
21624
5156
25551
22141
14758
3047
9337
10744
10854
31055
8784
4320
15924
4200
9656
19896
17644
4602
27638
21477
28865
831
29963
15875
28955
32615
10907
11142
27806
23681
10364
12760
14920
1133
24364
24885
11735
26479
18110
9710
27594
9571
17190
21014
7522
25665
30511
1503
28596
4291
18117
9479
18187
21093
14683
7821
16564
12772
25913
12073
11976
21273
1484
17460
15801
28536
23537
27024
22560
9853
7409
14212
27416
28658
14160
18183
31563
18803
25578
6088
1369
27964
25989
3008
20070
32470
22493
7714
11674
451
9206
8646
19936
15056
26612
22614
14823
9648
32041
24412
30494
2649
10515
32343
12158
27393
21905
29409
12065
14385
21714
10385
29722
10942
3981
15897
6939
8071
13086
16129
3694
15276
11156
19518
2521
6033
1371
6366
31517
6327
18036
29162
28852
21932
30649
709
13272
13227
23274
2325
15743
15447
2405
2335
19101
18277
6390
1728
8061
23443
12500
13238
8474
29764
13799
21054
17787
29518
16459
10377
26959
30709
16598
5806
9240
7228
17127
17281
20782
3261
12327
15907
27309
25181
22402
22330
16192
9184
569
24332
13964
13221
9462
16496
27825
23805
32736
5752
15623
30887
20126
32072
17635
23218
8942
11685
25306
29175
26180
29670
22111
27434
1532
4362
24751
29687
14867
11533
13406
16635
7853
15913
9416
17208
16548
24790
11360
9279
20848
5362
30679
11633
10647
409
22386
13556
21203
23283
29719
10388
8657
14534
4439
1898
13208
32086
22746
29543
3811
1930
16758
4112
30311
23217
18463
27145
24912
32432
23716
29546
15267
13154
2688
19488
8738
31040
20442
27740
1403
15173
569
28249
31720
1535
28707
29314
28317
20352
26057
19963
8520
22238
21556
11178
17343
4101
3773
25341
18900
10585
18988
11353
11018
27171
12026
24637
22493
10087
5540
25531
15428
5509
921
31630
27289
3998
7059
16909
31717
29453
20474
1975
13783
30704
7769
24164
7174
27302
25756
4312
23117
14538
24107
28572
26011
10123
16137
23408
26155
17389
22114
2703
14252
17972
1595
15746
8685
6485
2675
2435
7824
25975
30183
7579
2982
21060
12658
22137
10247
11042
24229
28591
12522
8265
18744
27536
23258
4304
17473
21511
12059
7992
9477
32330
7366
3142
2874
31294
14521
22219
12380
25034
32599
17299
14720
22168
22294
11249
30280
30452
20027
11460
25776
10082
28958
16314
19330
6152
16095
2634
21873
21228
26653
5967
5624
4848
29253
431
901
13325
6535
1311
5923
19773
22013
17410
10718
11414
4993
11070
10353
22924
32101
21004
12004
2341
8259
9257
20642
25934
15859
3697
25691
4276
28019
23305
10756
2737
6134
7630
15012
29787
31187
1591
21952
17578
10596
24042
3765
25989
31607
5472
8790
19876
13120
16313
5644
18604
15025
8887
27982
18386
28711
30973
23258
21876
28862
26275
21184
13502
17335
18188
27410
9086
12732
22874
32611
14930
32215
7379
13763
8206
14584
25233
13904
11508
18060
21153
19728
14444
18570
18610
16997
25468
4549
3208
94
11968
29617
29043
29912
31185
18080
13006
27221
31009
30555
8881
20769
2123
24845
26050
25759
31309
7980
16498
27987
17067
24075
24197
25145
15459
28376
14242
3884
31749
30139
14188
8697
29991
23944
9390
10308
6587
20146
7379
16347
21827
6896
24663
16080
3081
24109
11275
2877
32466
12071
19309
24314
13371
21951
26121
8585
31998
25385
28262
12348
31625
13651
4623
1619
5533
24283
1071
10152
12696
3942
8642
9036
27605
30851
19196
6990
29917
21034
18342
24839
13584
4147
22488
547
6965
3983
25908
4567
5176
32055
31624
2277
4969
28860
6831
15801
14863
26087
543
24785
31975
7446
1209
28775
7375
2890
2817
11169
21995
21658
8753
16068
18992
31361
24912
16940
22857
26917
17890
24824
30051
14733
9772
4377
17309
3575
10630
21284
7388
13130
15862
23859
11416
19816
3982
26820
17112
32144
656
8515
24773
12408
24764
16625
984
14508
5619
26788
25387
1144
26986
12256
15316
26296
9763
6661
4193
22228
27323
20522
11548
24813
31123
12496
30138
18730
10937
8230
32041
22174
17181
19074
27159
23829
19407
22756
22347
15905
28396
5229
15580
2182
16241
7978
7479
29160
26398
1800
17540
10802
9711
9631
30626
21528
20611
21075
14376
507
26021
6993
30962
26180
31056
6520
4369
454
18680
28883
17002
3755
12843
8610
16645
29956
22659
25455
16558
15466
24434
16732
9528
26349
194
23918
28411
9074
12621
12875
1636
10625
17573
5222
26770
3675
16037
23676
9838
11784
6255
14617
13969
25636
4654
8718
24517
26337
1505
8886
29364
28258
3785
29231
4404
13010
164
21586
15614
5797
13218
22402
28636
24299
21725
28868
2835
32048
27983
32654
15288
28819
20746
29302
7116
27177
19424
28898
15542
30452
31747
19767
16661
18215
6412
24580
22542
9948
22397
6741
30939
19694
377
1250
6498
11649
17184
6480
7916
16814
31555
9023
18478
5043
30346
8623
4919
24984
3645
3391
5654
5894
14900
16966
6324
27961
15851
3118
4546
14822
30676
8366
17507
28027
20035
11066
9625
10224
24910
25831
25555
7821
20642
28955
6872
15274
32072
49
26489
3871
12466
25016
25716
13964
8379
20104
4327
23759
220
5843
6930
3749
18
12148
23092
22366
17984
30522
5208
27068
19004
2915
13832
7657
21741
15634
22130
5556
26315
5696
15713
25161
19238
9841
26619
8069
6821
12356
21467
28067
7410
31945
873
921
10563
22969
6155
21688
5268
27167
32392
8079
1854
16462
21047
31092
32725
29242
23341
24929
31342
4941
4161
7820
18609
15411
8925
7239
24849
30050
1735
24205
27254
24191
18443
30169
25378
17056
11847
14596
21145
27683
32424
4843
31445
21392
3345
22059
14822
10432
16175
32065
4567
7020
14909
8251
10216
6908
18677
14132
25659
10010
32206
31599
6285
9963
8238
26394
30585
31874
22713
22026
29166
29321
2661
3539
19538
21308
11898
12686
2282
1821
28054
3010
2248
15260
22098
27320
3
7908
2926
10354
22473
18448
6527
11018
28291
25322
16804
21421
29820
6502
7154
8825
9188
32139
5986
18054
18844
25482
4200
8603
18441
26631
22484
720
3324
7550
21545
17390
1963
7375
583
2899
1518
7401
7030
17513
30099
11028
11113
11943
24207
30961
29915
24891
12792
17206
14521
20987
912
31939
23403
8335
25536
13435
2528
1076
10709
23295
25265
31524
31556
20732
23714
31222
11420
14549
23772
16546
4448
2111
21638
30633
21805
7368
28420
16087
19006
14753
9723
1541
26835
15527
24382
4092
30459
12028
19502
30239
10666
21234
27677
30086
16148
10904
11267
11661
9543
14205
9272
26602
15477
18862
12897
4116
18330
4263
18087
11713
7073
20531
5956
10624
22724
12399
1712
23749
7583
7816
8564
17767
5897
9676
25030
30076
6206
26677
4952
3302
7267
9032
5072
15969
249
15130
25357
31911
619
8320
459
32303
24547
24142
31449
12279
32711
6676
19856
32069
26978
14612
13831
11295
4628
4422
8304
30565
24793
2736
15424
1415
8943
2774
22186
20481
4947
9163
26382
27551
17392
25204
18942
12756
13163
23017
27059
11588
22973
28508
4344
18243
11589
23406
19171
12424
27949
21552
8261
8541
9752
21561
23725
22975
20283
19151
18651
25272
8147
16227
17040
1426
11142
22961
709
30623
30704
18223
9644
28805
24838
12966
7748
19424
598
6587
12874
27680
11470
2787
7556
27709
27006
1473
498
131
14480
2815
26314
21297
26404
7677
17656
22153
18132
30794
8334
17778
23996
26342
23418
14167
31309
11347
18231
18615
31294
14812
5034
10971
30909
20577
12750
13065
24937
16589
15506
31095
2786
12808
13808
23674
15735
23173
26602
6569
32332
10743
17011
6358
7932
11922
19507
17575
27418
19512
28769
26915
2363
26744
10687
21452
1217
10612
27319
21157
26070
31043
18564
19599
20022
24171
11474
30142
17180
9403
30929
28869
7664
20792
15901
10140
1904
5169
5422
18626
32441
5033
701
8819
3832
30123
15764
27855
6991
15819
17938
29044
18618
6869
14092
27569
21273
726
8797
27511
7505
8601
13872
17014
19770
29479
7229
32436
1731
7622
9294
24509
758
17708
19005
5356
1147
7088
27076
30686
27998
30823
21140
23064
4813
10516
32229
23683
25370
26538
31586
16368
22539
3039
13584
21412
889
27792
14395
7378
17246
2254
6121
15717
23696
25129
32124
28024
14442
12507
2616
18308
389
20490
9825
29841
21931
32081
1748
17750
26289
170
32085
14446
946
10993
4555
11302
27991
30065
6398
31998
23474
30996
22174
30104
21405
21577
16980
25684
8564
5245
30956
1931
6590
3469
23488
108
28994
21032
8978
21204
11450
27310
7499
12696
2449
10656
7758
21355
12209
9836
27434
23449
1639
2496
29091
28320
3800
16098
10957
15510
22427
6950
30789
3562
19565
14369
21997
9460
6286
11335
13915
21099
21413
19926
8684
267
28799
3296
28469
9218
28782
30559
21900
10784
20588
32544
5617
30990
8209
11635
16739
23406
19759
15383
20490
17043
24877
13145
26825
30821
22555
30551
3786
2617
5579
6373
32108
5661
32497
7650
2344
14939
32577
30915
25730
15622
24139
13202
16074
25545
4645
21364
28936
16443
421
29222
5825
14045
19094
31039
18048
18568
29043
32456
3317
23621
30581
6087
1541
4516
18480
6922
3224
29697
12875
2148
14220
11333
5278
26402
24385
16541
4570
20899
29944
12927
830
8262
29296
3531
16392
28246
3306
18277
22781
26125
22279
31210
4253
29374
25410
24655
9375
13208
14
1102
7207
7730
14356
31805
10995
13561
2829
5587
25586
30498
17709
24053
23408
8892
32668
8787
5097
28315
28339
25022
15484
6264
577
3405
16822
8951
29734
28002
13495
26445
1446
5449
5328
25031
4225
19349
1428
1344
20415
26078
6801
12145
6084
27602
29754
9550
18254
11799
7192
8042
25291
20009
29603
7631
26780
31562
6528
30984
28592
32163
7169
30254
29676
10224
10732
7086
30194
4015
3072
14628
32277
3505
9104
9399
31969
15795
6719
6697
1967
25079
27348
19151
16709
21793
14890
4936
18890
21484
9902
6156
26689
19649
3802
28072
5094
28684
14943
29650
16180
15186
32323
3461
17030
21440
26081
29449
24449
7966
25094
19227
2694
28256
9361
17202
9520
22956
6016
2447
5612
7240
3144
27889
29636
4972
14244
1280
17154
1484
11751
21713
14597
23165
20596
29176
29098
29670
21228
17023
9649
26934
26104
14379
18486
13907
31673
29493
16126
22431
9066
32634
6750
10121
8457
22652
17504
8011
25180
15296
3194
15742
21653
28642
30288
13438
13650
5105
13196
27883
23042
23085
9059
243
27265
3679
27005
898
32283
12354
27556
5313
12305
17389
26001
5874
20288
2580
3583
2328
31202
7283
27205
9846
6507
8025
1702
1757
2866
22609
31163
3157
15601
18177
28113
13611
13654
12977
21034
12925
21012
26986
8562
6765
24434
6871
13014
28626
26292
652
25227
19514
16013
12807
20124
18923
74
20681
8309
13601
5878
9952
21130
8254
9884
5580
3747
8347
14616
2511
14962
18008
28812
20652
30255
1525
27949
25108
22165
31111
27989
1290
1287
18661
12086
25130
32297
25178
15552
23204
22796
27726
22756
27916
3526
31249
5931
22272
13147
28861
26225
16360
23687
15998
6351
26317
28603
9606
15534
23426
23201
19700
18405
29286
28285
7573
5725
7727
6359
18974
8159
18580
27331
18653
10148
22252
16066
14539
343
26567
21421
11827
11110
31221
8750
14331
10205
24108
30085
27423
5662
30124
18446
22680
16920
16657
12646
1895
10892
266
4918
3072
19160
9730
10640
25763
9880
25321
31079
10536
11003
3795
22006
24744
15081
5455
12663
23097
27963
30605
31387
28743
26503
7163
18868
20569
9251
1080
18707
19315
104
13685
2877
11346
19186
8136
23342
15753
6484
16118
26329
14538
9374
20425
18532
7903
4433
26382
23206
6843
30932
17230
25440
27469
25240
18149
29567
487
153
25665
18361
31086
22964
13813
1784
26150
21864
7698
18393
12498
21708
21152
31705
22176
22348
7133
19568
31467
8328
28240
31919
27740
1248
13774
16805
16906
19704
5734
32702
32341
23757
25136
5567
4513
12985
16370
14331
30719
15753
12918
22881
15490
18901
25494
21723
14934
27949
25269
29888
16449
29441
32240
22441
22746
25918
17879
23684
24598
18066
10906
14549
32108
14182
13751
12868
9305
30839
3562
944
3854
31228
20852
29879
29996
8267
19612
10866
15344
2314
9263
2156
9814
27370
10543
23015
22107
23236
2185
30748
1595
22902
12392
15563
1802
32181
7170
19455
6374
23794
29629
13348
21174
27279
11491
22768
31331
9772
3620
18334
13069
9208
4468
27873
1643
7663
9149
30826
15375
7748
8035
5112
3209
16792
14822
13547
1901
5724
13495
2075
26566
4958
2197
31793
30508
6205
16750
24218
21746
24417
15147
31812
16647
29133
15538
2927
13258
2979
23445
14100
6563
3939
7265
14368
23814
27006
3494
14356
16064
18292
4607
14770
23445
23996
26816
942
10268
31055
29828
11946
32758
30392
13778
29517
12727
18591
7542
28533
29667
19554
3264
7838
25763
26211
32765
4712
16236
18924
19525
27204
15815
26686
21669
18357
10437
8694
12078
16593
21081
6934
9991
361
13871
25099
3473
12712
9927
24930
26490
23781
3904
5202
2354
15014
7182
2771
477
725
9927
22154
25420
13676
8094
10292
29555
31158
9966
13585
13032
9677
20190
6582
24955
31183
6508
30901
12803
27283
18229
6259
11107
22101
20558
25453
26764
26448
7783
23132
2957
31976
16704
14462
2339
5376
11293
26055
12362
20828
5911
26060
19673
18281
9654
28710
26292
32438
24155
1315
25799
26189
26063
843
15578
7247
3331
12158
15511
3668
3858
17047
19568
4455
4697
22695
21954
12630
29177
15101
19710
14442
25789
28345
17762
3839
3039
11056
27707
30100
23480
28967
15155
8398
5664
20922
26389
16313
26770
5962
8725
27621
13420
942
28872
29851
24592
26432
14596
29440
10693
20360
13607
29804
32289
16293
11253
4657
11546
32732
30139
2120
22467
2327
25703
9376
15593
25299
4207
7756
24519
23108
14059
25797
12527
31212
21242
17043
6286
8191
16352
14244
20824
23538
17422
2100
7902
20281
7273
29044
27010
378
32385
23237
14669
29682
19433
4248
18144
7664
21717
21430
31566
1258
3762
6279
26797
28235
9085
28597
17427
22753
3041
21462
9660
12604
13740
3142
31788
30666
27305
23428
8361
15727
19842
5398
24378
5903
15919
30077
25253
6796
32003
5315
9582
27871
29593
964
3230
14529
140
7746
18765
16526
9759
17799
21634
15386
6428
4326
6482
18675
31165
26355
28357
28833
2317
10363
6534
7611
17291
8054
5000
9787
21890
11734
16404
4295
790
4184
85
8654
14001
30738
13471
2758
24356
29791
6927
28035
23683
12362
29002
11056
2634
4931
21752
20507
954
28718
20382
4610
15014
17838
16636
6100
3861
8907
6534
4001
23141
23733
29382
26171
315
3385
25530
29211
30283
17037
28466
25840
29884
31928
15061
24660
1378
10133
10667
14936
20795
32245
7888
3024
31506
19864
21264
16309
10516
4904
9948
20143
4459
7941
2162
30670
23153
23141
8833
4095
14682
26814
26821
24203
4338
10142
9396
6660
22124
26166
15637
15272
32166
13185
7633
9004
16143
16534
28518
654
15494
22294
22899
15608
8962
17067
28634
12071
12574
13734
15044
23015
12843
3884
23406
28603
7684
27453
22569
23506
6378
2163
32255
3562
4498
3296
21933
6168
18843
15742
30186
19828
1904
11361
11893
31117
16246
19480
13006
28131
18111
340
16159
29846
7182
11288
32694
6092
8600
12093
10250
24927
3361
23726
18924
15271
21732
27564
8324
15191
5629
6117
14781
24187
16554
11850
1403
18594
10151
14563
28407
11226
10377
32765
12838
7664
22135
6133
28737
22374
6325
8281
11797
19907
24302
7397
10797
14041
23830
14385
18905
13476
21535
8850
26107
25279
9092
7242
14322
19712
6286
6150
25922
32187
6827
11642
2301
7354
10239
31203
7606
4760
1142
23911
10709
2477
15399
11946
18615
11930
9141
1306
23227
28663
30076
22266
22105
8239
10275
1823
29365
10726
30028
25688
30665
18584
897
25593
7662
6897
25523
29406
5085
1125
12764
29793
7858
14244
14192
17757
17524
28325
15123
18401
8424
17407
18113
21255
31079
25575
1847
14528
17401
17432
11574
20446
3232
18645
19579
11682
9960
21127
28071
14010
1624
1622
18584
10232
17510
21023
698
28072
30298
11642
12204
10264
2947
1626
13571
10756
18125
29383
22470
194
1716
16659
28861
1015
1239
9103
18549
26863
25852
30637
24829
32368
13382
20690
26225
25677
26775
30589
20707
7504
4505
30089
17798
22748
29535
7
9741
17119
19093
14534
4914
3467
30332
31499
2286
21034
26551
10186
15215
19775
32710
4739
19961
21719
9691
8178
22199
21709
8601
28925
17835
25717
10535
25500
9779
30770
21524
20292
12735
8099
31422
17104
30961
8394
29216
23812
20574
10709
24850
8351
8537
20525
17562
16639
23087
8522
28820
31203
14839
25541
23748
17809
16420
14895
17112
10972
13478
9096
27062
16819
15247
31903
7184
7875
25134
16292
7275
23073
1611
31974
6956
4946
2814
24093
22337
13584
19410
25851
13737
2529
3990
29600
22174
11190
2973
17289
24168
1197
27649
30233
21674
11651
17086
11772
20746
25355
8343
11747
15749
19636
5466
978
26049
12829
32766
22252
8522
22876
24181
22423
1755
29631
8612
23276
13599
25871
7522
21637
27156
16273
31090
23104
24371
12583
18990
12686
13482
3684
16765
27569
11807
10257
9665
19659
20921
21342
25383
6531
9264
22418
30349
31589
27355
8778
29308
287
20264
3102
29418
3998
11721
11632
31615
4684
29231
4218
1497
19085
31725
3641
5601
28841
711
22683
29266
23526
8070
20642
28434
20611
24475
3442
21717
21014
10609
27696
6728
12512
25413
26784
9318
4558
1163
28050
5531
22612
14102
11956
9948
15274
3049
2432
24209
19901
7321
1688
15310
8364
4425
12572
2753
5076
18570
10474
12261
5191
1763
3705
1694
14642
17364
4027
7503
4651
7729
19779
9626
29228
5962
19246
25527
7808
20034
30979
104
15706
6011
17263
31657
6853
11563
29002
12512
9596
24378
8251
25313
26262
12685
1606
25539
32574
30866
3927
16061
32493
6079
26648
10404
15560
11139
11611
10401
27231
8800
12698
1718
16647
8346
24814
27906
10192
18976
21034
31746
31178
21143
20159
28436
17729
32323
3308
17921
29577
23393
32579
6731
23287
18328
23561
15262
20396
19333
26541
25226
30870
2004
3562
32420
27991
31611
28170
32214
28506
14513
9826
28199
14029
29382
11938
32421
23330
2756
7338
1917
6130
30869
22478
12320
31007
8409
10758
15805
10152
3333
15023
20944
6383
30789
20388
24576
18782
18974
6006
18561
31259
878
20477
9376
7480
2621
30402
25279
20916
17358
28381
1821
32604
9346
21160
19299
4207
20159
10841
22055
24326
8951
27181
21416
16897
17067
23184
830
11361
20332
15708
16407
2483
4927
13266
1116
3902
7137
11404
19577
26541
25221
31994
15992
4369
5810
18651
14108
25136
14535
12272
669
15472
26606
1458
5838
4916
20288
28368
14301
18954
27139
11865
20565
23334
22428
8785
11094
12267
17281
275
1265
9715
21411
30139
29900
25205
11618
14168
30389
2193
8354
12547
7035
31345
22158
17840
2216
28207
2544
17103
7656
26300
2126
8877
30489
2558
9636
1935
31834
21309
3460
13667
21298
15441
6782
15592
14882
14462
12136
2817
29021
20856
14351
13432
13110
31679
3341
23983
6394
2880
21034
20752
4855
19901
11582
16559
16700
24943
15311
25819
2512
27555
12204
14214
26971
5933
24010
4934
3081
18423
490
11081
31939
18078
5979
3314
7321
29412
14455
7751
9550
16041
13846
4989
28321
24337
3285
16777
2949
14916
18881
24065
28447
22377
21539
9566
30326
12660
167
31379
1105
14821
32601
23573
14888
32714
24295
17675
24345
10418
9257
30492
27394
3334
30584
4395
19405
6876
25792
15581
27960
22013
8981
21413
26405
6506
6153
7498
23656
24110
4905
17202
11786
401
31269
453
6276
23266
5373
14848
2423
18425
3902
11347
22419
30772
32292
13886
2031
10184
8611
30985
15130
30828
22748
3024
26815
25656
23736
12858
11268
30033
15215
24610
9359
15585
12182
18166
12542
30230
19571
17504
31461
26048
3982
25007
21329
27998
23717
11797
28808
18001
29055
14528
19473
2308
6587
21269
27969
28551
3505
14867
21254
9938
1805
27843
6804
21087
29608
7992
5157
14179
17055
17258
14970
3818
20207
19228
10543
29530
26321
17675
32236
15117
9632
26579
17939
21324
17803
30820
3367
30835
8466
25412
29829
17578
4086
19095
22957
13716
5613
20954
26616
32449
27221
4378
10642
7837
4611
2064
7030
4998
4988
22981
5425
12186
595
17181
3538
8145
17947
25515
27944
17141
16494
26380
19714
4861
2879
31765
9569
18993
11227
9830
12360
29220
9804
32339
4873
5083
18312
2749
23134
5705
8005
13414
28627
13797
4187
12816
1400
27101
17553
9594
25922
15862
16605
2991
26823
26948
24477
30703
850
25558
10745
21147
21830
27405
24220
29759
10547
32522
24309
31769
32137
32563
13355
15941
7823
6364
324
94
14879
10290
27068
4483
29449
1648
26879
25767
11598
25036
26413
17233
9004
23118
10825
3451
23159
26439
14508
22701
14134
12460
29025
3905
17583
17139
21851
9038
9126
6123
344
10262
18641
20302
18940
26292
31303
29750
18509
19550
9120
9360
19077
24076
15029
8277
30441
23268
420
20197
2395
4059
15219
15274
27821
7016
16622
13768
27783
7719
28092
6881
10338
11331
11996
28353
6167
12602
10333
30776
26359
27544
4468
25357
408
21931
7034
22272
4447
29683
25949
16844
9168
28001
22246
16408
23455
26517
3039
20425
28996
4943
17531
12705
20890
3848
26883
20425
16765
31781
21985
12509
5592
9302
18239
27041
28936
11087
30907
8813
655
13255
28057
31344
11108
11157
9620
8670
28195
8758
24787
8791
23523
31671
19917
26153
31105
6544
10937
4683
14331
20572
29759
23070
21911
8730
23539
16857
16750
2761
21323
14034
10749
22871
3877
12750
14096
9866
3407
5547
27289
9959
22021
25596
8927
1252
23095
19792
1834
20036
12768
1849
19676
26007
12573
28661
19314
6742
26846
23808
30110
10412
16353
14536
53
12481
2513
22800
10211
14610
13881
5761
16495
31081
808
14582
18772
2366
11804
2425
25999
6198
30398
18968
27967
11581
870
14973
18076
8447
2380
9529
27550
12592
27369
32527
30855
664
15902
23779
9806
1475
14002
9709
26712
24613
4351
12179
12312
23965
29476
5674
19015
29684
1562
12297
16486
12936
3773
10077
25814
26609
8582
14694
26327
10908
18604
22173
17933
15367
12568
15310
1492
15164
2569
9999
24766
24446
8865
1821
11593
19756
28247
13482
26176
28781
7734
31852
9138
29407
29643
25977
14933
25120
8465
24251
15486
11299
421
6290
708
2684
5048
12111
16634
16258
11786
3232
12610
7842
27025
21978
18813
3261
23037
15558
1729
7401
13922
466
30093
10844
31559
1428
24327
19809
25552
29666
31573
2965
10427
27916
17590
8008
29758
23129
29886
15335
15181
18133
2121
9013
10578
25064
3255
30327
10608
5979
13270
25943
1554
21725
27995
29013
9781
16601
27884
22189
13408
23611
13516
14595
25969
20093
17316
2332
2439
11474
28271
6921
10804
9265
26247
2125
30035
23147
15267
1605
15677
8150
27525
7050
3308
9428
1012
24997
4124
25212
26176
14002
19817
27357
26604
6661
17489
780
14930
23777
19107
4453
10042
4560
32395
16720
5804
12411
9791
6428
24647
4837
22438
138
5274
11990
15715
6080
4794
26053
13026
10535
17278
25181
17201
7411
7466
6499
88
20962
27506
1485
11959
25297
14309
946
4611
12010
20971
28057
25743
18215
28292
7180
5902
12637
22580
5105
20948
9528
9436
18605
10693
4578
21450
19441
14385
29875
2166
2894
17156
19839
9164
8936
20725
10089
29265
22059
24861
11708
1352
9876
3637
16683
20099
7046
6039
13864
22252
12637
23446
10645
12965
27296
24100
31721
29978
5036
10551
14609
1901
11750
19019
5669
17304
32246
29122
14030
29106
24180
28804
31050
5370
6928
408
11314
17213
22138
15590
10666
8875
22561
25498
12250
22290
10464
7866
4806
17362
10384
23980
32707
10821
1131
6740
20915
23939
6818
27456
15290
17762
22279
4311
20682
6007
18396
26761
1310
7194
812
19900
27793
4756
16713
29075
17444
30834
10404
31080
27906
4959
2524
32271
29989
9274
6623
12896
1552
16013
1694
1037
2903
20353
161
12747
24023
14835
30129
26555
9634
30661
22399
1851
12385
14968
26060
10822
16975
11496
32450
7468
9412
24548
29166
1556
6763
23406
16597
25412
2347
24813
27964
16693
9573
24861
11517
23044
28521
14550
7243
7794
6325
22491
27014
14779
22228
5880
6194
7293
25984
14032
15774
6849
31594
1767
15150
27154
1582
13855
6019
19238
24808
18981
24096
17111
7327
25841
16967
26744
31240
18907
9002
20766
16190
27497
7161
14782
21625
7682
11349
15981
14873
11441
13499
11375
12143
19212
20521
29781
2009
31001
18235
7857
12889
7558
14817
24665
6165
32227
5935
30867
12358
17303
12191
11011
31290
8370
32057
17233
17780
12318
28634
30707
16906
4845
16966
6044
5554
4843
4038
28431
23446
18330
21641
7560
20170
13097
26057
9710
7104
6885
11899
19807
27246
29392
25544
26949
29613
13829
18162
23322
22003
1396
32276
9763
24122
12557
25482
15654
7244
18299
5900
16598
22605
16362
1837
19231
273
1800
28078
8776
6152
17853
5994
7150
1515
14711
9192
10757
4277
1809
15855
10640
15213
3005
20284
14612
19184
4644
3851
19586
313
3114
9206
621
18277
22056
21349
10485
10400
21865
23115
27564
29010
8883
5332
28419
19731
7512
637
28564
31256
5753
17500
3759
11110
5203
30960
19698
29373
17984
403
4365
24594
15547
6544
4915
22753
9190
27592
11789
6366
27853
24061
20064
19494
20293
15136
1046
21057
19845
3463
11121
9574
8980
17096
31305
27699
31400
2418
14333
25110
28791
27251
19704
749
8949
31311
15451
23903
17321
12750
10750
11635
20821
13778
2180
21665
1960
725
14385
15138
3713
21646
20686
20758
9322
23022
3176
16464
16070
15279
27318
18237
25039
8614
9508
25320
9452
26059
14059
7823
18271
19908
7161
15293
7939
17947
27654
24124
8641
19544
24364
9889
8492
31827
28228
23273
8434
26682
31780
21910
8750
19217
7620
7719
7559
9721
12796
31092
28276
5362
19992
15367
29499
19026
5708
14561
18304
14960
18616
19239
2507
5681
32194
23577
19326
3538
16640
23364
26837
6426
4752
10333
5184
15605
24323
9099
17700
19487
27749
16282
31507
10044
13964
14683
4620
22973
32669
19603
29718
974
9413
31480
9587
21148
24450
17169
30438
14054
7286
22203
31378
23355
25019
5683
26592
26658
18070
14003
32715
19407
4949
9772
31453
23700
10238
27073
18386
26478
8690
19681
9024
14458
29424
11419
16476
16970
24732
24341
32112
19345
30210
16973
2377
29517
29034
32504
17387
1193
26744
10743
19774
26198
1747
32718
27252
16318
3485
1878
24686
6716
12634
5379
18370
23079
7894
20663
27747
30736
22729
22208
7181
29838
23165
25881
13466
1878
21535
24434
25046
13427
17362
97
585
18091
22783
35
32157
18208
10714
8309
13935
5383
2586
24018
29116
6959
12980
12750
31385
5134
15793
5135
12768
6506
8850
20829
10966
2380
9798
13041
22763
3388
26207
12573
13538
13077
1180
14083
25521
20552
10781
22354
2387
30560
20647
6906
10832
1863
32202
31837
18140
23147
15691
13924
28995
18147
14488
3359
32333
19278
2564
21757
17135
22258
10765
5587
25755
13812
6966
13278
10512
28912
1462
17814
6866
1996
22
24450
19612
15981
24766
21155
16408
28157
8666
3860
30695
1966
29876
8344
24230
7561
31607
24382
30652
16012
14694
17733
8683
21221
11435
29530
13150
18166
19878
15288
27284
15496
21679
21706
19631
11510
4270
9457
28443
55
9636
20705
12925
25298
25204
27804
29765
25903
29742
23087
28080
17051
13912
19767
19107
29661
3950
7572
31336
23470
9916
10043
6502
4075
25471
12980
7730
17810
23406
29781
27134
25475
23587
20785
21478
16633
32660
23804
20870
32339
4477
14807
10212
7695
17607
6403
26022
20564
6300
32431
5474
15727
21267
17936
15791
25493
23857
25372
28315
12590
574
2999
8720
661
25451
24214
6791
23008
2042
12358
6415
29046
24925
4937
16459
20986
936
12801
21175
21674
9091
25420
6527
32544
6720
1794
26752
27574
19396
5073
31461
11969
17955
3592
22934
29028
21373
16312
28807
16246
5738
27959
29830
8476
889
246
32159
4180
5019
31958
30768
9154
9640
31181
456
9288
26971
5462
2485
398
6944
17808
30923
11042
11168
28466
19936
11759
1843
27381
29514
27044
19712
4523
5803
9355
7353
8789
26502
21144
32175
17387
32186
26904
17656
27564
16778
5843
21107
16068
22836
28113
19372
31167
29528
20537
8236
10965
10772
23403
2183
14359
12609
27678
14240
30261
15653
25261
8855
25944
6791
16631
10952
3857
11993
16996
8571
27222
6095
29266
2241
8016
15962
19857
11711
9792
22009
20714
28624
30563
29065
7363
15028
17932
2142
32234
10511
12903
10526
22357
12775
13851
22731
24353
20385
19242
5043
31624
20654
6614
20083
22957
8883
29307
4477
13457
1740
20113
20971
13894
781
12893
32126
29947
17055
14932
30121
23034
21665
20527
24780
7518
13768
278
6538
29963
10594
22814
5617
32303
18354
26086
11182
635
16255
5195
28674
32645
468
2104
26598
20055
8381
29595
26154
6763
31626
3205
32341
30852
10309
15450
18599
30611
21027
13952
5068
19060
13612
12086
5946
4307
15578
27196
14186
20414
21820
2480
11654
13198
21592
12653
29632
17962
26244
891
20461
2809
287
5007
16734
943
19587
5398
25033
20980
10320
15584
32518
26985
23110
27860
27390
7374
2447
31733
28065
3856
4627
23016
368
27247
23011
144
28518
25586
32416
25124
10338
10935
15363
12032
7561
2173
21852
21950
17521
5955
3467
39
18076
10562
20998
24603
13780
4172
9734
22369
14493
17897
16068
1422
5317
26330
10598
10381
24487
7939
20204
3245
14078
9837
20490
3871
1328
10002
7013
15130
5375
13403
1721
5849
11001
22039
30222
19658
19051
2424
17477
28934
32596
22018
22121
30695
20298
17883
2262
20449
11965
1088
17888
30986
23608
148
6506
26301
18068
27950
2131
3301
11664
31150
29055
15625
25071
30480
17015
28180
27333
32052
15135
16220
26228
4610
18554
4253
12507
8591
28896
29485
25157
10886
21524
28974
31875
14828
31924
10446
11987
13315
11678
16853
20791
28339
16462
14918
13848
20079
8237
22403
23883
3940
17227
9808
4955
25976
15208
18846
18010
18127
24850
31107
5057
15423
4907
20545
8417
5720
25317
23007
12327
2931
15587
456
15891
13565
19657
17097
3694
32347
12801
29245
20277
15845
28906
22378
3477
27989
2638
5533
31982
2829
7160
17981
7120
6821
19361
1905
13388
3200
31892
13426
26447
18528
4802
3030
2793
17734
28909
3019
16489
29657
12279
13501
4599
7432
10293
32463
8610
29543
18654
20052
17455
8636
19818
1317
32032
8621
10898
14992
23049
5420
3307
9675
18983
29804
26838
9772
23334
15222
27790
14529
28999
3509
4659
1799
31358
1712
20528
24941
9631
2756
15170
23477
12824
12885
2653
26845
3560
19135
5905
13686
7758
26705
26133
29517
9925
18923
25244
5806
5532
10570
32286
11861
15714
3248
12992
32549
24176
9290
30330
20707
24565
23140
14195
5806
5680
24821
13440
3713
25146
24068
9855
5706
6537
32178
31471
29954
21860
19163
1315
267
25309
21775
26583
31830
2154
14974
4087
30259
2344
26475
29665
14498
21927
18215
16932
18832
10586
30050
10145
31914
26757
3246
6538
8329
9018
16288
31187
26022
256
14998
10362
18100
21401
18993
29024
8180
7579
8344
10396
14404
3243
7640
17868
29119
29493
27499
22597
13837
5291
20257
32492
15991
7754
17364
19086
17603
6312
1042
15454
24798
27579
30050
6564
10105
12719
24040
25503
2847
12583
17414
5003
20043
14543
1874
24637
2718
13923
14199
30095
5219
32271
31790
24047
14215
9072
30112
6432
831
8712
13855
2514
27425
17582
4844
13191
27204
30398
19
9638
10321
3717
1958
30842
15320
27850
13483
13253
13400
6463
19108
23036
7950
17993
11394
21190
25431
2404
29349
8341
870
417
4786
25850
3739
31437
8122
18782
23946
17914
4147
2452
24011
27654
6398
1403
24248
16720
15978
2430
20905
8045
30729
17363
32406
23671
11191
4881
14661
28073
11842
22498
32134
27946
31007
3709
13578
21518
8716
28646
24265
12273
6307
10427
16562
22013
19760
29757
18570
13227
17901
23733
6190
23274
11660
32525
30427
465
31404
6947
21863
32514
21671
13339
28375
31309
14576
15515
13716
24126
29622
18783
7376
16934
8371
27978
22481
18825
9688
6501
28820
30336
25151
13500
27961
19736
29325
32697
8930
28048
15342
31548
13294
23756
21485
29500
26033
16013
32171
26675
31719
685
23755
30487
5932
25215
2548
14791
5176
32076
27489
5690
26572
22363
28330
30046
23988
22729
26110
28336
4237
2537
2439
2856
8692
18605
14278
11107
29468
27000
25262
652
22971
26600
16456
8313
12648
31988
32245
18919
30103
20867
10098
9100
997
3900
16194
27419
26989
20375
7925
30968
14602
23387
949
742
21766
18719
29997
14891
28925
20370
18671
30152
28649
24690
1008
7983
20957
22134
32200
7071
23601
5806
13393
5838
3570
25919
14199
29132
68
17846
5425
19675
16688
8240
19892
29724
19429
20074
22427
26847
2766
28810
7101
5843
25531
29742
23771
4718
26904
28084
11806
21562
12549
9808
5008
15900
13403
1591
14492
8847
832
4087
1563
9531
23488
256
1071
7605
28299
3719
15640
759
14921
16126
17591
27415
26791
18290
29695
13529
26646
31661
32740
23220
31033
12542
20414
27719
28113
21034
5414
23787
32345
23780
29821
23228
1565
16358
28335
16798
12116
12837
3603
21179
22032
6508
30978
22079
27472
24162
12589
28600
14857
4568
6334
14150
9861
15946
22104
13129
5080
22151
28120
1090
29450
23953
1389
7420
4492
24920
5271
29955
20606
11609
16250
7260
6412
15180
24319
18241
9611
24812
13069
13137
26913
31244
31643
13572
25352
2359
31964
13202
787
14924
2202
10109
20759
2959
13989
5065
28540
23581
23797
3467
11558
17323
93
31790
18767
2836
20412
31141
18481
10596
19837
12250
20072
3307
20286
32608
24623
748
32485
1203
13341
12402
2110
5095
23304
21931
24547
12678
19001
7424
30748
1097
29822
24389
16810
19910
995
15239
2758
15942
1870
26798
17942
13503
30822
27366
19295
26770
19231
32674
16787
31195
26369
22534
9189
25030
28634
12041
27067
10301
24165
13089
31195
23833
25103
5436
13812
16178
10815
17502
16273
26406
13472
15504
5145
1784
29313
928
12988
30104
1800
5726
23178
29886
15886
21240
30886
25237
13252
19283
393
16801
28123
6538
10938
25022
1350
21284
25445
31392
9747
14217
30746
23914
27888
15470
5098
5810
6444
14723
20671
30739
17233
6132
16540
28201
26323
26345
18839
464
3221
16173
30218
11649
9892
30631
246
18562
29314
31804
27004
9842
23741
20532
7691
18649
19428
21308
25946
2543
25290
20479
2749
17876
29444
9709
29137
22210
376
1890
27535
23649
4752
6464
30316
12285
5921
23685
22104
20598
22587
30249
31174
5387
28169
25952
24799
29480
15082
14052
4695
3569
6586
18129
8662
32040
31380
29101
21713
25561
25506
21170
3585
26177
15855
5902
11972
29260
17762
7935
17255
17115
15031
7099
25045
4381
16083
23140
13202
25222
22394
24072
18622
26515
15
25999
5708
9930
16898
21234
9336
24637
16386
11119
8352
12933
16210
26693
20351
18597
5378
26802
28706
4420
6631
16574
23731
4593
17936
22548
15631
15435
20024
16013
18578
23320
2322
3382
20253
7282
15140
4005
8674
5531
15377
8162
8433
22649
3923
15031
29530
2340
22737
17055
22777
32377
20398
5907
2696
5137
3992
30544
12584
20307
12704
1871
1126
22740
16465
4793
28357
24824
17340
27685
20383
12785
727
29569
16836
23697
14069
14300
9107
23345
22696
1959
15972
9928
18128
11786
3569
14494
26285
15156
14736
19529
30711
23007
23523
27830
6075
11705
9509
2692
17271
27178
27359
19037
13099
2425
8831
22500
3332
7422
4665
73
19738
30495
19908
30668
19691
26833
32620
742
15967
8197
31912
25503
30851
17848
17593
15396
15234
5064
23671
14150
23455
29777
24216
5670
27458
14295
4778
19026
12750
30346
27768
11782
29529
28665
28555
10906
9236
29297
4972
22509
29832
32134
7648
10291
26574
20931
11051
30707
1394
28272
31884
12909
24559
27751
22425
12335
25863
1397
9136
19389
21948
5162
29320
12841
1478
26791
10830
15766
32476
18909
14463
20067
20913
12172
15073
14316
24147
5899
21198
21277
9884
192
30314
11259
22268
16839
7580
14597
9420
28524
1401
8399
13986
4802
160
13738
26200
31238
21565
25208
29484
12249
28306
24385
16721
23842
30285
1773
22436
3246
28679
27592
16749
31822
4709
31788
10257
15456
7503
24482
24901
10853
31502
15197
13790
6641
2531
12065
18102
30128
25482
31125
20958
25464
12028
11554
23001
12330
2802
20240
1649
4771
24976
1160
17299
25008
11553
32724
16069
3196
23117
26859
23422
21028
28847
21649
10232
29911
12975
8569
26355
32514
28826
4628
13880
16332
18001
10494
13955
19445
31110
2398
7900
22130
18930
25547
31259
2039
16634
8241
6103
9018
21119
27519
923
30051
2328
27749
31708
14538
9752
6707
17678
11487
20372
31527
23403
19628
31133
5622
17414
1454
11017
15625
21345
18841
20030
2457
3044
28457
11889
10747
27087
4355
22083
2827
18114
1687
8243
19004
16905
15525
16246
29632
8376
24893
4102
2768
14995
32640
8661
9593
8853
13048
25664
6575
14603
8661
30782
28300
1123
4744
25314
18303
15793
22744
13460
26554
20986
26890
14241
31012
3782
4179
1099
19853
30162
30645
31796
10005
1161
28773
21647
4349
12901
1121
316
208
5524
8747
15255
10578
21372
24197
21300
13297
28634
27072
5786
13502
8761
9444
11778
20065
3289
4191
2714
17845
7579
16375
3226
23322
30634
291
23477
22730
20881
1688
17750
15420
2629
24086
17784
13101
1309
2452
21197
15880
24947
17278
8280
15716
5584
18866
2628
29652
20985
8918
10622
12568
6476
19937
9995
25660
15002
24884
24349
2797
6651
12605
11744
7211
2744
23594
21346
17078
20698
18813
32656
20278
11554
21517
1154
15752
25338
4278
24250
18527
17861
6303
25592
19907
22122
5190
25735
2193
17698
5559
10701
12638
31164
17418
26443
11550
9411
18897
2590
20492
7506
29099
6256
25743
19471
2430
730
16863
6072
17547
24677
24347
13736
28904
11410
10541
25499
6955
16230
25463
21017
24428
1168
30108
13779
8923
13765
20927
19058
19910
26459
15335
2174
28130
28922
353
27150
27412
1208
317
22518
11234
10853
12247
10024
84
28438
7706
16820
670
28485
16141
22621
32126
18333
7242
11920
12844
15447
30607
28921
27494
11557
20628
1906
26217
13118
19551
12972
21510
8063
3188
10043
22534
21492
27843
23748
7129
14869
27485
5683
27846
29422
16207
11857
24732
22074
25988
10591
13045
12242
77
15708
4800
17529
22143
22341
8547
27548
16915
3632
19714
23882
9297
5073
29985
29310
6824
25681
120
1830
20391
23350
1238
28353
27696
4633
9381
7218
18320
30063
31533
15841
23203
21777
7648
709
18942
451
24436
16398
7386
16686
14537
26258
3345
25482
15381
27938
6341
8486
30805
6638
3822
31038
31016
21664
28844
13996
14193
25005
28995
24655
8818
11617
19661
15735
1689
5322
27882
26828
3385
31804
14332
1156
23927
30565
6567
19925
30713
21015
4039
18222
13810
20918
14853
26777
5492
21649
18838
10417
487
15420
20177
16979
18764
6662
13929
5952
19745
8070
17416
12086
31179
29968
6589
29438
29772
32255
498
8583
1316
517
6567
5698
29699
22990
31923
2093
25479
6179
23695
9427
17920
2572
20271
28073
5591
27728
15485
29611
29802
901
29105
7978
22690
26098
21633
6401
30523
22152
5559
20068
18231
30439
13532
8636
10531
5079
18879
17060
27508
30060
32138
13774
16599
19227
27278
7628
27317
10186
515
24795
16630
23848
26649
20125
17325
21663
13909
2840
25476
30287
11656
14158
13780
16732
528
7437
22832
14085
5240
12208
28312
28472
29394
15319
14231
12092
30099
2423
10315
29721
13831
29381
18768
16182
16384
31608
5388
26642
28045
24129
25519
8589
21569
18026
22340
10966
31280
16816
13121
16810
24504
8040
6562
18655
13107
1437
4285
1417
24532
18182
27676
10804
28244
20041
5801
15361
4107
32611
31596
31152
5381
28368
26814
24515
10449
26472
5188
18712
11246
18006
5286
19107
2932
15136
16175
15031
10168
27117
13645
23273
29325
19068
5377
6631
18762
1562
5632
29466
4589
23728
9640
13499
25027
3075
18775
13659
3672
19068
21511
21153
31267
24608
23062
22074
30829
28212
29850
1174
18632
9693
1273
2945
22972
11363
2767
13761
14851
18772
3245
37
11265
20961
9190
12061
697
6640
17311
7446
18039
30760
4381
32622
924
8623
14206
32028
9130
1407
31243
2425
18762
16177
10939
22416
6613
27806
30112
27389
20759
4134
29970
11193
2526
30019
31558
6168
2572
9558
920
6900
18478
21724
5879
14735
10866
30630
25603
14905
19404
672
31707
28588
32306
6909
32419
19531
5748
5215
32035
24685
20802
14289
4478
5651
12741
11929
30997
29635
11776
19382
21356
32121
30570
21732
10212
25448
9231
9225
1387
4038
25024
17585
12620
17185
8971
14783
31923
19772
16267
29804
6551
25878
10678
4451
30591
15611
7161
408
13244
17352
17558
23097
23006
9761
12203
32115
32154
12506
1522
3374
28817
3631
22282
22300
31630
18033
21678
30743
6218
9164
30308
16725
20574
10859
6394
30873
23203
4982
19085
16363
8966
322
28513
11056
14041
1624
18862
4861
10526
29753
23992
27039
170
5567
7513
19176
1817
7917
9271
20064
19885
8923
19302
1992
16015
18883
19910
29899
21163
10044
24079
32569
817
31461
3079
7404
3943
16561
20250
8835
6286
8133
6418
28266
16913
9213
32045
22539
699
30838
5132
9600
10235
3169
25174
11182
8448
23819
32543
24080
13565
17153
21452
136
16080
26597
21296
21160
464
22331
22670
31138
3896
19784
13136
29538
9157
24531
19440
5851
334
10781
1489
19477
21804
9747
18502
2503
6694
18841
1190
29199
3034
13202
18051
12220
2447
16994
27110
27959
18230
28958
18100
30874
28830
753
1190
18140
10555
31110
18035
15807
32295
24050
29097
5903
19294
16871
1199
12847
64
1788
22078
29166
10943
16236
11496
18305
30022
16152
29218
21002
10403
6533
19498
11646
10690
5512
6552
17286
10066
13205
15881
7349
30531
25401
26461
15597
2662
5985
28612
18769
29108
25968
7538
17292
28232
4741
7861
6303
31119
14454
32000
31391
18693
18838
32472
23030
2061
18711
4752
2199
6841
2115
18550
25538
3253
24023
15323
3135
20097
2123
2804
28141
17726
25473
2284
15787
11861
15824
19770
9945
11143
12968
22657
26269
677
9800
2148
16970
29471
6203
32150
4099
20196
1713
21665
25963
28027
29819
13774
24778
12131
26677
26544
7091
9775
24752
2284
27652
7297
23637
4394
11676
31456
1794
2404
17176
16287
7900
15179
17896
3645
6260
8392
8588
378
15154
28009
12235
19734
946
5723
9121
9810
879
13543
23371
17229
28827
15675
12478
13725
32526
12259
11708
16882
23401
5785
20149
15735
25322
23719
12984
8729
24655
18690
3468
4789
24449
11829
15935
8545
27328
23412
26370
7692
28572
29635
4966
13654
16596
12486
11317
5493
19193
22335
10301
22194
21385
30111
16149
17296
22133
874
6272
6272
10670
3500
26244
8793
5188
30171
14026
30705
23671
7891
5731
2492
22350
7941
32418
9697
13420
2041
3554
16670
1930
7124
16957
6654
25711
3734
8094
20759
16528
19336
27350
25508
17460
32116
31600
21228
17351
30596
27802
18459
9824
17365
30218
18473
889
5811
31777
13631
28733
11260
5352
29876
18389
32645
24564
32357
2860
856
3957
6989
28936
17929
30471
3972
29111
2197
4291
4716
18740
4928
23461
13678
5818
10704
12257
22542
7215
28163
7940
2319
14241
589
19045
9591
31575
11027
9201
29214
5625
10666
14817
5622
24559
3651
29523
14438
4285
2953
19814
31248
25151
21396
2270
24606
28477
725
13880
14831
2550
13546
17936
25296
7639
6939
2660
20754
18245
26069
30544
29807
19455
8130
10575
30028
20599
22079
6961
19841
3035
29476
29300
5961
13139
17549
29396
27830
20556
1993
12808
7912
29922
725
5224
16937
26170
22065
29745
22157
15324
4683
21252
26975
23095
19475
24913
13933
19375
25706
17935
15198
31409
32365
13614
8586
5965
31673
24030
25022
20253
2951
29122
6647
4149
25187
13851
29653
8730
19142
7124
30103
12117
20836
2190
3122
22104
27949
22710
762
16933
7115
2957
7191
3124
28681
17125
8729
2781
26007
28261
11113
14104
15071
24037
32157
15930
11196
27601
32165
12418
12403
4023
16218
2238
32181
204
32481
32463
19183
30786
9248
13807
22867
6283
17911
3803
30706
20801
21373
1530
6058
647
16944
8089
2362
13584
2033
6092
25529
20024
21281
27577
29544
28019
5664
15586
1389
19247
21855
15976
4399
712
14883
27572
12843
5713
5619
31823
15371
24999
722
14547
1086
23167
27533
9631
20341
18086
27040
26145
25353
17524
9336
14744
30948
32202
26123
2166
24335
28301
4192
28875
21649
12372
1677
15128
24107
15586
4889
5740
1877
10625
16145
6545
4689
11250
28457
1931
3099
8577
18996
13670
22104
21196
29517
25121
27867
27429
23157
13256
737
4628
16211
9861
14629
17897
3350
9987
7897
12447
2258
21598
29759
12289
30767
25619
27059
6411
2340
10195
14815
12789
10557
30267
20907
10257
14074
29655
20529
24392
26793
6374
21876
26850
30296
20050
360
27264
15862
2893
742
14211
29669
28683
32383
16477
19777
31423
2238
4871
27270
29894
2781
21136
31187
32407
11896
20117
12100
18704
7133
23683
20967
26454
7206
1619
16575
1446
32564
6000
29204
29198
15342
10216
156
15575
14103
32229
29217
12523
15733
26294
12707
17607
32102
15949
28424
30107
19222
27014
6648
18238
11002
1863
2987
7123
31044
14270
2342
28023
165
25934
21112
9155
9543
546
10971
9009
19910
12621
21729
16941
17507
30646
2712
26513
10764
21634
12398
30164
18878
20513
30757
24169
11285
14082
962
20628
25870
29071
6509
16359
27415
28587
32412
15424
15478
2310
3759
13382
15940
29331
9139
17101
3612
588
7554
19383
8269
8036
16237
7125
18839
6777
27114
16742
615
29886
11963
12465
28640
7357
13433
4444
20538
23873
6186
18585
21456
13354
31324
31104
18252
6436
24053
32155
318
15823
11405
11009
27743
32542
20998
21529
7297
23399
20823
15608
16585
13092
23726
16247
15099
22917
9770
22141
4386
30496
120
6138
4194
25975
2633
3594
12072
25774
10873
7407
15177
7660
16422
7902
13764
27811
16510
26864
23193
784
17197
19355
4864
17108
25556
29910
9317
7380
28529
14266
4132
21346
5245
17281
22165
1350
15306
20897
13403
29877
28470
27354
17741
31461
11233
29953
23636
12354
1759
23958
11613
12040
31718
14711
21835
26387
3411
20841
3370
23273
3732
21723
25057
29806
22827
17253
27279
26054
5174
29544
23683
15433
24872
6803
30337
11074
22080
12358
15024
7294
15123
22793
2970
31509
23613
22074
21717
8585
30368
3102
23946
8821
10680
16319
7849
19423
26088
17335
19634
7075
13785
5086
1075
30048
27883
10120
22959
16783
13958
7069
13855
26212
24481
12443
31775
16980
14490
27787
1666
23890
4729
4393
21895
4792
14049
18866
28584
2211
30418
23668
14747
13837
22139
12695
11509
13839
2423
10587
2602
14636
14422
6346
18384
14304
21627
959
30055
17328
31884
23686
29080
25435
15824
27855
9180
27614
29197
7579
9787
32387
7610
3581
25788
28427
29560
20656
5078
6649
12782
670
14093
8020
7666
7783
16316
3895
27710
16716
10058
1766
5144
18571
9974
10429
8309
9389
12027
24296
27239
10624
25976
7693
11277
30998
18409
24998
30914
28782
10202
10435
6256
7611
4896
145
3384
15123
25952
3198
1663
14665
25383
11024
14313
19584
226
31435
59
22117
13194
27439
7398
21826
27813
20398
7729
22282
3464
13566
586
10254
13829
5342
31274
15359
23091
30095
13547
14501
13690
27478
25662
17925
12694
12690
16595
31021
21665
9902
10576
3919
3635
11112
19083
25674
6307
3623
30332
1536
2346
9797
25641
6455
13747
23071
25842
17954
22803
15423
18238
26607
7590
4395
25124
7894
1688
22202
7170
22142
21187
26999
3232
6405
14876
5126
30757
32469
1422
12024
15466
30198
23822
13513
17252
21005
18719
18652
7974
26090
7613
5821
8975
23601
11123
13854
8988
18047
9172
20784
15755
5244
5480
20197
21087
24609
12704
10125
425
6152
22669
2262
26784
31508
7835
5251
14739
15395
12555
9061
1368
27944
19052
25407
22631
1037
10543
12659
29955
29631
20307
3360
3021
23375
20251
6589
27002
18140
3233
17778
20485
32243
20961
12963
3695
31128
13665
25489
5910
9647
24556
9988
3142
29549
18151
9086
32726
23062
5197
30185
22045
32011
13167
21968
23864
4634
32035
13344
32023
31717
11635
19217
24548
2588
30268
27224
12006
12788
17342
22692
9378
6421
23866
14313
7170
22899
11551
3247
3211
27063
18453
10632
29657
2885
11429
5040
26751
29412
7946
14998
27953
29477
17958
9236
13308
15058
17709
452
18937
19294
17010
21057
19481
28948
32605
19273
20497
8825
15866
7161
30850
13986
12495
7160
30668
31790
7214
19900
879
18179
31021
4908
16137
26744
28800
31771
18616
24429
21826
20258
15986
79
22214
12469
28329
1942
12247
16840
19638
4079
25019
12420
9509
27076
20940
4504
24091
28349
9996
30183
19524
737
27991
2428
32479
18287
2999
30569
27177
3373
8958
3311
4842
5485
21851
18766
30649
3319
269
1767
11000
12110
22676
10685
14255
4445
17988
4671
24011
12641
29918
28766
5458
17314
9097
25626
9017
3652
28685
17906
20050
10261
19283
9115
5086
32073
4096
17534
28733
16320
32433
1971
4005
32044
19259
27299
10266
25923
24235
2769
25322
10068
10215
30609
11831
18916
11210
29113
6786
31839
16107
27906
13159
15319
3332
1948
5090
16358
17979
4332
6576
1963
6432
13121
14614
6276
11576
17365
24257
10854
16065
22278
8317
23355
18311
9636
21411
22080
15038
32368
24487
25916
19564
5813
13077
25281
29175
16133
21906
26329
27770
5184
20810
31104
12162
25217
24315
8340
24052
6735
6534
2527
11480
31022
26417
27487
11830
17046
602
23524
11920
27415
28830
22253
18636
17695
10856
30268
20980
10392
4487
13852
25872
11117
27890
5963
27155
4775
21471
17600
27487
28110
2934
27802
20034
15883
15739
30951
7442
10427
29388
6403
11857
16227
27835
13156
28825
15833
20820
31144
12378
23796
11721
30000
352
17327
20637
27651
4752
16849
9576
24309
19204
25095
31648
23906
17947
1241
30641
18815
18251
9124
9545
17928
11787
29446
28244
4722
19676
2802
20375
18976
11131
19783
16732
25928
1836
14648
6614
18665
32559
6966
11039
22677
28443
17778
5962
15158
17934
21641
30183
16091
7407
26447
8715
12039
22168
13922
6750
11632
12225
7986
11652
25078
13903
16252
9870
16446
28182
2251
24507
10593
29246
21536
20460
26042
18499
19074
11738
10292
25466
24263
18057
21488
14344
30009
844
13160
6286
18177
28897
15512
1720
3821
22333
11808
21952
5407
12406
28515
10536
24148
18859
10711
28616
4477
4456
18537
21448
29244
7000
14823
31040
24501
32657
5898
27398
2828
15152
30708
10698
8508
24938
30449
25407
10595
28622
3608
18824
6422
24352
24001
5984
4060
4823
15693
22351
16937
18325
29429
16135
14110
1871
19849
18502
18568
18263
31074
21031
17014
24196
5979
28386
3609
3866
627
516
30933
30982
8847
4070
21427
7315
11941
31890
32611
3591
28582
18694
8140
22581
13192
25987
16140
13961
15223
29354
8548
15587
6878
26942
29603
22404
23325
17691
18220
4457
4932
15906
2649
32650
2099
30154
30742
29144
5742
10678
26418
19117
19801
20707
31455
29865
565
29101
5954
8185
16881
20017
32423
10353
26580
26784
29091
4476
8188
5065
22830
30896
24353
14874
21054
19571
24839
32721
10575
23909
24545
17267
23083
5137
4379
3291
1731
32267
10752
23773
9024
16008
31667
6805
14749
30467
864
30523
15534
12809
3738
2022
13622
15843
4177
2856
6557
5074
27793
4252
30133
21367
11051
17364
17449
29264
387
10446
26843
13174
18456
12561
18583
4595
4710
8101
27226
16375
29615
29272
8379
18680
6393
26978
3327
1090
14075
12886
19340
25429
21194
9389
28633
25102
12223
15556
27609
20221
13121
26245
12211
8307
32283
11608
13379
30138
27776
15625
21851
28636
25963
9557
18396
2764
387
20619
9705
5962
25333
12489
2068
29269
11055
16085
14932
20061
29500
1346
9020
15490
8942
13433
28194
25874
11628
29376
20652
5065
13954
533
3666
18853
5276
21241
21584
12925
4503
1162
298
31814
9257
1384
19637
23962
1866
14258
15679
3806
13894
20760
10241
30085
4360
20336
13213
6215
21601
25151
9802
19592
4631
23148
32498
8075
25399
24171
6629
21246
17642
3468
15454
13948
26836
18220
29338
30220
11110
10200
7927
4264
14185
4721
3847
13218
8608
13529
11589
279
21129
24620
6762
26594
6829
341
25796
32491
1867
25387
22133
26337
17115
21241
29525
16459
952
7699
21373
11383
1402
1973
9420
8840
5625
24250
25776
18281
29742
16340
13807
19339
4112
30950
8518
4083
16508
27856
9649
15395
17293
2941
14242
29667
9256
31843
63
18398
19725
16561
28486
11737
9477
29388
24450
6677
31264
20318
7151
24742
11321
1314
6298
15442
2839
21274
5286
5343
30147
28301
21866
11676
28925
3233
32011
6833
4241
18697
4375
22044
5804
26305
32752
12023
18745
749
22246
14242
17127
13191
14260
14084
14108
28091
25008
8837
8191
19575
18520
7491
27660
6736
30696
2854
32284
22864
27447
21709
12891
17481
28663
26833
8397
26733
22247
14553
6403
8292
11891
18424
26582
9758
3087
19379
12733
2937
10959
6167
18177
6116
24392
18877
5527
28117
17554
26580
24313
3239
2767
1347
15828
12864
26997
26103
30088
14685
11978
28109
4128
15848
1680
14049
10582
4026
31512
27252
15190
10298
16204
7523
3552
243
11876
15775
30731
16819
17798
25610
30780
22110
2722
22962
5052
6202
27276
27025
27601
4342
26032
6735
8165
3371
3603
1836
24197
19822
30722
2423
1886
8760
19374
2952
11123
24725
23487
7244
21257
27007
27231
13068
10469
20498
26379
5778
21403
22234
9352
14386
26709
8687
832
5432
27040
21457
20489
28578
18247
3740
13341
18711
22199
24768
4902
23951
21493
26261
6375
14696
22992
25585
32489
4127
9435
4721
20131
2069
6100
9194
5066
979
15919
4122
104
6786
30147
26689
5676
11412
31308
22397
23359
6587
23472
27086
24580
1527
355
29079
4921
16820
8741
11590
13782
3536
14778
15480
22252
15522
17082
27824
4541
14153
17053
12494
31883
24528
3311
14643
31602
27427
25234
11027
22172
2071
26387
692
9277
32181
7213
27726
13199
10456
31003
19361
6067
4129
26770
12376
22648
21173
31292
2112
22135
17998
5853
18053
22954
8724
16665
6865
16066
8839
7354
17252
1757
13204
6075
20887
4404
25275
782
3577
21956
22460
30450
8180
16063
21968
24677
9161
26111
536
4933
14706
25758
14883
22599
8789
31483
29573
11003
7960
3882
21420
29251
31207
23410
25064
5578
22908
3009
3607
23368
2171
15556
551
28127
26708
8735
7692
10052
8586
26653
18581
21607
13436
2059
7852
29409
30582
29181
7184
17695
32264
3348
3364
20055
16854
31118
15125
3906
7947
23415
8679
19635
16263
7022
30515
11037
19738
24944
1252
21343
28338
17784
24272
23954
1230
22473
32674
11134
9057
264
8340
10768
30660
21975
4357
10474
23666
27043
16378
24405
29823
8225
7090
11154
22733
22876
32229
1087
27370
25945
8761
16607
11936
20957
17909
12981
20366
18839
32478
6039
13456
23771
5691
12603
5020
6218
8890
3531
8122
28724
24944
24628
13478
3068
13904
29380
17355
16468
27969
26658
944
15734
4021
10343
791
23130
15499
31599
3349
14753
17180
20976
103
6580
13987
13673
26747
20881
14463
5251
14879
4161
28547
22333
30531
18614
5746
165
1899
20311
4743
22263
17193
9275
31735
24234
26566
20165
15700
32502
29885
8930
23743
12419
23335
10793
23315
19234
9940
10943
24040
21603
12066
14512
11086
8868
23591
1940
15881
31741
19736
27059
18867
15268
29698
17547
17870
1398
4403
25488
3688
4746
13011
26852
31601
23937
17833
31205
14272
24903
32499
6588
15659
15668
1585
6981
21532
19008
4127
18330
13134
1278
29736
26523
26614
794
14387
28766
17264
32692
20967
10419
24142
17391
102
29002
10768
31113
18608
2074
7834
28850
15992
15155
14303
20871
18792
3142
27535
15045
8546
27102
9542
26943
14969
19240
28510
30713
919
22906
23804
24227
13806
4889
27582
29122
17290
6833
26321
11901
30384
25448
23074
23142
2521
27371
22092
15327
29892
13336
18328
26247
26891
29923
23539
22977
16482
23670
8365
17954
10914
2218
242
24902
30821
22877
2158
22489
10864
18617
26997
30062
18178
22744
6699
29746
18356
27129
18315
21001
22074
19929
2831
5963
25900
13427
23227
17671
12354
21855
27156
29440
7760
4341
13584
30567
5740
32506
15988
23239
18634
18601
9116
19578
27673
18571
10257
5801
7752
23852
16695
31041
5911
17569
14339
1858
884
22148
12844
2071
10880
7127
30579
12210
748
9877
507
20768
9296
31286
3101
17308
4151
16167
14573
17600
10974
26416
211
10087
31288
6280
3086
30847
13241
6910
27447
7960
2897
9408
8378
7625
2447
25294
11853
32463
3854
8125
12032
7089
4902
23521
15908
19533
5250
11026
8991
17518
807
4057
30480
12397
13700
9840
27442
6007
2136
32418
12552
25711
25577
9133
15013
16106
32408
21326
27481
6435
19433
10803
4003
15432
20569
1066
29862
5348
26088
23539
4671
12652
241
12127
2184
7133
8675
141
12324
19404
31725
31507
21385
16841
15272
6594
8967
18595
479
25750
30910
30748
10356
22731
18157
18945
24225
8053
25632
24868
24539
20386
26618
28083
7732
31515
11434
27371
23239
17187
30471
18971
21931
17879
14833
5793
10711
31277
23255
29497
30789
1217
16050
27666
23443
6107
29488
1440
21337
24380
2879
3215
18639
25359
19079
14632
21146
8787
3529
2880
12381
7760
21031
11947
18798
31772
29589
13351
16522
11186
21286
686
22710
11545
25889
22829
12186
8118
4315
29477
6101
989
13276
23628
3987
3826
24220
25390
15230
12143
1355
6095
10756
5388
31209
8267
26390
15464
5266
3176
4577
20016
19116
23747
16715
18304
23594
3570
30403
6387
20450
8582
17456
17149
6801
27144
31406
7814
28369
1652
8256
4398
10090
25206
28912
6576
1861
28922
22484
23219
23299
19996
29077
21706
15029
32167
12895
20660
13475
17779
31997
19258
27487
20960
13476
31075
12650
30545
29858
20443
7852
29881
22656
24474
25189
5162
15441
31458
22111
6286
16318
16217
5843
15936
6196
3
31571
25698
9080
29507
29574
15778
31286
24382
19640
7851
10361
1838
7506
19174
32462
2270
17022
13665
17173
16118
27528
14686
18863
20459
8794
20566
17943
3632
21138
3519
18248
11830
13559
13628
28457
6665
23244
19348
11308
21708
32305
21349
24636
13121
19234
15599
21744
21788
12685
30094
31760
14706
21927
26733
26851
21235
9329
2422
18161
21732
25192
15755
3564
8113
14781
6995
14412
17169
18128
4647
25245
26754
6358
16061
22837
12396
4991
32118
22186
31164
14627
25829
9850
25633
26503
214
23238
16900
4088
3009
30290
10191
11992
9743
22931
23252
10238
26966
21028
7297
20945
23738
1314
7929
28195
19826
16959
26374
22769
12719
24873
9689
7334
23964
12273
22086
14192
15319
8725
7860
10626
2148
26653
31951
8171
12136
31044
3026
4097
23055
1962
14557
16857
11553
17065
29003
29477
16657
19887
11188
14218
13282
24443
8464
14723
27745
13681
21855
28204
4923
24051
32083
23256
12238
27424
16035
32019
18183
29024
8998
25441
18387
16939
2870
28183
2550
32021
8887
16072
23060
24641
13536
12895
15138
24112
31574
13463
18065
24495
17530
14076
10151
31965
14760
547
31815
32463
4266
4484
31185
18058
21076
22380
1209
23951
10254
19461
26890
23367
6998
28609
15300
3083
3186
30370
24609
6249
31383
9443
21316
11652
5669
7960
17092
8206
26962
14765
14658
13218
10022
12419
14405
28048
23868
9415
25297
32511
21006
18934
19336
15192
29669
13041
9478
5018
21641
20325
30860
6515
13292
31091
25808
21940
14835
9897
13342
7774
29582
24002
5070
10862
20456
18164
30233
28607
12717
25328
20059
194
27624
32676
127
8822
19198
19809
370
27816
6020
4501
20037
28278
13015
11670
13736
11554
17995
32378
26277
22817
2043
7870
22451
16462
2148
21347
15700
20516
6167
15813
29212
21282
31083
18438
21189
31079
31091
13854
441
23371
15841
10884
266
21329
11408
23951
27855
15919
6982
10775
19478
16257
29704
8228
9016
12441
969
11706
644
12048
11187
23368
7631
3243
12490
32404
3196
1017
18317
16577
32338
20580
783
20160
28839
16744
31983
15464
28693
7403
13584
3208
1772
28735
670
13865
3905
22459
27601
8635
4683
7387
9005
8831
12053
20328
26906
31223
16891
23144
5773
20055
13933
435
10589
11766
15438
17918
22964
8933
26040
16174
19803
18977
1440
22562
578
6565
2744
23310
3480
9503
24841
9455
24481
6384
18825
22561
11875
667
7192
13717
6877
17442
24345
27348
23357
12937
6755
32563
30640
11760
26514
14211
14455
5296
6420
1906
23263
8119
25599
17091
27611
24361
6677
25275
27182
5768
12922
32050
14280
12571
8718
10089
19396
22747
4552
1475
9860
8809
3738
18248
15670
17011
15337
3185
30729
13492
807
4653
1728
10003
29507
16625
16046
23631
8145
16111
17748
749
32313
9781
22355
30243
9727
21666
17525
5031
29587
18551
22223
15881
29518
24081
2025
21045
4537
27136
29531
13920
6952
26024
8272
27573
19271
31265
31467
4347
17364
3211
8044
5291
2664
15943
7505
10630
18339
20427
19718
2968
24383
21890
54
913
2337
30010
8470
682
6225
8174
27890
8766
12045
10629
17219
1393
24642
32122
24918
31976
24952
16656
11698
31992
30861
11104
15490
11804
20302
8072
25471
29439
2494
20294
30229
29643
23707
26418
25035
20636
7860
6145
9717
16904
8431
24807
27154
18595
11009
7852
31516
20978
32132
1886
10476
21953
12160
15286
27668
12644
13726
26883
31204
8030
3120
29915
13653
19565
26952
29736
30857
23436
28555
9009
17684
29593
24108
12245
20457
4776
21986
26906
10218
4444
14689
14408
28972
30801
22749
30253
18697
11593
7856
19051
13073
17041
31855
1194
3543
807
7225
30930
13660
17653
2840
20387
9808
32767
9432
13208
11724
10473
7811
343
25837
24681
28762
6284
14934
11294
11280
26758
27308
30323
20870
25333
17542
23044
3462
5918
10374
22358
14167
5946
26309
15339
19745
22063
21572
8514
21555
32045
22446
28947
26231
11028
24646
13551
19177
499
28294
6247
10457
5790
942
5185
29503
3694
20709
8858
3344
8689
12927
27980
5757
32613
13063
30958
28798
12476
15424
17784
27648
12893
32634
9666
15855
10543
32234
7123
31574
18113
17278
1058
29062
857
5251
18517
23986
2407
25019
22055
10285
2419
31503
16270
29681
9837
10365
19910
3932
31241
7108
14957
13796
4657
28462
17888
9030
1315
28774
4061
5319
27888
18006
20111
7156
18477
30479
10031
13939
3759
2505
14787
5402
16137
5527
4039
19235
1484
26468
7665
18557
22252
7297
31101
17410
12306
9719
20124
2283
20149
22547
10056
7357
19843
9877
6067
32517
9075
1420
18009
32224
23206
23523
23575
15322
6671
15783
28051
6413
492
16583
21337
16300
2599
340
10243
25929
21229
10767
22871
21144
20553
12545
26184
21529
3237
26762
12844
25273
6501
32479
12869
29038
15122
18236
32665
21017
2727
7877
26780
27660
30171
24449
20099
11997
27247
25711
7089
1266
28081
16521
18683
13903
8927
8047
7248
3840
21151
222
1680
2590
14095
31399
14173
17352
25665
4288
31881
16418
9036
32005
25299
28373
499
24723
3556
3983
5068
15138
6862
26417
21549
28135
27140
1478
9721
12532
28628
16320
18136
4628
32472
16510
3574
2316
23543
9402
30580
1071
13371
26815
9297
5163
24470
13007
28269
14415
23787
25740
11312
23527
17099
31713
18742
21838
25572
10423
27255
8523
24220
2699
30193
31607
26308
18891
30003
32188
2236
32604
6806
13907
5560
23517
17481
916
22764
11057
11847
25457
16343
8473
5405
26680
20584
10035
16361
14079
13749
15254
1545
22066
3934
19717
12332
6719
13341
7084
13900
26117
9315
13040
31759
27480
21487
11352
31335
28218
18383
4162
6528
13262
7658
1911
16018
12509
17262
2579
7999
21865
2629
21534
8354
16358
6935
20386
19483
22728
12871
27919
10595
6409
720
14634
28520
15436
32531
19410
29758
28873
16507
19268
9970
19113
26667
18305
1593
7719
19176
2344
21020
6811
7874
31649
9457
27434
30406
7132
12323
22212
20014
26731
21880
21260
1878
27897
754
4969
13129
24120
21680
2729
27224
31874
14760
10227
22282
23034
8117
557
29644
4085
7194
25064
20112
5861
26284
11995
2770
1261
8088
30139
21685
26900
17707
23582
12597
28096
15469
16705
377
10910
24803
11829
31454
19722
11579
17803
30662
22625
21560
17820
6803
5587
14753
10202
395
4617
10925
19566
20068
5911
13945
7650
16523
20551
5390
32586
20775
9951
17065
802
32047
3869
25336
4547
13238
20314
15638
19549
11959
6868
18917
10090
21562
3080
7863
29642
18673
12669
14228
23502
16009
26252
26207
21133
18576
29409
26891
23173
31098
22793
922
11714
664
24357
21427
23737
9856
18984
2173
11843
17128
26493
17214
17833
1800
1835
12659
22421
20937
18683
3317
4463
14428
15808
4056
31708
31543
30831
13502
8674
1686
14059
23648
18112
23262
1551
26669
17693
11791
10374
31598
29105
27869
23648
18282
2041
12010
29444
895
19059
31447
17011
15535
4146
31335
28057
12927
25422
21554
15274
25088
27341
9398
28283
11138
13836
2185
10480
8423
25016
21443
29343
20666
5448
13398
9302
12685
8873
30400
32755
6855
7444
25069
31094
25133
13103
12032
15168
30685
17232
7754
21731
13227
9409
26716
30905
1083
16324
22243
11302
22426
6949
17957
3289
19520
21500
13037
15638
19864
30905
12743
14032
3043
31046
6060
11555
26446
14009
18958
8729
14344
15258
24073
32195
825
17704
20025
23001
13227
2972
25108
3808
21135
29023
18123
32002
25997
14586
30309
6175
31681
6747
3463
5320
25541
28238
14001
10810
32237
4471
8876
2316
29105
7185
21237
5836
14720
14418
29854
27989
15655
13591
6256
15815
15679
1591
19087
10584
13647
25281
9889
3805
9168
31498
20891
7470
30280
14242
20623
22237
14244
29433
12167
32378
11709
17693
15078
25734
60
12620
421
30392
16670
21952
11659
7352
17075
9138
17104
396
4323
8354
28294
19646
931
28980
28383
21393
22647
5121
15959
17015
6594
27881
7566
9212
3848
7726
6842
30499
32123
3173
13772
15538
2371
5735
27673
3770
5419
1113
9601
5907
11880
21119
25151
12533
14326
14516
4645
19219
23452
18823
28611
27692
26633
28135
6692
29566
9288
9447
7276
10733
463
22236
16320
23653
7918
30682
749
384
10005
30094
21739
9723
22520
27054
32146
19281
4352
3332
26439
31347
126
27871
4449
11287
12699
29762
3745
4969
30413
25445
24654
26791
18860
7431
15843
24612
13164
32698
10483
16488
14802
25255
25029
30054
7667
13907
23461
3152
19078
15861
24518
3981
16173
30148
10964
8568
13037
19119
28654
32125
26236
210
17508
24156
11083
30114
10294
1247
4923
19921
16175
27901
27843
26822
28047
24458
14860
25767
5533
19368
20658
28771
27064
22280
31135
22469
26760
20414
29573
5499
14387
19382
13014
9436
12290
14386
14533
7937
4099
25076
24514
9143
23418
19321
29070
4665
4912
5636
3962
21671
29514
26787
15515
19085
2717
21961
13765
11446
20091
21412
9897
3495
16298
10732
13093
5625
31610
5304
9388
24464
12694
18615
29166
8735
29375
8683
27371
22580
10370
9758
7465
14534
2248
19328
4959
4524
11296
7820
6401
9481
3785
31144
29781
4704
25636
20012
17066
6063
2802
249
5646
8392
8052
1590
14337
26220
2901
30423
32286
18931
7974
12485
31412
15367
6146
28929
24133
5441
9787
23613
14992
17992
32314
28961
6609
31706
11823
2827
13481
20918
9763
29605
14780
9548
10065
20238
15801
19713
27896
10075
17591
11908
86
11505
9938
23781
14346
31842
32408
15673
14838
32603
27500
9860
23322
31529
12432
29290
29719
9258
20049
297
8962
31821
30450
27912
20528
30084
15984
7474
23165
27216
21598
16714
16382
3867
5133
7016
19055
5455
2395
16650
21609
15602
10652
17108
7066
19543
8644
8831
6575
21486
28072
6961
31714
7131
19374
28400
31348
6121
19322
30624
26899
11350
31534
23094
16980
4303
26212
21101
5161
7178
21516
10735
21155
30565
21052
3666
5756
24449
32755
8314
12285
20105
24814
8990
13653
14573
5922
8279
10201
4832
8426
17777
19914
3024
21319
6612
12339
15213
12987
5584
15141
20458
31557
21803
21560
15922
21798
31036
9404
14436
30172
26042
5069
6189
1343
5413
4410
20788
15589
2273
28593
7692
8437
4033
6562
32616
31573
1591
20304
21447
6191
23889
26002
6972
8008
16263
917
5267
7579
758
21364
4617
9499
22676
17349
20285
24944
3691
7386
14528
7751
12286
10464
6088
15992
26771
2075
25222
14628
14974
16149
15842
3883
9535
27241
8978
2987
30692
24692
10957
26954
13933
15602
26113
29241
14356
21577
18253
16692
24907
10191
9465
31159
10069
27404
10311
28079
6712
3296
622
5655
10885
8674
28291
6589
26962
6213
24814
8122
691
12238
13196
24567
24086
10787
17268
987
9342
19340
8307
17104
53
28556
32569
5839
14772
31467
15591
28719
10431
13100
24472
21965
20072
30057
12678
20029
15546
16372
24080
25441
29922
4792
2656
7713
12951
5917
32271
1694
21076
570
25218
24076
3860
6569
8583
6897
7554
762
16899
25292
5331
9667
7013
15535
26762
22225
22328
32532
25340
18746
28881
8585
16282
17877
22287
30737
820
6517
17223
3949
10272
32342
30505
12114
22057
13
28963
25844
24130
19901
24530
32097
30323
30590
3737
7876
21397
9843
13707
1336
11249
5819
20995
16956
9966
20307
740
10148
13907
21805
9787
18711
27696
23031
24732
15432
2934
9611
17909
4645
22187
4376
6755
22934
25232
11115
19692
16220
17271
12334
10242
13129
11044
5171
21948
11443
4048
965
10733
3460
21950
11400
18917
20711
3424
24728
12618
31456
26954
6436
2117
18795
186
8945
15348
13838
28169
14603
19203
8171
3651
27554
7152
5858
11895
4879
3382
13818
9751
31752
29948
10022
21192
4015
12778
10891
25213
17257
12139
1077
12960
3838
2035
7156
29040
13044
15880
3250
22701
24308
29311
13475
25391
12838
23015
14419
27827
22486
12179
20957
25460
19179
2500
21259
619
13610
25481
31423
251
4153
3230
16584
9524
25525
16013
23263
32768
11300
25733
106
8003
24734
5582
29465
16187
20815
13021
83
27232
17905
26994
2388
4027
15125
19919
2950
16330
25445
10466
21329
29095
28795
2940
26900
454
10245
20057
13011
2880
8005
28999
22216
19075
1885
13224
26861
25430
6499
23177
19955
10772
31085
22518
19623
10338
30955
6608
10270
13157
8756
21825
17694
62
14207
4496
20987
2453
5166
28879
20222
27736
1502
22907
26342
5619
25289
10180
7854
31373
29063
10067
6389
31058
26764
15401
22294
10998
17963
20603
30835
988
16318
21913
13010
4371
12616
7188
32073
11000
23817
17398
15184
12769
1942
15868
31390
22705
326
12123
16122
27643
15898
4263
10520
16156
17082
22778
28284
11674
1794
13326
30132
15386
32526
3738
13962
14234
5939
4462
1515
29805
4809
22580
32615
18438
11482
7962
27294
32390
7468
13630
13261
4532
26491
31562
5902
788
7251
8982
18924
12125
22223
19751
8415
2590
16863
12055
13705
1825
384
1373
24732
22492
14112
4784
2482
18519
25245
2902
24103
8018
14025
6853
31708
3909
12968
15997
25823
11173
28664
27639
24484
24445
21967
29095
877
194
9380
19597
12522
30423
10403
7302
23775
1562
17128
23976
27591
13981
7664
32387
13591
11562
24632
1473
11930
13400
7807
12403
21930
30397
11417
23643
26544
21082
28898
755
12434
1860
13981
14074
25800
32704
7507
12730
17018
4385
18116
26262
2527
4983
30635
1526
3034
31853
17943
16561
179
15648
17594
5070
29062
2695
2727
8670
4944
10975
29259
24131
11903
11393
32297
27825
27908
18085
17831
22733
5938
27412
1793
9696
4211
28405
19916
26894
7377
11248
22113
7441
6875
31277
18743
25011
30812
24068
28943
14665
15190
11606
29709
1567
1556
25254
31269
6198
2270
11220
23301
23737
20053
19372
352
4457
14878
5304
21582
18394
12688
23288
27438
6286
11432
28595
4572
12264
29017
25529
22697
28209
27485
13732
17274
17412
28935
15998
11013
28468
22835
27772
1426
12403
27869
29016
7297
26421
11815
953
7132
6506
12023
27143
19445
21005
13577
6044
24898
15424
18832
18012
27705
29525
29111
8428
30806
24018
1767
8613
11258
20674
15283
19
30147
7127
22935
2136
32026
31556
11384
32474
31314
20502
4824
2629
23440
5970
3675
4120
28921
2263
31
9663
11574
30713
13995
23225
8867
10273
26278
4048
7161
28995
214
16261
25219
2638
11192
14467
20652
27523
581
30753
9214
22084
31587
5250
9848
2137
15770
8564
24062
24262
16153
7719
23807
27578
22468
17927
20098
19190
32715
9997
15272
20750
3635
6019
8231
5938
10898
32701
3364
24110
11017
18149
15570
4217
25197
26225
32712
18879
30807
15100
2409
9897
9252
32479
10293
259
28513
28102
11973
9803
29700
8339
25257
3955
25184
30695
26550
9869
27440
215
1613
1159
13485
20766
30673
9868
1633
28063
31040
28081
19394
6203
23438
26773
18313
