224
829
938
382
109
994
837
925
398
455
272
218
713
28
980
267
213
271
659
154
589
833
260
353
142
9
453
654
22
52
178
463
634
706
767
210
979
918
379
651
918
213
1007
642
548
124
322
156
867
974
5
887
555
559
523
922
227
122
658
916
416
671
424
460
724
526
13
4
592
151
951
493
662
10
950
509
581
937
313
157
587
579
366
196
118
484
740
10
95
967
426
862
56
319
795
572
93
847
66
859
414
993
658
545
233
426
994
696
886
722
513
641
561
862
67
687
482
122
691
372
504
712
20
606
614
120
45
650
163
715
539
976
431
349
638
529
752
154
20
15
819
255
700
557
33
730
536
177
950
535
658
715
957
976
32
16
49
690
807
934
427
770
577
533
635
935
798
44
939
931
67
874
836
338
861
54
530
544
622
674
270
653
797
16
461
331
941
599
715
686
24
611
570
435
238
180
251
479
835
648
932
793
508
894
310
367
751
559
179
309
547
674
296
334
477
101
873
329
379
18
859
788
935
133
86
877
208
259
95
146
935
634
387
932
52
108
974
867
154
973
535
111
619
797
345
941
878
96
723
397
649
505
108
793
372
434
951
363
794
577
621
373
395
747
251
507
213
247
515
58
48
19
280
146
793
132
292
300
105
776
712
648
318
523
362
298
512
659
871
615
294
467
36
220
744
666
258
549
756
479
691
663
705
646
605
92
834
879
496
529
225
906
543
562
319
499
540
10
946
353
129
619
142
534
677
905
717
494
323
904
100
505
460
8
476
680
16
543
480
205
969
228
444
67
290
777
628
29
833
843
114
186
978
608
675
457
689
350
405
672
422
712
156
452
1019
288
47
169
189
341
288
899
825
206
463
546
430
809
457
979
408
9
629
6
743
939
60
372
815
785
474
244
180
590
350
549
429
257
5
424
637
869
17
525
325
1024
225
491
481
467
228
525
413
988
917
566
786
701
338
313
242
610
306
788
707
699
8
158
443
337
132
325
531
902
831
845
910
646
976
532
721
639
513
677
610
449
856
676
425
967
154
205
68
986
397
455
812
760
684
403
625
430
566
180
784
575
285
199
351
640
794
921
550
131
819
17
978
78
91
757
19
659
916
491
235
123
896
591
211
503
231
1012
46
373
368
664
357
890
508
952
296
186
256
140
267
240
344
649
579
928
366
813
573
590
140
987
679
76
619
622
794
504
953
9
562
1021
36
940
209
115
98
743
315
170
315
81
639
