28055
17574
59341
18595
11741
40334
52974
36632
30320
43060
27780
38454
1454
12749
60789
43230
55763
27464
16696
29394
37841
1878
62068
39368
4733
43278
42938
31784
52264
393
31980
39596
47733
18410
23169
31471
10041
33772
42838
20863
64543
2338
37677
1830
14709
40569
13229
40316
25381
36861
53405
56022
26716
34756
52794
2242
30493
65173
17441
30090
46366
12644
25728
9387
47395
64221
6785
57667
22582
24483
51942
16659
46797
26205
57293
59754
63262
6119
60046
26906
61731
4236
31111
47301
4305
35481
30753
63906
50501
20651
50524
8935
6856
57918
32415
34743
8645
58819
7401
31171
32674
36371
62435
37946
45348
21260
28938
1716
52924
21376
7230
25364
14032
15020
51001
33885
21063
47287
13564
29864
46299
30864
60153
34243
17639
65436
63864
60216
26629
31132
26210
33715
28602
63693
60049
13053
42094
55806
11223
407
5966
25032
9336
48504
63640
18370
57387
14316
18951
34855
30373
41560
45859
47990
37612
44941
60321
48985
47461
60721
21135
9136
40439
63072
59455
31221
60728
50782
23153
14823
58443
57372
26647
9206
64905
45316
40958
38646
48388
13145
55645
18719
62055
28034
49933
34631
43168
56605
45897
59210
58363
10708
21972
21536
43178
6970
38227
21264
18582
61765
25795
42234
4781
11251
56800
51605
42903
11180
19827
2336
5750
26930
27837
36452
61089
59041
50587
25829
58252
52393
40542
55499
15929
10857
19444
51323
43320
64796
4889
16639
63951
9340
57552
59221
48547
13771
12687
63314
23582
42941
26138
48787
64354
10477
58307
25123
55209
11854
20618
40683
30557
63396
39097
23546
41224
64007
23887
15050
63236
61295
60850
57671
8430
47052
8555
44100
64609
44081
65029
55325
23645
23967
36416
36267
3745
30803
62529
36360
49239
7095
48542
34842
34576
49942
1004
12551
22156
19362
16474
64012
19362
30472
7657
36159
48034
47636
30742
5437
32540
58788
47190
8576
49407
18653
64499
9499
21757
19345
63887
37239
48822
38801
29962
17983
7201
2576
63165
27832
33289
2191
60653
46056
21393
53463
9579
5096
32310
2118
55160
35435
58774
46096
42531
50563
5890
41807
31869
26454
50568
44459
25278
32683
17158
17056
61893
15943
29290
45143
50419
57621
44874
20767
48680
9486
13397
31501
38000
43359
31232
26489
44396
62057
23264
36162
61764
31924
44268
44782
22064
61237
51678
12350
43162
29993
37074
35232
44550
23676
57302
43895
6839
63438
53347
58444
11013
55981
20025
5147
6163
35214
59865
41491
52956
56062
4306
27329
13961
12586
43087
5975
34064
64961
7927
55027
14072
33558
11163
51718
43791
57042
34641
5465
16920
19975
3466
23975
21261
16538
16639
14891
3521
19220
43052
32391
39323
48750
61360
53457
6328
31701
27459
47700
25271
23588
52555
18000
15226
17473
62276
59379
57466
16862
57640
49766
27828
2779
62119
61438
42745
12640
12758
39863
22827
33502
37579
46593
37333
13770
36756
34018
41272
52169
48436
3711
2816
64049
34459
21864
52652
42153
56823
22593
50175
29336
28394
57541
16182
7979
17542
65088
34662
8365
35312
7208
60758
62759
21120
18846
11074
64769
15310
31019
63522
43034
51143
36871
59458
14167
60302
45810
17481
57757
57577
14658
13653
55171
21889
63840
55526
39806
53992
14495
23541
53444
23798
807
42707
46848
60300
11465
49875
13347
156
56787
29656
38723
35746
54217
53863
3644
58849
52799
40005
62362
3673
2412
52147
6076
13197
42626
5955
60710
10434
34030
9231
60601
18253
22584
55830
32668
28463
56849
33669
23282
45806
48568
40125
24131
24412
22508
22132
35700
24354
20172
32859
14732
53004
38472
28795
29387
10526
32245
39236
48508
36963
49812
34668
53853
23024
32823
49023
63437
19792
30905
13134
63804
56662
9083
62291
32445
6880
17410
44000
39361
19417
61147
20958
12094
416
2078
30839
50458
21488
59526
15377
34435
40317
12286
55248
9439
16354
54438
20486
24546
14662
39909
44963
15188
24047
55251
2303
9886
51112
60395
9136
20454
40320
56880
50238
1477
7757
60495
43426
20044
38637
18375
60521
4142
1
48686
40030
27186
38312
40387
43114
2219
16539
58309
65154
47460
42632
47146
27879
63965
37144
54702
20813
33426
1878
46055
14553
59660
32346
46251
25092
65141
60656
14635
28915
48963
44408
30892
10246
41309
20998
58570
52894
29861
19381
61163
24770
29042
48573
49119
33818
59341
18556
34267
18338
18908
23541
40945
40157
45139
65507
46742
61746
64288
44231
60245
18153
33903
29890
36083
3247
21809
27971
37786
39696
8927
52603
45802
13412
2399
57553
62749
37363
2317
26842
24830
56252
28789
30047
3543
25796
65247
25967
42928
21671
2135
13742
33937
63618
16947
17027
58249
35775
12960
11878
60425
25185
64246
42369
36140
12554
49554
33072
3322
1861
45522
2596
2252
49860
55361
44307
56366
477
25000
27688
33800
7283
29566
37269
35817
16800
7019
54230
60393
59448
17613
23389
35331
30037
33517
39981
6487
32709
24613
64695
6059
22551
39514
52178
51259
62380
58452
41454
62685
63074
56213
40083
33971
16509
6098
18731
1932
16181
13498
33384
47995
12547
23656
20706
19651
43955
55329
1297
22995
47270
36115
4632
30089
7998
22286
49900
49564
45003
48585
48116
29758
53880
60467
15025
56378
31246
58188
30975
51801
9884
53881
31609
63492
52774
12749
60
33158
28495
55162
25657
56532
16185
40334
40122
64825
35993
11120
46768
56642
29009
53441
11053
36052
60047
51397
1378
25168
39851
3508
52688
5602
10229
18091
49618
13145
22944
15219
6764
86
19176
21996
8839
51896
46997
33286
18849
27856
20894
8810
2161
51968
4360
17242
31342
1481
18188
12130
28490
31028
45014
17832
57944
20857
7716
42558
64125
49657
50958
59241
51008
61221
53296
15740
23488
41400
41882
29096
52266
6644
15892
16165
53798
38468
23939
33416
38948
58367
33721
64863
43403
7762
49143
21972
27481
18312
6248
11658
11567
52327
64515
56569
14164
62849
30497
61411
31882
54106
42978
63594
4131
45332
47213
35967
42367
39175
12695
55176
20035
4910
13763
22473
32288
27161
5162
33260
30509
2661
45479
31383
41650
53513
16818
34530
43030
31481
32299
24370
33126
61815
41524
22045
30084
57239
476
9756
30556
36667
51205
10410
14582
41710
15664
58865
50879
62469
59563
49466
8992
24389
59937
24644
13356
22353
5229
11051
12405
3130
12531
21315
61046
4004
41021
44542
37411
51650
24056
15975
57240
21570
44897
1629
34714
12332
6226
26416
15972
41852
19102
1299
46672
62946
21276
2652
64382
58595
36968
21038
36956
18091
4918
41187
51006
109
42128
8190
60483
17243
21857
18351
36298
46606
17998
22064
24318
50693
51002
4031
18820
62390
13759
62639
10546
15872
18792
38137
17366
28996
59722
24825
38832
11891
58481
471
8506
44528
55154
31272
4450
22429
9788
12087
753
40512
7023
23201
16281
32904
64920
234
37146
23753
18966
4589
57611
19152
2651
6501
16403
34090
60477
30051
53633
36044
24940
59185
8925
11316
12286
15659
56449
44640
41913
29079
25130
48096
1905
61794
65462
58501
20115
8699
5424
52865
27608
14494
22971
53919
14695
49658
13497
7327
54137
34979
54325
55492
61398
49647
22007
25105
58202
10285
32742
55857
51537
10686
37285
5091
37167
34398
27797
36877
50452
31200
23546
18920
60153
12205
2631
29916
9948
52253
60779
18749
7522
14112
2636
32051
10591
22467
19922
65106
32653
14068
16870
32897
1085
25398
60199
10380
38539
27714
26730
42212
30457
54898
15124
2218
37562
4587
61147
24822
55056
61792
39836
27481
57202
28393
18525
1145
41336
34679
60049
4610
46256
667
60710
57334
33652
61147
42440
45701
37565
63129
38678
53059
47943
34978
57088
6488
51383
18196
27516
18545
42481
39194
34889
64927
30809
28270
21362
58513
40017
14992
24353
22371
54055
65399
10192
34790
44273
15970
39541
7705
41852
13816
24869
8346
23500
18373
12945
49447
50380
10042
51389
46053
1304
29139
45499
23760
61784
30060
11970
2485
3082
27885
7240
22756
38696
20300
49819
57005
21912
62320
42801
50024
22114
5560
44364
65375
18365
26037
3607
34881
64977
41356
35187
38646
39410
27970
52845
10811
61437
61307
53726
16842
32856
25998
61746
40580
53004
10846
9775
29382
63916
49406
60917
12319
44078
22037
6752
61851
63288
19454
35547
41589
31335
34725
17346
65137
30898
33615
36459
48388
3968
27691
41247
33371
43795
65196
1557
40235
37193
25588
21018
8615
64419
40733
30257
47863
47348
36859
52320
14877
16984
59662
63414
27918
15904
33933
65373
57107
19187
22297
14242
27658
35304
36914
28483
24611
3581
40358
2865
45788
16158
48200
6606
50606
38002
2362
28707
34214
7310
35400
42815
10513
10696
9777
620
61746
49340
9020
16342
46704
22192
15229
27068
44701
29048
56699
34970
11180
15520
20859
28099
48565
63154
16756
24350
12296
54931
10980
46185
41151
48049
16848
45569
62015
42939
61876
55167
30315
34851
32369
13606
48940
59918
21352
49100
41807
59959
53673
10426
51422
64977
54624
21852
41330
50606
25535
32528
23835
46026
21375
35682
23174
386
15454
21724
44121
32434
28874
36199
45898
52153
39388
48380
55692
6585
21437
49879
33290
14671
38481
59146
14348
6713
34021
5575
9425
21627
16403
30334
14624
63538
7318
4085
13463
30228
37337
20155
57682
21228
60462
32694
34983
55388
14336
18501
40784
14083
61304
23673
5770
7772
49460
24158
61889
42720
1567
16109
22670
5046
63963
31079
16847
10683
31865
56497
9853
23206
6713
17164
11979
45715
8023
55901
42710
52069
56457
45741
60941
6732
33273
6818
7230
43801
61920
62927
53474
43740
13
18047
3035
26605
25751
32245
21528
50314
2303
17661
8837
31624
18396
9083
35876
58438
37476
47987
55864
43728
4650
6706
62714
36121
37692
26114
32244
42507
35798
16743
21900
5382
53359
47706
16856
13858
54674
59046
24463
44460
39423
64410
13040
16749
42147
9994
59389
61223
16805
57078
57877
9155
47657
51762
15899
31121
60216
1519
21036
22622
14451
53004
54168
717
27330
53004
61155
39860
42055
63249
58719
59617
20298
6332
10454
38024
5981
25983
39698
2148
13912
38365
12578
28008
29750
33911
42186
8558
55647
44775
15603
62455
10635
48091
12105
31727
12226
111
33926
43294
14060
20471
19841
24008
1395
1746
50654
27872
28204
18967
36421
13050
21880
5399
8185
51827
54109
23178
56376
17029
31858
29420
17978
10118
31370
32430
778
26978
3364
54111
15030
9321
31601
28775
46515
34760
17389
32346
50410
4580
26083
29181
3752
47605
64855
31381
3066
31179
12724
59660
25217
24250
16219
55637
30144
26197
20618
39509
23098
50400
32289
39853
17794
24419
19126
52578
1448
13313
19600
14267
50661
27690
23887
61190
19045
47579
21839
9950
7262
54453
22482
2201
48212
32194
21315
1336
32298
40393
55568
19348
9157
30319
28980
23313
22030
47921
34440
35303
53445
25763
12313
61463
1414
27024
14369
16215
61856
47175
37791
25847
41575
1017
16907
62730
2920
54502
44030
17877
31965
55637
38338
61895
50940
28833
18074
4410
21864
41632
31325
30535
62540
21094
48607
22615
48215
14519
60178
19721
24215
22717
6251
31741
42440
57599
10249
11457
6638
5339
22130
7035
17031
57245
43225
13366
40250
11217
45165
50422
57498
24516
6003
45845
14799
14884
14752
51015
37956
23535
16526
48103
7931
30371
1568
31169
2014
30924
11241
32141
11800
44550
56336
6517
41854
16681
13687
58031
11533
46315
34109
22980
37785
9299
44954
55964
51990
7246
47196
10275
10411
25402
25758
53234
55394
64359
4854
38046
57507
58435
48845
44496
33460
40477
44354
46199
18996
24422
13299
44219
46685
34885
24987
10259
19877
15355
61274
22186
26957
38421
58913
16659
23396
25345
3265
35185
5747
12620
62386
8222
44460
11059
2080
39455
24171
31432
57551
26759
47144
11280
21138
57069
56434
39090
3613
27275
42600
55887
21023
5398
62426
24479
55041
37118
20102
61740
13129
48476
45532
54353
24318
8419
32058
16627
14651
55906
56028
31254
23321
21335
9394
140
27334
3031
24903
3594
26647
12166
58777
62030
1204
27062
44225
39624
25360
6627
44581
38806
54955
19841
53049
65160
37430
25395
40861
55005
37993
49252
25225
51871
59287
33810
9173
52916
1458
27902
60773
41975
13247
47469
15081
49294
53566
39944
9018
49171
44954
60576
2547
11120
1922
58677
45328
60352
13260
31995
23916
55554
22088
60812
50121
42324
59004
60857
15475
19377
8085
46376
51782
13183
3195
55502
56773
65314
54465
30301
12809
46504
27156
109
7783
41646
178
18379
6392
29181
62946
51470
54083
15165
9289
50125
43717
44045
28475
12318
8429
54540
24828
49326
11527
11582
60954
56475
38071
64161
53035
26320
11368
53444
23887
60288
23784
39418
30513
52754
36883
40235
2447
63430
15138
54612
34092
29514
34220
51789
40883
38216
25042
23993
56883
1434
58123
4733
6231
64519
60925
34061
30858
5471
18781
51134
51933
44639
17505
9100
5801
36123
36742
6321
6753
16329
5644
34794
30621
49256
22622
4352
6274
37976
17290
19324
24605
27874
8582
57436
21750
32471
11343
20915
9322
52465
15553
56397
5647
17309
32518
55923
46316
65029
7181
32826
1519
28930
33353
12087
13240
45671
28504
59623
16297
51052
46184
45755
50175
3744
5127
29964
25125
55169
807
44942
35943
6348
32555
37378
24049
9845
47340
7738
12707
36832
65257
17911
25892
45977
24706
32018
16660
40655
57863
15491
16055
28738
3510
11627
18573
20154
1521
19986
40203
52389
3951
20202
55429
39324
61851
38420
42811
8265
62022
30216
5899
5990
32668
16224
31779
9948
32956
15952
65266
22632
64262
3957
28756
56456
53489
18193
1508
45840
38251
37788
47930
59563
32915
52512
9075
50663
26269
36602
13096
39963
33577
26054
6533
42178
42887
45746
49379
45110
1936
29433
58104
34038
45061
58881
21603
38133
24840
8615
42242
11326
40677
46892
32799
26014
59994
31934
14349
14258
19567
61147
47949
54931
49492
42447
3885
58483
65491
59662
20047
53375
39783
20739
27264
323
53895
23581
10696
1573
61024
21203
40229
13547
34039
4961
41786
32690
51364
26068
19394
53519
45231
65322
63164
19295
53718
54828
47538
43083
30969
59534
9666
39251
17137
32800
49143
11511
14040
38491
20172
3665
40370
35815
45717
34478
22467
12556
5954
14173
35207
44442
19001
64057
12502
48615
38503
16750
2853
37774
52562
57072
25367
12187
51292
10055
9587
35215
60240
37667
31446
35935
10693
44042
30463
10256
48673
5406
6614
35419
58910
7103
35594
35593
12113
35453
29867
44682
61854
37929
11507
48757
18959
46502
55514
59502
49623
63898
64436
57027
47981
17333
9593
56459
47303
9415
39956
51122
8529
51097
57443
25711
16300
10396
57428
47712
33458
8700
40462
57445
53417
58840
16291
54392
20928
33309
22963
25306
28094
43083
65070
56797
56404
59455
8618
12201
37519
31300
58532
24
15861
60125
28600
19324
33564
55499
52209
43641
26209
55943
35326
47183
4967
62095
63744
29447
55126
31491
41228
45563
25327
31770
36999
1176
4954
24259
61238
62759
11811
6803
5162
12153
8070
42328
11673
5387
65135
49542
15347
29925
19558
15728
27927
27538
679
41590
14369
64501
24001
49103
36290
4723
23697
42818
53073
18489
63153
10606
32823
26791
60233
47880
27296
60642
15260
57375
13167
56342
11369
63853
15138
47155
43582
6369
621
48280
41129
7956
58490
8346
8637
17657
14873
63492
62406
16512
1043
31460
4141
12981
35060
54766
30389
21014
27995
56883
18060
35921
49102
30510
11943
40335
21586
50245
35030
9833
58318
56224
41800
2579
14496
49325
46834
35310
27693
50979
4771
43225
62072
30226
43729
63270
29992
11845
42612
17942
28092
64068
17329
58154
15380
36672
5910
2600
24666
34611
12703
5529
1882
34861
24661
9027
52458
26002
14415
6888
5333
38197
22289
25646
39514
13257
62019
10740
10746
38057
18177
54353
21668
707
41848
44582
8502
13831
19837
38462
7240
31020
53022
43580
4168
21462
44296
6623
15915
42554
41465
40663
29661
20076
47980
54576
2479
50424
36600
34569
54952
61911
36105
34743
65180
9678
52212
54747
26807
14650
39480
3987
13709
929
39984
41120
53870
24174
39044
56859
12177
61752
50442
37307
14763
37361
60790
55471
43137
12630
28602
42602
63525
38184
10874
20288
30766
63372
19030
42522
43601
2713
26849
61395
26048
54174
41738
49791
20618
57114
56026
60159
31184
17469
16115
12514
44362
65513
56752
45282
52577
57192
10437
62273
25840
49441
54407
22514
14961
27049
55219
27015
8273
19795
1751
6332
52680
65289
21463
30556
19561
20839
37890
52096
41057
61431
36957
19248
32853
40882
40676
54217
57409
13937
8973
22673
13054
50622
49643
6842
1167
40477
42270
51370
53538
46013
56898
65076
35859
4054
37853
37493
41686
8419
17542
45310
26889
28583
29091
45281
27022
29681
56845
49374
12426
753
59221
30567
38796
17781
64032
47339
35214
4009
48979
16095
27187
53485
6148
39068
23492
9157
14289
26902
50695
5278
36972
21089
22576
34151
4168
56503
15347
42886
39865
46400
34931
25458
51168
37867
14422
48714
40049
5871
31486
24389
43186
20476
18630
55459
20399
6573
25149
19959
17589
1152
3920
64820
56288
39036
17929
12272
39663
28929
31193
1337
4797
32207
7674
29812
43603
26703
12712
6264
17639
61393
21303
3540
8232
18917
32429
15042
50348
33329
62853
44688
38504
59017
19267
28118
9524
60613
17661
41069
48532
60311
63633
63862
65357
47635
59563
60370
52654
9823
10268
50272
1322
1211
22850
41263
9322
23948
1199
38614
61383
20758
56573
21043
46625
59378
51584
59662
28167
58670
53456
38259
21422
10821
33894
23048
3931
13695
54344
14587
13695
50299
60062
4468
19545
31009
62028
30472
62905
56883
46556
12949
56211
7490
33720
51785
34432
52309
49262
9602
23163
64136
64897
24337
26320
14636
32018
49252
10722
5067
42010
27755
50411
23698
24005
45515
25355
14534
28143
18285
24133
29564
44779
22354
55681
53308
89
38231
8598
42939
37663
65247
58888
44307
32676
11948
64500
29664
17452
61147
28313
29061
16374
43075
60290
49424
39222
46644
55729
35600
22351
35719
43091
2888
25542
18200
18914
53994
39958
44084
54392
7344
41224
36653
43835
36043
64459
4199
34791
32343
59341
25847
49356
29612
56589
41417
35444
32131
50432
20260
45802
40320
58663
26304
6038
51610
63252
14379
18349
38482
20011
6000
624
43038
19867
60850
26138
52486
44261
36000
15361
27100
60117
61353
9305
29468
58459
59162
61274
38857
17557
30383
46345
46380
46623
38540
13197
42379
32418
7176
32747
60206
34707
12169
11340
50348
725
60186
35152
20358
2026
47366
17395
60251
44410
31293
35735
12318
59286
40322
753
32231
15804
27376
10947
64909
14504
46994
34406
55451
22024
29275
12094
18106
9035
21065
19305
42409
4893
21020
42380
15980
4335
28529
39859
9115
32874
478
52895
22244
15921
57473
19088
58579
6784
20708
56340
51495
9674
18144
31980
46400
50268
61925
53574
5999
8890
51349
22882
42525
16944
33707
36364
53402
40688
9316
6278
62009
58912
18535
19710
1219
24489
54055
42256
34377
62464
11742
25829
30857
59613
18263
53055
32777
23751
16706
48282
54714
64662
36299
25985
59046
37584
35575
37650
24298
50039
43910
10601
24909
15302
26066
987
32713
58023
9350
30255
38071
45217
31446
34044
65314
51015
48963
2863
11843
45074
17088
41725
27247
6132
57877
8387
50405
11074
31722
59121
36404
26270
4161
3832
1147
43942
623
32570
24412
60829
40889
54609
50978
50232
9194
61695
14160
31762
35472
63819
14653
38042
11285
29721
30412
21328
18355
33772
16278
33100
5713
63601
9656
43360
32119
1002
8716
59185
58297
43053
54392
4403
50118
40125
12111
23599
52788
9192
26670
43940
32278
35835
39186
267
9305
4097
37528
30172
59090
8910
42857
9653
25070
50289
5167
20866
47409
50134
65381
14524
12087
45185
36440
32422
36577
38951
45876
7381
35384
26969
25961
11169
46845
64159
29077
56851
15804
42795
60492
49940
30908
57180
29139
37269
30087
14984
22866
56993
14866
31060
46874
347
7932
34596
65154
9612
20041
21299
27275
32594
30450
36054
23154
19368
3282
63082
51189
51002
31477
9973
54488
51896
42360
60461
65367
16017
53806
1516
36687
56891
10116
21589
12875
38778
25198
65457
52898
54580
20899
47747
41128
53254
14587
62122
8411
19707
48520
50409
23467
6337
21880
35022
49742
33820
47332
28098
32016
31193
12379
61265
60605
32653
38272
43667
1526
30419
38998
18571
64093
22831
26759
26576
5999
20141
61221
12658
8131
58123
31727
59889
59010
11956
18175
45328
13262
61760
50605
2396
5552
12763
17575
9889
38271
35895
27179
46384
2639
57555
25366
28586
7439
42033
1903
32345
565
52247
22212
21017
27925
23544
37430
42685
4867
33652
42542
53640
43403
62146
6766
58458
6356
7680
55296
28097
37454
35798
7658
22113
41122
25729
31646
12336
62589
38517
14192
53823
39707
16774
18152
7389
62107
19175
21170
22828
13215
11645
31074
29422
5227
46295
46816
3232
18138
40903
25280
44279
26535
45361
49998
46660
10563
43623
1739
28547
57956
31016
62351
15811
49272
57659
61255
23343
49150
61380
51827
3190
22204
22970
35717
59516
24408
58605
23781
43704
16227
42061
30185
8922
27856
42902
11494
56168
61414
40546
16968
37864
36948
44790
24427
55343
64413
25127
2279
56398
29751
30495
13050
46345
37815
31295
10268
29511
46221
20403
14739
13413
30320
44735
18442
60884
36972
42188
11501
55848
20178
52555
60188
43036
3435
9584
34016
11096
36395
64234
47729
59260
28929
13101
57944
40006
16782
9589
34227
16795
19418
59718
54023
61080
39
29530
38808
29027
5539
62759
4974
46580
9150
64841
30654
54614
20069
65527
49298
26859
65003
45788
2048
32165
51412
55305
27583
31722
24040
38498
57355
36431
50953
993
41207
11266
41268
2410
53812
19269
41072
3015
2995
12313
26848
30164
47416
28927
3885
6325
14542
41053
18531
16165
65479
49462
31168
2896
54337
5147
11920
21322
21536
42834
15419
39236
54000
12514
44410
21818
57280
18425
28060
27507
46909
24261
15095
54146
56002
41309
11172
7371
57891
43401
29898
53153
23794
64271
24285
8275
60253
61393
37149
43778
21257
18886
25427
35756
26458
25332
52956
31038
60768
53332
7776
57329
9612
12955
7460
55299
46860
41432
4208
33150
53680
57888
61494
50040
19873
54966
23515
53397
7300
27658
59727
59455
19875
22765
23025
21138
30653
42218
25723
12381
59762
38872
39310
18263
31486
56001
32581
43675
7425
60491
3610
16618
48971
33737
26175
28467
30229
31232
3403
14836
18936
54269
49078
1751
40492
56224
32529
4563
59370
28421
43125
54146
21757
39862
62004
3594
31770
9431
5501
8615
57042
42090
56872
57661
25416
26701
45768
44885
10942
44729
10960
47996
37468
22037
56883
45036
51847
36964
40492
7281
20915
37780
63770
774
5208
52603
23939
9659
17751
46253
52550
20708
25535
17388
63184
48428
25046
35727
4869
60589
43784
5014
55257
20856
52137
47553
14361
11189
59509
24432
53922
61913
53539
57100
65266
61809
31237
21917
23333
7248
12322
3061
10512
37817
32943
2584
46519
8583
58945
5050
12580
63834
19525
63319
51575
6605
57376
24446
44329
11089
24668
13000
39851
24386
23228
35616
60044
9315
6685
63993
65488
41973
12485
41129
49498
28402
53191
29603
64914
31714
29342
13320
11314
54059
12391
55104
19635
45318
21636
27332
36667
17590
28458
50787
24011
29566
63432
32702
46697
50028
29571
21245
64063
3216
20400
56540
64087
37485
18623
60288
24522
26591
6170
744
3198
36940
15018
22652
45120
60059
20730
22444
40554
55568
6132
44376
52788
16063
21674
33133
19319
7795
37709
49250
64726
1898
54298
4933
1539
22884
10014
60370
26958
59236
11966
18882
2398
51097
49725
33271
26953
39227
4537
6328
22949
27108
32823
26060
22133
25075
22489
22139
21038
37720
19444
62305
8690
17616
6988
108
41931
38130
7537
24915
60860
28107
17978
39455
3894
31210
48541
52454
36275
40028
25558
10249
40806
29170
24574
26649
19335
43225
12414
57944
10494
46009
54550
16609
5731
36845
29152
61286
6638
4299
64712
17566
1238
12780
41024
29083
12331
62440
56122
21809
23207
3251
26864
30610
67
58452
4386
41394
33494
33364
5082
20775
48274
40165
48244
37572
1896
47339
54568
11676
21383
30404
43121
6888
13096
36623
49083
10962
4191
55207
34279
28483
21797
39504
31874
23899
37344
20348
8931
48835
35720
21963
14836
9524
64950
56161
27762
667
24703
31703
9029
64505
2415
38789
54494
49641
57886
54763
13248
21591
33341
18061
16163
22488
24110
13723
35087
2389
24278
17015
15052
48099
24918
54308
31447
22395
35087
59201
36151
65242
45800
9535
54508
50880
42289
41985
34953
51722
36546
63139
61147
46997
53136
13775
44079
58560
43323
8484
22589
20708
24247
35308
9256
56520
36325
56060
9858
23668
3760
58249
28402
50622
16733
24541
12539
45822
54831
25105
2279
63573
40147
27527
63041
17650
19858
64580
30226
14272
2907
23957
33761
62417
6752
48387
49388
35937
58392
34140
32458
29181
23664
37836
57742
13345
53046
56939
801
12514
42100
53414
94
28345
62180
9368
55819
56209
39709
44646
77
13751
20526
56078
8081
45876
50566
9915
36448
27520
17117
43333
5956
57928
50488
16440
49907
14493
21968
52776
51586
9209
34104
36019
44054
42940
43847
4987
1032
30500
22847
27498
46586
55513
23839
62131
54843
43186
50798
45497
54519
9093
61774
36554
196
45671
2230
33772
38083
35865
18793
12891
48366
38970
61096
56025
15321
19084
34755
16193
64984
23635
48857
7254
8679
13831
43687
30044
31522
21337
50901
43803
36333
36384
15728
20622
52664
41239
43323
23700
57114
47444
60558
48473
17591
21096
33922
62911
20290
48611
42873
45412
27755
45612
45666
2356
19036
901
47045
64838
39909
22582
16664
62971
19084
11805
16668
40398
56408
28170
47029
35933
26210
63958
11103
12845
53748
24057
22383
38568
15653
3539
28478
984
62638
33119
37350
60258
21000
28762
60341
17200
32165
12592
35172
26397
39653
48339
49857
54621
36089
21996
27038
23732
524
21182
14961
60626
3568
51415
20305
63502
45279
49971
37639
21264
3673
55722
52983
13547
18107
30207
19324
38502
49778
34114
43988
31286
11206
18691
51325
32805
17298
11998
59677
36577
42772
37764
3680
63050
25411
7343
15876
32829
1839
7483
27549
841
64010
5625
59662
11915
34397
48839
38858
62944
61540
55054
23560
9930
53271
39936
33335
33232
12149
15783
37780
25894
17333
58494
15659
33654
39719
1907
31015
62967
44159
17268
7740
13687
15292
50750
60173
64290
6116
15229
6192
5858
62535
54665
48673
38646
8546
40229
8234
14362
36387
64491
52266
17852
19796
7080
50175
40030
52772
37552
38496
17674
55218
8931
51026
64922
43795
29784
49774
52279
34917
26590
32498
11247
9687
30539
56528
54358
21516
30122
17607
50671
27837
20970
25355
12749
30139
63567
53285
42900
59145
50693
24892
25458
40526
23707
13753
44045
17544
13615
43178
30601
60767
2263
38965
62371
34732
15739
49762
59103
36126
41932
56687
55848
9831
39308
59764
28243
29374
49427
52205
45890
12203
30123
32761
7082
1423
41252
11665
16144
4432
62021
15167
56895
26104
17887
63700
57586
44512
56498
62270
45018
27596
44081
55220
19730
54605
37199
63430
29280
55634
38174
46924
4629
64523
33550
19959
7869
29318
18501
34957
17833
32393
11357
43501
36199
20689
36789
54327
16497
64208
64543
39703
40284
45254
18849
44223
22340
38381
1268
65488
53509
37647
37834
44960
41401
22340
51321
16968
44095
41825
9200
59105
59222
63277
39875
55972
60826
36275
65333
57257
38519
61634
56634
23090
58029
27797
45709
34542
42952
17901
34497
54066
43554
34498
26321
58452
43114
65123
47802
10122
23406
57337
56138
16716
34975
36648
36516
18661
54550
57870
45927
41628
2354
12148
64900
57541
7492
1306
14478
56936
21497
1219
14801
47880
18212
42132
8206
26174
31476
59004
28044
23012
34668
8589
42942
25868
60071
49647
6009
40014
2639
47794
31446
42432
33845
34618
19685
54707
16176
2019
5344
32457
35714
60501
65141
48862
17271
27310
47443
58109
15122
2502
47223
38637
37724
25681
17280
33415
30847
63281
48113
36809
53196
23508
31343
433
14412
42489
33008
1604
2950
31827
53523
7315
20456
9621
35593
53856
60558
30752
47733
65415
12549
17913
45355
42440
34985
51914
35914
47651
7287
56206
43624
29407
29431
45915
11125
4042
59657
62765
24291
47642
45988
16044
41716
4448
15107
63863
10349
50442
48804
17793
47066
5680
19222
60304
62759
22232
37687
32959
8017
28251
56201
52740
18351
48558
4173
61725
51112
57288
22457
14536
45536
49268
9196
18420
20725
24813
55299
6742
32119
7171
5014
27214
52266
17215
54144
22593
1307
744
13759
7287
48307
61268
8112
21098
14005
15630
45579
36558
2905
64069
6645
2251
38584
48492
62765
39869
40676
1101
34439
1965
10180
37924
26080
5496
22217
747
12911
54068
9418
39426
54225
3159
28238
61677
11171
18100
45876
22467
24888
29683
52467
42918
49565
44686
61792
8055
37184
7218
54834
12687
27568
22104
14523
15546
64635
59054
40147
55891
22177
52968
55044
32976
33454
50258
7341
58408
26582
29806
7020
58910
60736
30737
57655
50028
23204
10156
49652
60465
9215
1537
38535
63017
16164
17433
41419
59896
17475
43890
51008
17373
49541
60288
34423
1922
58665
9056
61878
52225
19178
54122
44181
29181
25077
48191
5427
28655
32794
64106
26812
7300
6582
47278
4007
41975
13215
38200
51568
45061
53013
32478
63355
36962
60192
15482
36266
54592
50940
28104
5401
15229
11069
23986
9093
29582
7649
2116
35517
59662
19535
5496
50948
56174
55271
20734
40308
47452
23427
52653
57395
64309
24989
61359
9754
7928
19496
5367
42118
39684
7124
21659
29589
6278
16266
12676
50597
44009
21016
10310
25095
57233
15378
30575
19946
19970
47218
10249
14532
17213
15152
45672
51905
15677
21844
36948
48151
42248
8335
19052
63222
3249
60238
5265
63968
37788
23308
2164
45266
22104
30053
32848
35991
34929
61650
62515
2266
9215
61827
38883
12676
47427
6242
20682
5311
38877
44488
34740
3307
36006
29254
15059
27902
33897
44268
27568
59676
33937
54455
35993
42962
5037
15978
40883
38420
4401
45039
39320
59418
65365
48125
32453
9322
20900
8924
55080
15266
39889
24
31453
50194
37149
48998
58668
23407
2236
27087
37623
41255
39637
40586
8109
60121
341
33176
13647
5643
1391
45536
62253
56124
14905
39415
42256
38291
56474
45333
3539
39039
10577
35999
26081
49532
47818
23795
62939
55579
60463
46456
45751
25335
664
27989
29609
1804
3869
36204
36292
48641
47861
3139
10287
57822
43675
11167
12176
10046
59025
18571
25013
38685
45758
40680
23029
62820
12149
55980
28379
30459
46768
2170
18155
34248
30094
33067
26865
46251
14031
1034
10406
52533
49562
57100
45284
2263
11453
59350
15468
8847
11344
20776
2785
45476
34740
7578
18630
18204
29086
23366
19569
29722
15728
12588
1505
48236
37864
16717
56224
23754
30685
18340
10814
46820
58481
32434
68
20043
44236
61605
1206
62484
28017
44461
40331
37919
44337
56558
60228
46502
65344
26742
53300
4966
40333
26712
28726
33312
52502
783
7835
7029
16039
7524
59559
8371
52716
51520
27132
34139
56451
8222
52982
47833
4537
58090
15055
55429
17351
45514
28989
8920
3521
30448
24189
12385
16067
660
62067
50597
58777
45872
21225
44499
49262
50325
33237
22562
46175
11235
18883
13305
163
33485
47605
24055
58090
20200
65435
1420
43217
47863
65288
48072
49089
63398
63263
3922
9228
10706
15125
12058
20146
65336
46893
29861
14695
51631
23020
33667
42256
10317
64939
9607
4341
38314
35999
39097
37272
16503
2491
32078
30272
50622
43874
5311
63605
36146
33541
23625
25758
54804
52323
45656
2912
5999
31592
57935
56477
6823
6834
19938
47637
547
5724
3159
61152
32753
41853
53086
28817
35504
12426
1534
23781
3841
97
50184
41148
33362
44378
39848
1241
18234
34147
4031
38996
27350
11168
45139
26117
7347
34246
2549
39034
52588
51850
51710
45637
36574
16463
43059
10469
17488
6695
53776
6839
10656
5944
18612
60761
12087
6141
40710
13629
22601
30717
37826
60996
21086
28549
56953
52891
46704
1080
6897
27068
57503
23024
56788
24142
4632
11223
62459
48481
9765
49158
32017
38098
3885
36954
20392
36565
33834
25708
44866
49379
27120
24522
49984
60817
29139
38697
45762
14655
35434
41670
35717
20721
32465
8028
2032
30307
17527
981
51020
21907
33420
5067
17470
40712
30448
20682
53721
15452
56967
3194
42801
3364
10461
60097
47718
28086
15942
19231
34007
19295
52386
56773
39726
10256
42700
43298
26377
36745
31727
48076
23036
7506
61270
52589
62491
27415
14288
42537
23424
30323
36940
39909
900
54535
62617
51735
4933
37171
21523
32644
33701
49698
47339
48748
21422
7954
20114
55983
28447
53523
22694
32747
20687
61097
10118
16549
44743
24840
45364
61176
7963
42530
2042
14013
11635
10514
10101
50205
36445
53574
36921
63375
22237
34910
3250
56420
23544
55126
24809
4899
46506
24378
8757
21536
25429
32314
5366
47784
51644
32083
5162
34253
55161
47472
18691
29122
26049
64500
1054
52948
62984
40748
59257
2493
64312
55112
46287
26978
31539
9377
10621
16613
3741
23383
12775
41129
14764
481
47579
3505
25481
38733
4414
50162
18172
32315
14379
31367
6702
46713
38376
39340
58151
53578
8681
23191
13156
47909
41621
39194
36453
60709
25690
932
54278
51149
1558
51180
2958
33987
54766
39342
50859
38235
32735
30857
9263
53400
15025
23720
41716
35750
40867
27068
21773
41275
25416
41962
27172
8814
26410
64359
3098
15450
65444
6841
2542
24641
33589
12258
39773
42975
2124
26630
39127
54644
23582
17
49954
44514
2420
20627
64059
17452
30406
59889
44152
15643
62833
61845
17733
61724
8589
27343
45752
62517
28212
10443
18508
26112
41853
1660
26097
2083
29298
43644
33200
11044
9414
47744
62060
24311
58890
42548
43728
7954
21657
38609
26170
43403
23336
1815
36541
480
40338
25107
44515
60818
40376
21864
33267
20574
51899
64824
9316
45555
4365
51462
13388
11189
36540
31382
22419
18203
19362
41011
24530
11673
8213
52336
18075
36337
59200
7152
53523
1761
811
9791
26145
13431
8829
200
12731
2793
7051
64943
13687
29025
30534
30915
36064
25262
4023
59637
34822
14027
10268
48193
51050
29216
57097
26117
48328
53160
28895
53581
34671
14945
35626
42480
5581
29136
25463
33479
16191
31714
5366
14848
62852
39853
18742
11614
57678
65125
52077
27442
42657
64521
54938
36548
28991
42380
8592
13197
54081
2926
1893
5287
38849
2315
35200
38780
397
25384
61631
43784
43708
11262
30805
64479
27840
9275
34404
28927
27160
45815
2379
40323
53853
58645
45834
16308
19841
20286
11570
7132
64406
35638
56378
51975
14576
59687
24830
13891
35900
51030
3549
44238
16795
39776
16290
35081
14870
63954
51770
19391
52512
33493
9590
8408
59184
27657
49813
7034
30185
19569
62990
25433
42129
23484
17066
28228
2589
12771
43936
58102
7765
12501
9573
54192
58990
44309
6396
30692
17998
45252
43791
31131
42244
19429
6492
8663
13030
65258
14680
16358
29768
39238
15241
65426
28884
59575
20887
26249
60850
5963
7780
685
65125
24881
61081
16068
521
20287
22434
17212
19802
58817
9501
25327
24983
54752
13463
47949
17612
7780
52257
38998
50663
665
4298
45601
52652
45146
17987
10028
47369
41637
56896
8284
65237
20018
14932
13721
44906
55599
40695
21318
42861
4936
43253
10108
40397
33179
36921
26074
50818
58682
63853
30460
49872
24103
8679
10706
65141
34039
53482
42427
16737
33959
4316
50409
43635
34432
11725
15493
15150
37612
31164
40005
50096
43788
59933
33267
62949
33160
13408
48388
7288
19625
27035
52037
34637
1024
53823
46221
41403
5126
7695
55054
28410
13531
26548
37120
35325
60732
62651
42305
21467
16849
49965
37704
21553
52484
15424
31229
64943
47989
9155
53207
42507
1644
7247
46834
63724
65428
36047
56912
52481
47262
21542
62001
22343
42558
23424
45702
60571
18087
33234
44856
40477
579
59388
44149
31722
40179
8862
61416
48779
1
699
12776
8555
52586
63134
37956
38806
52535
11686
38370
28228
7437
59950
1732
33930
41745
35624
60043
13253
37924
17979
60944
53993
62512
61792
39337
28759
41558
26814
21288
27629
49001
12904
14841
44445
48629
6960
58140
21379
64747
50466
11120
37679
62261
10248
58783
42115
1697
51031
19131
26296
56781
62457
10850
10355
28542
24936
46078
51507
3260
30934
12324
2599
42244
58768
7413
11994
23517
35085
7727
32364
59734
27826
14964
55918
17807
95
30019
33939
52642
59615
52788
39470
9535
23967
44922
36791
31184
63292
63891
54342
16325
4825
19181
10502
30213
29675
60632
33286
40184
19545
25945
18749
18731
24341
41748
63992
8834
36177
63017
57860
12003
57259
31691
2303
8605
51837
62669
30463
47367
41444
14160
60815
24756
63175
54831
65522
43112
11161
38703
18885
61289
35775
8638
3327
17256
28547
26957
58340
59166
59953
39288
1932
28735
61726
13473
54400
45664
38941
27437
6873
38964
3885
26405
4415
6566
57971
37423
19033
57372
62478
21267
25212
23076
35060
40341
477
4089
17203
5960
30769
39862
20243
51053
61933
53988
55210
14627
40756
59946
21806
31943
5662
20197
49257
42090
35201
45568
12691
52266
35207
30038
946
12464
5793
8323
26381
64342
54080
17992
3318
32769
64234
987
41687
27799
13455
18639
14112
49960
37904
39513
52378
2212
6229
62360
50341
33554
65527
20737
33351
40201
32840
31370
50966
1372
60989
52950
19873
7413
33271
46429
40434
60515
58163
54149
58397
59950
57668
12111
11673
46898
51980
18365
11716
59649
33233
5744
60377
36871
21601
51727
23638
49441
8610
38305
46011
3454
24280
25716
28134
35874
56241
15115
42953
43732
5474
59211
6738
13749
29290
6776
39151
40556
65288
34450
61091
23707
18728
58701
58513
7678
56948
37054
3897
51666
5366
45115
7288
4601
20578
25980
48548
14467
28874
10921
26734
12988
50187
41510
23490
37162
24113
28908
28374
17097
5498
253
38259
1208
36849
45890
15213
26006
15706
31745
33072
32096
44112
46406
64949
18011
54606
58655
9843
47037
55504
5946
56092
61224
55739
36897
33834
25895
41304
28547
5735
42248
28138
6274
11962
18365
23396
39308
24733
5277
5067
24708
40231
20412
33260
64063
21277
41309
3869
64525
13317
39668
16601
32189
30099
25268
36731
56645
29365
20799
58520
19598
64560
57705
52685
30130
11167
28410
36518
29494
43738
62186
27176
41687
12717
38880
64410
40425
62903
47816
64754
38467
10693
62064
50328
26647
48109
50364
501
35048
41853
61702
54216
43650
51139
10718
28784
5059
42203
38416
50512
24210
42301
22603
44699
48686
43472
10391
47993
27459
38929
38658
49022
18950
8663
62651
34518
4812
20557
1808
33360
30032
48496
64779
61827
25057
28274
32256
1059
63292
59565
48587
63032
47307
16310
41979
57650
12436
23247
7893
36505
43980
53692
43195
59868
45569
43008
61101
2661
27186
7255
37144
12264
7893
59928
30611
28910
5345
14849
42435
49539
22542
31452
15562
21470
5551
25758
36850
49226
16323
36413
5311
8363
15890
12817
13048
34271
13776
667
58417
56773
59712
61551
5559
33772
15728
16012
22959
31685
46442
1386
21723
35957
60726
23640
4922
3281
56912
19980
59004
19841
33804
8669
37814
30356
38017
28238
46462
45055
45612
39537
32198
43209
16706
56781
35993
22488
26242
25427
21977
24943
17121
16948
27259
46454
32720
5582
30205
18336
36166
14396
5712
7211
13627
5748
13412
33065
51920
38259
7294
41635
55230
28402
45059
39000
39963
60297
35791
27858
19998
23396
9297
28066
24659
19249
18066
27299
46056
38739
46895
25170
12947
7046
36364
42837
44201
27952
28970
65313
53349
6988
11752
64751
50789
43574
35760
47219
55940
21808
17386
34016
23274
34099
61143
30410
25212
43103
33869
41129
25054
24637
6904
2442
6384
3610
31132
21059
31261
25046
22275
28293
60264
10938
24603
53302
18281
34419
42925
35980
9890
56682
43409
56395
25547
7893
16832
1067
253
18328
7124
35700
45233
7201
3315
37663
56035
20449
14673
51706
60495
41591
60727
18729
19829
65103
52522
52781
21176
4718
31004
53984
62297
9612
744
61429
16680
14537
58464
62927
43265
11337
16968
55982
34648
8830
1219
37767
27261
63721
14036
21955
32604
20785
53679
1808
38600
7154
19589
29292
32250
41695
1756
61080
7888
8629
53461
41081
9801
36190
56329
4364
51001
62719
24723
51421
7762
13841
48969
3608
16309
62993
4168
5217
13270
43554
39121
18648
16611
5671
65001
17387
63379
45499
22622
56378
52313
47640
18849
6703
17526
62660
32371
29172
54596
40232
24538
24162
54008
38032
41781
60601
47332
8789
8700
31554
43681
49461
45569
27810
64028
30827
65330
19504
28210
11380
51327
21714
38088
17685
52616
38675
22764
54219
54068
25593
50874
45639
20587
13530
11528
33555
54977
42936
2815
37101
28251
53975
64359
22167
28205
23185
15876
13739
60040
39737
33899
11075
10221
15703
16440
21283
21832
34669
5189
34679
54326
60783
60151
45860
62960
40531
26727
54042
33772
61986
62662
8574
37685
14179
52986
53381
26120
12754
5878
23234
46992
33049
9419
58712
55071
52093
36080
15777
35186
13367
18869
43259
62791
26791
6426
59148
65507
13801
19961
43117
40125
45074
27173
13561
33469
12123
49672
20341
33005
65501
20466
46729
27558
3795
44916
63617
24308
356
29301
26996
15728
21808
16184
2110
12832
45921
16795
43689
34618
57205
20295
55575
20049
13772
30483
50746
35947
58185
10249
65496
54744
7541
27167
24571
57157
53773
29011
39716
48167
41288
25504
44448
37622
44770
6051
7832
62193
51743
29626
364
3083
8081
45407
46164
49620
11676
21808
2222
41258
51187
9221
10454
13160
24276
54718
50148
8536
4493
19083
17222
5447
11967
10517
42818
7026
18501
12817
59623
47398
45038
16472
9190
13010
54891
43650
149
59016
13360
30232
1866
12764
33072
23698
36325
15511
6244
40087
64614
15575
52069
6091
19300
19192
29088
27796
64155
47432
16796
36868
22023
47462
47717
14519
53425
5428
61853
12106
11257
39094
39267
31150
2515
59505
10401
24160
40108
15041
38035
61797
24262
2867
9708
6999
3640
3902
64803
36670
4201
44926
10829
61805
39906
59868
17762
36064
13799
23766
19066
62744
55312
6287
44878
49046
42297
50787
5345
1467
49896
5054
50116
32362
58103
30122
32224
59051
17172
2285
21587
22444
26464
29648
24061
30388
38754
18365
28518
1467
10496
51484
61731
52419
38284
36228
39402
14090
20931
22665
41687
46947
55161
64499
55616
53369
53647
41422
48784
5138
42685
19454
31680
46599
47770
25699
2398
49608
48734
45968
16764
36579
24507
10148
47863
26498
50630
33629
59314
22992
16873
62464
33229
49850
65009
16549
35724
57944
54393
61875
36992
53256
5484
34584
30326
27705
5304
30469
35193
1304
13995
31634
31943
23119
58772
61407
34916
3067
31770
1878
30034
10564
61242
46421
53742
18320
39824
12854
46070
44550
33772
15834
57677
5380
1808
60088
19324
43336
18603
22703
52740
28643
12807
5138
63005
38682
887
31146
36156
6974
8671
63537
62881
56542
26530
60088
14519
62330
26278
62099
42115
33861
56069
53255
42995
36385
15487
4308
19687
15344
2691
28424
25355
11120
55406
48464
62608
64136
46861
14950
12051
28790
579
9118
11651
58298
27255
11005
22158
46968
11668
62051
33682
39760
33573
56662
7541
8459
41358
5177
25426
38692
18335
25341
6977
30784
51325
8630
30193
48212
49540
24270
12998
23298
2389
54629
51344
42133
30287
57453
34330
42191
3522
60526
17230
42463
40956
548
36486
20146
56070
60940
28404
24547
11484
19410
27196
36991
52517
24744
32954
13257
37226
23993
48254
53474
25107
26673
35102
8008
15183
62644
30608
37967
60839
57986
8190
45132
14271
26630
59202
27549
5053
33581
43225
521
37927
9888
10364
65426
40557
14210
52773
2019
51067
36925
14369
24838
24652
63616
12375
34940
23640
65064
20811
38528
42286
36157
27583
58452
64427
11864
3988
37357
62628
54884
25327
55141
21024
59163
34953
13255
49833
34794
38059
63012
51158
39742
41655
53511
39475
49480
37423
41159
39901
19996
51412
43957
24311
8563
4172
32016
39832
27330
15586
60761
60668
40945
12549
26147
21687
25582
35329
36121
33409
13770
42011
30713
59202
59376
33892
10249
55201
49112
20424
16329
18182
2512
20195
1786
63797
62464
39820
41340
17646
55985
30267
62980
12090
30861
35913
1860
25106
62386
40812
34107
25587
44410
54059
25105
526
55429
51716
54674
3473
27054
49071
19136
43520
50622
38513
29726
23279
36289
15523
5575
61230
41071
4919
55426
1099
4791
54230
40473
14013
7427
5012
30660
7963
61314
23980
8796
63353
45025
59520
15229
27368
5677
15815
3841
53497
40993
40297
29139
37092
34795
7780
51584
27178
58212
53932
52686
50429
32367
42801
2792
33308
50928
44361
18965
33563
27961
27075
54565
61720
1362
51981
59877
64606
16694
4951
22615
9789
21925
4473
41196
29939
49806
31557
48206
916
21405
13553
30986
13154
45655
21965
27114
64849
25100
97
47982
25210
39082
34272
62719
36044
40836
50407
50104
29444
23329
42501
63504
9425
44299
48506
37314
39958
58203
51014
49251
21194
17088
22575
21839
30939
22147
1659
41296
62001
34139
28245
27824
64949
11007
42417
56652
21583
51057
39284
4706
28854
47656
8396
43490
42973
18698
6615
46232
48419
63847
59574
36783
15725
10685
60314
43243
60917
61265
58895
17435
60946
42531
14583
56490
2752
46019
52969
54227
49860
29166
4652
46794
42818
14875
57382
46540
965
65087
23981
9155
19088
18212
40807
43225
36480
6828
28953
40788
44615
58045
40175
28110
62581
6703
31047
859
53248
13513
33173
7136
54157
45197
16990
38902
18515
43407
51986
24142
30303
61069
37337
4130
20812
27175
33269
46706
17755
22295
50298
54734
2500
20570
31328
63780
3545
1121
12035
40733
62553
38359
15345
2525
44595
30160
49061
29603
1557
58709
60349
40334
61996
31577
17247
39372
39315
12306
15790
63129
48838
64410
16827
28579
44311
5422
18795
7127
19402
13693
39409
35443
13587
21369
1416
20138
28379
14674
2308
30960
58616
13961
2931
31057
54148
20456
3240
59677
7783
16118
41068
14885
22582
10700
9213
35758
32823
23928
4208
46953
13269
34218
25404
48069
52306
2501
42139
6264
5190
21592
36249
53528
30136
23436
26059
24770
24768
42233
51449
37720
58570
7769
6630
49960
56565
41586
13902
20951
19031
18434
12023
43472
23287
62053
58768
42490
49240
20708
38036
52872
15633
34735
5560
22565
8934
16230
27330
26248
44411
15313
1475
8527
58733
29463
46519
58102
23349
3121
7744
19071
27478
32695
48275
44461
3405
1846
30057
49117
25398
63722
10315
34736
10980
5644
6890
40603
53621
18033
39298
40066
57474
56225
17454
37333
31629
20992
57554
32531
49656
64157
7255
7047
12237
53925
38146
45625
42116
12470
38511
60000
4874
13500
60369
64632
2406
24588
10696
6644
22239
13280
27260
35419
29857
61422
42795
53335
14878
25107
46592
5794
17929
33922
36030
48874
59148
14343
36988
20926
35967
63773
33959
55874
24643
14651
43928
11804
23327
2282
52564
60170
58570
34251
24594
6635
50053
1604
64274
8452
54365
46704
13346
55006
45752
15563
28967
19177
58641
11258
53417
49148
41231
36130
4286
62720
21008
47641
30699
11792
57739
24695
11215
27935
64991
6839
54592
59633
24759
21208
45150
1042
25588
5559
31712
19088
4888
38697
7302
30392
59648
53633
15023
1301
23581
44509
1359
27583
48798
4287
9653
28833
47076
47699
64177
4459
4144
20553
11762
16615
5999
41895
30163
42240
19181
5532
56209
63303
39504
14604
49313
41137
149
8378
8206
37477
62202
25362
41970
7127
30908
7182
39383
28402
34623
27544
443
47953
13424
8840
22439
28303
55784
65457
16398
59798
12834
35076
8369
51149
37304
13392
19229
11460
50394
49072
57487
64073
31690
55005
40264
13919
65014
40255
48714
55901
55019
45612
12195
36875
54361
42453
60621
29769
31088
14885
25872
53382
58732
61746
46459
5404
48764
27706
35015
65269
62903
10400
739
23415
19267
2564
31464
22704
42824
53059
32207
22157
23000
16255
46588
17645
9374
39855
6940
2690
5160
5888
9181
52954
47634
57944
3473
15220
59813
50238
37640
10438
51386
50689
56822
21878
23533
2710
52424
23459
23374
55061
24412
25506
62433
17329
1148
3323
55943
2653
17203
235
46066
43080
24161
46400
22355
30373
31011
47282
33406
46595
26791
34475
45422
4737
33527
40945
36380
52899
49562
18022
21587
63561
3602
26041
24147
49033
3920
53944
32559
37809
53025
26930
32053
42380
61833
56895
56674
19555
17030
36898
48835
30122
36253
41958
22134
23334
8491
18152
10994
30588
58644
24851
8115
28471
17602
56241
46435
64965
35030
51187
35100
47303
28326
21081
10726
8216
23454
55841
9054
46272
61061
27921
5815
34478
24905
8263
58838
61589
44639
36050
28176
55012
7524
26739
32077
29091
37935
43792
41098
55853
57938
7680
37993
43034
47175
50736
15823
58486
62759
30975
10263
61231
37785
14090
50624
2672
52821
64538
36774
34307
2367
32137
21073
47838
42976
14597
15130
41086
54053
20418
27432
10601
56461
8495
50386
52968
53456
28970
9017
4160
35662
10089
48072
21436
64086
21809
57114
31389
15025
43052
34881
23334
3870
63756
34254
27846
27487
2692
62729
18975
46129
62080
27799
39824
9537
59234
40093
589
13695
45701
56880
44625
62993
12289
7160
13197
23179
15161
1627
37951
18694
31421
36625
11878
25320
46902
43914
63471
18204
1345
60685
48255
25931
21995
35067
16234
1132
56807
739
33887
5429
8356
11536
56472
9922
43704
52740
52179
54656
3748
36000
1395
13064
15487
14627
11337
46168
37299
62942
40131
3291
4674
43423
22576
63504
11804
25634
1048
59823
31548
42733
44443
59148
33026
2444
47177
46184
1046
20952
2771
33085
28402
57599
46500
10561
12262
33350
21758
9084
34825
15783
30232
8098
47768
39889
21393
38410
10123
12234
59431
49498
18099
4095
22794
18738
19869
34410
33096
50387
43791
60129
11700
54657
11062
42417
29795
41831
49841
56480
41899
665
28520
57959
35326
11160
17117
49756
38705
6013
32868
20321
57848
56773
16849
1268
11967
18889
39829
41177
52467
25601
16681
7204
62559
51664
2550
40461
63703
51382
14505
7528
39478
6988
30621
35085
25178
21326
51908
13451
14241
64413
55848
30994
37304
32300
6409
58457
44654
8658
53992
42807
64074
22805
1295
51380
17065
63026
17137
48717
43783
28020
38400
60956
18870
42442
59181
64558
27933
25535
60271
51607
22778
14791
43967
9486
14655
40089
56984
49656
7718
44274
12895
64860
64101
27926
26844
39934
38123
6400
62157
29060
48455
57775
5227
38685
17445
24111
26958
34428
958
7329
49239
63833
62454
36288
56169
25986
17405
4630
54060
2312
9756
47787
33854
6409
9843
46100
33428
36021
44224
57126
12048
28757
10546
20887
36142
2135
57811
24257
19567
14137
60414
54042
63188
44452
52947
37402
41422
59732
13871
65214
41624
138
23930
53505
11217
59397
31581
63746
58501
38284
8647
54338
13969
55330
52244
22805
55132
39981
6648
61982
62277
23024
10246
31643
56064
50723
32792
10590
27837
60178
56162
32156
22564
20457
64817
63929
10028
56975
63061
41944
26763
34597
16323
49758
29154
55748
37397
56197
8062
29388
62061
54794
15372
32572
16440
31629
22954
46257
55398
46763
48803
22488
40430
54317
27132
31377
10739
39383
26731
41687
8406
29665
11161
36245
10414
53518
55035
54005
61079
65113
13690
27734
15660
43607
64296
3611
10415
25974
2755
62927
22267
61993
11324
44391
62236
23499
42554
52140
7014
25468
36094
26309
60485
33356
50324
12976
46669
41925
36207
5006
8601
10427
38780
28444
50466
47839
49328
15946
32621
25736
58693
12995
3182
45492
1102
41393
62927
58168
15395
22802
54694
8418
17988
19181
10631
31544
30103
54158
59539
34636
55190
30191
326
34480
40791
37493
60087
39369
12105
1377
43704
61269
24893
29721
13649
37864
62313
19563
21329
40835
10479
39718
34519
16440
22947
50353
12490
61281
8777
25928
60398
62144
19526
10055
65419
57263
45378
32725
10395
28293
53419
24477
35545
55403
34872
44231
55876
40232
585
24317
61753
24142
52717
2560
64258
32756
57573
43029
47053
4287
1768
60413
63395
35899
23798
43
4701
33581
60373
7608
48069
54261
38633
54766
38507
24616
6942
19740
59055
34900
8147
63262
24308
36048
13224
46340
30323
28272
29870
12558
61681
65451
34023
51911
14994
4563
10407
24747
25284
55478
1134
26756
30357
11113
7541
20564
60768
40618
35827
57380
44802
43795
13588
8045
39509
7002
62729
37176
8151
4039
30467
22499
24047
40040
9131
27394
24308
6039
21412
23655
22966
59749
13826
3784
52484
18489
60624
48367
6510
13030
45662
44393
61057
8796
34639
47817
45054
22225
59910
27358
54312
17182
19691
39213
49551
16542
53748
24454
15293
38904
5177
49834
9930
9029
8353
13128
27222
22756
21898
28595
49466
41501
22766
18142
23640
26280
58591
63228
20114
55896
150
44657
56681
44231
4617
55960
16727
64750
46473
26978
6347
42251
15685
14859
37481
25394
10687
57820
30204
26070
59046
7705
48335
23513
62938
53572
30779
46931
6897
49896
60462
15393
44053
50940
10192
6289
18701
9318
50458
12592
22808
21255
55495
61265
37568
48863
22920
5700
37493
5748
38449
9477
14238
25405
4515
41602
21127
31701
20602
2484
60917
30717
27973
13842
24557
41904
49620
59633
15540
30283
1931
38939
48836
37856
6105
27948
11130
35283
36276
28121
17957
30556
35128
27918
18201
55066
27982
20527
61370
59341
38511
58530
10212
7448
15246
59323
41120
15960
58405
59755
39019
12024
9353
12325
24169
41069
45927
54723
60632
53822
43569
5329
14961
29432
33597
2639
810
42711
28173
53131
28967
19270
20626
15818
22871
48193
11729
28174
5441
19489
59596
63378
1569
39044
7286
56201
16659
16583
11201
40527
56660
39624
24060
46014
2317
25005
3998
43298
37397
4697
19612
15540
31093
40574
23630
53500
5884
25832
43018
5606
4970
62652
6653
40502
45653
14758
13461
19142
47974
45806
26864
57881
1819
29122
38422
56912
36538
20839
63920
49761
55965
1827
60242
50145
17499
13705
53404
43722
57944
29867
5883
50198
46323
32489
51481
61787
49556
39961
59906
11653
54146
52385
15347
43598
3464
58495
48745
8495
53221
39760
456
56354
14619
53313
61213
56162
62587
20984
54508
53266
22622
8416
22785
7280
59046
31779
47805
61720
12160
57252
22684
23396
10436
37454
53751
598
19730
64536
37742
50735
6464
59449
45728
1053
56195
54774
61792
19841
60703
16105
61592
17205
44968
27179
13412
45048
51519
52899
43280
35505
41917
26605
46212
39831
50963
58696
53621
4153
40749
16354
22444
15321
2798
5147
59084
3090
59926
1446
57463
2400
53097
40396
16033
18259
14763
59148
11346
24601
244
62712
23640
43738
45207
62144
53737
27347
20605
33281
11753
62955
10664
57460
29163
10813
64277
55060
12106
30933
64402
28689
55038
17329
55527
10622
62073
31727
20369
45534
38434
52162
3062
16825
35562
60344
8890
28542
43642
47817
60673
17695
4515
23376
18965
17169
35278
9115
46786
31455
11884
61460
43496
16930
35770
24256
62190
3933
27610
1016
25985
28967
46266
20220
4733
26585
37677
787
60057
50135
53935
19107
48367
65391
42269
9760
56001
61722
20814
49679
36430
579
39505
17229
20135
62695
62075
6453
41643
48069
35069
50817
62551
45227
60320
40194
56617
23367
48104
17662
34888
13495
26820
39273
12808
1954
33997
64874
21812
25005
52637
23083
11481
27275
63270
4664
35935
17783
38009
7887
22071
33645
13254
19201
28
57825
17969
56082
62569
35836
25275
34542
3674
40242
47398
11835
22460
60338
23671
24631
15444
4430
40348
19358
27866
22575
51285
27729
25046
27440
14818
62666
61147
59171
8569
62138
47683
7243
11476
61854
35334
43570
12866
25715
61792
56806
23544
60085
32811
55318
29864
40945
62617
59372
51708
31088
8759
41857
48326
4470
24368
56256
39863
47670
26932
51404
43974
43476
22689
7723
9900
40322
31712
33331
10980
46564
18179
46890
21828
44037
51261
16329
27343
16410
1980
48456
22715
19027
4782
4660
25724
26946
30049
29986
17037
48533
58337
65078
33238
9274
56707
52685
60245
15305
31220
64079
48477
64991
48091
47469
23931
48742
56503
8934
40337
18343
18476
28066
6008
46218
15086
50833
9948
55403
61619
9914
8027
13049
29127
39079
1896
54871
63372
32428
37065
40104
56841
19362
49589
39213
34189
62659
64399
14282
42834
24315
46057
26759
7107
63877
22587
42795
55167
16704
47993
4193
9471
25911
20251
1616
20110
25691
45448
23108
26742
56345
1213
30051
38612
34843
16416
56165
22562
51444
26864
49498
9564
1488
61958
58743
754
42639
46738
53123
13585
16057
21942
51351
10285
21972
6093
6503
17807
56661
13216
44410
46971
33772
12759
967
59898
26242
26340
26845
4113
53444
22989
57621
40582
14861
34887
17309
33943
49185
25061
19954
43201
21159
41506
24831
41562
41381
9022
7824
64645
21924
39593
10454
3473
13233
64848
12144
30408
14206
13137
15815
62660
2153
38002
42978
30228
26434
24991
18037
53037
56488
64136
34720
42700
24752
12888
64069
39346
42888
43624
38629
9915
58228
19279
8454
24640
42861
5678
35850
38646
32868
19889
57764
46050
61504
25720
1567
35081
59101
26844
8130
49197
56341
4064
36897
25205
18711
18752
61507
11940
35547
15276
33171
8275
15262
38371
42456
15436
60882
28888
40940
48826
52769
18332
57355
30780
11253
47862
5344
8459
51793
39072
14161
38511
15329
44947
55014
12028
64779
44764
8353
21640
58721
32303
5894
4075
30406
41940
2680
2475
33889
40841
43929
34612
43277
41987
28700
51327
7793
46898
37907
59995
30270
40476
25451
62853
26828
14889
21144
3844
59046
16070
47943
53535
13041
12289
44528
49379
48144
37459
16403
40394
51269
11090
43348
25797
6743
38913
39342
35477
36715
19722
10157
38584
62052
44045
51489
46498
3839
33772
62789
62960
37634
4168
41853
55831
22802
33335
16843
48113
16440
28278
3992
39456
57358
32333
19570
19987
16262
64098
14438
51335
12980
16007
19673
621
54420
43936
56824
6845
35109
26961
47861
38432
43040
56168
20044
10421
35092
44572
26615
62693
1107
55590
38685
29294
17999
23226
38079
40988
37544
51063
64359
32955
38997
6803
25504
43889
15093
8740
32566
10916
51891
53397
37250
47930
53381
41685
16432
60393
44188
9336
24118
56968
60578
30695
12895
13493
29195
58514
18262
60230
59139
64053
7037
3368
64540
31054
49620
36372
44783
64534
65169
3608
49208
238
38517
43080
50116
47317
29812
11492
35569
4650
45745
29559
51217
34868
40958
46326
41062
5254
31994
34829
7650
32872
10401
35325
55167
26082
27488
37972
23151
25708
49743
51382
1056
38876
22603
35891
37850
48003
4102
38216
20744
23722
43123
48905
36654
21687
27512
42827
31624
51004
29959
44030
25985
64336
40021
44045
43364
32180
7949
44116
31421
20035
31596
31875
19534
49979
52856
20769
28036
39308
57192
20275
36992
21995
57957
27981
43295
14011
4230
2344
52946
18885
27570
8714
48428
51519
43834
38930
63041
13389
24008
49678
18619
47710
41716
14345
36623
40868
22134
20987
8768
20125
43130
34229
47991
18415
1325
16828
50458
12947
12195
21808
31689
62154
46928
27483
38354
50374
62119
20946
38472
17433
34767
38849
38157
61619
55373
28852
37812
54560
60667
28814
44506
31375
24300
63301
23798
4475
7572
36141
8326
56002
19261
42700
14979
20954
26188
10183
30177
50011
9315
10434
19093
51290
32621
16054
919
47339
44149
64476
35989
58656
13184
17299
55096
17901
44165
47500
28607
25985
21051
15442
37691
63161
3023
19301
20369
39938
2242
23798
29775
20308
41965
34932
62573
30770
44250
35487
27510
46834
64637
10037
7034
13058
46672
37972
10904
20035
18628
47472
3495
47435
40734
26666
20811
15245
62542
47663
50012
12960
61681
6615
39705
47908
9294
10770
21754
12370
5461
11716
20815
3866
39483
64538
33565
49833
34398
55087
8027
63488
36132
40463
48243
11495
17366
55750
58021
32657
59102
27493
34953
21590
38693
61409
44658
16997
42933
29822
15803
33563
35717
11729
18263
57713
37912
2889
35724
1606
29422
34272
63399
46656
62562
57772
41439
27048
17965
46834
7253
29809
53375
23201
10112
36441
35887
54685
20076
14651
28698
18730
11074
3981
52459
48388
60458
16832
40331
12759
24554
33319
35851
47771
2191
43895
54936
40920
20743
56050
63652
63422
9657
38988
29659
58040
40724
18909
45038
34258
17695
15793
8564
59428
14651
30033
30532
15354
25072
10723
49891
1551
52215
7238
28353
21192
47108
38149
48287
4700
63170
22413
2920
49808
25565
19515
36271
25478
25165
25535
37240
16578
40694
30130
23276
38255
18573
9672
22364
64827
48114
51916
62947
55063
32199
20223
42046
47041
53947
22233
46987
59284
49380
10062
6621
45304
17033
33887
6276
47590
17923
46861
49960
31752
40279
65215
34911
11265
65371
2820
43446
62512
13724
50556
7780
32716
34468
15728
43835
55326
31004
47579
57948
64506
11762
15920
33937
45134
26027
64958
24552
9977
61792
30041
36023
25382
44719
41249
25963
57205
3954
46080
11546
53216
61198
62927
42879
60758
2803
27850
34914
59707
40109
65000
60789
9077
30726
31732
33146
49998
48274
50517
36099
23052
63908
53909
54795
11968
15790
36424
46085
35871
45179
44651
32083
64448
37907
33815
41805
59330
59585
63666
46506
23761
59179
47888
15252
59334
35263
57336
57473
38305
19847
174
49393
17043
35109
2746
15151
36608
51553
35937
58419
46962
35836
53262
51229
61176
32740
38806
44273
15940
53886
65145
35626
59364
64823
50623
38055
43675
54797
43859
57192
29812
28929
34338
60533
62966
51094
15644
46704
1628
6747
23046
37468
23581
40127
47912
24341
32666
33072
18943
65308
25379
37242
12128
33630
12883
48799
45411
30868
44800
12957
8367
15271
56299
987
30738
48634
38484
28067
60540
53562
27254
29914
24578
38654
58570
19517
6713
58219
59629
45589
38920
20928
12814
60951
2111
29486
48645
16639
5484
37007
48483
57965
651
35549
28467
10114
29007
7941
41759
43240
21675
8995
63492
41687
39403
54766
15948
7705
38017
45752
44469
24187
18585
54106
60831
62968
17576
54483
59348
10703
39002
2708
46700
39786
23349
33832
14841
19183
47574
36135
46854
744
35065
16043
3803
35702
1194
43192
50854
14446
44553
60792
8470
37239
1467
38513
50017
5376
45120
42020
47235
55457
6452
2160
32040
17222
37781
21757
11257
15166
8767
57683
64560
6444
25920
24244
21332
48963
28465
14053
5229
24365
50874
65327
30866
27639
64370
21481
43597
7814
62132
30572
14384
28411
49390
7726
58329
21488
33934
61798
31714
37185
22159
61797
31535
50181
31263
5484
44640
17834
36896
46100
45078
36667
47353
17795
13833
37029
14327
5935
12895
56383
59224
5486
20482
54533
47469
19490
14239
63353
6301
37034
50734
24206
62976
24690
47746
21389
23049
26173
64346
46911
17072
12960
2565
38067
43125
29301
5465
35335
5577
52407
55267
32799
46715
26362
53370
17592
36275
41758
35595
48982
35871
38285
36687
42422
25000
21821
48060
1318
52069
2974
50737
41612
63397
49870
26156
55633
25535
46450
23864
23179
1532
36679
57520
24321
64034
41699
33177
51573
63810
4198
46316
7570
50123
2006
44000
10946
32391
22488
28315
10062
29524
62891
40958
48333
26526
65251
8699
27372
60331
26265
56315
9090
21789
10672
29717
10840
25715
38904
51773
53248
51022
40938
7832
49003
60622
49875
44057
25886
14553
29513
10171
58358
62714
21073
19114
34974
15594
43250
40019
667
61700
20613
49844
15763
58458
46912
13264
54983
14119
12766
45394
50354
52908
17113
30602
56458
10707
45594
20125
12343
51122
31278
25000
32320
24311
53826
216
56908
22597
14937
44969
10980
55885
50310
40793
20484
22931
21993
3147
26000
15740
33271
51187
24529
64458
27692
52000
14924
26041
29845
52310
17480
6988
27233
45904
42842
21936
15563
33937
26512
41129
24697
55536
18267
4641
47842
42018
46208
56575
4444
33424
36875
21774
50353
58902
8979
18428
26706
35654
11312
24004
62903
22599
63235
10720
30539
47209
35626
46862
51513
38588
61398
51332
7794
45299
61812
11037
34648
19303
50978
61645
13446
6950
52535
53076
47437
41082
58782
37780
15099
20244
18738
56291
64396
9228
35330
38997
45273
55407
11799
4191
64299
37118
25740
21472
12905
26819
36988
3682
43430
3689
47248
13640
28447
50213
40566
7740
20523
14265
16863
32644
18381
31635
41309
56361
64484
20593
42171
3641
55882
817
30527
65366
21975
50761
61395
35069
51735
48564
28147
31817
16329
35884
10133
28676
17333
42851
27570
28910
56195
14999
59124
47820
319
16497
2138
45266
1119
23018
53108
1803
38223
58822
37075
15500
54313
24113
24349
38939
1171
55167
52968
149
55890
8192
17960
49614
10780
28542
33067
4262
22818
55548
40288
48803
28584
41426
31914
29721
43359
1601
29046
42222
6236
13220
44978
31997
24475
4643
57937
59939
47893
4237
5992
43459
63605
65320
36523
26970
2255
46263
63895
60376
49175
52789
31535
37341
51686
9986
17254
2516
27963
60317
1199
23111
35718
45942
18673
12986
14056
55029
40361
22352
34140
43294
9513
7929
54089
40159
15038
4526
39258
464
19718
5788
45449
24803
576
696
63425
51230
12393
149
22739
19293
15301
34509
42821
39602
63346
2061
49230
13731
22805
30781
64340
43985
17808
26897
19518
24563
31685
11410
42821
14952
42900
62741
35706
8532
61310
56555
19946
63054
25672
22286
11556
49711
62265
2584
23913
48008
19238
41235
55387
7074
6740
9142
41807
43728
5296
29426
35667
25149
12308
46908
10735
60814
13884
35175
42872
33057
35434
58662
33776
55869
7127
10067
17793
40612
57107
17218
731
54473
9315
16305
44624
5466
5278
42756
63141
22500
51079
53692
27695
20233
19324
20137
46698
37033
53042
30581
49555
21455
60441
26759
10144
11247
21758
36413
22054
20029
25793
28675
1079
20512
10037
343
30049
14369
28560
50787
31462
41951
5851
55547
54204
49641
48243
41599
21487
3069
9202
49379
20474
10996
34116
5344
41507
34816
31324
39738
19107
30448
48043
34925
18263
39936
18195
62610
23441
43676
58102
61742
2568
34307
26770
23391
63325
26052
15793
42870
14940
64149
55248
12196
31992
40706
8596
23535
17639
54721
41091
45048
56790
640
62466
4352
1126
15554
28910
50736
12320
29702
52372
58319
2990
40595
49262
58109
19338
47416
62556
53795
25143
25721
51038
7572
33697
44369
37454
40046
35926
9126
38060
35085
343
4168
7884
53937
23698
15198
3043
32811
30287
32034
24059
65428
28467
11647
50600
27179
61378
13859
18835
36149
35798
45536
2283
31794
10268
52043
9228
43065
29365
39334
12907
49497
42331
15167
18075
49601
54978
57326
57472
46316
26054
53381
39326
3806
46438
28672
48071
14670
49540
45046
38363
6892
41196
44391
30588
35757
13433
34947
47573
61749
30077
36045
40099
2915
31184
39356
20865
8732
16089
15508
60852
43618
26247
59665
26608
55495
56226
44261
25730
30069
50931
6121
2703
667
50623
56992
7397
13179
59148
27292
59953
34728
55902
32968
48982
50393
27029
31477
25469
4031
57132
65496
158
6444
46956
52968
45729
65094
9575
55453
59808
31122
16134
29776
23577
44957
57227
4371
40593
5115
43011
31933
17366
62541
42165
39047
14375
37243
38371
24300
13321
55338
3743
60902
463
11782
52504
53815
41579
4965
32859
38685
46003
14868
1746
54840
28529
21899
24740
20125
4664
54203
29373
58090
15696
34139
201
60558
20682
11294
61274
47398
8647
45373
43552
63034
46829
9894
16304
62458
1926
17409
45631
35540
2398
49583
39974
18789
33400
63385
24654
32968
55200
41969
4131
5994
2804
63849
45303
37832
53944
18905
61543
19232
56194
29181
24853
54520
17272
27693
49340
42953
8618
15151
1350
61682
59991
9564
27360
50046
46395
17794
2881
63940
62021
51168
2006
3842
7244
48830
35124
8406
54024
42635
39454
25747
63145
52165
9532
34960
57145
44124
14799
63720
59615
55027
41309
28283
40867
31391
41693
7100
13797
35692
57685
7780
6667
1836
19789
5830
12333
39597
40322
41466
49743
53640
17085
26760
62400
4813
1735
44913
61514
26456
23674
46769
25680
43744
34397
39356
27497
44492
37898
35932
58913
14475
9166
3133
34548
29109
621
29071
42801
15336
7879
15824
1697
41894
43566
15438
50738
57274
53381
42723
38666
56265
22805
65076
4540
37138
35891
42312
63453
23746
35959
63492
11629
9709
9653
7401
5466
58189
45244
18219
41823
19372
28105
62843
52950
7155
18400
55773
53768
10139
10849
38461
10944
53646
6499
10219
27391
56104
21347
10640
43485
11330
55306
28688
64576
57310
3492
8765
47185
62817
23424
12760
32365
31277
19685
13956
37081
17465
63318
17740
44000
39130
34440
52767
34249
8014
5694
17290
47842
58171
41542
13078
21362
39889
44772
33294
6681
54496
24559
260
41914
17507
44954
39186
2469
55981
57416
41574
15659
1190
59312
48136
52911
56592
12429
4055
26673
2413
39478
19220
34793
18799
28468
38034
16403
51925
32075
30472
41875
59836
9221
53678
9982
33653
7788
937
35951
55034
63238
42332
20484
17268
7466
9168
62653
5473
36940
38043
23089
35136
4256
39440
52950
48975
25558
58486
45582
54937
49315
49812
41975
13532
48386
64769
50935
29459
25413
8351
54804
28270
59369
51036
29127
31875
36654
38606
14173
30502
1979
9495
41488
51661
26527
24124
13221
10965
31344
15263
28463
5871
14651
37837
3585
21991
4651
40139
55815
49363
8066
35332
16605
31337
24224
21759
22891
62830
45799
1490
59414
12960
56895
27196
6553
47155
32232
15081
23988
52382
57332
26514
60921
34013
48274
5528
65451
63859
30873
7187
3966
47712
55108
64521
30090
63676
15458
12585
6747
54921
13587
36219
10157
58329
36156
40490
31121
28915
12949
3195
32411
16542
30472
35626
3249
41283
12845
33026
31983
56932
47335
26041
23623
28248
57203
14400
58212
11433
39901
52552
23178
19401
2974
12137
17333
18927
50116
51540
6276
36205
21425
32018
16816
62753
6431
33867
63022
50307
24880
1874
57447
27347
51402
59590
37192
13528
42432
5716
53381
15496
12286
45631
2633
3642
62593
65453
23360
3250
49226
29152
41656
64077
34581
41327
54204
39850
18635
49289
65242
47012
23307
24179
29553
6721
14848
48596
27735
32317
22920
21328
45788
41854
61878
15294
14848
57509
36407
42566
20109
29129
27937
23287
17237
23772
28925
50906
8222
48354
47749
14090
10323
52896
18927
19475
26495
24113
5502
7188
19821
25404
18870
12207
3857
58231
58346
10353
54089
63399
32588
7773
19858
17002
55017
13522
26562
10140
40839
33699
33866
53526
61181
1243
7522
64231
65247
8931
17420
52266
8457
9963
37141
16692
28373
3912
15050
58758
46974
58683
14385
19967
60854
13194
5345
42428
2821
2983
22970
6924
61504
19174
62166
3749
3937
45991
23259
28664
30621
4631
47621
42997
32223
34275
13430
54024
58073
1397
30470
23720
23225
38256
7893
14291
60464
5990
62642
26866
57352
16239
57053
20599
31735
59145
16067
64359
32049
47906
55453
12036
7054
64486
54973
17208
50299
16105
64885
38518
41734
46168
26140
46472
52266
50357
10938
49682
15166
45536
26646
12514
31853
7284
2597
52009
6576
8368
60914
41020
17527
37515
9947
48567
63791
25100
55514
44009
24534
41742
27739
25583
44090
49625
17205
27649
39496
3218
45976
33305
17607
60107
55054
49779
38432
5623
38718
12370
30588
19595
45308
60097
28566
17730
49004
52510
1668
63161
61701
60288
46929
33956
17532
26984
17205
62916
3841
34016
25429
64281
25537
24308
48293
62033
16068
38511
8318
12622
48388
4511
62938
8002
21965
12569
35933
45787
43123
12072
17911
57553
9620
22805
31773
44945
5020
57414
57686
51636
31477
26861
3627
41455
34813
12344
6844
48379
1322
5676
3858
3529
13398
9025
12941
49298
13566
61715
57083
54146
36789
3280
24499
44603
18343
50765
10892
21835
41196
38216
57694
16259
27325
32106
15801
42115
28282
24412
46472
49528
2806
21686
22333
28589
37551
42416
6396
51045
2388
23212
56590
20301
6506
12105
44350
6487
8488
51584
36363
12508
65059
41975
56676
32621
56669
13812
21353
44055
30492
58001
22954
41100
30125
5652
37471
169
56233
36509
32115
21332
8097
23875
57336
42555
28066
33999
59718
49215
19217
41628
28786
60798
15845
36448
30081
4363
32823
52769
44476
23049
33919
41757
7563
51187
30476
16967
53398
16921
30886
57656
64554
64474
23360
38408
10416
25457
18715
39738
62082
4147
11118
63883
13549
35149
64200
22435
25487
65529
29136
47302
1160
27961
8320
55088
9701
46612
27972
18647
36156
46696
57739
23358
52510
17645
8765
16981
43403
15704
53073
6908
28967
11997
30262
46607
2595
8944
42420
54342
32083
548
59154
9699
24011
50424
43870
37031
42269
49531
59330
4071
3307
64132
44775
12252
63373
30102
54445
31587
30652
39778
27343
62503
14489
18694
58190
44673
6479
2252
41991
47332
542
21757
19232
55968
27487
36813
27368
14643
46347
29453
46472
24260
5678
61980
55835
49581
14228
25303
47799
46767
61514
8589
13565
11538
59379
380
57903
52277
44659
37125
29700
38304
28972
41020
30323
52953
8103
4598
23667
48655
49445
33710
15610
32009
19292
35650
7464
47268
40148
1922
20526
42304
39419
14279
62105
42856
9371
42734
32
31153
61248
23488
1264
40032
27554
5734
9136
64909
30270
31253
4131
5113
9107
19421
17680
3198
36315
18024
25595
64859
24047
38999
57071
9115
16294
56201
4515
39342
53426
55697
37166
1219
49842
38739
63854
11863
1660
64663
52349
49720
41628
43268
58798
45752
21247
23779
21839
11176
23724
61504
24256
53064
32058
46205
35907
13722
26092
6766
46022
46864
48001
50194
35414
65527
14158
55209
9429
46704
35205
25703
41604
42700
47357
31779
4784
25770
62702
40272
22423
30629
18504
51775
467
61285
35426
26577
58382
48153
28313
30206
9130
6742
35272
48975
56935
34279
13572
44081
17066
56579
52630
24905
30417
46715
13638
28548
10730
22842
42654
49965
54584
31916
2161
39201
24397
1190
50281
30449
36892
14305
28270
42122
51196
43169
51318
25676
25446
27481
60747
26501
59213
42271
16286
65519
49620
30270
4332
26382
47388
62468
27468
13051
40331
43982
38035
4695
2900
36247
17066
58625
15445
2929
56500
52720
59712
16905
29245
57944
12620
62994
41853
47904
38067
11148
39218
21757
61314
52506
35378
33428
56666
39310
8765
34014
55126
52618
4472
14345
4949
46519
57871
30130
43810
55787
24479
48933
49498
5565
28425
55700
59376
32702
54305
40175
32152
48014
52845
16376
36871
23424
39832
40854
49782
47699
64909
60621
29908
50295
16678
2016
35589
35591
11475
20124
34193
10938
1790
56953
14191
856
64735
5094
41764
47892
8885
3581
17904
12518
30036
29199
37972
65295
64156
4208
48387
47127
17127
47337
1509
15289
9510
3190
18321
24444
63161
19068
27683
23210
44713
52028
21562
30333
56892
45321
35816
1897
12492
33772
64709
1238
7977
24823
33179
38304
10280
28316
48814
4144
57029
60954
58407
32910
28481
46994
2596
27066
45161
1242
34090
345
40133
15937
38577
33014
27688
28069
7726
60178
40938
34470
10005
33997
48683
39431
5632
14967
965
16942
9492
58158
23958
37197
62927
36429
42047
33939
53091
6409
14008
38057
22581
41306
43320
29605
4925
35643
9127
59406
34039
20539
19604
46112
36326
20213
56359
10355
22816
46095
14371
7286
44543
7680
16878
61495
63053
23742
35802
64232
51798
10988
41903
9267
64787
8299
40669
19741
20195
24839
3555
8931
6187
24887
23476
2479
56747
15127
24126
51529
14447
51382
33171
35144
28627
9249
50364
57702
19107
20172
4349
31203
5253
19652
52767
53766
48278
38922
18856
43061
40316
6300
15221
37878
33031
28565
20584
36067
25490
11569
24479
26216
10143
33416
3480
14963
48772
1244
34853
6691
42756
47548
38365
23915
13494
4023
2781
37296
51559
36395
11744
29179
29624
17125
34716
13250
62792
47053
16477
41285
8761
1617
45612
25587
54092
34913
44411
41957
5385
49696
38232
53913
621
24056
32476
24850
63252
50419
34229
58743
51081
52008
36963
46633
12169
55699
36232
53692
2439
36795
26480
26054
14005
2703
10417
3789
40338
1553
52382
1799
42851
5437
63537
4617
13321
55098
4880
44225
49903
12762
808
31839
42300
62227
3375
9398
53051
44947
39143
39014
39051
6324
13181
22872
30078
377
41640
47002
6121
10944
17328
22008
2485
48006
62946
12627
44913
4582
5353
15653
61321
16902
58548
54117
64943
5817
36400
62026
8212
24844
8325
45304
13076
51415
51261
50722
31197
24835
22984
11410
6021
55187
14671
12485
5274
42449
30689
5342
32654
19717
61446
42899
46153
58249
60707
50266
60616
52323
33155
61360
37224
24597
31338
14317
51991
7158
13738
15707
15103
61520
26842
33857
7694
56667
50364
57393
49906
53882
39860
8234
52676
46473
31247
26802
12896
26967
4397
35799
43682
36775
58333
22114
28952
64298
28523
36958
30743
36010
61153
43472
15395
7969
7568
19583
16286
65205
26096
22562
57933
11006
42953
30664
65117
14941
53515
61466
5668
3936
4192
33314
43962
30906
54241
61181
38913
65517
52042
17245
9419
13158
56743
13770
37624
61652
64599
47528
51908
52064
36397
4497
60287
39386
29547
55228
59260
33258
13324
8113
37573
25811
17205
18639
62400
61569
24
51498
11368
6514
59716
44953
47397
44081
52191
34419
49441
43513
8007
51610
61984
35050
29078
2363
58641
27159
15445
46566
63204
31151
17838
26565
21329
7560
7501
57356
58768
13101
22597
64613
40917
25432
44938
9209
37156
53406
56752
52063
54061
51567
11161
56287
54103
22958
36556
6703
44478
27569
11767
21251
17386
37871
1497
11505
50343
57658
42490
55967
24337
24887
41964
41231
63997
25379
28128
4276
11960
54409
9843
65003
12467
17261
5504
31662
31219
51537
1305
44345
43018
7415
6713
36962
16721
24727
12193
6332
31235
44524
28089
26152
47006
65057
27179
39464
57841
8596
5964
9085
439
49964
65103
20106
27951
8647
56987
15136
27999
19124
63841
25839
44000
23313
9863
62616
29704
56667
45406
38901
53938
53931
11004
25994
10796
41961
40503
36676
94
22917
19248
1633
42233
4424
26400
6068
12831
43052
1867
32245
37141
63048
49464
43064
39782
55823
59603
46757
17366
26152
15072
14053
34046
52186
18755
58962
40540
56584
24188
20541
60530
60215
48547
48750
56401
18428
18115
9361
2867
4864
42942
52467
44659
55682
13215
29382
19227
9315
29786
35974
15915
38787
41823
40331
55001
61877
34742
27715
55502
16480
50387
8602
20424
56727
14031
58076
22901
33518
37224
25660
1459
41690
621
64754
51660
30881
28419
15244
4584
60545
53021
17264
34139
23360
21284
46999
52484
20863
24002
51576
12210
41175
23019
18007
7409
57192
13313
46050
1965
60727
2002
13271
53857
17813
63875
18885
12945
65304
25945
22340
19361
56171
41163
27658
28795
33474
14334
56173
17002
20525
39190
9550
9111
31576
60813
38566
17183
41419
4428
59272
36069
56592
61383
799
65424
46691
27583
58260
21446
48404
291
32092
55699
53622
15351
26555
62367
7204
38780
29648
52740
3457
53594
14510
33375
47566
25513
3866
31004
24400
34528
19261
48584
54152
59369
38130
61705
33817
7506
39938
55268
9316
2809
58321
55504
39889
15391
3723
39253
41493
20449
47097
56308
4023
62572
28066
64460
45618
54629
26138
23861
29833
13119
8947
20106
2494
52559
48803
23944
49815
25620
52032
35537
21059
31391
47771
46053
1441
63566
2335
41194
14713
6074
47422
51
2242
41070
2135
39889
17233
63958
45708
56634
65435
1715
38124
58090
8429
61271
12791
53381
34765
33342
45475
33804
24641
17849
16312
28270
64535
24893
31047
44055
16961
45313
32035
12417
58258
60910
63909
38381
32510
29484
44320
39956
62759
15793
36275
14719
15024
48385
51323
29137
37972
50495
54852
149
7896
1436
59818
345
43476
20348
24594
3796
60432
34008
34397
31245
36512
13431
29573
48778
46861
47346
24389
20470
15487
6334
30705
20899
40835
5350
3081
45371
40738
16907
26505
33647
10192
30728
48770
36816
22717
61264
13413
64705
35229
45465
40235
58096
43758
17060
42244
22622
46955
54179
61436
12185
53539
10721
23333
8333
22047
1514
56543
237
16262
360
61615
65378
1025
23225
41628
21650
44045
29251
8913
4570
45629
7525
15333
58514
45998
16037
5307
24112
7209
62280
14999
42198
5422
48343
3195
55126
50470
35657
44740
20593
42193
55379
57941
17700
4002
17862
52459
41192
30282
54994
3529
47805
35427
17998
10685
35845
7131
7409
30884
39665
22202
52899
11971
26716
43043
63564
41221
51603
55944
28707
22314
30211
28944
38054
58315
56502
37578
37776
58752
42946
7444
32137
26049
5422
57521
57655
26452
14961
18434
4635
60084
55767
43849
45876
48959
9553
42591
44027
64089
21391
35606
1086
24142
42346
34115
32932
17239
61174
7803
37185
23686
18428
34049
32621
31519
63164
56444
58729
64139
54442
19994
47469
30748
5839
45825
10581
17621
14619
39011
56900
48811
38010
63703
20993
2596
38494
61469
47179
3810
32341
13303
2113
17066
49884
48925
12796
41972
29274
42990
41569
15020
26452
21902
63430
62191
11918
23349
56148
15613
4973
62135
19107
49401
8436
22624
585
50029
16667
39037
8468
37522
42387
32040
7249
37232
1296
14841
12596
52504
6891
7747
40065
4042
62899
45640
17742
64426
34842
51015
11464
9986
24568
23986
33997
36357
29118
35558
53789
16660
39727
38780
7756
43662
58798
41376
32443
55239
37730
57267
635
19553
23472
61546
63331
9426
15943
46099
49910
58873
62765
55756
47649
12319
57011
29038
21809
48679
42497
10147
3162
34547
23746
42657
63141
63036
21779
44375
25136
10858
58708
6036
57364
25559
28270
41421
40059
35055
40338
23022
2389
63608
1321
44382
30256
60850
64684
38366
35014
8625
1189
49113
14040
34507
54992
7850
15684
41637
1866
36316
25616
33983
55950
53417
8365
55499
57541
19473
54888
62431
28501
61892
9486
14797
62881
61308
21665
7654
1432
55788
5166
28617
46373
33586
22197
53485
50472
47481
4854
11151
58525
18188
43604
45752
2661
19218
28388
831
44423
56137
11063
29325
12688
53313
20564
35326
23443
10775
24039
57040
1701
29215
21004
17639
43968
24523
6076
27916
56277
53937
52968
24316
55160
12456
29163
14986
9020
41091
10156
21526
64943
46785
43476
56150
61302
8915
51329
33311
49867
47862
43801
11307
6711
16183
40112
7970
9029
44126
26582
24024
14799
5551
28784
41308
65527
42461
57849
11897
30159
12759
35909
23424
8908
10923
20657
36260
40549
17640
63588
1933
33331
27868
32440
41142
35633
19720
64963
17309
40644
57381
19595
18834
25058
43364
1304
24942
14652
16615
39972
15878
19702
58779
12106
41449
7893
44661
38427
30761
34631
53134
8002
29172
11447
34795
37864
63704
49922
2470
37303
32394
48345
53702
22488
62335
44268
43792
18856
19099
31555
9225
26068
51218
38416
22359
38710
51502
6132
59800
56123
32981
16595
14912
25800
39654
48920
24480
56808
3666
44479
5445
22147
53748
5082
55263
328
32040
51640
38247
48811
15433
50960
17516
42925
11137
13689
11705
65179
25203
37457
58684
39214
8781
52643
43300
25502
12484
27454
19913
20978
53994
5946
24830
50205
56123
23178
3414
56198
42019
8807
7970
17494
26981
39669
46924
37265
62985
52000
64063
14619
49867
20047
16149
41260
35302
11835
30333
20188
18749
48897
6087
42686
33428
56260
49922
53523
739
31782
756
41447
43668
39591
5392
40096
13932
55364
61035
62178
6537
44827
40645
39340
54550
62099
19496
41311
36961
49641
50372
8122
44410
49066
5429
2067
27790
10823
36664
52300
2494
17948
5498
22272
5623
15469
46205
64268
29972
9177
54991
61975
31619
59238
63037
9305
6720
57336
38176
17339
5366
41425
4282
25721
44553
30448
7506
33829
38070
33916
21143
1856
1975
3111
10888
44972
4869
8962
13708
16556
34634
38308
7780
16580
32346
10643
52309
22597
58447
25535
62283
36135
579
47420
36951
21963
5429
34618
44103
14961
28311
5634
63949
4963
62377
59264
56225
40594
27300
9238
65003
23993
30733
10604
28548
48388
47327
30507
31685
10980
11046
22276
4983
39218
28396
10506
23535
52436
52233
57661
50783
49112
13567
57867
59442
16488
53748
34349
29464
5073
49532
54059
60546
25868
44959
21972
8679
61181
26515
32527
56992
38488
13372
37784
21601
55415
9753
49932
13334
43071
49812
28401
47115
51480
17424
30222
63880
45827
61304
65154
45312
44986
56337
4098
60679
62474
54171
50336
37856
61187
7979
20836
20654
22075
59161
61784
26084
16542
65356
36276
45484
1579
53954
40958
16591
52841
8172
34116
42597
29482
48792
57704
16747
7358
38734
49200
9707
12622
33733
19362
45473
60505
23215
4825
5899
14464
22641
46400
50679
6748
12060
48351
36313
21359
44874
63494
17734
10064
31629
40711
57003
53381
24300
26589
40176
28909
38067
49623
31280
6974
39748
10024
42600
51481
23993
14769
7500
33107
9772
60963
51406
41014
61147
46476
2305
64061
34829
44261
34594
45830
26253
32083
30690
63164
48602
19571
62854
42716
20612
63449
106
51242
40413
29279
20704
48327
37703
60736
33989
47839
3970
31458
60541
3722
35185
25000
30830
51702
11762
16011
33783
24220
50958
37719
47398
3613
61421
9954
52422
18149
8873
24340
8369
50056
3361
50245
29631
49562
8679
36393
52159
34888
41758
20104
44261
5877
47127
14836
52266
64050
25535
13701
20954
18189
3832
6054
17421
17445
52137
52042
60898
16764
44846
63755
54156
26924
30274
33851
29163
51915
57138
37514
26068
4823
26898
40338
13693
50722
52445
36667
49965
62763
63379
10030
29527
31090
18043
45181
5613
63039
42977
46815
24918
61797
46513
30402
45712
12207
37278
54868
18138
55156
41769
49847
41705
8692
49367
3157
37454
27768
52845
63904
60621
24937
29542
52755
64252
7577
47213
32268
43825
56023
1633
5429
15025
64292
58077
10704
19140
38169
7970
32391
29719
22042
58344
44387
53270
57069
56143
50288
17077
58513
26233
783
15575
14090
40308
15660
41723
31416
44671
12271
22991
53662
4389
36885
23030
61964
57832
32543
26477
36690
52965
38659
62026
30464
47097
19784
17447
43524
21664
5688
11082
7303
37583
54026
56480
36315
13504
33100
29041
8757
18550
58045
54832
50029
30173
40819
32859
22589
15755
9810
23488
22886
65091
31367
63338
43205
59556
40781
61776
60236
63965
49934
48559
65312
7178
17042
17082
54061
64191
9098
48811
30098
12122
30357
47786
46348
38210
10786
36720
62581
28927
25491
59055
51808
32314
35501
50761
33258
1348
24126
60088
34881
37027
8388
33565
30581
24282
8466
44231
42304
25144
16628
42273
51015
7100
33061
11962
10979
5353
53985
11845
45907
19180
19142
48021
9288
60242
48548
5502
65330
3135
37235
26041
47365
26509
64575
25379
24142
10268
13122
44263
37552
33892
24038
24251
52661
27951
51602
53885
28388
23939
19181
43134
36932
34830
10176
59169
2350
15728
10143
25490
54118
13741
21726
49134
27049
4088
48083
3822
25486
36314
33670
46699
4328
676
43971
51964
25276
42985
18573
23369
41536
63184
59502
13350
58606
32027
55677
17793
22036
26115
39647
3082
51808
39909
15426
6274
29728
34397
17611
45725
42784
56387
31678
58059
9204
33923
61975
56732
49186
28633
8275
23535
42569
5177
32759
65519
65255
58321
60173
8726
43243
24846
21056
59819
14957
26849
50458
39863
2809
2019
4644
38014
57327
3470
26720
29154
31745
65142
14256
50522
26413
6001
28498
31091
62404
27541
14242
39320
10965
24379
33527
21179
41612
13585
42854
43476
17795
38741
8467
16761
44000
27973
55477
29595
21117
35799
20219
21866
37100
37437
43718
56180
9986
24120
987
51638
44820
31244
63494
41147
31548
65003
12286
27175
53279
57661
32300
20124
29541
4656
5306
35154
11392
43443
56233
54837
1383
6274
26991
62551
36290
38876
129
51861
21600
4432
22566
60444
30336
59649
5526
47959
26565
20400
52126
25370
47606
18682
13612
3190
1523
16368
56565
28251
29605
59044
59494
61866
6903
1081
10310
50612
14009
45801
54402
22236
4269
7075
63000
42670
56812
17160
53365
518
4865
45074
9318
62413
24112
48091
6266
15348
26404
46100
2393
49962
3178
9313
34588
46524
10319
39103
59733
3748
41044
65254
34039
5354
37827
46323
21316
41285
58457
9485
10390
16193
16682
50418
54147
48764
11126
397
27195
16294
18281
2757
14394
18743
39307
7003
17366
4648
59082
16707
28242
63958
47545
10948
64256
18438
30661
56210
6638
14847
6679
60427
39090
7255
9289
64230
27263
15248
49131
23286
44295
19291
55242
58715
53541
25892
2389
60329
29079
42513
53654
10258
58901
12980
63700
36199
65366
6834
64288
28110
38798
26468
921
35153
26978
23640
40696
2974
35967
63918
28176
62262
12131
39335
5424
62906
10828
25985
50012
30353
49799
4540
2651
17333
9029
5918
52655
1351
26964
44568
6721
17269
59284
3641
664
18188
28788
4352
43704
41024
40545
10345
39537
50622
31629
60644
5633
35377
46885
5121
44602
39856
48652
58909
3909
51608
42212
54492
14614
59275
6932
3411
43192
11566
50725
13332
634
48603
31951
52559
36266
16433
59928
43119
3901
18263
39236
43282
51001
17066
44330
15525
45477
64965
43675
28655
22244
59253
62042
4208
37079
62114
9302
49272
39210
48196
20844
19373
52755
63153
769
10416
36018
24609
21500
30931
18819
62791
39862
6899
21288
10693
29176
28240
23829
25884
4304
19140
19464
14688
920
54546
12307
3414
61937
35798
42205
15797
17720
45431
8795
30621
39737
12873
50848
23918
17641
38533
23958
6818
1560
54368
51451
38855
19796
7163
3181
49482
50424
31367
13867
34961
33384
41677
4939
64354
62204
9550
33781
47552
17923
62432
3175
64065
15774
6713
35370
64000
44602
18688
27539
21638
21674
39994
54388
12724
13059
56555
31926
37058
40947
49018
16870
39459
60478
10921
2951
30061
21142
2297
347
28977
8731
59004
16070
51636
9174
55157
28393
14490
61192
1624
47462
31577
26832
18749
62822
47438
26739
44081
45488
27297
16403
36414
44872
4270
12732
19624
13321
20265
62960
60678
47995
21614
37970
6998
51945
18405
18716
710
46598
22364
62828
5748
44934
42685
41690
11459
30043
29118
49594
23185
15133
5743
30300
61750
32120
49426
37101
2252
23551
46551
8370
19155
8979
40999
39044
57063
28180
30957
34596
23473
57988
40154
63624
28324
42411
29313
407
48919
15560
42938
49495
10157
17929
742
5042
20344
49555
47989
37437
20214
15970
30057
34959
36327
11729
9344
35224
44931
13556
1612
35765
53353
10058
63934
15879
42925
1222
49445
2620
11939
6257
37182
34021
31221
60852
19785
48433
24795
43058
14013
44671
57194
64929
56752
23359
7953
32207
48941
25915
49007
58481
15336
16218
1264
34618
11673
36500
39243
1550
28251
51332
4002
46644
42204
3379
9639
35144
41802
39934
33279
3390
30472
6213
23021
47637
27324
18285
52001
38492
18155
63492
64069
8807
7218
2864
43445
35338
23624
22506
16756
126
4202
61293
16615
67
44485
64156
42165
22906
50970
10709
6974
27148
53551
13460
52251
3673
64971
59510
34030
51703
50269
31667
23398
464
64693
41692
25128
51159
49561
40731
24718
45543
52899
55029
57857
59117
20330
24809
871
11780
63878
36364
49326
17657
25039
18835
42244
33478
59180
19701
10693
42181
18119
32054
52343
41224
23698
20072
47298
17359
27185
8621
30324
54673
27132
8935
6038
21586
34368
29610
27452
39722
54641
41437
14013
48286
62417
7173
47397
50466
26797
9184
34586
32667
21066
58237
44654
50444
22857
53523
5952
26525
2563
10612
32419
41536
43244
868
64351
28281
48316
35193
29474
16374
20301
26440
35164
35531
10041
58148
38573
52638
46861
2155
14091
1182
6779
22024
64366
34761
29912
62707
37583
20833
33197
50487
48170
65247
26432
1076
14223
41116
34213
49195
14493
332
44598
59406
32867
45299
37972
48550
37362
30419
59615
62148
14869
12174
45543
11390
19509
54273
13867
43513
12383
7240
16067
4910
21162
50274
28678
57078
59722
19104
20870
45589
65201
17750
65027
63704
36671
63830
10546
57883
17693
54850
51887
13627
14841
26359
5613
15994
4092
25721
198
5383
60806
42463
31441
45096
58341
34459
54794
46153
60838
17940
57088
34378
4852
2349
37733
53911
61964
43900
65274
35444
25566
4346
14423
20737
62477
56795
60534
25860
38216
9524
8365
14994
45157
8813
48764
16743
5671
8055
8589
23271
33991
6132
23546
41573
56543
39863
40492
7739
65428
58457
4894
20646
19531
42509
4148
1757
4333
1922
57954
13267
34640
17414
50762
50851
8843
32841
14754
61187
49498
23581
911
43960
7051
42495
36531
21063
64385
5786
41576
8213
3227
63566
4267
62653
23408
28822
30492
9235
11051
48852
44065
3039
64020
1627
39274
8069
26802
3423
47663
38352
28126
61304
58906
50308
32438
49812
19161
6638
6908
1119
2458
13912
29763
3250
3323
47060
45475
34139
60838
52587
37459
2039
51377
48846
14961
44546
41615
32489
55379
57541
33331
62204
26392
50512
7569
54128
48671
17754
40026
25572
56255
26505
53684
10657
41853
12177
25918
32025
38466
56083
33482
36006
34348
41192
51649
44295
34569
13893
42103
33793
43508
45071
36012
17639
64690
10168
64526
51006
14672
14982
11748
50987
46782
50665
27240
51187
16853
28801
65337
61741
27295
29225
16849
21089
48963
42962
13010
8501
47449
26734
4213
2531
55385
15551
3292
62632
667
36227
26155
3866
535
50074
5163
27293
25482
44468
24397
37021
31943
22151
2161
61355
56427
33290
3841
40548
9447
29477
6557
34117
29890
50624
53279
36530
3414
32037
64906
57702
27267
49962
12353
63197
18824
7067
24881
14961
47140
62801
53882
9426
61605
28690
16039
2432
2992
11426
37115
60039
36170
27632
50466
45038
63056
50290
44880
16436
43903
26012
11059
44300
6885
61642
24095
52188
9752
11711
5952
22220
32612
25379
24516
21657
32378
63453
33338
22230
11640
48373
32811
368
10454
51730
11126
39100
10340
59058
17760
492
41925
54494
30978
57304
15897
33082
58684
31959
33082
19822
62969
23689
29938
26557
32431
13285
62257
5888
30989
46771
64548
36856
45601
12477
27463
23762
2783
65009
34952
59607
40338
43928
56233
16118
26917
43114
46395
52222
22566
64277
25
48244
44459
17814
64586
56413
23381
5345
48010
35526
21337
28098
59661
38018
25571
42896
59157
44124
27783
43738
43605
40398
27522
38548
18743
57360
33707
54150
59536
47870
42152
45890
19336
50096
1361
19896
43163
54025
6888
37437
35373
31694
507
19045
64701
35485
17984
30071
29199
64909
4688
32035
41412
50095
61468
53992
10909
28870
51481
34573
55063
51582
55080
46472
25874
47093
41701
57008
21587
64633
4535
35154
268
56851
26654
7882
35930
56883
46082
61237
64157
45758
56161
17816
49544
42131
52382
30621
50845
50573
33429
61989
1773
28051
40243
39909
62733
44509
7280
23928
58350
28271
1726
28010
5366
62066
33427
5396
17835
11980
30969
22850
5375
59794
45820
34549
3599
36393
22674
15513
1692
50872
15041
58224
46117
16785
29938
12025
46681
24652
42274
41744
64385
41991
46679
57030
41046
20147
40512
52210
2190
45805
61423
62104
49074
22288
39298
15354
43425
56494
3461
37253
59262
39001
13813
4845
34096
13132
49062
17305
22267
21839
45468
29443
21750
38659
55855
43163
41192
26613
25974
56021
39886
8953
60345
34692
7804
55949
41528
22390
12844
38231
39339
56810
2339
8569
55429
64448
18822
48963
52063
39541
29181
62796
59572
17020
40390
18365
26874
55242
28083
19532
56997
32180
62754
39298
49940
42634
51148
7342
43048
24412
148
68
60552
27326
28513
28030
64884
32428
37605
5637
33741
13030
28296
53965
11474
3240
5804
62566
36667
35427
37657
19474
31968
9203
64925
55617
31151
56474
55617
52733
18634
13770
24142
52008
52162
55760
6255
62994
32130
13501
38685
55659
19315
40227
43903
46404
19951
1752
37864
32750
53233
47028
2720
27296
29509
34266
18161
624
46205
3815
25974
41387
26047
61602
61035
12577
3272
11002
62912
353
4664
56672
13511
23656
9742
29712
4820
52799
41711
53350
22894
16070
23706
6891
2518
39799
30922
45499
24371
42829
57850
42489
39186
33236
15931
21176
45854
32218
63561
13070
37337
61950
21601
54746
35626
47109
55006
7397
63054
35184
17093
54794
56773
32346
18621
55819
60554
54324
9744
46997
62119
52804
3524
33294
62587
53020
50805
2981
21022
7542
18451
41278
54958
58885
52264
62679
50352
27108
50424
40484
24844
40323
52169
4636
21487
30822
60761
2836
57626
58120
6631
22343
35510
38098
11505
41800
61785
4899
17001
20125
6545
37643
60917
30563
40316
27948
19319
45994
23535
40398
46803
15908
24516
50556
19181
39267
8699
57486
49132
39273
59790
17208
62512
58802
34440
62386
4820
58817
8065
53216
1365
36586
7119
10862
11157
4918
31531
18927
12014
53436
62401
52234
62890
40849
28245
45364
65259
14297
22627
964
55299
10157
48778
179
8464
25625
48101
26538
35960
47403
57907
52096
7406
5380
29479
16049
18704
23580
46761
6875
8780
19099
32527
20438
63641
5780
32766
31499
15209
34268
32824
32768
4721
9134
57631
33801
43505
35232
63041
28245
54695
31714
14237
42507
20352
39919
11725
60270
19614
40451
64440
26383
62468
17947
41786
31535
8034
5223
48305
22074
27329
48811
35515
11264
9238
64851
6686
61540
61589
14299
50716
28308
15637
39032
50139
57552
63828
1397
55971
49891
15684
28786
45809
55217
27905
46228
53625
44666
799
12897
43130
12368
27235
5657
13288
18907
15073
35688
21138
19042
50116
59036
51968
38720
13656
10235
4973
19949
51548
4853
8467
60264
56666
21929
24478
22896
36500
18953
62122
26553
1604
19994
9979
2895
37327
18491
41748
3057
34319
5354
11358
51012
23427
56055
42936
15034
33018
8513
53830
41874
62765
40819
36044
61893
3585
14160
48029
50195
26846
25327
49842
38544
36863
7409
24602
28453
19949
42353
5438
22782
45323
48486
64712
31393
21765
18635
44574
26642
52571
16482
58375
55291
33257
10989
64291
32006
21752
44396
46208
7832
21583
33734
39759
1194
6705
42592
30864
12051
34868
47954
56998
17448
2470
24425
54707
9578
13375
42961
56273
58815
59940
45425
15705
33584
31393
10800
37421
59871
29285
13084
35611
8972
32123
21340
64232
26921
6664
61147
43132
17188
19335
38806
41807
5343
10937
48904
53498
21095
24117
45664
44504
716
809
32562
37556
93
42486
63343
29576
60833
28802
58307
42750
10290
12264
36954
54364
45246
4104
33626
45505
7854
34096
30164
21907
59179
2625
40620
53715
11685
62005
1626
28590
18720
20889
19229
63425
8233
33508
11223
22622
42322
31500
10340
31640
377
18740
24830
50889
88
29342
27365
39039
31526
38891
16870
27837
46020
4175
3130
29976
37886
57479
44297
4984
53804
44174
524
53780
64108
21462
26188
43561
14725
50816
56296
51768
15229
18885
35252
45486
60980
37942
19159
12614
35750
5847
43911
17876
15651
44231
58938
49812
7385
49620
40517
38612
48966
61900
39009
20584
4048
11811
29381
16535
32245
64410
1420
52998
43436
46802
8881
32007
58641
29407
17691
58449
42507
37841
10209
16462
1687
25448
3456
49502
58297
57152
59755
15746
14134
14160
45532
9405
56359
14816
14619
51895
573
60840
51703
19545
39497
629
61199
58354
40846
305
26270
57863
26672
52095
36285
56356
28877
50341
41958
47982
48676
44752
42731
54829
9080
64895
62985
45543
15416
46575
39147
60604
7348
45951
61160
4220
46997
11999
20758
54900
14182
43629
21539
17010
667
8115
38946
58173
56262
52135
7434
48274
31544
9419
53696
60413
11723
64749
41536
52288
31264
13433
39074
27579
42024
22754
50529
51994
44133
64289
6110
41336
30725
48711
30465
43632
41975
61132
19089
47331
36654
16860
33428
48650
28791
7256
49219
44311
55894
50817
23546
19739
23319
8542
13010
42499
42010
6991
5835
4025
4961
57247
30608
49941
18569
7746
63311
19949
35862
1737
45654
14650
10258
42120
25415
25922
41175
44421
47362
24803
29566
62276
61283
15572
20954
54738
59105
19510
25826
50442
64909
28795
62100
16349
25829
58869
25238
57635
1213
2868
39722
7737
65330
7382
41385
38371
2710
12244
27281
11729
59201
63030
60956
22956
19719
33340
19292
32247
28584
45751
36774
47672
38025
55942
63187
16148
23264
35310
10686
16559
48013
7132
13423
43896
1685
8181
49628
47904
44261
6514
35621
27540
25615
63040
55429
30961
18869
57493
47423
7487
31211
56502
51308
56716
58581
48696
9653
47022
52244
65428
36059
54709
34383
39722
18550
49086
61480
46732
14368
34418
56012
15960
5705
62430
48463
409
11693
25029
41084
20445
39014
31028
43204
8043
62386
51848
6231
18349
40652
15866
21871
3171
11126
8555
26320
59539
29422
15673
50475
30172
63652
5484
856
17922
16472
64376
3470
27049
37706
60891
37453
58319
14536
20042
61905
24729
20154
5635
29309
45484
48853
54005
64789
4820
36729
29213
65310
34754
65336
63153
62119
28281
50063
26635
2567
27341
1479
11767
41953
57278
43373
62438
47690
40063
1121
10719
44921
23361
22977
37990
40563
57145
33274
50964
18428
50923
56462
2556
53952
52346
15443
48192
36101
34584
47365
38698
23424
63360
3635
39132
7605
22966
5227
21291
53781
1361
39963
54148
42171
65296
27211
745
24711
57890
22483
43151
58827
25324
50630
2648
50710
18484
44509
17953
31024
3159
2980
60127
59918
25998
19821
4150
14776
60059
29418
6349
48371
33335
37829
47242
49419
58255
28158
27977
35707
62837
31663
62662
13403
10474
51576
767
24159
37014
35871
47487
48100
61979
54399
59503
26880
38278
32095
32194
57088
4617
36823
38350
59547
5893
38749
60917
44597
20876
58096
3158
22098
59421
10370
50711
26845
48646
37412
30766
126
45447
6953
59356
20584
5913
12021
26943
61210
8679
5455
36541
52145
48177
39290
42228
18469
40398
10904
43257
61515
9157
19304
32776
5138
39961
27860
16115
40426
18736
59374
54449
46784
19304
46430
10557
46861
62759
22116
15519
45578
46506
51827
48803
46331
35398
33376
57144
3326
50242
49949
64712
64518
11922
45210
39204
42515
34766
47368
46316
61820
17197
9079
32471
35661
29796
14549
17978
7960
45258
39776
65247
6699
50735
55207
7389
2887
11153
52762
38611
19612
59369
45
43783
14961
59360
12760
60416
2775
29438
18778
26048
56149
58600
7686
28597
56626
49946
53850
38503
57691
3505
51854
26565
19659
54763
30404
44426
19391
28929
26477
37694
43660
11161
57544
49238
3746
7487
14379
15229
1214
64463
37773
44866
49217
36499
32378
36285
28260
27650
54444
44025
48811
48629
12782
21649
2420
19701
38145
39746
45937
33455
32325
39219
22354
12343
62204
9969
54349
23515
54697
34127
16569
21960
51040
21269
9268
64703
15316
35767
29114
3189
61957
38911
12595
35415
56822
3452
13779
64526
55609
39028
40615
56409
1006
18915
51323
26459
44717
15252
32524
3968
41925
26172
56225
62547
57907
37370
50466
35020
14651
30801
43590
25892
15288
18882
62881
36669
13259
48528
6319
56201
64709
40746
11024
63293
35412
9872
31803
6283
12444
38367
39423
24557
42546
34983
37283
52424
58905
62966
42818
53726
45893
18734
9524
24360
24744
14878
20083
56421
18935
35308
56850
3455
43083
40125
2779
8050
28354
53869
62443
44953
1424
39475
55566
20776
18491
47818
18548
19877
29778
57135
22011
58907
14445
12662
43307
28350
6988
24655
50028
32017
32923
54723
4009
10829
51269
40398
9020
19779
12129
62131
4371
1775
46513
25981
4930
8086
40196
22569
62493
25973
6897
8428
46008
47409
9547
59384
5009
26108
23781
1697
63608
56098
30780
39738
28326
10648
32880
34750
38503
8843
57695
58865
65282
1138
29957
25048
62550
32642
44350
5958
60242
43169
53188
35085
65327
28533
13703
41637
43723
18862
65031
43682
36809
40407
54655
53218
9115
8443
11372
36796
5635
62526
31414
18152
37853
34958
30012
43569
22343
42585
5698
11490
39452
31501
13119
16029
6781
41981
32854
41788
15943
57543
39125
58525
49294
26961
50972
29463
2589
36101
40432
13413
50488
36181
12981
9584
13831
54485
30748
64771
22158
8765
37210
15456
10938
45893
42030
58927
38703
18106
57677
34030
15180
12514
29166
48373
20357
55115
