379
547
694
274
405
1146
862
624
1790
1762
1053
1680
1235
1047
820
155
1157
225
468
1409
1882
1031
564
1518
561
693
1454
186
1573
280
492
160
1392
658
1090
669
84
1160
1397
281
718
1739
2045
714
436
1809
1769
1071
361
1223
1124
949
1814
442
1989
1336
183
1882
354
1427
648
1892
1970
1475
17
1855
1207
949
746
735
1943
1423
1303
1259
99
107
1477
950
276
656
366
815
1745
2047
1705
1918
196
71
1710
627
451
705
66
1838
89
655
354
1674
854
1811
275
799
1593
616
649
873
1049
1979
316
1091
726
1755
226
909
80
2019
729
120
1802
1127
1327
479
880
1928
186
1781
219
1322
1331
1995
1600
1350
1739
181
289
201
233
243
619
597
777
1808
986
1025
485
1452
714
596
629
1365
676
1826
1438
1243
1047
227
240
1154
1630
1993
858
1193
1666
1320
935
1323
651
202
1087
513
1691
325
1192
1127
1573
96
859
1746
525
1254
926
189
1868
341
701
1566
1856
1747
961
1494
296
903
1475
587
198
1676
1594
647
1784
1953
1922
1607
472
658
1354
917
143
1457
1434
621
486
1160
1544
1404
1350
1972
174
1690
1429
148
437
1846
1265
1252
506
515
1734
2041
1260
1611
1402
1220
1417
504
1038
723
98
1734
1237
1484
1113
1175
555
39
1214
1356
1670
1085
1515
1178
453
1152
1235
80
1735
1347
762
802
971
1451
25
782
514
1096
1351
214
489
1034
129
359
1429
1269
570
1508
537
1307
134
216
1361
1801
1184
1206
1143
1653
644
786
1548
203
1758
1849
516
1764
955
484
1019
1538
607
1698
1730
674
967
1326
1713
1571
898
538
859
1683
1330
15
1943
1717
1337
1725
391
19
673
1988
1856
327
648
1578
1398
896
1195
1258
1674
1755
1628
438
1541
1529
686
619
511
856
1000
869
1661
688
1803
87
1736
1920
1671
568
850
1599
53
1351
1108
2
1624
1460
665
270
397
1457
1761
1534
852
1824
1321
192
859
898
725
215
1241
1635
89
1869
1759
3
937
1418
1614
982
224
102
72
743
1219
1974
1416
85
683
412
1708
1070
1424
775
1598
330
164
475
478
913
1070
1282
1725
1886
1539
1333
1050
1908
148
61
52
1950
1848
1565
1185
590
1978
443
104
760
575
1500
1686
434
1515
1038
478
603
921
1076
1305
1309
1480
906
1364
1779
1626
1771
1109
171
698
1009
1981
279
1286
747
57
180
1536
730
1565
1438
207
774
1737
630
202
2016
215
207
1850
364
195
312
375
1109
748
1985
295
188
1097
626
1017
1820
1435
778
292
323
997
414
443
270
718
184
38
1243
1754
155
1110
612
443
879
336
1570
89
1129
1391
1977
169
1219
132
1595
1750
1749
1640
1191
993
583
1253
1600
1942
1225
1617
1999
1942
937
437
488
658
88
301
1348
776
841
481
1669
28
1550
731
500
1775
1618
624
1256
1151
1318
1672
277
1868
1885
440
1124
154
557
551
1723
825
132
294
676
1001
550
359
1518
1509
237
1071
522
501
1708
744
1470
499
838
1738
940
708
247
2029
569
1633
1502
1377
1911
1686
48
1686
921
1055
602
1877
1626
359
1838
288
1110
1485
1885
1870
1953
945
1045
1369
24
1199
1604
514
498
1244
1175
160
425
298
1298
52
1576
947
1782
552
1824
589
409
418
1501
1537
653
1103
43
444
2020
1600
719
1951
1009
1179
820
528
186
936
906
355
976
1516
746
1269
33
1712
743
920
1023
1730
1945
306
1097
1140
396
353
437
1573
1095
1959
2046
1526
1896
1932
756
531
53
84
1811
1036
1200
822
899
1860
163
1554
1990
334
1847
1164
1003
41
748
1704
1560
804
1944
741
965
565
324
408
212
1058
976
1060
1040
383
1285
1022
1147
546
1227
1669
1095
1405
1909
478
244
1069
1755
414
1298
624
773
1261
104
1810
455
574
1830
805
1159
783
1533
738
1550
228
889
1881
596
1115
556
1744
1230
1910
745
1029
490
1904
311
577
1309
286
328
1870
1620
261
1012
1365
577
671
269
772
628
1955
1627
1921
595
82
614
479
1560
483
253
409
695
12
486
88
952
425
55
775
1889
1127
1552
655
214
1576
586
1368
1789
624
1472
694
266
2032
1043
1579
98
1615
909
1879
191
1809
668
726
545
463
785
547
1606
1433
618
300
1361
1000
313
1431
1913
1132
889
1525
1078
679
1079
1705
1322
1782
285
234
1953
103
1012
239
1227
1391
632
1776
2004
711
675
1303
578
1775
1281
779
1544
868
1296
146
1076
1005
400
634
1313
443
59
246
1939
1546
1894
1203
1753
1396
1305
1747
235
1722
1502
82
1747
1510
1585
382
1559
1551
1571
2034
1409
787
1635
490
1424
899
1037
1634
756
1000
1657
1225
491
126
235
405
1162
1970
1016
751
328
1120
466
1892
1075
797
600
1674
164
1722
894
402
1160
867
632
1476
1949
2023
1968
1771
25
954
318
598
1836
1804
1872
1635
10
1590
1535
1185
578
315
1232
480
395
13
906
43
462
508
604
1193
153
1783
2043
558
1402
1528
570
1400
469
1827
686
1538
1305
1339
7
798
1935
1020
1509
1814
571
261
284
425
1391
590
1978
1200
74
1667
752
239
1787
1026
1268
1640
1103
625
1358
500
824
639
1775
1803
1779
979
2027
106
1838
1782
1347
1438
1927
505
465
216
1086
740
1981
319
1045
1115
1328
1057
635
681
1925
86
898
797
1253
115
222
284
1259
1518
1175
388
1761
71
626
313
1441
1987
387
973
1736
198
1449
945
1694
400
830
1254
463
52
1952
788
1570
355
427
2035
