10.35
5.91
8.06
6.91
11.00
37.00
22.00
4.31
5.42
2.64
3.54
1.68
23.00
27.00
4.21
6.23
1.45
16.00
5.71
2.93
4.34
5.65
1.45
5.62
32.00
2.80
5.61
29.00
1.78
3.73
31.00
1.66
2.73
23.00
4.17
1.68
9.00
5.28
6.01
6.85
11.16
15.00
6.14
2.39
2.85
1.51
2.95
7.12
4.21
3.29
1.92
5.41
7.04
13.00
7.41
1.89
0.65
1.40
5.51
3.07
3.32
2.03
4.79
1.93
6.78
3.31
5.91
5.58
36.00
9.01
44.00
6.26
22.00
3.43
3.16
6.23
5.35
3.49
28.00
6.61
1.79
6.79
5.14
4.76
5.26
6.88
33.00
3.97
6.93
5.55
8.01
41.00
2.83
7.18
6.46
28.00
0.67
4.03
5.46
