dfs 2 0 0 0 0 1
dfs 1 0 0 0 0 1
dfs 0 0 0 0 0 1
dfs 2 0 0 0 0 1
dfs 1 0 0 0 0 1
dfs 0 0 0 0 0 1
dfs 2 0 0 0 0 1
dfs 1 0 0 0 0 1
dfs 0 0 0 0 0 1
dfs 2 0 0 0 0 1
dfs 1 0 0 0 0 1
dfs 0 0 0 0 0 1
dfs 2 0 0 0 0 1
dfs 1 0 0 0 0 1
dfs 0 0 0 0 0 1
dfs 2 0 0 0 0 1
dfs 1 0 0 0 0 1
dfs 0 0 0 0 0 1
dfs 2 0 0 0 0 1
dfs 1 0 0 0 0 1
dfs 0 0 0 0 0 1
dfs 2 0 0 0 0 1
dfs 1 0 0 0 0 1
dfs 0 0 0 0 0 1
dfs 2 0 0 0 0 1
dfs 1 0 0 0 0 1
dfs 0 0 0 0 0 1
dfs 2 0 0 0 0 1
dfs 1 0 0 0 0 1
dfs 0 0 0 0 0 1
dfs 2 0 0 0 0 1
dfs 1 0 0 0 0 1
dfs 0 0 0 0 0 1
dfs 2 0 0 0 0 1
dfs 1 0 0 0 0 1
dfs 0 0 0 0 0 1
dfs 2 0 0 0 0 1
dfs 1 0 0 0 0 1
dfs 0 0 0 0 0 1
dfs 2 0 0 0 0 1
dfs 1 0 0 0 0 1
dfs 0 0 0 0 0 1
dfs 2 0 0 0 0 1
dfs 1 0 0 0 0 1
dfs 0 0 0 0 0 1
dfs 2 0 0 0 0 1
dfs 1 0 0 0 0 1
dfs 0 0 0 0 0 1
dfs 2 0 0 0 0 1
dfs 1 0 0 0 0 1
dfs 0 0 0 0 0 1
dfs 2 0 0 0 0 1
dfs 1 0 0 0 0 1
dfs 0 0 0 0 0 1
dfs 2 0 0 0 0 1
dfs 1 0 0 0 0 1
dfs 0 0 0 0 0 1
dfs 2 0 0 0 0 1
dfs 1 0 0 0 0 1
dfs 0 0 0 0 0 1
dfs 2 0 0 0 0 1
dfs 1 0 0 0 0 1
dfs 0 0 0 0 0 1
dfs 2 0 0 0 0 1
dfs 1 0 0 0 0 1
dfs 0 0 0 0 0 1
dfs 2 0 0 0 0 1
dfs 1 0 0 0 0 1
dfs 0 0 0 0 0 1
dfs 2 0 0 0 0 1
dfs 1 0 0 0 0 1
dfs 0 0 0 0 0 1
dfs 2 0 0 0 0 1
dfs 1 0 0 0 0 1
dfs 0 0 0 0 0 1
dfs 2 0 0 0 0 1
dfs 1 0 0 0 0 1
dfs 0 0 0 0 0 1
dfs 2 0 0 0 0 1
dfs 1 0 0 0 0 1
dfs 0 0 0 0 0 1
dfs 2 0 0 0 0 1
dfs 1 0 0 0 0 1
dfs 0 0 0 0 0 1
dfs 2 0 0 0 0 1
dfs 1 0 0 0 0 1
dfs 0 0 0 0 0 1
dfs 2 0 0 0 0 1
dfs 1 0 0 0 0 1
dfs 0 0 0 0 0 1
dfs 2 0 0 0 0 1
dfs 1 0 0 0 0 1
dfs 0 0 0 0 0 1
dfs 2 0 0 0 0 1
dfs 1 0 0 0 0 1
dfs 0 0 0 0 0 1
dfs 2 0 0 0 0 1
dfs 1 0 0 0 0 1
dfs 0 0 0 0 0 1
dfs 2 0 0 0 0 1
dfs 1 0 0 0 0 1
dfs 0 0 0 0 0 1
dfs 2 0 0 0 0 1
dfs 1 0 0 0 0 1
dfs 0 0 0 0 0 1
dfs 2 0 0 0 0 1
dfs 1 0 0 0 0 1
dfs 0 0 0 0 0 1
dfs 2 0 0 0 0 1
dfs 1 0 0 0 0 1
dfs 0 0 0 0 0 1
dfs 2 0 0 0 0 1
dfs 1 0 0 0 0 1
dfs 0 0 0 0 0 1
dfs 2 0 0 0 0 1
dfs 1 0 0 0 0 1
dfs 0 0 0 0 0 1
dfs 2 0 0 0 0 1
dfs 1 0 0 0 0 1
dfs 0 0 0 0 0 1
dfs 2 0 0 0 0 1
dfs 1 0 0 0 0 1
dfs 0 0 0 0 0 1
dfs 2 0 0 0 0 1
dfs 1 0 0 0 0 1
dfs 0 0 0 0 0 1
dfs 2 0 0 0 0 1
dfs 1 0 0 0 0 1
dfs 0 0 0 0 0 1
dfs 0 1 0 1 0 1
dfs 2 0 0 0 0 1
dfs 1 0 0 0 0 1
dfs 0 0 0 0 0 1
dfs 0 0 1 1 0 1
dfs 0 0 2 2 0 0
dfs 0 1 0 2 0 1
dfs 0 1 2 2 1 0
dfs 1 1 0 1 1 1
dfs 0 1 0 3 0 1
dfs 0 1 1 4 0 1
dfs 0 1 2 5 0 0
dfs 2 0 0 0 0 1
dfs 1 0 0 0 0 1
dfs 0 0 1 2 0 1
dfs 0 0 2 2 1 1
dfs 0 1 0 0 0 1
dfs 0 1 1 1 0 1
dfs 0 1 2 2 2 1
dfs 1 0 1 2 3 1
dfs 0 0 4 8 0 1
dfs 0 0 5 8 1 0
dfs 0 1 3 6 0 1
dfs 0 1 4 7 0 1
dfs 0 1 5 8 1 0
dfs 1 0 2 2 3 1
dfs 0 0 7 8 1 0
dfs 0 0 8 8 1 0
dfs 0 1 6 6 1 0
dfs 0 1 7 7 1 0
dfs 0 1 8 8 1 0
dfs 1 1 0 2 3 1
dfs 0 1 1 8 1 1
dfs 0 1 2 8 2 1
dfs 1 1 1 1 1 1
dfs 0 1 4 5 0 1
dfs 0 1 5 5 1 0
dfs 1 1 2 2 3 1
dfs 0 1 7 8 3 0
dfs 0 1 8 8 3 0
dfs 2 0 0 0 0 1
dfs 1 0 0 0 0 1
dfs 0 0 1 1 0 1
dfs 0 0 2 2 0 3
dfs 0 1 0 0 0 1
dfs 0 1 2 2 3 3
dfs 1 0 1 2 6 1
dfs 0 0 4 7 0 0
dfs 0 0 5 8 0 1
dfs 0 1 3 6 0 0
dfs 0 1 5 8 1 1
dfs 1 0 2 2 6 3
dfs 0 0 7 7 0 1
dfs 0 0 8 8 2 3
dfs 0 1 6 6 0 1
dfs 0 1 8 8 5 3
dfs 1 1 0 2 6 1
dfs 0 1 1 7 1 1
dfs 0 1 2 8 8 3
dfs 1 1 1 1 1 1
dfs 0 1 4 4 0 0
dfs 0 1 5 5 0 1
dfs 1 1 2 2 6 3
dfs 0 1 7 7 2 1
dfs 0 1 8 8 11 3
dfs 2 0 0 0 0 1
dfs 1 0 0 0 0 1
dfs 0 0 0 0 0 1
dfs 0 0 1 1 0 1
dfs 0 0 2 2 0 6
dfs 0 1 0 2 6 1
dfs 0 1 2 2 7 6
dfs 1 0 1 1 1 1
dfs 0 0 3 3 0 0
dfs 0 0 4 4 0 0
dfs 0 0 5 5 0 1
dfs 0 1 3 5 1 0
dfs 0 1 5 5 1 1
dfs 1 0 2 2 13 6
dfs 0 0 6 6 0 1
dfs 0 0 7 7 0 3
dfs 0 0 8 8 0 14
dfs 0 1 6 8 14 1
dfs 0 1 8 8 15 14
dfs 1 1 0 2 13 1
dfs 0 1 0 6 1 1
dfs 0 1 1 7 3 1
dfs 0 1 2 8 29 6
dfs 1 1 2 2 13 6
dfs 0 1 6 6 2 1
dfs 0 1 7 7 4 3
dfs 0 1 8 8 35 14
dfs 2 0 0 0 0 1
dfs 1 0 0 0 0 1
dfs 0 0 0 0 0 1
dfs 0 0 1 2 0 1
dfs 0 0 2 2 1 13
dfs 0 1 0 2 14 1
dfs 0 1 1 1 0 1
dfs 0 1 2 2 15 13
dfs 1 0 1 1 1 1
dfs 0 0 3 3 0 0
dfs 0 0 4 5 0 0
dfs 0 0 5 5 0 2
dfs 0 1 3 5 2 0
dfs 0 1 4 4 0 0
dfs 0 1 5 5 2 2
dfs 1 0 2 2 28 13
dfs 0 0 6 6 0 3
dfs 0 0 7 8 0 7
dfs 0 0 8 8 7 49
dfs 0 1 6 8 56 3
dfs 0 1 7 7 0 7
dfs 0 1 8 8 59 49
dfs 1 1 0 2 28 1
dfs 0 1 0 6 3 1
dfs 0 1 1 8 108 1
dfs 0 1 2 8 109 13
dfs 1 1 2 2 28 13
dfs 0 1 6 6 4 3
dfs 0 1 7 8 122 7
dfs 0 1 8 8 129 49
dfs 2 0 0 0 0 1
dfs 1 0 1 2 0 1
dfs 0 0 4 8 0 0
dfs 0 0 5 8 0 4
dfs 0 1 3 6 0 0
dfs 0 1 4 7 0 0
dfs 0 1 5 8 4 4
dfs 1 0 2 2 0 28
dfs 0 0 7 8 8 7
dfs 0 0 8 8 15 178
dfs 0 1 6 6 0 7
dfs 0 1 7 7 0 7
dfs 0 1 8 8 193 178
dfs 1 1 0 0 0 1
dfs 0 1 1 2 0 1
dfs 0 1 2 2 1 28
dfs 1 1 1 1 0 1
dfs 0 1 4 5 0 0
dfs 0 1 5 5 0 4
dfs 1 1 2 2 29 28
dfs 0 1 7 8 371 7
dfs 0 1 8 8 378 178
dfs 2 0 0 0 0 0
dfs 1 0 0 0 0 0
dfs 0 0 0 0 0 0
dfs 0 0 1 1 0 0
dfs 0 0 2 2 0 29
dfs 0 1 0 2 29 0
dfs 0 1 2 2 29 29
dfs 1 0 1 2 58 0
dfs 0 0 3 6 0 0
dfs 0 0 4 7 0 0
dfs 0 0 5 8 0 4
dfs 0 1 3 8 4 0
dfs 0 1 5 8 4 4
dfs 1 0 2 2 58 29
dfs 0 0 6 6 0 7
dfs 0 0 7 7 0 7
dfs 0 0 8 8 8 556
dfs 0 1 6 8 564 7
dfs 0 1 8 8 571 556
dfs 1 1 0 2 58 0
dfs 0 1 0 6 7 0
dfs 0 1 1 7 7 0
dfs 0 1 2 8 1127 29
dfs 1 1 1 1 0 0
dfs 0 1 3 3 0 0
dfs 0 1 4 4 0 0
dfs 0 1 5 5 0 4
dfs 1 1 2 2 58 29
dfs 0 1 6 6 7 7
dfs 0 1 7 7 7 7
dfs 0 1 8 8 1156 556
dfs 2 0 0 0 0 0
dfs 1 0 1 2 0 0
dfs 0 0 4 7 0 0
dfs 0 0 5 8 0 4
dfs 0 1 3 6 0 0
dfs 0 1 5 8 4 4
dfs 1 0 2 2 0 58
dfs 0 0 7 7 0 14
dfs 0 0 8 8 8 1712
dfs 0 1 6 6 0 14
dfs 0 1 8 8 1720 1712
dfs 1 1 0 0 0 0
dfs 0 1 1 1 0 0
dfs 0 1 2 2 0 58
dfs 1 1 1 1 0 0
dfs 0 1 4 4 0 0
dfs 0 1 5 5 0 4
dfs 1 1 2 2 58 58
dfs 0 1 7 7 14 14
dfs 0 1 8 8 3432 1712
5248
